[2025-01-12 13:51:18,815] {processor.py:162} INFO - Started process (PID=281090) to work on /home/jorge/Desktop/MÁSTER/SEGUNDO CURSO/BDFI/practica_docker/env/lib/python3.8/site-packages/airflow/example_dags/example_kubernetes_executor_config.py
[2025-01-12 13:51:18,817] {processor.py:613} INFO - Processing file /home/jorge/Desktop/MÁSTER/SEGUNDO CURSO/BDFI/practica_docker/env/lib/python3.8/site-packages/airflow/example_dags/example_kubernetes_executor_config.py for tasks to queue
[2025-01-12 13:51:18,818] {logging_mixin.py:109} INFO - [2025-01-12 13:51:18,818] {dagbag.py:496} INFO - Filling up the DagBag from /home/jorge/Desktop/MÁSTER/SEGUNDO CURSO/BDFI/practica_docker/env/lib/python3.8/site-packages/airflow/example_dags/example_kubernetes_executor_config.py
[2025-01-12 13:51:18,827] {logging_mixin.py:109} INFO - [2025-01-12 13:51:18,827] {example_kubernetes_executor_config.py:175} WARNING - Could not import DAGs in example_kubernetes_executor_config.py: No module named 'kubernetes'
[2025-01-12 13:51:18,827] {logging_mixin.py:109} INFO - [2025-01-12 13:51:18,827] {example_kubernetes_executor_config.py:176} WARNING - Install kubernetes dependencies with: pip install apache-airflow['cncf.kubernetes']
[2025-01-12 13:51:18,827] {processor.py:625} WARNING - No viable dags retrieved from /home/jorge/Desktop/MÁSTER/SEGUNDO CURSO/BDFI/practica_docker/env/lib/python3.8/site-packages/airflow/example_dags/example_kubernetes_executor_config.py
[2025-01-12 13:51:18,833] {processor.py:170} INFO - Processing /home/jorge/Desktop/MÁSTER/SEGUNDO CURSO/BDFI/practica_docker/env/lib/python3.8/site-packages/airflow/example_dags/example_kubernetes_executor_config.py took 0.022 seconds
[2025-01-12 13:51:52,611] {processor.py:162} INFO - Started process (PID=281282) to work on /home/jorge/Desktop/MÁSTER/SEGUNDO CURSO/BDFI/practica_docker/env/lib/python3.8/site-packages/airflow/example_dags/example_kubernetes_executor_config.py
[2025-01-12 13:51:52,612] {processor.py:613} INFO - Processing file /home/jorge/Desktop/MÁSTER/SEGUNDO CURSO/BDFI/practica_docker/env/lib/python3.8/site-packages/airflow/example_dags/example_kubernetes_executor_config.py for tasks to queue
[2025-01-12 13:51:52,613] {logging_mixin.py:109} INFO - [2025-01-12 13:51:52,613] {dagbag.py:496} INFO - Filling up the DagBag from /home/jorge/Desktop/MÁSTER/SEGUNDO CURSO/BDFI/practica_docker/env/lib/python3.8/site-packages/airflow/example_dags/example_kubernetes_executor_config.py
[2025-01-12 13:51:52,620] {logging_mixin.py:109} INFO - [2025-01-12 13:51:52,620] {example_kubernetes_executor_config.py:175} WARNING - Could not import DAGs in example_kubernetes_executor_config.py: No module named 'kubernetes'
[2025-01-12 13:51:52,620] {logging_mixin.py:109} INFO - [2025-01-12 13:51:52,620] {example_kubernetes_executor_config.py:176} WARNING - Install kubernetes dependencies with: pip install apache-airflow['cncf.kubernetes']
[2025-01-12 13:51:52,621] {processor.py:625} WARNING - No viable dags retrieved from /home/jorge/Desktop/MÁSTER/SEGUNDO CURSO/BDFI/practica_docker/env/lib/python3.8/site-packages/airflow/example_dags/example_kubernetes_executor_config.py
[2025-01-12 13:51:52,626] {processor.py:170} INFO - Processing /home/jorge/Desktop/MÁSTER/SEGUNDO CURSO/BDFI/practica_docker/env/lib/python3.8/site-packages/airflow/example_dags/example_kubernetes_executor_config.py took 0.019 seconds
[2025-01-12 13:52:25,205] {processor.py:162} INFO - Started process (PID=281436) to work on /home/jorge/Desktop/MÁSTER/SEGUNDO CURSO/BDFI/practica_docker/env/lib/python3.8/site-packages/airflow/example_dags/example_kubernetes_executor_config.py
[2025-01-12 13:52:25,206] {processor.py:613} INFO - Processing file /home/jorge/Desktop/MÁSTER/SEGUNDO CURSO/BDFI/practica_docker/env/lib/python3.8/site-packages/airflow/example_dags/example_kubernetes_executor_config.py for tasks to queue
[2025-01-12 13:52:25,207] {logging_mixin.py:109} INFO - [2025-01-12 13:52:25,206] {dagbag.py:496} INFO - Filling up the DagBag from /home/jorge/Desktop/MÁSTER/SEGUNDO CURSO/BDFI/practica_docker/env/lib/python3.8/site-packages/airflow/example_dags/example_kubernetes_executor_config.py
[2025-01-12 13:52:25,214] {logging_mixin.py:109} INFO - [2025-01-12 13:52:25,214] {example_kubernetes_executor_config.py:175} WARNING - Could not import DAGs in example_kubernetes_executor_config.py: No module named 'kubernetes'
[2025-01-12 13:52:25,214] {logging_mixin.py:109} INFO - [2025-01-12 13:52:25,214] {example_kubernetes_executor_config.py:176} WARNING - Install kubernetes dependencies with: pip install apache-airflow['cncf.kubernetes']
[2025-01-12 13:52:25,214] {processor.py:625} WARNING - No viable dags retrieved from /home/jorge/Desktop/MÁSTER/SEGUNDO CURSO/BDFI/practica_docker/env/lib/python3.8/site-packages/airflow/example_dags/example_kubernetes_executor_config.py
[2025-01-12 13:52:25,220] {processor.py:170} INFO - Processing /home/jorge/Desktop/MÁSTER/SEGUNDO CURSO/BDFI/practica_docker/env/lib/python3.8/site-packages/airflow/example_dags/example_kubernetes_executor_config.py took 0.018 seconds
[2025-01-12 13:53:08,459] {processor.py:162} INFO - Started process (PID=281706) to work on /home/jorge/Desktop/MÁSTER/SEGUNDO CURSO/BDFI/practica_docker/env/lib/python3.8/site-packages/airflow/example_dags/example_kubernetes_executor_config.py
[2025-01-12 13:53:08,460] {processor.py:613} INFO - Processing file /home/jorge/Desktop/MÁSTER/SEGUNDO CURSO/BDFI/practica_docker/env/lib/python3.8/site-packages/airflow/example_dags/example_kubernetes_executor_config.py for tasks to queue
[2025-01-12 13:53:08,461] {logging_mixin.py:109} INFO - [2025-01-12 13:53:08,461] {dagbag.py:496} INFO - Filling up the DagBag from /home/jorge/Desktop/MÁSTER/SEGUNDO CURSO/BDFI/practica_docker/env/lib/python3.8/site-packages/airflow/example_dags/example_kubernetes_executor_config.py
[2025-01-12 13:53:08,466] {logging_mixin.py:109} INFO - [2025-01-12 13:53:08,466] {example_kubernetes_executor_config.py:175} WARNING - Could not import DAGs in example_kubernetes_executor_config.py: No module named 'kubernetes'
[2025-01-12 13:53:08,466] {logging_mixin.py:109} INFO - [2025-01-12 13:53:08,466] {example_kubernetes_executor_config.py:176} WARNING - Install kubernetes dependencies with: pip install apache-airflow['cncf.kubernetes']
[2025-01-12 13:53:08,466] {processor.py:625} WARNING - No viable dags retrieved from /home/jorge/Desktop/MÁSTER/SEGUNDO CURSO/BDFI/practica_docker/env/lib/python3.8/site-packages/airflow/example_dags/example_kubernetes_executor_config.py
[2025-01-12 13:53:08,474] {processor.py:170} INFO - Processing /home/jorge/Desktop/MÁSTER/SEGUNDO CURSO/BDFI/practica_docker/env/lib/python3.8/site-packages/airflow/example_dags/example_kubernetes_executor_config.py took 0.018 seconds
[2025-01-12 13:53:42,084] {processor.py:162} INFO - Started process (PID=281871) to work on /home/jorge/Desktop/MÁSTER/SEGUNDO CURSO/BDFI/practica_docker/env/lib/python3.8/site-packages/airflow/example_dags/example_kubernetes_executor_config.py
[2025-01-12 13:53:42,086] {processor.py:613} INFO - Processing file /home/jorge/Desktop/MÁSTER/SEGUNDO CURSO/BDFI/practica_docker/env/lib/python3.8/site-packages/airflow/example_dags/example_kubernetes_executor_config.py for tasks to queue
[2025-01-12 13:53:42,086] {logging_mixin.py:109} INFO - [2025-01-12 13:53:42,086] {dagbag.py:496} INFO - Filling up the DagBag from /home/jorge/Desktop/MÁSTER/SEGUNDO CURSO/BDFI/practica_docker/env/lib/python3.8/site-packages/airflow/example_dags/example_kubernetes_executor_config.py
[2025-01-12 13:53:42,096] {logging_mixin.py:109} INFO - [2025-01-12 13:53:42,096] {example_kubernetes_executor_config.py:175} WARNING - Could not import DAGs in example_kubernetes_executor_config.py: No module named 'kubernetes'
[2025-01-12 13:53:42,096] {logging_mixin.py:109} INFO - [2025-01-12 13:53:42,096] {example_kubernetes_executor_config.py:176} WARNING - Install kubernetes dependencies with: pip install apache-airflow['cncf.kubernetes']
[2025-01-12 13:53:42,096] {processor.py:625} WARNING - No viable dags retrieved from /home/jorge/Desktop/MÁSTER/SEGUNDO CURSO/BDFI/practica_docker/env/lib/python3.8/site-packages/airflow/example_dags/example_kubernetes_executor_config.py
[2025-01-12 13:53:42,102] {processor.py:170} INFO - Processing /home/jorge/Desktop/MÁSTER/SEGUNDO CURSO/BDFI/practica_docker/env/lib/python3.8/site-packages/airflow/example_dags/example_kubernetes_executor_config.py took 0.020 seconds
[2025-01-12 13:54:16,660] {processor.py:162} INFO - Started process (PID=282035) to work on /home/jorge/Desktop/MÁSTER/SEGUNDO CURSO/BDFI/practica_docker/env/lib/python3.8/site-packages/airflow/example_dags/example_kubernetes_executor_config.py
[2025-01-12 13:54:16,661] {processor.py:613} INFO - Processing file /home/jorge/Desktop/MÁSTER/SEGUNDO CURSO/BDFI/practica_docker/env/lib/python3.8/site-packages/airflow/example_dags/example_kubernetes_executor_config.py for tasks to queue
[2025-01-12 13:54:16,662] {logging_mixin.py:109} INFO - [2025-01-12 13:54:16,662] {dagbag.py:496} INFO - Filling up the DagBag from /home/jorge/Desktop/MÁSTER/SEGUNDO CURSO/BDFI/practica_docker/env/lib/python3.8/site-packages/airflow/example_dags/example_kubernetes_executor_config.py
[2025-01-12 13:54:16,670] {logging_mixin.py:109} INFO - [2025-01-12 13:54:16,670] {example_kubernetes_executor_config.py:175} WARNING - Could not import DAGs in example_kubernetes_executor_config.py: No module named 'kubernetes'
[2025-01-12 13:54:16,670] {logging_mixin.py:109} INFO - [2025-01-12 13:54:16,670] {example_kubernetes_executor_config.py:176} WARNING - Install kubernetes dependencies with: pip install apache-airflow['cncf.kubernetes']
[2025-01-12 13:54:16,670] {processor.py:625} WARNING - No viable dags retrieved from /home/jorge/Desktop/MÁSTER/SEGUNDO CURSO/BDFI/practica_docker/env/lib/python3.8/site-packages/airflow/example_dags/example_kubernetes_executor_config.py
[2025-01-12 13:54:16,676] {processor.py:170} INFO - Processing /home/jorge/Desktop/MÁSTER/SEGUNDO CURSO/BDFI/practica_docker/env/lib/python3.8/site-packages/airflow/example_dags/example_kubernetes_executor_config.py took 0.020 seconds
[2025-01-12 13:54:49,897] {processor.py:162} INFO - Started process (PID=282194) to work on /home/jorge/Desktop/MÁSTER/SEGUNDO CURSO/BDFI/practica_docker/env/lib/python3.8/site-packages/airflow/example_dags/example_kubernetes_executor_config.py
[2025-01-12 13:54:49,898] {processor.py:613} INFO - Processing file /home/jorge/Desktop/MÁSTER/SEGUNDO CURSO/BDFI/practica_docker/env/lib/python3.8/site-packages/airflow/example_dags/example_kubernetes_executor_config.py for tasks to queue
[2025-01-12 13:54:49,899] {logging_mixin.py:109} INFO - [2025-01-12 13:54:49,899] {dagbag.py:496} INFO - Filling up the DagBag from /home/jorge/Desktop/MÁSTER/SEGUNDO CURSO/BDFI/practica_docker/env/lib/python3.8/site-packages/airflow/example_dags/example_kubernetes_executor_config.py
[2025-01-12 13:54:49,905] {logging_mixin.py:109} INFO - [2025-01-12 13:54:49,905] {example_kubernetes_executor_config.py:175} WARNING - Could not import DAGs in example_kubernetes_executor_config.py: No module named 'kubernetes'
[2025-01-12 13:54:49,906] {logging_mixin.py:109} INFO - [2025-01-12 13:54:49,906] {example_kubernetes_executor_config.py:176} WARNING - Install kubernetes dependencies with: pip install apache-airflow['cncf.kubernetes']
[2025-01-12 13:54:49,906] {processor.py:625} WARNING - No viable dags retrieved from /home/jorge/Desktop/MÁSTER/SEGUNDO CURSO/BDFI/practica_docker/env/lib/python3.8/site-packages/airflow/example_dags/example_kubernetes_executor_config.py
[2025-01-12 13:54:49,911] {processor.py:170} INFO - Processing /home/jorge/Desktop/MÁSTER/SEGUNDO CURSO/BDFI/practica_docker/env/lib/python3.8/site-packages/airflow/example_dags/example_kubernetes_executor_config.py took 0.017 seconds
[2025-01-12 13:55:22,703] {processor.py:162} INFO - Started process (PID=282357) to work on /home/jorge/Desktop/MÁSTER/SEGUNDO CURSO/BDFI/practica_docker/env/lib/python3.8/site-packages/airflow/example_dags/example_kubernetes_executor_config.py
[2025-01-12 13:55:22,705] {processor.py:613} INFO - Processing file /home/jorge/Desktop/MÁSTER/SEGUNDO CURSO/BDFI/practica_docker/env/lib/python3.8/site-packages/airflow/example_dags/example_kubernetes_executor_config.py for tasks to queue
[2025-01-12 13:55:22,705] {logging_mixin.py:109} INFO - [2025-01-12 13:55:22,705] {dagbag.py:496} INFO - Filling up the DagBag from /home/jorge/Desktop/MÁSTER/SEGUNDO CURSO/BDFI/practica_docker/env/lib/python3.8/site-packages/airflow/example_dags/example_kubernetes_executor_config.py
[2025-01-12 13:55:22,712] {logging_mixin.py:109} INFO - [2025-01-12 13:55:22,712] {example_kubernetes_executor_config.py:175} WARNING - Could not import DAGs in example_kubernetes_executor_config.py: No module named 'kubernetes'
[2025-01-12 13:55:22,712] {logging_mixin.py:109} INFO - [2025-01-12 13:55:22,712] {example_kubernetes_executor_config.py:176} WARNING - Install kubernetes dependencies with: pip install apache-airflow['cncf.kubernetes']
[2025-01-12 13:55:22,713] {processor.py:625} WARNING - No viable dags retrieved from /home/jorge/Desktop/MÁSTER/SEGUNDO CURSO/BDFI/practica_docker/env/lib/python3.8/site-packages/airflow/example_dags/example_kubernetes_executor_config.py
[2025-01-12 13:55:22,717] {processor.py:170} INFO - Processing /home/jorge/Desktop/MÁSTER/SEGUNDO CURSO/BDFI/practica_docker/env/lib/python3.8/site-packages/airflow/example_dags/example_kubernetes_executor_config.py took 0.017 seconds
[2025-01-12 13:55:57,698] {processor.py:162} INFO - Started process (PID=282651) to work on /home/jorge/Desktop/MÁSTER/SEGUNDO CURSO/BDFI/practica_docker/env/lib/python3.8/site-packages/airflow/example_dags/example_kubernetes_executor_config.py
[2025-01-12 13:55:57,700] {processor.py:613} INFO - Processing file /home/jorge/Desktop/MÁSTER/SEGUNDO CURSO/BDFI/practica_docker/env/lib/python3.8/site-packages/airflow/example_dags/example_kubernetes_executor_config.py for tasks to queue
[2025-01-12 13:55:57,700] {logging_mixin.py:109} INFO - [2025-01-12 13:55:57,700] {dagbag.py:496} INFO - Filling up the DagBag from /home/jorge/Desktop/MÁSTER/SEGUNDO CURSO/BDFI/practica_docker/env/lib/python3.8/site-packages/airflow/example_dags/example_kubernetes_executor_config.py
[2025-01-12 13:55:57,710] {logging_mixin.py:109} INFO - [2025-01-12 13:55:57,710] {example_kubernetes_executor_config.py:175} WARNING - Could not import DAGs in example_kubernetes_executor_config.py: No module named 'kubernetes'
[2025-01-12 13:55:57,711] {logging_mixin.py:109} INFO - [2025-01-12 13:55:57,711] {example_kubernetes_executor_config.py:176} WARNING - Install kubernetes dependencies with: pip install apache-airflow['cncf.kubernetes']
[2025-01-12 13:55:57,711] {processor.py:625} WARNING - No viable dags retrieved from /home/jorge/Desktop/MÁSTER/SEGUNDO CURSO/BDFI/practica_docker/env/lib/python3.8/site-packages/airflow/example_dags/example_kubernetes_executor_config.py
[2025-01-12 13:55:57,720] {processor.py:170} INFO - Processing /home/jorge/Desktop/MÁSTER/SEGUNDO CURSO/BDFI/practica_docker/env/lib/python3.8/site-packages/airflow/example_dags/example_kubernetes_executor_config.py took 0.025 seconds
[2025-01-12 13:56:34,152] {processor.py:162} INFO - Started process (PID=282945) to work on /home/jorge/Desktop/MÁSTER/SEGUNDO CURSO/BDFI/practica_docker/env/lib/python3.8/site-packages/airflow/example_dags/example_kubernetes_executor_config.py
[2025-01-12 13:56:34,153] {processor.py:613} INFO - Processing file /home/jorge/Desktop/MÁSTER/SEGUNDO CURSO/BDFI/practica_docker/env/lib/python3.8/site-packages/airflow/example_dags/example_kubernetes_executor_config.py for tasks to queue
[2025-01-12 13:56:34,155] {logging_mixin.py:109} INFO - [2025-01-12 13:56:34,154] {dagbag.py:496} INFO - Filling up the DagBag from /home/jorge/Desktop/MÁSTER/SEGUNDO CURSO/BDFI/practica_docker/env/lib/python3.8/site-packages/airflow/example_dags/example_kubernetes_executor_config.py
[2025-01-12 13:56:34,170] {logging_mixin.py:109} INFO - [2025-01-12 13:56:34,170] {example_kubernetes_executor_config.py:175} WARNING - Could not import DAGs in example_kubernetes_executor_config.py: No module named 'kubernetes'
[2025-01-12 13:56:34,170] {logging_mixin.py:109} INFO - [2025-01-12 13:56:34,170] {example_kubernetes_executor_config.py:176} WARNING - Install kubernetes dependencies with: pip install apache-airflow['cncf.kubernetes']
[2025-01-12 13:56:34,170] {processor.py:625} WARNING - No viable dags retrieved from /home/jorge/Desktop/MÁSTER/SEGUNDO CURSO/BDFI/practica_docker/env/lib/python3.8/site-packages/airflow/example_dags/example_kubernetes_executor_config.py
[2025-01-12 13:56:34,178] {processor.py:170} INFO - Processing /home/jorge/Desktop/MÁSTER/SEGUNDO CURSO/BDFI/practica_docker/env/lib/python3.8/site-packages/airflow/example_dags/example_kubernetes_executor_config.py took 0.030 seconds
[2025-01-12 13:57:10,041] {processor.py:162} INFO - Started process (PID=283138) to work on /home/jorge/Desktop/MÁSTER/SEGUNDO CURSO/BDFI/practica_docker/env/lib/python3.8/site-packages/airflow/example_dags/example_kubernetes_executor_config.py
[2025-01-12 13:57:10,043] {processor.py:613} INFO - Processing file /home/jorge/Desktop/MÁSTER/SEGUNDO CURSO/BDFI/practica_docker/env/lib/python3.8/site-packages/airflow/example_dags/example_kubernetes_executor_config.py for tasks to queue
[2025-01-12 13:57:10,044] {logging_mixin.py:109} INFO - [2025-01-12 13:57:10,043] {dagbag.py:496} INFO - Filling up the DagBag from /home/jorge/Desktop/MÁSTER/SEGUNDO CURSO/BDFI/practica_docker/env/lib/python3.8/site-packages/airflow/example_dags/example_kubernetes_executor_config.py
[2025-01-12 13:57:10,067] {logging_mixin.py:109} INFO - [2025-01-12 13:57:10,067] {example_kubernetes_executor_config.py:175} WARNING - Could not import DAGs in example_kubernetes_executor_config.py: No module named 'kubernetes'
[2025-01-12 13:57:10,067] {logging_mixin.py:109} INFO - [2025-01-12 13:57:10,067] {example_kubernetes_executor_config.py:176} WARNING - Install kubernetes dependencies with: pip install apache-airflow['cncf.kubernetes']
[2025-01-12 13:57:10,068] {processor.py:625} WARNING - No viable dags retrieved from /home/jorge/Desktop/MÁSTER/SEGUNDO CURSO/BDFI/practica_docker/env/lib/python3.8/site-packages/airflow/example_dags/example_kubernetes_executor_config.py
[2025-01-12 13:57:10,076] {processor.py:170} INFO - Processing /home/jorge/Desktop/MÁSTER/SEGUNDO CURSO/BDFI/practica_docker/env/lib/python3.8/site-packages/airflow/example_dags/example_kubernetes_executor_config.py took 0.038 seconds
[2025-01-12 13:57:46,366] {processor.py:162} INFO - Started process (PID=283292) to work on /home/jorge/Desktop/MÁSTER/SEGUNDO CURSO/BDFI/practica_docker/env/lib/python3.8/site-packages/airflow/example_dags/example_kubernetes_executor_config.py
[2025-01-12 13:57:46,368] {processor.py:613} INFO - Processing file /home/jorge/Desktop/MÁSTER/SEGUNDO CURSO/BDFI/practica_docker/env/lib/python3.8/site-packages/airflow/example_dags/example_kubernetes_executor_config.py for tasks to queue
[2025-01-12 13:57:46,369] {logging_mixin.py:109} INFO - [2025-01-12 13:57:46,368] {dagbag.py:496} INFO - Filling up the DagBag from /home/jorge/Desktop/MÁSTER/SEGUNDO CURSO/BDFI/practica_docker/env/lib/python3.8/site-packages/airflow/example_dags/example_kubernetes_executor_config.py
[2025-01-12 13:57:46,388] {logging_mixin.py:109} INFO - [2025-01-12 13:57:46,388] {example_kubernetes_executor_config.py:175} WARNING - Could not import DAGs in example_kubernetes_executor_config.py: No module named 'kubernetes'
[2025-01-12 13:57:46,389] {logging_mixin.py:109} INFO - [2025-01-12 13:57:46,388] {example_kubernetes_executor_config.py:176} WARNING - Install kubernetes dependencies with: pip install apache-airflow['cncf.kubernetes']
[2025-01-12 13:57:46,389] {processor.py:625} WARNING - No viable dags retrieved from /home/jorge/Desktop/MÁSTER/SEGUNDO CURSO/BDFI/practica_docker/env/lib/python3.8/site-packages/airflow/example_dags/example_kubernetes_executor_config.py
[2025-01-12 13:57:46,399] {processor.py:170} INFO - Processing /home/jorge/Desktop/MÁSTER/SEGUNDO CURSO/BDFI/practica_docker/env/lib/python3.8/site-packages/airflow/example_dags/example_kubernetes_executor_config.py took 0.036 seconds
[2025-01-12 14:06:09,013] {processor.py:162} INFO - Started process (PID=283730) to work on /home/jorge/Desktop/MÁSTER/SEGUNDO CURSO/BDFI/practica_docker/env/lib/python3.8/site-packages/airflow/example_dags/example_kubernetes_executor_config.py
[2025-01-12 14:06:09,014] {processor.py:613} INFO - Processing file /home/jorge/Desktop/MÁSTER/SEGUNDO CURSO/BDFI/practica_docker/env/lib/python3.8/site-packages/airflow/example_dags/example_kubernetes_executor_config.py for tasks to queue
[2025-01-12 14:06:09,014] {logging_mixin.py:109} INFO - [2025-01-12 14:06:09,014] {dagbag.py:496} INFO - Filling up the DagBag from /home/jorge/Desktop/MÁSTER/SEGUNDO CURSO/BDFI/practica_docker/env/lib/python3.8/site-packages/airflow/example_dags/example_kubernetes_executor_config.py
[2025-01-12 14:06:09,022] {logging_mixin.py:109} INFO - [2025-01-12 14:06:09,022] {example_kubernetes_executor_config.py:175} WARNING - Could not import DAGs in example_kubernetes_executor_config.py: No module named 'kubernetes'
[2025-01-12 14:06:09,023] {logging_mixin.py:109} INFO - [2025-01-12 14:06:09,022] {example_kubernetes_executor_config.py:176} WARNING - Install kubernetes dependencies with: pip install apache-airflow['cncf.kubernetes']
[2025-01-12 14:06:09,023] {processor.py:625} WARNING - No viable dags retrieved from /home/jorge/Desktop/MÁSTER/SEGUNDO CURSO/BDFI/practica_docker/env/lib/python3.8/site-packages/airflow/example_dags/example_kubernetes_executor_config.py
[2025-01-12 14:06:09,027] {processor.py:170} INFO - Processing /home/jorge/Desktop/MÁSTER/SEGUNDO CURSO/BDFI/practica_docker/env/lib/python3.8/site-packages/airflow/example_dags/example_kubernetes_executor_config.py took 0.016 seconds
[2025-01-12 14:06:42,338] {processor.py:162} INFO - Started process (PID=283887) to work on /home/jorge/Desktop/MÁSTER/SEGUNDO CURSO/BDFI/practica_docker/env/lib/python3.8/site-packages/airflow/example_dags/example_kubernetes_executor_config.py
[2025-01-12 14:06:42,340] {processor.py:613} INFO - Processing file /home/jorge/Desktop/MÁSTER/SEGUNDO CURSO/BDFI/practica_docker/env/lib/python3.8/site-packages/airflow/example_dags/example_kubernetes_executor_config.py for tasks to queue
[2025-01-12 14:06:42,341] {logging_mixin.py:109} INFO - [2025-01-12 14:06:42,341] {dagbag.py:496} INFO - Filling up the DagBag from /home/jorge/Desktop/MÁSTER/SEGUNDO CURSO/BDFI/practica_docker/env/lib/python3.8/site-packages/airflow/example_dags/example_kubernetes_executor_config.py
[2025-01-12 14:06:42,350] {logging_mixin.py:109} INFO - [2025-01-12 14:06:42,349] {example_kubernetes_executor_config.py:175} WARNING - Could not import DAGs in example_kubernetes_executor_config.py: No module named 'kubernetes'
[2025-01-12 14:06:42,350] {logging_mixin.py:109} INFO - [2025-01-12 14:06:42,350] {example_kubernetes_executor_config.py:176} WARNING - Install kubernetes dependencies with: pip install apache-airflow['cncf.kubernetes']
[2025-01-12 14:06:42,350] {processor.py:625} WARNING - No viable dags retrieved from /home/jorge/Desktop/MÁSTER/SEGUNDO CURSO/BDFI/practica_docker/env/lib/python3.8/site-packages/airflow/example_dags/example_kubernetes_executor_config.py
[2025-01-12 14:06:42,354] {processor.py:170} INFO - Processing /home/jorge/Desktop/MÁSTER/SEGUNDO CURSO/BDFI/practica_docker/env/lib/python3.8/site-packages/airflow/example_dags/example_kubernetes_executor_config.py took 0.020 seconds
[2025-01-12 14:07:14,989] {processor.py:162} INFO - Started process (PID=284041) to work on /home/jorge/Desktop/MÁSTER/SEGUNDO CURSO/BDFI/practica_docker/env/lib/python3.8/site-packages/airflow/example_dags/example_kubernetes_executor_config.py
[2025-01-12 14:07:14,994] {processor.py:613} INFO - Processing file /home/jorge/Desktop/MÁSTER/SEGUNDO CURSO/BDFI/practica_docker/env/lib/python3.8/site-packages/airflow/example_dags/example_kubernetes_executor_config.py for tasks to queue
[2025-01-12 14:07:14,994] {logging_mixin.py:109} INFO - [2025-01-12 14:07:14,994] {dagbag.py:496} INFO - Filling up the DagBag from /home/jorge/Desktop/MÁSTER/SEGUNDO CURSO/BDFI/practica_docker/env/lib/python3.8/site-packages/airflow/example_dags/example_kubernetes_executor_config.py
[2025-01-12 14:07:15,000] {logging_mixin.py:109} INFO - [2025-01-12 14:07:15,000] {example_kubernetes_executor_config.py:175} WARNING - Could not import DAGs in example_kubernetes_executor_config.py: No module named 'kubernetes'
[2025-01-12 14:07:15,000] {logging_mixin.py:109} INFO - [2025-01-12 14:07:15,000] {example_kubernetes_executor_config.py:176} WARNING - Install kubernetes dependencies with: pip install apache-airflow['cncf.kubernetes']
[2025-01-12 14:07:15,001] {processor.py:625} WARNING - No viable dags retrieved from /home/jorge/Desktop/MÁSTER/SEGUNDO CURSO/BDFI/practica_docker/env/lib/python3.8/site-packages/airflow/example_dags/example_kubernetes_executor_config.py
[2025-01-12 14:07:15,005] {processor.py:170} INFO - Processing /home/jorge/Desktop/MÁSTER/SEGUNDO CURSO/BDFI/practica_docker/env/lib/python3.8/site-packages/airflow/example_dags/example_kubernetes_executor_config.py took 0.020 seconds
[2025-01-12 14:07:48,121] {processor.py:162} INFO - Started process (PID=284193) to work on /home/jorge/Desktop/MÁSTER/SEGUNDO CURSO/BDFI/practica_docker/env/lib/python3.8/site-packages/airflow/example_dags/example_kubernetes_executor_config.py
[2025-01-12 14:07:48,122] {processor.py:613} INFO - Processing file /home/jorge/Desktop/MÁSTER/SEGUNDO CURSO/BDFI/practica_docker/env/lib/python3.8/site-packages/airflow/example_dags/example_kubernetes_executor_config.py for tasks to queue
[2025-01-12 14:07:48,123] {logging_mixin.py:109} INFO - [2025-01-12 14:07:48,123] {dagbag.py:496} INFO - Filling up the DagBag from /home/jorge/Desktop/MÁSTER/SEGUNDO CURSO/BDFI/practica_docker/env/lib/python3.8/site-packages/airflow/example_dags/example_kubernetes_executor_config.py
[2025-01-12 14:07:48,127] {logging_mixin.py:109} INFO - [2025-01-12 14:07:48,127] {example_kubernetes_executor_config.py:175} WARNING - Could not import DAGs in example_kubernetes_executor_config.py: No module named 'kubernetes'
[2025-01-12 14:07:48,127] {logging_mixin.py:109} INFO - [2025-01-12 14:07:48,127] {example_kubernetes_executor_config.py:176} WARNING - Install kubernetes dependencies with: pip install apache-airflow['cncf.kubernetes']
[2025-01-12 14:07:48,128] {processor.py:625} WARNING - No viable dags retrieved from /home/jorge/Desktop/MÁSTER/SEGUNDO CURSO/BDFI/practica_docker/env/lib/python3.8/site-packages/airflow/example_dags/example_kubernetes_executor_config.py
[2025-01-12 14:07:48,132] {processor.py:170} INFO - Processing /home/jorge/Desktop/MÁSTER/SEGUNDO CURSO/BDFI/practica_docker/env/lib/python3.8/site-packages/airflow/example_dags/example_kubernetes_executor_config.py took 0.013 seconds
[2025-01-12 14:08:20,927] {processor.py:162} INFO - Started process (PID=284334) to work on /home/jorge/Desktop/MÁSTER/SEGUNDO CURSO/BDFI/practica_docker/env/lib/python3.8/site-packages/airflow/example_dags/example_kubernetes_executor_config.py
[2025-01-12 14:08:20,934] {processor.py:613} INFO - Processing file /home/jorge/Desktop/MÁSTER/SEGUNDO CURSO/BDFI/practica_docker/env/lib/python3.8/site-packages/airflow/example_dags/example_kubernetes_executor_config.py for tasks to queue
[2025-01-12 14:08:20,935] {logging_mixin.py:109} INFO - [2025-01-12 14:08:20,934] {dagbag.py:496} INFO - Filling up the DagBag from /home/jorge/Desktop/MÁSTER/SEGUNDO CURSO/BDFI/practica_docker/env/lib/python3.8/site-packages/airflow/example_dags/example_kubernetes_executor_config.py
[2025-01-12 14:08:20,942] {logging_mixin.py:109} INFO - [2025-01-12 14:08:20,942] {example_kubernetes_executor_config.py:175} WARNING - Could not import DAGs in example_kubernetes_executor_config.py: No module named 'kubernetes'
[2025-01-12 14:08:20,942] {logging_mixin.py:109} INFO - [2025-01-12 14:08:20,942] {example_kubernetes_executor_config.py:176} WARNING - Install kubernetes dependencies with: pip install apache-airflow['cncf.kubernetes']
[2025-01-12 14:08:20,942] {processor.py:625} WARNING - No viable dags retrieved from /home/jorge/Desktop/MÁSTER/SEGUNDO CURSO/BDFI/practica_docker/env/lib/python3.8/site-packages/airflow/example_dags/example_kubernetes_executor_config.py
[2025-01-12 14:08:20,947] {processor.py:170} INFO - Processing /home/jorge/Desktop/MÁSTER/SEGUNDO CURSO/BDFI/practica_docker/env/lib/python3.8/site-packages/airflow/example_dags/example_kubernetes_executor_config.py took 0.022 seconds
[2025-01-12 14:08:53,379] {processor.py:162} INFO - Started process (PID=284490) to work on /home/jorge/Desktop/MÁSTER/SEGUNDO CURSO/BDFI/practica_docker/env/lib/python3.8/site-packages/airflow/example_dags/example_kubernetes_executor_config.py
[2025-01-12 14:08:53,385] {processor.py:613} INFO - Processing file /home/jorge/Desktop/MÁSTER/SEGUNDO CURSO/BDFI/practica_docker/env/lib/python3.8/site-packages/airflow/example_dags/example_kubernetes_executor_config.py for tasks to queue
[2025-01-12 14:08:53,386] {logging_mixin.py:109} INFO - [2025-01-12 14:08:53,386] {dagbag.py:496} INFO - Filling up the DagBag from /home/jorge/Desktop/MÁSTER/SEGUNDO CURSO/BDFI/practica_docker/env/lib/python3.8/site-packages/airflow/example_dags/example_kubernetes_executor_config.py
[2025-01-12 14:08:53,394] {logging_mixin.py:109} INFO - [2025-01-12 14:08:53,394] {example_kubernetes_executor_config.py:175} WARNING - Could not import DAGs in example_kubernetes_executor_config.py: No module named 'kubernetes'
[2025-01-12 14:08:53,394] {logging_mixin.py:109} INFO - [2025-01-12 14:08:53,394] {example_kubernetes_executor_config.py:176} WARNING - Install kubernetes dependencies with: pip install apache-airflow['cncf.kubernetes']
[2025-01-12 14:08:53,395] {processor.py:625} WARNING - No viable dags retrieved from /home/jorge/Desktop/MÁSTER/SEGUNDO CURSO/BDFI/practica_docker/env/lib/python3.8/site-packages/airflow/example_dags/example_kubernetes_executor_config.py
[2025-01-12 14:08:53,400] {processor.py:170} INFO - Processing /home/jorge/Desktop/MÁSTER/SEGUNDO CURSO/BDFI/practica_docker/env/lib/python3.8/site-packages/airflow/example_dags/example_kubernetes_executor_config.py took 0.023 seconds
[2025-01-12 14:09:26,697] {processor.py:162} INFO - Started process (PID=284632) to work on /home/jorge/Desktop/MÁSTER/SEGUNDO CURSO/BDFI/practica_docker/env/lib/python3.8/site-packages/airflow/example_dags/example_kubernetes_executor_config.py
[2025-01-12 14:09:26,706] {processor.py:613} INFO - Processing file /home/jorge/Desktop/MÁSTER/SEGUNDO CURSO/BDFI/practica_docker/env/lib/python3.8/site-packages/airflow/example_dags/example_kubernetes_executor_config.py for tasks to queue
[2025-01-12 14:09:26,707] {logging_mixin.py:109} INFO - [2025-01-12 14:09:26,707] {dagbag.py:496} INFO - Filling up the DagBag from /home/jorge/Desktop/MÁSTER/SEGUNDO CURSO/BDFI/practica_docker/env/lib/python3.8/site-packages/airflow/example_dags/example_kubernetes_executor_config.py
[2025-01-12 14:09:26,714] {logging_mixin.py:109} INFO - [2025-01-12 14:09:26,714] {example_kubernetes_executor_config.py:175} WARNING - Could not import DAGs in example_kubernetes_executor_config.py: No module named 'kubernetes'
[2025-01-12 14:09:26,714] {logging_mixin.py:109} INFO - [2025-01-12 14:09:26,714] {example_kubernetes_executor_config.py:176} WARNING - Install kubernetes dependencies with: pip install apache-airflow['cncf.kubernetes']
[2025-01-12 14:09:26,714] {processor.py:625} WARNING - No viable dags retrieved from /home/jorge/Desktop/MÁSTER/SEGUNDO CURSO/BDFI/practica_docker/env/lib/python3.8/site-packages/airflow/example_dags/example_kubernetes_executor_config.py
[2025-01-12 14:09:26,722] {processor.py:170} INFO - Processing /home/jorge/Desktop/MÁSTER/SEGUNDO CURSO/BDFI/practica_docker/env/lib/python3.8/site-packages/airflow/example_dags/example_kubernetes_executor_config.py took 0.029 seconds
[2025-01-12 14:10:00,425] {processor.py:162} INFO - Started process (PID=284804) to work on /home/jorge/Desktop/MÁSTER/SEGUNDO CURSO/BDFI/practica_docker/env/lib/python3.8/site-packages/airflow/example_dags/example_kubernetes_executor_config.py
[2025-01-12 14:10:00,432] {processor.py:613} INFO - Processing file /home/jorge/Desktop/MÁSTER/SEGUNDO CURSO/BDFI/practica_docker/env/lib/python3.8/site-packages/airflow/example_dags/example_kubernetes_executor_config.py for tasks to queue
[2025-01-12 14:10:00,433] {logging_mixin.py:109} INFO - [2025-01-12 14:10:00,433] {dagbag.py:496} INFO - Filling up the DagBag from /home/jorge/Desktop/MÁSTER/SEGUNDO CURSO/BDFI/practica_docker/env/lib/python3.8/site-packages/airflow/example_dags/example_kubernetes_executor_config.py
[2025-01-12 14:10:00,441] {logging_mixin.py:109} INFO - [2025-01-12 14:10:00,441] {example_kubernetes_executor_config.py:175} WARNING - Could not import DAGs in example_kubernetes_executor_config.py: No module named 'kubernetes'
[2025-01-12 14:10:00,441] {logging_mixin.py:109} INFO - [2025-01-12 14:10:00,441] {example_kubernetes_executor_config.py:176} WARNING - Install kubernetes dependencies with: pip install apache-airflow['cncf.kubernetes']
[2025-01-12 14:10:00,441] {processor.py:625} WARNING - No viable dags retrieved from /home/jorge/Desktop/MÁSTER/SEGUNDO CURSO/BDFI/practica_docker/env/lib/python3.8/site-packages/airflow/example_dags/example_kubernetes_executor_config.py
[2025-01-12 14:10:00,447] {processor.py:170} INFO - Processing /home/jorge/Desktop/MÁSTER/SEGUNDO CURSO/BDFI/practica_docker/env/lib/python3.8/site-packages/airflow/example_dags/example_kubernetes_executor_config.py took 0.024 seconds
[2025-01-12 14:10:32,748] {processor.py:162} INFO - Started process (PID=284942) to work on /home/jorge/Desktop/MÁSTER/SEGUNDO CURSO/BDFI/practica_docker/env/lib/python3.8/site-packages/airflow/example_dags/example_kubernetes_executor_config.py
[2025-01-12 14:10:32,754] {processor.py:613} INFO - Processing file /home/jorge/Desktop/MÁSTER/SEGUNDO CURSO/BDFI/practica_docker/env/lib/python3.8/site-packages/airflow/example_dags/example_kubernetes_executor_config.py for tasks to queue
[2025-01-12 14:10:32,755] {logging_mixin.py:109} INFO - [2025-01-12 14:10:32,755] {dagbag.py:496} INFO - Filling up the DagBag from /home/jorge/Desktop/MÁSTER/SEGUNDO CURSO/BDFI/practica_docker/env/lib/python3.8/site-packages/airflow/example_dags/example_kubernetes_executor_config.py
[2025-01-12 14:10:32,762] {logging_mixin.py:109} INFO - [2025-01-12 14:10:32,762] {example_kubernetes_executor_config.py:175} WARNING - Could not import DAGs in example_kubernetes_executor_config.py: No module named 'kubernetes'
[2025-01-12 14:10:32,763] {logging_mixin.py:109} INFO - [2025-01-12 14:10:32,763] {example_kubernetes_executor_config.py:176} WARNING - Install kubernetes dependencies with: pip install apache-airflow['cncf.kubernetes']
[2025-01-12 14:10:32,763] {processor.py:625} WARNING - No viable dags retrieved from /home/jorge/Desktop/MÁSTER/SEGUNDO CURSO/BDFI/practica_docker/env/lib/python3.8/site-packages/airflow/example_dags/example_kubernetes_executor_config.py
[2025-01-12 14:10:32,769] {processor.py:170} INFO - Processing /home/jorge/Desktop/MÁSTER/SEGUNDO CURSO/BDFI/practica_docker/env/lib/python3.8/site-packages/airflow/example_dags/example_kubernetes_executor_config.py took 0.023 seconds
[2025-01-12 14:11:10,445] {processor.py:162} INFO - Started process (PID=285235) to work on /home/jorge/Desktop/MÁSTER/SEGUNDO CURSO/BDFI/practica_docker/env/lib/python3.8/site-packages/airflow/example_dags/example_kubernetes_executor_config.py
[2025-01-12 14:11:10,447] {processor.py:613} INFO - Processing file /home/jorge/Desktop/MÁSTER/SEGUNDO CURSO/BDFI/practica_docker/env/lib/python3.8/site-packages/airflow/example_dags/example_kubernetes_executor_config.py for tasks to queue
[2025-01-12 14:11:10,448] {logging_mixin.py:109} INFO - [2025-01-12 14:11:10,448] {dagbag.py:496} INFO - Filling up the DagBag from /home/jorge/Desktop/MÁSTER/SEGUNDO CURSO/BDFI/practica_docker/env/lib/python3.8/site-packages/airflow/example_dags/example_kubernetes_executor_config.py
[2025-01-12 14:11:10,456] {logging_mixin.py:109} INFO - [2025-01-12 14:11:10,455] {example_kubernetes_executor_config.py:175} WARNING - Could not import DAGs in example_kubernetes_executor_config.py: No module named 'kubernetes'
[2025-01-12 14:11:10,456] {logging_mixin.py:109} INFO - [2025-01-12 14:11:10,456] {example_kubernetes_executor_config.py:176} WARNING - Install kubernetes dependencies with: pip install apache-airflow['cncf.kubernetes']
[2025-01-12 14:11:10,456] {processor.py:625} WARNING - No viable dags retrieved from /home/jorge/Desktop/MÁSTER/SEGUNDO CURSO/BDFI/practica_docker/env/lib/python3.8/site-packages/airflow/example_dags/example_kubernetes_executor_config.py
[2025-01-12 14:11:10,461] {processor.py:170} INFO - Processing /home/jorge/Desktop/MÁSTER/SEGUNDO CURSO/BDFI/practica_docker/env/lib/python3.8/site-packages/airflow/example_dags/example_kubernetes_executor_config.py took 0.019 seconds
[2025-01-12 14:11:44,032] {processor.py:162} INFO - Started process (PID=285421) to work on /home/jorge/Desktop/MÁSTER/SEGUNDO CURSO/BDFI/practica_docker/env/lib/python3.8/site-packages/airflow/example_dags/example_kubernetes_executor_config.py
[2025-01-12 14:11:44,034] {processor.py:613} INFO - Processing file /home/jorge/Desktop/MÁSTER/SEGUNDO CURSO/BDFI/practica_docker/env/lib/python3.8/site-packages/airflow/example_dags/example_kubernetes_executor_config.py for tasks to queue
[2025-01-12 14:11:44,035] {logging_mixin.py:109} INFO - [2025-01-12 14:11:44,035] {dagbag.py:496} INFO - Filling up the DagBag from /home/jorge/Desktop/MÁSTER/SEGUNDO CURSO/BDFI/practica_docker/env/lib/python3.8/site-packages/airflow/example_dags/example_kubernetes_executor_config.py
[2025-01-12 14:11:44,041] {logging_mixin.py:109} INFO - [2025-01-12 14:11:44,041] {example_kubernetes_executor_config.py:175} WARNING - Could not import DAGs in example_kubernetes_executor_config.py: No module named 'kubernetes'
[2025-01-12 14:11:44,041] {logging_mixin.py:109} INFO - [2025-01-12 14:11:44,041] {example_kubernetes_executor_config.py:176} WARNING - Install kubernetes dependencies with: pip install apache-airflow['cncf.kubernetes']
[2025-01-12 14:11:44,041] {processor.py:625} WARNING - No viable dags retrieved from /home/jorge/Desktop/MÁSTER/SEGUNDO CURSO/BDFI/practica_docker/env/lib/python3.8/site-packages/airflow/example_dags/example_kubernetes_executor_config.py
[2025-01-12 14:11:44,048] {processor.py:170} INFO - Processing /home/jorge/Desktop/MÁSTER/SEGUNDO CURSO/BDFI/practica_docker/env/lib/python3.8/site-packages/airflow/example_dags/example_kubernetes_executor_config.py took 0.019 seconds
[2025-01-12 14:12:18,198] {processor.py:162} INFO - Started process (PID=285576) to work on /home/jorge/Desktop/MÁSTER/SEGUNDO CURSO/BDFI/practica_docker/env/lib/python3.8/site-packages/airflow/example_dags/example_kubernetes_executor_config.py
[2025-01-12 14:12:18,206] {processor.py:613} INFO - Processing file /home/jorge/Desktop/MÁSTER/SEGUNDO CURSO/BDFI/practica_docker/env/lib/python3.8/site-packages/airflow/example_dags/example_kubernetes_executor_config.py for tasks to queue
[2025-01-12 14:12:18,207] {logging_mixin.py:109} INFO - [2025-01-12 14:12:18,207] {dagbag.py:496} INFO - Filling up the DagBag from /home/jorge/Desktop/MÁSTER/SEGUNDO CURSO/BDFI/practica_docker/env/lib/python3.8/site-packages/airflow/example_dags/example_kubernetes_executor_config.py
[2025-01-12 14:12:18,214] {logging_mixin.py:109} INFO - [2025-01-12 14:12:18,214] {example_kubernetes_executor_config.py:175} WARNING - Could not import DAGs in example_kubernetes_executor_config.py: No module named 'kubernetes'
[2025-01-12 14:12:18,214] {logging_mixin.py:109} INFO - [2025-01-12 14:12:18,214] {example_kubernetes_executor_config.py:176} WARNING - Install kubernetes dependencies with: pip install apache-airflow['cncf.kubernetes']
[2025-01-12 14:12:18,214] {processor.py:625} WARNING - No viable dags retrieved from /home/jorge/Desktop/MÁSTER/SEGUNDO CURSO/BDFI/practica_docker/env/lib/python3.8/site-packages/airflow/example_dags/example_kubernetes_executor_config.py
[2025-01-12 14:12:18,219] {processor.py:170} INFO - Processing /home/jorge/Desktop/MÁSTER/SEGUNDO CURSO/BDFI/practica_docker/env/lib/python3.8/site-packages/airflow/example_dags/example_kubernetes_executor_config.py took 0.025 seconds
[2025-01-12 14:12:50,817] {processor.py:162} INFO - Started process (PID=285727) to work on /home/jorge/Desktop/MÁSTER/SEGUNDO CURSO/BDFI/practica_docker/env/lib/python3.8/site-packages/airflow/example_dags/example_kubernetes_executor_config.py
[2025-01-12 14:12:50,818] {processor.py:613} INFO - Processing file /home/jorge/Desktop/MÁSTER/SEGUNDO CURSO/BDFI/practica_docker/env/lib/python3.8/site-packages/airflow/example_dags/example_kubernetes_executor_config.py for tasks to queue
[2025-01-12 14:12:50,819] {logging_mixin.py:109} INFO - [2025-01-12 14:12:50,818] {dagbag.py:496} INFO - Filling up the DagBag from /home/jorge/Desktop/MÁSTER/SEGUNDO CURSO/BDFI/practica_docker/env/lib/python3.8/site-packages/airflow/example_dags/example_kubernetes_executor_config.py
[2025-01-12 14:12:50,822] {logging_mixin.py:109} INFO - [2025-01-12 14:12:50,822] {example_kubernetes_executor_config.py:175} WARNING - Could not import DAGs in example_kubernetes_executor_config.py: No module named 'kubernetes'
[2025-01-12 14:12:50,822] {logging_mixin.py:109} INFO - [2025-01-12 14:12:50,822] {example_kubernetes_executor_config.py:176} WARNING - Install kubernetes dependencies with: pip install apache-airflow['cncf.kubernetes']
[2025-01-12 14:12:50,823] {processor.py:625} WARNING - No viable dags retrieved from /home/jorge/Desktop/MÁSTER/SEGUNDO CURSO/BDFI/practica_docker/env/lib/python3.8/site-packages/airflow/example_dags/example_kubernetes_executor_config.py
[2025-01-12 14:12:50,827] {processor.py:170} INFO - Processing /home/jorge/Desktop/MÁSTER/SEGUNDO CURSO/BDFI/practica_docker/env/lib/python3.8/site-packages/airflow/example_dags/example_kubernetes_executor_config.py took 0.012 seconds
[2025-01-12 14:13:24,799] {processor.py:162} INFO - Started process (PID=285875) to work on /home/jorge/Desktop/MÁSTER/SEGUNDO CURSO/BDFI/practica_docker/env/lib/python3.8/site-packages/airflow/example_dags/example_kubernetes_executor_config.py
[2025-01-12 14:13:24,801] {processor.py:613} INFO - Processing file /home/jorge/Desktop/MÁSTER/SEGUNDO CURSO/BDFI/practica_docker/env/lib/python3.8/site-packages/airflow/example_dags/example_kubernetes_executor_config.py for tasks to queue
[2025-01-12 14:13:24,802] {logging_mixin.py:109} INFO - [2025-01-12 14:13:24,802] {dagbag.py:496} INFO - Filling up the DagBag from /home/jorge/Desktop/MÁSTER/SEGUNDO CURSO/BDFI/practica_docker/env/lib/python3.8/site-packages/airflow/example_dags/example_kubernetes_executor_config.py
[2025-01-12 14:13:24,809] {logging_mixin.py:109} INFO - [2025-01-12 14:13:24,809] {example_kubernetes_executor_config.py:175} WARNING - Could not import DAGs in example_kubernetes_executor_config.py: No module named 'kubernetes'
[2025-01-12 14:13:24,809] {logging_mixin.py:109} INFO - [2025-01-12 14:13:24,809] {example_kubernetes_executor_config.py:176} WARNING - Install kubernetes dependencies with: pip install apache-airflow['cncf.kubernetes']
[2025-01-12 14:13:24,809] {processor.py:625} WARNING - No viable dags retrieved from /home/jorge/Desktop/MÁSTER/SEGUNDO CURSO/BDFI/practica_docker/env/lib/python3.8/site-packages/airflow/example_dags/example_kubernetes_executor_config.py
[2025-01-12 14:13:24,814] {processor.py:170} INFO - Processing /home/jorge/Desktop/MÁSTER/SEGUNDO CURSO/BDFI/practica_docker/env/lib/python3.8/site-packages/airflow/example_dags/example_kubernetes_executor_config.py took 0.018 seconds
[2025-01-12 14:13:56,608] {processor.py:162} INFO - Started process (PID=286034) to work on /home/jorge/Desktop/MÁSTER/SEGUNDO CURSO/BDFI/practica_docker/env/lib/python3.8/site-packages/airflow/example_dags/example_kubernetes_executor_config.py
[2025-01-12 14:13:56,615] {processor.py:613} INFO - Processing file /home/jorge/Desktop/MÁSTER/SEGUNDO CURSO/BDFI/practica_docker/env/lib/python3.8/site-packages/airflow/example_dags/example_kubernetes_executor_config.py for tasks to queue
[2025-01-12 14:13:56,616] {logging_mixin.py:109} INFO - [2025-01-12 14:13:56,616] {dagbag.py:496} INFO - Filling up the DagBag from /home/jorge/Desktop/MÁSTER/SEGUNDO CURSO/BDFI/practica_docker/env/lib/python3.8/site-packages/airflow/example_dags/example_kubernetes_executor_config.py
[2025-01-12 14:13:56,624] {logging_mixin.py:109} INFO - [2025-01-12 14:13:56,624] {example_kubernetes_executor_config.py:175} WARNING - Could not import DAGs in example_kubernetes_executor_config.py: No module named 'kubernetes'
[2025-01-12 14:13:56,625] {logging_mixin.py:109} INFO - [2025-01-12 14:13:56,624] {example_kubernetes_executor_config.py:176} WARNING - Install kubernetes dependencies with: pip install apache-airflow['cncf.kubernetes']
[2025-01-12 14:13:56,625] {processor.py:625} WARNING - No viable dags retrieved from /home/jorge/Desktop/MÁSTER/SEGUNDO CURSO/BDFI/practica_docker/env/lib/python3.8/site-packages/airflow/example_dags/example_kubernetes_executor_config.py
[2025-01-12 14:13:56,630] {processor.py:170} INFO - Processing /home/jorge/Desktop/MÁSTER/SEGUNDO CURSO/BDFI/practica_docker/env/lib/python3.8/site-packages/airflow/example_dags/example_kubernetes_executor_config.py took 0.025 seconds
[2025-01-12 14:14:29,834] {processor.py:162} INFO - Started process (PID=286186) to work on /home/jorge/Desktop/MÁSTER/SEGUNDO CURSO/BDFI/practica_docker/env/lib/python3.8/site-packages/airflow/example_dags/example_kubernetes_executor_config.py
[2025-01-12 14:14:29,836] {processor.py:613} INFO - Processing file /home/jorge/Desktop/MÁSTER/SEGUNDO CURSO/BDFI/practica_docker/env/lib/python3.8/site-packages/airflow/example_dags/example_kubernetes_executor_config.py for tasks to queue
[2025-01-12 14:14:29,837] {logging_mixin.py:109} INFO - [2025-01-12 14:14:29,837] {dagbag.py:496} INFO - Filling up the DagBag from /home/jorge/Desktop/MÁSTER/SEGUNDO CURSO/BDFI/practica_docker/env/lib/python3.8/site-packages/airflow/example_dags/example_kubernetes_executor_config.py
[2025-01-12 14:14:29,844] {logging_mixin.py:109} INFO - [2025-01-12 14:14:29,844] {example_kubernetes_executor_config.py:175} WARNING - Could not import DAGs in example_kubernetes_executor_config.py: No module named 'kubernetes'
[2025-01-12 14:14:29,845] {logging_mixin.py:109} INFO - [2025-01-12 14:14:29,845] {example_kubernetes_executor_config.py:176} WARNING - Install kubernetes dependencies with: pip install apache-airflow['cncf.kubernetes']
[2025-01-12 14:14:29,845] {processor.py:625} WARNING - No viable dags retrieved from /home/jorge/Desktop/MÁSTER/SEGUNDO CURSO/BDFI/practica_docker/env/lib/python3.8/site-packages/airflow/example_dags/example_kubernetes_executor_config.py
[2025-01-12 14:14:29,849] {processor.py:170} INFO - Processing /home/jorge/Desktop/MÁSTER/SEGUNDO CURSO/BDFI/practica_docker/env/lib/python3.8/site-packages/airflow/example_dags/example_kubernetes_executor_config.py took 0.018 seconds
[2025-01-12 14:15:03,295] {processor.py:162} INFO - Started process (PID=286464) to work on /home/jorge/Desktop/MÁSTER/SEGUNDO CURSO/BDFI/practica_docker/env/lib/python3.8/site-packages/airflow/example_dags/example_kubernetes_executor_config.py
[2025-01-12 14:15:03,296] {processor.py:613} INFO - Processing file /home/jorge/Desktop/MÁSTER/SEGUNDO CURSO/BDFI/practica_docker/env/lib/python3.8/site-packages/airflow/example_dags/example_kubernetes_executor_config.py for tasks to queue
[2025-01-12 14:15:03,296] {logging_mixin.py:109} INFO - [2025-01-12 14:15:03,296] {dagbag.py:496} INFO - Filling up the DagBag from /home/jorge/Desktop/MÁSTER/SEGUNDO CURSO/BDFI/practica_docker/env/lib/python3.8/site-packages/airflow/example_dags/example_kubernetes_executor_config.py
[2025-01-12 14:15:03,302] {logging_mixin.py:109} INFO - [2025-01-12 14:15:03,301] {example_kubernetes_executor_config.py:175} WARNING - Could not import DAGs in example_kubernetes_executor_config.py: No module named 'kubernetes'
[2025-01-12 14:15:03,302] {logging_mixin.py:109} INFO - [2025-01-12 14:15:03,302] {example_kubernetes_executor_config.py:176} WARNING - Install kubernetes dependencies with: pip install apache-airflow['cncf.kubernetes']
[2025-01-12 14:15:03,302] {processor.py:625} WARNING - No viable dags retrieved from /home/jorge/Desktop/MÁSTER/SEGUNDO CURSO/BDFI/practica_docker/env/lib/python3.8/site-packages/airflow/example_dags/example_kubernetes_executor_config.py
[2025-01-12 14:15:03,307] {processor.py:170} INFO - Processing /home/jorge/Desktop/MÁSTER/SEGUNDO CURSO/BDFI/practica_docker/env/lib/python3.8/site-packages/airflow/example_dags/example_kubernetes_executor_config.py took 0.014 seconds
[2025-01-12 14:15:34,854] {processor.py:162} INFO - Started process (PID=286907) to work on /home/jorge/Desktop/MÁSTER/SEGUNDO CURSO/BDFI/practica_docker/env/lib/python3.8/site-packages/airflow/example_dags/example_kubernetes_executor_config.py
[2025-01-12 14:15:34,856] {processor.py:613} INFO - Processing file /home/jorge/Desktop/MÁSTER/SEGUNDO CURSO/BDFI/practica_docker/env/lib/python3.8/site-packages/airflow/example_dags/example_kubernetes_executor_config.py for tasks to queue
[2025-01-12 14:15:34,857] {logging_mixin.py:109} INFO - [2025-01-12 14:15:34,857] {dagbag.py:496} INFO - Filling up the DagBag from /home/jorge/Desktop/MÁSTER/SEGUNDO CURSO/BDFI/practica_docker/env/lib/python3.8/site-packages/airflow/example_dags/example_kubernetes_executor_config.py
[2025-01-12 14:15:34,864] {logging_mixin.py:109} INFO - [2025-01-12 14:15:34,863] {example_kubernetes_executor_config.py:175} WARNING - Could not import DAGs in example_kubernetes_executor_config.py: No module named 'kubernetes'
[2025-01-12 14:15:34,864] {logging_mixin.py:109} INFO - [2025-01-12 14:15:34,864] {example_kubernetes_executor_config.py:176} WARNING - Install kubernetes dependencies with: pip install apache-airflow['cncf.kubernetes']
[2025-01-12 14:15:34,864] {processor.py:625} WARNING - No viable dags retrieved from /home/jorge/Desktop/MÁSTER/SEGUNDO CURSO/BDFI/practica_docker/env/lib/python3.8/site-packages/airflow/example_dags/example_kubernetes_executor_config.py
[2025-01-12 14:15:34,869] {processor.py:170} INFO - Processing /home/jorge/Desktop/MÁSTER/SEGUNDO CURSO/BDFI/practica_docker/env/lib/python3.8/site-packages/airflow/example_dags/example_kubernetes_executor_config.py took 0.018 seconds
[2025-01-12 14:16:20,674] {processor.py:162} INFO - Started process (PID=289918) to work on /home/jorge/Desktop/MÁSTER/SEGUNDO CURSO/BDFI/practica_docker/env/lib/python3.8/site-packages/airflow/example_dags/example_kubernetes_executor_config.py
[2025-01-12 14:16:20,675] {processor.py:613} INFO - Processing file /home/jorge/Desktop/MÁSTER/SEGUNDO CURSO/BDFI/practica_docker/env/lib/python3.8/site-packages/airflow/example_dags/example_kubernetes_executor_config.py for tasks to queue
[2025-01-12 14:16:20,675] {logging_mixin.py:109} INFO - [2025-01-12 14:16:20,675] {dagbag.py:496} INFO - Filling up the DagBag from /home/jorge/Desktop/MÁSTER/SEGUNDO CURSO/BDFI/practica_docker/env/lib/python3.8/site-packages/airflow/example_dags/example_kubernetes_executor_config.py
[2025-01-12 14:16:20,680] {logging_mixin.py:109} INFO - [2025-01-12 14:16:20,680] {example_kubernetes_executor_config.py:175} WARNING - Could not import DAGs in example_kubernetes_executor_config.py: No module named 'kubernetes'
[2025-01-12 14:16:20,680] {logging_mixin.py:109} INFO - [2025-01-12 14:16:20,680] {example_kubernetes_executor_config.py:176} WARNING - Install kubernetes dependencies with: pip install apache-airflow['cncf.kubernetes']
[2025-01-12 14:16:20,680] {processor.py:625} WARNING - No viable dags retrieved from /home/jorge/Desktop/MÁSTER/SEGUNDO CURSO/BDFI/practica_docker/env/lib/python3.8/site-packages/airflow/example_dags/example_kubernetes_executor_config.py
[2025-01-12 14:16:20,685] {processor.py:170} INFO - Processing /home/jorge/Desktop/MÁSTER/SEGUNDO CURSO/BDFI/practica_docker/env/lib/python3.8/site-packages/airflow/example_dags/example_kubernetes_executor_config.py took 0.013 seconds
[2025-01-12 14:16:57,104] {processor.py:162} INFO - Started process (PID=290797) to work on /home/jorge/Desktop/MÁSTER/SEGUNDO CURSO/BDFI/practica_docker/env/lib/python3.8/site-packages/airflow/example_dags/example_kubernetes_executor_config.py
[2025-01-12 14:16:57,106] {processor.py:613} INFO - Processing file /home/jorge/Desktop/MÁSTER/SEGUNDO CURSO/BDFI/practica_docker/env/lib/python3.8/site-packages/airflow/example_dags/example_kubernetes_executor_config.py for tasks to queue
[2025-01-12 14:16:57,107] {logging_mixin.py:109} INFO - [2025-01-12 14:16:57,107] {dagbag.py:496} INFO - Filling up the DagBag from /home/jorge/Desktop/MÁSTER/SEGUNDO CURSO/BDFI/practica_docker/env/lib/python3.8/site-packages/airflow/example_dags/example_kubernetes_executor_config.py
[2025-01-12 14:16:57,117] {logging_mixin.py:109} INFO - [2025-01-12 14:16:57,117] {example_kubernetes_executor_config.py:175} WARNING - Could not import DAGs in example_kubernetes_executor_config.py: No module named 'kubernetes'
[2025-01-12 14:16:57,118] {logging_mixin.py:109} INFO - [2025-01-12 14:16:57,118] {example_kubernetes_executor_config.py:176} WARNING - Install kubernetes dependencies with: pip install apache-airflow['cncf.kubernetes']
[2025-01-12 14:16:57,118] {processor.py:625} WARNING - No viable dags retrieved from /home/jorge/Desktop/MÁSTER/SEGUNDO CURSO/BDFI/practica_docker/env/lib/python3.8/site-packages/airflow/example_dags/example_kubernetes_executor_config.py
[2025-01-12 14:16:57,126] {processor.py:170} INFO - Processing /home/jorge/Desktop/MÁSTER/SEGUNDO CURSO/BDFI/practica_docker/env/lib/python3.8/site-packages/airflow/example_dags/example_kubernetes_executor_config.py took 0.028 seconds
[2025-01-12 14:17:30,849] {processor.py:162} INFO - Started process (PID=290988) to work on /home/jorge/Desktop/MÁSTER/SEGUNDO CURSO/BDFI/practica_docker/env/lib/python3.8/site-packages/airflow/example_dags/example_kubernetes_executor_config.py
[2025-01-12 14:17:30,856] {processor.py:613} INFO - Processing file /home/jorge/Desktop/MÁSTER/SEGUNDO CURSO/BDFI/practica_docker/env/lib/python3.8/site-packages/airflow/example_dags/example_kubernetes_executor_config.py for tasks to queue
[2025-01-12 14:17:30,857] {logging_mixin.py:109} INFO - [2025-01-12 14:17:30,857] {dagbag.py:496} INFO - Filling up the DagBag from /home/jorge/Desktop/MÁSTER/SEGUNDO CURSO/BDFI/practica_docker/env/lib/python3.8/site-packages/airflow/example_dags/example_kubernetes_executor_config.py
[2025-01-12 14:17:30,862] {logging_mixin.py:109} INFO - [2025-01-12 14:17:30,862] {example_kubernetes_executor_config.py:175} WARNING - Could not import DAGs in example_kubernetes_executor_config.py: No module named 'kubernetes'
[2025-01-12 14:17:30,862] {logging_mixin.py:109} INFO - [2025-01-12 14:17:30,862] {example_kubernetes_executor_config.py:176} WARNING - Install kubernetes dependencies with: pip install apache-airflow['cncf.kubernetes']
[2025-01-12 14:17:30,862] {processor.py:625} WARNING - No viable dags retrieved from /home/jorge/Desktop/MÁSTER/SEGUNDO CURSO/BDFI/practica_docker/env/lib/python3.8/site-packages/airflow/example_dags/example_kubernetes_executor_config.py
[2025-01-12 14:17:30,867] {processor.py:170} INFO - Processing /home/jorge/Desktop/MÁSTER/SEGUNDO CURSO/BDFI/practica_docker/env/lib/python3.8/site-packages/airflow/example_dags/example_kubernetes_executor_config.py took 0.022 seconds
[2025-01-12 14:18:04,001] {processor.py:162} INFO - Started process (PID=291151) to work on /home/jorge/Desktop/MÁSTER/SEGUNDO CURSO/BDFI/practica_docker/env/lib/python3.8/site-packages/airflow/example_dags/example_kubernetes_executor_config.py
[2025-01-12 14:18:04,003] {processor.py:613} INFO - Processing file /home/jorge/Desktop/MÁSTER/SEGUNDO CURSO/BDFI/practica_docker/env/lib/python3.8/site-packages/airflow/example_dags/example_kubernetes_executor_config.py for tasks to queue
[2025-01-12 14:18:04,005] {logging_mixin.py:109} INFO - [2025-01-12 14:18:04,005] {dagbag.py:496} INFO - Filling up the DagBag from /home/jorge/Desktop/MÁSTER/SEGUNDO CURSO/BDFI/practica_docker/env/lib/python3.8/site-packages/airflow/example_dags/example_kubernetes_executor_config.py
[2025-01-12 14:18:04,012] {logging_mixin.py:109} INFO - [2025-01-12 14:18:04,012] {example_kubernetes_executor_config.py:175} WARNING - Could not import DAGs in example_kubernetes_executor_config.py: No module named 'kubernetes'
[2025-01-12 14:18:04,012] {logging_mixin.py:109} INFO - [2025-01-12 14:18:04,012] {example_kubernetes_executor_config.py:176} WARNING - Install kubernetes dependencies with: pip install apache-airflow['cncf.kubernetes']
[2025-01-12 14:18:04,013] {processor.py:625} WARNING - No viable dags retrieved from /home/jorge/Desktop/MÁSTER/SEGUNDO CURSO/BDFI/practica_docker/env/lib/python3.8/site-packages/airflow/example_dags/example_kubernetes_executor_config.py
[2025-01-12 14:18:04,021] {processor.py:170} INFO - Processing /home/jorge/Desktop/MÁSTER/SEGUNDO CURSO/BDFI/practica_docker/env/lib/python3.8/site-packages/airflow/example_dags/example_kubernetes_executor_config.py took 0.022 seconds
[2025-01-12 14:18:37,253] {processor.py:162} INFO - Started process (PID=291652) to work on /home/jorge/Desktop/MÁSTER/SEGUNDO CURSO/BDFI/practica_docker/env/lib/python3.8/site-packages/airflow/example_dags/example_kubernetes_executor_config.py
[2025-01-12 14:18:37,255] {processor.py:613} INFO - Processing file /home/jorge/Desktop/MÁSTER/SEGUNDO CURSO/BDFI/practica_docker/env/lib/python3.8/site-packages/airflow/example_dags/example_kubernetes_executor_config.py for tasks to queue
[2025-01-12 14:18:37,256] {logging_mixin.py:109} INFO - [2025-01-12 14:18:37,256] {dagbag.py:496} INFO - Filling up the DagBag from /home/jorge/Desktop/MÁSTER/SEGUNDO CURSO/BDFI/practica_docker/env/lib/python3.8/site-packages/airflow/example_dags/example_kubernetes_executor_config.py
[2025-01-12 14:18:37,263] {logging_mixin.py:109} INFO - [2025-01-12 14:18:37,263] {example_kubernetes_executor_config.py:175} WARNING - Could not import DAGs in example_kubernetes_executor_config.py: No module named 'kubernetes'
[2025-01-12 14:18:37,264] {logging_mixin.py:109} INFO - [2025-01-12 14:18:37,264] {example_kubernetes_executor_config.py:176} WARNING - Install kubernetes dependencies with: pip install apache-airflow['cncf.kubernetes']
[2025-01-12 14:18:37,264] {processor.py:625} WARNING - No viable dags retrieved from /home/jorge/Desktop/MÁSTER/SEGUNDO CURSO/BDFI/practica_docker/env/lib/python3.8/site-packages/airflow/example_dags/example_kubernetes_executor_config.py
[2025-01-12 14:18:37,274] {processor.py:170} INFO - Processing /home/jorge/Desktop/MÁSTER/SEGUNDO CURSO/BDFI/practica_docker/env/lib/python3.8/site-packages/airflow/example_dags/example_kubernetes_executor_config.py took 0.024 seconds
[2025-01-12 14:19:10,492] {processor.py:162} INFO - Started process (PID=292119) to work on /home/jorge/Desktop/MÁSTER/SEGUNDO CURSO/BDFI/practica_docker/env/lib/python3.8/site-packages/airflow/example_dags/example_kubernetes_executor_config.py
[2025-01-12 14:19:10,493] {processor.py:613} INFO - Processing file /home/jorge/Desktop/MÁSTER/SEGUNDO CURSO/BDFI/practica_docker/env/lib/python3.8/site-packages/airflow/example_dags/example_kubernetes_executor_config.py for tasks to queue
[2025-01-12 14:19:10,494] {logging_mixin.py:109} INFO - [2025-01-12 14:19:10,494] {dagbag.py:496} INFO - Filling up the DagBag from /home/jorge/Desktop/MÁSTER/SEGUNDO CURSO/BDFI/practica_docker/env/lib/python3.8/site-packages/airflow/example_dags/example_kubernetes_executor_config.py
[2025-01-12 14:19:10,500] {logging_mixin.py:109} INFO - [2025-01-12 14:19:10,500] {example_kubernetes_executor_config.py:175} WARNING - Could not import DAGs in example_kubernetes_executor_config.py: No module named 'kubernetes'
[2025-01-12 14:19:10,500] {logging_mixin.py:109} INFO - [2025-01-12 14:19:10,500] {example_kubernetes_executor_config.py:176} WARNING - Install kubernetes dependencies with: pip install apache-airflow['cncf.kubernetes']
[2025-01-12 14:19:10,500] {processor.py:625} WARNING - No viable dags retrieved from /home/jorge/Desktop/MÁSTER/SEGUNDO CURSO/BDFI/practica_docker/env/lib/python3.8/site-packages/airflow/example_dags/example_kubernetes_executor_config.py
[2025-01-12 14:19:10,505] {processor.py:170} INFO - Processing /home/jorge/Desktop/MÁSTER/SEGUNDO CURSO/BDFI/practica_docker/env/lib/python3.8/site-packages/airflow/example_dags/example_kubernetes_executor_config.py took 0.015 seconds
[2025-01-12 14:19:46,009] {processor.py:162} INFO - Started process (PID=293019) to work on /home/jorge/Desktop/MÁSTER/SEGUNDO CURSO/BDFI/practica_docker/env/lib/python3.8/site-packages/airflow/example_dags/example_kubernetes_executor_config.py
[2025-01-12 14:19:46,010] {processor.py:613} INFO - Processing file /home/jorge/Desktop/MÁSTER/SEGUNDO CURSO/BDFI/practica_docker/env/lib/python3.8/site-packages/airflow/example_dags/example_kubernetes_executor_config.py for tasks to queue
[2025-01-12 14:19:46,011] {logging_mixin.py:109} INFO - [2025-01-12 14:19:46,011] {dagbag.py:496} INFO - Filling up the DagBag from /home/jorge/Desktop/MÁSTER/SEGUNDO CURSO/BDFI/practica_docker/env/lib/python3.8/site-packages/airflow/example_dags/example_kubernetes_executor_config.py
[2025-01-12 14:19:46,018] {logging_mixin.py:109} INFO - [2025-01-12 14:19:46,018] {example_kubernetes_executor_config.py:175} WARNING - Could not import DAGs in example_kubernetes_executor_config.py: No module named 'kubernetes'
[2025-01-12 14:19:46,019] {logging_mixin.py:109} INFO - [2025-01-12 14:19:46,019] {example_kubernetes_executor_config.py:176} WARNING - Install kubernetes dependencies with: pip install apache-airflow['cncf.kubernetes']
[2025-01-12 14:19:46,019] {processor.py:625} WARNING - No viable dags retrieved from /home/jorge/Desktop/MÁSTER/SEGUNDO CURSO/BDFI/practica_docker/env/lib/python3.8/site-packages/airflow/example_dags/example_kubernetes_executor_config.py
[2025-01-12 14:19:46,024] {processor.py:170} INFO - Processing /home/jorge/Desktop/MÁSTER/SEGUNDO CURSO/BDFI/practica_docker/env/lib/python3.8/site-packages/airflow/example_dags/example_kubernetes_executor_config.py took 0.018 seconds
[2025-01-12 14:20:19,740] {processor.py:162} INFO - Started process (PID=293184) to work on /home/jorge/Desktop/MÁSTER/SEGUNDO CURSO/BDFI/practica_docker/env/lib/python3.8/site-packages/airflow/example_dags/example_kubernetes_executor_config.py
[2025-01-12 14:20:19,742] {processor.py:613} INFO - Processing file /home/jorge/Desktop/MÁSTER/SEGUNDO CURSO/BDFI/practica_docker/env/lib/python3.8/site-packages/airflow/example_dags/example_kubernetes_executor_config.py for tasks to queue
[2025-01-12 14:20:19,745] {logging_mixin.py:109} INFO - [2025-01-12 14:20:19,744] {dagbag.py:496} INFO - Filling up the DagBag from /home/jorge/Desktop/MÁSTER/SEGUNDO CURSO/BDFI/practica_docker/env/lib/python3.8/site-packages/airflow/example_dags/example_kubernetes_executor_config.py
[2025-01-12 14:20:19,765] {logging_mixin.py:109} INFO - [2025-01-12 14:20:19,765] {example_kubernetes_executor_config.py:175} WARNING - Could not import DAGs in example_kubernetes_executor_config.py: No module named 'kubernetes'
[2025-01-12 14:20:19,765] {logging_mixin.py:109} INFO - [2025-01-12 14:20:19,765] {example_kubernetes_executor_config.py:176} WARNING - Install kubernetes dependencies with: pip install apache-airflow['cncf.kubernetes']
[2025-01-12 14:20:19,766] {processor.py:625} WARNING - No viable dags retrieved from /home/jorge/Desktop/MÁSTER/SEGUNDO CURSO/BDFI/practica_docker/env/lib/python3.8/site-packages/airflow/example_dags/example_kubernetes_executor_config.py
[2025-01-12 14:20:19,776] {processor.py:170} INFO - Processing /home/jorge/Desktop/MÁSTER/SEGUNDO CURSO/BDFI/practica_docker/env/lib/python3.8/site-packages/airflow/example_dags/example_kubernetes_executor_config.py took 0.039 seconds
