[2025-01-12 13:51:06,190] {processor.py:162} INFO - Started process (PID=281047) to work on /home/jorge/Desktop/MÁSTER/SEGUNDO CURSO/BDFI/practica_docker/env/lib/python3.8/site-packages/airflow/example_dags/example_xcom.py
[2025-01-12 13:51:06,191] {processor.py:613} INFO - Processing file /home/jorge/Desktop/MÁSTER/SEGUNDO CURSO/BDFI/practica_docker/env/lib/python3.8/site-packages/airflow/example_dags/example_xcom.py for tasks to queue
[2025-01-12 13:51:06,192] {logging_mixin.py:109} INFO - [2025-01-12 13:51:06,192] {dagbag.py:496} INFO - Filling up the DagBag from /home/jorge/Desktop/MÁSTER/SEGUNDO CURSO/BDFI/practica_docker/env/lib/python3.8/site-packages/airflow/example_dags/example_xcom.py
[2025-01-12 13:51:06,204] {processor.py:623} INFO - DAG(s) dict_keys(['example_xcom']) retrieved from /home/jorge/Desktop/MÁSTER/SEGUNDO CURSO/BDFI/practica_docker/env/lib/python3.8/site-packages/airflow/example_dags/example_xcom.py
[2025-01-12 13:51:06,220] {logging_mixin.py:109} INFO - [2025-01-12 13:51:06,220] {dag.py:1834} INFO - Sync 1 DAGs
[2025-01-12 13:51:06,228] {logging_mixin.py:109} INFO - [2025-01-12 13:51:06,228] {dag.py:2287} INFO - Setting next_dagrun for example_xcom to 2025-01-10 00:00:00+00:00
[2025-01-12 13:51:06,241] {processor.py:170} INFO - Processing /home/jorge/Desktop/MÁSTER/SEGUNDO CURSO/BDFI/practica_docker/env/lib/python3.8/site-packages/airflow/example_dags/example_xcom.py took 0.054 seconds
[2025-01-12 13:51:39,867] {processor.py:162} INFO - Started process (PID=281208) to work on /home/jorge/Desktop/MÁSTER/SEGUNDO CURSO/BDFI/practica_docker/env/lib/python3.8/site-packages/airflow/example_dags/example_xcom.py
[2025-01-12 13:51:39,868] {processor.py:613} INFO - Processing file /home/jorge/Desktop/MÁSTER/SEGUNDO CURSO/BDFI/practica_docker/env/lib/python3.8/site-packages/airflow/example_dags/example_xcom.py for tasks to queue
[2025-01-12 13:51:39,869] {logging_mixin.py:109} INFO - [2025-01-12 13:51:39,868] {dagbag.py:496} INFO - Filling up the DagBag from /home/jorge/Desktop/MÁSTER/SEGUNDO CURSO/BDFI/practica_docker/env/lib/python3.8/site-packages/airflow/example_dags/example_xcom.py
[2025-01-12 13:51:39,885] {processor.py:623} INFO - DAG(s) dict_keys(['example_xcom']) retrieved from /home/jorge/Desktop/MÁSTER/SEGUNDO CURSO/BDFI/practica_docker/env/lib/python3.8/site-packages/airflow/example_dags/example_xcom.py
[2025-01-12 13:51:39,901] {logging_mixin.py:109} INFO - [2025-01-12 13:51:39,901] {dag.py:1834} INFO - Sync 1 DAGs
[2025-01-12 13:51:39,913] {logging_mixin.py:109} INFO - [2025-01-12 13:51:39,912] {dag.py:2287} INFO - Setting next_dagrun for example_xcom to 2025-01-10 00:00:00+00:00
[2025-01-12 13:51:39,926] {processor.py:170} INFO - Processing /home/jorge/Desktop/MÁSTER/SEGUNDO CURSO/BDFI/practica_docker/env/lib/python3.8/site-packages/airflow/example_dags/example_xcom.py took 0.061 seconds
[2025-01-12 13:52:13,501] {processor.py:162} INFO - Started process (PID=281355) to work on /home/jorge/Desktop/MÁSTER/SEGUNDO CURSO/BDFI/practica_docker/env/lib/python3.8/site-packages/airflow/example_dags/example_xcom.py
[2025-01-12 13:52:13,502] {processor.py:613} INFO - Processing file /home/jorge/Desktop/MÁSTER/SEGUNDO CURSO/BDFI/practica_docker/env/lib/python3.8/site-packages/airflow/example_dags/example_xcom.py for tasks to queue
[2025-01-12 13:52:13,503] {logging_mixin.py:109} INFO - [2025-01-12 13:52:13,503] {dagbag.py:496} INFO - Filling up the DagBag from /home/jorge/Desktop/MÁSTER/SEGUNDO CURSO/BDFI/practica_docker/env/lib/python3.8/site-packages/airflow/example_dags/example_xcom.py
[2025-01-12 13:52:13,516] {processor.py:623} INFO - DAG(s) dict_keys(['example_xcom']) retrieved from /home/jorge/Desktop/MÁSTER/SEGUNDO CURSO/BDFI/practica_docker/env/lib/python3.8/site-packages/airflow/example_dags/example_xcom.py
[2025-01-12 13:52:13,529] {logging_mixin.py:109} INFO - [2025-01-12 13:52:13,529] {dag.py:1834} INFO - Sync 1 DAGs
[2025-01-12 13:52:13,538] {logging_mixin.py:109} INFO - [2025-01-12 13:52:13,537] {dag.py:2287} INFO - Setting next_dagrun for example_xcom to 2025-01-10 00:00:00+00:00
[2025-01-12 13:52:13,550] {processor.py:170} INFO - Processing /home/jorge/Desktop/MÁSTER/SEGUNDO CURSO/BDFI/practica_docker/env/lib/python3.8/site-packages/airflow/example_dags/example_xcom.py took 0.051 seconds
[2025-01-12 13:52:47,757] {processor.py:162} INFO - Started process (PID=281554) to work on /home/jorge/Desktop/MÁSTER/SEGUNDO CURSO/BDFI/practica_docker/env/lib/python3.8/site-packages/airflow/example_dags/example_xcom.py
[2025-01-12 13:52:47,759] {processor.py:613} INFO - Processing file /home/jorge/Desktop/MÁSTER/SEGUNDO CURSO/BDFI/practica_docker/env/lib/python3.8/site-packages/airflow/example_dags/example_xcom.py for tasks to queue
[2025-01-12 13:52:47,761] {logging_mixin.py:109} INFO - [2025-01-12 13:52:47,760] {dagbag.py:496} INFO - Filling up the DagBag from /home/jorge/Desktop/MÁSTER/SEGUNDO CURSO/BDFI/practica_docker/env/lib/python3.8/site-packages/airflow/example_dags/example_xcom.py
[2025-01-12 13:52:47,778] {processor.py:623} INFO - DAG(s) dict_keys(['example_xcom']) retrieved from /home/jorge/Desktop/MÁSTER/SEGUNDO CURSO/BDFI/practica_docker/env/lib/python3.8/site-packages/airflow/example_dags/example_xcom.py
[2025-01-12 13:52:47,793] {logging_mixin.py:109} INFO - [2025-01-12 13:52:47,792] {dag.py:1834} INFO - Sync 1 DAGs
[2025-01-12 13:52:47,800] {logging_mixin.py:109} INFO - [2025-01-12 13:52:47,800] {dag.py:2287} INFO - Setting next_dagrun for example_xcom to 2025-01-10 00:00:00+00:00
[2025-01-12 13:52:47,814] {processor.py:170} INFO - Processing /home/jorge/Desktop/MÁSTER/SEGUNDO CURSO/BDFI/practica_docker/env/lib/python3.8/site-packages/airflow/example_dags/example_xcom.py took 0.061 seconds
[2025-01-12 13:53:29,419] {processor.py:162} INFO - Started process (PID=281805) to work on /home/jorge/Desktop/MÁSTER/SEGUNDO CURSO/BDFI/practica_docker/env/lib/python3.8/site-packages/airflow/example_dags/example_xcom.py
[2025-01-12 13:53:29,421] {processor.py:613} INFO - Processing file /home/jorge/Desktop/MÁSTER/SEGUNDO CURSO/BDFI/practica_docker/env/lib/python3.8/site-packages/airflow/example_dags/example_xcom.py for tasks to queue
[2025-01-12 13:53:29,421] {logging_mixin.py:109} INFO - [2025-01-12 13:53:29,421] {dagbag.py:496} INFO - Filling up the DagBag from /home/jorge/Desktop/MÁSTER/SEGUNDO CURSO/BDFI/practica_docker/env/lib/python3.8/site-packages/airflow/example_dags/example_xcom.py
[2025-01-12 13:53:29,433] {processor.py:623} INFO - DAG(s) dict_keys(['example_xcom']) retrieved from /home/jorge/Desktop/MÁSTER/SEGUNDO CURSO/BDFI/practica_docker/env/lib/python3.8/site-packages/airflow/example_dags/example_xcom.py
[2025-01-12 13:53:29,442] {logging_mixin.py:109} INFO - [2025-01-12 13:53:29,442] {dag.py:1834} INFO - Sync 1 DAGs
[2025-01-12 13:53:29,448] {logging_mixin.py:109} INFO - [2025-01-12 13:53:29,448] {dag.py:2287} INFO - Setting next_dagrun for example_xcom to 2025-01-10 00:00:00+00:00
[2025-01-12 13:53:29,456] {processor.py:170} INFO - Processing /home/jorge/Desktop/MÁSTER/SEGUNDO CURSO/BDFI/practica_docker/env/lib/python3.8/site-packages/airflow/example_dags/example_xcom.py took 0.040 seconds
[2025-01-12 13:54:04,215] {processor.py:162} INFO - Started process (PID=281978) to work on /home/jorge/Desktop/MÁSTER/SEGUNDO CURSO/BDFI/practica_docker/env/lib/python3.8/site-packages/airflow/example_dags/example_xcom.py
[2025-01-12 13:54:04,216] {processor.py:613} INFO - Processing file /home/jorge/Desktop/MÁSTER/SEGUNDO CURSO/BDFI/practica_docker/env/lib/python3.8/site-packages/airflow/example_dags/example_xcom.py for tasks to queue
[2025-01-12 13:54:04,217] {logging_mixin.py:109} INFO - [2025-01-12 13:54:04,217] {dagbag.py:496} INFO - Filling up the DagBag from /home/jorge/Desktop/MÁSTER/SEGUNDO CURSO/BDFI/practica_docker/env/lib/python3.8/site-packages/airflow/example_dags/example_xcom.py
[2025-01-12 13:54:04,229] {processor.py:623} INFO - DAG(s) dict_keys(['example_xcom']) retrieved from /home/jorge/Desktop/MÁSTER/SEGUNDO CURSO/BDFI/practica_docker/env/lib/python3.8/site-packages/airflow/example_dags/example_xcom.py
[2025-01-12 13:54:04,247] {logging_mixin.py:109} INFO - [2025-01-12 13:54:04,247] {dag.py:1834} INFO - Sync 1 DAGs
[2025-01-12 13:54:04,255] {logging_mixin.py:109} INFO - [2025-01-12 13:54:04,255] {dag.py:2287} INFO - Setting next_dagrun for example_xcom to 2025-01-10 00:00:00+00:00
[2025-01-12 13:54:04,268] {processor.py:170} INFO - Processing /home/jorge/Desktop/MÁSTER/SEGUNDO CURSO/BDFI/practica_docker/env/lib/python3.8/site-packages/airflow/example_dags/example_xcom.py took 0.055 seconds
[2025-01-12 13:54:38,219] {processor.py:162} INFO - Started process (PID=282135) to work on /home/jorge/Desktop/MÁSTER/SEGUNDO CURSO/BDFI/practica_docker/env/lib/python3.8/site-packages/airflow/example_dags/example_xcom.py
[2025-01-12 13:54:38,220] {processor.py:613} INFO - Processing file /home/jorge/Desktop/MÁSTER/SEGUNDO CURSO/BDFI/practica_docker/env/lib/python3.8/site-packages/airflow/example_dags/example_xcom.py for tasks to queue
[2025-01-12 13:54:38,220] {logging_mixin.py:109} INFO - [2025-01-12 13:54:38,220] {dagbag.py:496} INFO - Filling up the DagBag from /home/jorge/Desktop/MÁSTER/SEGUNDO CURSO/BDFI/practica_docker/env/lib/python3.8/site-packages/airflow/example_dags/example_xcom.py
[2025-01-12 13:54:38,229] {processor.py:623} INFO - DAG(s) dict_keys(['example_xcom']) retrieved from /home/jorge/Desktop/MÁSTER/SEGUNDO CURSO/BDFI/practica_docker/env/lib/python3.8/site-packages/airflow/example_dags/example_xcom.py
[2025-01-12 13:54:38,240] {logging_mixin.py:109} INFO - [2025-01-12 13:54:38,239] {dag.py:1834} INFO - Sync 1 DAGs
[2025-01-12 13:54:38,245] {logging_mixin.py:109} INFO - [2025-01-12 13:54:38,245] {dag.py:2287} INFO - Setting next_dagrun for example_xcom to 2025-01-10 00:00:00+00:00
[2025-01-12 13:54:38,253] {processor.py:170} INFO - Processing /home/jorge/Desktop/MÁSTER/SEGUNDO CURSO/BDFI/practica_docker/env/lib/python3.8/site-packages/airflow/example_dags/example_xcom.py took 0.037 seconds
[2025-01-12 13:55:10,846] {processor.py:162} INFO - Started process (PID=282292) to work on /home/jorge/Desktop/MÁSTER/SEGUNDO CURSO/BDFI/practica_docker/env/lib/python3.8/site-packages/airflow/example_dags/example_xcom.py
[2025-01-12 13:55:10,847] {processor.py:613} INFO - Processing file /home/jorge/Desktop/MÁSTER/SEGUNDO CURSO/BDFI/practica_docker/env/lib/python3.8/site-packages/airflow/example_dags/example_xcom.py for tasks to queue
[2025-01-12 13:55:10,848] {logging_mixin.py:109} INFO - [2025-01-12 13:55:10,848] {dagbag.py:496} INFO - Filling up the DagBag from /home/jorge/Desktop/MÁSTER/SEGUNDO CURSO/BDFI/practica_docker/env/lib/python3.8/site-packages/airflow/example_dags/example_xcom.py
[2025-01-12 13:55:10,856] {processor.py:623} INFO - DAG(s) dict_keys(['example_xcom']) retrieved from /home/jorge/Desktop/MÁSTER/SEGUNDO CURSO/BDFI/practica_docker/env/lib/python3.8/site-packages/airflow/example_dags/example_xcom.py
[2025-01-12 13:55:10,869] {logging_mixin.py:109} INFO - [2025-01-12 13:55:10,869] {dag.py:1834} INFO - Sync 1 DAGs
[2025-01-12 13:55:10,876] {logging_mixin.py:109} INFO - [2025-01-12 13:55:10,876] {dag.py:2287} INFO - Setting next_dagrun for example_xcom to 2025-01-10 00:00:00+00:00
[2025-01-12 13:55:10,884] {processor.py:170} INFO - Processing /home/jorge/Desktop/MÁSTER/SEGUNDO CURSO/BDFI/practica_docker/env/lib/python3.8/site-packages/airflow/example_dags/example_xcom.py took 0.040 seconds
[2025-01-12 13:55:45,037] {processor.py:162} INFO - Started process (PID=282465) to work on /home/jorge/Desktop/MÁSTER/SEGUNDO CURSO/BDFI/practica_docker/env/lib/python3.8/site-packages/airflow/example_dags/example_xcom.py
[2025-01-12 13:55:45,039] {processor.py:613} INFO - Processing file /home/jorge/Desktop/MÁSTER/SEGUNDO CURSO/BDFI/practica_docker/env/lib/python3.8/site-packages/airflow/example_dags/example_xcom.py for tasks to queue
[2025-01-12 13:55:45,039] {logging_mixin.py:109} INFO - [2025-01-12 13:55:45,039] {dagbag.py:496} INFO - Filling up the DagBag from /home/jorge/Desktop/MÁSTER/SEGUNDO CURSO/BDFI/practica_docker/env/lib/python3.8/site-packages/airflow/example_dags/example_xcom.py
[2025-01-12 13:55:45,055] {processor.py:623} INFO - DAG(s) dict_keys(['example_xcom']) retrieved from /home/jorge/Desktop/MÁSTER/SEGUNDO CURSO/BDFI/practica_docker/env/lib/python3.8/site-packages/airflow/example_dags/example_xcom.py
[2025-01-12 13:55:45,068] {logging_mixin.py:109} INFO - [2025-01-12 13:55:45,068] {dag.py:1834} INFO - Sync 1 DAGs
[2025-01-12 13:55:45,076] {logging_mixin.py:109} INFO - [2025-01-12 13:55:45,075] {dag.py:2287} INFO - Setting next_dagrun for example_xcom to 2025-01-10 00:00:00+00:00
[2025-01-12 13:55:45,089] {processor.py:170} INFO - Processing /home/jorge/Desktop/MÁSTER/SEGUNDO CURSO/BDFI/practica_docker/env/lib/python3.8/site-packages/airflow/example_dags/example_xcom.py took 0.054 seconds
[2025-01-12 13:56:20,729] {processor.py:162} INFO - Started process (PID=282838) to work on /home/jorge/Desktop/MÁSTER/SEGUNDO CURSO/BDFI/practica_docker/env/lib/python3.8/site-packages/airflow/example_dags/example_xcom.py
[2025-01-12 13:56:20,730] {processor.py:613} INFO - Processing file /home/jorge/Desktop/MÁSTER/SEGUNDO CURSO/BDFI/practica_docker/env/lib/python3.8/site-packages/airflow/example_dags/example_xcom.py for tasks to queue
[2025-01-12 13:56:20,731] {logging_mixin.py:109} INFO - [2025-01-12 13:56:20,731] {dagbag.py:496} INFO - Filling up the DagBag from /home/jorge/Desktop/MÁSTER/SEGUNDO CURSO/BDFI/practica_docker/env/lib/python3.8/site-packages/airflow/example_dags/example_xcom.py
[2025-01-12 13:56:20,748] {processor.py:623} INFO - DAG(s) dict_keys(['example_xcom']) retrieved from /home/jorge/Desktop/MÁSTER/SEGUNDO CURSO/BDFI/practica_docker/env/lib/python3.8/site-packages/airflow/example_dags/example_xcom.py
[2025-01-12 13:56:20,768] {logging_mixin.py:109} INFO - [2025-01-12 13:56:20,768] {dag.py:1834} INFO - Sync 1 DAGs
[2025-01-12 13:56:20,785] {logging_mixin.py:109} INFO - [2025-01-12 13:56:20,785] {dag.py:2287} INFO - Setting next_dagrun for example_xcom to 2025-01-10 00:00:00+00:00
[2025-01-12 13:56:20,806] {processor.py:170} INFO - Processing /home/jorge/Desktop/MÁSTER/SEGUNDO CURSO/BDFI/practica_docker/env/lib/python3.8/site-packages/airflow/example_dags/example_xcom.py took 0.080 seconds
[2025-01-12 13:56:57,537] {processor.py:162} INFO - Started process (PID=283073) to work on /home/jorge/Desktop/MÁSTER/SEGUNDO CURSO/BDFI/practica_docker/env/lib/python3.8/site-packages/airflow/example_dags/example_xcom.py
[2025-01-12 13:56:57,539] {processor.py:613} INFO - Processing file /home/jorge/Desktop/MÁSTER/SEGUNDO CURSO/BDFI/practica_docker/env/lib/python3.8/site-packages/airflow/example_dags/example_xcom.py for tasks to queue
[2025-01-12 13:56:57,539] {logging_mixin.py:109} INFO - [2025-01-12 13:56:57,539] {dagbag.py:496} INFO - Filling up the DagBag from /home/jorge/Desktop/MÁSTER/SEGUNDO CURSO/BDFI/practica_docker/env/lib/python3.8/site-packages/airflow/example_dags/example_xcom.py
[2025-01-12 13:56:57,566] {processor.py:623} INFO - DAG(s) dict_keys(['example_xcom']) retrieved from /home/jorge/Desktop/MÁSTER/SEGUNDO CURSO/BDFI/practica_docker/env/lib/python3.8/site-packages/airflow/example_dags/example_xcom.py
[2025-01-12 13:56:57,586] {logging_mixin.py:109} INFO - [2025-01-12 13:56:57,586] {dag.py:1834} INFO - Sync 1 DAGs
[2025-01-12 13:56:57,600] {logging_mixin.py:109} INFO - [2025-01-12 13:56:57,600] {dag.py:2287} INFO - Setting next_dagrun for example_xcom to 2025-01-10 00:00:00+00:00
[2025-01-12 13:56:57,619] {processor.py:170} INFO - Processing /home/jorge/Desktop/MÁSTER/SEGUNDO CURSO/BDFI/practica_docker/env/lib/python3.8/site-packages/airflow/example_dags/example_xcom.py took 0.084 seconds
[2025-01-12 13:57:33,549] {processor.py:162} INFO - Started process (PID=283235) to work on /home/jorge/Desktop/MÁSTER/SEGUNDO CURSO/BDFI/practica_docker/env/lib/python3.8/site-packages/airflow/example_dags/example_xcom.py
[2025-01-12 13:57:33,550] {processor.py:613} INFO - Processing file /home/jorge/Desktop/MÁSTER/SEGUNDO CURSO/BDFI/practica_docker/env/lib/python3.8/site-packages/airflow/example_dags/example_xcom.py for tasks to queue
[2025-01-12 13:57:33,551] {logging_mixin.py:109} INFO - [2025-01-12 13:57:33,551] {dagbag.py:496} INFO - Filling up the DagBag from /home/jorge/Desktop/MÁSTER/SEGUNDO CURSO/BDFI/practica_docker/env/lib/python3.8/site-packages/airflow/example_dags/example_xcom.py
[2025-01-12 13:57:33,572] {processor.py:623} INFO - DAG(s) dict_keys(['example_xcom']) retrieved from /home/jorge/Desktop/MÁSTER/SEGUNDO CURSO/BDFI/practica_docker/env/lib/python3.8/site-packages/airflow/example_dags/example_xcom.py
[2025-01-12 13:57:33,586] {logging_mixin.py:109} INFO - [2025-01-12 13:57:33,586] {dag.py:1834} INFO - Sync 1 DAGs
[2025-01-12 13:57:33,602] {logging_mixin.py:109} INFO - [2025-01-12 13:57:33,602] {dag.py:2287} INFO - Setting next_dagrun for example_xcom to 2025-01-10 00:00:00+00:00
[2025-01-12 13:57:33,617] {processor.py:170} INFO - Processing /home/jorge/Desktop/MÁSTER/SEGUNDO CURSO/BDFI/practica_docker/env/lib/python3.8/site-packages/airflow/example_dags/example_xcom.py took 0.070 seconds
[2025-01-12 14:05:56,374] {processor.py:162} INFO - Started process (PID=283675) to work on /home/jorge/Desktop/MÁSTER/SEGUNDO CURSO/BDFI/practica_docker/env/lib/python3.8/site-packages/airflow/example_dags/example_xcom.py
[2025-01-12 14:05:56,375] {processor.py:613} INFO - Processing file /home/jorge/Desktop/MÁSTER/SEGUNDO CURSO/BDFI/practica_docker/env/lib/python3.8/site-packages/airflow/example_dags/example_xcom.py for tasks to queue
[2025-01-12 14:05:56,375] {logging_mixin.py:109} INFO - [2025-01-12 14:05:56,375] {dagbag.py:496} INFO - Filling up the DagBag from /home/jorge/Desktop/MÁSTER/SEGUNDO CURSO/BDFI/practica_docker/env/lib/python3.8/site-packages/airflow/example_dags/example_xcom.py
[2025-01-12 14:05:56,380] {processor.py:623} INFO - DAG(s) dict_keys(['example_xcom']) retrieved from /home/jorge/Desktop/MÁSTER/SEGUNDO CURSO/BDFI/practica_docker/env/lib/python3.8/site-packages/airflow/example_dags/example_xcom.py
[2025-01-12 14:05:56,388] {logging_mixin.py:109} INFO - [2025-01-12 14:05:56,388] {dag.py:1834} INFO - Sync 1 DAGs
[2025-01-12 14:05:56,393] {logging_mixin.py:109} INFO - [2025-01-12 14:05:56,393] {dag.py:2287} INFO - Setting next_dagrun for example_xcom to 2025-01-10 00:00:00+00:00
[2025-01-12 14:05:56,401] {processor.py:170} INFO - Processing /home/jorge/Desktop/MÁSTER/SEGUNDO CURSO/BDFI/practica_docker/env/lib/python3.8/site-packages/airflow/example_dags/example_xcom.py took 0.029 seconds
[2025-01-12 14:06:29,846] {processor.py:162} INFO - Started process (PID=283826) to work on /home/jorge/Desktop/MÁSTER/SEGUNDO CURSO/BDFI/practica_docker/env/lib/python3.8/site-packages/airflow/example_dags/example_xcom.py
[2025-01-12 14:06:29,852] {processor.py:613} INFO - Processing file /home/jorge/Desktop/MÁSTER/SEGUNDO CURSO/BDFI/practica_docker/env/lib/python3.8/site-packages/airflow/example_dags/example_xcom.py for tasks to queue
[2025-01-12 14:06:29,853] {logging_mixin.py:109} INFO - [2025-01-12 14:06:29,853] {dagbag.py:496} INFO - Filling up the DagBag from /home/jorge/Desktop/MÁSTER/SEGUNDO CURSO/BDFI/practica_docker/env/lib/python3.8/site-packages/airflow/example_dags/example_xcom.py
[2025-01-12 14:06:29,864] {processor.py:623} INFO - DAG(s) dict_keys(['example_xcom']) retrieved from /home/jorge/Desktop/MÁSTER/SEGUNDO CURSO/BDFI/practica_docker/env/lib/python3.8/site-packages/airflow/example_dags/example_xcom.py
[2025-01-12 14:06:29,877] {logging_mixin.py:109} INFO - [2025-01-12 14:06:29,877] {dag.py:1834} INFO - Sync 1 DAGs
[2025-01-12 14:06:29,885] {logging_mixin.py:109} INFO - [2025-01-12 14:06:29,885] {dag.py:2287} INFO - Setting next_dagrun for example_xcom to 2025-01-10 00:00:00+00:00
[2025-01-12 14:06:29,896] {processor.py:170} INFO - Processing /home/jorge/Desktop/MÁSTER/SEGUNDO CURSO/BDFI/practica_docker/env/lib/python3.8/site-packages/airflow/example_dags/example_xcom.py took 0.054 seconds
[2025-01-12 14:07:02,757] {processor.py:162} INFO - Started process (PID=283984) to work on /home/jorge/Desktop/MÁSTER/SEGUNDO CURSO/BDFI/practica_docker/env/lib/python3.8/site-packages/airflow/example_dags/example_xcom.py
[2025-01-12 14:07:02,758] {processor.py:613} INFO - Processing file /home/jorge/Desktop/MÁSTER/SEGUNDO CURSO/BDFI/practica_docker/env/lib/python3.8/site-packages/airflow/example_dags/example_xcom.py for tasks to queue
[2025-01-12 14:07:02,758] {logging_mixin.py:109} INFO - [2025-01-12 14:07:02,758] {dagbag.py:496} INFO - Filling up the DagBag from /home/jorge/Desktop/MÁSTER/SEGUNDO CURSO/BDFI/practica_docker/env/lib/python3.8/site-packages/airflow/example_dags/example_xcom.py
[2025-01-12 14:07:02,764] {processor.py:623} INFO - DAG(s) dict_keys(['example_xcom']) retrieved from /home/jorge/Desktop/MÁSTER/SEGUNDO CURSO/BDFI/practica_docker/env/lib/python3.8/site-packages/airflow/example_dags/example_xcom.py
[2025-01-12 14:07:02,772] {logging_mixin.py:109} INFO - [2025-01-12 14:07:02,772] {dag.py:1834} INFO - Sync 1 DAGs
[2025-01-12 14:07:02,777] {logging_mixin.py:109} INFO - [2025-01-12 14:07:02,777] {dag.py:2287} INFO - Setting next_dagrun for example_xcom to 2025-01-10 00:00:00+00:00
[2025-01-12 14:07:02,787] {processor.py:170} INFO - Processing /home/jorge/Desktop/MÁSTER/SEGUNDO CURSO/BDFI/practica_docker/env/lib/python3.8/site-packages/airflow/example_dags/example_xcom.py took 0.032 seconds
[2025-01-12 14:07:35,743] {processor.py:162} INFO - Started process (PID=284122) to work on /home/jorge/Desktop/MÁSTER/SEGUNDO CURSO/BDFI/practica_docker/env/lib/python3.8/site-packages/airflow/example_dags/example_xcom.py
[2025-01-12 14:07:35,745] {processor.py:613} INFO - Processing file /home/jorge/Desktop/MÁSTER/SEGUNDO CURSO/BDFI/practica_docker/env/lib/python3.8/site-packages/airflow/example_dags/example_xcom.py for tasks to queue
[2025-01-12 14:07:35,746] {logging_mixin.py:109} INFO - [2025-01-12 14:07:35,746] {dagbag.py:496} INFO - Filling up the DagBag from /home/jorge/Desktop/MÁSTER/SEGUNDO CURSO/BDFI/practica_docker/env/lib/python3.8/site-packages/airflow/example_dags/example_xcom.py
[2025-01-12 14:07:35,753] {processor.py:623} INFO - DAG(s) dict_keys(['example_xcom']) retrieved from /home/jorge/Desktop/MÁSTER/SEGUNDO CURSO/BDFI/practica_docker/env/lib/python3.8/site-packages/airflow/example_dags/example_xcom.py
[2025-01-12 14:07:35,762] {logging_mixin.py:109} INFO - [2025-01-12 14:07:35,762] {dag.py:1834} INFO - Sync 1 DAGs
[2025-01-12 14:07:35,766] {logging_mixin.py:109} INFO - [2025-01-12 14:07:35,766] {dag.py:2287} INFO - Setting next_dagrun for example_xcom to 2025-01-10 00:00:00+00:00
[2025-01-12 14:07:35,773] {processor.py:170} INFO - Processing /home/jorge/Desktop/MÁSTER/SEGUNDO CURSO/BDFI/practica_docker/env/lib/python3.8/site-packages/airflow/example_dags/example_xcom.py took 0.033 seconds
[2025-01-12 14:08:09,009] {processor.py:162} INFO - Started process (PID=284283) to work on /home/jorge/Desktop/MÁSTER/SEGUNDO CURSO/BDFI/practica_docker/env/lib/python3.8/site-packages/airflow/example_dags/example_xcom.py
[2025-01-12 14:08:09,010] {processor.py:613} INFO - Processing file /home/jorge/Desktop/MÁSTER/SEGUNDO CURSO/BDFI/practica_docker/env/lib/python3.8/site-packages/airflow/example_dags/example_xcom.py for tasks to queue
[2025-01-12 14:08:09,011] {logging_mixin.py:109} INFO - [2025-01-12 14:08:09,011] {dagbag.py:496} INFO - Filling up the DagBag from /home/jorge/Desktop/MÁSTER/SEGUNDO CURSO/BDFI/practica_docker/env/lib/python3.8/site-packages/airflow/example_dags/example_xcom.py
[2025-01-12 14:08:09,015] {processor.py:623} INFO - DAG(s) dict_keys(['example_xcom']) retrieved from /home/jorge/Desktop/MÁSTER/SEGUNDO CURSO/BDFI/practica_docker/env/lib/python3.8/site-packages/airflow/example_dags/example_xcom.py
[2025-01-12 14:08:09,023] {logging_mixin.py:109} INFO - [2025-01-12 14:08:09,023] {dag.py:1834} INFO - Sync 1 DAGs
[2025-01-12 14:08:09,028] {logging_mixin.py:109} INFO - [2025-01-12 14:08:09,028] {dag.py:2287} INFO - Setting next_dagrun for example_xcom to 2025-01-10 00:00:00+00:00
[2025-01-12 14:08:09,035] {processor.py:170} INFO - Processing /home/jorge/Desktop/MÁSTER/SEGUNDO CURSO/BDFI/practica_docker/env/lib/python3.8/site-packages/airflow/example_dags/example_xcom.py took 0.028 seconds
[2025-01-12 14:08:41,361] {processor.py:162} INFO - Started process (PID=284420) to work on /home/jorge/Desktop/MÁSTER/SEGUNDO CURSO/BDFI/practica_docker/env/lib/python3.8/site-packages/airflow/example_dags/example_xcom.py
[2025-01-12 14:08:41,362] {processor.py:613} INFO - Processing file /home/jorge/Desktop/MÁSTER/SEGUNDO CURSO/BDFI/practica_docker/env/lib/python3.8/site-packages/airflow/example_dags/example_xcom.py for tasks to queue
[2025-01-12 14:08:41,363] {logging_mixin.py:109} INFO - [2025-01-12 14:08:41,363] {dagbag.py:496} INFO - Filling up the DagBag from /home/jorge/Desktop/MÁSTER/SEGUNDO CURSO/BDFI/practica_docker/env/lib/python3.8/site-packages/airflow/example_dags/example_xcom.py
[2025-01-12 14:08:41,370] {processor.py:623} INFO - DAG(s) dict_keys(['example_xcom']) retrieved from /home/jorge/Desktop/MÁSTER/SEGUNDO CURSO/BDFI/practica_docker/env/lib/python3.8/site-packages/airflow/example_dags/example_xcom.py
[2025-01-12 14:08:41,382] {logging_mixin.py:109} INFO - [2025-01-12 14:08:41,382] {dag.py:1834} INFO - Sync 1 DAGs
[2025-01-12 14:08:41,388] {logging_mixin.py:109} INFO - [2025-01-12 14:08:41,388] {dag.py:2287} INFO - Setting next_dagrun for example_xcom to 2025-01-10 00:00:00+00:00
[2025-01-12 14:08:41,402] {processor.py:170} INFO - Processing /home/jorge/Desktop/MÁSTER/SEGUNDO CURSO/BDFI/practica_docker/env/lib/python3.8/site-packages/airflow/example_dags/example_xcom.py took 0.045 seconds
[2025-01-12 14:09:14,050] {processor.py:162} INFO - Started process (PID=284578) to work on /home/jorge/Desktop/MÁSTER/SEGUNDO CURSO/BDFI/practica_docker/env/lib/python3.8/site-packages/airflow/example_dags/example_xcom.py
[2025-01-12 14:09:14,056] {processor.py:613} INFO - Processing file /home/jorge/Desktop/MÁSTER/SEGUNDO CURSO/BDFI/practica_docker/env/lib/python3.8/site-packages/airflow/example_dags/example_xcom.py for tasks to queue
[2025-01-12 14:09:14,057] {logging_mixin.py:109} INFO - [2025-01-12 14:09:14,057] {dagbag.py:496} INFO - Filling up the DagBag from /home/jorge/Desktop/MÁSTER/SEGUNDO CURSO/BDFI/practica_docker/env/lib/python3.8/site-packages/airflow/example_dags/example_xcom.py
[2025-01-12 14:09:14,066] {processor.py:623} INFO - DAG(s) dict_keys(['example_xcom']) retrieved from /home/jorge/Desktop/MÁSTER/SEGUNDO CURSO/BDFI/practica_docker/env/lib/python3.8/site-packages/airflow/example_dags/example_xcom.py
[2025-01-12 14:09:14,076] {logging_mixin.py:109} INFO - [2025-01-12 14:09:14,076] {dag.py:1834} INFO - Sync 1 DAGs
[2025-01-12 14:09:14,081] {logging_mixin.py:109} INFO - [2025-01-12 14:09:14,081] {dag.py:2287} INFO - Setting next_dagrun for example_xcom to 2025-01-10 00:00:00+00:00
[2025-01-12 14:09:14,090] {processor.py:170} INFO - Processing /home/jorge/Desktop/MÁSTER/SEGUNDO CURSO/BDFI/practica_docker/env/lib/python3.8/site-packages/airflow/example_dags/example_xcom.py took 0.041 seconds
[2025-01-12 14:09:48,238] {processor.py:162} INFO - Started process (PID=284745) to work on /home/jorge/Desktop/MÁSTER/SEGUNDO CURSO/BDFI/practica_docker/env/lib/python3.8/site-packages/airflow/example_dags/example_xcom.py
[2025-01-12 14:09:48,239] {processor.py:613} INFO - Processing file /home/jorge/Desktop/MÁSTER/SEGUNDO CURSO/BDFI/practica_docker/env/lib/python3.8/site-packages/airflow/example_dags/example_xcom.py for tasks to queue
[2025-01-12 14:09:48,240] {logging_mixin.py:109} INFO - [2025-01-12 14:09:48,240] {dagbag.py:496} INFO - Filling up the DagBag from /home/jorge/Desktop/MÁSTER/SEGUNDO CURSO/BDFI/practica_docker/env/lib/python3.8/site-packages/airflow/example_dags/example_xcom.py
[2025-01-12 14:09:48,247] {processor.py:623} INFO - DAG(s) dict_keys(['example_xcom']) retrieved from /home/jorge/Desktop/MÁSTER/SEGUNDO CURSO/BDFI/practica_docker/env/lib/python3.8/site-packages/airflow/example_dags/example_xcom.py
[2025-01-12 14:09:48,260] {logging_mixin.py:109} INFO - [2025-01-12 14:09:48,260] {dag.py:1834} INFO - Sync 1 DAGs
[2025-01-12 14:09:48,267] {logging_mixin.py:109} INFO - [2025-01-12 14:09:48,267] {dag.py:2287} INFO - Setting next_dagrun for example_xcom to 2025-01-10 00:00:00+00:00
[2025-01-12 14:09:48,276] {processor.py:170} INFO - Processing /home/jorge/Desktop/MÁSTER/SEGUNDO CURSO/BDFI/practica_docker/env/lib/python3.8/site-packages/airflow/example_dags/example_xcom.py took 0.042 seconds
[2025-01-12 14:10:20,112] {processor.py:162} INFO - Started process (PID=284893) to work on /home/jorge/Desktop/MÁSTER/SEGUNDO CURSO/BDFI/practica_docker/env/lib/python3.8/site-packages/airflow/example_dags/example_xcom.py
[2025-01-12 14:10:20,115] {processor.py:613} INFO - Processing file /home/jorge/Desktop/MÁSTER/SEGUNDO CURSO/BDFI/practica_docker/env/lib/python3.8/site-packages/airflow/example_dags/example_xcom.py for tasks to queue
[2025-01-12 14:10:20,116] {logging_mixin.py:109} INFO - [2025-01-12 14:10:20,116] {dagbag.py:496} INFO - Filling up the DagBag from /home/jorge/Desktop/MÁSTER/SEGUNDO CURSO/BDFI/practica_docker/env/lib/python3.8/site-packages/airflow/example_dags/example_xcom.py
[2025-01-12 14:10:20,122] {processor.py:623} INFO - DAG(s) dict_keys(['example_xcom']) retrieved from /home/jorge/Desktop/MÁSTER/SEGUNDO CURSO/BDFI/practica_docker/env/lib/python3.8/site-packages/airflow/example_dags/example_xcom.py
[2025-01-12 14:10:20,129] {logging_mixin.py:109} INFO - [2025-01-12 14:10:20,129] {dag.py:1834} INFO - Sync 1 DAGs
[2025-01-12 14:10:20,134] {logging_mixin.py:109} INFO - [2025-01-12 14:10:20,134] {dag.py:2287} INFO - Setting next_dagrun for example_xcom to 2025-01-10 00:00:00+00:00
[2025-01-12 14:10:20,142] {processor.py:170} INFO - Processing /home/jorge/Desktop/MÁSTER/SEGUNDO CURSO/BDFI/practica_docker/env/lib/python3.8/site-packages/airflow/example_dags/example_xcom.py took 0.034 seconds
[2025-01-12 14:10:58,192] {processor.py:162} INFO - Started process (PID=285178) to work on /home/jorge/Desktop/MÁSTER/SEGUNDO CURSO/BDFI/practica_docker/env/lib/python3.8/site-packages/airflow/example_dags/example_xcom.py
[2025-01-12 14:10:58,199] {processor.py:613} INFO - Processing file /home/jorge/Desktop/MÁSTER/SEGUNDO CURSO/BDFI/practica_docker/env/lib/python3.8/site-packages/airflow/example_dags/example_xcom.py for tasks to queue
[2025-01-12 14:10:58,199] {logging_mixin.py:109} INFO - [2025-01-12 14:10:58,199] {dagbag.py:496} INFO - Filling up the DagBag from /home/jorge/Desktop/MÁSTER/SEGUNDO CURSO/BDFI/practica_docker/env/lib/python3.8/site-packages/airflow/example_dags/example_xcom.py
[2025-01-12 14:10:58,208] {processor.py:623} INFO - DAG(s) dict_keys(['example_xcom']) retrieved from /home/jorge/Desktop/MÁSTER/SEGUNDO CURSO/BDFI/practica_docker/env/lib/python3.8/site-packages/airflow/example_dags/example_xcom.py
[2025-01-12 14:10:58,217] {logging_mixin.py:109} INFO - [2025-01-12 14:10:58,217] {dag.py:1834} INFO - Sync 1 DAGs
[2025-01-12 14:10:58,221] {logging_mixin.py:109} INFO - [2025-01-12 14:10:58,221] {dag.py:2287} INFO - Setting next_dagrun for example_xcom to 2025-01-10 00:00:00+00:00
[2025-01-12 14:10:58,228] {processor.py:170} INFO - Processing /home/jorge/Desktop/MÁSTER/SEGUNDO CURSO/BDFI/practica_docker/env/lib/python3.8/site-packages/airflow/example_dags/example_xcom.py took 0.040 seconds
[2025-01-12 14:11:31,398] {processor.py:162} INFO - Started process (PID=285358) to work on /home/jorge/Desktop/MÁSTER/SEGUNDO CURSO/BDFI/practica_docker/env/lib/python3.8/site-packages/airflow/example_dags/example_xcom.py
[2025-01-12 14:11:31,398] {processor.py:613} INFO - Processing file /home/jorge/Desktop/MÁSTER/SEGUNDO CURSO/BDFI/practica_docker/env/lib/python3.8/site-packages/airflow/example_dags/example_xcom.py for tasks to queue
[2025-01-12 14:11:31,399] {logging_mixin.py:109} INFO - [2025-01-12 14:11:31,399] {dagbag.py:496} INFO - Filling up the DagBag from /home/jorge/Desktop/MÁSTER/SEGUNDO CURSO/BDFI/practica_docker/env/lib/python3.8/site-packages/airflow/example_dags/example_xcom.py
[2025-01-12 14:11:31,403] {processor.py:623} INFO - DAG(s) dict_keys(['example_xcom']) retrieved from /home/jorge/Desktop/MÁSTER/SEGUNDO CURSO/BDFI/practica_docker/env/lib/python3.8/site-packages/airflow/example_dags/example_xcom.py
[2025-01-12 14:11:31,411] {logging_mixin.py:109} INFO - [2025-01-12 14:11:31,411] {dag.py:1834} INFO - Sync 1 DAGs
[2025-01-12 14:11:31,415] {logging_mixin.py:109} INFO - [2025-01-12 14:11:31,415] {dag.py:2287} INFO - Setting next_dagrun for example_xcom to 2025-01-10 00:00:00+00:00
[2025-01-12 14:11:31,422] {processor.py:170} INFO - Processing /home/jorge/Desktop/MÁSTER/SEGUNDO CURSO/BDFI/practica_docker/env/lib/python3.8/site-packages/airflow/example_dags/example_xcom.py took 0.027 seconds
[2025-01-12 14:12:05,364] {processor.py:162} INFO - Started process (PID=285523) to work on /home/jorge/Desktop/MÁSTER/SEGUNDO CURSO/BDFI/practica_docker/env/lib/python3.8/site-packages/airflow/example_dags/example_xcom.py
[2025-01-12 14:12:05,365] {processor.py:613} INFO - Processing file /home/jorge/Desktop/MÁSTER/SEGUNDO CURSO/BDFI/practica_docker/env/lib/python3.8/site-packages/airflow/example_dags/example_xcom.py for tasks to queue
[2025-01-12 14:12:05,366] {logging_mixin.py:109} INFO - [2025-01-12 14:12:05,366] {dagbag.py:496} INFO - Filling up the DagBag from /home/jorge/Desktop/MÁSTER/SEGUNDO CURSO/BDFI/practica_docker/env/lib/python3.8/site-packages/airflow/example_dags/example_xcom.py
[2025-01-12 14:12:05,371] {processor.py:623} INFO - DAG(s) dict_keys(['example_xcom']) retrieved from /home/jorge/Desktop/MÁSTER/SEGUNDO CURSO/BDFI/practica_docker/env/lib/python3.8/site-packages/airflow/example_dags/example_xcom.py
[2025-01-12 14:12:05,381] {logging_mixin.py:109} INFO - [2025-01-12 14:12:05,381] {dag.py:1834} INFO - Sync 1 DAGs
[2025-01-12 14:12:05,387] {logging_mixin.py:109} INFO - [2025-01-12 14:12:05,387] {dag.py:2287} INFO - Setting next_dagrun for example_xcom to 2025-01-10 00:00:00+00:00
[2025-01-12 14:12:05,398] {processor.py:170} INFO - Processing /home/jorge/Desktop/MÁSTER/SEGUNDO CURSO/BDFI/practica_docker/env/lib/python3.8/site-packages/airflow/example_dags/example_xcom.py took 0.036 seconds
[2025-01-12 14:12:39,029] {processor.py:162} INFO - Started process (PID=285665) to work on /home/jorge/Desktop/MÁSTER/SEGUNDO CURSO/BDFI/practica_docker/env/lib/python3.8/site-packages/airflow/example_dags/example_xcom.py
[2025-01-12 14:12:39,030] {processor.py:613} INFO - Processing file /home/jorge/Desktop/MÁSTER/SEGUNDO CURSO/BDFI/practica_docker/env/lib/python3.8/site-packages/airflow/example_dags/example_xcom.py for tasks to queue
[2025-01-12 14:12:39,030] {logging_mixin.py:109} INFO - [2025-01-12 14:12:39,030] {dagbag.py:496} INFO - Filling up the DagBag from /home/jorge/Desktop/MÁSTER/SEGUNDO CURSO/BDFI/practica_docker/env/lib/python3.8/site-packages/airflow/example_dags/example_xcom.py
[2025-01-12 14:12:39,037] {processor.py:623} INFO - DAG(s) dict_keys(['example_xcom']) retrieved from /home/jorge/Desktop/MÁSTER/SEGUNDO CURSO/BDFI/practica_docker/env/lib/python3.8/site-packages/airflow/example_dags/example_xcom.py
[2025-01-12 14:12:39,047] {logging_mixin.py:109} INFO - [2025-01-12 14:12:39,047] {dag.py:1834} INFO - Sync 1 DAGs
[2025-01-12 14:12:39,052] {logging_mixin.py:109} INFO - [2025-01-12 14:12:39,052] {dag.py:2287} INFO - Setting next_dagrun for example_xcom to 2025-01-10 00:00:00+00:00
[2025-01-12 14:12:39,060] {processor.py:170} INFO - Processing /home/jorge/Desktop/MÁSTER/SEGUNDO CURSO/BDFI/practica_docker/env/lib/python3.8/site-packages/airflow/example_dags/example_xcom.py took 0.034 seconds
[2025-01-12 14:13:12,489] {processor.py:162} INFO - Started process (PID=285819) to work on /home/jorge/Desktop/MÁSTER/SEGUNDO CURSO/BDFI/practica_docker/env/lib/python3.8/site-packages/airflow/example_dags/example_xcom.py
[2025-01-12 14:13:12,490] {processor.py:613} INFO - Processing file /home/jorge/Desktop/MÁSTER/SEGUNDO CURSO/BDFI/practica_docker/env/lib/python3.8/site-packages/airflow/example_dags/example_xcom.py for tasks to queue
[2025-01-12 14:13:12,490] {logging_mixin.py:109} INFO - [2025-01-12 14:13:12,490] {dagbag.py:496} INFO - Filling up the DagBag from /home/jorge/Desktop/MÁSTER/SEGUNDO CURSO/BDFI/practica_docker/env/lib/python3.8/site-packages/airflow/example_dags/example_xcom.py
[2025-01-12 14:13:12,497] {processor.py:623} INFO - DAG(s) dict_keys(['example_xcom']) retrieved from /home/jorge/Desktop/MÁSTER/SEGUNDO CURSO/BDFI/practica_docker/env/lib/python3.8/site-packages/airflow/example_dags/example_xcom.py
[2025-01-12 14:13:12,511] {logging_mixin.py:109} INFO - [2025-01-12 14:13:12,511] {dag.py:1834} INFO - Sync 1 DAGs
[2025-01-12 14:13:12,519] {logging_mixin.py:109} INFO - [2025-01-12 14:13:12,519] {dag.py:2287} INFO - Setting next_dagrun for example_xcom to 2025-01-10 00:00:00+00:00
[2025-01-12 14:13:12,528] {processor.py:170} INFO - Processing /home/jorge/Desktop/MÁSTER/SEGUNDO CURSO/BDFI/practica_docker/env/lib/python3.8/site-packages/airflow/example_dags/example_xcom.py took 0.041 seconds
[2025-01-12 14:13:45,753] {processor.py:162} INFO - Started process (PID=285987) to work on /home/jorge/Desktop/MÁSTER/SEGUNDO CURSO/BDFI/practica_docker/env/lib/python3.8/site-packages/airflow/example_dags/example_xcom.py
[2025-01-12 14:13:45,766] {processor.py:613} INFO - Processing file /home/jorge/Desktop/MÁSTER/SEGUNDO CURSO/BDFI/practica_docker/env/lib/python3.8/site-packages/airflow/example_dags/example_xcom.py for tasks to queue
[2025-01-12 14:13:45,767] {logging_mixin.py:109} INFO - [2025-01-12 14:13:45,767] {dagbag.py:496} INFO - Filling up the DagBag from /home/jorge/Desktop/MÁSTER/SEGUNDO CURSO/BDFI/practica_docker/env/lib/python3.8/site-packages/airflow/example_dags/example_xcom.py
[2025-01-12 14:13:45,772] {processor.py:623} INFO - DAG(s) dict_keys(['example_xcom']) retrieved from /home/jorge/Desktop/MÁSTER/SEGUNDO CURSO/BDFI/practica_docker/env/lib/python3.8/site-packages/airflow/example_dags/example_xcom.py
[2025-01-12 14:13:45,781] {logging_mixin.py:109} INFO - [2025-01-12 14:13:45,780] {dag.py:1834} INFO - Sync 1 DAGs
[2025-01-12 14:13:45,788] {logging_mixin.py:109} INFO - [2025-01-12 14:13:45,788] {dag.py:2287} INFO - Setting next_dagrun for example_xcom to 2025-01-10 00:00:00+00:00
[2025-01-12 14:13:45,798] {processor.py:170} INFO - Processing /home/jorge/Desktop/MÁSTER/SEGUNDO CURSO/BDFI/practica_docker/env/lib/python3.8/site-packages/airflow/example_dags/example_xcom.py took 0.048 seconds
[2025-01-12 14:14:17,187] {processor.py:162} INFO - Started process (PID=286129) to work on /home/jorge/Desktop/MÁSTER/SEGUNDO CURSO/BDFI/practica_docker/env/lib/python3.8/site-packages/airflow/example_dags/example_xcom.py
[2025-01-12 14:14:17,188] {processor.py:613} INFO - Processing file /home/jorge/Desktop/MÁSTER/SEGUNDO CURSO/BDFI/practica_docker/env/lib/python3.8/site-packages/airflow/example_dags/example_xcom.py for tasks to queue
[2025-01-12 14:14:17,189] {logging_mixin.py:109} INFO - [2025-01-12 14:14:17,189] {dagbag.py:496} INFO - Filling up the DagBag from /home/jorge/Desktop/MÁSTER/SEGUNDO CURSO/BDFI/practica_docker/env/lib/python3.8/site-packages/airflow/example_dags/example_xcom.py
[2025-01-12 14:14:17,204] {processor.py:623} INFO - DAG(s) dict_keys(['example_xcom']) retrieved from /home/jorge/Desktop/MÁSTER/SEGUNDO CURSO/BDFI/practica_docker/env/lib/python3.8/site-packages/airflow/example_dags/example_xcom.py
[2025-01-12 14:14:17,228] {logging_mixin.py:109} INFO - [2025-01-12 14:14:17,227] {dag.py:1834} INFO - Sync 1 DAGs
[2025-01-12 14:14:17,240] {logging_mixin.py:109} INFO - [2025-01-12 14:14:17,240] {dag.py:2287} INFO - Setting next_dagrun for example_xcom to 2025-01-10 00:00:00+00:00
[2025-01-12 14:14:17,255] {processor.py:170} INFO - Processing /home/jorge/Desktop/MÁSTER/SEGUNDO CURSO/BDFI/practica_docker/env/lib/python3.8/site-packages/airflow/example_dags/example_xcom.py took 0.074 seconds
[2025-01-12 14:14:50,657] {processor.py:162} INFO - Started process (PID=286294) to work on /home/jorge/Desktop/MÁSTER/SEGUNDO CURSO/BDFI/practica_docker/env/lib/python3.8/site-packages/airflow/example_dags/example_xcom.py
[2025-01-12 14:14:50,658] {processor.py:613} INFO - Processing file /home/jorge/Desktop/MÁSTER/SEGUNDO CURSO/BDFI/practica_docker/env/lib/python3.8/site-packages/airflow/example_dags/example_xcom.py for tasks to queue
[2025-01-12 14:14:50,659] {logging_mixin.py:109} INFO - [2025-01-12 14:14:50,659] {dagbag.py:496} INFO - Filling up the DagBag from /home/jorge/Desktop/MÁSTER/SEGUNDO CURSO/BDFI/practica_docker/env/lib/python3.8/site-packages/airflow/example_dags/example_xcom.py
[2025-01-12 14:14:50,664] {processor.py:623} INFO - DAG(s) dict_keys(['example_xcom']) retrieved from /home/jorge/Desktop/MÁSTER/SEGUNDO CURSO/BDFI/practica_docker/env/lib/python3.8/site-packages/airflow/example_dags/example_xcom.py
[2025-01-12 14:14:50,672] {logging_mixin.py:109} INFO - [2025-01-12 14:14:50,672] {dag.py:1834} INFO - Sync 1 DAGs
[2025-01-12 14:14:50,676] {logging_mixin.py:109} INFO - [2025-01-12 14:14:50,676] {dag.py:2287} INFO - Setting next_dagrun for example_xcom to 2025-01-10 00:00:00+00:00
[2025-01-12 14:14:50,683] {processor.py:170} INFO - Processing /home/jorge/Desktop/MÁSTER/SEGUNDO CURSO/BDFI/practica_docker/env/lib/python3.8/site-packages/airflow/example_dags/example_xcom.py took 0.027 seconds
[2025-01-12 14:15:22,855] {processor.py:162} INFO - Started process (PID=286697) to work on /home/jorge/Desktop/MÁSTER/SEGUNDO CURSO/BDFI/practica_docker/env/lib/python3.8/site-packages/airflow/example_dags/example_xcom.py
[2025-01-12 14:15:22,870] {processor.py:613} INFO - Processing file /home/jorge/Desktop/MÁSTER/SEGUNDO CURSO/BDFI/practica_docker/env/lib/python3.8/site-packages/airflow/example_dags/example_xcom.py for tasks to queue
[2025-01-12 14:15:22,870] {logging_mixin.py:109} INFO - [2025-01-12 14:15:22,870] {dagbag.py:496} INFO - Filling up the DagBag from /home/jorge/Desktop/MÁSTER/SEGUNDO CURSO/BDFI/practica_docker/env/lib/python3.8/site-packages/airflow/example_dags/example_xcom.py
[2025-01-12 14:15:22,878] {processor.py:623} INFO - DAG(s) dict_keys(['example_xcom']) retrieved from /home/jorge/Desktop/MÁSTER/SEGUNDO CURSO/BDFI/practica_docker/env/lib/python3.8/site-packages/airflow/example_dags/example_xcom.py
[2025-01-12 14:15:22,889] {logging_mixin.py:109} INFO - [2025-01-12 14:15:22,889] {dag.py:1834} INFO - Sync 1 DAGs
[2025-01-12 14:15:22,894] {logging_mixin.py:109} INFO - [2025-01-12 14:15:22,894] {dag.py:2287} INFO - Setting next_dagrun for example_xcom to 2025-01-10 00:00:00+00:00
[2025-01-12 14:15:22,903] {processor.py:170} INFO - Processing /home/jorge/Desktop/MÁSTER/SEGUNDO CURSO/BDFI/practica_docker/env/lib/python3.8/site-packages/airflow/example_dags/example_xcom.py took 0.052 seconds
[2025-01-12 14:16:08,040] {processor.py:162} INFO - Started process (PID=289807) to work on /home/jorge/Desktop/MÁSTER/SEGUNDO CURSO/BDFI/practica_docker/env/lib/python3.8/site-packages/airflow/example_dags/example_xcom.py
[2025-01-12 14:16:08,046] {processor.py:613} INFO - Processing file /home/jorge/Desktop/MÁSTER/SEGUNDO CURSO/BDFI/practica_docker/env/lib/python3.8/site-packages/airflow/example_dags/example_xcom.py for tasks to queue
[2025-01-12 14:16:08,046] {logging_mixin.py:109} INFO - [2025-01-12 14:16:08,046] {dagbag.py:496} INFO - Filling up the DagBag from /home/jorge/Desktop/MÁSTER/SEGUNDO CURSO/BDFI/practica_docker/env/lib/python3.8/site-packages/airflow/example_dags/example_xcom.py
[2025-01-12 14:16:08,051] {processor.py:623} INFO - DAG(s) dict_keys(['example_xcom']) retrieved from /home/jorge/Desktop/MÁSTER/SEGUNDO CURSO/BDFI/practica_docker/env/lib/python3.8/site-packages/airflow/example_dags/example_xcom.py
[2025-01-12 14:16:08,061] {logging_mixin.py:109} INFO - [2025-01-12 14:16:08,061] {dag.py:1834} INFO - Sync 1 DAGs
[2025-01-12 14:16:08,068] {logging_mixin.py:109} INFO - [2025-01-12 14:16:08,068] {dag.py:2287} INFO - Setting next_dagrun for example_xcom to 2025-01-10 00:00:00+00:00
[2025-01-12 14:16:08,081] {processor.py:170} INFO - Processing /home/jorge/Desktop/MÁSTER/SEGUNDO CURSO/BDFI/practica_docker/env/lib/python3.8/site-packages/airflow/example_dags/example_xcom.py took 0.043 seconds
[2025-01-12 14:16:43,207] {processor.py:162} INFO - Started process (PID=290244) to work on /home/jorge/Desktop/MÁSTER/SEGUNDO CURSO/BDFI/practica_docker/env/lib/python3.8/site-packages/airflow/example_dags/example_xcom.py
[2025-01-12 14:16:43,209] {processor.py:613} INFO - Processing file /home/jorge/Desktop/MÁSTER/SEGUNDO CURSO/BDFI/practica_docker/env/lib/python3.8/site-packages/airflow/example_dags/example_xcom.py for tasks to queue
[2025-01-12 14:16:43,210] {logging_mixin.py:109} INFO - [2025-01-12 14:16:43,209] {dagbag.py:496} INFO - Filling up the DagBag from /home/jorge/Desktop/MÁSTER/SEGUNDO CURSO/BDFI/practica_docker/env/lib/python3.8/site-packages/airflow/example_dags/example_xcom.py
[2025-01-12 14:16:43,220] {processor.py:623} INFO - DAG(s) dict_keys(['example_xcom']) retrieved from /home/jorge/Desktop/MÁSTER/SEGUNDO CURSO/BDFI/practica_docker/env/lib/python3.8/site-packages/airflow/example_dags/example_xcom.py
[2025-01-12 14:16:43,239] {logging_mixin.py:109} INFO - [2025-01-12 14:16:43,239] {dag.py:1834} INFO - Sync 1 DAGs
[2025-01-12 14:16:43,251] {logging_mixin.py:109} INFO - [2025-01-12 14:16:43,251] {dag.py:2287} INFO - Setting next_dagrun for example_xcom to 2025-01-10 00:00:00+00:00
[2025-01-12 14:16:43,267] {processor.py:170} INFO - Processing /home/jorge/Desktop/MÁSTER/SEGUNDO CURSO/BDFI/practica_docker/env/lib/python3.8/site-packages/airflow/example_dags/example_xcom.py took 0.063 seconds
[2025-01-12 14:17:18,568] {processor.py:162} INFO - Started process (PID=290932) to work on /home/jorge/Desktop/MÁSTER/SEGUNDO CURSO/BDFI/practica_docker/env/lib/python3.8/site-packages/airflow/example_dags/example_xcom.py
[2025-01-12 14:17:18,572] {processor.py:613} INFO - Processing file /home/jorge/Desktop/MÁSTER/SEGUNDO CURSO/BDFI/practica_docker/env/lib/python3.8/site-packages/airflow/example_dags/example_xcom.py for tasks to queue
[2025-01-12 14:17:18,573] {logging_mixin.py:109} INFO - [2025-01-12 14:17:18,573] {dagbag.py:496} INFO - Filling up the DagBag from /home/jorge/Desktop/MÁSTER/SEGUNDO CURSO/BDFI/practica_docker/env/lib/python3.8/site-packages/airflow/example_dags/example_xcom.py
[2025-01-12 14:17:18,583] {processor.py:623} INFO - DAG(s) dict_keys(['example_xcom']) retrieved from /home/jorge/Desktop/MÁSTER/SEGUNDO CURSO/BDFI/practica_docker/env/lib/python3.8/site-packages/airflow/example_dags/example_xcom.py
[2025-01-12 14:17:18,601] {logging_mixin.py:109} INFO - [2025-01-12 14:17:18,601] {dag.py:1834} INFO - Sync 1 DAGs
[2025-01-12 14:17:18,610] {logging_mixin.py:109} INFO - [2025-01-12 14:17:18,609] {dag.py:2287} INFO - Setting next_dagrun for example_xcom to 2025-01-10 00:00:00+00:00
[2025-01-12 14:17:18,623] {processor.py:170} INFO - Processing /home/jorge/Desktop/MÁSTER/SEGUNDO CURSO/BDFI/practica_docker/env/lib/python3.8/site-packages/airflow/example_dags/example_xcom.py took 0.061 seconds
[2025-01-12 14:17:51,788] {processor.py:162} INFO - Started process (PID=291095) to work on /home/jorge/Desktop/MÁSTER/SEGUNDO CURSO/BDFI/practica_docker/env/lib/python3.8/site-packages/airflow/example_dags/example_xcom.py
[2025-01-12 14:17:51,789] {processor.py:613} INFO - Processing file /home/jorge/Desktop/MÁSTER/SEGUNDO CURSO/BDFI/practica_docker/env/lib/python3.8/site-packages/airflow/example_dags/example_xcom.py for tasks to queue
[2025-01-12 14:17:51,790] {logging_mixin.py:109} INFO - [2025-01-12 14:17:51,790] {dagbag.py:496} INFO - Filling up the DagBag from /home/jorge/Desktop/MÁSTER/SEGUNDO CURSO/BDFI/practica_docker/env/lib/python3.8/site-packages/airflow/example_dags/example_xcom.py
[2025-01-12 14:17:51,802] {processor.py:623} INFO - DAG(s) dict_keys(['example_xcom']) retrieved from /home/jorge/Desktop/MÁSTER/SEGUNDO CURSO/BDFI/practica_docker/env/lib/python3.8/site-packages/airflow/example_dags/example_xcom.py
[2025-01-12 14:17:51,822] {logging_mixin.py:109} INFO - [2025-01-12 14:17:51,822] {dag.py:1834} INFO - Sync 1 DAGs
[2025-01-12 14:17:51,834] {logging_mixin.py:109} INFO - [2025-01-12 14:17:51,834] {dag.py:2287} INFO - Setting next_dagrun for example_xcom to 2025-01-10 00:00:00+00:00
[2025-01-12 14:17:51,848] {processor.py:170} INFO - Processing /home/jorge/Desktop/MÁSTER/SEGUNDO CURSO/BDFI/practica_docker/env/lib/python3.8/site-packages/airflow/example_dags/example_xcom.py took 0.063 seconds
[2025-01-12 14:18:25,017] {processor.py:162} INFO - Started process (PID=291260) to work on /home/jorge/Desktop/MÁSTER/SEGUNDO CURSO/BDFI/practica_docker/env/lib/python3.8/site-packages/airflow/example_dags/example_xcom.py
[2025-01-12 14:18:25,019] {processor.py:613} INFO - Processing file /home/jorge/Desktop/MÁSTER/SEGUNDO CURSO/BDFI/practica_docker/env/lib/python3.8/site-packages/airflow/example_dags/example_xcom.py for tasks to queue
[2025-01-12 14:18:25,019] {logging_mixin.py:109} INFO - [2025-01-12 14:18:25,019] {dagbag.py:496} INFO - Filling up the DagBag from /home/jorge/Desktop/MÁSTER/SEGUNDO CURSO/BDFI/practica_docker/env/lib/python3.8/site-packages/airflow/example_dags/example_xcom.py
[2025-01-12 14:18:25,025] {processor.py:623} INFO - DAG(s) dict_keys(['example_xcom']) retrieved from /home/jorge/Desktop/MÁSTER/SEGUNDO CURSO/BDFI/practica_docker/env/lib/python3.8/site-packages/airflow/example_dags/example_xcom.py
[2025-01-12 14:18:25,036] {logging_mixin.py:109} INFO - [2025-01-12 14:18:25,036] {dag.py:1834} INFO - Sync 1 DAGs
[2025-01-12 14:18:25,046] {logging_mixin.py:109} INFO - [2025-01-12 14:18:25,046] {dag.py:2287} INFO - Setting next_dagrun for example_xcom to 2025-01-10 00:00:00+00:00
[2025-01-12 14:18:25,066] {processor.py:170} INFO - Processing /home/jorge/Desktop/MÁSTER/SEGUNDO CURSO/BDFI/practica_docker/env/lib/python3.8/site-packages/airflow/example_dags/example_xcom.py took 0.051 seconds
[2025-01-12 14:18:57,900] {processor.py:162} INFO - Started process (PID=291881) to work on /home/jorge/Desktop/MÁSTER/SEGUNDO CURSO/BDFI/practica_docker/env/lib/python3.8/site-packages/airflow/example_dags/example_xcom.py
[2025-01-12 14:18:57,901] {processor.py:613} INFO - Processing file /home/jorge/Desktop/MÁSTER/SEGUNDO CURSO/BDFI/practica_docker/env/lib/python3.8/site-packages/airflow/example_dags/example_xcom.py for tasks to queue
[2025-01-12 14:18:57,902] {logging_mixin.py:109} INFO - [2025-01-12 14:18:57,902] {dagbag.py:496} INFO - Filling up the DagBag from /home/jorge/Desktop/MÁSTER/SEGUNDO CURSO/BDFI/practica_docker/env/lib/python3.8/site-packages/airflow/example_dags/example_xcom.py
[2025-01-12 14:18:57,909] {processor.py:623} INFO - DAG(s) dict_keys(['example_xcom']) retrieved from /home/jorge/Desktop/MÁSTER/SEGUNDO CURSO/BDFI/practica_docker/env/lib/python3.8/site-packages/airflow/example_dags/example_xcom.py
[2025-01-12 14:18:57,921] {logging_mixin.py:109} INFO - [2025-01-12 14:18:57,921] {dag.py:1834} INFO - Sync 1 DAGs
[2025-01-12 14:18:57,929] {logging_mixin.py:109} INFO - [2025-01-12 14:18:57,929] {dag.py:2287} INFO - Setting next_dagrun for example_xcom to 2025-01-10 00:00:00+00:00
[2025-01-12 14:18:57,945] {processor.py:170} INFO - Processing /home/jorge/Desktop/MÁSTER/SEGUNDO CURSO/BDFI/practica_docker/env/lib/python3.8/site-packages/airflow/example_dags/example_xcom.py took 0.048 seconds
[2025-01-12 14:19:33,617] {processor.py:162} INFO - Started process (PID=292804) to work on /home/jorge/Desktop/MÁSTER/SEGUNDO CURSO/BDFI/practica_docker/env/lib/python3.8/site-packages/airflow/example_dags/example_xcom.py
[2025-01-12 14:19:33,623] {processor.py:613} INFO - Processing file /home/jorge/Desktop/MÁSTER/SEGUNDO CURSO/BDFI/practica_docker/env/lib/python3.8/site-packages/airflow/example_dags/example_xcom.py for tasks to queue
[2025-01-12 14:19:33,625] {logging_mixin.py:109} INFO - [2025-01-12 14:19:33,624] {dagbag.py:496} INFO - Filling up the DagBag from /home/jorge/Desktop/MÁSTER/SEGUNDO CURSO/BDFI/practica_docker/env/lib/python3.8/site-packages/airflow/example_dags/example_xcom.py
[2025-01-12 14:19:33,650] {processor.py:623} INFO - DAG(s) dict_keys(['example_xcom']) retrieved from /home/jorge/Desktop/MÁSTER/SEGUNDO CURSO/BDFI/practica_docker/env/lib/python3.8/site-packages/airflow/example_dags/example_xcom.py
[2025-01-12 14:19:33,682] {logging_mixin.py:109} INFO - [2025-01-12 14:19:33,681] {dag.py:1834} INFO - Sync 1 DAGs
[2025-01-12 14:19:33,704] {logging_mixin.py:109} INFO - [2025-01-12 14:19:33,704] {dag.py:2287} INFO - Setting next_dagrun for example_xcom to 2025-01-10 00:00:00+00:00
[2025-01-12 14:19:33,737] {processor.py:170} INFO - Processing /home/jorge/Desktop/MÁSTER/SEGUNDO CURSO/BDFI/practica_docker/env/lib/python3.8/site-packages/airflow/example_dags/example_xcom.py took 0.129 seconds
[2025-01-12 14:20:07,724] {processor.py:162} INFO - Started process (PID=293134) to work on /home/jorge/Desktop/MÁSTER/SEGUNDO CURSO/BDFI/practica_docker/env/lib/python3.8/site-packages/airflow/example_dags/example_xcom.py
[2025-01-12 14:20:07,731] {processor.py:613} INFO - Processing file /home/jorge/Desktop/MÁSTER/SEGUNDO CURSO/BDFI/practica_docker/env/lib/python3.8/site-packages/airflow/example_dags/example_xcom.py for tasks to queue
[2025-01-12 14:20:07,732] {logging_mixin.py:109} INFO - [2025-01-12 14:20:07,732] {dagbag.py:496} INFO - Filling up the DagBag from /home/jorge/Desktop/MÁSTER/SEGUNDO CURSO/BDFI/practica_docker/env/lib/python3.8/site-packages/airflow/example_dags/example_xcom.py
[2025-01-12 14:20:07,739] {processor.py:623} INFO - DAG(s) dict_keys(['example_xcom']) retrieved from /home/jorge/Desktop/MÁSTER/SEGUNDO CURSO/BDFI/practica_docker/env/lib/python3.8/site-packages/airflow/example_dags/example_xcom.py
[2025-01-12 14:20:07,749] {logging_mixin.py:109} INFO - [2025-01-12 14:20:07,749] {dag.py:1834} INFO - Sync 1 DAGs
[2025-01-12 14:20:07,756] {logging_mixin.py:109} INFO - [2025-01-12 14:20:07,756] {dag.py:2287} INFO - Setting next_dagrun for example_xcom to 2025-01-10 00:00:00+00:00
[2025-01-12 14:20:07,765] {processor.py:170} INFO - Processing /home/jorge/Desktop/MÁSTER/SEGUNDO CURSO/BDFI/practica_docker/env/lib/python3.8/site-packages/airflow/example_dags/example_xcom.py took 0.045 seconds
[2025-01-12 14:20:45,845] {processor.py:162} INFO - Started process (PID=293295) to work on /home/jorge/Desktop/MÁSTER/SEGUNDO CURSO/BDFI/practica_docker/env/lib/python3.8/site-packages/airflow/example_dags/example_xcom.py
[2025-01-12 14:20:45,846] {processor.py:613} INFO - Processing file /home/jorge/Desktop/MÁSTER/SEGUNDO CURSO/BDFI/practica_docker/env/lib/python3.8/site-packages/airflow/example_dags/example_xcom.py for tasks to queue
[2025-01-12 14:20:45,849] {logging_mixin.py:109} INFO - [2025-01-12 14:20:45,848] {dagbag.py:496} INFO - Filling up the DagBag from /home/jorge/Desktop/MÁSTER/SEGUNDO CURSO/BDFI/practica_docker/env/lib/python3.8/site-packages/airflow/example_dags/example_xcom.py
[2025-01-12 14:20:45,878] {processor.py:623} INFO - DAG(s) dict_keys(['example_xcom']) retrieved from /home/jorge/Desktop/MÁSTER/SEGUNDO CURSO/BDFI/practica_docker/env/lib/python3.8/site-packages/airflow/example_dags/example_xcom.py
[2025-01-12 14:20:45,911] {logging_mixin.py:109} INFO - [2025-01-12 14:20:45,911] {dag.py:1834} INFO - Sync 1 DAGs
[2025-01-12 14:20:45,934] {logging_mixin.py:109} INFO - [2025-01-12 14:20:45,933] {dag.py:2287} INFO - Setting next_dagrun for example_xcom to 2025-01-10 00:00:00+00:00
[2025-01-12 14:20:45,972] {processor.py:170} INFO - Processing /home/jorge/Desktop/MÁSTER/SEGUNDO CURSO/BDFI/practica_docker/env/lib/python3.8/site-packages/airflow/example_dags/example_xcom.py took 0.133 seconds
