[2025-01-12 13:51:24,721] {processor.py:162} INFO - Started process (PID=281113) to work on /home/jorge/Desktop/MÁSTER/SEGUNDO CURSO/BDFI/practica_docker/env/lib/python3.8/site-packages/airflow/example_dags/example_complex.py
[2025-01-12 13:51:24,723] {processor.py:613} INFO - Processing file /home/jorge/Desktop/MÁSTER/SEGUNDO CURSO/BDFI/practica_docker/env/lib/python3.8/site-packages/airflow/example_dags/example_complex.py for tasks to queue
[2025-01-12 13:51:24,724] {logging_mixin.py:109} INFO - [2025-01-12 13:51:24,724] {dagbag.py:496} INFO - Filling up the DagBag from /home/jorge/Desktop/MÁSTER/SEGUNDO CURSO/BDFI/practica_docker/env/lib/python3.8/site-packages/airflow/example_dags/example_complex.py
[2025-01-12 13:51:24,741] {processor.py:623} INFO - DAG(s) dict_keys(['example_complex']) retrieved from /home/jorge/Desktop/MÁSTER/SEGUNDO CURSO/BDFI/practica_docker/env/lib/python3.8/site-packages/airflow/example_dags/example_complex.py
[2025-01-12 13:51:24,759] {logging_mixin.py:109} INFO - [2025-01-12 13:51:24,759] {dag.py:1834} INFO - Sync 1 DAGs
[2025-01-12 13:51:24,766] {logging_mixin.py:109} INFO - [2025-01-12 13:51:24,765] {dag.py:2287} INFO - Setting next_dagrun for example_complex to None
[2025-01-12 13:51:24,774] {processor.py:170} INFO - Processing /home/jorge/Desktop/MÁSTER/SEGUNDO CURSO/BDFI/practica_docker/env/lib/python3.8/site-packages/airflow/example_dags/example_complex.py took 0.058 seconds
[2025-01-12 13:51:58,916] {processor.py:162} INFO - Started process (PID=281301) to work on /home/jorge/Desktop/MÁSTER/SEGUNDO CURSO/BDFI/practica_docker/env/lib/python3.8/site-packages/airflow/example_dags/example_complex.py
[2025-01-12 13:51:58,923] {processor.py:613} INFO - Processing file /home/jorge/Desktop/MÁSTER/SEGUNDO CURSO/BDFI/practica_docker/env/lib/python3.8/site-packages/airflow/example_dags/example_complex.py for tasks to queue
[2025-01-12 13:51:58,924] {logging_mixin.py:109} INFO - [2025-01-12 13:51:58,924] {dagbag.py:496} INFO - Filling up the DagBag from /home/jorge/Desktop/MÁSTER/SEGUNDO CURSO/BDFI/practica_docker/env/lib/python3.8/site-packages/airflow/example_dags/example_complex.py
[2025-01-12 13:51:58,941] {processor.py:623} INFO - DAG(s) dict_keys(['example_complex']) retrieved from /home/jorge/Desktop/MÁSTER/SEGUNDO CURSO/BDFI/practica_docker/env/lib/python3.8/site-packages/airflow/example_dags/example_complex.py
[2025-01-12 13:51:58,954] {logging_mixin.py:109} INFO - [2025-01-12 13:51:58,954] {dag.py:1834} INFO - Sync 1 DAGs
[2025-01-12 13:51:58,960] {logging_mixin.py:109} INFO - [2025-01-12 13:51:58,960] {dag.py:2287} INFO - Setting next_dagrun for example_complex to None
[2025-01-12 13:51:58,968] {processor.py:170} INFO - Processing /home/jorge/Desktop/MÁSTER/SEGUNDO CURSO/BDFI/practica_docker/env/lib/python3.8/site-packages/airflow/example_dags/example_complex.py took 0.055 seconds
[2025-01-12 13:52:31,867] {processor.py:162} INFO - Started process (PID=281461) to work on /home/jorge/Desktop/MÁSTER/SEGUNDO CURSO/BDFI/practica_docker/env/lib/python3.8/site-packages/airflow/example_dags/example_complex.py
[2025-01-12 13:52:31,868] {processor.py:613} INFO - Processing file /home/jorge/Desktop/MÁSTER/SEGUNDO CURSO/BDFI/practica_docker/env/lib/python3.8/site-packages/airflow/example_dags/example_complex.py for tasks to queue
[2025-01-12 13:52:31,868] {logging_mixin.py:109} INFO - [2025-01-12 13:52:31,868] {dagbag.py:496} INFO - Filling up the DagBag from /home/jorge/Desktop/MÁSTER/SEGUNDO CURSO/BDFI/practica_docker/env/lib/python3.8/site-packages/airflow/example_dags/example_complex.py
[2025-01-12 13:52:31,883] {processor.py:623} INFO - DAG(s) dict_keys(['example_complex']) retrieved from /home/jorge/Desktop/MÁSTER/SEGUNDO CURSO/BDFI/practica_docker/env/lib/python3.8/site-packages/airflow/example_dags/example_complex.py
[2025-01-12 13:52:31,900] {logging_mixin.py:109} INFO - [2025-01-12 13:52:31,900] {dag.py:1834} INFO - Sync 1 DAGs
[2025-01-12 13:52:31,908] {logging_mixin.py:109} INFO - [2025-01-12 13:52:31,908] {dag.py:2287} INFO - Setting next_dagrun for example_complex to None
[2025-01-12 13:52:31,918] {processor.py:170} INFO - Processing /home/jorge/Desktop/MÁSTER/SEGUNDO CURSO/BDFI/practica_docker/env/lib/python3.8/site-packages/airflow/example_dags/example_complex.py took 0.054 seconds
[2025-01-12 13:53:14,940] {processor.py:162} INFO - Started process (PID=281735) to work on /home/jorge/Desktop/MÁSTER/SEGUNDO CURSO/BDFI/practica_docker/env/lib/python3.8/site-packages/airflow/example_dags/example_complex.py
[2025-01-12 13:53:14,941] {processor.py:613} INFO - Processing file /home/jorge/Desktop/MÁSTER/SEGUNDO CURSO/BDFI/practica_docker/env/lib/python3.8/site-packages/airflow/example_dags/example_complex.py for tasks to queue
[2025-01-12 13:53:14,942] {logging_mixin.py:109} INFO - [2025-01-12 13:53:14,942] {dagbag.py:496} INFO - Filling up the DagBag from /home/jorge/Desktop/MÁSTER/SEGUNDO CURSO/BDFI/practica_docker/env/lib/python3.8/site-packages/airflow/example_dags/example_complex.py
[2025-01-12 13:53:14,957] {processor.py:623} INFO - DAG(s) dict_keys(['example_complex']) retrieved from /home/jorge/Desktop/MÁSTER/SEGUNDO CURSO/BDFI/practica_docker/env/lib/python3.8/site-packages/airflow/example_dags/example_complex.py
[2025-01-12 13:53:14,971] {logging_mixin.py:109} INFO - [2025-01-12 13:53:14,971] {dag.py:1834} INFO - Sync 1 DAGs
[2025-01-12 13:53:14,978] {logging_mixin.py:109} INFO - [2025-01-12 13:53:14,978] {dag.py:2287} INFO - Setting next_dagrun for example_complex to None
[2025-01-12 13:53:14,987] {processor.py:170} INFO - Processing /home/jorge/Desktop/MÁSTER/SEGUNDO CURSO/BDFI/practica_docker/env/lib/python3.8/site-packages/airflow/example_dags/example_complex.py took 0.050 seconds
[2025-01-12 13:53:48,595] {processor.py:162} INFO - Started process (PID=281899) to work on /home/jorge/Desktop/MÁSTER/SEGUNDO CURSO/BDFI/practica_docker/env/lib/python3.8/site-packages/airflow/example_dags/example_complex.py
[2025-01-12 13:53:48,596] {processor.py:613} INFO - Processing file /home/jorge/Desktop/MÁSTER/SEGUNDO CURSO/BDFI/practica_docker/env/lib/python3.8/site-packages/airflow/example_dags/example_complex.py for tasks to queue
[2025-01-12 13:53:48,597] {logging_mixin.py:109} INFO - [2025-01-12 13:53:48,597] {dagbag.py:496} INFO - Filling up the DagBag from /home/jorge/Desktop/MÁSTER/SEGUNDO CURSO/BDFI/practica_docker/env/lib/python3.8/site-packages/airflow/example_dags/example_complex.py
[2025-01-12 13:53:48,616] {processor.py:623} INFO - DAG(s) dict_keys(['example_complex']) retrieved from /home/jorge/Desktop/MÁSTER/SEGUNDO CURSO/BDFI/practica_docker/env/lib/python3.8/site-packages/airflow/example_dags/example_complex.py
[2025-01-12 13:53:48,632] {logging_mixin.py:109} INFO - [2025-01-12 13:53:48,632] {dag.py:1834} INFO - Sync 1 DAGs
[2025-01-12 13:53:48,641] {logging_mixin.py:109} INFO - [2025-01-12 13:53:48,640] {dag.py:2287} INFO - Setting next_dagrun for example_complex to None
[2025-01-12 13:53:48,657] {processor.py:170} INFO - Processing /home/jorge/Desktop/MÁSTER/SEGUNDO CURSO/BDFI/practica_docker/env/lib/python3.8/site-packages/airflow/example_dags/example_complex.py took 0.065 seconds
[2025-01-12 13:54:22,991] {processor.py:162} INFO - Started process (PID=282070) to work on /home/jorge/Desktop/MÁSTER/SEGUNDO CURSO/BDFI/practica_docker/env/lib/python3.8/site-packages/airflow/example_dags/example_complex.py
[2025-01-12 13:54:22,993] {processor.py:613} INFO - Processing file /home/jorge/Desktop/MÁSTER/SEGUNDO CURSO/BDFI/practica_docker/env/lib/python3.8/site-packages/airflow/example_dags/example_complex.py for tasks to queue
[2025-01-12 13:54:22,994] {logging_mixin.py:109} INFO - [2025-01-12 13:54:22,994] {dagbag.py:496} INFO - Filling up the DagBag from /home/jorge/Desktop/MÁSTER/SEGUNDO CURSO/BDFI/practica_docker/env/lib/python3.8/site-packages/airflow/example_dags/example_complex.py
[2025-01-12 13:54:23,013] {processor.py:623} INFO - DAG(s) dict_keys(['example_complex']) retrieved from /home/jorge/Desktop/MÁSTER/SEGUNDO CURSO/BDFI/practica_docker/env/lib/python3.8/site-packages/airflow/example_dags/example_complex.py
[2025-01-12 13:54:23,027] {logging_mixin.py:109} INFO - [2025-01-12 13:54:23,027] {dag.py:1834} INFO - Sync 1 DAGs
[2025-01-12 13:54:23,033] {logging_mixin.py:109} INFO - [2025-01-12 13:54:23,033] {dag.py:2287} INFO - Setting next_dagrun for example_complex to None
[2025-01-12 13:54:23,044] {processor.py:170} INFO - Processing /home/jorge/Desktop/MÁSTER/SEGUNDO CURSO/BDFI/practica_docker/env/lib/python3.8/site-packages/airflow/example_dags/example_complex.py took 0.056 seconds
[2025-01-12 13:54:56,434] {processor.py:162} INFO - Started process (PID=282221) to work on /home/jorge/Desktop/MÁSTER/SEGUNDO CURSO/BDFI/practica_docker/env/lib/python3.8/site-packages/airflow/example_dags/example_complex.py
[2025-01-12 13:54:56,435] {processor.py:613} INFO - Processing file /home/jorge/Desktop/MÁSTER/SEGUNDO CURSO/BDFI/practica_docker/env/lib/python3.8/site-packages/airflow/example_dags/example_complex.py for tasks to queue
[2025-01-12 13:54:56,436] {logging_mixin.py:109} INFO - [2025-01-12 13:54:56,436] {dagbag.py:496} INFO - Filling up the DagBag from /home/jorge/Desktop/MÁSTER/SEGUNDO CURSO/BDFI/practica_docker/env/lib/python3.8/site-packages/airflow/example_dags/example_complex.py
[2025-01-12 13:54:56,457] {processor.py:623} INFO - DAG(s) dict_keys(['example_complex']) retrieved from /home/jorge/Desktop/MÁSTER/SEGUNDO CURSO/BDFI/practica_docker/env/lib/python3.8/site-packages/airflow/example_dags/example_complex.py
[2025-01-12 13:54:56,473] {logging_mixin.py:109} INFO - [2025-01-12 13:54:56,473] {dag.py:1834} INFO - Sync 1 DAGs
[2025-01-12 13:54:56,478] {logging_mixin.py:109} INFO - [2025-01-12 13:54:56,478] {dag.py:2287} INFO - Setting next_dagrun for example_complex to None
[2025-01-12 13:54:56,489] {processor.py:170} INFO - Processing /home/jorge/Desktop/MÁSTER/SEGUNDO CURSO/BDFI/practica_docker/env/lib/python3.8/site-packages/airflow/example_dags/example_complex.py took 0.056 seconds
[2025-01-12 13:55:29,136] {processor.py:162} INFO - Started process (PID=282390) to work on /home/jorge/Desktop/MÁSTER/SEGUNDO CURSO/BDFI/practica_docker/env/lib/python3.8/site-packages/airflow/example_dags/example_complex.py
[2025-01-12 13:55:29,139] {processor.py:613} INFO - Processing file /home/jorge/Desktop/MÁSTER/SEGUNDO CURSO/BDFI/practica_docker/env/lib/python3.8/site-packages/airflow/example_dags/example_complex.py for tasks to queue
[2025-01-12 13:55:29,140] {logging_mixin.py:109} INFO - [2025-01-12 13:55:29,140] {dagbag.py:496} INFO - Filling up the DagBag from /home/jorge/Desktop/MÁSTER/SEGUNDO CURSO/BDFI/practica_docker/env/lib/python3.8/site-packages/airflow/example_dags/example_complex.py
[2025-01-12 13:55:29,169] {processor.py:623} INFO - DAG(s) dict_keys(['example_complex']) retrieved from /home/jorge/Desktop/MÁSTER/SEGUNDO CURSO/BDFI/practica_docker/env/lib/python3.8/site-packages/airflow/example_dags/example_complex.py
[2025-01-12 13:55:29,191] {logging_mixin.py:109} INFO - [2025-01-12 13:55:29,190] {dag.py:1834} INFO - Sync 1 DAGs
[2025-01-12 13:55:29,201] {logging_mixin.py:109} INFO - [2025-01-12 13:55:29,201] {dag.py:2287} INFO - Setting next_dagrun for example_complex to None
[2025-01-12 13:55:29,215] {processor.py:170} INFO - Processing /home/jorge/Desktop/MÁSTER/SEGUNDO CURSO/BDFI/practica_docker/env/lib/python3.8/site-packages/airflow/example_dags/example_complex.py took 0.083 seconds
[2025-01-12 13:56:04,681] {processor.py:162} INFO - Started process (PID=282710) to work on /home/jorge/Desktop/MÁSTER/SEGUNDO CURSO/BDFI/practica_docker/env/lib/python3.8/site-packages/airflow/example_dags/example_complex.py
[2025-01-12 13:56:04,682] {processor.py:613} INFO - Processing file /home/jorge/Desktop/MÁSTER/SEGUNDO CURSO/BDFI/practica_docker/env/lib/python3.8/site-packages/airflow/example_dags/example_complex.py for tasks to queue
[2025-01-12 13:56:04,682] {logging_mixin.py:109} INFO - [2025-01-12 13:56:04,682] {dagbag.py:496} INFO - Filling up the DagBag from /home/jorge/Desktop/MÁSTER/SEGUNDO CURSO/BDFI/practica_docker/env/lib/python3.8/site-packages/airflow/example_dags/example_complex.py
[2025-01-12 13:56:04,712] {processor.py:623} INFO - DAG(s) dict_keys(['example_complex']) retrieved from /home/jorge/Desktop/MÁSTER/SEGUNDO CURSO/BDFI/practica_docker/env/lib/python3.8/site-packages/airflow/example_dags/example_complex.py
[2025-01-12 13:56:04,730] {logging_mixin.py:109} INFO - [2025-01-12 13:56:04,730] {dag.py:1834} INFO - Sync 1 DAGs
[2025-01-12 13:56:04,739] {logging_mixin.py:109} INFO - [2025-01-12 13:56:04,739] {dag.py:2287} INFO - Setting next_dagrun for example_complex to None
[2025-01-12 13:56:04,753] {processor.py:170} INFO - Processing /home/jorge/Desktop/MÁSTER/SEGUNDO CURSO/BDFI/practica_docker/env/lib/python3.8/site-packages/airflow/example_dags/example_complex.py took 0.075 seconds
[2025-01-12 13:56:40,520] {processor.py:162} INFO - Started process (PID=282974) to work on /home/jorge/Desktop/MÁSTER/SEGUNDO CURSO/BDFI/practica_docker/env/lib/python3.8/site-packages/airflow/example_dags/example_complex.py
[2025-01-12 13:56:40,521] {processor.py:613} INFO - Processing file /home/jorge/Desktop/MÁSTER/SEGUNDO CURSO/BDFI/practica_docker/env/lib/python3.8/site-packages/airflow/example_dags/example_complex.py for tasks to queue
[2025-01-12 13:56:40,522] {logging_mixin.py:109} INFO - [2025-01-12 13:56:40,522] {dagbag.py:496} INFO - Filling up the DagBag from /home/jorge/Desktop/MÁSTER/SEGUNDO CURSO/BDFI/practica_docker/env/lib/python3.8/site-packages/airflow/example_dags/example_complex.py
[2025-01-12 13:56:40,564] {processor.py:623} INFO - DAG(s) dict_keys(['example_complex']) retrieved from /home/jorge/Desktop/MÁSTER/SEGUNDO CURSO/BDFI/practica_docker/env/lib/python3.8/site-packages/airflow/example_dags/example_complex.py
[2025-01-12 13:56:40,591] {logging_mixin.py:109} INFO - [2025-01-12 13:56:40,591] {dag.py:1834} INFO - Sync 1 DAGs
[2025-01-12 13:56:40,600] {logging_mixin.py:109} INFO - [2025-01-12 13:56:40,600] {dag.py:2287} INFO - Setting next_dagrun for example_complex to None
[2025-01-12 13:56:40,617] {processor.py:170} INFO - Processing /home/jorge/Desktop/MÁSTER/SEGUNDO CURSO/BDFI/practica_docker/env/lib/python3.8/site-packages/airflow/example_dags/example_complex.py took 0.100 seconds
[2025-01-12 13:57:17,658] {processor.py:162} INFO - Started process (PID=283173) to work on /home/jorge/Desktop/MÁSTER/SEGUNDO CURSO/BDFI/practica_docker/env/lib/python3.8/site-packages/airflow/example_dags/example_complex.py
[2025-01-12 13:57:17,659] {processor.py:613} INFO - Processing file /home/jorge/Desktop/MÁSTER/SEGUNDO CURSO/BDFI/practica_docker/env/lib/python3.8/site-packages/airflow/example_dags/example_complex.py for tasks to queue
[2025-01-12 13:57:17,659] {logging_mixin.py:109} INFO - [2025-01-12 13:57:17,659] {dagbag.py:496} INFO - Filling up the DagBag from /home/jorge/Desktop/MÁSTER/SEGUNDO CURSO/BDFI/practica_docker/env/lib/python3.8/site-packages/airflow/example_dags/example_complex.py
[2025-01-12 13:57:17,683] {processor.py:623} INFO - DAG(s) dict_keys(['example_complex']) retrieved from /home/jorge/Desktop/MÁSTER/SEGUNDO CURSO/BDFI/practica_docker/env/lib/python3.8/site-packages/airflow/example_dags/example_complex.py
[2025-01-12 13:57:17,707] {logging_mixin.py:109} INFO - [2025-01-12 13:57:17,707] {dag.py:1834} INFO - Sync 1 DAGs
[2025-01-12 13:57:17,719] {logging_mixin.py:109} INFO - [2025-01-12 13:57:17,719] {dag.py:2287} INFO - Setting next_dagrun for example_complex to None
[2025-01-12 13:57:17,737] {processor.py:170} INFO - Processing /home/jorge/Desktop/MÁSTER/SEGUNDO CURSO/BDFI/practica_docker/env/lib/python3.8/site-packages/airflow/example_dags/example_complex.py took 0.082 seconds
[2025-01-12 13:57:52,608] {processor.py:162} INFO - Started process (PID=283320) to work on /home/jorge/Desktop/MÁSTER/SEGUNDO CURSO/BDFI/practica_docker/env/lib/python3.8/site-packages/airflow/example_dags/example_complex.py
[2025-01-12 13:57:52,610] {processor.py:613} INFO - Processing file /home/jorge/Desktop/MÁSTER/SEGUNDO CURSO/BDFI/practica_docker/env/lib/python3.8/site-packages/airflow/example_dags/example_complex.py for tasks to queue
[2025-01-12 13:57:52,611] {logging_mixin.py:109} INFO - [2025-01-12 13:57:52,611] {dagbag.py:496} INFO - Filling up the DagBag from /home/jorge/Desktop/MÁSTER/SEGUNDO CURSO/BDFI/practica_docker/env/lib/python3.8/site-packages/airflow/example_dags/example_complex.py
[2025-01-12 13:57:52,651] {processor.py:623} INFO - DAG(s) dict_keys(['example_complex']) retrieved from /home/jorge/Desktop/MÁSTER/SEGUNDO CURSO/BDFI/practica_docker/env/lib/python3.8/site-packages/airflow/example_dags/example_complex.py
[2025-01-12 13:57:52,673] {logging_mixin.py:109} INFO - [2025-01-12 13:57:52,673] {dag.py:1834} INFO - Sync 1 DAGs
[2025-01-12 13:57:52,682] {logging_mixin.py:109} INFO - [2025-01-12 13:57:52,682] {dag.py:2287} INFO - Setting next_dagrun for example_complex to None
[2025-01-12 13:57:52,695] {processor.py:170} INFO - Processing /home/jorge/Desktop/MÁSTER/SEGUNDO CURSO/BDFI/practica_docker/env/lib/python3.8/site-packages/airflow/example_dags/example_complex.py took 0.090 seconds
[2025-01-12 14:06:15,413] {processor.py:162} INFO - Started process (PID=283764) to work on /home/jorge/Desktop/MÁSTER/SEGUNDO CURSO/BDFI/practica_docker/env/lib/python3.8/site-packages/airflow/example_dags/example_complex.py
[2025-01-12 14:06:15,414] {processor.py:613} INFO - Processing file /home/jorge/Desktop/MÁSTER/SEGUNDO CURSO/BDFI/practica_docker/env/lib/python3.8/site-packages/airflow/example_dags/example_complex.py for tasks to queue
[2025-01-12 14:06:15,414] {logging_mixin.py:109} INFO - [2025-01-12 14:06:15,414] {dagbag.py:496} INFO - Filling up the DagBag from /home/jorge/Desktop/MÁSTER/SEGUNDO CURSO/BDFI/practica_docker/env/lib/python3.8/site-packages/airflow/example_dags/example_complex.py
[2025-01-12 14:06:15,425] {processor.py:623} INFO - DAG(s) dict_keys(['example_complex']) retrieved from /home/jorge/Desktop/MÁSTER/SEGUNDO CURSO/BDFI/practica_docker/env/lib/python3.8/site-packages/airflow/example_dags/example_complex.py
[2025-01-12 14:06:15,436] {logging_mixin.py:109} INFO - [2025-01-12 14:06:15,436] {dag.py:1834} INFO - Sync 1 DAGs
[2025-01-12 14:06:15,441] {logging_mixin.py:109} INFO - [2025-01-12 14:06:15,441] {dag.py:2287} INFO - Setting next_dagrun for example_complex to None
[2025-01-12 14:06:15,450] {processor.py:170} INFO - Processing /home/jorge/Desktop/MÁSTER/SEGUNDO CURSO/BDFI/practica_docker/env/lib/python3.8/site-packages/airflow/example_dags/example_complex.py took 0.039 seconds
[2025-01-12 14:06:48,044] {processor.py:162} INFO - Started process (PID=283920) to work on /home/jorge/Desktop/MÁSTER/SEGUNDO CURSO/BDFI/practica_docker/env/lib/python3.8/site-packages/airflow/example_dags/example_complex.py
[2025-01-12 14:06:48,051] {processor.py:613} INFO - Processing file /home/jorge/Desktop/MÁSTER/SEGUNDO CURSO/BDFI/practica_docker/env/lib/python3.8/site-packages/airflow/example_dags/example_complex.py for tasks to queue
[2025-01-12 14:06:48,052] {logging_mixin.py:109} INFO - [2025-01-12 14:06:48,051] {dagbag.py:496} INFO - Filling up the DagBag from /home/jorge/Desktop/MÁSTER/SEGUNDO CURSO/BDFI/practica_docker/env/lib/python3.8/site-packages/airflow/example_dags/example_complex.py
[2025-01-12 14:06:48,067] {processor.py:623} INFO - DAG(s) dict_keys(['example_complex']) retrieved from /home/jorge/Desktop/MÁSTER/SEGUNDO CURSO/BDFI/practica_docker/env/lib/python3.8/site-packages/airflow/example_dags/example_complex.py
[2025-01-12 14:06:48,077] {logging_mixin.py:109} INFO - [2025-01-12 14:06:48,077] {dag.py:1834} INFO - Sync 1 DAGs
[2025-01-12 14:06:48,081] {logging_mixin.py:109} INFO - [2025-01-12 14:06:48,081] {dag.py:2287} INFO - Setting next_dagrun for example_complex to None
[2025-01-12 14:06:48,089] {processor.py:170} INFO - Processing /home/jorge/Desktop/MÁSTER/SEGUNDO CURSO/BDFI/practica_docker/env/lib/python3.8/site-packages/airflow/example_dags/example_complex.py took 0.048 seconds
[2025-01-12 14:07:21,310] {processor.py:162} INFO - Started process (PID=284064) to work on /home/jorge/Desktop/MÁSTER/SEGUNDO CURSO/BDFI/practica_docker/env/lib/python3.8/site-packages/airflow/example_dags/example_complex.py
[2025-01-12 14:07:21,311] {processor.py:613} INFO - Processing file /home/jorge/Desktop/MÁSTER/SEGUNDO CURSO/BDFI/practica_docker/env/lib/python3.8/site-packages/airflow/example_dags/example_complex.py for tasks to queue
[2025-01-12 14:07:21,312] {logging_mixin.py:109} INFO - [2025-01-12 14:07:21,312] {dagbag.py:496} INFO - Filling up the DagBag from /home/jorge/Desktop/MÁSTER/SEGUNDO CURSO/BDFI/practica_docker/env/lib/python3.8/site-packages/airflow/example_dags/example_complex.py
[2025-01-12 14:07:21,325] {processor.py:623} INFO - DAG(s) dict_keys(['example_complex']) retrieved from /home/jorge/Desktop/MÁSTER/SEGUNDO CURSO/BDFI/practica_docker/env/lib/python3.8/site-packages/airflow/example_dags/example_complex.py
[2025-01-12 14:07:21,336] {logging_mixin.py:109} INFO - [2025-01-12 14:07:21,335] {dag.py:1834} INFO - Sync 1 DAGs
[2025-01-12 14:07:21,340] {logging_mixin.py:109} INFO - [2025-01-12 14:07:21,340] {dag.py:2287} INFO - Setting next_dagrun for example_complex to None
[2025-01-12 14:07:21,348] {processor.py:170} INFO - Processing /home/jorge/Desktop/MÁSTER/SEGUNDO CURSO/BDFI/practica_docker/env/lib/python3.8/site-packages/airflow/example_dags/example_complex.py took 0.041 seconds
[2025-01-12 14:07:54,904] {processor.py:162} INFO - Started process (PID=284221) to work on /home/jorge/Desktop/MÁSTER/SEGUNDO CURSO/BDFI/practica_docker/env/lib/python3.8/site-packages/airflow/example_dags/example_complex.py
[2025-01-12 14:07:54,905] {processor.py:613} INFO - Processing file /home/jorge/Desktop/MÁSTER/SEGUNDO CURSO/BDFI/practica_docker/env/lib/python3.8/site-packages/airflow/example_dags/example_complex.py for tasks to queue
[2025-01-12 14:07:54,906] {logging_mixin.py:109} INFO - [2025-01-12 14:07:54,906] {dagbag.py:496} INFO - Filling up the DagBag from /home/jorge/Desktop/MÁSTER/SEGUNDO CURSO/BDFI/practica_docker/env/lib/python3.8/site-packages/airflow/example_dags/example_complex.py
[2025-01-12 14:07:54,920] {processor.py:623} INFO - DAG(s) dict_keys(['example_complex']) retrieved from /home/jorge/Desktop/MÁSTER/SEGUNDO CURSO/BDFI/practica_docker/env/lib/python3.8/site-packages/airflow/example_dags/example_complex.py
[2025-01-12 14:07:54,930] {logging_mixin.py:109} INFO - [2025-01-12 14:07:54,930] {dag.py:1834} INFO - Sync 1 DAGs
[2025-01-12 14:07:54,935] {logging_mixin.py:109} INFO - [2025-01-12 14:07:54,935] {dag.py:2287} INFO - Setting next_dagrun for example_complex to None
[2025-01-12 14:07:54,943] {processor.py:170} INFO - Processing /home/jorge/Desktop/MÁSTER/SEGUNDO CURSO/BDFI/practica_docker/env/lib/python3.8/site-packages/airflow/example_dags/example_complex.py took 0.042 seconds
[2025-01-12 14:08:26,420] {processor.py:162} INFO - Started process (PID=284358) to work on /home/jorge/Desktop/MÁSTER/SEGUNDO CURSO/BDFI/practica_docker/env/lib/python3.8/site-packages/airflow/example_dags/example_complex.py
[2025-01-12 14:08:26,421] {processor.py:613} INFO - Processing file /home/jorge/Desktop/MÁSTER/SEGUNDO CURSO/BDFI/practica_docker/env/lib/python3.8/site-packages/airflow/example_dags/example_complex.py for tasks to queue
[2025-01-12 14:08:26,422] {logging_mixin.py:109} INFO - [2025-01-12 14:08:26,422] {dagbag.py:496} INFO - Filling up the DagBag from /home/jorge/Desktop/MÁSTER/SEGUNDO CURSO/BDFI/practica_docker/env/lib/python3.8/site-packages/airflow/example_dags/example_complex.py
[2025-01-12 14:08:26,436] {processor.py:623} INFO - DAG(s) dict_keys(['example_complex']) retrieved from /home/jorge/Desktop/MÁSTER/SEGUNDO CURSO/BDFI/practica_docker/env/lib/python3.8/site-packages/airflow/example_dags/example_complex.py
[2025-01-12 14:08:26,449] {logging_mixin.py:109} INFO - [2025-01-12 14:08:26,449] {dag.py:1834} INFO - Sync 1 DAGs
[2025-01-12 14:08:26,454] {logging_mixin.py:109} INFO - [2025-01-12 14:08:26,453] {dag.py:2287} INFO - Setting next_dagrun for example_complex to None
[2025-01-12 14:08:26,462] {processor.py:170} INFO - Processing /home/jorge/Desktop/MÁSTER/SEGUNDO CURSO/BDFI/practica_docker/env/lib/python3.8/site-packages/airflow/example_dags/example_complex.py took 0.046 seconds
[2025-01-12 14:08:59,692] {processor.py:162} INFO - Started process (PID=284516) to work on /home/jorge/Desktop/MÁSTER/SEGUNDO CURSO/BDFI/practica_docker/env/lib/python3.8/site-packages/airflow/example_dags/example_complex.py
[2025-01-12 14:08:59,694] {processor.py:613} INFO - Processing file /home/jorge/Desktop/MÁSTER/SEGUNDO CURSO/BDFI/practica_docker/env/lib/python3.8/site-packages/airflow/example_dags/example_complex.py for tasks to queue
[2025-01-12 14:08:59,695] {logging_mixin.py:109} INFO - [2025-01-12 14:08:59,695] {dagbag.py:496} INFO - Filling up the DagBag from /home/jorge/Desktop/MÁSTER/SEGUNDO CURSO/BDFI/practica_docker/env/lib/python3.8/site-packages/airflow/example_dags/example_complex.py
[2025-01-12 14:08:59,708] {processor.py:623} INFO - DAG(s) dict_keys(['example_complex']) retrieved from /home/jorge/Desktop/MÁSTER/SEGUNDO CURSO/BDFI/practica_docker/env/lib/python3.8/site-packages/airflow/example_dags/example_complex.py
[2025-01-12 14:08:59,718] {logging_mixin.py:109} INFO - [2025-01-12 14:08:59,718] {dag.py:1834} INFO - Sync 1 DAGs
[2025-01-12 14:08:59,722] {logging_mixin.py:109} INFO - [2025-01-12 14:08:59,722] {dag.py:2287} INFO - Setting next_dagrun for example_complex to None
[2025-01-12 14:08:59,730] {processor.py:170} INFO - Processing /home/jorge/Desktop/MÁSTER/SEGUNDO CURSO/BDFI/practica_docker/env/lib/python3.8/site-packages/airflow/example_dags/example_complex.py took 0.041 seconds
[2025-01-12 14:09:33,092] {processor.py:162} INFO - Started process (PID=284664) to work on /home/jorge/Desktop/MÁSTER/SEGUNDO CURSO/BDFI/practica_docker/env/lib/python3.8/site-packages/airflow/example_dags/example_complex.py
[2025-01-12 14:09:33,099] {processor.py:613} INFO - Processing file /home/jorge/Desktop/MÁSTER/SEGUNDO CURSO/BDFI/practica_docker/env/lib/python3.8/site-packages/airflow/example_dags/example_complex.py for tasks to queue
[2025-01-12 14:09:33,100] {logging_mixin.py:109} INFO - [2025-01-12 14:09:33,100] {dagbag.py:496} INFO - Filling up the DagBag from /home/jorge/Desktop/MÁSTER/SEGUNDO CURSO/BDFI/practica_docker/env/lib/python3.8/site-packages/airflow/example_dags/example_complex.py
[2025-01-12 14:09:33,116] {processor.py:623} INFO - DAG(s) dict_keys(['example_complex']) retrieved from /home/jorge/Desktop/MÁSTER/SEGUNDO CURSO/BDFI/practica_docker/env/lib/python3.8/site-packages/airflow/example_dags/example_complex.py
[2025-01-12 14:09:33,128] {logging_mixin.py:109} INFO - [2025-01-12 14:09:33,128] {dag.py:1834} INFO - Sync 1 DAGs
[2025-01-12 14:09:33,132] {logging_mixin.py:109} INFO - [2025-01-12 14:09:33,132] {dag.py:2287} INFO - Setting next_dagrun for example_complex to None
[2025-01-12 14:09:33,141] {processor.py:170} INFO - Processing /home/jorge/Desktop/MÁSTER/SEGUNDO CURSO/BDFI/practica_docker/env/lib/python3.8/site-packages/airflow/example_dags/example_complex.py took 0.052 seconds
[2025-01-12 14:10:06,744] {processor.py:162} INFO - Started process (PID=284833) to work on /home/jorge/Desktop/MÁSTER/SEGUNDO CURSO/BDFI/practica_docker/env/lib/python3.8/site-packages/airflow/example_dags/example_complex.py
[2025-01-12 14:10:06,746] {processor.py:613} INFO - Processing file /home/jorge/Desktop/MÁSTER/SEGUNDO CURSO/BDFI/practica_docker/env/lib/python3.8/site-packages/airflow/example_dags/example_complex.py for tasks to queue
[2025-01-12 14:10:06,747] {logging_mixin.py:109} INFO - [2025-01-12 14:10:06,747] {dagbag.py:496} INFO - Filling up the DagBag from /home/jorge/Desktop/MÁSTER/SEGUNDO CURSO/BDFI/practica_docker/env/lib/python3.8/site-packages/airflow/example_dags/example_complex.py
[2025-01-12 14:10:06,764] {processor.py:623} INFO - DAG(s) dict_keys(['example_complex']) retrieved from /home/jorge/Desktop/MÁSTER/SEGUNDO CURSO/BDFI/practica_docker/env/lib/python3.8/site-packages/airflow/example_dags/example_complex.py
[2025-01-12 14:10:06,782] {logging_mixin.py:109} INFO - [2025-01-12 14:10:06,782] {dag.py:1834} INFO - Sync 1 DAGs
[2025-01-12 14:10:06,788] {logging_mixin.py:109} INFO - [2025-01-12 14:10:06,788] {dag.py:2287} INFO - Setting next_dagrun for example_complex to None
[2025-01-12 14:10:06,798] {processor.py:170} INFO - Processing /home/jorge/Desktop/MÁSTER/SEGUNDO CURSO/BDFI/practica_docker/env/lib/python3.8/site-packages/airflow/example_dags/example_complex.py took 0.058 seconds
[2025-01-12 14:10:39,258] {processor.py:162} INFO - Started process (PID=284972) to work on /home/jorge/Desktop/MÁSTER/SEGUNDO CURSO/BDFI/practica_docker/env/lib/python3.8/site-packages/airflow/example_dags/example_complex.py
[2025-01-12 14:10:39,259] {processor.py:613} INFO - Processing file /home/jorge/Desktop/MÁSTER/SEGUNDO CURSO/BDFI/practica_docker/env/lib/python3.8/site-packages/airflow/example_dags/example_complex.py for tasks to queue
[2025-01-12 14:10:39,260] {logging_mixin.py:109} INFO - [2025-01-12 14:10:39,259] {dagbag.py:496} INFO - Filling up the DagBag from /home/jorge/Desktop/MÁSTER/SEGUNDO CURSO/BDFI/practica_docker/env/lib/python3.8/site-packages/airflow/example_dags/example_complex.py
[2025-01-12 14:10:39,270] {processor.py:623} INFO - DAG(s) dict_keys(['example_complex']) retrieved from /home/jorge/Desktop/MÁSTER/SEGUNDO CURSO/BDFI/practica_docker/env/lib/python3.8/site-packages/airflow/example_dags/example_complex.py
[2025-01-12 14:10:39,284] {logging_mixin.py:109} INFO - [2025-01-12 14:10:39,284] {dag.py:1834} INFO - Sync 1 DAGs
[2025-01-12 14:10:39,290] {logging_mixin.py:109} INFO - [2025-01-12 14:10:39,290] {dag.py:2287} INFO - Setting next_dagrun for example_complex to None
[2025-01-12 14:10:39,299] {processor.py:170} INFO - Processing /home/jorge/Desktop/MÁSTER/SEGUNDO CURSO/BDFI/practica_docker/env/lib/python3.8/site-packages/airflow/example_dags/example_complex.py took 0.045 seconds
[2025-01-12 14:11:16,768] {processor.py:162} INFO - Started process (PID=285295) to work on /home/jorge/Desktop/MÁSTER/SEGUNDO CURSO/BDFI/practica_docker/env/lib/python3.8/site-packages/airflow/example_dags/example_complex.py
[2025-01-12 14:11:16,770] {processor.py:613} INFO - Processing file /home/jorge/Desktop/MÁSTER/SEGUNDO CURSO/BDFI/practica_docker/env/lib/python3.8/site-packages/airflow/example_dags/example_complex.py for tasks to queue
[2025-01-12 14:11:16,770] {logging_mixin.py:109} INFO - [2025-01-12 14:11:16,770] {dagbag.py:496} INFO - Filling up the DagBag from /home/jorge/Desktop/MÁSTER/SEGUNDO CURSO/BDFI/practica_docker/env/lib/python3.8/site-packages/airflow/example_dags/example_complex.py
[2025-01-12 14:11:16,782] {processor.py:623} INFO - DAG(s) dict_keys(['example_complex']) retrieved from /home/jorge/Desktop/MÁSTER/SEGUNDO CURSO/BDFI/practica_docker/env/lib/python3.8/site-packages/airflow/example_dags/example_complex.py
[2025-01-12 14:11:16,798] {logging_mixin.py:109} INFO - [2025-01-12 14:11:16,798] {dag.py:1834} INFO - Sync 1 DAGs
[2025-01-12 14:11:16,805] {logging_mixin.py:109} INFO - [2025-01-12 14:11:16,805] {dag.py:2287} INFO - Setting next_dagrun for example_complex to None
[2025-01-12 14:11:16,815] {processor.py:170} INFO - Processing /home/jorge/Desktop/MÁSTER/SEGUNDO CURSO/BDFI/practica_docker/env/lib/python3.8/site-packages/airflow/example_dags/example_complex.py took 0.049 seconds
[2025-01-12 14:11:50,207] {processor.py:162} INFO - Started process (PID=285451) to work on /home/jorge/Desktop/MÁSTER/SEGUNDO CURSO/BDFI/practica_docker/env/lib/python3.8/site-packages/airflow/example_dags/example_complex.py
[2025-01-12 14:11:50,212] {processor.py:613} INFO - Processing file /home/jorge/Desktop/MÁSTER/SEGUNDO CURSO/BDFI/practica_docker/env/lib/python3.8/site-packages/airflow/example_dags/example_complex.py for tasks to queue
[2025-01-12 14:11:50,213] {logging_mixin.py:109} INFO - [2025-01-12 14:11:50,213] {dagbag.py:496} INFO - Filling up the DagBag from /home/jorge/Desktop/MÁSTER/SEGUNDO CURSO/BDFI/practica_docker/env/lib/python3.8/site-packages/airflow/example_dags/example_complex.py
[2025-01-12 14:11:50,226] {processor.py:623} INFO - DAG(s) dict_keys(['example_complex']) retrieved from /home/jorge/Desktop/MÁSTER/SEGUNDO CURSO/BDFI/practica_docker/env/lib/python3.8/site-packages/airflow/example_dags/example_complex.py
[2025-01-12 14:11:50,243] {logging_mixin.py:109} INFO - [2025-01-12 14:11:50,243] {dag.py:1834} INFO - Sync 1 DAGs
[2025-01-12 14:11:50,252] {logging_mixin.py:109} INFO - [2025-01-12 14:11:50,252] {dag.py:2287} INFO - Setting next_dagrun for example_complex to None
[2025-01-12 14:11:50,265] {processor.py:170} INFO - Processing /home/jorge/Desktop/MÁSTER/SEGUNDO CURSO/BDFI/practica_docker/env/lib/python3.8/site-packages/airflow/example_dags/example_complex.py took 0.060 seconds
[2025-01-12 14:12:24,511] {processor.py:162} INFO - Started process (PID=285599) to work on /home/jorge/Desktop/MÁSTER/SEGUNDO CURSO/BDFI/practica_docker/env/lib/python3.8/site-packages/airflow/example_dags/example_complex.py
[2025-01-12 14:12:24,512] {processor.py:613} INFO - Processing file /home/jorge/Desktop/MÁSTER/SEGUNDO CURSO/BDFI/practica_docker/env/lib/python3.8/site-packages/airflow/example_dags/example_complex.py for tasks to queue
[2025-01-12 14:12:24,512] {logging_mixin.py:109} INFO - [2025-01-12 14:12:24,512] {dagbag.py:496} INFO - Filling up the DagBag from /home/jorge/Desktop/MÁSTER/SEGUNDO CURSO/BDFI/practica_docker/env/lib/python3.8/site-packages/airflow/example_dags/example_complex.py
[2025-01-12 14:12:24,525] {processor.py:623} INFO - DAG(s) dict_keys(['example_complex']) retrieved from /home/jorge/Desktop/MÁSTER/SEGUNDO CURSO/BDFI/practica_docker/env/lib/python3.8/site-packages/airflow/example_dags/example_complex.py
[2025-01-12 14:12:24,535] {logging_mixin.py:109} INFO - [2025-01-12 14:12:24,535] {dag.py:1834} INFO - Sync 1 DAGs
[2025-01-12 14:12:24,539] {logging_mixin.py:109} INFO - [2025-01-12 14:12:24,539] {dag.py:2287} INFO - Setting next_dagrun for example_complex to None
[2025-01-12 14:12:24,547] {processor.py:170} INFO - Processing /home/jorge/Desktop/MÁSTER/SEGUNDO CURSO/BDFI/practica_docker/env/lib/python3.8/site-packages/airflow/example_dags/example_complex.py took 0.039 seconds
[2025-01-12 14:12:57,958] {processor.py:162} INFO - Started process (PID=285753) to work on /home/jorge/Desktop/MÁSTER/SEGUNDO CURSO/BDFI/practica_docker/env/lib/python3.8/site-packages/airflow/example_dags/example_complex.py
[2025-01-12 14:12:57,959] {processor.py:613} INFO - Processing file /home/jorge/Desktop/MÁSTER/SEGUNDO CURSO/BDFI/practica_docker/env/lib/python3.8/site-packages/airflow/example_dags/example_complex.py for tasks to queue
[2025-01-12 14:12:57,960] {logging_mixin.py:109} INFO - [2025-01-12 14:12:57,960] {dagbag.py:496} INFO - Filling up the DagBag from /home/jorge/Desktop/MÁSTER/SEGUNDO CURSO/BDFI/practica_docker/env/lib/python3.8/site-packages/airflow/example_dags/example_complex.py
[2025-01-12 14:12:57,971] {processor.py:623} INFO - DAG(s) dict_keys(['example_complex']) retrieved from /home/jorge/Desktop/MÁSTER/SEGUNDO CURSO/BDFI/practica_docker/env/lib/python3.8/site-packages/airflow/example_dags/example_complex.py
[2025-01-12 14:12:57,986] {logging_mixin.py:109} INFO - [2025-01-12 14:12:57,985] {dag.py:1834} INFO - Sync 1 DAGs
[2025-01-12 14:12:57,991] {logging_mixin.py:109} INFO - [2025-01-12 14:12:57,991] {dag.py:2287} INFO - Setting next_dagrun for example_complex to None
[2025-01-12 14:12:58,002] {processor.py:170} INFO - Processing /home/jorge/Desktop/MÁSTER/SEGUNDO CURSO/BDFI/practica_docker/env/lib/python3.8/site-packages/airflow/example_dags/example_complex.py took 0.046 seconds
[2025-01-12 14:13:30,799] {processor.py:162} INFO - Started process (PID=285903) to work on /home/jorge/Desktop/MÁSTER/SEGUNDO CURSO/BDFI/practica_docker/env/lib/python3.8/site-packages/airflow/example_dags/example_complex.py
[2025-01-12 14:13:30,800] {processor.py:613} INFO - Processing file /home/jorge/Desktop/MÁSTER/SEGUNDO CURSO/BDFI/practica_docker/env/lib/python3.8/site-packages/airflow/example_dags/example_complex.py for tasks to queue
[2025-01-12 14:13:30,801] {logging_mixin.py:109} INFO - [2025-01-12 14:13:30,801] {dagbag.py:496} INFO - Filling up the DagBag from /home/jorge/Desktop/MÁSTER/SEGUNDO CURSO/BDFI/practica_docker/env/lib/python3.8/site-packages/airflow/example_dags/example_complex.py
[2025-01-12 14:13:30,813] {processor.py:623} INFO - DAG(s) dict_keys(['example_complex']) retrieved from /home/jorge/Desktop/MÁSTER/SEGUNDO CURSO/BDFI/practica_docker/env/lib/python3.8/site-packages/airflow/example_dags/example_complex.py
[2025-01-12 14:13:30,830] {logging_mixin.py:109} INFO - [2025-01-12 14:13:30,830] {dag.py:1834} INFO - Sync 1 DAGs
[2025-01-12 14:13:30,840] {logging_mixin.py:109} INFO - [2025-01-12 14:13:30,840] {dag.py:2287} INFO - Setting next_dagrun for example_complex to None
[2025-01-12 14:13:30,851] {processor.py:170} INFO - Processing /home/jorge/Desktop/MÁSTER/SEGUNDO CURSO/BDFI/practica_docker/env/lib/python3.8/site-packages/airflow/example_dags/example_complex.py took 0.055 seconds
[2025-01-12 14:14:02,943] {processor.py:162} INFO - Started process (PID=286061) to work on /home/jorge/Desktop/MÁSTER/SEGUNDO CURSO/BDFI/practica_docker/env/lib/python3.8/site-packages/airflow/example_dags/example_complex.py
[2025-01-12 14:14:02,950] {processor.py:613} INFO - Processing file /home/jorge/Desktop/MÁSTER/SEGUNDO CURSO/BDFI/practica_docker/env/lib/python3.8/site-packages/airflow/example_dags/example_complex.py for tasks to queue
[2025-01-12 14:14:02,952] {logging_mixin.py:109} INFO - [2025-01-12 14:14:02,951] {dagbag.py:496} INFO - Filling up the DagBag from /home/jorge/Desktop/MÁSTER/SEGUNDO CURSO/BDFI/practica_docker/env/lib/python3.8/site-packages/airflow/example_dags/example_complex.py
[2025-01-12 14:14:02,966] {processor.py:623} INFO - DAG(s) dict_keys(['example_complex']) retrieved from /home/jorge/Desktop/MÁSTER/SEGUNDO CURSO/BDFI/practica_docker/env/lib/python3.8/site-packages/airflow/example_dags/example_complex.py
[2025-01-12 14:14:02,977] {logging_mixin.py:109} INFO - [2025-01-12 14:14:02,976] {dag.py:1834} INFO - Sync 1 DAGs
[2025-01-12 14:14:02,982] {logging_mixin.py:109} INFO - [2025-01-12 14:14:02,982] {dag.py:2287} INFO - Setting next_dagrun for example_complex to None
[2025-01-12 14:14:02,990] {processor.py:170} INFO - Processing /home/jorge/Desktop/MÁSTER/SEGUNDO CURSO/BDFI/practica_docker/env/lib/python3.8/site-packages/airflow/example_dags/example_complex.py took 0.050 seconds
[2025-01-12 14:14:36,263] {processor.py:162} INFO - Started process (PID=286211) to work on /home/jorge/Desktop/MÁSTER/SEGUNDO CURSO/BDFI/practica_docker/env/lib/python3.8/site-packages/airflow/example_dags/example_complex.py
[2025-01-12 14:14:36,276] {processor.py:613} INFO - Processing file /home/jorge/Desktop/MÁSTER/SEGUNDO CURSO/BDFI/practica_docker/env/lib/python3.8/site-packages/airflow/example_dags/example_complex.py for tasks to queue
[2025-01-12 14:14:36,277] {logging_mixin.py:109} INFO - [2025-01-12 14:14:36,277] {dagbag.py:496} INFO - Filling up the DagBag from /home/jorge/Desktop/MÁSTER/SEGUNDO CURSO/BDFI/practica_docker/env/lib/python3.8/site-packages/airflow/example_dags/example_complex.py
[2025-01-12 14:14:36,291] {processor.py:623} INFO - DAG(s) dict_keys(['example_complex']) retrieved from /home/jorge/Desktop/MÁSTER/SEGUNDO CURSO/BDFI/practica_docker/env/lib/python3.8/site-packages/airflow/example_dags/example_complex.py
[2025-01-12 14:14:36,302] {logging_mixin.py:109} INFO - [2025-01-12 14:14:36,302] {dag.py:1834} INFO - Sync 1 DAGs
[2025-01-12 14:14:36,306] {logging_mixin.py:109} INFO - [2025-01-12 14:14:36,306] {dag.py:2287} INFO - Setting next_dagrun for example_complex to None
[2025-01-12 14:14:36,313] {processor.py:170} INFO - Processing /home/jorge/Desktop/MÁSTER/SEGUNDO CURSO/BDFI/practica_docker/env/lib/python3.8/site-packages/airflow/example_dags/example_complex.py took 0.054 seconds
[2025-01-12 14:15:08,853] {processor.py:162} INFO - Started process (PID=286570) to work on /home/jorge/Desktop/MÁSTER/SEGUNDO CURSO/BDFI/practica_docker/env/lib/python3.8/site-packages/airflow/example_dags/example_complex.py
[2025-01-12 14:15:08,860] {processor.py:613} INFO - Processing file /home/jorge/Desktop/MÁSTER/SEGUNDO CURSO/BDFI/practica_docker/env/lib/python3.8/site-packages/airflow/example_dags/example_complex.py for tasks to queue
[2025-01-12 14:15:08,860] {logging_mixin.py:109} INFO - [2025-01-12 14:15:08,860] {dagbag.py:496} INFO - Filling up the DagBag from /home/jorge/Desktop/MÁSTER/SEGUNDO CURSO/BDFI/practica_docker/env/lib/python3.8/site-packages/airflow/example_dags/example_complex.py
[2025-01-12 14:15:08,875] {processor.py:623} INFO - DAG(s) dict_keys(['example_complex']) retrieved from /home/jorge/Desktop/MÁSTER/SEGUNDO CURSO/BDFI/practica_docker/env/lib/python3.8/site-packages/airflow/example_dags/example_complex.py
[2025-01-12 14:15:08,885] {logging_mixin.py:109} INFO - [2025-01-12 14:15:08,885] {dag.py:1834} INFO - Sync 1 DAGs
[2025-01-12 14:15:08,890] {logging_mixin.py:109} INFO - [2025-01-12 14:15:08,890] {dag.py:2287} INFO - Setting next_dagrun for example_complex to None
[2025-01-12 14:15:08,897] {processor.py:170} INFO - Processing /home/jorge/Desktop/MÁSTER/SEGUNDO CURSO/BDFI/practica_docker/env/lib/python3.8/site-packages/airflow/example_dags/example_complex.py took 0.046 seconds
[2025-01-12 14:15:41,167] {processor.py:162} INFO - Started process (PID=286975) to work on /home/jorge/Desktop/MÁSTER/SEGUNDO CURSO/BDFI/practica_docker/env/lib/python3.8/site-packages/airflow/example_dags/example_complex.py
[2025-01-12 14:15:41,173] {processor.py:613} INFO - Processing file /home/jorge/Desktop/MÁSTER/SEGUNDO CURSO/BDFI/practica_docker/env/lib/python3.8/site-packages/airflow/example_dags/example_complex.py for tasks to queue
[2025-01-12 14:15:41,174] {logging_mixin.py:109} INFO - [2025-01-12 14:15:41,174] {dagbag.py:496} INFO - Filling up the DagBag from /home/jorge/Desktop/MÁSTER/SEGUNDO CURSO/BDFI/practica_docker/env/lib/python3.8/site-packages/airflow/example_dags/example_complex.py
[2025-01-12 14:15:41,187] {processor.py:623} INFO - DAG(s) dict_keys(['example_complex']) retrieved from /home/jorge/Desktop/MÁSTER/SEGUNDO CURSO/BDFI/practica_docker/env/lib/python3.8/site-packages/airflow/example_dags/example_complex.py
[2025-01-12 14:15:41,208] {logging_mixin.py:109} INFO - [2025-01-12 14:15:41,207] {dag.py:1834} INFO - Sync 1 DAGs
[2025-01-12 14:15:41,215] {logging_mixin.py:109} INFO - [2025-01-12 14:15:41,215] {dag.py:2287} INFO - Setting next_dagrun for example_complex to None
[2025-01-12 14:15:41,228] {processor.py:170} INFO - Processing /home/jorge/Desktop/MÁSTER/SEGUNDO CURSO/BDFI/practica_docker/env/lib/python3.8/site-packages/airflow/example_dags/example_complex.py took 0.063 seconds
[2025-01-12 14:16:27,439] {processor.py:162} INFO - Started process (PID=290041) to work on /home/jorge/Desktop/MÁSTER/SEGUNDO CURSO/BDFI/practica_docker/env/lib/python3.8/site-packages/airflow/example_dags/example_complex.py
[2025-01-12 14:16:27,441] {processor.py:613} INFO - Processing file /home/jorge/Desktop/MÁSTER/SEGUNDO CURSO/BDFI/practica_docker/env/lib/python3.8/site-packages/airflow/example_dags/example_complex.py for tasks to queue
[2025-01-12 14:16:27,442] {logging_mixin.py:109} INFO - [2025-01-12 14:16:27,441] {dagbag.py:496} INFO - Filling up the DagBag from /home/jorge/Desktop/MÁSTER/SEGUNDO CURSO/BDFI/practica_docker/env/lib/python3.8/site-packages/airflow/example_dags/example_complex.py
[2025-01-12 14:16:27,453] {processor.py:623} INFO - DAG(s) dict_keys(['example_complex']) retrieved from /home/jorge/Desktop/MÁSTER/SEGUNDO CURSO/BDFI/practica_docker/env/lib/python3.8/site-packages/airflow/example_dags/example_complex.py
[2025-01-12 14:16:27,467] {logging_mixin.py:109} INFO - [2025-01-12 14:16:27,467] {dag.py:1834} INFO - Sync 1 DAGs
[2025-01-12 14:16:27,473] {logging_mixin.py:109} INFO - [2025-01-12 14:16:27,473] {dag.py:2287} INFO - Setting next_dagrun for example_complex to None
[2025-01-12 14:16:27,482] {processor.py:170} INFO - Processing /home/jorge/Desktop/MÁSTER/SEGUNDO CURSO/BDFI/practica_docker/env/lib/python3.8/site-packages/airflow/example_dags/example_complex.py took 0.045 seconds
[2025-01-12 14:17:03,418] {processor.py:162} INFO - Started process (PID=290833) to work on /home/jorge/Desktop/MÁSTER/SEGUNDO CURSO/BDFI/practica_docker/env/lib/python3.8/site-packages/airflow/example_dags/example_complex.py
[2025-01-12 14:17:03,419] {processor.py:613} INFO - Processing file /home/jorge/Desktop/MÁSTER/SEGUNDO CURSO/BDFI/practica_docker/env/lib/python3.8/site-packages/airflow/example_dags/example_complex.py for tasks to queue
[2025-01-12 14:17:03,419] {logging_mixin.py:109} INFO - [2025-01-12 14:17:03,419] {dagbag.py:496} INFO - Filling up the DagBag from /home/jorge/Desktop/MÁSTER/SEGUNDO CURSO/BDFI/practica_docker/env/lib/python3.8/site-packages/airflow/example_dags/example_complex.py
[2025-01-12 14:17:03,432] {processor.py:623} INFO - DAG(s) dict_keys(['example_complex']) retrieved from /home/jorge/Desktop/MÁSTER/SEGUNDO CURSO/BDFI/practica_docker/env/lib/python3.8/site-packages/airflow/example_dags/example_complex.py
[2025-01-12 14:17:03,446] {logging_mixin.py:109} INFO - [2025-01-12 14:17:03,446] {dag.py:1834} INFO - Sync 1 DAGs
[2025-01-12 14:17:03,454] {logging_mixin.py:109} INFO - [2025-01-12 14:17:03,454] {dag.py:2287} INFO - Setting next_dagrun for example_complex to None
[2025-01-12 14:17:03,463] {processor.py:170} INFO - Processing /home/jorge/Desktop/MÁSTER/SEGUNDO CURSO/BDFI/practica_docker/env/lib/python3.8/site-packages/airflow/example_dags/example_complex.py took 0.048 seconds
[2025-01-12 14:17:37,153] {processor.py:162} INFO - Started process (PID=291017) to work on /home/jorge/Desktop/MÁSTER/SEGUNDO CURSO/BDFI/practica_docker/env/lib/python3.8/site-packages/airflow/example_dags/example_complex.py
[2025-01-12 14:17:37,154] {processor.py:613} INFO - Processing file /home/jorge/Desktop/MÁSTER/SEGUNDO CURSO/BDFI/practica_docker/env/lib/python3.8/site-packages/airflow/example_dags/example_complex.py for tasks to queue
[2025-01-12 14:17:37,155] {logging_mixin.py:109} INFO - [2025-01-12 14:17:37,154] {dagbag.py:496} INFO - Filling up the DagBag from /home/jorge/Desktop/MÁSTER/SEGUNDO CURSO/BDFI/practica_docker/env/lib/python3.8/site-packages/airflow/example_dags/example_complex.py
[2025-01-12 14:17:37,172] {processor.py:623} INFO - DAG(s) dict_keys(['example_complex']) retrieved from /home/jorge/Desktop/MÁSTER/SEGUNDO CURSO/BDFI/practica_docker/env/lib/python3.8/site-packages/airflow/example_dags/example_complex.py
[2025-01-12 14:17:37,194] {logging_mixin.py:109} INFO - [2025-01-12 14:17:37,194] {dag.py:1834} INFO - Sync 1 DAGs
[2025-01-12 14:17:37,204] {logging_mixin.py:109} INFO - [2025-01-12 14:17:37,204] {dag.py:2287} INFO - Setting next_dagrun for example_complex to None
[2025-01-12 14:17:37,217] {processor.py:170} INFO - Processing /home/jorge/Desktop/MÁSTER/SEGUNDO CURSO/BDFI/practica_docker/env/lib/python3.8/site-packages/airflow/example_dags/example_complex.py took 0.067 seconds
[2025-01-12 14:18:10,879] {processor.py:162} INFO - Started process (PID=291181) to work on /home/jorge/Desktop/MÁSTER/SEGUNDO CURSO/BDFI/practica_docker/env/lib/python3.8/site-packages/airflow/example_dags/example_complex.py
[2025-01-12 14:18:10,880] {processor.py:613} INFO - Processing file /home/jorge/Desktop/MÁSTER/SEGUNDO CURSO/BDFI/practica_docker/env/lib/python3.8/site-packages/airflow/example_dags/example_complex.py for tasks to queue
[2025-01-12 14:18:10,881] {logging_mixin.py:109} INFO - [2025-01-12 14:18:10,881] {dagbag.py:496} INFO - Filling up the DagBag from /home/jorge/Desktop/MÁSTER/SEGUNDO CURSO/BDFI/practica_docker/env/lib/python3.8/site-packages/airflow/example_dags/example_complex.py
[2025-01-12 14:18:10,895] {processor.py:623} INFO - DAG(s) dict_keys(['example_complex']) retrieved from /home/jorge/Desktop/MÁSTER/SEGUNDO CURSO/BDFI/practica_docker/env/lib/python3.8/site-packages/airflow/example_dags/example_complex.py
[2025-01-12 14:18:10,913] {logging_mixin.py:109} INFO - [2025-01-12 14:18:10,913] {dag.py:1834} INFO - Sync 1 DAGs
[2025-01-12 14:18:10,921] {logging_mixin.py:109} INFO - [2025-01-12 14:18:10,921] {dag.py:2287} INFO - Setting next_dagrun for example_complex to None
[2025-01-12 14:18:10,931] {processor.py:170} INFO - Processing /home/jorge/Desktop/MÁSTER/SEGUNDO CURSO/BDFI/practica_docker/env/lib/python3.8/site-packages/airflow/example_dags/example_complex.py took 0.055 seconds
[2025-01-12 14:18:43,566] {processor.py:162} INFO - Started process (PID=291705) to work on /home/jorge/Desktop/MÁSTER/SEGUNDO CURSO/BDFI/practica_docker/env/lib/python3.8/site-packages/airflow/example_dags/example_complex.py
[2025-01-12 14:18:43,573] {processor.py:613} INFO - Processing file /home/jorge/Desktop/MÁSTER/SEGUNDO CURSO/BDFI/practica_docker/env/lib/python3.8/site-packages/airflow/example_dags/example_complex.py for tasks to queue
[2025-01-12 14:18:43,574] {logging_mixin.py:109} INFO - [2025-01-12 14:18:43,574] {dagbag.py:496} INFO - Filling up the DagBag from /home/jorge/Desktop/MÁSTER/SEGUNDO CURSO/BDFI/practica_docker/env/lib/python3.8/site-packages/airflow/example_dags/example_complex.py
[2025-01-12 14:18:43,588] {processor.py:623} INFO - DAG(s) dict_keys(['example_complex']) retrieved from /home/jorge/Desktop/MÁSTER/SEGUNDO CURSO/BDFI/practica_docker/env/lib/python3.8/site-packages/airflow/example_dags/example_complex.py
[2025-01-12 14:18:43,599] {logging_mixin.py:109} INFO - [2025-01-12 14:18:43,599] {dag.py:1834} INFO - Sync 1 DAGs
[2025-01-12 14:18:43,605] {logging_mixin.py:109} INFO - [2025-01-12 14:18:43,605] {dag.py:2287} INFO - Setting next_dagrun for example_complex to None
[2025-01-12 14:18:43,613] {processor.py:170} INFO - Processing /home/jorge/Desktop/MÁSTER/SEGUNDO CURSO/BDFI/practica_docker/env/lib/python3.8/site-packages/airflow/example_dags/example_complex.py took 0.050 seconds
[2025-01-12 14:19:17,564] {processor.py:162} INFO - Started process (PID=292255) to work on /home/jorge/Desktop/MÁSTER/SEGUNDO CURSO/BDFI/practica_docker/env/lib/python3.8/site-packages/airflow/example_dags/example_complex.py
[2025-01-12 14:19:17,566] {processor.py:613} INFO - Processing file /home/jorge/Desktop/MÁSTER/SEGUNDO CURSO/BDFI/practica_docker/env/lib/python3.8/site-packages/airflow/example_dags/example_complex.py for tasks to queue
[2025-01-12 14:19:17,567] {logging_mixin.py:109} INFO - [2025-01-12 14:19:17,567] {dagbag.py:496} INFO - Filling up the DagBag from /home/jorge/Desktop/MÁSTER/SEGUNDO CURSO/BDFI/practica_docker/env/lib/python3.8/site-packages/airflow/example_dags/example_complex.py
[2025-01-12 14:19:17,590] {processor.py:623} INFO - DAG(s) dict_keys(['example_complex']) retrieved from /home/jorge/Desktop/MÁSTER/SEGUNDO CURSO/BDFI/practica_docker/env/lib/python3.8/site-packages/airflow/example_dags/example_complex.py
[2025-01-12 14:19:17,618] {logging_mixin.py:109} INFO - [2025-01-12 14:19:17,618] {dag.py:1834} INFO - Sync 1 DAGs
[2025-01-12 14:19:17,630] {logging_mixin.py:109} INFO - [2025-01-12 14:19:17,630] {dag.py:2287} INFO - Setting next_dagrun for example_complex to None
[2025-01-12 14:19:17,646] {processor.py:170} INFO - Processing /home/jorge/Desktop/MÁSTER/SEGUNDO CURSO/BDFI/practica_docker/env/lib/python3.8/site-packages/airflow/example_dags/example_complex.py took 0.084 seconds
[2025-01-12 14:19:52,327] {processor.py:162} INFO - Started process (PID=293050) to work on /home/jorge/Desktop/MÁSTER/SEGUNDO CURSO/BDFI/practica_docker/env/lib/python3.8/site-packages/airflow/example_dags/example_complex.py
[2025-01-12 14:19:52,328] {processor.py:613} INFO - Processing file /home/jorge/Desktop/MÁSTER/SEGUNDO CURSO/BDFI/practica_docker/env/lib/python3.8/site-packages/airflow/example_dags/example_complex.py for tasks to queue
[2025-01-12 14:19:52,329] {logging_mixin.py:109} INFO - [2025-01-12 14:19:52,329] {dagbag.py:496} INFO - Filling up the DagBag from /home/jorge/Desktop/MÁSTER/SEGUNDO CURSO/BDFI/practica_docker/env/lib/python3.8/site-packages/airflow/example_dags/example_complex.py
[2025-01-12 14:19:52,346] {processor.py:623} INFO - DAG(s) dict_keys(['example_complex']) retrieved from /home/jorge/Desktop/MÁSTER/SEGUNDO CURSO/BDFI/practica_docker/env/lib/python3.8/site-packages/airflow/example_dags/example_complex.py
[2025-01-12 14:19:52,365] {logging_mixin.py:109} INFO - [2025-01-12 14:19:52,365] {dag.py:1834} INFO - Sync 1 DAGs
[2025-01-12 14:19:52,372] {logging_mixin.py:109} INFO - [2025-01-12 14:19:52,372] {dag.py:2287} INFO - Setting next_dagrun for example_complex to None
[2025-01-12 14:19:52,385] {processor.py:170} INFO - Processing /home/jorge/Desktop/MÁSTER/SEGUNDO CURSO/BDFI/practica_docker/env/lib/python3.8/site-packages/airflow/example_dags/example_complex.py took 0.063 seconds
[2025-01-12 14:20:27,173] {processor.py:162} INFO - Started process (PID=293214) to work on /home/jorge/Desktop/MÁSTER/SEGUNDO CURSO/BDFI/practica_docker/env/lib/python3.8/site-packages/airflow/example_dags/example_complex.py
[2025-01-12 14:20:27,175] {processor.py:613} INFO - Processing file /home/jorge/Desktop/MÁSTER/SEGUNDO CURSO/BDFI/practica_docker/env/lib/python3.8/site-packages/airflow/example_dags/example_complex.py for tasks to queue
[2025-01-12 14:20:27,176] {logging_mixin.py:109} INFO - [2025-01-12 14:20:27,176] {dagbag.py:496} INFO - Filling up the DagBag from /home/jorge/Desktop/MÁSTER/SEGUNDO CURSO/BDFI/practica_docker/env/lib/python3.8/site-packages/airflow/example_dags/example_complex.py
[2025-01-12 14:20:27,190] {processor.py:623} INFO - DAG(s) dict_keys(['example_complex']) retrieved from /home/jorge/Desktop/MÁSTER/SEGUNDO CURSO/BDFI/practica_docker/env/lib/python3.8/site-packages/airflow/example_dags/example_complex.py
[2025-01-12 14:20:27,206] {logging_mixin.py:109} INFO - [2025-01-12 14:20:27,206] {dag.py:1834} INFO - Sync 1 DAGs
[2025-01-12 14:20:27,212] {logging_mixin.py:109} INFO - [2025-01-12 14:20:27,212] {dag.py:2287} INFO - Setting next_dagrun for example_complex to None
[2025-01-12 14:20:27,222] {processor.py:170} INFO - Processing /home/jorge/Desktop/MÁSTER/SEGUNDO CURSO/BDFI/practica_docker/env/lib/python3.8/site-packages/airflow/example_dags/example_complex.py took 0.052 seconds
