[2025-01-12 13:51:25,690] {processor.py:162} INFO - Started process (PID=281115) to work on /home/jorge/Desktop/MÁSTER/SEGUNDO CURSO/BDFI/practica_docker/env/lib/python3.8/site-packages/airflow/example_dags/example_bash_operator.py
[2025-01-12 13:51:25,692] {processor.py:613} INFO - Processing file /home/jorge/Desktop/MÁSTER/SEGUNDO CURSO/BDFI/practica_docker/env/lib/python3.8/site-packages/airflow/example_dags/example_bash_operator.py for tasks to queue
[2025-01-12 13:51:25,693] {logging_mixin.py:109} INFO - [2025-01-12 13:51:25,693] {dagbag.py:496} INFO - Filling up the DagBag from /home/jorge/Desktop/MÁSTER/SEGUNDO CURSO/BDFI/practica_docker/env/lib/python3.8/site-packages/airflow/example_dags/example_bash_operator.py
[2025-01-12 13:51:25,707] {processor.py:623} INFO - DAG(s) dict_keys(['example_bash_operator']) retrieved from /home/jorge/Desktop/MÁSTER/SEGUNDO CURSO/BDFI/practica_docker/env/lib/python3.8/site-packages/airflow/example_dags/example_bash_operator.py
[2025-01-12 13:51:25,718] {logging_mixin.py:109} INFO - [2025-01-12 13:51:25,718] {dag.py:1834} INFO - Sync 1 DAGs
[2025-01-12 13:51:25,726] {logging_mixin.py:109} INFO - [2025-01-12 13:51:25,726] {dag.py:2287} INFO - Setting next_dagrun for example_bash_operator to 2025-01-10 00:00:00+00:00
[2025-01-12 13:51:25,734] {processor.py:170} INFO - Processing /home/jorge/Desktop/MÁSTER/SEGUNDO CURSO/BDFI/practica_docker/env/lib/python3.8/site-packages/airflow/example_dags/example_bash_operator.py took 0.047 seconds
[2025-01-12 13:52:00,063] {processor.py:162} INFO - Started process (PID=281306) to work on /home/jorge/Desktop/MÁSTER/SEGUNDO CURSO/BDFI/practica_docker/env/lib/python3.8/site-packages/airflow/example_dags/example_bash_operator.py
[2025-01-12 13:52:00,064] {processor.py:613} INFO - Processing file /home/jorge/Desktop/MÁSTER/SEGUNDO CURSO/BDFI/practica_docker/env/lib/python3.8/site-packages/airflow/example_dags/example_bash_operator.py for tasks to queue
[2025-01-12 13:52:00,065] {logging_mixin.py:109} INFO - [2025-01-12 13:52:00,065] {dagbag.py:496} INFO - Filling up the DagBag from /home/jorge/Desktop/MÁSTER/SEGUNDO CURSO/BDFI/practica_docker/env/lib/python3.8/site-packages/airflow/example_dags/example_bash_operator.py
[2025-01-12 13:52:00,087] {processor.py:623} INFO - DAG(s) dict_keys(['example_bash_operator']) retrieved from /home/jorge/Desktop/MÁSTER/SEGUNDO CURSO/BDFI/practica_docker/env/lib/python3.8/site-packages/airflow/example_dags/example_bash_operator.py
[2025-01-12 13:52:00,114] {logging_mixin.py:109} INFO - [2025-01-12 13:52:00,114] {dag.py:1834} INFO - Sync 1 DAGs
[2025-01-12 13:52:00,138] {logging_mixin.py:109} INFO - [2025-01-12 13:52:00,137] {dag.py:2287} INFO - Setting next_dagrun for example_bash_operator to 2025-01-10 00:00:00+00:00
[2025-01-12 13:52:00,153] {processor.py:170} INFO - Processing /home/jorge/Desktop/MÁSTER/SEGUNDO CURSO/BDFI/practica_docker/env/lib/python3.8/site-packages/airflow/example_dags/example_bash_operator.py took 0.096 seconds
[2025-01-12 13:52:33,012] {processor.py:162} INFO - Started process (PID=281485) to work on /home/jorge/Desktop/MÁSTER/SEGUNDO CURSO/BDFI/practica_docker/env/lib/python3.8/site-packages/airflow/example_dags/example_bash_operator.py
[2025-01-12 13:52:33,013] {processor.py:613} INFO - Processing file /home/jorge/Desktop/MÁSTER/SEGUNDO CURSO/BDFI/practica_docker/env/lib/python3.8/site-packages/airflow/example_dags/example_bash_operator.py for tasks to queue
[2025-01-12 13:52:33,014] {logging_mixin.py:109} INFO - [2025-01-12 13:52:33,014] {dagbag.py:496} INFO - Filling up the DagBag from /home/jorge/Desktop/MÁSTER/SEGUNDO CURSO/BDFI/practica_docker/env/lib/python3.8/site-packages/airflow/example_dags/example_bash_operator.py
[2025-01-12 13:52:33,025] {processor.py:623} INFO - DAG(s) dict_keys(['example_bash_operator']) retrieved from /home/jorge/Desktop/MÁSTER/SEGUNDO CURSO/BDFI/practica_docker/env/lib/python3.8/site-packages/airflow/example_dags/example_bash_operator.py
[2025-01-12 13:52:33,035] {logging_mixin.py:109} INFO - [2025-01-12 13:52:33,035] {dag.py:1834} INFO - Sync 1 DAGs
[2025-01-12 13:52:33,043] {logging_mixin.py:109} INFO - [2025-01-12 13:52:33,043] {dag.py:2287} INFO - Setting next_dagrun for example_bash_operator to 2025-01-10 00:00:00+00:00
[2025-01-12 13:52:33,051] {processor.py:170} INFO - Processing /home/jorge/Desktop/MÁSTER/SEGUNDO CURSO/BDFI/practica_docker/env/lib/python3.8/site-packages/airflow/example_dags/example_bash_operator.py took 0.043 seconds
[2025-01-12 13:53:16,100] {processor.py:162} INFO - Started process (PID=281739) to work on /home/jorge/Desktop/MÁSTER/SEGUNDO CURSO/BDFI/practica_docker/env/lib/python3.8/site-packages/airflow/example_dags/example_bash_operator.py
[2025-01-12 13:53:16,101] {processor.py:613} INFO - Processing file /home/jorge/Desktop/MÁSTER/SEGUNDO CURSO/BDFI/practica_docker/env/lib/python3.8/site-packages/airflow/example_dags/example_bash_operator.py for tasks to queue
[2025-01-12 13:53:16,102] {logging_mixin.py:109} INFO - [2025-01-12 13:53:16,102] {dagbag.py:496} INFO - Filling up the DagBag from /home/jorge/Desktop/MÁSTER/SEGUNDO CURSO/BDFI/practica_docker/env/lib/python3.8/site-packages/airflow/example_dags/example_bash_operator.py
[2025-01-12 13:53:16,113] {processor.py:623} INFO - DAG(s) dict_keys(['example_bash_operator']) retrieved from /home/jorge/Desktop/MÁSTER/SEGUNDO CURSO/BDFI/practica_docker/env/lib/python3.8/site-packages/airflow/example_dags/example_bash_operator.py
[2025-01-12 13:53:16,123] {logging_mixin.py:109} INFO - [2025-01-12 13:53:16,123] {dag.py:1834} INFO - Sync 1 DAGs
[2025-01-12 13:53:16,132] {logging_mixin.py:109} INFO - [2025-01-12 13:53:16,132] {dag.py:2287} INFO - Setting next_dagrun for example_bash_operator to 2025-01-10 00:00:00+00:00
[2025-01-12 13:53:16,141] {processor.py:170} INFO - Processing /home/jorge/Desktop/MÁSTER/SEGUNDO CURSO/BDFI/practica_docker/env/lib/python3.8/site-packages/airflow/example_dags/example_bash_operator.py took 0.043 seconds
[2025-01-12 13:53:49,056] {processor.py:162} INFO - Started process (PID=281902) to work on /home/jorge/Desktop/MÁSTER/SEGUNDO CURSO/BDFI/practica_docker/env/lib/python3.8/site-packages/airflow/example_dags/example_bash_operator.py
[2025-01-12 13:53:49,057] {processor.py:613} INFO - Processing file /home/jorge/Desktop/MÁSTER/SEGUNDO CURSO/BDFI/practica_docker/env/lib/python3.8/site-packages/airflow/example_dags/example_bash_operator.py for tasks to queue
[2025-01-12 13:53:49,058] {logging_mixin.py:109} INFO - [2025-01-12 13:53:49,058] {dagbag.py:496} INFO - Filling up the DagBag from /home/jorge/Desktop/MÁSTER/SEGUNDO CURSO/BDFI/practica_docker/env/lib/python3.8/site-packages/airflow/example_dags/example_bash_operator.py
[2025-01-12 13:53:49,068] {processor.py:623} INFO - DAG(s) dict_keys(['example_bash_operator']) retrieved from /home/jorge/Desktop/MÁSTER/SEGUNDO CURSO/BDFI/practica_docker/env/lib/python3.8/site-packages/airflow/example_dags/example_bash_operator.py
[2025-01-12 13:53:49,079] {logging_mixin.py:109} INFO - [2025-01-12 13:53:49,079] {dag.py:1834} INFO - Sync 1 DAGs
[2025-01-12 13:53:49,087] {logging_mixin.py:109} INFO - [2025-01-12 13:53:49,087] {dag.py:2287} INFO - Setting next_dagrun for example_bash_operator to 2025-01-10 00:00:00+00:00
[2025-01-12 13:53:49,096] {processor.py:170} INFO - Processing /home/jorge/Desktop/MÁSTER/SEGUNDO CURSO/BDFI/practica_docker/env/lib/python3.8/site-packages/airflow/example_dags/example_bash_operator.py took 0.044 seconds
[2025-01-12 13:54:24,151] {processor.py:162} INFO - Started process (PID=282075) to work on /home/jorge/Desktop/MÁSTER/SEGUNDO CURSO/BDFI/practica_docker/env/lib/python3.8/site-packages/airflow/example_dags/example_bash_operator.py
[2025-01-12 13:54:24,152] {processor.py:613} INFO - Processing file /home/jorge/Desktop/MÁSTER/SEGUNDO CURSO/BDFI/practica_docker/env/lib/python3.8/site-packages/airflow/example_dags/example_bash_operator.py for tasks to queue
[2025-01-12 13:54:24,153] {logging_mixin.py:109} INFO - [2025-01-12 13:54:24,153] {dagbag.py:496} INFO - Filling up the DagBag from /home/jorge/Desktop/MÁSTER/SEGUNDO CURSO/BDFI/practica_docker/env/lib/python3.8/site-packages/airflow/example_dags/example_bash_operator.py
[2025-01-12 13:54:24,166] {processor.py:623} INFO - DAG(s) dict_keys(['example_bash_operator']) retrieved from /home/jorge/Desktop/MÁSTER/SEGUNDO CURSO/BDFI/practica_docker/env/lib/python3.8/site-packages/airflow/example_dags/example_bash_operator.py
[2025-01-12 13:54:24,176] {logging_mixin.py:109} INFO - [2025-01-12 13:54:24,176] {dag.py:1834} INFO - Sync 1 DAGs
[2025-01-12 13:54:24,185] {logging_mixin.py:109} INFO - [2025-01-12 13:54:24,185] {dag.py:2287} INFO - Setting next_dagrun for example_bash_operator to 2025-01-10 00:00:00+00:00
[2025-01-12 13:54:24,193] {processor.py:170} INFO - Processing /home/jorge/Desktop/MÁSTER/SEGUNDO CURSO/BDFI/practica_docker/env/lib/python3.8/site-packages/airflow/example_dags/example_bash_operator.py took 0.046 seconds
[2025-01-12 13:54:57,593] {processor.py:162} INFO - Started process (PID=282226) to work on /home/jorge/Desktop/MÁSTER/SEGUNDO CURSO/BDFI/practica_docker/env/lib/python3.8/site-packages/airflow/example_dags/example_bash_operator.py
[2025-01-12 13:54:57,594] {processor.py:613} INFO - Processing file /home/jorge/Desktop/MÁSTER/SEGUNDO CURSO/BDFI/practica_docker/env/lib/python3.8/site-packages/airflow/example_dags/example_bash_operator.py for tasks to queue
[2025-01-12 13:54:57,595] {logging_mixin.py:109} INFO - [2025-01-12 13:54:57,595] {dagbag.py:496} INFO - Filling up the DagBag from /home/jorge/Desktop/MÁSTER/SEGUNDO CURSO/BDFI/practica_docker/env/lib/python3.8/site-packages/airflow/example_dags/example_bash_operator.py
[2025-01-12 13:54:57,605] {processor.py:623} INFO - DAG(s) dict_keys(['example_bash_operator']) retrieved from /home/jorge/Desktop/MÁSTER/SEGUNDO CURSO/BDFI/practica_docker/env/lib/python3.8/site-packages/airflow/example_dags/example_bash_operator.py
[2025-01-12 13:54:57,613] {logging_mixin.py:109} INFO - [2025-01-12 13:54:57,613] {dag.py:1834} INFO - Sync 1 DAGs
[2025-01-12 13:54:57,622] {logging_mixin.py:109} INFO - [2025-01-12 13:54:57,622] {dag.py:2287} INFO - Setting next_dagrun for example_bash_operator to 2025-01-10 00:00:00+00:00
[2025-01-12 13:54:57,632] {processor.py:170} INFO - Processing /home/jorge/Desktop/MÁSTER/SEGUNDO CURSO/BDFI/practica_docker/env/lib/python3.8/site-packages/airflow/example_dags/example_bash_operator.py took 0.040 seconds
[2025-01-12 13:55:30,287] {processor.py:162} INFO - Started process (PID=282394) to work on /home/jorge/Desktop/MÁSTER/SEGUNDO CURSO/BDFI/practica_docker/env/lib/python3.8/site-packages/airflow/example_dags/example_bash_operator.py
[2025-01-12 13:55:30,289] {processor.py:613} INFO - Processing file /home/jorge/Desktop/MÁSTER/SEGUNDO CURSO/BDFI/practica_docker/env/lib/python3.8/site-packages/airflow/example_dags/example_bash_operator.py for tasks to queue
[2025-01-12 13:55:30,290] {logging_mixin.py:109} INFO - [2025-01-12 13:55:30,290] {dagbag.py:496} INFO - Filling up the DagBag from /home/jorge/Desktop/MÁSTER/SEGUNDO CURSO/BDFI/practica_docker/env/lib/python3.8/site-packages/airflow/example_dags/example_bash_operator.py
[2025-01-12 13:55:30,308] {processor.py:623} INFO - DAG(s) dict_keys(['example_bash_operator']) retrieved from /home/jorge/Desktop/MÁSTER/SEGUNDO CURSO/BDFI/practica_docker/env/lib/python3.8/site-packages/airflow/example_dags/example_bash_operator.py
[2025-01-12 13:55:30,323] {logging_mixin.py:109} INFO - [2025-01-12 13:55:30,323] {dag.py:1834} INFO - Sync 1 DAGs
[2025-01-12 13:55:30,332] {logging_mixin.py:109} INFO - [2025-01-12 13:55:30,332] {dag.py:2287} INFO - Setting next_dagrun for example_bash_operator to 2025-01-10 00:00:00+00:00
[2025-01-12 13:55:30,343] {processor.py:170} INFO - Processing /home/jorge/Desktop/MÁSTER/SEGUNDO CURSO/BDFI/practica_docker/env/lib/python3.8/site-packages/airflow/example_dags/example_bash_operator.py took 0.059 seconds
[2025-01-12 13:56:05,800] {processor.py:162} INFO - Started process (PID=282716) to work on /home/jorge/Desktop/MÁSTER/SEGUNDO CURSO/BDFI/practica_docker/env/lib/python3.8/site-packages/airflow/example_dags/example_bash_operator.py
[2025-01-12 13:56:05,801] {processor.py:613} INFO - Processing file /home/jorge/Desktop/MÁSTER/SEGUNDO CURSO/BDFI/practica_docker/env/lib/python3.8/site-packages/airflow/example_dags/example_bash_operator.py for tasks to queue
[2025-01-12 13:56:05,802] {logging_mixin.py:109} INFO - [2025-01-12 13:56:05,802] {dagbag.py:496} INFO - Filling up the DagBag from /home/jorge/Desktop/MÁSTER/SEGUNDO CURSO/BDFI/practica_docker/env/lib/python3.8/site-packages/airflow/example_dags/example_bash_operator.py
[2025-01-12 13:56:05,830] {processor.py:623} INFO - DAG(s) dict_keys(['example_bash_operator']) retrieved from /home/jorge/Desktop/MÁSTER/SEGUNDO CURSO/BDFI/practica_docker/env/lib/python3.8/site-packages/airflow/example_dags/example_bash_operator.py
[2025-01-12 13:56:05,852] {logging_mixin.py:109} INFO - [2025-01-12 13:56:05,852] {dag.py:1834} INFO - Sync 1 DAGs
[2025-01-12 13:56:05,868] {logging_mixin.py:109} INFO - [2025-01-12 13:56:05,868] {dag.py:2287} INFO - Setting next_dagrun for example_bash_operator to 2025-01-10 00:00:00+00:00
[2025-01-12 13:56:05,888] {processor.py:170} INFO - Processing /home/jorge/Desktop/MÁSTER/SEGUNDO CURSO/BDFI/practica_docker/env/lib/python3.8/site-packages/airflow/example_dags/example_bash_operator.py took 0.091 seconds
[2025-01-12 13:56:41,783] {processor.py:162} INFO - Started process (PID=282978) to work on /home/jorge/Desktop/MÁSTER/SEGUNDO CURSO/BDFI/practica_docker/env/lib/python3.8/site-packages/airflow/example_dags/example_bash_operator.py
[2025-01-12 13:56:41,784] {processor.py:613} INFO - Processing file /home/jorge/Desktop/MÁSTER/SEGUNDO CURSO/BDFI/practica_docker/env/lib/python3.8/site-packages/airflow/example_dags/example_bash_operator.py for tasks to queue
[2025-01-12 13:56:41,785] {logging_mixin.py:109} INFO - [2025-01-12 13:56:41,784] {dagbag.py:496} INFO - Filling up the DagBag from /home/jorge/Desktop/MÁSTER/SEGUNDO CURSO/BDFI/practica_docker/env/lib/python3.8/site-packages/airflow/example_dags/example_bash_operator.py
[2025-01-12 13:56:41,807] {processor.py:623} INFO - DAG(s) dict_keys(['example_bash_operator']) retrieved from /home/jorge/Desktop/MÁSTER/SEGUNDO CURSO/BDFI/practica_docker/env/lib/python3.8/site-packages/airflow/example_dags/example_bash_operator.py
[2025-01-12 13:56:41,827] {logging_mixin.py:109} INFO - [2025-01-12 13:56:41,827] {dag.py:1834} INFO - Sync 1 DAGs
[2025-01-12 13:56:41,839] {logging_mixin.py:109} INFO - [2025-01-12 13:56:41,839] {dag.py:2287} INFO - Setting next_dagrun for example_bash_operator to 2025-01-10 00:00:00+00:00
[2025-01-12 13:56:41,854] {processor.py:170} INFO - Processing /home/jorge/Desktop/MÁSTER/SEGUNDO CURSO/BDFI/practica_docker/env/lib/python3.8/site-packages/airflow/example_dags/example_bash_operator.py took 0.073 seconds
[2025-01-12 13:57:18,827] {processor.py:162} INFO - Started process (PID=283176) to work on /home/jorge/Desktop/MÁSTER/SEGUNDO CURSO/BDFI/practica_docker/env/lib/python3.8/site-packages/airflow/example_dags/example_bash_operator.py
[2025-01-12 13:57:18,829] {processor.py:613} INFO - Processing file /home/jorge/Desktop/MÁSTER/SEGUNDO CURSO/BDFI/practica_docker/env/lib/python3.8/site-packages/airflow/example_dags/example_bash_operator.py for tasks to queue
[2025-01-12 13:57:18,830] {logging_mixin.py:109} INFO - [2025-01-12 13:57:18,830] {dagbag.py:496} INFO - Filling up the DagBag from /home/jorge/Desktop/MÁSTER/SEGUNDO CURSO/BDFI/practica_docker/env/lib/python3.8/site-packages/airflow/example_dags/example_bash_operator.py
[2025-01-12 13:57:18,850] {processor.py:623} INFO - DAG(s) dict_keys(['example_bash_operator']) retrieved from /home/jorge/Desktop/MÁSTER/SEGUNDO CURSO/BDFI/practica_docker/env/lib/python3.8/site-packages/airflow/example_dags/example_bash_operator.py
[2025-01-12 13:57:18,868] {logging_mixin.py:109} INFO - [2025-01-12 13:57:18,868] {dag.py:1834} INFO - Sync 1 DAGs
[2025-01-12 13:57:18,883] {logging_mixin.py:109} INFO - [2025-01-12 13:57:18,883] {dag.py:2287} INFO - Setting next_dagrun for example_bash_operator to 2025-01-10 00:00:00+00:00
[2025-01-12 13:57:18,900] {processor.py:170} INFO - Processing /home/jorge/Desktop/MÁSTER/SEGUNDO CURSO/BDFI/practica_docker/env/lib/python3.8/site-packages/airflow/example_dags/example_bash_operator.py took 0.078 seconds
[2025-01-12 13:57:53,757] {processor.py:162} INFO - Started process (PID=283323) to work on /home/jorge/Desktop/MÁSTER/SEGUNDO CURSO/BDFI/practica_docker/env/lib/python3.8/site-packages/airflow/example_dags/example_bash_operator.py
[2025-01-12 13:57:53,759] {processor.py:613} INFO - Processing file /home/jorge/Desktop/MÁSTER/SEGUNDO CURSO/BDFI/practica_docker/env/lib/python3.8/site-packages/airflow/example_dags/example_bash_operator.py for tasks to queue
[2025-01-12 13:57:53,760] {logging_mixin.py:109} INFO - [2025-01-12 13:57:53,760] {dagbag.py:496} INFO - Filling up the DagBag from /home/jorge/Desktop/MÁSTER/SEGUNDO CURSO/BDFI/practica_docker/env/lib/python3.8/site-packages/airflow/example_dags/example_bash_operator.py
[2025-01-12 13:57:53,776] {processor.py:623} INFO - DAG(s) dict_keys(['example_bash_operator']) retrieved from /home/jorge/Desktop/MÁSTER/SEGUNDO CURSO/BDFI/practica_docker/env/lib/python3.8/site-packages/airflow/example_dags/example_bash_operator.py
[2025-01-12 13:57:53,793] {logging_mixin.py:109} INFO - [2025-01-12 13:57:53,793] {dag.py:1834} INFO - Sync 1 DAGs
[2025-01-12 13:57:53,807] {logging_mixin.py:109} INFO - [2025-01-12 13:57:53,807] {dag.py:2287} INFO - Setting next_dagrun for example_bash_operator to 2025-01-10 00:00:00+00:00
[2025-01-12 13:57:53,820] {processor.py:170} INFO - Processing /home/jorge/Desktop/MÁSTER/SEGUNDO CURSO/BDFI/practica_docker/env/lib/python3.8/site-packages/airflow/example_dags/example_bash_operator.py took 0.065 seconds
[2025-01-12 14:06:16,172] {processor.py:162} INFO - Started process (PID=283766) to work on /home/jorge/Desktop/MÁSTER/SEGUNDO CURSO/BDFI/practica_docker/env/lib/python3.8/site-packages/airflow/example_dags/example_bash_operator.py
[2025-01-12 14:06:16,175] {processor.py:613} INFO - Processing file /home/jorge/Desktop/MÁSTER/SEGUNDO CURSO/BDFI/practica_docker/env/lib/python3.8/site-packages/airflow/example_dags/example_bash_operator.py for tasks to queue
[2025-01-12 14:06:16,175] {logging_mixin.py:109} INFO - [2025-01-12 14:06:16,175] {dagbag.py:496} INFO - Filling up the DagBag from /home/jorge/Desktop/MÁSTER/SEGUNDO CURSO/BDFI/practica_docker/env/lib/python3.8/site-packages/airflow/example_dags/example_bash_operator.py
[2025-01-12 14:06:16,187] {processor.py:623} INFO - DAG(s) dict_keys(['example_bash_operator']) retrieved from /home/jorge/Desktop/MÁSTER/SEGUNDO CURSO/BDFI/practica_docker/env/lib/python3.8/site-packages/airflow/example_dags/example_bash_operator.py
[2025-01-12 14:06:16,195] {logging_mixin.py:109} INFO - [2025-01-12 14:06:16,195] {dag.py:1834} INFO - Sync 1 DAGs
[2025-01-12 14:06:16,201] {logging_mixin.py:109} INFO - [2025-01-12 14:06:16,201] {dag.py:2287} INFO - Setting next_dagrun for example_bash_operator to 2025-01-10 00:00:00+00:00
[2025-01-12 14:06:16,209] {processor.py:170} INFO - Processing /home/jorge/Desktop/MÁSTER/SEGUNDO CURSO/BDFI/practica_docker/env/lib/python3.8/site-packages/airflow/example_dags/example_bash_operator.py took 0.041 seconds
[2025-01-12 14:06:49,199] {processor.py:162} INFO - Started process (PID=283924) to work on /home/jorge/Desktop/MÁSTER/SEGUNDO CURSO/BDFI/practica_docker/env/lib/python3.8/site-packages/airflow/example_dags/example_bash_operator.py
[2025-01-12 14:06:49,200] {processor.py:613} INFO - Processing file /home/jorge/Desktop/MÁSTER/SEGUNDO CURSO/BDFI/practica_docker/env/lib/python3.8/site-packages/airflow/example_dags/example_bash_operator.py for tasks to queue
[2025-01-12 14:06:49,200] {logging_mixin.py:109} INFO - [2025-01-12 14:06:49,200] {dagbag.py:496} INFO - Filling up the DagBag from /home/jorge/Desktop/MÁSTER/SEGUNDO CURSO/BDFI/practica_docker/env/lib/python3.8/site-packages/airflow/example_dags/example_bash_operator.py
[2025-01-12 14:06:49,210] {processor.py:623} INFO - DAG(s) dict_keys(['example_bash_operator']) retrieved from /home/jorge/Desktop/MÁSTER/SEGUNDO CURSO/BDFI/practica_docker/env/lib/python3.8/site-packages/airflow/example_dags/example_bash_operator.py
[2025-01-12 14:06:49,218] {logging_mixin.py:109} INFO - [2025-01-12 14:06:49,218] {dag.py:1834} INFO - Sync 1 DAGs
[2025-01-12 14:06:49,224] {logging_mixin.py:109} INFO - [2025-01-12 14:06:49,224] {dag.py:2287} INFO - Setting next_dagrun for example_bash_operator to 2025-01-10 00:00:00+00:00
[2025-01-12 14:06:49,232] {processor.py:170} INFO - Processing /home/jorge/Desktop/MÁSTER/SEGUNDO CURSO/BDFI/practica_docker/env/lib/python3.8/site-packages/airflow/example_dags/example_bash_operator.py took 0.035 seconds
[2025-01-12 14:07:22,458] {processor.py:162} INFO - Started process (PID=284068) to work on /home/jorge/Desktop/MÁSTER/SEGUNDO CURSO/BDFI/practica_docker/env/lib/python3.8/site-packages/airflow/example_dags/example_bash_operator.py
[2025-01-12 14:07:22,460] {processor.py:613} INFO - Processing file /home/jorge/Desktop/MÁSTER/SEGUNDO CURSO/BDFI/practica_docker/env/lib/python3.8/site-packages/airflow/example_dags/example_bash_operator.py for tasks to queue
[2025-01-12 14:07:22,461] {logging_mixin.py:109} INFO - [2025-01-12 14:07:22,461] {dagbag.py:496} INFO - Filling up the DagBag from /home/jorge/Desktop/MÁSTER/SEGUNDO CURSO/BDFI/practica_docker/env/lib/python3.8/site-packages/airflow/example_dags/example_bash_operator.py
[2025-01-12 14:07:22,471] {processor.py:623} INFO - DAG(s) dict_keys(['example_bash_operator']) retrieved from /home/jorge/Desktop/MÁSTER/SEGUNDO CURSO/BDFI/practica_docker/env/lib/python3.8/site-packages/airflow/example_dags/example_bash_operator.py
[2025-01-12 14:07:22,479] {logging_mixin.py:109} INFO - [2025-01-12 14:07:22,479] {dag.py:1834} INFO - Sync 1 DAGs
[2025-01-12 14:07:22,486] {logging_mixin.py:109} INFO - [2025-01-12 14:07:22,485] {dag.py:2287} INFO - Setting next_dagrun for example_bash_operator to 2025-01-10 00:00:00+00:00
[2025-01-12 14:07:22,494] {processor.py:170} INFO - Processing /home/jorge/Desktop/MÁSTER/SEGUNDO CURSO/BDFI/practica_docker/env/lib/python3.8/site-packages/airflow/example_dags/example_bash_operator.py took 0.037 seconds
[2025-01-12 14:07:55,231] {processor.py:162} INFO - Started process (PID=284223) to work on /home/jorge/Desktop/MÁSTER/SEGUNDO CURSO/BDFI/practica_docker/env/lib/python3.8/site-packages/airflow/example_dags/example_bash_operator.py
[2025-01-12 14:07:55,233] {processor.py:613} INFO - Processing file /home/jorge/Desktop/MÁSTER/SEGUNDO CURSO/BDFI/practica_docker/env/lib/python3.8/site-packages/airflow/example_dags/example_bash_operator.py for tasks to queue
[2025-01-12 14:07:55,234] {logging_mixin.py:109} INFO - [2025-01-12 14:07:55,234] {dagbag.py:496} INFO - Filling up the DagBag from /home/jorge/Desktop/MÁSTER/SEGUNDO CURSO/BDFI/practica_docker/env/lib/python3.8/site-packages/airflow/example_dags/example_bash_operator.py
[2025-01-12 14:07:55,243] {processor.py:623} INFO - DAG(s) dict_keys(['example_bash_operator']) retrieved from /home/jorge/Desktop/MÁSTER/SEGUNDO CURSO/BDFI/practica_docker/env/lib/python3.8/site-packages/airflow/example_dags/example_bash_operator.py
[2025-01-12 14:07:55,252] {logging_mixin.py:109} INFO - [2025-01-12 14:07:55,252] {dag.py:1834} INFO - Sync 1 DAGs
[2025-01-12 14:07:55,258] {logging_mixin.py:109} INFO - [2025-01-12 14:07:55,258] {dag.py:2287} INFO - Setting next_dagrun for example_bash_operator to 2025-01-10 00:00:00+00:00
[2025-01-12 14:07:55,265] {processor.py:170} INFO - Processing /home/jorge/Desktop/MÁSTER/SEGUNDO CURSO/BDFI/practica_docker/env/lib/python3.8/site-packages/airflow/example_dags/example_bash_operator.py took 0.037 seconds
[2025-01-12 14:08:27,578] {processor.py:162} INFO - Started process (PID=284363) to work on /home/jorge/Desktop/MÁSTER/SEGUNDO CURSO/BDFI/practica_docker/env/lib/python3.8/site-packages/airflow/example_dags/example_bash_operator.py
[2025-01-12 14:08:27,579] {processor.py:613} INFO - Processing file /home/jorge/Desktop/MÁSTER/SEGUNDO CURSO/BDFI/practica_docker/env/lib/python3.8/site-packages/airflow/example_dags/example_bash_operator.py for tasks to queue
[2025-01-12 14:08:27,579] {logging_mixin.py:109} INFO - [2025-01-12 14:08:27,579] {dagbag.py:496} INFO - Filling up the DagBag from /home/jorge/Desktop/MÁSTER/SEGUNDO CURSO/BDFI/practica_docker/env/lib/python3.8/site-packages/airflow/example_dags/example_bash_operator.py
[2025-01-12 14:08:27,589] {processor.py:623} INFO - DAG(s) dict_keys(['example_bash_operator']) retrieved from /home/jorge/Desktop/MÁSTER/SEGUNDO CURSO/BDFI/practica_docker/env/lib/python3.8/site-packages/airflow/example_dags/example_bash_operator.py
[2025-01-12 14:08:27,597] {logging_mixin.py:109} INFO - [2025-01-12 14:08:27,597] {dag.py:1834} INFO - Sync 1 DAGs
[2025-01-12 14:08:27,603] {logging_mixin.py:109} INFO - [2025-01-12 14:08:27,603] {dag.py:2287} INFO - Setting next_dagrun for example_bash_operator to 2025-01-10 00:00:00+00:00
[2025-01-12 14:08:27,611] {processor.py:170} INFO - Processing /home/jorge/Desktop/MÁSTER/SEGUNDO CURSO/BDFI/practica_docker/env/lib/python3.8/site-packages/airflow/example_dags/example_bash_operator.py took 0.035 seconds
[2025-01-12 14:09:00,842] {processor.py:162} INFO - Started process (PID=284519) to work on /home/jorge/Desktop/MÁSTER/SEGUNDO CURSO/BDFI/practica_docker/env/lib/python3.8/site-packages/airflow/example_dags/example_bash_operator.py
[2025-01-12 14:09:00,849] {processor.py:613} INFO - Processing file /home/jorge/Desktop/MÁSTER/SEGUNDO CURSO/BDFI/practica_docker/env/lib/python3.8/site-packages/airflow/example_dags/example_bash_operator.py for tasks to queue
[2025-01-12 14:09:00,850] {logging_mixin.py:109} INFO - [2025-01-12 14:09:00,850] {dagbag.py:496} INFO - Filling up the DagBag from /home/jorge/Desktop/MÁSTER/SEGUNDO CURSO/BDFI/practica_docker/env/lib/python3.8/site-packages/airflow/example_dags/example_bash_operator.py
[2025-01-12 14:09:00,857] {processor.py:623} INFO - DAG(s) dict_keys(['example_bash_operator']) retrieved from /home/jorge/Desktop/MÁSTER/SEGUNDO CURSO/BDFI/practica_docker/env/lib/python3.8/site-packages/airflow/example_dags/example_bash_operator.py
[2025-01-12 14:09:00,865] {logging_mixin.py:109} INFO - [2025-01-12 14:09:00,865] {dag.py:1834} INFO - Sync 1 DAGs
[2025-01-12 14:09:00,871] {logging_mixin.py:109} INFO - [2025-01-12 14:09:00,871] {dag.py:2287} INFO - Setting next_dagrun for example_bash_operator to 2025-01-10 00:00:00+00:00
[2025-01-12 14:09:00,879] {processor.py:170} INFO - Processing /home/jorge/Desktop/MÁSTER/SEGUNDO CURSO/BDFI/practica_docker/env/lib/python3.8/site-packages/airflow/example_dags/example_bash_operator.py took 0.040 seconds
[2025-01-12 14:09:33,549] {processor.py:162} INFO - Started process (PID=284666) to work on /home/jorge/Desktop/MÁSTER/SEGUNDO CURSO/BDFI/practica_docker/env/lib/python3.8/site-packages/airflow/example_dags/example_bash_operator.py
[2025-01-12 14:09:33,556] {processor.py:613} INFO - Processing file /home/jorge/Desktop/MÁSTER/SEGUNDO CURSO/BDFI/practica_docker/env/lib/python3.8/site-packages/airflow/example_dags/example_bash_operator.py for tasks to queue
[2025-01-12 14:09:33,556] {logging_mixin.py:109} INFO - [2025-01-12 14:09:33,556] {dagbag.py:496} INFO - Filling up the DagBag from /home/jorge/Desktop/MÁSTER/SEGUNDO CURSO/BDFI/practica_docker/env/lib/python3.8/site-packages/airflow/example_dags/example_bash_operator.py
[2025-01-12 14:09:33,566] {processor.py:623} INFO - DAG(s) dict_keys(['example_bash_operator']) retrieved from /home/jorge/Desktop/MÁSTER/SEGUNDO CURSO/BDFI/practica_docker/env/lib/python3.8/site-packages/airflow/example_dags/example_bash_operator.py
[2025-01-12 14:09:33,575] {logging_mixin.py:109} INFO - [2025-01-12 14:09:33,575] {dag.py:1834} INFO - Sync 1 DAGs
[2025-01-12 14:09:33,581] {logging_mixin.py:109} INFO - [2025-01-12 14:09:33,581] {dag.py:2287} INFO - Setting next_dagrun for example_bash_operator to 2025-01-10 00:00:00+00:00
[2025-01-12 14:09:33,589] {processor.py:170} INFO - Processing /home/jorge/Desktop/MÁSTER/SEGUNDO CURSO/BDFI/practica_docker/env/lib/python3.8/site-packages/airflow/example_dags/example_bash_operator.py took 0.042 seconds
[2025-01-12 14:10:07,898] {processor.py:162} INFO - Started process (PID=284838) to work on /home/jorge/Desktop/MÁSTER/SEGUNDO CURSO/BDFI/practica_docker/env/lib/python3.8/site-packages/airflow/example_dags/example_bash_operator.py
[2025-01-12 14:10:07,899] {processor.py:613} INFO - Processing file /home/jorge/Desktop/MÁSTER/SEGUNDO CURSO/BDFI/practica_docker/env/lib/python3.8/site-packages/airflow/example_dags/example_bash_operator.py for tasks to queue
[2025-01-12 14:10:07,899] {logging_mixin.py:109} INFO - [2025-01-12 14:10:07,899] {dagbag.py:496} INFO - Filling up the DagBag from /home/jorge/Desktop/MÁSTER/SEGUNDO CURSO/BDFI/practica_docker/env/lib/python3.8/site-packages/airflow/example_dags/example_bash_operator.py
[2025-01-12 14:10:07,907] {processor.py:623} INFO - DAG(s) dict_keys(['example_bash_operator']) retrieved from /home/jorge/Desktop/MÁSTER/SEGUNDO CURSO/BDFI/practica_docker/env/lib/python3.8/site-packages/airflow/example_dags/example_bash_operator.py
[2025-01-12 14:10:07,915] {logging_mixin.py:109} INFO - [2025-01-12 14:10:07,915] {dag.py:1834} INFO - Sync 1 DAGs
[2025-01-12 14:10:07,922] {logging_mixin.py:109} INFO - [2025-01-12 14:10:07,922] {dag.py:2287} INFO - Setting next_dagrun for example_bash_operator to 2025-01-10 00:00:00+00:00
[2025-01-12 14:10:07,930] {processor.py:170} INFO - Processing /home/jorge/Desktop/MÁSTER/SEGUNDO CURSO/BDFI/practica_docker/env/lib/python3.8/site-packages/airflow/example_dags/example_bash_operator.py took 0.034 seconds
[2025-01-12 14:10:40,398] {processor.py:162} INFO - Started process (PID=284976) to work on /home/jorge/Desktop/MÁSTER/SEGUNDO CURSO/BDFI/practica_docker/env/lib/python3.8/site-packages/airflow/example_dags/example_bash_operator.py
[2025-01-12 14:10:40,404] {processor.py:613} INFO - Processing file /home/jorge/Desktop/MÁSTER/SEGUNDO CURSO/BDFI/practica_docker/env/lib/python3.8/site-packages/airflow/example_dags/example_bash_operator.py for tasks to queue
[2025-01-12 14:10:40,405] {logging_mixin.py:109} INFO - [2025-01-12 14:10:40,405] {dagbag.py:496} INFO - Filling up the DagBag from /home/jorge/Desktop/MÁSTER/SEGUNDO CURSO/BDFI/practica_docker/env/lib/python3.8/site-packages/airflow/example_dags/example_bash_operator.py
[2025-01-12 14:10:40,416] {processor.py:623} INFO - DAG(s) dict_keys(['example_bash_operator']) retrieved from /home/jorge/Desktop/MÁSTER/SEGUNDO CURSO/BDFI/practica_docker/env/lib/python3.8/site-packages/airflow/example_dags/example_bash_operator.py
[2025-01-12 14:10:40,424] {logging_mixin.py:109} INFO - [2025-01-12 14:10:40,424] {dag.py:1834} INFO - Sync 1 DAGs
[2025-01-12 14:10:40,432] {logging_mixin.py:109} INFO - [2025-01-12 14:10:40,432] {dag.py:2287} INFO - Setting next_dagrun for example_bash_operator to 2025-01-10 00:00:00+00:00
[2025-01-12 14:10:40,441] {processor.py:170} INFO - Processing /home/jorge/Desktop/MÁSTER/SEGUNDO CURSO/BDFI/practica_docker/env/lib/python3.8/site-packages/airflow/example_dags/example_bash_operator.py took 0.046 seconds
[2025-01-12 14:11:17,913] {processor.py:162} INFO - Started process (PID=285300) to work on /home/jorge/Desktop/MÁSTER/SEGUNDO CURSO/BDFI/practica_docker/env/lib/python3.8/site-packages/airflow/example_dags/example_bash_operator.py
[2025-01-12 14:11:17,914] {processor.py:613} INFO - Processing file /home/jorge/Desktop/MÁSTER/SEGUNDO CURSO/BDFI/practica_docker/env/lib/python3.8/site-packages/airflow/example_dags/example_bash_operator.py for tasks to queue
[2025-01-12 14:11:17,915] {logging_mixin.py:109} INFO - [2025-01-12 14:11:17,915] {dagbag.py:496} INFO - Filling up the DagBag from /home/jorge/Desktop/MÁSTER/SEGUNDO CURSO/BDFI/practica_docker/env/lib/python3.8/site-packages/airflow/example_dags/example_bash_operator.py
[2025-01-12 14:11:17,923] {processor.py:623} INFO - DAG(s) dict_keys(['example_bash_operator']) retrieved from /home/jorge/Desktop/MÁSTER/SEGUNDO CURSO/BDFI/practica_docker/env/lib/python3.8/site-packages/airflow/example_dags/example_bash_operator.py
[2025-01-12 14:11:17,936] {logging_mixin.py:109} INFO - [2025-01-12 14:11:17,936] {dag.py:1834} INFO - Sync 1 DAGs
[2025-01-12 14:11:17,945] {logging_mixin.py:109} INFO - [2025-01-12 14:11:17,945] {dag.py:2287} INFO - Setting next_dagrun for example_bash_operator to 2025-01-10 00:00:00+00:00
[2025-01-12 14:11:17,955] {processor.py:170} INFO - Processing /home/jorge/Desktop/MÁSTER/SEGUNDO CURSO/BDFI/practica_docker/env/lib/python3.8/site-packages/airflow/example_dags/example_bash_operator.py took 0.044 seconds
[2025-01-12 14:11:51,367] {processor.py:162} INFO - Started process (PID=285456) to work on /home/jorge/Desktop/MÁSTER/SEGUNDO CURSO/BDFI/practica_docker/env/lib/python3.8/site-packages/airflow/example_dags/example_bash_operator.py
[2025-01-12 14:11:51,368] {processor.py:613} INFO - Processing file /home/jorge/Desktop/MÁSTER/SEGUNDO CURSO/BDFI/practica_docker/env/lib/python3.8/site-packages/airflow/example_dags/example_bash_operator.py for tasks to queue
[2025-01-12 14:11:51,369] {logging_mixin.py:109} INFO - [2025-01-12 14:11:51,369] {dagbag.py:496} INFO - Filling up the DagBag from /home/jorge/Desktop/MÁSTER/SEGUNDO CURSO/BDFI/practica_docker/env/lib/python3.8/site-packages/airflow/example_dags/example_bash_operator.py
[2025-01-12 14:11:51,378] {processor.py:623} INFO - DAG(s) dict_keys(['example_bash_operator']) retrieved from /home/jorge/Desktop/MÁSTER/SEGUNDO CURSO/BDFI/practica_docker/env/lib/python3.8/site-packages/airflow/example_dags/example_bash_operator.py
[2025-01-12 14:11:51,391] {logging_mixin.py:109} INFO - [2025-01-12 14:11:51,391] {dag.py:1834} INFO - Sync 1 DAGs
[2025-01-12 14:11:51,401] {logging_mixin.py:109} INFO - [2025-01-12 14:11:51,400] {dag.py:2287} INFO - Setting next_dagrun for example_bash_operator to 2025-01-10 00:00:00+00:00
[2025-01-12 14:11:51,413] {processor.py:170} INFO - Processing /home/jorge/Desktop/MÁSTER/SEGUNDO CURSO/BDFI/practica_docker/env/lib/python3.8/site-packages/airflow/example_dags/example_bash_operator.py took 0.048 seconds
[2025-01-12 14:12:25,660] {processor.py:162} INFO - Started process (PID=285603) to work on /home/jorge/Desktop/MÁSTER/SEGUNDO CURSO/BDFI/practica_docker/env/lib/python3.8/site-packages/airflow/example_dags/example_bash_operator.py
[2025-01-12 14:12:25,666] {processor.py:613} INFO - Processing file /home/jorge/Desktop/MÁSTER/SEGUNDO CURSO/BDFI/practica_docker/env/lib/python3.8/site-packages/airflow/example_dags/example_bash_operator.py for tasks to queue
[2025-01-12 14:12:25,667] {logging_mixin.py:109} INFO - [2025-01-12 14:12:25,667] {dagbag.py:496} INFO - Filling up the DagBag from /home/jorge/Desktop/MÁSTER/SEGUNDO CURSO/BDFI/practica_docker/env/lib/python3.8/site-packages/airflow/example_dags/example_bash_operator.py
[2025-01-12 14:12:25,677] {processor.py:623} INFO - DAG(s) dict_keys(['example_bash_operator']) retrieved from /home/jorge/Desktop/MÁSTER/SEGUNDO CURSO/BDFI/practica_docker/env/lib/python3.8/site-packages/airflow/example_dags/example_bash_operator.py
[2025-01-12 14:12:25,686] {logging_mixin.py:109} INFO - [2025-01-12 14:12:25,686] {dag.py:1834} INFO - Sync 1 DAGs
[2025-01-12 14:12:25,692] {logging_mixin.py:109} INFO - [2025-01-12 14:12:25,692] {dag.py:2287} INFO - Setting next_dagrun for example_bash_operator to 2025-01-10 00:00:00+00:00
[2025-01-12 14:12:25,699] {processor.py:170} INFO - Processing /home/jorge/Desktop/MÁSTER/SEGUNDO CURSO/BDFI/practica_docker/env/lib/python3.8/site-packages/airflow/example_dags/example_bash_operator.py took 0.042 seconds
[2025-01-12 14:12:59,106] {processor.py:162} INFO - Started process (PID=285758) to work on /home/jorge/Desktop/MÁSTER/SEGUNDO CURSO/BDFI/practica_docker/env/lib/python3.8/site-packages/airflow/example_dags/example_bash_operator.py
[2025-01-12 14:12:59,108] {processor.py:613} INFO - Processing file /home/jorge/Desktop/MÁSTER/SEGUNDO CURSO/BDFI/practica_docker/env/lib/python3.8/site-packages/airflow/example_dags/example_bash_operator.py for tasks to queue
[2025-01-12 14:12:59,109] {logging_mixin.py:109} INFO - [2025-01-12 14:12:59,109] {dagbag.py:496} INFO - Filling up the DagBag from /home/jorge/Desktop/MÁSTER/SEGUNDO CURSO/BDFI/practica_docker/env/lib/python3.8/site-packages/airflow/example_dags/example_bash_operator.py
[2025-01-12 14:12:59,119] {processor.py:623} INFO - DAG(s) dict_keys(['example_bash_operator']) retrieved from /home/jorge/Desktop/MÁSTER/SEGUNDO CURSO/BDFI/practica_docker/env/lib/python3.8/site-packages/airflow/example_dags/example_bash_operator.py
[2025-01-12 14:12:59,127] {logging_mixin.py:109} INFO - [2025-01-12 14:12:59,127] {dag.py:1834} INFO - Sync 1 DAGs
[2025-01-12 14:12:59,133] {logging_mixin.py:109} INFO - [2025-01-12 14:12:59,132] {dag.py:2287} INFO - Setting next_dagrun for example_bash_operator to 2025-01-10 00:00:00+00:00
[2025-01-12 14:12:59,140] {processor.py:170} INFO - Processing /home/jorge/Desktop/MÁSTER/SEGUNDO CURSO/BDFI/practica_docker/env/lib/python3.8/site-packages/airflow/example_dags/example_bash_operator.py took 0.037 seconds
[2025-01-12 14:13:31,959] {processor.py:162} INFO - Started process (PID=285909) to work on /home/jorge/Desktop/MÁSTER/SEGUNDO CURSO/BDFI/practica_docker/env/lib/python3.8/site-packages/airflow/example_dags/example_bash_operator.py
[2025-01-12 14:13:31,974] {processor.py:613} INFO - Processing file /home/jorge/Desktop/MÁSTER/SEGUNDO CURSO/BDFI/practica_docker/env/lib/python3.8/site-packages/airflow/example_dags/example_bash_operator.py for tasks to queue
[2025-01-12 14:13:31,975] {logging_mixin.py:109} INFO - [2025-01-12 14:13:31,975] {dagbag.py:496} INFO - Filling up the DagBag from /home/jorge/Desktop/MÁSTER/SEGUNDO CURSO/BDFI/practica_docker/env/lib/python3.8/site-packages/airflow/example_dags/example_bash_operator.py
[2025-01-12 14:13:31,982] {processor.py:623} INFO - DAG(s) dict_keys(['example_bash_operator']) retrieved from /home/jorge/Desktop/MÁSTER/SEGUNDO CURSO/BDFI/practica_docker/env/lib/python3.8/site-packages/airflow/example_dags/example_bash_operator.py
[2025-01-12 14:13:31,990] {logging_mixin.py:109} INFO - [2025-01-12 14:13:31,990] {dag.py:1834} INFO - Sync 1 DAGs
[2025-01-12 14:13:31,999] {logging_mixin.py:109} INFO - [2025-01-12 14:13:31,999] {dag.py:2287} INFO - Setting next_dagrun for example_bash_operator to 2025-01-10 00:00:00+00:00
[2025-01-12 14:13:32,011] {processor.py:170} INFO - Processing /home/jorge/Desktop/MÁSTER/SEGUNDO CURSO/BDFI/practica_docker/env/lib/python3.8/site-packages/airflow/example_dags/example_bash_operator.py took 0.054 seconds
[2025-01-12 14:14:04,101] {processor.py:162} INFO - Started process (PID=286065) to work on /home/jorge/Desktop/MÁSTER/SEGUNDO CURSO/BDFI/practica_docker/env/lib/python3.8/site-packages/airflow/example_dags/example_bash_operator.py
[2025-01-12 14:14:04,107] {processor.py:613} INFO - Processing file /home/jorge/Desktop/MÁSTER/SEGUNDO CURSO/BDFI/practica_docker/env/lib/python3.8/site-packages/airflow/example_dags/example_bash_operator.py for tasks to queue
[2025-01-12 14:14:04,107] {logging_mixin.py:109} INFO - [2025-01-12 14:14:04,107] {dagbag.py:496} INFO - Filling up the DagBag from /home/jorge/Desktop/MÁSTER/SEGUNDO CURSO/BDFI/practica_docker/env/lib/python3.8/site-packages/airflow/example_dags/example_bash_operator.py
[2025-01-12 14:14:04,114] {processor.py:623} INFO - DAG(s) dict_keys(['example_bash_operator']) retrieved from /home/jorge/Desktop/MÁSTER/SEGUNDO CURSO/BDFI/practica_docker/env/lib/python3.8/site-packages/airflow/example_dags/example_bash_operator.py
[2025-01-12 14:14:04,125] {logging_mixin.py:109} INFO - [2025-01-12 14:14:04,125] {dag.py:1834} INFO - Sync 1 DAGs
[2025-01-12 14:14:04,133] {logging_mixin.py:109} INFO - [2025-01-12 14:14:04,133] {dag.py:2287} INFO - Setting next_dagrun for example_bash_operator to 2025-01-10 00:00:00+00:00
[2025-01-12 14:14:04,143] {processor.py:170} INFO - Processing /home/jorge/Desktop/MÁSTER/SEGUNDO CURSO/BDFI/practica_docker/env/lib/python3.8/site-packages/airflow/example_dags/example_bash_operator.py took 0.045 seconds
[2025-01-12 14:14:37,084] {processor.py:162} INFO - Started process (PID=286223) to work on /home/jorge/Desktop/MÁSTER/SEGUNDO CURSO/BDFI/practica_docker/env/lib/python3.8/site-packages/airflow/example_dags/example_bash_operator.py
[2025-01-12 14:14:37,084] {processor.py:613} INFO - Processing file /home/jorge/Desktop/MÁSTER/SEGUNDO CURSO/BDFI/practica_docker/env/lib/python3.8/site-packages/airflow/example_dags/example_bash_operator.py for tasks to queue
[2025-01-12 14:14:37,085] {logging_mixin.py:109} INFO - [2025-01-12 14:14:37,085] {dagbag.py:496} INFO - Filling up the DagBag from /home/jorge/Desktop/MÁSTER/SEGUNDO CURSO/BDFI/practica_docker/env/lib/python3.8/site-packages/airflow/example_dags/example_bash_operator.py
[2025-01-12 14:14:37,091] {processor.py:623} INFO - DAG(s) dict_keys(['example_bash_operator']) retrieved from /home/jorge/Desktop/MÁSTER/SEGUNDO CURSO/BDFI/practica_docker/env/lib/python3.8/site-packages/airflow/example_dags/example_bash_operator.py
[2025-01-12 14:14:37,100] {logging_mixin.py:109} INFO - [2025-01-12 14:14:37,100] {dag.py:1834} INFO - Sync 1 DAGs
[2025-01-12 14:14:37,108] {logging_mixin.py:109} INFO - [2025-01-12 14:14:37,108] {dag.py:2287} INFO - Setting next_dagrun for example_bash_operator to 2025-01-10 00:00:00+00:00
[2025-01-12 14:14:37,117] {processor.py:170} INFO - Processing /home/jorge/Desktop/MÁSTER/SEGUNDO CURSO/BDFI/practica_docker/env/lib/python3.8/site-packages/airflow/example_dags/example_bash_operator.py took 0.036 seconds
[2025-01-12 14:15:10,010] {processor.py:162} INFO - Started process (PID=286575) to work on /home/jorge/Desktop/MÁSTER/SEGUNDO CURSO/BDFI/practica_docker/env/lib/python3.8/site-packages/airflow/example_dags/example_bash_operator.py
[2025-01-12 14:15:10,016] {processor.py:613} INFO - Processing file /home/jorge/Desktop/MÁSTER/SEGUNDO CURSO/BDFI/practica_docker/env/lib/python3.8/site-packages/airflow/example_dags/example_bash_operator.py for tasks to queue
[2025-01-12 14:15:10,016] {logging_mixin.py:109} INFO - [2025-01-12 14:15:10,016] {dagbag.py:496} INFO - Filling up the DagBag from /home/jorge/Desktop/MÁSTER/SEGUNDO CURSO/BDFI/practica_docker/env/lib/python3.8/site-packages/airflow/example_dags/example_bash_operator.py
[2025-01-12 14:15:10,022] {processor.py:623} INFO - DAG(s) dict_keys(['example_bash_operator']) retrieved from /home/jorge/Desktop/MÁSTER/SEGUNDO CURSO/BDFI/practica_docker/env/lib/python3.8/site-packages/airflow/example_dags/example_bash_operator.py
[2025-01-12 14:15:10,031] {logging_mixin.py:109} INFO - [2025-01-12 14:15:10,030] {dag.py:1834} INFO - Sync 1 DAGs
[2025-01-12 14:15:10,037] {logging_mixin.py:109} INFO - [2025-01-12 14:15:10,037] {dag.py:2287} INFO - Setting next_dagrun for example_bash_operator to 2025-01-10 00:00:00+00:00
[2025-01-12 14:15:10,045] {processor.py:170} INFO - Processing /home/jorge/Desktop/MÁSTER/SEGUNDO CURSO/BDFI/practica_docker/env/lib/python3.8/site-packages/airflow/example_dags/example_bash_operator.py took 0.037 seconds
[2025-01-12 14:15:42,317] {processor.py:162} INFO - Started process (PID=286984) to work on /home/jorge/Desktop/MÁSTER/SEGUNDO CURSO/BDFI/practica_docker/env/lib/python3.8/site-packages/airflow/example_dags/example_bash_operator.py
[2025-01-12 14:15:42,318] {processor.py:613} INFO - Processing file /home/jorge/Desktop/MÁSTER/SEGUNDO CURSO/BDFI/practica_docker/env/lib/python3.8/site-packages/airflow/example_dags/example_bash_operator.py for tasks to queue
[2025-01-12 14:15:42,319] {logging_mixin.py:109} INFO - [2025-01-12 14:15:42,319] {dagbag.py:496} INFO - Filling up the DagBag from /home/jorge/Desktop/MÁSTER/SEGUNDO CURSO/BDFI/practica_docker/env/lib/python3.8/site-packages/airflow/example_dags/example_bash_operator.py
[2025-01-12 14:15:42,326] {processor.py:623} INFO - DAG(s) dict_keys(['example_bash_operator']) retrieved from /home/jorge/Desktop/MÁSTER/SEGUNDO CURSO/BDFI/practica_docker/env/lib/python3.8/site-packages/airflow/example_dags/example_bash_operator.py
[2025-01-12 14:15:42,342] {logging_mixin.py:109} INFO - [2025-01-12 14:15:42,342] {dag.py:1834} INFO - Sync 1 DAGs
[2025-01-12 14:15:42,351] {logging_mixin.py:109} INFO - [2025-01-12 14:15:42,351] {dag.py:2287} INFO - Setting next_dagrun for example_bash_operator to 2025-01-10 00:00:00+00:00
[2025-01-12 14:15:42,367] {processor.py:170} INFO - Processing /home/jorge/Desktop/MÁSTER/SEGUNDO CURSO/BDFI/practica_docker/env/lib/python3.8/site-packages/airflow/example_dags/example_bash_operator.py took 0.052 seconds
[2025-01-12 14:16:28,598] {processor.py:162} INFO - Started process (PID=290052) to work on /home/jorge/Desktop/MÁSTER/SEGUNDO CURSO/BDFI/practica_docker/env/lib/python3.8/site-packages/airflow/example_dags/example_bash_operator.py
[2025-01-12 14:16:28,600] {processor.py:613} INFO - Processing file /home/jorge/Desktop/MÁSTER/SEGUNDO CURSO/BDFI/practica_docker/env/lib/python3.8/site-packages/airflow/example_dags/example_bash_operator.py for tasks to queue
[2025-01-12 14:16:28,600] {logging_mixin.py:109} INFO - [2025-01-12 14:16:28,600] {dagbag.py:496} INFO - Filling up the DagBag from /home/jorge/Desktop/MÁSTER/SEGUNDO CURSO/BDFI/practica_docker/env/lib/python3.8/site-packages/airflow/example_dags/example_bash_operator.py
[2025-01-12 14:16:28,611] {processor.py:623} INFO - DAG(s) dict_keys(['example_bash_operator']) retrieved from /home/jorge/Desktop/MÁSTER/SEGUNDO CURSO/BDFI/practica_docker/env/lib/python3.8/site-packages/airflow/example_dags/example_bash_operator.py
[2025-01-12 14:16:28,627] {logging_mixin.py:109} INFO - [2025-01-12 14:16:28,627] {dag.py:1834} INFO - Sync 1 DAGs
[2025-01-12 14:16:28,639] {logging_mixin.py:109} INFO - [2025-01-12 14:16:28,639] {dag.py:2287} INFO - Setting next_dagrun for example_bash_operator to 2025-01-10 00:00:00+00:00
[2025-01-12 14:16:28,652] {processor.py:170} INFO - Processing /home/jorge/Desktop/MÁSTER/SEGUNDO CURSO/BDFI/practica_docker/env/lib/python3.8/site-packages/airflow/example_dags/example_bash_operator.py took 0.057 seconds
[2025-01-12 14:17:03,918] {processor.py:162} INFO - Started process (PID=290837) to work on /home/jorge/Desktop/MÁSTER/SEGUNDO CURSO/BDFI/practica_docker/env/lib/python3.8/site-packages/airflow/example_dags/example_bash_operator.py
[2025-01-12 14:17:03,919] {processor.py:613} INFO - Processing file /home/jorge/Desktop/MÁSTER/SEGUNDO CURSO/BDFI/practica_docker/env/lib/python3.8/site-packages/airflow/example_dags/example_bash_operator.py for tasks to queue
[2025-01-12 14:17:03,920] {logging_mixin.py:109} INFO - [2025-01-12 14:17:03,920] {dagbag.py:496} INFO - Filling up the DagBag from /home/jorge/Desktop/MÁSTER/SEGUNDO CURSO/BDFI/practica_docker/env/lib/python3.8/site-packages/airflow/example_dags/example_bash_operator.py
[2025-01-12 14:17:03,927] {processor.py:623} INFO - DAG(s) dict_keys(['example_bash_operator']) retrieved from /home/jorge/Desktop/MÁSTER/SEGUNDO CURSO/BDFI/practica_docker/env/lib/python3.8/site-packages/airflow/example_dags/example_bash_operator.py
[2025-01-12 14:17:03,937] {logging_mixin.py:109} INFO - [2025-01-12 14:17:03,936] {dag.py:1834} INFO - Sync 1 DAGs
[2025-01-12 14:17:03,945] {logging_mixin.py:109} INFO - [2025-01-12 14:17:03,945] {dag.py:2287} INFO - Setting next_dagrun for example_bash_operator to 2025-01-10 00:00:00+00:00
[2025-01-12 14:17:03,955] {processor.py:170} INFO - Processing /home/jorge/Desktop/MÁSTER/SEGUNDO CURSO/BDFI/practica_docker/env/lib/python3.8/site-packages/airflow/example_dags/example_bash_operator.py took 0.039 seconds
[2025-01-12 14:17:38,304] {processor.py:162} INFO - Started process (PID=291020) to work on /home/jorge/Desktop/MÁSTER/SEGUNDO CURSO/BDFI/practica_docker/env/lib/python3.8/site-packages/airflow/example_dags/example_bash_operator.py
[2025-01-12 14:17:38,305] {processor.py:613} INFO - Processing file /home/jorge/Desktop/MÁSTER/SEGUNDO CURSO/BDFI/practica_docker/env/lib/python3.8/site-packages/airflow/example_dags/example_bash_operator.py for tasks to queue
[2025-01-12 14:17:38,306] {logging_mixin.py:109} INFO - [2025-01-12 14:17:38,306] {dagbag.py:496} INFO - Filling up the DagBag from /home/jorge/Desktop/MÁSTER/SEGUNDO CURSO/BDFI/practica_docker/env/lib/python3.8/site-packages/airflow/example_dags/example_bash_operator.py
[2025-01-12 14:17:38,314] {processor.py:623} INFO - DAG(s) dict_keys(['example_bash_operator']) retrieved from /home/jorge/Desktop/MÁSTER/SEGUNDO CURSO/BDFI/practica_docker/env/lib/python3.8/site-packages/airflow/example_dags/example_bash_operator.py
[2025-01-12 14:17:38,331] {logging_mixin.py:109} INFO - [2025-01-12 14:17:38,330] {dag.py:1834} INFO - Sync 1 DAGs
[2025-01-12 14:17:38,341] {logging_mixin.py:109} INFO - [2025-01-12 14:17:38,341] {dag.py:2287} INFO - Setting next_dagrun for example_bash_operator to 2025-01-10 00:00:00+00:00
[2025-01-12 14:17:38,353] {processor.py:170} INFO - Processing /home/jorge/Desktop/MÁSTER/SEGUNDO CURSO/BDFI/practica_docker/env/lib/python3.8/site-packages/airflow/example_dags/example_bash_operator.py took 0.051 seconds
[2025-01-12 14:18:11,254] {processor.py:162} INFO - Started process (PID=291183) to work on /home/jorge/Desktop/MÁSTER/SEGUNDO CURSO/BDFI/practica_docker/env/lib/python3.8/site-packages/airflow/example_dags/example_bash_operator.py
[2025-01-12 14:18:11,255] {processor.py:613} INFO - Processing file /home/jorge/Desktop/MÁSTER/SEGUNDO CURSO/BDFI/practica_docker/env/lib/python3.8/site-packages/airflow/example_dags/example_bash_operator.py for tasks to queue
[2025-01-12 14:18:11,256] {logging_mixin.py:109} INFO - [2025-01-12 14:18:11,256] {dagbag.py:496} INFO - Filling up the DagBag from /home/jorge/Desktop/MÁSTER/SEGUNDO CURSO/BDFI/practica_docker/env/lib/python3.8/site-packages/airflow/example_dags/example_bash_operator.py
[2025-01-12 14:18:11,264] {processor.py:623} INFO - DAG(s) dict_keys(['example_bash_operator']) retrieved from /home/jorge/Desktop/MÁSTER/SEGUNDO CURSO/BDFI/practica_docker/env/lib/python3.8/site-packages/airflow/example_dags/example_bash_operator.py
[2025-01-12 14:18:11,275] {logging_mixin.py:109} INFO - [2025-01-12 14:18:11,275] {dag.py:1834} INFO - Sync 1 DAGs
[2025-01-12 14:18:11,285] {logging_mixin.py:109} INFO - [2025-01-12 14:18:11,285] {dag.py:2287} INFO - Setting next_dagrun for example_bash_operator to 2025-01-10 00:00:00+00:00
[2025-01-12 14:18:11,296] {processor.py:170} INFO - Processing /home/jorge/Desktop/MÁSTER/SEGUNDO CURSO/BDFI/practica_docker/env/lib/python3.8/site-packages/airflow/example_dags/example_bash_operator.py took 0.044 seconds
[2025-01-12 14:18:44,711] {processor.py:162} INFO - Started process (PID=291729) to work on /home/jorge/Desktop/MÁSTER/SEGUNDO CURSO/BDFI/practica_docker/env/lib/python3.8/site-packages/airflow/example_dags/example_bash_operator.py
[2025-01-12 14:18:44,713] {processor.py:613} INFO - Processing file /home/jorge/Desktop/MÁSTER/SEGUNDO CURSO/BDFI/practica_docker/env/lib/python3.8/site-packages/airflow/example_dags/example_bash_operator.py for tasks to queue
[2025-01-12 14:18:44,714] {logging_mixin.py:109} INFO - [2025-01-12 14:18:44,714] {dagbag.py:496} INFO - Filling up the DagBag from /home/jorge/Desktop/MÁSTER/SEGUNDO CURSO/BDFI/practica_docker/env/lib/python3.8/site-packages/airflow/example_dags/example_bash_operator.py
[2025-01-12 14:18:44,723] {processor.py:623} INFO - DAG(s) dict_keys(['example_bash_operator']) retrieved from /home/jorge/Desktop/MÁSTER/SEGUNDO CURSO/BDFI/practica_docker/env/lib/python3.8/site-packages/airflow/example_dags/example_bash_operator.py
[2025-01-12 14:18:44,732] {logging_mixin.py:109} INFO - [2025-01-12 14:18:44,732] {dag.py:1834} INFO - Sync 1 DAGs
[2025-01-12 14:18:44,739] {logging_mixin.py:109} INFO - [2025-01-12 14:18:44,739] {dag.py:2287} INFO - Setting next_dagrun for example_bash_operator to 2025-01-10 00:00:00+00:00
[2025-01-12 14:18:44,748] {processor.py:170} INFO - Processing /home/jorge/Desktop/MÁSTER/SEGUNDO CURSO/BDFI/practica_docker/env/lib/python3.8/site-packages/airflow/example_dags/example_bash_operator.py took 0.040 seconds
[2025-01-12 14:19:18,711] {processor.py:162} INFO - Started process (PID=292268) to work on /home/jorge/Desktop/MÁSTER/SEGUNDO CURSO/BDFI/practica_docker/env/lib/python3.8/site-packages/airflow/example_dags/example_bash_operator.py
[2025-01-12 14:19:18,713] {processor.py:613} INFO - Processing file /home/jorge/Desktop/MÁSTER/SEGUNDO CURSO/BDFI/practica_docker/env/lib/python3.8/site-packages/airflow/example_dags/example_bash_operator.py for tasks to queue
[2025-01-12 14:19:18,716] {logging_mixin.py:109} INFO - [2025-01-12 14:19:18,716] {dagbag.py:496} INFO - Filling up the DagBag from /home/jorge/Desktop/MÁSTER/SEGUNDO CURSO/BDFI/practica_docker/env/lib/python3.8/site-packages/airflow/example_dags/example_bash_operator.py
[2025-01-12 14:19:18,727] {processor.py:623} INFO - DAG(s) dict_keys(['example_bash_operator']) retrieved from /home/jorge/Desktop/MÁSTER/SEGUNDO CURSO/BDFI/practica_docker/env/lib/python3.8/site-packages/airflow/example_dags/example_bash_operator.py
[2025-01-12 14:19:18,742] {logging_mixin.py:109} INFO - [2025-01-12 14:19:18,742] {dag.py:1834} INFO - Sync 1 DAGs
[2025-01-12 14:19:18,754] {logging_mixin.py:109} INFO - [2025-01-12 14:19:18,754] {dag.py:2287} INFO - Setting next_dagrun for example_bash_operator to 2025-01-10 00:00:00+00:00
[2025-01-12 14:19:18,770] {processor.py:170} INFO - Processing /home/jorge/Desktop/MÁSTER/SEGUNDO CURSO/BDFI/practica_docker/env/lib/python3.8/site-packages/airflow/example_dags/example_bash_operator.py took 0.061 seconds
[2025-01-12 14:19:53,457] {processor.py:162} INFO - Started process (PID=293055) to work on /home/jorge/Desktop/MÁSTER/SEGUNDO CURSO/BDFI/practica_docker/env/lib/python3.8/site-packages/airflow/example_dags/example_bash_operator.py
[2025-01-12 14:19:53,459] {processor.py:613} INFO - Processing file /home/jorge/Desktop/MÁSTER/SEGUNDO CURSO/BDFI/practica_docker/env/lib/python3.8/site-packages/airflow/example_dags/example_bash_operator.py for tasks to queue
[2025-01-12 14:19:53,460] {logging_mixin.py:109} INFO - [2025-01-12 14:19:53,460] {dagbag.py:496} INFO - Filling up the DagBag from /home/jorge/Desktop/MÁSTER/SEGUNDO CURSO/BDFI/practica_docker/env/lib/python3.8/site-packages/airflow/example_dags/example_bash_operator.py
[2025-01-12 14:19:53,468] {processor.py:623} INFO - DAG(s) dict_keys(['example_bash_operator']) retrieved from /home/jorge/Desktop/MÁSTER/SEGUNDO CURSO/BDFI/practica_docker/env/lib/python3.8/site-packages/airflow/example_dags/example_bash_operator.py
[2025-01-12 14:19:53,479] {logging_mixin.py:109} INFO - [2025-01-12 14:19:53,478] {dag.py:1834} INFO - Sync 1 DAGs
[2025-01-12 14:19:53,488] {logging_mixin.py:109} INFO - [2025-01-12 14:19:53,488] {dag.py:2287} INFO - Setting next_dagrun for example_bash_operator to 2025-01-10 00:00:00+00:00
[2025-01-12 14:19:53,497] {processor.py:170} INFO - Processing /home/jorge/Desktop/MÁSTER/SEGUNDO CURSO/BDFI/practica_docker/env/lib/python3.8/site-packages/airflow/example_dags/example_bash_operator.py took 0.042 seconds
[2025-01-12 14:20:28,330] {processor.py:162} INFO - Started process (PID=293219) to work on /home/jorge/Desktop/MÁSTER/SEGUNDO CURSO/BDFI/practica_docker/env/lib/python3.8/site-packages/airflow/example_dags/example_bash_operator.py
[2025-01-12 14:20:28,332] {processor.py:613} INFO - Processing file /home/jorge/Desktop/MÁSTER/SEGUNDO CURSO/BDFI/practica_docker/env/lib/python3.8/site-packages/airflow/example_dags/example_bash_operator.py for tasks to queue
[2025-01-12 14:20:28,333] {logging_mixin.py:109} INFO - [2025-01-12 14:20:28,333] {dagbag.py:496} INFO - Filling up the DagBag from /home/jorge/Desktop/MÁSTER/SEGUNDO CURSO/BDFI/practica_docker/env/lib/python3.8/site-packages/airflow/example_dags/example_bash_operator.py
[2025-01-12 14:20:28,343] {processor.py:623} INFO - DAG(s) dict_keys(['example_bash_operator']) retrieved from /home/jorge/Desktop/MÁSTER/SEGUNDO CURSO/BDFI/practica_docker/env/lib/python3.8/site-packages/airflow/example_dags/example_bash_operator.py
[2025-01-12 14:20:28,353] {logging_mixin.py:109} INFO - [2025-01-12 14:20:28,353] {dag.py:1834} INFO - Sync 1 DAGs
[2025-01-12 14:20:28,364] {logging_mixin.py:109} INFO - [2025-01-12 14:20:28,364] {dag.py:2287} INFO - Setting next_dagrun for example_bash_operator to 2025-01-10 00:00:00+00:00
[2025-01-12 14:20:28,375] {processor.py:170} INFO - Processing /home/jorge/Desktop/MÁSTER/SEGUNDO CURSO/BDFI/practica_docker/env/lib/python3.8/site-packages/airflow/example_dags/example_bash_operator.py took 0.049 seconds
