Process Process-1:
Traceback (most recent call last):
  File "/home/jorge/.pyenv/versions/3.8.16/lib/python3.8/multiprocessing/process.py", line 315, in _bootstrap
    self.run()
  File "/home/jorge/.pyenv/versions/3.8.16/lib/python3.8/multiprocessing/process.py", line 108, in run
    self._target(*self._args, **self._kwargs)
  File "/home/jorge/Desktop/MÁSTER/SEGUNDO CURSO/BDFI/practica_docker/env/lib/python3.8/site-packages/airflow/utils/serve_logs.py", line 85, in serve_logs
    app.run(host='0.0.0.0', port=worker_log_server_port)
  File "/home/jorge/Desktop/MÁSTER/SEGUNDO CURSO/BDFI/practica_docker/env/lib/python3.8/site-packages/flask/app.py", line 990, in run
    run_simple(host, port, self, **options)
  File "/home/jorge/Desktop/MÁSTER/SEGUNDO CURSO/BDFI/practica_docker/env/lib/python3.8/site-packages/werkzeug/serving.py", line 1052, in run_simple
    inner()
  File "/home/jorge/Desktop/MÁSTER/SEGUNDO CURSO/BDFI/practica_docker/env/lib/python3.8/site-packages/werkzeug/serving.py", line 996, in inner
    srv = make_server(
  File "/home/jorge/Desktop/MÁSTER/SEGUNDO CURSO/BDFI/practica_docker/env/lib/python3.8/site-packages/werkzeug/serving.py", line 847, in make_server
    return ThreadedWSGIServer(
  File "/home/jorge/Desktop/MÁSTER/SEGUNDO CURSO/BDFI/practica_docker/env/lib/python3.8/site-packages/werkzeug/serving.py", line 740, in __init__
    HTTPServer.__init__(self, server_address, handler)
  File "/home/jorge/.pyenv/versions/3.8.16/lib/python3.8/socketserver.py", line 452, in __init__
    self.server_bind()
  File "/home/jorge/.pyenv/versions/3.8.16/lib/python3.8/http/server.py", line 139, in server_bind
    socketserver.TCPServer.server_bind(self)
  File "/home/jorge/.pyenv/versions/3.8.16/lib/python3.8/socketserver.py", line 466, in server_bind
    self.socket.bind(self.server_address)
OSError: [Errno 98] Address already in use
/home/jorge/Desktop/MÁSTER/SEGUNDO CURSO/BDFI/practica_docker/env/lib/python3.8/site-packages/airflow/configuration.py:240: DeprecationWarning: distutils Version classes are deprecated. Use packaging.version instead.
  if StrictVersion(sqlite3.sqlite_version) < StrictVersion(min_sqlite_version):
/home/jorge/Desktop/MÁSTER/SEGUNDO CURSO/BDFI/practica_docker/env/lib/python3.8/site-packages/airflow/configuration.py:240: DeprecationWarning: distutils Version classes are deprecated. Use packaging.version instead.
  if StrictVersion(sqlite3.sqlite_version) < StrictVersion(min_sqlite_version):
/home/jorge/Desktop/MÁSTER/SEGUNDO CURSO/BDFI/practica_docker/env/lib/python3.8/site-packages/airflow/configuration.py:240: DeprecationWarning: distutils Version classes are deprecated. Use packaging.version instead.
  if StrictVersion(sqlite3.sqlite_version) < StrictVersion(min_sqlite_version):
/home/jorge/Desktop/MÁSTER/SEGUNDO CURSO/BDFI/practica_docker/env/lib/python3.8/site-packages/airflow/configuration.py:240: DeprecationWarning: distutils Version classes are deprecated. Use packaging.version instead.
  if StrictVersion(sqlite3.sqlite_version) < StrictVersion(min_sqlite_version):
