[2025-01-12 13:51:19,995] {processor.py:162} INFO - Started process (PID=281099) to work on /home/jorge/Desktop/MÁSTER/SEGUNDO CURSO/BDFI/practica_docker/env/lib/python3.8/site-packages/airflow/example_dags/example_kubernetes_executor.py
[2025-01-12 13:51:19,996] {processor.py:613} INFO - Processing file /home/jorge/Desktop/MÁSTER/SEGUNDO CURSO/BDFI/practica_docker/env/lib/python3.8/site-packages/airflow/example_dags/example_kubernetes_executor.py for tasks to queue
[2025-01-12 13:51:19,996] {logging_mixin.py:109} INFO - [2025-01-12 13:51:19,996] {dagbag.py:496} INFO - Filling up the DagBag from /home/jorge/Desktop/MÁSTER/SEGUNDO CURSO/BDFI/practica_docker/env/lib/python3.8/site-packages/airflow/example_dags/example_kubernetes_executor.py
[2025-01-12 13:51:20,013] {processor.py:623} INFO - DAG(s) dict_keys(['example_kubernetes_executor']) retrieved from /home/jorge/Desktop/MÁSTER/SEGUNDO CURSO/BDFI/practica_docker/env/lib/python3.8/site-packages/airflow/example_dags/example_kubernetes_executor.py
[2025-01-12 13:51:20,026] {logging_mixin.py:109} INFO - [2025-01-12 13:51:20,025] {dag.py:1834} INFO - Sync 1 DAGs
[2025-01-12 13:51:20,032] {logging_mixin.py:109} INFO - [2025-01-12 13:51:20,032] {dag.py:2287} INFO - Setting next_dagrun for example_kubernetes_executor to None
[2025-01-12 13:51:20,046] {processor.py:170} INFO - Processing /home/jorge/Desktop/MÁSTER/SEGUNDO CURSO/BDFI/practica_docker/env/lib/python3.8/site-packages/airflow/example_dags/example_kubernetes_executor.py took 0.054 seconds
[2025-01-12 13:51:53,754] {processor.py:162} INFO - Started process (PID=281285) to work on /home/jorge/Desktop/MÁSTER/SEGUNDO CURSO/BDFI/practica_docker/env/lib/python3.8/site-packages/airflow/example_dags/example_kubernetes_executor.py
[2025-01-12 13:51:53,760] {processor.py:613} INFO - Processing file /home/jorge/Desktop/MÁSTER/SEGUNDO CURSO/BDFI/practica_docker/env/lib/python3.8/site-packages/airflow/example_dags/example_kubernetes_executor.py for tasks to queue
[2025-01-12 13:51:53,761] {logging_mixin.py:109} INFO - [2025-01-12 13:51:53,761] {dagbag.py:496} INFO - Filling up the DagBag from /home/jorge/Desktop/MÁSTER/SEGUNDO CURSO/BDFI/practica_docker/env/lib/python3.8/site-packages/airflow/example_dags/example_kubernetes_executor.py
[2025-01-12 13:51:53,773] {processor.py:623} INFO - DAG(s) dict_keys(['example_kubernetes_executor']) retrieved from /home/jorge/Desktop/MÁSTER/SEGUNDO CURSO/BDFI/practica_docker/env/lib/python3.8/site-packages/airflow/example_dags/example_kubernetes_executor.py
[2025-01-12 13:51:53,782] {logging_mixin.py:109} INFO - [2025-01-12 13:51:53,782] {dag.py:1834} INFO - Sync 1 DAGs
[2025-01-12 13:51:53,788] {logging_mixin.py:109} INFO - [2025-01-12 13:51:53,788] {dag.py:2287} INFO - Setting next_dagrun for example_kubernetes_executor to None
[2025-01-12 13:51:53,796] {processor.py:170} INFO - Processing /home/jorge/Desktop/MÁSTER/SEGUNDO CURSO/BDFI/practica_docker/env/lib/python3.8/site-packages/airflow/example_dags/example_kubernetes_executor.py took 0.046 seconds
[2025-01-12 13:52:26,349] {processor.py:162} INFO - Started process (PID=281441) to work on /home/jorge/Desktop/MÁSTER/SEGUNDO CURSO/BDFI/practica_docker/env/lib/python3.8/site-packages/airflow/example_dags/example_kubernetes_executor.py
[2025-01-12 13:52:26,350] {processor.py:613} INFO - Processing file /home/jorge/Desktop/MÁSTER/SEGUNDO CURSO/BDFI/practica_docker/env/lib/python3.8/site-packages/airflow/example_dags/example_kubernetes_executor.py for tasks to queue
[2025-01-12 13:52:26,350] {logging_mixin.py:109} INFO - [2025-01-12 13:52:26,350] {dagbag.py:496} INFO - Filling up the DagBag from /home/jorge/Desktop/MÁSTER/SEGUNDO CURSO/BDFI/practica_docker/env/lib/python3.8/site-packages/airflow/example_dags/example_kubernetes_executor.py
[2025-01-12 13:52:26,362] {processor.py:623} INFO - DAG(s) dict_keys(['example_kubernetes_executor']) retrieved from /home/jorge/Desktop/MÁSTER/SEGUNDO CURSO/BDFI/practica_docker/env/lib/python3.8/site-packages/airflow/example_dags/example_kubernetes_executor.py
[2025-01-12 13:52:26,375] {logging_mixin.py:109} INFO - [2025-01-12 13:52:26,375] {dag.py:1834} INFO - Sync 1 DAGs
[2025-01-12 13:52:26,382] {logging_mixin.py:109} INFO - [2025-01-12 13:52:26,382] {dag.py:2287} INFO - Setting next_dagrun for example_kubernetes_executor to None
[2025-01-12 13:52:26,392] {processor.py:170} INFO - Processing /home/jorge/Desktop/MÁSTER/SEGUNDO CURSO/BDFI/practica_docker/env/lib/python3.8/site-packages/airflow/example_dags/example_kubernetes_executor.py took 0.047 seconds
[2025-01-12 13:53:08,695] {processor.py:162} INFO - Started process (PID=281709) to work on /home/jorge/Desktop/MÁSTER/SEGUNDO CURSO/BDFI/practica_docker/env/lib/python3.8/site-packages/airflow/example_dags/example_kubernetes_executor.py
[2025-01-12 13:53:08,696] {processor.py:613} INFO - Processing file /home/jorge/Desktop/MÁSTER/SEGUNDO CURSO/BDFI/practica_docker/env/lib/python3.8/site-packages/airflow/example_dags/example_kubernetes_executor.py for tasks to queue
[2025-01-12 13:53:08,697] {logging_mixin.py:109} INFO - [2025-01-12 13:53:08,697] {dagbag.py:496} INFO - Filling up the DagBag from /home/jorge/Desktop/MÁSTER/SEGUNDO CURSO/BDFI/practica_docker/env/lib/python3.8/site-packages/airflow/example_dags/example_kubernetes_executor.py
[2025-01-12 13:53:08,716] {processor.py:623} INFO - DAG(s) dict_keys(['example_kubernetes_executor']) retrieved from /home/jorge/Desktop/MÁSTER/SEGUNDO CURSO/BDFI/practica_docker/env/lib/python3.8/site-packages/airflow/example_dags/example_kubernetes_executor.py
[2025-01-12 13:53:08,729] {logging_mixin.py:109} INFO - [2025-01-12 13:53:08,729] {dag.py:1834} INFO - Sync 1 DAGs
[2025-01-12 13:53:08,740] {logging_mixin.py:109} INFO - [2025-01-12 13:53:08,740] {dag.py:2287} INFO - Setting next_dagrun for example_kubernetes_executor to None
[2025-01-12 13:53:08,754] {processor.py:170} INFO - Processing /home/jorge/Desktop/MÁSTER/SEGUNDO CURSO/BDFI/practica_docker/env/lib/python3.8/site-packages/airflow/example_dags/example_kubernetes_executor.py took 0.061 seconds
[2025-01-12 13:53:43,235] {processor.py:162} INFO - Started process (PID=281876) to work on /home/jorge/Desktop/MÁSTER/SEGUNDO CURSO/BDFI/practica_docker/env/lib/python3.8/site-packages/airflow/example_dags/example_kubernetes_executor.py
[2025-01-12 13:53:43,236] {processor.py:613} INFO - Processing file /home/jorge/Desktop/MÁSTER/SEGUNDO CURSO/BDFI/practica_docker/env/lib/python3.8/site-packages/airflow/example_dags/example_kubernetes_executor.py for tasks to queue
[2025-01-12 13:53:43,237] {logging_mixin.py:109} INFO - [2025-01-12 13:53:43,237] {dagbag.py:496} INFO - Filling up the DagBag from /home/jorge/Desktop/MÁSTER/SEGUNDO CURSO/BDFI/practica_docker/env/lib/python3.8/site-packages/airflow/example_dags/example_kubernetes_executor.py
[2025-01-12 13:53:43,246] {processor.py:623} INFO - DAG(s) dict_keys(['example_kubernetes_executor']) retrieved from /home/jorge/Desktop/MÁSTER/SEGUNDO CURSO/BDFI/practica_docker/env/lib/python3.8/site-packages/airflow/example_dags/example_kubernetes_executor.py
[2025-01-12 13:53:43,258] {logging_mixin.py:109} INFO - [2025-01-12 13:53:43,258] {dag.py:1834} INFO - Sync 1 DAGs
[2025-01-12 13:53:43,266] {logging_mixin.py:109} INFO - [2025-01-12 13:53:43,265] {dag.py:2287} INFO - Setting next_dagrun for example_kubernetes_executor to None
[2025-01-12 13:53:43,275] {processor.py:170} INFO - Processing /home/jorge/Desktop/MÁSTER/SEGUNDO CURSO/BDFI/practica_docker/env/lib/python3.8/site-packages/airflow/example_dags/example_kubernetes_executor.py took 0.043 seconds
[2025-01-12 13:54:17,825] {processor.py:162} INFO - Started process (PID=282043) to work on /home/jorge/Desktop/MÁSTER/SEGUNDO CURSO/BDFI/practica_docker/env/lib/python3.8/site-packages/airflow/example_dags/example_kubernetes_executor.py
[2025-01-12 13:54:17,826] {processor.py:613} INFO - Processing file /home/jorge/Desktop/MÁSTER/SEGUNDO CURSO/BDFI/practica_docker/env/lib/python3.8/site-packages/airflow/example_dags/example_kubernetes_executor.py for tasks to queue
[2025-01-12 13:54:17,827] {logging_mixin.py:109} INFO - [2025-01-12 13:54:17,827] {dagbag.py:496} INFO - Filling up the DagBag from /home/jorge/Desktop/MÁSTER/SEGUNDO CURSO/BDFI/practica_docker/env/lib/python3.8/site-packages/airflow/example_dags/example_kubernetes_executor.py
[2025-01-12 13:54:17,849] {processor.py:623} INFO - DAG(s) dict_keys(['example_kubernetes_executor']) retrieved from /home/jorge/Desktop/MÁSTER/SEGUNDO CURSO/BDFI/practica_docker/env/lib/python3.8/site-packages/airflow/example_dags/example_kubernetes_executor.py
[2025-01-12 13:54:17,863] {logging_mixin.py:109} INFO - [2025-01-12 13:54:17,863] {dag.py:1834} INFO - Sync 1 DAGs
[2025-01-12 13:54:17,874] {logging_mixin.py:109} INFO - [2025-01-12 13:54:17,873] {dag.py:2287} INFO - Setting next_dagrun for example_kubernetes_executor to None
[2025-01-12 13:54:17,884] {processor.py:170} INFO - Processing /home/jorge/Desktop/MÁSTER/SEGUNDO CURSO/BDFI/practica_docker/env/lib/python3.8/site-packages/airflow/example_dags/example_kubernetes_executor.py took 0.063 seconds
[2025-01-12 13:54:51,045] {processor.py:162} INFO - Started process (PID=282199) to work on /home/jorge/Desktop/MÁSTER/SEGUNDO CURSO/BDFI/practica_docker/env/lib/python3.8/site-packages/airflow/example_dags/example_kubernetes_executor.py
[2025-01-12 13:54:51,046] {processor.py:613} INFO - Processing file /home/jorge/Desktop/MÁSTER/SEGUNDO CURSO/BDFI/practica_docker/env/lib/python3.8/site-packages/airflow/example_dags/example_kubernetes_executor.py for tasks to queue
[2025-01-12 13:54:51,047] {logging_mixin.py:109} INFO - [2025-01-12 13:54:51,047] {dagbag.py:496} INFO - Filling up the DagBag from /home/jorge/Desktop/MÁSTER/SEGUNDO CURSO/BDFI/practica_docker/env/lib/python3.8/site-packages/airflow/example_dags/example_kubernetes_executor.py
[2025-01-12 13:54:51,059] {processor.py:623} INFO - DAG(s) dict_keys(['example_kubernetes_executor']) retrieved from /home/jorge/Desktop/MÁSTER/SEGUNDO CURSO/BDFI/practica_docker/env/lib/python3.8/site-packages/airflow/example_dags/example_kubernetes_executor.py
[2025-01-12 13:54:51,071] {logging_mixin.py:109} INFO - [2025-01-12 13:54:51,070] {dag.py:1834} INFO - Sync 1 DAGs
[2025-01-12 13:54:51,077] {logging_mixin.py:109} INFO - [2025-01-12 13:54:51,077] {dag.py:2287} INFO - Setting next_dagrun for example_kubernetes_executor to None
[2025-01-12 13:54:51,085] {processor.py:170} INFO - Processing /home/jorge/Desktop/MÁSTER/SEGUNDO CURSO/BDFI/practica_docker/env/lib/python3.8/site-packages/airflow/example_dags/example_kubernetes_executor.py took 0.044 seconds
[2025-01-12 13:55:23,857] {processor.py:162} INFO - Started process (PID=282361) to work on /home/jorge/Desktop/MÁSTER/SEGUNDO CURSO/BDFI/practica_docker/env/lib/python3.8/site-packages/airflow/example_dags/example_kubernetes_executor.py
[2025-01-12 13:55:23,863] {processor.py:613} INFO - Processing file /home/jorge/Desktop/MÁSTER/SEGUNDO CURSO/BDFI/practica_docker/env/lib/python3.8/site-packages/airflow/example_dags/example_kubernetes_executor.py for tasks to queue
[2025-01-12 13:55:23,864] {logging_mixin.py:109} INFO - [2025-01-12 13:55:23,864] {dagbag.py:496} INFO - Filling up the DagBag from /home/jorge/Desktop/MÁSTER/SEGUNDO CURSO/BDFI/practica_docker/env/lib/python3.8/site-packages/airflow/example_dags/example_kubernetes_executor.py
[2025-01-12 13:55:23,877] {processor.py:623} INFO - DAG(s) dict_keys(['example_kubernetes_executor']) retrieved from /home/jorge/Desktop/MÁSTER/SEGUNDO CURSO/BDFI/practica_docker/env/lib/python3.8/site-packages/airflow/example_dags/example_kubernetes_executor.py
[2025-01-12 13:55:23,890] {logging_mixin.py:109} INFO - [2025-01-12 13:55:23,890] {dag.py:1834} INFO - Sync 1 DAGs
[2025-01-12 13:55:23,900] {logging_mixin.py:109} INFO - [2025-01-12 13:55:23,900] {dag.py:2287} INFO - Setting next_dagrun for example_kubernetes_executor to None
[2025-01-12 13:55:23,910] {processor.py:170} INFO - Processing /home/jorge/Desktop/MÁSTER/SEGUNDO CURSO/BDFI/practica_docker/env/lib/python3.8/site-packages/airflow/example_dags/example_kubernetes_executor.py took 0.056 seconds
[2025-01-12 13:55:58,866] {processor.py:162} INFO - Started process (PID=282655) to work on /home/jorge/Desktop/MÁSTER/SEGUNDO CURSO/BDFI/practica_docker/env/lib/python3.8/site-packages/airflow/example_dags/example_kubernetes_executor.py
[2025-01-12 13:55:58,867] {processor.py:613} INFO - Processing file /home/jorge/Desktop/MÁSTER/SEGUNDO CURSO/BDFI/practica_docker/env/lib/python3.8/site-packages/airflow/example_dags/example_kubernetes_executor.py for tasks to queue
[2025-01-12 13:55:58,867] {logging_mixin.py:109} INFO - [2025-01-12 13:55:58,867] {dagbag.py:496} INFO - Filling up the DagBag from /home/jorge/Desktop/MÁSTER/SEGUNDO CURSO/BDFI/practica_docker/env/lib/python3.8/site-packages/airflow/example_dags/example_kubernetes_executor.py
[2025-01-12 13:55:58,881] {processor.py:623} INFO - DAG(s) dict_keys(['example_kubernetes_executor']) retrieved from /home/jorge/Desktop/MÁSTER/SEGUNDO CURSO/BDFI/practica_docker/env/lib/python3.8/site-packages/airflow/example_dags/example_kubernetes_executor.py
[2025-01-12 13:55:58,895] {logging_mixin.py:109} INFO - [2025-01-12 13:55:58,895] {dag.py:1834} INFO - Sync 1 DAGs
[2025-01-12 13:55:58,905] {logging_mixin.py:109} INFO - [2025-01-12 13:55:58,905] {dag.py:2287} INFO - Setting next_dagrun for example_kubernetes_executor to None
[2025-01-12 13:55:58,922] {processor.py:170} INFO - Processing /home/jorge/Desktop/MÁSTER/SEGUNDO CURSO/BDFI/practica_docker/env/lib/python3.8/site-packages/airflow/example_dags/example_kubernetes_executor.py took 0.059 seconds
[2025-01-12 13:56:35,312] {processor.py:162} INFO - Started process (PID=282951) to work on /home/jorge/Desktop/MÁSTER/SEGUNDO CURSO/BDFI/practica_docker/env/lib/python3.8/site-packages/airflow/example_dags/example_kubernetes_executor.py
[2025-01-12 13:56:35,313] {processor.py:613} INFO - Processing file /home/jorge/Desktop/MÁSTER/SEGUNDO CURSO/BDFI/practica_docker/env/lib/python3.8/site-packages/airflow/example_dags/example_kubernetes_executor.py for tasks to queue
[2025-01-12 13:56:35,314] {logging_mixin.py:109} INFO - [2025-01-12 13:56:35,314] {dagbag.py:496} INFO - Filling up the DagBag from /home/jorge/Desktop/MÁSTER/SEGUNDO CURSO/BDFI/practica_docker/env/lib/python3.8/site-packages/airflow/example_dags/example_kubernetes_executor.py
[2025-01-12 13:56:35,348] {processor.py:623} INFO - DAG(s) dict_keys(['example_kubernetes_executor']) retrieved from /home/jorge/Desktop/MÁSTER/SEGUNDO CURSO/BDFI/practica_docker/env/lib/python3.8/site-packages/airflow/example_dags/example_kubernetes_executor.py
[2025-01-12 13:56:35,372] {logging_mixin.py:109} INFO - [2025-01-12 13:56:35,372] {dag.py:1834} INFO - Sync 1 DAGs
[2025-01-12 13:56:35,388] {logging_mixin.py:109} INFO - [2025-01-12 13:56:35,388] {dag.py:2287} INFO - Setting next_dagrun for example_kubernetes_executor to None
[2025-01-12 13:56:35,404] {processor.py:170} INFO - Processing /home/jorge/Desktop/MÁSTER/SEGUNDO CURSO/BDFI/practica_docker/env/lib/python3.8/site-packages/airflow/example_dags/example_kubernetes_executor.py took 0.095 seconds
[2025-01-12 13:57:11,222] {processor.py:162} INFO - Started process (PID=283142) to work on /home/jorge/Desktop/MÁSTER/SEGUNDO CURSO/BDFI/practica_docker/env/lib/python3.8/site-packages/airflow/example_dags/example_kubernetes_executor.py
[2025-01-12 13:57:11,224] {processor.py:613} INFO - Processing file /home/jorge/Desktop/MÁSTER/SEGUNDO CURSO/BDFI/practica_docker/env/lib/python3.8/site-packages/airflow/example_dags/example_kubernetes_executor.py for tasks to queue
[2025-01-12 13:57:11,225] {logging_mixin.py:109} INFO - [2025-01-12 13:57:11,225] {dagbag.py:496} INFO - Filling up the DagBag from /home/jorge/Desktop/MÁSTER/SEGUNDO CURSO/BDFI/practica_docker/env/lib/python3.8/site-packages/airflow/example_dags/example_kubernetes_executor.py
[2025-01-12 13:57:11,268] {processor.py:623} INFO - DAG(s) dict_keys(['example_kubernetes_executor']) retrieved from /home/jorge/Desktop/MÁSTER/SEGUNDO CURSO/BDFI/practica_docker/env/lib/python3.8/site-packages/airflow/example_dags/example_kubernetes_executor.py
[2025-01-12 13:57:11,301] {logging_mixin.py:109} INFO - [2025-01-12 13:57:11,301] {dag.py:1834} INFO - Sync 1 DAGs
[2025-01-12 13:57:11,320] {logging_mixin.py:109} INFO - [2025-01-12 13:57:11,320] {dag.py:2287} INFO - Setting next_dagrun for example_kubernetes_executor to None
[2025-01-12 13:57:11,345] {processor.py:170} INFO - Processing /home/jorge/Desktop/MÁSTER/SEGUNDO CURSO/BDFI/practica_docker/env/lib/python3.8/site-packages/airflow/example_dags/example_kubernetes_executor.py took 0.128 seconds
[2025-01-12 13:57:46,866] {processor.py:162} INFO - Started process (PID=283294) to work on /home/jorge/Desktop/MÁSTER/SEGUNDO CURSO/BDFI/practica_docker/env/lib/python3.8/site-packages/airflow/example_dags/example_kubernetes_executor.py
[2025-01-12 13:57:46,868] {processor.py:613} INFO - Processing file /home/jorge/Desktop/MÁSTER/SEGUNDO CURSO/BDFI/practica_docker/env/lib/python3.8/site-packages/airflow/example_dags/example_kubernetes_executor.py for tasks to queue
[2025-01-12 13:57:46,869] {logging_mixin.py:109} INFO - [2025-01-12 13:57:46,869] {dagbag.py:496} INFO - Filling up the DagBag from /home/jorge/Desktop/MÁSTER/SEGUNDO CURSO/BDFI/practica_docker/env/lib/python3.8/site-packages/airflow/example_dags/example_kubernetes_executor.py
[2025-01-12 13:57:46,884] {processor.py:623} INFO - DAG(s) dict_keys(['example_kubernetes_executor']) retrieved from /home/jorge/Desktop/MÁSTER/SEGUNDO CURSO/BDFI/practica_docker/env/lib/python3.8/site-packages/airflow/example_dags/example_kubernetes_executor.py
[2025-01-12 13:57:46,897] {logging_mixin.py:109} INFO - [2025-01-12 13:57:46,897] {dag.py:1834} INFO - Sync 1 DAGs
[2025-01-12 13:57:46,906] {logging_mixin.py:109} INFO - [2025-01-12 13:57:46,906] {dag.py:2287} INFO - Setting next_dagrun for example_kubernetes_executor to None
[2025-01-12 13:57:46,919] {processor.py:170} INFO - Processing /home/jorge/Desktop/MÁSTER/SEGUNDO CURSO/BDFI/practica_docker/env/lib/python3.8/site-packages/airflow/example_dags/example_kubernetes_executor.py took 0.056 seconds
[2025-01-12 14:06:10,166] {processor.py:162} INFO - Started process (PID=283734) to work on /home/jorge/Desktop/MÁSTER/SEGUNDO CURSO/BDFI/practica_docker/env/lib/python3.8/site-packages/airflow/example_dags/example_kubernetes_executor.py
[2025-01-12 14:06:10,167] {processor.py:613} INFO - Processing file /home/jorge/Desktop/MÁSTER/SEGUNDO CURSO/BDFI/practica_docker/env/lib/python3.8/site-packages/airflow/example_dags/example_kubernetes_executor.py for tasks to queue
[2025-01-12 14:06:10,167] {logging_mixin.py:109} INFO - [2025-01-12 14:06:10,167] {dagbag.py:496} INFO - Filling up the DagBag from /home/jorge/Desktop/MÁSTER/SEGUNDO CURSO/BDFI/practica_docker/env/lib/python3.8/site-packages/airflow/example_dags/example_kubernetes_executor.py
[2025-01-12 14:06:10,173] {processor.py:623} INFO - DAG(s) dict_keys(['example_kubernetes_executor']) retrieved from /home/jorge/Desktop/MÁSTER/SEGUNDO CURSO/BDFI/practica_docker/env/lib/python3.8/site-packages/airflow/example_dags/example_kubernetes_executor.py
[2025-01-12 14:06:10,181] {logging_mixin.py:109} INFO - [2025-01-12 14:06:10,181] {dag.py:1834} INFO - Sync 1 DAGs
[2025-01-12 14:06:10,185] {logging_mixin.py:109} INFO - [2025-01-12 14:06:10,185] {dag.py:2287} INFO - Setting next_dagrun for example_kubernetes_executor to None
[2025-01-12 14:06:10,192] {processor.py:170} INFO - Processing /home/jorge/Desktop/MÁSTER/SEGUNDO CURSO/BDFI/practica_docker/env/lib/python3.8/site-packages/airflow/example_dags/example_kubernetes_executor.py took 0.029 seconds
[2025-01-12 14:06:42,883] {processor.py:162} INFO - Started process (PID=283899) to work on /home/jorge/Desktop/MÁSTER/SEGUNDO CURSO/BDFI/practica_docker/env/lib/python3.8/site-packages/airflow/example_dags/example_kubernetes_executor.py
[2025-01-12 14:06:42,889] {processor.py:613} INFO - Processing file /home/jorge/Desktop/MÁSTER/SEGUNDO CURSO/BDFI/practica_docker/env/lib/python3.8/site-packages/airflow/example_dags/example_kubernetes_executor.py for tasks to queue
[2025-01-12 14:06:42,889] {logging_mixin.py:109} INFO - [2025-01-12 14:06:42,889] {dagbag.py:496} INFO - Filling up the DagBag from /home/jorge/Desktop/MÁSTER/SEGUNDO CURSO/BDFI/practica_docker/env/lib/python3.8/site-packages/airflow/example_dags/example_kubernetes_executor.py
[2025-01-12 14:06:42,896] {processor.py:623} INFO - DAG(s) dict_keys(['example_kubernetes_executor']) retrieved from /home/jorge/Desktop/MÁSTER/SEGUNDO CURSO/BDFI/practica_docker/env/lib/python3.8/site-packages/airflow/example_dags/example_kubernetes_executor.py
[2025-01-12 14:06:42,905] {logging_mixin.py:109} INFO - [2025-01-12 14:06:42,905] {dag.py:1834} INFO - Sync 1 DAGs
[2025-01-12 14:06:42,910] {logging_mixin.py:109} INFO - [2025-01-12 14:06:42,910] {dag.py:2287} INFO - Setting next_dagrun for example_kubernetes_executor to None
[2025-01-12 14:06:42,919] {processor.py:170} INFO - Processing /home/jorge/Desktop/MÁSTER/SEGUNDO CURSO/BDFI/practica_docker/env/lib/python3.8/site-packages/airflow/example_dags/example_kubernetes_executor.py took 0.038 seconds
[2025-01-12 14:07:16,136] {processor.py:162} INFO - Started process (PID=284045) to work on /home/jorge/Desktop/MÁSTER/SEGUNDO CURSO/BDFI/practica_docker/env/lib/python3.8/site-packages/airflow/example_dags/example_kubernetes_executor.py
[2025-01-12 14:07:16,146] {processor.py:613} INFO - Processing file /home/jorge/Desktop/MÁSTER/SEGUNDO CURSO/BDFI/practica_docker/env/lib/python3.8/site-packages/airflow/example_dags/example_kubernetes_executor.py for tasks to queue
[2025-01-12 14:07:16,147] {logging_mixin.py:109} INFO - [2025-01-12 14:07:16,147] {dagbag.py:496} INFO - Filling up the DagBag from /home/jorge/Desktop/MÁSTER/SEGUNDO CURSO/BDFI/practica_docker/env/lib/python3.8/site-packages/airflow/example_dags/example_kubernetes_executor.py
[2025-01-12 14:07:16,155] {processor.py:623} INFO - DAG(s) dict_keys(['example_kubernetes_executor']) retrieved from /home/jorge/Desktop/MÁSTER/SEGUNDO CURSO/BDFI/practica_docker/env/lib/python3.8/site-packages/airflow/example_dags/example_kubernetes_executor.py
[2025-01-12 14:07:16,163] {logging_mixin.py:109} INFO - [2025-01-12 14:07:16,163] {dag.py:1834} INFO - Sync 1 DAGs
[2025-01-12 14:07:16,167] {logging_mixin.py:109} INFO - [2025-01-12 14:07:16,167] {dag.py:2287} INFO - Setting next_dagrun for example_kubernetes_executor to None
[2025-01-12 14:07:16,174] {processor.py:170} INFO - Processing /home/jorge/Desktop/MÁSTER/SEGUNDO CURSO/BDFI/practica_docker/env/lib/python3.8/site-packages/airflow/example_dags/example_kubernetes_executor.py took 0.040 seconds
[2025-01-12 14:07:49,261] {processor.py:162} INFO - Started process (PID=284198) to work on /home/jorge/Desktop/MÁSTER/SEGUNDO CURSO/BDFI/practica_docker/env/lib/python3.8/site-packages/airflow/example_dags/example_kubernetes_executor.py
[2025-01-12 14:07:49,262] {processor.py:613} INFO - Processing file /home/jorge/Desktop/MÁSTER/SEGUNDO CURSO/BDFI/practica_docker/env/lib/python3.8/site-packages/airflow/example_dags/example_kubernetes_executor.py for tasks to queue
[2025-01-12 14:07:49,262] {logging_mixin.py:109} INFO - [2025-01-12 14:07:49,262] {dagbag.py:496} INFO - Filling up the DagBag from /home/jorge/Desktop/MÁSTER/SEGUNDO CURSO/BDFI/practica_docker/env/lib/python3.8/site-packages/airflow/example_dags/example_kubernetes_executor.py
[2025-01-12 14:07:49,267] {processor.py:623} INFO - DAG(s) dict_keys(['example_kubernetes_executor']) retrieved from /home/jorge/Desktop/MÁSTER/SEGUNDO CURSO/BDFI/practica_docker/env/lib/python3.8/site-packages/airflow/example_dags/example_kubernetes_executor.py
[2025-01-12 14:07:49,276] {logging_mixin.py:109} INFO - [2025-01-12 14:07:49,276] {dag.py:1834} INFO - Sync 1 DAGs
[2025-01-12 14:07:49,282] {logging_mixin.py:109} INFO - [2025-01-12 14:07:49,282] {dag.py:2287} INFO - Setting next_dagrun for example_kubernetes_executor to None
[2025-01-12 14:07:49,292] {processor.py:170} INFO - Processing /home/jorge/Desktop/MÁSTER/SEGUNDO CURSO/BDFI/practica_docker/env/lib/python3.8/site-packages/airflow/example_dags/example_kubernetes_executor.py took 0.032 seconds
[2025-01-12 14:08:21,260] {processor.py:162} INFO - Started process (PID=284337) to work on /home/jorge/Desktop/MÁSTER/SEGUNDO CURSO/BDFI/practica_docker/env/lib/python3.8/site-packages/airflow/example_dags/example_kubernetes_executor.py
[2025-01-12 14:08:21,262] {processor.py:613} INFO - Processing file /home/jorge/Desktop/MÁSTER/SEGUNDO CURSO/BDFI/practica_docker/env/lib/python3.8/site-packages/airflow/example_dags/example_kubernetes_executor.py for tasks to queue
[2025-01-12 14:08:21,263] {logging_mixin.py:109} INFO - [2025-01-12 14:08:21,263] {dagbag.py:496} INFO - Filling up the DagBag from /home/jorge/Desktop/MÁSTER/SEGUNDO CURSO/BDFI/practica_docker/env/lib/python3.8/site-packages/airflow/example_dags/example_kubernetes_executor.py
[2025-01-12 14:08:21,271] {processor.py:623} INFO - DAG(s) dict_keys(['example_kubernetes_executor']) retrieved from /home/jorge/Desktop/MÁSTER/SEGUNDO CURSO/BDFI/practica_docker/env/lib/python3.8/site-packages/airflow/example_dags/example_kubernetes_executor.py
[2025-01-12 14:08:21,281] {logging_mixin.py:109} INFO - [2025-01-12 14:08:21,280] {dag.py:1834} INFO - Sync 1 DAGs
[2025-01-12 14:08:21,286] {logging_mixin.py:109} INFO - [2025-01-12 14:08:21,286] {dag.py:2287} INFO - Setting next_dagrun for example_kubernetes_executor to None
[2025-01-12 14:08:21,296] {processor.py:170} INFO - Processing /home/jorge/Desktop/MÁSTER/SEGUNDO CURSO/BDFI/practica_docker/env/lib/python3.8/site-packages/airflow/example_dags/example_kubernetes_executor.py took 0.040 seconds
[2025-01-12 14:08:54,525] {processor.py:162} INFO - Started process (PID=284494) to work on /home/jorge/Desktop/MÁSTER/SEGUNDO CURSO/BDFI/practica_docker/env/lib/python3.8/site-packages/airflow/example_dags/example_kubernetes_executor.py
[2025-01-12 14:08:54,531] {processor.py:613} INFO - Processing file /home/jorge/Desktop/MÁSTER/SEGUNDO CURSO/BDFI/practica_docker/env/lib/python3.8/site-packages/airflow/example_dags/example_kubernetes_executor.py for tasks to queue
[2025-01-12 14:08:54,532] {logging_mixin.py:109} INFO - [2025-01-12 14:08:54,532] {dagbag.py:496} INFO - Filling up the DagBag from /home/jorge/Desktop/MÁSTER/SEGUNDO CURSO/BDFI/practica_docker/env/lib/python3.8/site-packages/airflow/example_dags/example_kubernetes_executor.py
[2025-01-12 14:08:54,542] {processor.py:623} INFO - DAG(s) dict_keys(['example_kubernetes_executor']) retrieved from /home/jorge/Desktop/MÁSTER/SEGUNDO CURSO/BDFI/practica_docker/env/lib/python3.8/site-packages/airflow/example_dags/example_kubernetes_executor.py
[2025-01-12 14:08:54,551] {logging_mixin.py:109} INFO - [2025-01-12 14:08:54,551] {dag.py:1834} INFO - Sync 1 DAGs
[2025-01-12 14:08:54,555] {logging_mixin.py:109} INFO - [2025-01-12 14:08:54,555] {dag.py:2287} INFO - Setting next_dagrun for example_kubernetes_executor to None
[2025-01-12 14:08:54,563] {processor.py:170} INFO - Processing /home/jorge/Desktop/MÁSTER/SEGUNDO CURSO/BDFI/practica_docker/env/lib/python3.8/site-packages/airflow/example_dags/example_kubernetes_executor.py took 0.041 seconds
[2025-01-12 14:09:27,848] {processor.py:162} INFO - Started process (PID=284637) to work on /home/jorge/Desktop/MÁSTER/SEGUNDO CURSO/BDFI/practica_docker/env/lib/python3.8/site-packages/airflow/example_dags/example_kubernetes_executor.py
[2025-01-12 14:09:27,850] {processor.py:613} INFO - Processing file /home/jorge/Desktop/MÁSTER/SEGUNDO CURSO/BDFI/practica_docker/env/lib/python3.8/site-packages/airflow/example_dags/example_kubernetes_executor.py for tasks to queue
[2025-01-12 14:09:27,851] {logging_mixin.py:109} INFO - [2025-01-12 14:09:27,851] {dagbag.py:496} INFO - Filling up the DagBag from /home/jorge/Desktop/MÁSTER/SEGUNDO CURSO/BDFI/practica_docker/env/lib/python3.8/site-packages/airflow/example_dags/example_kubernetes_executor.py
[2025-01-12 14:09:27,860] {processor.py:623} INFO - DAG(s) dict_keys(['example_kubernetes_executor']) retrieved from /home/jorge/Desktop/MÁSTER/SEGUNDO CURSO/BDFI/practica_docker/env/lib/python3.8/site-packages/airflow/example_dags/example_kubernetes_executor.py
[2025-01-12 14:09:27,868] {logging_mixin.py:109} INFO - [2025-01-12 14:09:27,868] {dag.py:1834} INFO - Sync 1 DAGs
[2025-01-12 14:09:27,875] {logging_mixin.py:109} INFO - [2025-01-12 14:09:27,874] {dag.py:2287} INFO - Setting next_dagrun for example_kubernetes_executor to None
[2025-01-12 14:09:27,883] {processor.py:170} INFO - Processing /home/jorge/Desktop/MÁSTER/SEGUNDO CURSO/BDFI/practica_docker/env/lib/python3.8/site-packages/airflow/example_dags/example_kubernetes_executor.py took 0.038 seconds
[2025-01-12 14:10:01,578] {processor.py:162} INFO - Started process (PID=284808) to work on /home/jorge/Desktop/MÁSTER/SEGUNDO CURSO/BDFI/practica_docker/env/lib/python3.8/site-packages/airflow/example_dags/example_kubernetes_executor.py
[2025-01-12 14:10:01,585] {processor.py:613} INFO - Processing file /home/jorge/Desktop/MÁSTER/SEGUNDO CURSO/BDFI/practica_docker/env/lib/python3.8/site-packages/airflow/example_dags/example_kubernetes_executor.py for tasks to queue
[2025-01-12 14:10:01,587] {logging_mixin.py:109} INFO - [2025-01-12 14:10:01,586] {dagbag.py:496} INFO - Filling up the DagBag from /home/jorge/Desktop/MÁSTER/SEGUNDO CURSO/BDFI/practica_docker/env/lib/python3.8/site-packages/airflow/example_dags/example_kubernetes_executor.py
[2025-01-12 14:10:01,596] {processor.py:623} INFO - DAG(s) dict_keys(['example_kubernetes_executor']) retrieved from /home/jorge/Desktop/MÁSTER/SEGUNDO CURSO/BDFI/practica_docker/env/lib/python3.8/site-packages/airflow/example_dags/example_kubernetes_executor.py
[2025-01-12 14:10:01,608] {logging_mixin.py:109} INFO - [2025-01-12 14:10:01,608] {dag.py:1834} INFO - Sync 1 DAGs
[2025-01-12 14:10:01,616] {logging_mixin.py:109} INFO - [2025-01-12 14:10:01,616] {dag.py:2287} INFO - Setting next_dagrun for example_kubernetes_executor to None
[2025-01-12 14:10:01,628] {processor.py:170} INFO - Processing /home/jorge/Desktop/MÁSTER/SEGUNDO CURSO/BDFI/practica_docker/env/lib/python3.8/site-packages/airflow/example_dags/example_kubernetes_executor.py took 0.054 seconds
[2025-01-12 14:10:33,898] {processor.py:162} INFO - Started process (PID=284946) to work on /home/jorge/Desktop/MÁSTER/SEGUNDO CURSO/BDFI/practica_docker/env/lib/python3.8/site-packages/airflow/example_dags/example_kubernetes_executor.py
[2025-01-12 14:10:33,904] {processor.py:613} INFO - Processing file /home/jorge/Desktop/MÁSTER/SEGUNDO CURSO/BDFI/practica_docker/env/lib/python3.8/site-packages/airflow/example_dags/example_kubernetes_executor.py for tasks to queue
[2025-01-12 14:10:33,905] {logging_mixin.py:109} INFO - [2025-01-12 14:10:33,905] {dagbag.py:496} INFO - Filling up the DagBag from /home/jorge/Desktop/MÁSTER/SEGUNDO CURSO/BDFI/practica_docker/env/lib/python3.8/site-packages/airflow/example_dags/example_kubernetes_executor.py
[2025-01-12 14:10:33,915] {processor.py:623} INFO - DAG(s) dict_keys(['example_kubernetes_executor']) retrieved from /home/jorge/Desktop/MÁSTER/SEGUNDO CURSO/BDFI/practica_docker/env/lib/python3.8/site-packages/airflow/example_dags/example_kubernetes_executor.py
[2025-01-12 14:10:33,927] {logging_mixin.py:109} INFO - [2025-01-12 14:10:33,927] {dag.py:1834} INFO - Sync 1 DAGs
[2025-01-12 14:10:33,932] {logging_mixin.py:109} INFO - [2025-01-12 14:10:33,932] {dag.py:2287} INFO - Setting next_dagrun for example_kubernetes_executor to None
[2025-01-12 14:10:33,941] {processor.py:170} INFO - Processing /home/jorge/Desktop/MÁSTER/SEGUNDO CURSO/BDFI/practica_docker/env/lib/python3.8/site-packages/airflow/example_dags/example_kubernetes_executor.py took 0.047 seconds
[2025-01-12 14:11:11,606] {processor.py:162} INFO - Started process (PID=285267) to work on /home/jorge/Desktop/MÁSTER/SEGUNDO CURSO/BDFI/practica_docker/env/lib/python3.8/site-packages/airflow/example_dags/example_kubernetes_executor.py
[2025-01-12 14:11:11,608] {processor.py:613} INFO - Processing file /home/jorge/Desktop/MÁSTER/SEGUNDO CURSO/BDFI/practica_docker/env/lib/python3.8/site-packages/airflow/example_dags/example_kubernetes_executor.py for tasks to queue
[2025-01-12 14:11:11,609] {logging_mixin.py:109} INFO - [2025-01-12 14:11:11,608] {dagbag.py:496} INFO - Filling up the DagBag from /home/jorge/Desktop/MÁSTER/SEGUNDO CURSO/BDFI/practica_docker/env/lib/python3.8/site-packages/airflow/example_dags/example_kubernetes_executor.py
[2025-01-12 14:11:11,619] {processor.py:623} INFO - DAG(s) dict_keys(['example_kubernetes_executor']) retrieved from /home/jorge/Desktop/MÁSTER/SEGUNDO CURSO/BDFI/practica_docker/env/lib/python3.8/site-packages/airflow/example_dags/example_kubernetes_executor.py
[2025-01-12 14:11:11,634] {logging_mixin.py:109} INFO - [2025-01-12 14:11:11,634] {dag.py:1834} INFO - Sync 1 DAGs
[2025-01-12 14:11:11,645] {logging_mixin.py:109} INFO - [2025-01-12 14:11:11,645] {dag.py:2287} INFO - Setting next_dagrun for example_kubernetes_executor to None
[2025-01-12 14:11:11,663] {processor.py:170} INFO - Processing /home/jorge/Desktop/MÁSTER/SEGUNDO CURSO/BDFI/practica_docker/env/lib/python3.8/site-packages/airflow/example_dags/example_kubernetes_executor.py took 0.059 seconds
[2025-01-12 14:11:45,184] {processor.py:162} INFO - Started process (PID=285432) to work on /home/jorge/Desktop/MÁSTER/SEGUNDO CURSO/BDFI/practica_docker/env/lib/python3.8/site-packages/airflow/example_dags/example_kubernetes_executor.py
[2025-01-12 14:11:45,185] {processor.py:613} INFO - Processing file /home/jorge/Desktop/MÁSTER/SEGUNDO CURSO/BDFI/practica_docker/env/lib/python3.8/site-packages/airflow/example_dags/example_kubernetes_executor.py for tasks to queue
[2025-01-12 14:11:45,187] {logging_mixin.py:109} INFO - [2025-01-12 14:11:45,187] {dagbag.py:496} INFO - Filling up the DagBag from /home/jorge/Desktop/MÁSTER/SEGUNDO CURSO/BDFI/practica_docker/env/lib/python3.8/site-packages/airflow/example_dags/example_kubernetes_executor.py
[2025-01-12 14:11:45,196] {processor.py:623} INFO - DAG(s) dict_keys(['example_kubernetes_executor']) retrieved from /home/jorge/Desktop/MÁSTER/SEGUNDO CURSO/BDFI/practica_docker/env/lib/python3.8/site-packages/airflow/example_dags/example_kubernetes_executor.py
[2025-01-12 14:11:45,205] {logging_mixin.py:109} INFO - [2025-01-12 14:11:45,205] {dag.py:1834} INFO - Sync 1 DAGs
[2025-01-12 14:11:45,210] {logging_mixin.py:109} INFO - [2025-01-12 14:11:45,210] {dag.py:2287} INFO - Setting next_dagrun for example_kubernetes_executor to None
[2025-01-12 14:11:45,219] {processor.py:170} INFO - Processing /home/jorge/Desktop/MÁSTER/SEGUNDO CURSO/BDFI/practica_docker/env/lib/python3.8/site-packages/airflow/example_dags/example_kubernetes_executor.py took 0.037 seconds
[2025-01-12 14:12:19,361] {processor.py:162} INFO - Started process (PID=285580) to work on /home/jorge/Desktop/MÁSTER/SEGUNDO CURSO/BDFI/practica_docker/env/lib/python3.8/site-packages/airflow/example_dags/example_kubernetes_executor.py
[2025-01-12 14:12:19,362] {processor.py:613} INFO - Processing file /home/jorge/Desktop/MÁSTER/SEGUNDO CURSO/BDFI/practica_docker/env/lib/python3.8/site-packages/airflow/example_dags/example_kubernetes_executor.py for tasks to queue
[2025-01-12 14:12:19,363] {logging_mixin.py:109} INFO - [2025-01-12 14:12:19,363] {dagbag.py:496} INFO - Filling up the DagBag from /home/jorge/Desktop/MÁSTER/SEGUNDO CURSO/BDFI/practica_docker/env/lib/python3.8/site-packages/airflow/example_dags/example_kubernetes_executor.py
[2025-01-12 14:12:19,370] {processor.py:623} INFO - DAG(s) dict_keys(['example_kubernetes_executor']) retrieved from /home/jorge/Desktop/MÁSTER/SEGUNDO CURSO/BDFI/practica_docker/env/lib/python3.8/site-packages/airflow/example_dags/example_kubernetes_executor.py
[2025-01-12 14:12:19,378] {logging_mixin.py:109} INFO - [2025-01-12 14:12:19,378] {dag.py:1834} INFO - Sync 1 DAGs
[2025-01-12 14:12:19,383] {logging_mixin.py:109} INFO - [2025-01-12 14:12:19,382] {dag.py:2287} INFO - Setting next_dagrun for example_kubernetes_executor to None
[2025-01-12 14:12:19,390] {processor.py:170} INFO - Processing /home/jorge/Desktop/MÁSTER/SEGUNDO CURSO/BDFI/practica_docker/env/lib/python3.8/site-packages/airflow/example_dags/example_kubernetes_executor.py took 0.031 seconds
[2025-01-12 14:12:51,965] {processor.py:162} INFO - Started process (PID=285730) to work on /home/jorge/Desktop/MÁSTER/SEGUNDO CURSO/BDFI/practica_docker/env/lib/python3.8/site-packages/airflow/example_dags/example_kubernetes_executor.py
[2025-01-12 14:12:51,966] {processor.py:613} INFO - Processing file /home/jorge/Desktop/MÁSTER/SEGUNDO CURSO/BDFI/practica_docker/env/lib/python3.8/site-packages/airflow/example_dags/example_kubernetes_executor.py for tasks to queue
[2025-01-12 14:12:51,966] {logging_mixin.py:109} INFO - [2025-01-12 14:12:51,966] {dagbag.py:496} INFO - Filling up the DagBag from /home/jorge/Desktop/MÁSTER/SEGUNDO CURSO/BDFI/practica_docker/env/lib/python3.8/site-packages/airflow/example_dags/example_kubernetes_executor.py
[2025-01-12 14:12:51,970] {processor.py:623} INFO - DAG(s) dict_keys(['example_kubernetes_executor']) retrieved from /home/jorge/Desktop/MÁSTER/SEGUNDO CURSO/BDFI/practica_docker/env/lib/python3.8/site-packages/airflow/example_dags/example_kubernetes_executor.py
[2025-01-12 14:12:51,977] {logging_mixin.py:109} INFO - [2025-01-12 14:12:51,977] {dag.py:1834} INFO - Sync 1 DAGs
[2025-01-12 14:12:51,982] {logging_mixin.py:109} INFO - [2025-01-12 14:12:51,982] {dag.py:2287} INFO - Setting next_dagrun for example_kubernetes_executor to None
[2025-01-12 14:12:51,990] {processor.py:170} INFO - Processing /home/jorge/Desktop/MÁSTER/SEGUNDO CURSO/BDFI/practica_docker/env/lib/python3.8/site-packages/airflow/example_dags/example_kubernetes_executor.py took 0.027 seconds
[2025-01-12 14:13:25,647] {processor.py:162} INFO - Started process (PID=285877) to work on /home/jorge/Desktop/MÁSTER/SEGUNDO CURSO/BDFI/practica_docker/env/lib/python3.8/site-packages/airflow/example_dags/example_kubernetes_executor.py
[2025-01-12 14:13:25,653] {processor.py:613} INFO - Processing file /home/jorge/Desktop/MÁSTER/SEGUNDO CURSO/BDFI/practica_docker/env/lib/python3.8/site-packages/airflow/example_dags/example_kubernetes_executor.py for tasks to queue
[2025-01-12 14:13:25,654] {logging_mixin.py:109} INFO - [2025-01-12 14:13:25,654] {dagbag.py:496} INFO - Filling up the DagBag from /home/jorge/Desktop/MÁSTER/SEGUNDO CURSO/BDFI/practica_docker/env/lib/python3.8/site-packages/airflow/example_dags/example_kubernetes_executor.py
[2025-01-12 14:13:25,663] {processor.py:623} INFO - DAG(s) dict_keys(['example_kubernetes_executor']) retrieved from /home/jorge/Desktop/MÁSTER/SEGUNDO CURSO/BDFI/practica_docker/env/lib/python3.8/site-packages/airflow/example_dags/example_kubernetes_executor.py
[2025-01-12 14:13:25,671] {logging_mixin.py:109} INFO - [2025-01-12 14:13:25,671] {dag.py:1834} INFO - Sync 1 DAGs
[2025-01-12 14:13:25,676] {logging_mixin.py:109} INFO - [2025-01-12 14:13:25,676] {dag.py:2287} INFO - Setting next_dagrun for example_kubernetes_executor to None
[2025-01-12 14:13:25,684] {processor.py:170} INFO - Processing /home/jorge/Desktop/MÁSTER/SEGUNDO CURSO/BDFI/practica_docker/env/lib/python3.8/site-packages/airflow/example_dags/example_kubernetes_executor.py took 0.042 seconds
[2025-01-12 14:13:57,778] {processor.py:162} INFO - Started process (PID=286038) to work on /home/jorge/Desktop/MÁSTER/SEGUNDO CURSO/BDFI/practica_docker/env/lib/python3.8/site-packages/airflow/example_dags/example_kubernetes_executor.py
[2025-01-12 14:13:57,785] {processor.py:613} INFO - Processing file /home/jorge/Desktop/MÁSTER/SEGUNDO CURSO/BDFI/practica_docker/env/lib/python3.8/site-packages/airflow/example_dags/example_kubernetes_executor.py for tasks to queue
[2025-01-12 14:13:57,786] {logging_mixin.py:109} INFO - [2025-01-12 14:13:57,786] {dagbag.py:496} INFO - Filling up the DagBag from /home/jorge/Desktop/MÁSTER/SEGUNDO CURSO/BDFI/practica_docker/env/lib/python3.8/site-packages/airflow/example_dags/example_kubernetes_executor.py
[2025-01-12 14:13:57,796] {processor.py:623} INFO - DAG(s) dict_keys(['example_kubernetes_executor']) retrieved from /home/jorge/Desktop/MÁSTER/SEGUNDO CURSO/BDFI/practica_docker/env/lib/python3.8/site-packages/airflow/example_dags/example_kubernetes_executor.py
[2025-01-12 14:13:57,805] {logging_mixin.py:109} INFO - [2025-01-12 14:13:57,805] {dag.py:1834} INFO - Sync 1 DAGs
[2025-01-12 14:13:57,810] {logging_mixin.py:109} INFO - [2025-01-12 14:13:57,810] {dag.py:2287} INFO - Setting next_dagrun for example_kubernetes_executor to None
[2025-01-12 14:13:57,819] {processor.py:170} INFO - Processing /home/jorge/Desktop/MÁSTER/SEGUNDO CURSO/BDFI/practica_docker/env/lib/python3.8/site-packages/airflow/example_dags/example_kubernetes_executor.py took 0.044 seconds
[2025-01-12 14:14:30,987] {processor.py:162} INFO - Started process (PID=286190) to work on /home/jorge/Desktop/MÁSTER/SEGUNDO CURSO/BDFI/practica_docker/env/lib/python3.8/site-packages/airflow/example_dags/example_kubernetes_executor.py
[2025-01-12 14:14:30,994] {processor.py:613} INFO - Processing file /home/jorge/Desktop/MÁSTER/SEGUNDO CURSO/BDFI/practica_docker/env/lib/python3.8/site-packages/airflow/example_dags/example_kubernetes_executor.py for tasks to queue
[2025-01-12 14:14:30,995] {logging_mixin.py:109} INFO - [2025-01-12 14:14:30,994] {dagbag.py:496} INFO - Filling up the DagBag from /home/jorge/Desktop/MÁSTER/SEGUNDO CURSO/BDFI/practica_docker/env/lib/python3.8/site-packages/airflow/example_dags/example_kubernetes_executor.py
[2025-01-12 14:14:31,004] {processor.py:623} INFO - DAG(s) dict_keys(['example_kubernetes_executor']) retrieved from /home/jorge/Desktop/MÁSTER/SEGUNDO CURSO/BDFI/practica_docker/env/lib/python3.8/site-packages/airflow/example_dags/example_kubernetes_executor.py
[2025-01-12 14:14:31,013] {logging_mixin.py:109} INFO - [2025-01-12 14:14:31,012] {dag.py:1834} INFO - Sync 1 DAGs
[2025-01-12 14:14:31,017] {logging_mixin.py:109} INFO - [2025-01-12 14:14:31,017] {dag.py:2287} INFO - Setting next_dagrun for example_kubernetes_executor to None
[2025-01-12 14:14:31,025] {processor.py:170} INFO - Processing /home/jorge/Desktop/MÁSTER/SEGUNDO CURSO/BDFI/practica_docker/env/lib/python3.8/site-packages/airflow/example_dags/example_kubernetes_executor.py took 0.041 seconds
[2025-01-12 14:15:03,847] {processor.py:162} INFO - Started process (PID=286466) to work on /home/jorge/Desktop/MÁSTER/SEGUNDO CURSO/BDFI/practica_docker/env/lib/python3.8/site-packages/airflow/example_dags/example_kubernetes_executor.py
[2025-01-12 14:15:03,853] {processor.py:613} INFO - Processing file /home/jorge/Desktop/MÁSTER/SEGUNDO CURSO/BDFI/practica_docker/env/lib/python3.8/site-packages/airflow/example_dags/example_kubernetes_executor.py for tasks to queue
[2025-01-12 14:15:03,854] {logging_mixin.py:109} INFO - [2025-01-12 14:15:03,854] {dagbag.py:496} INFO - Filling up the DagBag from /home/jorge/Desktop/MÁSTER/SEGUNDO CURSO/BDFI/practica_docker/env/lib/python3.8/site-packages/airflow/example_dags/example_kubernetes_executor.py
[2025-01-12 14:15:03,863] {processor.py:623} INFO - DAG(s) dict_keys(['example_kubernetes_executor']) retrieved from /home/jorge/Desktop/MÁSTER/SEGUNDO CURSO/BDFI/practica_docker/env/lib/python3.8/site-packages/airflow/example_dags/example_kubernetes_executor.py
[2025-01-12 14:15:03,872] {logging_mixin.py:109} INFO - [2025-01-12 14:15:03,872] {dag.py:1834} INFO - Sync 1 DAGs
[2025-01-12 14:15:03,876] {logging_mixin.py:109} INFO - [2025-01-12 14:15:03,876] {dag.py:2287} INFO - Setting next_dagrun for example_kubernetes_executor to None
[2025-01-12 14:15:03,884] {processor.py:170} INFO - Processing /home/jorge/Desktop/MÁSTER/SEGUNDO CURSO/BDFI/practica_docker/env/lib/python3.8/site-packages/airflow/example_dags/example_kubernetes_executor.py took 0.039 seconds
[2025-01-12 14:15:36,008] {processor.py:162} INFO - Started process (PID=286916) to work on /home/jorge/Desktop/MÁSTER/SEGUNDO CURSO/BDFI/practica_docker/env/lib/python3.8/site-packages/airflow/example_dags/example_kubernetes_executor.py
[2025-01-12 14:15:36,014] {processor.py:613} INFO - Processing file /home/jorge/Desktop/MÁSTER/SEGUNDO CURSO/BDFI/practica_docker/env/lib/python3.8/site-packages/airflow/example_dags/example_kubernetes_executor.py for tasks to queue
[2025-01-12 14:15:36,015] {logging_mixin.py:109} INFO - [2025-01-12 14:15:36,014] {dagbag.py:496} INFO - Filling up the DagBag from /home/jorge/Desktop/MÁSTER/SEGUNDO CURSO/BDFI/practica_docker/env/lib/python3.8/site-packages/airflow/example_dags/example_kubernetes_executor.py
[2025-01-12 14:15:36,019] {processor.py:623} INFO - DAG(s) dict_keys(['example_kubernetes_executor']) retrieved from /home/jorge/Desktop/MÁSTER/SEGUNDO CURSO/BDFI/practica_docker/env/lib/python3.8/site-packages/airflow/example_dags/example_kubernetes_executor.py
[2025-01-12 14:15:36,030] {logging_mixin.py:109} INFO - [2025-01-12 14:15:36,030] {dag.py:1834} INFO - Sync 1 DAGs
[2025-01-12 14:15:36,036] {logging_mixin.py:109} INFO - [2025-01-12 14:15:36,036] {dag.py:2287} INFO - Setting next_dagrun for example_kubernetes_executor to None
[2025-01-12 14:15:36,048] {processor.py:170} INFO - Processing /home/jorge/Desktop/MÁSTER/SEGUNDO CURSO/BDFI/practica_docker/env/lib/python3.8/site-packages/airflow/example_dags/example_kubernetes_executor.py took 0.043 seconds
[2025-01-12 14:16:21,817] {processor.py:162} INFO - Started process (PID=289962) to work on /home/jorge/Desktop/MÁSTER/SEGUNDO CURSO/BDFI/practica_docker/env/lib/python3.8/site-packages/airflow/example_dags/example_kubernetes_executor.py
[2025-01-12 14:16:21,819] {processor.py:613} INFO - Processing file /home/jorge/Desktop/MÁSTER/SEGUNDO CURSO/BDFI/practica_docker/env/lib/python3.8/site-packages/airflow/example_dags/example_kubernetes_executor.py for tasks to queue
[2025-01-12 14:16:21,819] {logging_mixin.py:109} INFO - [2025-01-12 14:16:21,819] {dagbag.py:496} INFO - Filling up the DagBag from /home/jorge/Desktop/MÁSTER/SEGUNDO CURSO/BDFI/practica_docker/env/lib/python3.8/site-packages/airflow/example_dags/example_kubernetes_executor.py
[2025-01-12 14:16:21,825] {processor.py:623} INFO - DAG(s) dict_keys(['example_kubernetes_executor']) retrieved from /home/jorge/Desktop/MÁSTER/SEGUNDO CURSO/BDFI/practica_docker/env/lib/python3.8/site-packages/airflow/example_dags/example_kubernetes_executor.py
[2025-01-12 14:16:21,835] {logging_mixin.py:109} INFO - [2025-01-12 14:16:21,835] {dag.py:1834} INFO - Sync 1 DAGs
[2025-01-12 14:16:21,841] {logging_mixin.py:109} INFO - [2025-01-12 14:16:21,841] {dag.py:2287} INFO - Setting next_dagrun for example_kubernetes_executor to None
[2025-01-12 14:16:21,850] {processor.py:170} INFO - Processing /home/jorge/Desktop/MÁSTER/SEGUNDO CURSO/BDFI/practica_docker/env/lib/python3.8/site-packages/airflow/example_dags/example_kubernetes_executor.py took 0.035 seconds
[2025-01-12 14:16:58,256] {processor.py:162} INFO - Started process (PID=290802) to work on /home/jorge/Desktop/MÁSTER/SEGUNDO CURSO/BDFI/practica_docker/env/lib/python3.8/site-packages/airflow/example_dags/example_kubernetes_executor.py
[2025-01-12 14:16:58,257] {processor.py:613} INFO - Processing file /home/jorge/Desktop/MÁSTER/SEGUNDO CURSO/BDFI/practica_docker/env/lib/python3.8/site-packages/airflow/example_dags/example_kubernetes_executor.py for tasks to queue
[2025-01-12 14:16:58,258] {logging_mixin.py:109} INFO - [2025-01-12 14:16:58,258] {dagbag.py:496} INFO - Filling up the DagBag from /home/jorge/Desktop/MÁSTER/SEGUNDO CURSO/BDFI/practica_docker/env/lib/python3.8/site-packages/airflow/example_dags/example_kubernetes_executor.py
[2025-01-12 14:16:58,267] {processor.py:623} INFO - DAG(s) dict_keys(['example_kubernetes_executor']) retrieved from /home/jorge/Desktop/MÁSTER/SEGUNDO CURSO/BDFI/practica_docker/env/lib/python3.8/site-packages/airflow/example_dags/example_kubernetes_executor.py
[2025-01-12 14:16:58,277] {logging_mixin.py:109} INFO - [2025-01-12 14:16:58,277] {dag.py:1834} INFO - Sync 1 DAGs
[2025-01-12 14:16:58,287] {logging_mixin.py:109} INFO - [2025-01-12 14:16:58,287] {dag.py:2287} INFO - Setting next_dagrun for example_kubernetes_executor to None
[2025-01-12 14:16:58,299] {processor.py:170} INFO - Processing /home/jorge/Desktop/MÁSTER/SEGUNDO CURSO/BDFI/practica_docker/env/lib/python3.8/site-packages/airflow/example_dags/example_kubernetes_executor.py took 0.047 seconds
[2025-01-12 14:17:31,994] {processor.py:162} INFO - Started process (PID=290992) to work on /home/jorge/Desktop/MÁSTER/SEGUNDO CURSO/BDFI/practica_docker/env/lib/python3.8/site-packages/airflow/example_dags/example_kubernetes_executor.py
[2025-01-12 14:17:31,996] {processor.py:613} INFO - Processing file /home/jorge/Desktop/MÁSTER/SEGUNDO CURSO/BDFI/practica_docker/env/lib/python3.8/site-packages/airflow/example_dags/example_kubernetes_executor.py for tasks to queue
[2025-01-12 14:17:31,997] {logging_mixin.py:109} INFO - [2025-01-12 14:17:31,997] {dagbag.py:496} INFO - Filling up the DagBag from /home/jorge/Desktop/MÁSTER/SEGUNDO CURSO/BDFI/practica_docker/env/lib/python3.8/site-packages/airflow/example_dags/example_kubernetes_executor.py
[2025-01-12 14:17:32,004] {processor.py:623} INFO - DAG(s) dict_keys(['example_kubernetes_executor']) retrieved from /home/jorge/Desktop/MÁSTER/SEGUNDO CURSO/BDFI/practica_docker/env/lib/python3.8/site-packages/airflow/example_dags/example_kubernetes_executor.py
[2025-01-12 14:17:32,014] {logging_mixin.py:109} INFO - [2025-01-12 14:17:32,014] {dag.py:1834} INFO - Sync 1 DAGs
[2025-01-12 14:17:32,020] {logging_mixin.py:109} INFO - [2025-01-12 14:17:32,020] {dag.py:2287} INFO - Setting next_dagrun for example_kubernetes_executor to None
[2025-01-12 14:17:32,028] {processor.py:170} INFO - Processing /home/jorge/Desktop/MÁSTER/SEGUNDO CURSO/BDFI/practica_docker/env/lib/python3.8/site-packages/airflow/example_dags/example_kubernetes_executor.py took 0.038 seconds
[2025-01-12 14:18:05,156] {processor.py:162} INFO - Started process (PID=291155) to work on /home/jorge/Desktop/MÁSTER/SEGUNDO CURSO/BDFI/practica_docker/env/lib/python3.8/site-packages/airflow/example_dags/example_kubernetes_executor.py
[2025-01-12 14:18:05,157] {processor.py:613} INFO - Processing file /home/jorge/Desktop/MÁSTER/SEGUNDO CURSO/BDFI/practica_docker/env/lib/python3.8/site-packages/airflow/example_dags/example_kubernetes_executor.py for tasks to queue
[2025-01-12 14:18:05,158] {logging_mixin.py:109} INFO - [2025-01-12 14:18:05,158] {dagbag.py:496} INFO - Filling up the DagBag from /home/jorge/Desktop/MÁSTER/SEGUNDO CURSO/BDFI/practica_docker/env/lib/python3.8/site-packages/airflow/example_dags/example_kubernetes_executor.py
[2025-01-12 14:18:05,166] {processor.py:623} INFO - DAG(s) dict_keys(['example_kubernetes_executor']) retrieved from /home/jorge/Desktop/MÁSTER/SEGUNDO CURSO/BDFI/practica_docker/env/lib/python3.8/site-packages/airflow/example_dags/example_kubernetes_executor.py
[2025-01-12 14:18:05,181] {logging_mixin.py:109} INFO - [2025-01-12 14:18:05,181] {dag.py:1834} INFO - Sync 1 DAGs
[2025-01-12 14:18:05,189] {logging_mixin.py:109} INFO - [2025-01-12 14:18:05,189] {dag.py:2287} INFO - Setting next_dagrun for example_kubernetes_executor to None
[2025-01-12 14:18:05,200] {processor.py:170} INFO - Processing /home/jorge/Desktop/MÁSTER/SEGUNDO CURSO/BDFI/practica_docker/env/lib/python3.8/site-packages/airflow/example_dags/example_kubernetes_executor.py took 0.047 seconds
[2025-01-12 14:18:38,411] {processor.py:162} INFO - Started process (PID=291664) to work on /home/jorge/Desktop/MÁSTER/SEGUNDO CURSO/BDFI/practica_docker/env/lib/python3.8/site-packages/airflow/example_dags/example_kubernetes_executor.py
[2025-01-12 14:18:38,417] {processor.py:613} INFO - Processing file /home/jorge/Desktop/MÁSTER/SEGUNDO CURSO/BDFI/practica_docker/env/lib/python3.8/site-packages/airflow/example_dags/example_kubernetes_executor.py for tasks to queue
[2025-01-12 14:18:38,417] {logging_mixin.py:109} INFO - [2025-01-12 14:18:38,417] {dagbag.py:496} INFO - Filling up the DagBag from /home/jorge/Desktop/MÁSTER/SEGUNDO CURSO/BDFI/practica_docker/env/lib/python3.8/site-packages/airflow/example_dags/example_kubernetes_executor.py
[2025-01-12 14:18:38,423] {processor.py:623} INFO - DAG(s) dict_keys(['example_kubernetes_executor']) retrieved from /home/jorge/Desktop/MÁSTER/SEGUNDO CURSO/BDFI/practica_docker/env/lib/python3.8/site-packages/airflow/example_dags/example_kubernetes_executor.py
[2025-01-12 14:18:38,433] {logging_mixin.py:109} INFO - [2025-01-12 14:18:38,433] {dag.py:1834} INFO - Sync 1 DAGs
[2025-01-12 14:18:38,442] {logging_mixin.py:109} INFO - [2025-01-12 14:18:38,442] {dag.py:2287} INFO - Setting next_dagrun for example_kubernetes_executor to None
[2025-01-12 14:18:38,452] {processor.py:170} INFO - Processing /home/jorge/Desktop/MÁSTER/SEGUNDO CURSO/BDFI/practica_docker/env/lib/python3.8/site-packages/airflow/example_dags/example_kubernetes_executor.py took 0.043 seconds
[2025-01-12 14:19:11,650] {processor.py:162} INFO - Started process (PID=292151) to work on /home/jorge/Desktop/MÁSTER/SEGUNDO CURSO/BDFI/practica_docker/env/lib/python3.8/site-packages/airflow/example_dags/example_kubernetes_executor.py
[2025-01-12 14:19:11,652] {processor.py:613} INFO - Processing file /home/jorge/Desktop/MÁSTER/SEGUNDO CURSO/BDFI/practica_docker/env/lib/python3.8/site-packages/airflow/example_dags/example_kubernetes_executor.py for tasks to queue
[2025-01-12 14:19:11,653] {logging_mixin.py:109} INFO - [2025-01-12 14:19:11,653] {dagbag.py:496} INFO - Filling up the DagBag from /home/jorge/Desktop/MÁSTER/SEGUNDO CURSO/BDFI/practica_docker/env/lib/python3.8/site-packages/airflow/example_dags/example_kubernetes_executor.py
[2025-01-12 14:19:11,663] {processor.py:623} INFO - DAG(s) dict_keys(['example_kubernetes_executor']) retrieved from /home/jorge/Desktop/MÁSTER/SEGUNDO CURSO/BDFI/practica_docker/env/lib/python3.8/site-packages/airflow/example_dags/example_kubernetes_executor.py
[2025-01-12 14:19:11,683] {logging_mixin.py:109} INFO - [2025-01-12 14:19:11,683] {dag.py:1834} INFO - Sync 1 DAGs
[2025-01-12 14:19:11,699] {logging_mixin.py:109} INFO - [2025-01-12 14:19:11,699] {dag.py:2287} INFO - Setting next_dagrun for example_kubernetes_executor to None
[2025-01-12 14:19:11,725] {processor.py:170} INFO - Processing /home/jorge/Desktop/MÁSTER/SEGUNDO CURSO/BDFI/practica_docker/env/lib/python3.8/site-packages/airflow/example_dags/example_kubernetes_executor.py took 0.079 seconds
[2025-01-12 14:19:47,169] {processor.py:162} INFO - Started process (PID=293029) to work on /home/jorge/Desktop/MÁSTER/SEGUNDO CURSO/BDFI/practica_docker/env/lib/python3.8/site-packages/airflow/example_dags/example_kubernetes_executor.py
[2025-01-12 14:19:47,171] {processor.py:613} INFO - Processing file /home/jorge/Desktop/MÁSTER/SEGUNDO CURSO/BDFI/practica_docker/env/lib/python3.8/site-packages/airflow/example_dags/example_kubernetes_executor.py for tasks to queue
[2025-01-12 14:19:47,171] {logging_mixin.py:109} INFO - [2025-01-12 14:19:47,171] {dagbag.py:496} INFO - Filling up the DagBag from /home/jorge/Desktop/MÁSTER/SEGUNDO CURSO/BDFI/practica_docker/env/lib/python3.8/site-packages/airflow/example_dags/example_kubernetes_executor.py
[2025-01-12 14:19:47,179] {processor.py:623} INFO - DAG(s) dict_keys(['example_kubernetes_executor']) retrieved from /home/jorge/Desktop/MÁSTER/SEGUNDO CURSO/BDFI/practica_docker/env/lib/python3.8/site-packages/airflow/example_dags/example_kubernetes_executor.py
[2025-01-12 14:19:47,194] {logging_mixin.py:109} INFO - [2025-01-12 14:19:47,194] {dag.py:1834} INFO - Sync 1 DAGs
[2025-01-12 14:19:47,202] {logging_mixin.py:109} INFO - [2025-01-12 14:19:47,202] {dag.py:2287} INFO - Setting next_dagrun for example_kubernetes_executor to None
[2025-01-12 14:19:47,217] {processor.py:170} INFO - Processing /home/jorge/Desktop/MÁSTER/SEGUNDO CURSO/BDFI/practica_docker/env/lib/python3.8/site-packages/airflow/example_dags/example_kubernetes_executor.py took 0.051 seconds
[2025-01-12 14:20:20,899] {processor.py:162} INFO - Started process (PID=293192) to work on /home/jorge/Desktop/MÁSTER/SEGUNDO CURSO/BDFI/practica_docker/env/lib/python3.8/site-packages/airflow/example_dags/example_kubernetes_executor.py
[2025-01-12 14:20:20,901] {processor.py:613} INFO - Processing file /home/jorge/Desktop/MÁSTER/SEGUNDO CURSO/BDFI/practica_docker/env/lib/python3.8/site-packages/airflow/example_dags/example_kubernetes_executor.py for tasks to queue
[2025-01-12 14:20:20,902] {logging_mixin.py:109} INFO - [2025-01-12 14:20:20,902] {dagbag.py:496} INFO - Filling up the DagBag from /home/jorge/Desktop/MÁSTER/SEGUNDO CURSO/BDFI/practica_docker/env/lib/python3.8/site-packages/airflow/example_dags/example_kubernetes_executor.py
[2025-01-12 14:20:20,919] {processor.py:623} INFO - DAG(s) dict_keys(['example_kubernetes_executor']) retrieved from /home/jorge/Desktop/MÁSTER/SEGUNDO CURSO/BDFI/practica_docker/env/lib/python3.8/site-packages/airflow/example_dags/example_kubernetes_executor.py
[2025-01-12 14:20:20,945] {logging_mixin.py:109} INFO - [2025-01-12 14:20:20,945] {dag.py:1834} INFO - Sync 1 DAGs
[2025-01-12 14:20:20,958] {logging_mixin.py:109} INFO - [2025-01-12 14:20:20,957] {dag.py:2287} INFO - Setting next_dagrun for example_kubernetes_executor to None
[2025-01-12 14:20:20,983] {processor.py:170} INFO - Processing /home/jorge/Desktop/MÁSTER/SEGUNDO CURSO/BDFI/practica_docker/env/lib/python3.8/site-packages/airflow/example_dags/example_kubernetes_executor.py took 0.089 seconds
