[2025-01-12 13:51:09,568] {processor.py:162} INFO - Started process (PID=281062) to work on /home/jorge/Desktop/MÁSTER/SEGUNDO CURSO/BDFI/practica_docker/env/lib/python3.8/site-packages/airflow/example_dags/example_python_operator.py
[2025-01-12 13:51:09,569] {processor.py:613} INFO - Processing file /home/jorge/Desktop/MÁSTER/SEGUNDO CURSO/BDFI/practica_docker/env/lib/python3.8/site-packages/airflow/example_dags/example_python_operator.py for tasks to queue
[2025-01-12 13:51:09,570] {logging_mixin.py:109} INFO - [2025-01-12 13:51:09,570] {dagbag.py:496} INFO - Filling up the DagBag from /home/jorge/Desktop/MÁSTER/SEGUNDO CURSO/BDFI/practica_docker/env/lib/python3.8/site-packages/airflow/example_dags/example_python_operator.py
[2025-01-12 13:51:09,584] {processor.py:623} INFO - DAG(s) dict_keys(['example_python_operator']) retrieved from /home/jorge/Desktop/MÁSTER/SEGUNDO CURSO/BDFI/practica_docker/env/lib/python3.8/site-packages/airflow/example_dags/example_python_operator.py
[2025-01-12 13:51:09,599] {logging_mixin.py:109} INFO - [2025-01-12 13:51:09,598] {dag.py:1834} INFO - Sync 1 DAGs
[2025-01-12 13:51:09,605] {logging_mixin.py:109} INFO - [2025-01-12 13:51:09,605] {dag.py:2287} INFO - Setting next_dagrun for example_python_operator to None
[2025-01-12 13:51:09,614] {processor.py:170} INFO - Processing /home/jorge/Desktop/MÁSTER/SEGUNDO CURSO/BDFI/practica_docker/env/lib/python3.8/site-packages/airflow/example_dags/example_python_operator.py took 0.050 seconds
[2025-01-12 13:51:43,776] {processor.py:162} INFO - Started process (PID=281222) to work on /home/jorge/Desktop/MÁSTER/SEGUNDO CURSO/BDFI/practica_docker/env/lib/python3.8/site-packages/airflow/example_dags/example_python_operator.py
[2025-01-12 13:51:43,778] {processor.py:613} INFO - Processing file /home/jorge/Desktop/MÁSTER/SEGUNDO CURSO/BDFI/practica_docker/env/lib/python3.8/site-packages/airflow/example_dags/example_python_operator.py for tasks to queue
[2025-01-12 13:51:43,778] {logging_mixin.py:109} INFO - [2025-01-12 13:51:43,778] {dagbag.py:496} INFO - Filling up the DagBag from /home/jorge/Desktop/MÁSTER/SEGUNDO CURSO/BDFI/practica_docker/env/lib/python3.8/site-packages/airflow/example_dags/example_python_operator.py
[2025-01-12 13:51:43,791] {processor.py:623} INFO - DAG(s) dict_keys(['example_python_operator']) retrieved from /home/jorge/Desktop/MÁSTER/SEGUNDO CURSO/BDFI/practica_docker/env/lib/python3.8/site-packages/airflow/example_dags/example_python_operator.py
[2025-01-12 13:51:43,803] {logging_mixin.py:109} INFO - [2025-01-12 13:51:43,802] {dag.py:1834} INFO - Sync 1 DAGs
[2025-01-12 13:51:43,812] {logging_mixin.py:109} INFO - [2025-01-12 13:51:43,812] {dag.py:2287} INFO - Setting next_dagrun for example_python_operator to None
[2025-01-12 13:51:43,824] {processor.py:170} INFO - Processing /home/jorge/Desktop/MÁSTER/SEGUNDO CURSO/BDFI/practica_docker/env/lib/python3.8/site-packages/airflow/example_dags/example_python_operator.py took 0.052 seconds
[2025-01-12 13:52:17,306] {processor.py:162} INFO - Started process (PID=281399) to work on /home/jorge/Desktop/MÁSTER/SEGUNDO CURSO/BDFI/practica_docker/env/lib/python3.8/site-packages/airflow/example_dags/example_python_operator.py
[2025-01-12 13:52:17,307] {processor.py:613} INFO - Processing file /home/jorge/Desktop/MÁSTER/SEGUNDO CURSO/BDFI/practica_docker/env/lib/python3.8/site-packages/airflow/example_dags/example_python_operator.py for tasks to queue
[2025-01-12 13:52:17,308] {logging_mixin.py:109} INFO - [2025-01-12 13:52:17,307] {dagbag.py:496} INFO - Filling up the DagBag from /home/jorge/Desktop/MÁSTER/SEGUNDO CURSO/BDFI/practica_docker/env/lib/python3.8/site-packages/airflow/example_dags/example_python_operator.py
[2025-01-12 13:52:17,341] {processor.py:623} INFO - DAG(s) dict_keys(['example_python_operator']) retrieved from /home/jorge/Desktop/MÁSTER/SEGUNDO CURSO/BDFI/practica_docker/env/lib/python3.8/site-packages/airflow/example_dags/example_python_operator.py
[2025-01-12 13:52:17,360] {logging_mixin.py:109} INFO - [2025-01-12 13:52:17,360] {dag.py:1834} INFO - Sync 1 DAGs
[2025-01-12 13:52:17,371] {logging_mixin.py:109} INFO - [2025-01-12 13:52:17,371] {dag.py:2287} INFO - Setting next_dagrun for example_python_operator to None
[2025-01-12 13:52:17,385] {processor.py:170} INFO - Processing /home/jorge/Desktop/MÁSTER/SEGUNDO CURSO/BDFI/practica_docker/env/lib/python3.8/site-packages/airflow/example_dags/example_python_operator.py took 0.082 seconds
[2025-01-12 13:52:50,985] {processor.py:162} INFO - Started process (PID=281577) to work on /home/jorge/Desktop/MÁSTER/SEGUNDO CURSO/BDFI/practica_docker/env/lib/python3.8/site-packages/airflow/example_dags/example_python_operator.py
[2025-01-12 13:52:50,986] {processor.py:613} INFO - Processing file /home/jorge/Desktop/MÁSTER/SEGUNDO CURSO/BDFI/practica_docker/env/lib/python3.8/site-packages/airflow/example_dags/example_python_operator.py for tasks to queue
[2025-01-12 13:52:50,987] {logging_mixin.py:109} INFO - [2025-01-12 13:52:50,987] {dagbag.py:496} INFO - Filling up the DagBag from /home/jorge/Desktop/MÁSTER/SEGUNDO CURSO/BDFI/practica_docker/env/lib/python3.8/site-packages/airflow/example_dags/example_python_operator.py
[2025-01-12 13:52:51,000] {processor.py:623} INFO - DAG(s) dict_keys(['example_python_operator']) retrieved from /home/jorge/Desktop/MÁSTER/SEGUNDO CURSO/BDFI/practica_docker/env/lib/python3.8/site-packages/airflow/example_dags/example_python_operator.py
[2025-01-12 13:52:51,017] {logging_mixin.py:109} INFO - [2025-01-12 13:52:51,017] {dag.py:1834} INFO - Sync 1 DAGs
[2025-01-12 13:52:51,029] {logging_mixin.py:109} INFO - [2025-01-12 13:52:51,029] {dag.py:2287} INFO - Setting next_dagrun for example_python_operator to None
[2025-01-12 13:52:51,043] {processor.py:170} INFO - Processing /home/jorge/Desktop/MÁSTER/SEGUNDO CURSO/BDFI/practica_docker/env/lib/python3.8/site-packages/airflow/example_dags/example_python_operator.py took 0.060 seconds
[2025-01-12 13:53:33,074] {processor.py:162} INFO - Started process (PID=281817) to work on /home/jorge/Desktop/MÁSTER/SEGUNDO CURSO/BDFI/practica_docker/env/lib/python3.8/site-packages/airflow/example_dags/example_python_operator.py
[2025-01-12 13:53:33,075] {processor.py:613} INFO - Processing file /home/jorge/Desktop/MÁSTER/SEGUNDO CURSO/BDFI/practica_docker/env/lib/python3.8/site-packages/airflow/example_dags/example_python_operator.py for tasks to queue
[2025-01-12 13:53:33,075] {logging_mixin.py:109} INFO - [2025-01-12 13:53:33,075] {dagbag.py:496} INFO - Filling up the DagBag from /home/jorge/Desktop/MÁSTER/SEGUNDO CURSO/BDFI/practica_docker/env/lib/python3.8/site-packages/airflow/example_dags/example_python_operator.py
[2025-01-12 13:53:33,084] {processor.py:623} INFO - DAG(s) dict_keys(['example_python_operator']) retrieved from /home/jorge/Desktop/MÁSTER/SEGUNDO CURSO/BDFI/practica_docker/env/lib/python3.8/site-packages/airflow/example_dags/example_python_operator.py
[2025-01-12 13:53:33,098] {logging_mixin.py:109} INFO - [2025-01-12 13:53:33,098] {dag.py:1834} INFO - Sync 1 DAGs
[2025-01-12 13:53:33,107] {logging_mixin.py:109} INFO - [2025-01-12 13:53:33,107] {dag.py:2287} INFO - Setting next_dagrun for example_python_operator to None
[2025-01-12 13:53:33,118] {processor.py:170} INFO - Processing /home/jorge/Desktop/MÁSTER/SEGUNDO CURSO/BDFI/practica_docker/env/lib/python3.8/site-packages/airflow/example_dags/example_python_operator.py took 0.046 seconds
[2025-01-12 13:54:07,488] {processor.py:162} INFO - Started process (PID=281998) to work on /home/jorge/Desktop/MÁSTER/SEGUNDO CURSO/BDFI/practica_docker/env/lib/python3.8/site-packages/airflow/example_dags/example_python_operator.py
[2025-01-12 13:54:07,489] {processor.py:613} INFO - Processing file /home/jorge/Desktop/MÁSTER/SEGUNDO CURSO/BDFI/practica_docker/env/lib/python3.8/site-packages/airflow/example_dags/example_python_operator.py for tasks to queue
[2025-01-12 13:54:07,490] {logging_mixin.py:109} INFO - [2025-01-12 13:54:07,490] {dagbag.py:496} INFO - Filling up the DagBag from /home/jorge/Desktop/MÁSTER/SEGUNDO CURSO/BDFI/practica_docker/env/lib/python3.8/site-packages/airflow/example_dags/example_python_operator.py
[2025-01-12 13:54:07,506] {processor.py:623} INFO - DAG(s) dict_keys(['example_python_operator']) retrieved from /home/jorge/Desktop/MÁSTER/SEGUNDO CURSO/BDFI/practica_docker/env/lib/python3.8/site-packages/airflow/example_dags/example_python_operator.py
[2025-01-12 13:54:07,524] {logging_mixin.py:109} INFO - [2025-01-12 13:54:07,524] {dag.py:1834} INFO - Sync 1 DAGs
[2025-01-12 13:54:07,534] {logging_mixin.py:109} INFO - [2025-01-12 13:54:07,534] {dag.py:2287} INFO - Setting next_dagrun for example_python_operator to None
[2025-01-12 13:54:07,545] {processor.py:170} INFO - Processing /home/jorge/Desktop/MÁSTER/SEGUNDO CURSO/BDFI/practica_docker/env/lib/python3.8/site-packages/airflow/example_dags/example_python_operator.py took 0.061 seconds
[2025-01-12 13:54:41,866] {processor.py:162} INFO - Started process (PID=282155) to work on /home/jorge/Desktop/MÁSTER/SEGUNDO CURSO/BDFI/practica_docker/env/lib/python3.8/site-packages/airflow/example_dags/example_python_operator.py
[2025-01-12 13:54:41,867] {processor.py:613} INFO - Processing file /home/jorge/Desktop/MÁSTER/SEGUNDO CURSO/BDFI/practica_docker/env/lib/python3.8/site-packages/airflow/example_dags/example_python_operator.py for tasks to queue
[2025-01-12 13:54:41,868] {logging_mixin.py:109} INFO - [2025-01-12 13:54:41,868] {dagbag.py:496} INFO - Filling up the DagBag from /home/jorge/Desktop/MÁSTER/SEGUNDO CURSO/BDFI/practica_docker/env/lib/python3.8/site-packages/airflow/example_dags/example_python_operator.py
[2025-01-12 13:54:41,879] {processor.py:623} INFO - DAG(s) dict_keys(['example_python_operator']) retrieved from /home/jorge/Desktop/MÁSTER/SEGUNDO CURSO/BDFI/practica_docker/env/lib/python3.8/site-packages/airflow/example_dags/example_python_operator.py
[2025-01-12 13:54:41,893] {logging_mixin.py:109} INFO - [2025-01-12 13:54:41,893] {dag.py:1834} INFO - Sync 1 DAGs
[2025-01-12 13:54:41,900] {logging_mixin.py:109} INFO - [2025-01-12 13:54:41,900] {dag.py:2287} INFO - Setting next_dagrun for example_python_operator to None
[2025-01-12 13:54:41,910] {processor.py:170} INFO - Processing /home/jorge/Desktop/MÁSTER/SEGUNDO CURSO/BDFI/practica_docker/env/lib/python3.8/site-packages/airflow/example_dags/example_python_operator.py took 0.046 seconds
[2025-01-12 13:55:13,703] {processor.py:162} INFO - Started process (PID=282312) to work on /home/jorge/Desktop/MÁSTER/SEGUNDO CURSO/BDFI/practica_docker/env/lib/python3.8/site-packages/airflow/example_dags/example_python_operator.py
[2025-01-12 13:55:13,704] {processor.py:613} INFO - Processing file /home/jorge/Desktop/MÁSTER/SEGUNDO CURSO/BDFI/practica_docker/env/lib/python3.8/site-packages/airflow/example_dags/example_python_operator.py for tasks to queue
[2025-01-12 13:55:13,705] {logging_mixin.py:109} INFO - [2025-01-12 13:55:13,705] {dagbag.py:496} INFO - Filling up the DagBag from /home/jorge/Desktop/MÁSTER/SEGUNDO CURSO/BDFI/practica_docker/env/lib/python3.8/site-packages/airflow/example_dags/example_python_operator.py
[2025-01-12 13:55:13,721] {processor.py:623} INFO - DAG(s) dict_keys(['example_python_operator']) retrieved from /home/jorge/Desktop/MÁSTER/SEGUNDO CURSO/BDFI/practica_docker/env/lib/python3.8/site-packages/airflow/example_dags/example_python_operator.py
[2025-01-12 13:55:13,733] {logging_mixin.py:109} INFO - [2025-01-12 13:55:13,733] {dag.py:1834} INFO - Sync 1 DAGs
[2025-01-12 13:55:13,742] {logging_mixin.py:109} INFO - [2025-01-12 13:55:13,741] {dag.py:2287} INFO - Setting next_dagrun for example_python_operator to None
[2025-01-12 13:55:13,759] {processor.py:170} INFO - Processing /home/jorge/Desktop/MÁSTER/SEGUNDO CURSO/BDFI/practica_docker/env/lib/python3.8/site-packages/airflow/example_dags/example_python_operator.py took 0.059 seconds
[2025-01-12 13:55:48,948] {processor.py:162} INFO - Started process (PID=282587) to work on /home/jorge/Desktop/MÁSTER/SEGUNDO CURSO/BDFI/practica_docker/env/lib/python3.8/site-packages/airflow/example_dags/example_python_operator.py
[2025-01-12 13:55:48,949] {processor.py:613} INFO - Processing file /home/jorge/Desktop/MÁSTER/SEGUNDO CURSO/BDFI/practica_docker/env/lib/python3.8/site-packages/airflow/example_dags/example_python_operator.py for tasks to queue
[2025-01-12 13:55:48,949] {logging_mixin.py:109} INFO - [2025-01-12 13:55:48,949] {dagbag.py:496} INFO - Filling up the DagBag from /home/jorge/Desktop/MÁSTER/SEGUNDO CURSO/BDFI/practica_docker/env/lib/python3.8/site-packages/airflow/example_dags/example_python_operator.py
[2025-01-12 13:55:48,962] {processor.py:623} INFO - DAG(s) dict_keys(['example_python_operator']) retrieved from /home/jorge/Desktop/MÁSTER/SEGUNDO CURSO/BDFI/practica_docker/env/lib/python3.8/site-packages/airflow/example_dags/example_python_operator.py
[2025-01-12 13:55:48,977] {logging_mixin.py:109} INFO - [2025-01-12 13:55:48,976] {dag.py:1834} INFO - Sync 1 DAGs
[2025-01-12 13:55:48,985] {logging_mixin.py:109} INFO - [2025-01-12 13:55:48,985] {dag.py:2287} INFO - Setting next_dagrun for example_python_operator to None
[2025-01-12 13:55:49,006] {processor.py:170} INFO - Processing /home/jorge/Desktop/MÁSTER/SEGUNDO CURSO/BDFI/practica_docker/env/lib/python3.8/site-packages/airflow/example_dags/example_python_operator.py took 0.060 seconds
[2025-01-12 13:56:23,975] {processor.py:162} INFO - Started process (PID=282855) to work on /home/jorge/Desktop/MÁSTER/SEGUNDO CURSO/BDFI/practica_docker/env/lib/python3.8/site-packages/airflow/example_dags/example_python_operator.py
[2025-01-12 13:56:23,976] {processor.py:613} INFO - Processing file /home/jorge/Desktop/MÁSTER/SEGUNDO CURSO/BDFI/practica_docker/env/lib/python3.8/site-packages/airflow/example_dags/example_python_operator.py for tasks to queue
[2025-01-12 13:56:23,977] {logging_mixin.py:109} INFO - [2025-01-12 13:56:23,977] {dagbag.py:496} INFO - Filling up the DagBag from /home/jorge/Desktop/MÁSTER/SEGUNDO CURSO/BDFI/practica_docker/env/lib/python3.8/site-packages/airflow/example_dags/example_python_operator.py
[2025-01-12 13:56:24,021] {processor.py:623} INFO - DAG(s) dict_keys(['example_python_operator']) retrieved from /home/jorge/Desktop/MÁSTER/SEGUNDO CURSO/BDFI/practica_docker/env/lib/python3.8/site-packages/airflow/example_dags/example_python_operator.py
[2025-01-12 13:56:24,053] {logging_mixin.py:109} INFO - [2025-01-12 13:56:24,053] {dag.py:1834} INFO - Sync 1 DAGs
[2025-01-12 13:56:24,064] {logging_mixin.py:109} INFO - [2025-01-12 13:56:24,064] {dag.py:2287} INFO - Setting next_dagrun for example_python_operator to None
[2025-01-12 13:56:24,080] {processor.py:170} INFO - Processing /home/jorge/Desktop/MÁSTER/SEGUNDO CURSO/BDFI/practica_docker/env/lib/python3.8/site-packages/airflow/example_dags/example_python_operator.py took 0.110 seconds
[2025-01-12 13:57:00,866] {processor.py:162} INFO - Started process (PID=283086) to work on /home/jorge/Desktop/MÁSTER/SEGUNDO CURSO/BDFI/practica_docker/env/lib/python3.8/site-packages/airflow/example_dags/example_python_operator.py
[2025-01-12 13:57:00,867] {processor.py:613} INFO - Processing file /home/jorge/Desktop/MÁSTER/SEGUNDO CURSO/BDFI/practica_docker/env/lib/python3.8/site-packages/airflow/example_dags/example_python_operator.py for tasks to queue
[2025-01-12 13:57:00,868] {logging_mixin.py:109} INFO - [2025-01-12 13:57:00,868] {dagbag.py:496} INFO - Filling up the DagBag from /home/jorge/Desktop/MÁSTER/SEGUNDO CURSO/BDFI/practica_docker/env/lib/python3.8/site-packages/airflow/example_dags/example_python_operator.py
[2025-01-12 13:57:00,881] {processor.py:623} INFO - DAG(s) dict_keys(['example_python_operator']) retrieved from /home/jorge/Desktop/MÁSTER/SEGUNDO CURSO/BDFI/practica_docker/env/lib/python3.8/site-packages/airflow/example_dags/example_python_operator.py
[2025-01-12 13:57:00,898] {logging_mixin.py:109} INFO - [2025-01-12 13:57:00,898] {dag.py:1834} INFO - Sync 1 DAGs
[2025-01-12 13:57:00,909] {logging_mixin.py:109} INFO - [2025-01-12 13:57:00,909] {dag.py:2287} INFO - Setting next_dagrun for example_python_operator to None
[2025-01-12 13:57:00,924] {processor.py:170} INFO - Processing /home/jorge/Desktop/MÁSTER/SEGUNDO CURSO/BDFI/practica_docker/env/lib/python3.8/site-packages/airflow/example_dags/example_python_operator.py took 0.061 seconds
[2025-01-12 13:57:36,397] {processor.py:162} INFO - Started process (PID=283247) to work on /home/jorge/Desktop/MÁSTER/SEGUNDO CURSO/BDFI/practica_docker/env/lib/python3.8/site-packages/airflow/example_dags/example_python_operator.py
[2025-01-12 13:57:36,399] {processor.py:613} INFO - Processing file /home/jorge/Desktop/MÁSTER/SEGUNDO CURSO/BDFI/practica_docker/env/lib/python3.8/site-packages/airflow/example_dags/example_python_operator.py for tasks to queue
[2025-01-12 13:57:36,399] {logging_mixin.py:109} INFO - [2025-01-12 13:57:36,399] {dagbag.py:496} INFO - Filling up the DagBag from /home/jorge/Desktop/MÁSTER/SEGUNDO CURSO/BDFI/practica_docker/env/lib/python3.8/site-packages/airflow/example_dags/example_python_operator.py
[2025-01-12 13:57:36,430] {processor.py:623} INFO - DAG(s) dict_keys(['example_python_operator']) retrieved from /home/jorge/Desktop/MÁSTER/SEGUNDO CURSO/BDFI/practica_docker/env/lib/python3.8/site-packages/airflow/example_dags/example_python_operator.py
[2025-01-12 13:57:36,446] {logging_mixin.py:109} INFO - [2025-01-12 13:57:36,446] {dag.py:1834} INFO - Sync 1 DAGs
[2025-01-12 13:57:36,455] {logging_mixin.py:109} INFO - [2025-01-12 13:57:36,455] {dag.py:2287} INFO - Setting next_dagrun for example_python_operator to None
[2025-01-12 13:57:36,467] {processor.py:170} INFO - Processing /home/jorge/Desktop/MÁSTER/SEGUNDO CURSO/BDFI/practica_docker/env/lib/python3.8/site-packages/airflow/example_dags/example_python_operator.py took 0.073 seconds
[2025-01-12 14:06:00,024] {processor.py:162} INFO - Started process (PID=283694) to work on /home/jorge/Desktop/MÁSTER/SEGUNDO CURSO/BDFI/practica_docker/env/lib/python3.8/site-packages/airflow/example_dags/example_python_operator.py
[2025-01-12 14:06:00,031] {processor.py:613} INFO - Processing file /home/jorge/Desktop/MÁSTER/SEGUNDO CURSO/BDFI/practica_docker/env/lib/python3.8/site-packages/airflow/example_dags/example_python_operator.py for tasks to queue
[2025-01-12 14:06:00,031] {logging_mixin.py:109} INFO - [2025-01-12 14:06:00,031] {dagbag.py:496} INFO - Filling up the DagBag from /home/jorge/Desktop/MÁSTER/SEGUNDO CURSO/BDFI/practica_docker/env/lib/python3.8/site-packages/airflow/example_dags/example_python_operator.py
[2025-01-12 14:06:00,042] {processor.py:623} INFO - DAG(s) dict_keys(['example_python_operator']) retrieved from /home/jorge/Desktop/MÁSTER/SEGUNDO CURSO/BDFI/practica_docker/env/lib/python3.8/site-packages/airflow/example_dags/example_python_operator.py
[2025-01-12 14:06:00,050] {logging_mixin.py:109} INFO - [2025-01-12 14:06:00,050] {dag.py:1834} INFO - Sync 1 DAGs
[2025-01-12 14:06:00,054] {logging_mixin.py:109} INFO - [2025-01-12 14:06:00,054] {dag.py:2287} INFO - Setting next_dagrun for example_python_operator to None
[2025-01-12 14:06:00,062] {processor.py:170} INFO - Processing /home/jorge/Desktop/MÁSTER/SEGUNDO CURSO/BDFI/practica_docker/env/lib/python3.8/site-packages/airflow/example_dags/example_python_operator.py took 0.039 seconds
[2025-01-12 14:06:32,574] {processor.py:162} INFO - Started process (PID=283841) to work on /home/jorge/Desktop/MÁSTER/SEGUNDO CURSO/BDFI/practica_docker/env/lib/python3.8/site-packages/airflow/example_dags/example_python_operator.py
[2025-01-12 14:06:32,581] {processor.py:613} INFO - Processing file /home/jorge/Desktop/MÁSTER/SEGUNDO CURSO/BDFI/practica_docker/env/lib/python3.8/site-packages/airflow/example_dags/example_python_operator.py for tasks to queue
[2025-01-12 14:06:32,582] {logging_mixin.py:109} INFO - [2025-01-12 14:06:32,582] {dagbag.py:496} INFO - Filling up the DagBag from /home/jorge/Desktop/MÁSTER/SEGUNDO CURSO/BDFI/practica_docker/env/lib/python3.8/site-packages/airflow/example_dags/example_python_operator.py
[2025-01-12 14:06:32,593] {processor.py:623} INFO - DAG(s) dict_keys(['example_python_operator']) retrieved from /home/jorge/Desktop/MÁSTER/SEGUNDO CURSO/BDFI/practica_docker/env/lib/python3.8/site-packages/airflow/example_dags/example_python_operator.py
[2025-01-12 14:06:32,601] {logging_mixin.py:109} INFO - [2025-01-12 14:06:32,601] {dag.py:1834} INFO - Sync 1 DAGs
[2025-01-12 14:06:32,605] {logging_mixin.py:109} INFO - [2025-01-12 14:06:32,605] {dag.py:2287} INFO - Setting next_dagrun for example_python_operator to None
[2025-01-12 14:06:32,612] {processor.py:170} INFO - Processing /home/jorge/Desktop/MÁSTER/SEGUNDO CURSO/BDFI/practica_docker/env/lib/python3.8/site-packages/airflow/example_dags/example_python_operator.py took 0.041 seconds
[2025-01-12 14:07:06,021] {processor.py:162} INFO - Started process (PID=284001) to work on /home/jorge/Desktop/MÁSTER/SEGUNDO CURSO/BDFI/practica_docker/env/lib/python3.8/site-packages/airflow/example_dags/example_python_operator.py
[2025-01-12 14:07:06,028] {processor.py:613} INFO - Processing file /home/jorge/Desktop/MÁSTER/SEGUNDO CURSO/BDFI/practica_docker/env/lib/python3.8/site-packages/airflow/example_dags/example_python_operator.py for tasks to queue
[2025-01-12 14:07:06,029] {logging_mixin.py:109} INFO - [2025-01-12 14:07:06,029] {dagbag.py:496} INFO - Filling up the DagBag from /home/jorge/Desktop/MÁSTER/SEGUNDO CURSO/BDFI/practica_docker/env/lib/python3.8/site-packages/airflow/example_dags/example_python_operator.py
[2025-01-12 14:07:06,039] {processor.py:623} INFO - DAG(s) dict_keys(['example_python_operator']) retrieved from /home/jorge/Desktop/MÁSTER/SEGUNDO CURSO/BDFI/practica_docker/env/lib/python3.8/site-packages/airflow/example_dags/example_python_operator.py
[2025-01-12 14:07:06,047] {logging_mixin.py:109} INFO - [2025-01-12 14:07:06,047] {dag.py:1834} INFO - Sync 1 DAGs
[2025-01-12 14:07:06,051] {logging_mixin.py:109} INFO - [2025-01-12 14:07:06,051] {dag.py:2287} INFO - Setting next_dagrun for example_python_operator to None
[2025-01-12 14:07:06,059] {processor.py:170} INFO - Processing /home/jorge/Desktop/MÁSTER/SEGUNDO CURSO/BDFI/practica_docker/env/lib/python3.8/site-packages/airflow/example_dags/example_python_operator.py took 0.041 seconds
[2025-01-12 14:07:39,291] {processor.py:162} INFO - Started process (PID=284142) to work on /home/jorge/Desktop/MÁSTER/SEGUNDO CURSO/BDFI/practica_docker/env/lib/python3.8/site-packages/airflow/example_dags/example_python_operator.py
[2025-01-12 14:07:39,293] {processor.py:613} INFO - Processing file /home/jorge/Desktop/MÁSTER/SEGUNDO CURSO/BDFI/practica_docker/env/lib/python3.8/site-packages/airflow/example_dags/example_python_operator.py for tasks to queue
[2025-01-12 14:07:39,294] {logging_mixin.py:109} INFO - [2025-01-12 14:07:39,293] {dagbag.py:496} INFO - Filling up the DagBag from /home/jorge/Desktop/MÁSTER/SEGUNDO CURSO/BDFI/practica_docker/env/lib/python3.8/site-packages/airflow/example_dags/example_python_operator.py
[2025-01-12 14:07:39,302] {processor.py:623} INFO - DAG(s) dict_keys(['example_python_operator']) retrieved from /home/jorge/Desktop/MÁSTER/SEGUNDO CURSO/BDFI/practica_docker/env/lib/python3.8/site-packages/airflow/example_dags/example_python_operator.py
[2025-01-12 14:07:39,310] {logging_mixin.py:109} INFO - [2025-01-12 14:07:39,310] {dag.py:1834} INFO - Sync 1 DAGs
[2025-01-12 14:07:39,314] {logging_mixin.py:109} INFO - [2025-01-12 14:07:39,314] {dag.py:2287} INFO - Setting next_dagrun for example_python_operator to None
[2025-01-12 14:07:39,322] {processor.py:170} INFO - Processing /home/jorge/Desktop/MÁSTER/SEGUNDO CURSO/BDFI/practica_docker/env/lib/python3.8/site-packages/airflow/example_dags/example_python_operator.py took 0.033 seconds
[2025-01-12 14:08:12,097] {processor.py:162} INFO - Started process (PID=284295) to work on /home/jorge/Desktop/MÁSTER/SEGUNDO CURSO/BDFI/practica_docker/env/lib/python3.8/site-packages/airflow/example_dags/example_python_operator.py
[2025-01-12 14:08:12,104] {processor.py:613} INFO - Processing file /home/jorge/Desktop/MÁSTER/SEGUNDO CURSO/BDFI/practica_docker/env/lib/python3.8/site-packages/airflow/example_dags/example_python_operator.py for tasks to queue
[2025-01-12 14:08:12,105] {logging_mixin.py:109} INFO - [2025-01-12 14:08:12,105] {dagbag.py:496} INFO - Filling up the DagBag from /home/jorge/Desktop/MÁSTER/SEGUNDO CURSO/BDFI/practica_docker/env/lib/python3.8/site-packages/airflow/example_dags/example_python_operator.py
[2025-01-12 14:08:12,115] {processor.py:623} INFO - DAG(s) dict_keys(['example_python_operator']) retrieved from /home/jorge/Desktop/MÁSTER/SEGUNDO CURSO/BDFI/practica_docker/env/lib/python3.8/site-packages/airflow/example_dags/example_python_operator.py
[2025-01-12 14:08:12,123] {logging_mixin.py:109} INFO - [2025-01-12 14:08:12,123] {dag.py:1834} INFO - Sync 1 DAGs
[2025-01-12 14:08:12,128] {logging_mixin.py:109} INFO - [2025-01-12 14:08:12,127] {dag.py:2287} INFO - Setting next_dagrun for example_python_operator to None
[2025-01-12 14:08:12,135] {processor.py:170} INFO - Processing /home/jorge/Desktop/MÁSTER/SEGUNDO CURSO/BDFI/practica_docker/env/lib/python3.8/site-packages/airflow/example_dags/example_python_operator.py took 0.039 seconds
[2025-01-12 14:08:44,294] {processor.py:162} INFO - Started process (PID=284448) to work on /home/jorge/Desktop/MÁSTER/SEGUNDO CURSO/BDFI/practica_docker/env/lib/python3.8/site-packages/airflow/example_dags/example_python_operator.py
[2025-01-12 14:08:44,301] {processor.py:613} INFO - Processing file /home/jorge/Desktop/MÁSTER/SEGUNDO CURSO/BDFI/practica_docker/env/lib/python3.8/site-packages/airflow/example_dags/example_python_operator.py for tasks to queue
[2025-01-12 14:08:44,302] {logging_mixin.py:109} INFO - [2025-01-12 14:08:44,302] {dagbag.py:496} INFO - Filling up the DagBag from /home/jorge/Desktop/MÁSTER/SEGUNDO CURSO/BDFI/practica_docker/env/lib/python3.8/site-packages/airflow/example_dags/example_python_operator.py
[2025-01-12 14:08:44,307] {processor.py:623} INFO - DAG(s) dict_keys(['example_python_operator']) retrieved from /home/jorge/Desktop/MÁSTER/SEGUNDO CURSO/BDFI/practica_docker/env/lib/python3.8/site-packages/airflow/example_dags/example_python_operator.py
[2025-01-12 14:08:44,317] {logging_mixin.py:109} INFO - [2025-01-12 14:08:44,317] {dag.py:1834} INFO - Sync 1 DAGs
[2025-01-12 14:08:44,322] {logging_mixin.py:109} INFO - [2025-01-12 14:08:44,322] {dag.py:2287} INFO - Setting next_dagrun for example_python_operator to None
[2025-01-12 14:08:44,329] {processor.py:170} INFO - Processing /home/jorge/Desktop/MÁSTER/SEGUNDO CURSO/BDFI/practica_docker/env/lib/python3.8/site-packages/airflow/example_dags/example_python_operator.py took 0.038 seconds
[2025-01-12 14:09:17,693] {processor.py:162} INFO - Started process (PID=284591) to work on /home/jorge/Desktop/MÁSTER/SEGUNDO CURSO/BDFI/practica_docker/env/lib/python3.8/site-packages/airflow/example_dags/example_python_operator.py
[2025-01-12 14:09:17,694] {processor.py:613} INFO - Processing file /home/jorge/Desktop/MÁSTER/SEGUNDO CURSO/BDFI/practica_docker/env/lib/python3.8/site-packages/airflow/example_dags/example_python_operator.py for tasks to queue
[2025-01-12 14:09:17,695] {logging_mixin.py:109} INFO - [2025-01-12 14:09:17,694] {dagbag.py:496} INFO - Filling up the DagBag from /home/jorge/Desktop/MÁSTER/SEGUNDO CURSO/BDFI/practica_docker/env/lib/python3.8/site-packages/airflow/example_dags/example_python_operator.py
[2025-01-12 14:09:17,701] {processor.py:623} INFO - DAG(s) dict_keys(['example_python_operator']) retrieved from /home/jorge/Desktop/MÁSTER/SEGUNDO CURSO/BDFI/practica_docker/env/lib/python3.8/site-packages/airflow/example_dags/example_python_operator.py
[2025-01-12 14:09:17,711] {logging_mixin.py:109} INFO - [2025-01-12 14:09:17,711] {dag.py:1834} INFO - Sync 1 DAGs
[2025-01-12 14:09:17,716] {logging_mixin.py:109} INFO - [2025-01-12 14:09:17,716] {dag.py:2287} INFO - Setting next_dagrun for example_python_operator to None
[2025-01-12 14:09:17,726] {processor.py:170} INFO - Processing /home/jorge/Desktop/MÁSTER/SEGUNDO CURSO/BDFI/practica_docker/env/lib/python3.8/site-packages/airflow/example_dags/example_python_operator.py took 0.034 seconds
[2025-01-12 14:09:51,486] {processor.py:162} INFO - Started process (PID=284757) to work on /home/jorge/Desktop/MÁSTER/SEGUNDO CURSO/BDFI/practica_docker/env/lib/python3.8/site-packages/airflow/example_dags/example_python_operator.py
[2025-01-12 14:09:51,487] {processor.py:613} INFO - Processing file /home/jorge/Desktop/MÁSTER/SEGUNDO CURSO/BDFI/practica_docker/env/lib/python3.8/site-packages/airflow/example_dags/example_python_operator.py for tasks to queue
[2025-01-12 14:09:51,488] {logging_mixin.py:109} INFO - [2025-01-12 14:09:51,488] {dagbag.py:496} INFO - Filling up the DagBag from /home/jorge/Desktop/MÁSTER/SEGUNDO CURSO/BDFI/practica_docker/env/lib/python3.8/site-packages/airflow/example_dags/example_python_operator.py
[2025-01-12 14:09:51,497] {processor.py:623} INFO - DAG(s) dict_keys(['example_python_operator']) retrieved from /home/jorge/Desktop/MÁSTER/SEGUNDO CURSO/BDFI/practica_docker/env/lib/python3.8/site-packages/airflow/example_dags/example_python_operator.py
[2025-01-12 14:09:51,506] {logging_mixin.py:109} INFO - [2025-01-12 14:09:51,506] {dag.py:1834} INFO - Sync 1 DAGs
[2025-01-12 14:09:51,510] {logging_mixin.py:109} INFO - [2025-01-12 14:09:51,510] {dag.py:2287} INFO - Setting next_dagrun for example_python_operator to None
[2025-01-12 14:09:51,518] {processor.py:170} INFO - Processing /home/jorge/Desktop/MÁSTER/SEGUNDO CURSO/BDFI/practica_docker/env/lib/python3.8/site-packages/airflow/example_dags/example_python_operator.py took 0.036 seconds
[2025-01-12 14:10:23,766] {processor.py:162} INFO - Started process (PID=284904) to work on /home/jorge/Desktop/MÁSTER/SEGUNDO CURSO/BDFI/practica_docker/env/lib/python3.8/site-packages/airflow/example_dags/example_python_operator.py
[2025-01-12 14:10:23,775] {processor.py:613} INFO - Processing file /home/jorge/Desktop/MÁSTER/SEGUNDO CURSO/BDFI/practica_docker/env/lib/python3.8/site-packages/airflow/example_dags/example_python_operator.py for tasks to queue
[2025-01-12 14:10:23,776] {logging_mixin.py:109} INFO - [2025-01-12 14:10:23,776] {dagbag.py:496} INFO - Filling up the DagBag from /home/jorge/Desktop/MÁSTER/SEGUNDO CURSO/BDFI/practica_docker/env/lib/python3.8/site-packages/airflow/example_dags/example_python_operator.py
[2025-01-12 14:10:23,784] {processor.py:623} INFO - DAG(s) dict_keys(['example_python_operator']) retrieved from /home/jorge/Desktop/MÁSTER/SEGUNDO CURSO/BDFI/practica_docker/env/lib/python3.8/site-packages/airflow/example_dags/example_python_operator.py
[2025-01-12 14:10:23,793] {logging_mixin.py:109} INFO - [2025-01-12 14:10:23,793] {dag.py:1834} INFO - Sync 1 DAGs
[2025-01-12 14:10:23,798] {logging_mixin.py:109} INFO - [2025-01-12 14:10:23,798] {dag.py:2287} INFO - Setting next_dagrun for example_python_operator to None
[2025-01-12 14:10:23,806] {processor.py:170} INFO - Processing /home/jorge/Desktop/MÁSTER/SEGUNDO CURSO/BDFI/practica_docker/env/lib/python3.8/site-packages/airflow/example_dags/example_python_operator.py took 0.043 seconds
[2025-01-12 14:11:01,270] {processor.py:162} INFO - Started process (PID=285191) to work on /home/jorge/Desktop/MÁSTER/SEGUNDO CURSO/BDFI/practica_docker/env/lib/python3.8/site-packages/airflow/example_dags/example_python_operator.py
[2025-01-12 14:11:01,272] {processor.py:613} INFO - Processing file /home/jorge/Desktop/MÁSTER/SEGUNDO CURSO/BDFI/practica_docker/env/lib/python3.8/site-packages/airflow/example_dags/example_python_operator.py for tasks to queue
[2025-01-12 14:11:01,274] {logging_mixin.py:109} INFO - [2025-01-12 14:11:01,273] {dagbag.py:496} INFO - Filling up the DagBag from /home/jorge/Desktop/MÁSTER/SEGUNDO CURSO/BDFI/practica_docker/env/lib/python3.8/site-packages/airflow/example_dags/example_python_operator.py
[2025-01-12 14:11:01,285] {processor.py:623} INFO - DAG(s) dict_keys(['example_python_operator']) retrieved from /home/jorge/Desktop/MÁSTER/SEGUNDO CURSO/BDFI/practica_docker/env/lib/python3.8/site-packages/airflow/example_dags/example_python_operator.py
[2025-01-12 14:11:01,309] {logging_mixin.py:109} INFO - [2025-01-12 14:11:01,309] {dag.py:1834} INFO - Sync 1 DAGs
[2025-01-12 14:11:01,321] {logging_mixin.py:109} INFO - [2025-01-12 14:11:01,321] {dag.py:2287} INFO - Setting next_dagrun for example_python_operator to None
[2025-01-12 14:11:01,335] {processor.py:170} INFO - Processing /home/jorge/Desktop/MÁSTER/SEGUNDO CURSO/BDFI/practica_docker/env/lib/python3.8/site-packages/airflow/example_dags/example_python_operator.py took 0.070 seconds
[2025-01-12 14:11:35,054] {processor.py:162} INFO - Started process (PID=285376) to work on /home/jorge/Desktop/MÁSTER/SEGUNDO CURSO/BDFI/practica_docker/env/lib/python3.8/site-packages/airflow/example_dags/example_python_operator.py
[2025-01-12 14:11:35,056] {processor.py:613} INFO - Processing file /home/jorge/Desktop/MÁSTER/SEGUNDO CURSO/BDFI/practica_docker/env/lib/python3.8/site-packages/airflow/example_dags/example_python_operator.py for tasks to queue
[2025-01-12 14:11:35,057] {logging_mixin.py:109} INFO - [2025-01-12 14:11:35,057] {dagbag.py:496} INFO - Filling up the DagBag from /home/jorge/Desktop/MÁSTER/SEGUNDO CURSO/BDFI/practica_docker/env/lib/python3.8/site-packages/airflow/example_dags/example_python_operator.py
[2025-01-12 14:11:35,066] {processor.py:623} INFO - DAG(s) dict_keys(['example_python_operator']) retrieved from /home/jorge/Desktop/MÁSTER/SEGUNDO CURSO/BDFI/practica_docker/env/lib/python3.8/site-packages/airflow/example_dags/example_python_operator.py
[2025-01-12 14:11:35,074] {logging_mixin.py:109} INFO - [2025-01-12 14:11:35,074] {dag.py:1834} INFO - Sync 1 DAGs
[2025-01-12 14:11:35,078] {logging_mixin.py:109} INFO - [2025-01-12 14:11:35,078] {dag.py:2287} INFO - Setting next_dagrun for example_python_operator to None
[2025-01-12 14:11:35,085] {processor.py:170} INFO - Processing /home/jorge/Desktop/MÁSTER/SEGUNDO CURSO/BDFI/practica_docker/env/lib/python3.8/site-packages/airflow/example_dags/example_python_operator.py took 0.035 seconds
[2025-01-12 14:12:09,045] {processor.py:162} INFO - Started process (PID=285536) to work on /home/jorge/Desktop/MÁSTER/SEGUNDO CURSO/BDFI/practica_docker/env/lib/python3.8/site-packages/airflow/example_dags/example_python_operator.py
[2025-01-12 14:12:09,047] {processor.py:613} INFO - Processing file /home/jorge/Desktop/MÁSTER/SEGUNDO CURSO/BDFI/practica_docker/env/lib/python3.8/site-packages/airflow/example_dags/example_python_operator.py for tasks to queue
[2025-01-12 14:12:09,047] {logging_mixin.py:109} INFO - [2025-01-12 14:12:09,047] {dagbag.py:496} INFO - Filling up the DagBag from /home/jorge/Desktop/MÁSTER/SEGUNDO CURSO/BDFI/practica_docker/env/lib/python3.8/site-packages/airflow/example_dags/example_python_operator.py
[2025-01-12 14:12:09,054] {processor.py:623} INFO - DAG(s) dict_keys(['example_python_operator']) retrieved from /home/jorge/Desktop/MÁSTER/SEGUNDO CURSO/BDFI/practica_docker/env/lib/python3.8/site-packages/airflow/example_dags/example_python_operator.py
[2025-01-12 14:12:09,061] {logging_mixin.py:109} INFO - [2025-01-12 14:12:09,061] {dag.py:1834} INFO - Sync 1 DAGs
[2025-01-12 14:12:09,065] {logging_mixin.py:109} INFO - [2025-01-12 14:12:09,065] {dag.py:2287} INFO - Setting next_dagrun for example_python_operator to None
[2025-01-12 14:12:09,074] {processor.py:170} INFO - Processing /home/jorge/Desktop/MÁSTER/SEGUNDO CURSO/BDFI/practica_docker/env/lib/python3.8/site-packages/airflow/example_dags/example_python_operator.py took 0.030 seconds
[2025-01-12 14:12:42,698] {processor.py:162} INFO - Started process (PID=285684) to work on /home/jorge/Desktop/MÁSTER/SEGUNDO CURSO/BDFI/practica_docker/env/lib/python3.8/site-packages/airflow/example_dags/example_python_operator.py
[2025-01-12 14:12:42,699] {processor.py:613} INFO - Processing file /home/jorge/Desktop/MÁSTER/SEGUNDO CURSO/BDFI/practica_docker/env/lib/python3.8/site-packages/airflow/example_dags/example_python_operator.py for tasks to queue
[2025-01-12 14:12:42,700] {logging_mixin.py:109} INFO - [2025-01-12 14:12:42,700] {dagbag.py:496} INFO - Filling up the DagBag from /home/jorge/Desktop/MÁSTER/SEGUNDO CURSO/BDFI/practica_docker/env/lib/python3.8/site-packages/airflow/example_dags/example_python_operator.py
[2025-01-12 14:12:42,709] {processor.py:623} INFO - DAG(s) dict_keys(['example_python_operator']) retrieved from /home/jorge/Desktop/MÁSTER/SEGUNDO CURSO/BDFI/practica_docker/env/lib/python3.8/site-packages/airflow/example_dags/example_python_operator.py
[2025-01-12 14:12:42,717] {logging_mixin.py:109} INFO - [2025-01-12 14:12:42,717] {dag.py:1834} INFO - Sync 1 DAGs
[2025-01-12 14:12:42,722] {logging_mixin.py:109} INFO - [2025-01-12 14:12:42,722] {dag.py:2287} INFO - Setting next_dagrun for example_python_operator to None
[2025-01-12 14:12:42,729] {processor.py:170} INFO - Processing /home/jorge/Desktop/MÁSTER/SEGUNDO CURSO/BDFI/practica_docker/env/lib/python3.8/site-packages/airflow/example_dags/example_python_operator.py took 0.034 seconds
[2025-01-12 14:13:15,330] {processor.py:162} INFO - Started process (PID=285829) to work on /home/jorge/Desktop/MÁSTER/SEGUNDO CURSO/BDFI/practica_docker/env/lib/python3.8/site-packages/airflow/example_dags/example_python_operator.py
[2025-01-12 14:13:15,337] {processor.py:613} INFO - Processing file /home/jorge/Desktop/MÁSTER/SEGUNDO CURSO/BDFI/practica_docker/env/lib/python3.8/site-packages/airflow/example_dags/example_python_operator.py for tasks to queue
[2025-01-12 14:13:15,337] {logging_mixin.py:109} INFO - [2025-01-12 14:13:15,337] {dagbag.py:496} INFO - Filling up the DagBag from /home/jorge/Desktop/MÁSTER/SEGUNDO CURSO/BDFI/practica_docker/env/lib/python3.8/site-packages/airflow/example_dags/example_python_operator.py
[2025-01-12 14:13:15,347] {processor.py:623} INFO - DAG(s) dict_keys(['example_python_operator']) retrieved from /home/jorge/Desktop/MÁSTER/SEGUNDO CURSO/BDFI/practica_docker/env/lib/python3.8/site-packages/airflow/example_dags/example_python_operator.py
[2025-01-12 14:13:15,357] {logging_mixin.py:109} INFO - [2025-01-12 14:13:15,357] {dag.py:1834} INFO - Sync 1 DAGs
[2025-01-12 14:13:15,362] {logging_mixin.py:109} INFO - [2025-01-12 14:13:15,362] {dag.py:2287} INFO - Setting next_dagrun for example_python_operator to None
[2025-01-12 14:13:15,371] {processor.py:170} INFO - Processing /home/jorge/Desktop/MÁSTER/SEGUNDO CURSO/BDFI/practica_docker/env/lib/python3.8/site-packages/airflow/example_dags/example_python_operator.py took 0.044 seconds
[2025-01-12 14:13:48,787] {processor.py:162} INFO - Started process (PID=285998) to work on /home/jorge/Desktop/MÁSTER/SEGUNDO CURSO/BDFI/practica_docker/env/lib/python3.8/site-packages/airflow/example_dags/example_python_operator.py
[2025-01-12 14:13:48,794] {processor.py:613} INFO - Processing file /home/jorge/Desktop/MÁSTER/SEGUNDO CURSO/BDFI/practica_docker/env/lib/python3.8/site-packages/airflow/example_dags/example_python_operator.py for tasks to queue
[2025-01-12 14:13:48,796] {logging_mixin.py:109} INFO - [2025-01-12 14:13:48,796] {dagbag.py:496} INFO - Filling up the DagBag from /home/jorge/Desktop/MÁSTER/SEGUNDO CURSO/BDFI/practica_docker/env/lib/python3.8/site-packages/airflow/example_dags/example_python_operator.py
[2025-01-12 14:13:48,805] {processor.py:623} INFO - DAG(s) dict_keys(['example_python_operator']) retrieved from /home/jorge/Desktop/MÁSTER/SEGUNDO CURSO/BDFI/practica_docker/env/lib/python3.8/site-packages/airflow/example_dags/example_python_operator.py
[2025-01-12 14:13:48,816] {logging_mixin.py:109} INFO - [2025-01-12 14:13:48,816] {dag.py:1834} INFO - Sync 1 DAGs
[2025-01-12 14:13:48,822] {logging_mixin.py:109} INFO - [2025-01-12 14:13:48,822] {dag.py:2287} INFO - Setting next_dagrun for example_python_operator to None
[2025-01-12 14:13:48,832] {processor.py:170} INFO - Processing /home/jorge/Desktop/MÁSTER/SEGUNDO CURSO/BDFI/practica_docker/env/lib/python3.8/site-packages/airflow/example_dags/example_python_operator.py took 0.048 seconds
[2025-01-12 14:14:21,036] {processor.py:162} INFO - Started process (PID=286149) to work on /home/jorge/Desktop/MÁSTER/SEGUNDO CURSO/BDFI/practica_docker/env/lib/python3.8/site-packages/airflow/example_dags/example_python_operator.py
[2025-01-12 14:14:21,042] {processor.py:613} INFO - Processing file /home/jorge/Desktop/MÁSTER/SEGUNDO CURSO/BDFI/practica_docker/env/lib/python3.8/site-packages/airflow/example_dags/example_python_operator.py for tasks to queue
[2025-01-12 14:14:21,042] {logging_mixin.py:109} INFO - [2025-01-12 14:14:21,042] {dagbag.py:496} INFO - Filling up the DagBag from /home/jorge/Desktop/MÁSTER/SEGUNDO CURSO/BDFI/practica_docker/env/lib/python3.8/site-packages/airflow/example_dags/example_python_operator.py
[2025-01-12 14:14:21,048] {processor.py:623} INFO - DAG(s) dict_keys(['example_python_operator']) retrieved from /home/jorge/Desktop/MÁSTER/SEGUNDO CURSO/BDFI/practica_docker/env/lib/python3.8/site-packages/airflow/example_dags/example_python_operator.py
[2025-01-12 14:14:21,057] {logging_mixin.py:109} INFO - [2025-01-12 14:14:21,057] {dag.py:1834} INFO - Sync 1 DAGs
[2025-01-12 14:14:21,062] {logging_mixin.py:109} INFO - [2025-01-12 14:14:21,062] {dag.py:2287} INFO - Setting next_dagrun for example_python_operator to None
[2025-01-12 14:14:21,070] {processor.py:170} INFO - Processing /home/jorge/Desktop/MÁSTER/SEGUNDO CURSO/BDFI/practica_docker/env/lib/python3.8/site-packages/airflow/example_dags/example_python_operator.py took 0.036 seconds
[2025-01-12 14:14:53,519] {processor.py:162} INFO - Started process (PID=286308) to work on /home/jorge/Desktop/MÁSTER/SEGUNDO CURSO/BDFI/practica_docker/env/lib/python3.8/site-packages/airflow/example_dags/example_python_operator.py
[2025-01-12 14:14:53,525] {processor.py:613} INFO - Processing file /home/jorge/Desktop/MÁSTER/SEGUNDO CURSO/BDFI/practica_docker/env/lib/python3.8/site-packages/airflow/example_dags/example_python_operator.py for tasks to queue
[2025-01-12 14:14:53,526] {logging_mixin.py:109} INFO - [2025-01-12 14:14:53,526] {dagbag.py:496} INFO - Filling up the DagBag from /home/jorge/Desktop/MÁSTER/SEGUNDO CURSO/BDFI/practica_docker/env/lib/python3.8/site-packages/airflow/example_dags/example_python_operator.py
[2025-01-12 14:14:53,531] {processor.py:623} INFO - DAG(s) dict_keys(['example_python_operator']) retrieved from /home/jorge/Desktop/MÁSTER/SEGUNDO CURSO/BDFI/practica_docker/env/lib/python3.8/site-packages/airflow/example_dags/example_python_operator.py
[2025-01-12 14:14:53,541] {logging_mixin.py:109} INFO - [2025-01-12 14:14:53,541] {dag.py:1834} INFO - Sync 1 DAGs
[2025-01-12 14:14:53,546] {logging_mixin.py:109} INFO - [2025-01-12 14:14:53,546] {dag.py:2287} INFO - Setting next_dagrun for example_python_operator to None
[2025-01-12 14:14:53,555] {processor.py:170} INFO - Processing /home/jorge/Desktop/MÁSTER/SEGUNDO CURSO/BDFI/practica_docker/env/lib/python3.8/site-packages/airflow/example_dags/example_python_operator.py took 0.037 seconds
[2025-01-12 14:15:25,697] {processor.py:162} INFO - Started process (PID=286818) to work on /home/jorge/Desktop/MÁSTER/SEGUNDO CURSO/BDFI/practica_docker/env/lib/python3.8/site-packages/airflow/example_dags/example_python_operator.py
[2025-01-12 14:15:25,698] {processor.py:613} INFO - Processing file /home/jorge/Desktop/MÁSTER/SEGUNDO CURSO/BDFI/practica_docker/env/lib/python3.8/site-packages/airflow/example_dags/example_python_operator.py for tasks to queue
[2025-01-12 14:15:25,699] {logging_mixin.py:109} INFO - [2025-01-12 14:15:25,699] {dagbag.py:496} INFO - Filling up the DagBag from /home/jorge/Desktop/MÁSTER/SEGUNDO CURSO/BDFI/practica_docker/env/lib/python3.8/site-packages/airflow/example_dags/example_python_operator.py
[2025-01-12 14:15:25,706] {processor.py:623} INFO - DAG(s) dict_keys(['example_python_operator']) retrieved from /home/jorge/Desktop/MÁSTER/SEGUNDO CURSO/BDFI/practica_docker/env/lib/python3.8/site-packages/airflow/example_dags/example_python_operator.py
[2025-01-12 14:15:25,717] {logging_mixin.py:109} INFO - [2025-01-12 14:15:25,717] {dag.py:1834} INFO - Sync 1 DAGs
[2025-01-12 14:15:25,722] {logging_mixin.py:109} INFO - [2025-01-12 14:15:25,722] {dag.py:2287} INFO - Setting next_dagrun for example_python_operator to None
[2025-01-12 14:15:25,730] {processor.py:170} INFO - Processing /home/jorge/Desktop/MÁSTER/SEGUNDO CURSO/BDFI/practica_docker/env/lib/python3.8/site-packages/airflow/example_dags/example_python_operator.py took 0.035 seconds
[2025-01-12 14:16:11,787] {processor.py:162} INFO - Started process (PID=289821) to work on /home/jorge/Desktop/MÁSTER/SEGUNDO CURSO/BDFI/practica_docker/env/lib/python3.8/site-packages/airflow/example_dags/example_python_operator.py
[2025-01-12 14:16:11,794] {processor.py:613} INFO - Processing file /home/jorge/Desktop/MÁSTER/SEGUNDO CURSO/BDFI/practica_docker/env/lib/python3.8/site-packages/airflow/example_dags/example_python_operator.py for tasks to queue
[2025-01-12 14:16:11,794] {logging_mixin.py:109} INFO - [2025-01-12 14:16:11,794] {dagbag.py:496} INFO - Filling up the DagBag from /home/jorge/Desktop/MÁSTER/SEGUNDO CURSO/BDFI/practica_docker/env/lib/python3.8/site-packages/airflow/example_dags/example_python_operator.py
[2025-01-12 14:16:11,802] {processor.py:623} INFO - DAG(s) dict_keys(['example_python_operator']) retrieved from /home/jorge/Desktop/MÁSTER/SEGUNDO CURSO/BDFI/practica_docker/env/lib/python3.8/site-packages/airflow/example_dags/example_python_operator.py
[2025-01-12 14:16:11,813] {logging_mixin.py:109} INFO - [2025-01-12 14:16:11,813] {dag.py:1834} INFO - Sync 1 DAGs
[2025-01-12 14:16:11,820] {logging_mixin.py:109} INFO - [2025-01-12 14:16:11,820] {dag.py:2287} INFO - Setting next_dagrun for example_python_operator to None
[2025-01-12 14:16:11,830] {processor.py:170} INFO - Processing /home/jorge/Desktop/MÁSTER/SEGUNDO CURSO/BDFI/practica_docker/env/lib/python3.8/site-packages/airflow/example_dags/example_python_operator.py took 0.045 seconds
[2025-01-12 14:16:47,075] {processor.py:162} INFO - Started process (PID=290303) to work on /home/jorge/Desktop/MÁSTER/SEGUNDO CURSO/BDFI/practica_docker/env/lib/python3.8/site-packages/airflow/example_dags/example_python_operator.py
[2025-01-12 14:16:47,077] {processor.py:613} INFO - Processing file /home/jorge/Desktop/MÁSTER/SEGUNDO CURSO/BDFI/practica_docker/env/lib/python3.8/site-packages/airflow/example_dags/example_python_operator.py for tasks to queue
[2025-01-12 14:16:47,078] {logging_mixin.py:109} INFO - [2025-01-12 14:16:47,078] {dagbag.py:496} INFO - Filling up the DagBag from /home/jorge/Desktop/MÁSTER/SEGUNDO CURSO/BDFI/practica_docker/env/lib/python3.8/site-packages/airflow/example_dags/example_python_operator.py
[2025-01-12 14:16:47,098] {processor.py:623} INFO - DAG(s) dict_keys(['example_python_operator']) retrieved from /home/jorge/Desktop/MÁSTER/SEGUNDO CURSO/BDFI/practica_docker/env/lib/python3.8/site-packages/airflow/example_dags/example_python_operator.py
[2025-01-12 14:16:47,122] {logging_mixin.py:109} INFO - [2025-01-12 14:16:47,122] {dag.py:1834} INFO - Sync 1 DAGs
[2025-01-12 14:16:47,136] {logging_mixin.py:109} INFO - [2025-01-12 14:16:47,136] {dag.py:2287} INFO - Setting next_dagrun for example_python_operator to None
[2025-01-12 14:16:47,160] {processor.py:170} INFO - Processing /home/jorge/Desktop/MÁSTER/SEGUNDO CURSO/BDFI/practica_docker/env/lib/python3.8/site-packages/airflow/example_dags/example_python_operator.py took 0.088 seconds
[2025-01-12 14:17:21,886] {processor.py:162} INFO - Started process (PID=290943) to work on /home/jorge/Desktop/MÁSTER/SEGUNDO CURSO/BDFI/practica_docker/env/lib/python3.8/site-packages/airflow/example_dags/example_python_operator.py
[2025-01-12 14:17:21,893] {processor.py:613} INFO - Processing file /home/jorge/Desktop/MÁSTER/SEGUNDO CURSO/BDFI/practica_docker/env/lib/python3.8/site-packages/airflow/example_dags/example_python_operator.py for tasks to queue
[2025-01-12 14:17:21,893] {logging_mixin.py:109} INFO - [2025-01-12 14:17:21,893] {dagbag.py:496} INFO - Filling up the DagBag from /home/jorge/Desktop/MÁSTER/SEGUNDO CURSO/BDFI/practica_docker/env/lib/python3.8/site-packages/airflow/example_dags/example_python_operator.py
[2025-01-12 14:17:21,899] {processor.py:623} INFO - DAG(s) dict_keys(['example_python_operator']) retrieved from /home/jorge/Desktop/MÁSTER/SEGUNDO CURSO/BDFI/practica_docker/env/lib/python3.8/site-packages/airflow/example_dags/example_python_operator.py
[2025-01-12 14:17:21,909] {logging_mixin.py:109} INFO - [2025-01-12 14:17:21,909] {dag.py:1834} INFO - Sync 1 DAGs
[2025-01-12 14:17:21,915] {logging_mixin.py:109} INFO - [2025-01-12 14:17:21,915] {dag.py:2287} INFO - Setting next_dagrun for example_python_operator to None
[2025-01-12 14:17:21,927] {processor.py:170} INFO - Processing /home/jorge/Desktop/MÁSTER/SEGUNDO CURSO/BDFI/practica_docker/env/lib/python3.8/site-packages/airflow/example_dags/example_python_operator.py took 0.043 seconds
[2025-01-12 14:17:55,549] {processor.py:162} INFO - Started process (PID=291111) to work on /home/jorge/Desktop/MÁSTER/SEGUNDO CURSO/BDFI/practica_docker/env/lib/python3.8/site-packages/airflow/example_dags/example_python_operator.py
[2025-01-12 14:17:55,550] {processor.py:613} INFO - Processing file /home/jorge/Desktop/MÁSTER/SEGUNDO CURSO/BDFI/practica_docker/env/lib/python3.8/site-packages/airflow/example_dags/example_python_operator.py for tasks to queue
[2025-01-12 14:17:55,551] {logging_mixin.py:109} INFO - [2025-01-12 14:17:55,551] {dagbag.py:496} INFO - Filling up the DagBag from /home/jorge/Desktop/MÁSTER/SEGUNDO CURSO/BDFI/practica_docker/env/lib/python3.8/site-packages/airflow/example_dags/example_python_operator.py
[2025-01-12 14:17:55,559] {processor.py:623} INFO - DAG(s) dict_keys(['example_python_operator']) retrieved from /home/jorge/Desktop/MÁSTER/SEGUNDO CURSO/BDFI/practica_docker/env/lib/python3.8/site-packages/airflow/example_dags/example_python_operator.py
[2025-01-12 14:17:55,574] {logging_mixin.py:109} INFO - [2025-01-12 14:17:55,574] {dag.py:1834} INFO - Sync 1 DAGs
[2025-01-12 14:17:55,585] {logging_mixin.py:109} INFO - [2025-01-12 14:17:55,585] {dag.py:2287} INFO - Setting next_dagrun for example_python_operator to None
[2025-01-12 14:17:55,599] {processor.py:170} INFO - Processing /home/jorge/Desktop/MÁSTER/SEGUNDO CURSO/BDFI/practica_docker/env/lib/python3.8/site-packages/airflow/example_dags/example_python_operator.py took 0.053 seconds
[2025-01-12 14:18:28,094] {processor.py:162} INFO - Started process (PID=291556) to work on /home/jorge/Desktop/MÁSTER/SEGUNDO CURSO/BDFI/practica_docker/env/lib/python3.8/site-packages/airflow/example_dags/example_python_operator.py
[2025-01-12 14:18:28,095] {processor.py:613} INFO - Processing file /home/jorge/Desktop/MÁSTER/SEGUNDO CURSO/BDFI/practica_docker/env/lib/python3.8/site-packages/airflow/example_dags/example_python_operator.py for tasks to queue
[2025-01-12 14:18:28,096] {logging_mixin.py:109} INFO - [2025-01-12 14:18:28,096] {dagbag.py:496} INFO - Filling up the DagBag from /home/jorge/Desktop/MÁSTER/SEGUNDO CURSO/BDFI/practica_docker/env/lib/python3.8/site-packages/airflow/example_dags/example_python_operator.py
[2025-01-12 14:18:28,102] {processor.py:623} INFO - DAG(s) dict_keys(['example_python_operator']) retrieved from /home/jorge/Desktop/MÁSTER/SEGUNDO CURSO/BDFI/practica_docker/env/lib/python3.8/site-packages/airflow/example_dags/example_python_operator.py
[2025-01-12 14:18:28,112] {logging_mixin.py:109} INFO - [2025-01-12 14:18:28,112] {dag.py:1834} INFO - Sync 1 DAGs
[2025-01-12 14:18:28,117] {logging_mixin.py:109} INFO - [2025-01-12 14:18:28,117] {dag.py:2287} INFO - Setting next_dagrun for example_python_operator to None
[2025-01-12 14:18:28,128] {processor.py:170} INFO - Processing /home/jorge/Desktop/MÁSTER/SEGUNDO CURSO/BDFI/practica_docker/env/lib/python3.8/site-packages/airflow/example_dags/example_python_operator.py took 0.037 seconds
[2025-01-12 14:19:01,636] {processor.py:162} INFO - Started process (PID=291963) to work on /home/jorge/Desktop/MÁSTER/SEGUNDO CURSO/BDFI/practica_docker/env/lib/python3.8/site-packages/airflow/example_dags/example_python_operator.py
[2025-01-12 14:19:01,637] {processor.py:613} INFO - Processing file /home/jorge/Desktop/MÁSTER/SEGUNDO CURSO/BDFI/practica_docker/env/lib/python3.8/site-packages/airflow/example_dags/example_python_operator.py for tasks to queue
[2025-01-12 14:19:01,637] {logging_mixin.py:109} INFO - [2025-01-12 14:19:01,637] {dagbag.py:496} INFO - Filling up the DagBag from /home/jorge/Desktop/MÁSTER/SEGUNDO CURSO/BDFI/practica_docker/env/lib/python3.8/site-packages/airflow/example_dags/example_python_operator.py
[2025-01-12 14:19:01,645] {processor.py:623} INFO - DAG(s) dict_keys(['example_python_operator']) retrieved from /home/jorge/Desktop/MÁSTER/SEGUNDO CURSO/BDFI/practica_docker/env/lib/python3.8/site-packages/airflow/example_dags/example_python_operator.py
[2025-01-12 14:19:01,661] {logging_mixin.py:109} INFO - [2025-01-12 14:19:01,661] {dag.py:1834} INFO - Sync 1 DAGs
[2025-01-12 14:19:01,671] {logging_mixin.py:109} INFO - [2025-01-12 14:19:01,671] {dag.py:2287} INFO - Setting next_dagrun for example_python_operator to None
[2025-01-12 14:19:01,686] {processor.py:170} INFO - Processing /home/jorge/Desktop/MÁSTER/SEGUNDO CURSO/BDFI/practica_docker/env/lib/python3.8/site-packages/airflow/example_dags/example_python_operator.py took 0.053 seconds
[2025-01-12 14:19:36,852] {processor.py:162} INFO - Started process (PID=292894) to work on /home/jorge/Desktop/MÁSTER/SEGUNDO CURSO/BDFI/practica_docker/env/lib/python3.8/site-packages/airflow/example_dags/example_python_operator.py
[2025-01-12 14:19:36,853] {processor.py:613} INFO - Processing file /home/jorge/Desktop/MÁSTER/SEGUNDO CURSO/BDFI/practica_docker/env/lib/python3.8/site-packages/airflow/example_dags/example_python_operator.py for tasks to queue
[2025-01-12 14:19:36,855] {logging_mixin.py:109} INFO - [2025-01-12 14:19:36,854] {dagbag.py:496} INFO - Filling up the DagBag from /home/jorge/Desktop/MÁSTER/SEGUNDO CURSO/BDFI/practica_docker/env/lib/python3.8/site-packages/airflow/example_dags/example_python_operator.py
[2025-01-12 14:19:36,865] {processor.py:623} INFO - DAG(s) dict_keys(['example_python_operator']) retrieved from /home/jorge/Desktop/MÁSTER/SEGUNDO CURSO/BDFI/practica_docker/env/lib/python3.8/site-packages/airflow/example_dags/example_python_operator.py
[2025-01-12 14:19:36,884] {logging_mixin.py:109} INFO - [2025-01-12 14:19:36,884] {dag.py:1834} INFO - Sync 1 DAGs
[2025-01-12 14:19:36,895] {logging_mixin.py:109} INFO - [2025-01-12 14:19:36,895] {dag.py:2287} INFO - Setting next_dagrun for example_python_operator to None
[2025-01-12 14:19:36,912] {processor.py:170} INFO - Processing /home/jorge/Desktop/MÁSTER/SEGUNDO CURSO/BDFI/practica_docker/env/lib/python3.8/site-packages/airflow/example_dags/example_python_operator.py took 0.063 seconds
[2025-01-12 14:20:11,362] {processor.py:162} INFO - Started process (PID=293154) to work on /home/jorge/Desktop/MÁSTER/SEGUNDO CURSO/BDFI/practica_docker/env/lib/python3.8/site-packages/airflow/example_dags/example_python_operator.py
[2025-01-12 14:20:11,364] {processor.py:613} INFO - Processing file /home/jorge/Desktop/MÁSTER/SEGUNDO CURSO/BDFI/practica_docker/env/lib/python3.8/site-packages/airflow/example_dags/example_python_operator.py for tasks to queue
[2025-01-12 14:20:11,364] {logging_mixin.py:109} INFO - [2025-01-12 14:20:11,364] {dagbag.py:496} INFO - Filling up the DagBag from /home/jorge/Desktop/MÁSTER/SEGUNDO CURSO/BDFI/practica_docker/env/lib/python3.8/site-packages/airflow/example_dags/example_python_operator.py
[2025-01-12 14:20:11,371] {processor.py:623} INFO - DAG(s) dict_keys(['example_python_operator']) retrieved from /home/jorge/Desktop/MÁSTER/SEGUNDO CURSO/BDFI/practica_docker/env/lib/python3.8/site-packages/airflow/example_dags/example_python_operator.py
[2025-01-12 14:20:11,381] {logging_mixin.py:109} INFO - [2025-01-12 14:20:11,381] {dag.py:1834} INFO - Sync 1 DAGs
[2025-01-12 14:20:11,386] {logging_mixin.py:109} INFO - [2025-01-12 14:20:11,386] {dag.py:2287} INFO - Setting next_dagrun for example_python_operator to None
[2025-01-12 14:20:11,395] {processor.py:170} INFO - Processing /home/jorge/Desktop/MÁSTER/SEGUNDO CURSO/BDFI/practica_docker/env/lib/python3.8/site-packages/airflow/example_dags/example_python_operator.py took 0.035 seconds
