[2025-01-12 13:51:04,598] {processor.py:162} INFO - Started process (PID=281041) to work on /home/jorge/Desktop/MÁSTER/SEGUNDO CURSO/BDFI/practica_docker/env/lib/python3.8/site-packages/airflow/example_dags/tutorial_etl_dag.py
[2025-01-12 13:51:04,599] {processor.py:613} INFO - Processing file /home/jorge/Desktop/MÁSTER/SEGUNDO CURSO/BDFI/practica_docker/env/lib/python3.8/site-packages/airflow/example_dags/tutorial_etl_dag.py for tasks to queue
[2025-01-12 13:51:04,600] {logging_mixin.py:109} INFO - [2025-01-12 13:51:04,600] {dagbag.py:496} INFO - Filling up the DagBag from /home/jorge/Desktop/MÁSTER/SEGUNDO CURSO/BDFI/practica_docker/env/lib/python3.8/site-packages/airflow/example_dags/tutorial_etl_dag.py
[2025-01-12 13:51:04,613] {processor.py:623} INFO - DAG(s) dict_keys(['tutorial_etl_dag']) retrieved from /home/jorge/Desktop/MÁSTER/SEGUNDO CURSO/BDFI/practica_docker/env/lib/python3.8/site-packages/airflow/example_dags/tutorial_etl_dag.py
[2025-01-12 13:51:04,622] {logging_mixin.py:109} INFO - [2025-01-12 13:51:04,622] {dag.py:1834} INFO - Sync 1 DAGs
[2025-01-12 13:51:04,628] {logging_mixin.py:109} INFO - [2025-01-12 13:51:04,628] {dag.py:2287} INFO - Setting next_dagrun for tutorial_etl_dag to None
[2025-01-12 13:51:04,637] {processor.py:170} INFO - Processing /home/jorge/Desktop/MÁSTER/SEGUNDO CURSO/BDFI/practica_docker/env/lib/python3.8/site-packages/airflow/example_dags/tutorial_etl_dag.py took 0.042 seconds
[2025-01-12 13:51:38,346] {processor.py:162} INFO - Started process (PID=281202) to work on /home/jorge/Desktop/MÁSTER/SEGUNDO CURSO/BDFI/practica_docker/env/lib/python3.8/site-packages/airflow/example_dags/tutorial_etl_dag.py
[2025-01-12 13:51:38,348] {processor.py:613} INFO - Processing file /home/jorge/Desktop/MÁSTER/SEGUNDO CURSO/BDFI/practica_docker/env/lib/python3.8/site-packages/airflow/example_dags/tutorial_etl_dag.py for tasks to queue
[2025-01-12 13:51:38,348] {logging_mixin.py:109} INFO - [2025-01-12 13:51:38,348] {dagbag.py:496} INFO - Filling up the DagBag from /home/jorge/Desktop/MÁSTER/SEGUNDO CURSO/BDFI/practica_docker/env/lib/python3.8/site-packages/airflow/example_dags/tutorial_etl_dag.py
[2025-01-12 13:51:38,370] {processor.py:623} INFO - DAG(s) dict_keys(['tutorial_etl_dag']) retrieved from /home/jorge/Desktop/MÁSTER/SEGUNDO CURSO/BDFI/practica_docker/env/lib/python3.8/site-packages/airflow/example_dags/tutorial_etl_dag.py
[2025-01-12 13:51:38,392] {logging_mixin.py:109} INFO - [2025-01-12 13:51:38,392] {dag.py:1834} INFO - Sync 1 DAGs
[2025-01-12 13:51:38,404] {logging_mixin.py:109} INFO - [2025-01-12 13:51:38,404] {dag.py:2287} INFO - Setting next_dagrun for tutorial_etl_dag to None
[2025-01-12 13:51:38,423] {processor.py:170} INFO - Processing /home/jorge/Desktop/MÁSTER/SEGUNDO CURSO/BDFI/practica_docker/env/lib/python3.8/site-packages/airflow/example_dags/tutorial_etl_dag.py took 0.080 seconds
[2025-01-12 13:52:11,205] {processor.py:162} INFO - Started process (PID=281349) to work on /home/jorge/Desktop/MÁSTER/SEGUNDO CURSO/BDFI/practica_docker/env/lib/python3.8/site-packages/airflow/example_dags/tutorial_etl_dag.py
[2025-01-12 13:52:11,205] {processor.py:613} INFO - Processing file /home/jorge/Desktop/MÁSTER/SEGUNDO CURSO/BDFI/practica_docker/env/lib/python3.8/site-packages/airflow/example_dags/tutorial_etl_dag.py for tasks to queue
[2025-01-12 13:52:11,206] {logging_mixin.py:109} INFO - [2025-01-12 13:52:11,206] {dagbag.py:496} INFO - Filling up the DagBag from /home/jorge/Desktop/MÁSTER/SEGUNDO CURSO/BDFI/practica_docker/env/lib/python3.8/site-packages/airflow/example_dags/tutorial_etl_dag.py
[2025-01-12 13:52:11,221] {processor.py:623} INFO - DAG(s) dict_keys(['tutorial_etl_dag']) retrieved from /home/jorge/Desktop/MÁSTER/SEGUNDO CURSO/BDFI/practica_docker/env/lib/python3.8/site-packages/airflow/example_dags/tutorial_etl_dag.py
[2025-01-12 13:52:11,236] {logging_mixin.py:109} INFO - [2025-01-12 13:52:11,236] {dag.py:1834} INFO - Sync 1 DAGs
[2025-01-12 13:52:11,245] {logging_mixin.py:109} INFO - [2025-01-12 13:52:11,245] {dag.py:2287} INFO - Setting next_dagrun for tutorial_etl_dag to None
[2025-01-12 13:52:11,256] {processor.py:170} INFO - Processing /home/jorge/Desktop/MÁSTER/SEGUNDO CURSO/BDFI/practica_docker/env/lib/python3.8/site-packages/airflow/example_dags/tutorial_etl_dag.py took 0.053 seconds
[2025-01-12 13:52:45,433] {processor.py:162} INFO - Started process (PID=281542) to work on /home/jorge/Desktop/MÁSTER/SEGUNDO CURSO/BDFI/practica_docker/env/lib/python3.8/site-packages/airflow/example_dags/tutorial_etl_dag.py
[2025-01-12 13:52:45,434] {processor.py:613} INFO - Processing file /home/jorge/Desktop/MÁSTER/SEGUNDO CURSO/BDFI/practica_docker/env/lib/python3.8/site-packages/airflow/example_dags/tutorial_etl_dag.py for tasks to queue
[2025-01-12 13:52:45,435] {logging_mixin.py:109} INFO - [2025-01-12 13:52:45,435] {dagbag.py:496} INFO - Filling up the DagBag from /home/jorge/Desktop/MÁSTER/SEGUNDO CURSO/BDFI/practica_docker/env/lib/python3.8/site-packages/airflow/example_dags/tutorial_etl_dag.py
[2025-01-12 13:52:45,450] {processor.py:623} INFO - DAG(s) dict_keys(['tutorial_etl_dag']) retrieved from /home/jorge/Desktop/MÁSTER/SEGUNDO CURSO/BDFI/practica_docker/env/lib/python3.8/site-packages/airflow/example_dags/tutorial_etl_dag.py
[2025-01-12 13:52:45,465] {logging_mixin.py:109} INFO - [2025-01-12 13:52:45,465] {dag.py:1834} INFO - Sync 1 DAGs
[2025-01-12 13:52:45,477] {logging_mixin.py:109} INFO - [2025-01-12 13:52:45,477] {dag.py:2287} INFO - Setting next_dagrun for tutorial_etl_dag to None
[2025-01-12 13:52:45,497] {processor.py:170} INFO - Processing /home/jorge/Desktop/MÁSTER/SEGUNDO CURSO/BDFI/practica_docker/env/lib/python3.8/site-packages/airflow/example_dags/tutorial_etl_dag.py took 0.065 seconds
[2025-01-12 13:53:27,712] {processor.py:162} INFO - Started process (PID=281791) to work on /home/jorge/Desktop/MÁSTER/SEGUNDO CURSO/BDFI/practica_docker/env/lib/python3.8/site-packages/airflow/example_dags/tutorial_etl_dag.py
[2025-01-12 13:53:27,713] {processor.py:613} INFO - Processing file /home/jorge/Desktop/MÁSTER/SEGUNDO CURSO/BDFI/practica_docker/env/lib/python3.8/site-packages/airflow/example_dags/tutorial_etl_dag.py for tasks to queue
[2025-01-12 13:53:27,713] {logging_mixin.py:109} INFO - [2025-01-12 13:53:27,713] {dagbag.py:496} INFO - Filling up the DagBag from /home/jorge/Desktop/MÁSTER/SEGUNDO CURSO/BDFI/practica_docker/env/lib/python3.8/site-packages/airflow/example_dags/tutorial_etl_dag.py
[2025-01-12 13:53:27,721] {processor.py:623} INFO - DAG(s) dict_keys(['tutorial_etl_dag']) retrieved from /home/jorge/Desktop/MÁSTER/SEGUNDO CURSO/BDFI/practica_docker/env/lib/python3.8/site-packages/airflow/example_dags/tutorial_etl_dag.py
[2025-01-12 13:53:27,732] {logging_mixin.py:109} INFO - [2025-01-12 13:53:27,732] {dag.py:1834} INFO - Sync 1 DAGs
[2025-01-12 13:53:27,742] {logging_mixin.py:109} INFO - [2025-01-12 13:53:27,742] {dag.py:2287} INFO - Setting next_dagrun for tutorial_etl_dag to None
[2025-01-12 13:53:27,755] {processor.py:170} INFO - Processing /home/jorge/Desktop/MÁSTER/SEGUNDO CURSO/BDFI/practica_docker/env/lib/python3.8/site-packages/airflow/example_dags/tutorial_etl_dag.py took 0.045 seconds
[2025-01-12 13:54:02,015] {processor.py:162} INFO - Started process (PID=281969) to work on /home/jorge/Desktop/MÁSTER/SEGUNDO CURSO/BDFI/practica_docker/env/lib/python3.8/site-packages/airflow/example_dags/tutorial_etl_dag.py
[2025-01-12 13:54:02,016] {processor.py:613} INFO - Processing file /home/jorge/Desktop/MÁSTER/SEGUNDO CURSO/BDFI/practica_docker/env/lib/python3.8/site-packages/airflow/example_dags/tutorial_etl_dag.py for tasks to queue
[2025-01-12 13:54:02,016] {logging_mixin.py:109} INFO - [2025-01-12 13:54:02,016] {dagbag.py:496} INFO - Filling up the DagBag from /home/jorge/Desktop/MÁSTER/SEGUNDO CURSO/BDFI/practica_docker/env/lib/python3.8/site-packages/airflow/example_dags/tutorial_etl_dag.py
[2025-01-12 13:54:02,025] {processor.py:623} INFO - DAG(s) dict_keys(['tutorial_etl_dag']) retrieved from /home/jorge/Desktop/MÁSTER/SEGUNDO CURSO/BDFI/practica_docker/env/lib/python3.8/site-packages/airflow/example_dags/tutorial_etl_dag.py
[2025-01-12 13:54:02,035] {logging_mixin.py:109} INFO - [2025-01-12 13:54:02,034] {dag.py:1834} INFO - Sync 1 DAGs
[2025-01-12 13:54:02,041] {logging_mixin.py:109} INFO - [2025-01-12 13:54:02,041] {dag.py:2287} INFO - Setting next_dagrun for tutorial_etl_dag to None
[2025-01-12 13:54:02,050] {processor.py:170} INFO - Processing /home/jorge/Desktop/MÁSTER/SEGUNDO CURSO/BDFI/practica_docker/env/lib/python3.8/site-packages/airflow/example_dags/tutorial_etl_dag.py took 0.037 seconds
[2025-01-12 13:54:35,898] {processor.py:162} INFO - Started process (PID=282126) to work on /home/jorge/Desktop/MÁSTER/SEGUNDO CURSO/BDFI/practica_docker/env/lib/python3.8/site-packages/airflow/example_dags/tutorial_etl_dag.py
[2025-01-12 13:54:35,900] {processor.py:613} INFO - Processing file /home/jorge/Desktop/MÁSTER/SEGUNDO CURSO/BDFI/practica_docker/env/lib/python3.8/site-packages/airflow/example_dags/tutorial_etl_dag.py for tasks to queue
[2025-01-12 13:54:35,901] {logging_mixin.py:109} INFO - [2025-01-12 13:54:35,900] {dagbag.py:496} INFO - Filling up the DagBag from /home/jorge/Desktop/MÁSTER/SEGUNDO CURSO/BDFI/practica_docker/env/lib/python3.8/site-packages/airflow/example_dags/tutorial_etl_dag.py
[2025-01-12 13:54:35,912] {processor.py:623} INFO - DAG(s) dict_keys(['tutorial_etl_dag']) retrieved from /home/jorge/Desktop/MÁSTER/SEGUNDO CURSO/BDFI/practica_docker/env/lib/python3.8/site-packages/airflow/example_dags/tutorial_etl_dag.py
[2025-01-12 13:54:35,921] {logging_mixin.py:109} INFO - [2025-01-12 13:54:35,921] {dag.py:1834} INFO - Sync 1 DAGs
[2025-01-12 13:54:35,927] {logging_mixin.py:109} INFO - [2025-01-12 13:54:35,927] {dag.py:2287} INFO - Setting next_dagrun for tutorial_etl_dag to None
[2025-01-12 13:54:35,937] {processor.py:170} INFO - Processing /home/jorge/Desktop/MÁSTER/SEGUNDO CURSO/BDFI/practica_docker/env/lib/python3.8/site-packages/airflow/example_dags/tutorial_etl_dag.py took 0.042 seconds
[2025-01-12 13:55:08,549] {processor.py:162} INFO - Started process (PID=282283) to work on /home/jorge/Desktop/MÁSTER/SEGUNDO CURSO/BDFI/practica_docker/env/lib/python3.8/site-packages/airflow/example_dags/tutorial_etl_dag.py
[2025-01-12 13:55:08,551] {processor.py:613} INFO - Processing file /home/jorge/Desktop/MÁSTER/SEGUNDO CURSO/BDFI/practica_docker/env/lib/python3.8/site-packages/airflow/example_dags/tutorial_etl_dag.py for tasks to queue
[2025-01-12 13:55:08,551] {logging_mixin.py:109} INFO - [2025-01-12 13:55:08,551] {dagbag.py:496} INFO - Filling up the DagBag from /home/jorge/Desktop/MÁSTER/SEGUNDO CURSO/BDFI/practica_docker/env/lib/python3.8/site-packages/airflow/example_dags/tutorial_etl_dag.py
[2025-01-12 13:55:08,562] {processor.py:623} INFO - DAG(s) dict_keys(['tutorial_etl_dag']) retrieved from /home/jorge/Desktop/MÁSTER/SEGUNDO CURSO/BDFI/practica_docker/env/lib/python3.8/site-packages/airflow/example_dags/tutorial_etl_dag.py
[2025-01-12 13:55:08,569] {logging_mixin.py:109} INFO - [2025-01-12 13:55:08,569] {dag.py:1834} INFO - Sync 1 DAGs
[2025-01-12 13:55:08,575] {logging_mixin.py:109} INFO - [2025-01-12 13:55:08,574] {dag.py:2287} INFO - Setting next_dagrun for tutorial_etl_dag to None
[2025-01-12 13:55:08,583] {processor.py:170} INFO - Processing /home/jorge/Desktop/MÁSTER/SEGUNDO CURSO/BDFI/practica_docker/env/lib/python3.8/site-packages/airflow/example_dags/tutorial_etl_dag.py took 0.037 seconds
[2025-01-12 13:55:43,350] {processor.py:162} INFO - Started process (PID=282448) to work on /home/jorge/Desktop/MÁSTER/SEGUNDO CURSO/BDFI/practica_docker/env/lib/python3.8/site-packages/airflow/example_dags/tutorial_etl_dag.py
[2025-01-12 13:55:43,352] {processor.py:613} INFO - Processing file /home/jorge/Desktop/MÁSTER/SEGUNDO CURSO/BDFI/practica_docker/env/lib/python3.8/site-packages/airflow/example_dags/tutorial_etl_dag.py for tasks to queue
[2025-01-12 13:55:43,353] {logging_mixin.py:109} INFO - [2025-01-12 13:55:43,353] {dagbag.py:496} INFO - Filling up the DagBag from /home/jorge/Desktop/MÁSTER/SEGUNDO CURSO/BDFI/practica_docker/env/lib/python3.8/site-packages/airflow/example_dags/tutorial_etl_dag.py
[2025-01-12 13:55:43,363] {processor.py:623} INFO - DAG(s) dict_keys(['tutorial_etl_dag']) retrieved from /home/jorge/Desktop/MÁSTER/SEGUNDO CURSO/BDFI/practica_docker/env/lib/python3.8/site-packages/airflow/example_dags/tutorial_etl_dag.py
[2025-01-12 13:55:43,373] {logging_mixin.py:109} INFO - [2025-01-12 13:55:43,373] {dag.py:1834} INFO - Sync 1 DAGs
[2025-01-12 13:55:43,379] {logging_mixin.py:109} INFO - [2025-01-12 13:55:43,379] {dag.py:2287} INFO - Setting next_dagrun for tutorial_etl_dag to None
[2025-01-12 13:55:43,388] {processor.py:170} INFO - Processing /home/jorge/Desktop/MÁSTER/SEGUNDO CURSO/BDFI/practica_docker/env/lib/python3.8/site-packages/airflow/example_dags/tutorial_etl_dag.py took 0.041 seconds
[2025-01-12 13:56:18,408] {processor.py:162} INFO - Started process (PID=282820) to work on /home/jorge/Desktop/MÁSTER/SEGUNDO CURSO/BDFI/practica_docker/env/lib/python3.8/site-packages/airflow/example_dags/tutorial_etl_dag.py
[2025-01-12 13:56:18,409] {processor.py:613} INFO - Processing file /home/jorge/Desktop/MÁSTER/SEGUNDO CURSO/BDFI/practica_docker/env/lib/python3.8/site-packages/airflow/example_dags/tutorial_etl_dag.py for tasks to queue
[2025-01-12 13:56:18,409] {logging_mixin.py:109} INFO - [2025-01-12 13:56:18,409] {dagbag.py:496} INFO - Filling up the DagBag from /home/jorge/Desktop/MÁSTER/SEGUNDO CURSO/BDFI/practica_docker/env/lib/python3.8/site-packages/airflow/example_dags/tutorial_etl_dag.py
[2025-01-12 13:56:18,432] {processor.py:623} INFO - DAG(s) dict_keys(['tutorial_etl_dag']) retrieved from /home/jorge/Desktop/MÁSTER/SEGUNDO CURSO/BDFI/practica_docker/env/lib/python3.8/site-packages/airflow/example_dags/tutorial_etl_dag.py
[2025-01-12 13:56:18,449] {logging_mixin.py:109} INFO - [2025-01-12 13:56:18,448] {dag.py:1834} INFO - Sync 1 DAGs
[2025-01-12 13:56:18,458] {logging_mixin.py:109} INFO - [2025-01-12 13:56:18,458] {dag.py:2287} INFO - Setting next_dagrun for tutorial_etl_dag to None
[2025-01-12 13:56:18,474] {processor.py:170} INFO - Processing /home/jorge/Desktop/MÁSTER/SEGUNDO CURSO/BDFI/practica_docker/env/lib/python3.8/site-packages/airflow/example_dags/tutorial_etl_dag.py took 0.069 seconds
[2025-01-12 13:56:55,089] {processor.py:162} INFO - Started process (PID=283064) to work on /home/jorge/Desktop/MÁSTER/SEGUNDO CURSO/BDFI/practica_docker/env/lib/python3.8/site-packages/airflow/example_dags/tutorial_etl_dag.py
[2025-01-12 13:56:55,090] {processor.py:613} INFO - Processing file /home/jorge/Desktop/MÁSTER/SEGUNDO CURSO/BDFI/practica_docker/env/lib/python3.8/site-packages/airflow/example_dags/tutorial_etl_dag.py for tasks to queue
[2025-01-12 13:56:55,091] {logging_mixin.py:109} INFO - [2025-01-12 13:56:55,091] {dagbag.py:496} INFO - Filling up the DagBag from /home/jorge/Desktop/MÁSTER/SEGUNDO CURSO/BDFI/practica_docker/env/lib/python3.8/site-packages/airflow/example_dags/tutorial_etl_dag.py
[2025-01-12 13:56:55,127] {processor.py:623} INFO - DAG(s) dict_keys(['tutorial_etl_dag']) retrieved from /home/jorge/Desktop/MÁSTER/SEGUNDO CURSO/BDFI/practica_docker/env/lib/python3.8/site-packages/airflow/example_dags/tutorial_etl_dag.py
[2025-01-12 13:56:55,150] {logging_mixin.py:109} INFO - [2025-01-12 13:56:55,150] {dag.py:1834} INFO - Sync 1 DAGs
[2025-01-12 13:56:55,160] {logging_mixin.py:109} INFO - [2025-01-12 13:56:55,160] {dag.py:2287} INFO - Setting next_dagrun for tutorial_etl_dag to None
[2025-01-12 13:56:55,182] {processor.py:170} INFO - Processing /home/jorge/Desktop/MÁSTER/SEGUNDO CURSO/BDFI/practica_docker/env/lib/python3.8/site-packages/airflow/example_dags/tutorial_etl_dag.py took 0.097 seconds
[2025-01-12 13:57:31,219] {processor.py:162} INFO - Started process (PID=283226) to work on /home/jorge/Desktop/MÁSTER/SEGUNDO CURSO/BDFI/practica_docker/env/lib/python3.8/site-packages/airflow/example_dags/tutorial_etl_dag.py
[2025-01-12 13:57:31,220] {processor.py:613} INFO - Processing file /home/jorge/Desktop/MÁSTER/SEGUNDO CURSO/BDFI/practica_docker/env/lib/python3.8/site-packages/airflow/example_dags/tutorial_etl_dag.py for tasks to queue
[2025-01-12 13:57:31,221] {logging_mixin.py:109} INFO - [2025-01-12 13:57:31,220] {dagbag.py:496} INFO - Filling up the DagBag from /home/jorge/Desktop/MÁSTER/SEGUNDO CURSO/BDFI/practica_docker/env/lib/python3.8/site-packages/airflow/example_dags/tutorial_etl_dag.py
[2025-01-12 13:57:31,244] {processor.py:623} INFO - DAG(s) dict_keys(['tutorial_etl_dag']) retrieved from /home/jorge/Desktop/MÁSTER/SEGUNDO CURSO/BDFI/practica_docker/env/lib/python3.8/site-packages/airflow/example_dags/tutorial_etl_dag.py
[2025-01-12 13:57:31,265] {logging_mixin.py:109} INFO - [2025-01-12 13:57:31,265] {dag.py:1834} INFO - Sync 1 DAGs
[2025-01-12 13:57:31,276] {logging_mixin.py:109} INFO - [2025-01-12 13:57:31,276] {dag.py:2287} INFO - Setting next_dagrun for tutorial_etl_dag to None
[2025-01-12 13:57:31,295] {processor.py:170} INFO - Processing /home/jorge/Desktop/MÁSTER/SEGUNDO CURSO/BDFI/practica_docker/env/lib/python3.8/site-packages/airflow/example_dags/tutorial_etl_dag.py took 0.078 seconds
[2025-01-12 14:05:54,661] {processor.py:162} INFO - Started process (PID=283665) to work on /home/jorge/Desktop/MÁSTER/SEGUNDO CURSO/BDFI/practica_docker/env/lib/python3.8/site-packages/airflow/example_dags/tutorial_etl_dag.py
[2025-01-12 14:05:54,662] {processor.py:613} INFO - Processing file /home/jorge/Desktop/MÁSTER/SEGUNDO CURSO/BDFI/practica_docker/env/lib/python3.8/site-packages/airflow/example_dags/tutorial_etl_dag.py for tasks to queue
[2025-01-12 14:05:54,663] {logging_mixin.py:109} INFO - [2025-01-12 14:05:54,663] {dagbag.py:496} INFO - Filling up the DagBag from /home/jorge/Desktop/MÁSTER/SEGUNDO CURSO/BDFI/practica_docker/env/lib/python3.8/site-packages/airflow/example_dags/tutorial_etl_dag.py
[2025-01-12 14:05:54,669] {processor.py:623} INFO - DAG(s) dict_keys(['tutorial_etl_dag']) retrieved from /home/jorge/Desktop/MÁSTER/SEGUNDO CURSO/BDFI/practica_docker/env/lib/python3.8/site-packages/airflow/example_dags/tutorial_etl_dag.py
[2025-01-12 14:05:54,679] {logging_mixin.py:109} INFO - [2025-01-12 14:05:54,679] {dag.py:1834} INFO - Sync 1 DAGs
[2025-01-12 14:05:54,685] {logging_mixin.py:109} INFO - [2025-01-12 14:05:54,685] {dag.py:2287} INFO - Setting next_dagrun for tutorial_etl_dag to None
[2025-01-12 14:05:54,693] {processor.py:170} INFO - Processing /home/jorge/Desktop/MÁSTER/SEGUNDO CURSO/BDFI/practica_docker/env/lib/python3.8/site-packages/airflow/example_dags/tutorial_etl_dag.py took 0.034 seconds
[2025-01-12 14:06:27,528] {processor.py:162} INFO - Started process (PID=283819) to work on /home/jorge/Desktop/MÁSTER/SEGUNDO CURSO/BDFI/practica_docker/env/lib/python3.8/site-packages/airflow/example_dags/tutorial_etl_dag.py
[2025-01-12 14:06:27,529] {processor.py:613} INFO - Processing file /home/jorge/Desktop/MÁSTER/SEGUNDO CURSO/BDFI/practica_docker/env/lib/python3.8/site-packages/airflow/example_dags/tutorial_etl_dag.py for tasks to queue
[2025-01-12 14:06:27,530] {logging_mixin.py:109} INFO - [2025-01-12 14:06:27,530] {dagbag.py:496} INFO - Filling up the DagBag from /home/jorge/Desktop/MÁSTER/SEGUNDO CURSO/BDFI/practica_docker/env/lib/python3.8/site-packages/airflow/example_dags/tutorial_etl_dag.py
[2025-01-12 14:06:27,536] {processor.py:623} INFO - DAG(s) dict_keys(['tutorial_etl_dag']) retrieved from /home/jorge/Desktop/MÁSTER/SEGUNDO CURSO/BDFI/practica_docker/env/lib/python3.8/site-packages/airflow/example_dags/tutorial_etl_dag.py
[2025-01-12 14:06:27,544] {logging_mixin.py:109} INFO - [2025-01-12 14:06:27,544] {dag.py:1834} INFO - Sync 1 DAGs
[2025-01-12 14:06:27,548] {logging_mixin.py:109} INFO - [2025-01-12 14:06:27,548] {dag.py:2287} INFO - Setting next_dagrun for tutorial_etl_dag to None
[2025-01-12 14:06:27,555] {processor.py:170} INFO - Processing /home/jorge/Desktop/MÁSTER/SEGUNDO CURSO/BDFI/practica_docker/env/lib/python3.8/site-packages/airflow/example_dags/tutorial_etl_dag.py took 0.028 seconds
[2025-01-12 14:07:00,664] {processor.py:162} INFO - Started process (PID=283976) to work on /home/jorge/Desktop/MÁSTER/SEGUNDO CURSO/BDFI/practica_docker/env/lib/python3.8/site-packages/airflow/example_dags/tutorial_etl_dag.py
[2025-01-12 14:07:00,671] {processor.py:613} INFO - Processing file /home/jorge/Desktop/MÁSTER/SEGUNDO CURSO/BDFI/practica_docker/env/lib/python3.8/site-packages/airflow/example_dags/tutorial_etl_dag.py for tasks to queue
[2025-01-12 14:07:00,672] {logging_mixin.py:109} INFO - [2025-01-12 14:07:00,672] {dagbag.py:496} INFO - Filling up the DagBag from /home/jorge/Desktop/MÁSTER/SEGUNDO CURSO/BDFI/practica_docker/env/lib/python3.8/site-packages/airflow/example_dags/tutorial_etl_dag.py
[2025-01-12 14:07:00,682] {processor.py:623} INFO - DAG(s) dict_keys(['tutorial_etl_dag']) retrieved from /home/jorge/Desktop/MÁSTER/SEGUNDO CURSO/BDFI/practica_docker/env/lib/python3.8/site-packages/airflow/example_dags/tutorial_etl_dag.py
[2025-01-12 14:07:00,690] {logging_mixin.py:109} INFO - [2025-01-12 14:07:00,690] {dag.py:1834} INFO - Sync 1 DAGs
[2025-01-12 14:07:00,694] {logging_mixin.py:109} INFO - [2025-01-12 14:07:00,694] {dag.py:2287} INFO - Setting next_dagrun for tutorial_etl_dag to None
[2025-01-12 14:07:00,702] {processor.py:170} INFO - Processing /home/jorge/Desktop/MÁSTER/SEGUNDO CURSO/BDFI/practica_docker/env/lib/python3.8/site-packages/airflow/example_dags/tutorial_etl_dag.py took 0.040 seconds
[2025-01-12 14:07:34,123] {processor.py:162} INFO - Started process (PID=284116) to work on /home/jorge/Desktop/MÁSTER/SEGUNDO CURSO/BDFI/practica_docker/env/lib/python3.8/site-packages/airflow/example_dags/tutorial_etl_dag.py
[2025-01-12 14:07:34,123] {processor.py:613} INFO - Processing file /home/jorge/Desktop/MÁSTER/SEGUNDO CURSO/BDFI/practica_docker/env/lib/python3.8/site-packages/airflow/example_dags/tutorial_etl_dag.py for tasks to queue
[2025-01-12 14:07:34,124] {logging_mixin.py:109} INFO - [2025-01-12 14:07:34,124] {dagbag.py:496} INFO - Filling up the DagBag from /home/jorge/Desktop/MÁSTER/SEGUNDO CURSO/BDFI/practica_docker/env/lib/python3.8/site-packages/airflow/example_dags/tutorial_etl_dag.py
[2025-01-12 14:07:34,128] {processor.py:623} INFO - DAG(s) dict_keys(['tutorial_etl_dag']) retrieved from /home/jorge/Desktop/MÁSTER/SEGUNDO CURSO/BDFI/practica_docker/env/lib/python3.8/site-packages/airflow/example_dags/tutorial_etl_dag.py
[2025-01-12 14:07:34,136] {logging_mixin.py:109} INFO - [2025-01-12 14:07:34,136] {dag.py:1834} INFO - Sync 1 DAGs
[2025-01-12 14:07:34,142] {logging_mixin.py:109} INFO - [2025-01-12 14:07:34,142] {dag.py:2287} INFO - Setting next_dagrun for tutorial_etl_dag to None
[2025-01-12 14:07:34,150] {processor.py:170} INFO - Processing /home/jorge/Desktop/MÁSTER/SEGUNDO CURSO/BDFI/practica_docker/env/lib/python3.8/site-packages/airflow/example_dags/tutorial_etl_dag.py took 0.029 seconds
[2025-01-12 14:08:06,708] {processor.py:162} INFO - Started process (PID=284270) to work on /home/jorge/Desktop/MÁSTER/SEGUNDO CURSO/BDFI/practica_docker/env/lib/python3.8/site-packages/airflow/example_dags/tutorial_etl_dag.py
[2025-01-12 14:08:06,709] {processor.py:613} INFO - Processing file /home/jorge/Desktop/MÁSTER/SEGUNDO CURSO/BDFI/practica_docker/env/lib/python3.8/site-packages/airflow/example_dags/tutorial_etl_dag.py for tasks to queue
[2025-01-12 14:08:06,710] {logging_mixin.py:109} INFO - [2025-01-12 14:08:06,709] {dagbag.py:496} INFO - Filling up the DagBag from /home/jorge/Desktop/MÁSTER/SEGUNDO CURSO/BDFI/practica_docker/env/lib/python3.8/site-packages/airflow/example_dags/tutorial_etl_dag.py
[2025-01-12 14:08:06,714] {processor.py:623} INFO - DAG(s) dict_keys(['tutorial_etl_dag']) retrieved from /home/jorge/Desktop/MÁSTER/SEGUNDO CURSO/BDFI/practica_docker/env/lib/python3.8/site-packages/airflow/example_dags/tutorial_etl_dag.py
[2025-01-12 14:08:06,723] {logging_mixin.py:109} INFO - [2025-01-12 14:08:06,722] {dag.py:1834} INFO - Sync 1 DAGs
[2025-01-12 14:08:06,728] {logging_mixin.py:109} INFO - [2025-01-12 14:08:06,728] {dag.py:2287} INFO - Setting next_dagrun for tutorial_etl_dag to None
[2025-01-12 14:08:06,736] {processor.py:170} INFO - Processing /home/jorge/Desktop/MÁSTER/SEGUNDO CURSO/BDFI/practica_docker/env/lib/python3.8/site-packages/airflow/example_dags/tutorial_etl_dag.py took 0.030 seconds
[2025-01-12 14:08:39,055] {processor.py:162} INFO - Started process (PID=284411) to work on /home/jorge/Desktop/MÁSTER/SEGUNDO CURSO/BDFI/practica_docker/env/lib/python3.8/site-packages/airflow/example_dags/tutorial_etl_dag.py
[2025-01-12 14:08:39,064] {processor.py:613} INFO - Processing file /home/jorge/Desktop/MÁSTER/SEGUNDO CURSO/BDFI/practica_docker/env/lib/python3.8/site-packages/airflow/example_dags/tutorial_etl_dag.py for tasks to queue
[2025-01-12 14:08:39,065] {logging_mixin.py:109} INFO - [2025-01-12 14:08:39,065] {dagbag.py:496} INFO - Filling up the DagBag from /home/jorge/Desktop/MÁSTER/SEGUNDO CURSO/BDFI/practica_docker/env/lib/python3.8/site-packages/airflow/example_dags/tutorial_etl_dag.py
[2025-01-12 14:08:39,074] {processor.py:623} INFO - DAG(s) dict_keys(['tutorial_etl_dag']) retrieved from /home/jorge/Desktop/MÁSTER/SEGUNDO CURSO/BDFI/practica_docker/env/lib/python3.8/site-packages/airflow/example_dags/tutorial_etl_dag.py
[2025-01-12 14:08:39,083] {logging_mixin.py:109} INFO - [2025-01-12 14:08:39,083] {dag.py:1834} INFO - Sync 1 DAGs
[2025-01-12 14:08:39,087] {logging_mixin.py:109} INFO - [2025-01-12 14:08:39,087] {dag.py:2287} INFO - Setting next_dagrun for tutorial_etl_dag to None
[2025-01-12 14:08:39,095] {processor.py:170} INFO - Processing /home/jorge/Desktop/MÁSTER/SEGUNDO CURSO/BDFI/practica_docker/env/lib/python3.8/site-packages/airflow/example_dags/tutorial_etl_dag.py took 0.043 seconds
[2025-01-12 14:09:12,336] {processor.py:162} INFO - Started process (PID=284567) to work on /home/jorge/Desktop/MÁSTER/SEGUNDO CURSO/BDFI/practica_docker/env/lib/python3.8/site-packages/airflow/example_dags/tutorial_etl_dag.py
[2025-01-12 14:09:12,342] {processor.py:613} INFO - Processing file /home/jorge/Desktop/MÁSTER/SEGUNDO CURSO/BDFI/practica_docker/env/lib/python3.8/site-packages/airflow/example_dags/tutorial_etl_dag.py for tasks to queue
[2025-01-12 14:09:12,343] {logging_mixin.py:109} INFO - [2025-01-12 14:09:12,343] {dagbag.py:496} INFO - Filling up the DagBag from /home/jorge/Desktop/MÁSTER/SEGUNDO CURSO/BDFI/practica_docker/env/lib/python3.8/site-packages/airflow/example_dags/tutorial_etl_dag.py
[2025-01-12 14:09:12,353] {processor.py:623} INFO - DAG(s) dict_keys(['tutorial_etl_dag']) retrieved from /home/jorge/Desktop/MÁSTER/SEGUNDO CURSO/BDFI/practica_docker/env/lib/python3.8/site-packages/airflow/example_dags/tutorial_etl_dag.py
[2025-01-12 14:09:12,361] {logging_mixin.py:109} INFO - [2025-01-12 14:09:12,361] {dag.py:1834} INFO - Sync 1 DAGs
[2025-01-12 14:09:12,366] {logging_mixin.py:109} INFO - [2025-01-12 14:09:12,366] {dag.py:2287} INFO - Setting next_dagrun for tutorial_etl_dag to None
[2025-01-12 14:09:12,373] {processor.py:170} INFO - Processing /home/jorge/Desktop/MÁSTER/SEGUNDO CURSO/BDFI/practica_docker/env/lib/python3.8/site-packages/airflow/example_dags/tutorial_etl_dag.py took 0.039 seconds
[2025-01-12 14:09:46,060] {processor.py:162} INFO - Started process (PID=284736) to work on /home/jorge/Desktop/MÁSTER/SEGUNDO CURSO/BDFI/practica_docker/env/lib/python3.8/site-packages/airflow/example_dags/tutorial_etl_dag.py
[2025-01-12 14:09:46,061] {processor.py:613} INFO - Processing file /home/jorge/Desktop/MÁSTER/SEGUNDO CURSO/BDFI/practica_docker/env/lib/python3.8/site-packages/airflow/example_dags/tutorial_etl_dag.py for tasks to queue
[2025-01-12 14:09:46,062] {logging_mixin.py:109} INFO - [2025-01-12 14:09:46,062] {dagbag.py:496} INFO - Filling up the DagBag from /home/jorge/Desktop/MÁSTER/SEGUNDO CURSO/BDFI/practica_docker/env/lib/python3.8/site-packages/airflow/example_dags/tutorial_etl_dag.py
[2025-01-12 14:09:46,070] {processor.py:623} INFO - DAG(s) dict_keys(['tutorial_etl_dag']) retrieved from /home/jorge/Desktop/MÁSTER/SEGUNDO CURSO/BDFI/practica_docker/env/lib/python3.8/site-packages/airflow/example_dags/tutorial_etl_dag.py
[2025-01-12 14:09:46,079] {logging_mixin.py:109} INFO - [2025-01-12 14:09:46,078] {dag.py:1834} INFO - Sync 1 DAGs
[2025-01-12 14:09:46,083] {logging_mixin.py:109} INFO - [2025-01-12 14:09:46,083] {dag.py:2287} INFO - Setting next_dagrun for tutorial_etl_dag to None
[2025-01-12 14:09:46,091] {processor.py:170} INFO - Processing /home/jorge/Desktop/MÁSTER/SEGUNDO CURSO/BDFI/practica_docker/env/lib/python3.8/site-packages/airflow/example_dags/tutorial_etl_dag.py took 0.033 seconds
[2025-01-12 14:10:18,770] {processor.py:162} INFO - Started process (PID=284887) to work on /home/jorge/Desktop/MÁSTER/SEGUNDO CURSO/BDFI/practica_docker/env/lib/python3.8/site-packages/airflow/example_dags/tutorial_etl_dag.py
[2025-01-12 14:10:18,777] {processor.py:613} INFO - Processing file /home/jorge/Desktop/MÁSTER/SEGUNDO CURSO/BDFI/practica_docker/env/lib/python3.8/site-packages/airflow/example_dags/tutorial_etl_dag.py for tasks to queue
[2025-01-12 14:10:18,778] {logging_mixin.py:109} INFO - [2025-01-12 14:10:18,778] {dagbag.py:496} INFO - Filling up the DagBag from /home/jorge/Desktop/MÁSTER/SEGUNDO CURSO/BDFI/practica_docker/env/lib/python3.8/site-packages/airflow/example_dags/tutorial_etl_dag.py
[2025-01-12 14:10:18,786] {processor.py:623} INFO - DAG(s) dict_keys(['tutorial_etl_dag']) retrieved from /home/jorge/Desktop/MÁSTER/SEGUNDO CURSO/BDFI/practica_docker/env/lib/python3.8/site-packages/airflow/example_dags/tutorial_etl_dag.py
[2025-01-12 14:10:18,795] {logging_mixin.py:109} INFO - [2025-01-12 14:10:18,795] {dag.py:1834} INFO - Sync 1 DAGs
[2025-01-12 14:10:18,801] {logging_mixin.py:109} INFO - [2025-01-12 14:10:18,800] {dag.py:2287} INFO - Setting next_dagrun for tutorial_etl_dag to None
[2025-01-12 14:10:18,810] {processor.py:170} INFO - Processing /home/jorge/Desktop/MÁSTER/SEGUNDO CURSO/BDFI/practica_docker/env/lib/python3.8/site-packages/airflow/example_dags/tutorial_etl_dag.py took 0.044 seconds
[2025-01-12 14:10:55,885] {processor.py:162} INFO - Started process (PID=285102) to work on /home/jorge/Desktop/MÁSTER/SEGUNDO CURSO/BDFI/practica_docker/env/lib/python3.8/site-packages/airflow/example_dags/tutorial_etl_dag.py
[2025-01-12 14:10:55,887] {processor.py:613} INFO - Processing file /home/jorge/Desktop/MÁSTER/SEGUNDO CURSO/BDFI/practica_docker/env/lib/python3.8/site-packages/airflow/example_dags/tutorial_etl_dag.py for tasks to queue
[2025-01-12 14:10:55,888] {logging_mixin.py:109} INFO - [2025-01-12 14:10:55,888] {dagbag.py:496} INFO - Filling up the DagBag from /home/jorge/Desktop/MÁSTER/SEGUNDO CURSO/BDFI/practica_docker/env/lib/python3.8/site-packages/airflow/example_dags/tutorial_etl_dag.py
[2025-01-12 14:10:55,893] {processor.py:623} INFO - DAG(s) dict_keys(['tutorial_etl_dag']) retrieved from /home/jorge/Desktop/MÁSTER/SEGUNDO CURSO/BDFI/practica_docker/env/lib/python3.8/site-packages/airflow/example_dags/tutorial_etl_dag.py
[2025-01-12 14:10:55,903] {logging_mixin.py:109} INFO - [2025-01-12 14:10:55,903] {dag.py:1834} INFO - Sync 1 DAGs
[2025-01-12 14:10:55,908] {logging_mixin.py:109} INFO - [2025-01-12 14:10:55,908] {dag.py:2287} INFO - Setting next_dagrun for tutorial_etl_dag to None
[2025-01-12 14:10:55,916] {processor.py:170} INFO - Processing /home/jorge/Desktop/MÁSTER/SEGUNDO CURSO/BDFI/practica_docker/env/lib/python3.8/site-packages/airflow/example_dags/tutorial_etl_dag.py took 0.033 seconds
[2025-01-12 14:11:29,702] {processor.py:162} INFO - Started process (PID=285351) to work on /home/jorge/Desktop/MÁSTER/SEGUNDO CURSO/BDFI/practica_docker/env/lib/python3.8/site-packages/airflow/example_dags/tutorial_etl_dag.py
[2025-01-12 14:11:29,703] {processor.py:613} INFO - Processing file /home/jorge/Desktop/MÁSTER/SEGUNDO CURSO/BDFI/practica_docker/env/lib/python3.8/site-packages/airflow/example_dags/tutorial_etl_dag.py for tasks to queue
[2025-01-12 14:11:29,704] {logging_mixin.py:109} INFO - [2025-01-12 14:11:29,704] {dagbag.py:496} INFO - Filling up the DagBag from /home/jorge/Desktop/MÁSTER/SEGUNDO CURSO/BDFI/practica_docker/env/lib/python3.8/site-packages/airflow/example_dags/tutorial_etl_dag.py
[2025-01-12 14:11:29,709] {processor.py:623} INFO - DAG(s) dict_keys(['tutorial_etl_dag']) retrieved from /home/jorge/Desktop/MÁSTER/SEGUNDO CURSO/BDFI/practica_docker/env/lib/python3.8/site-packages/airflow/example_dags/tutorial_etl_dag.py
[2025-01-12 14:11:29,717] {logging_mixin.py:109} INFO - [2025-01-12 14:11:29,717] {dag.py:1834} INFO - Sync 1 DAGs
[2025-01-12 14:11:29,723] {logging_mixin.py:109} INFO - [2025-01-12 14:11:29,723] {dag.py:2287} INFO - Setting next_dagrun for tutorial_etl_dag to None
[2025-01-12 14:11:29,731] {processor.py:170} INFO - Processing /home/jorge/Desktop/MÁSTER/SEGUNDO CURSO/BDFI/practica_docker/env/lib/python3.8/site-packages/airflow/example_dags/tutorial_etl_dag.py took 0.030 seconds
[2025-01-12 14:12:03,676] {processor.py:162} INFO - Started process (PID=285510) to work on /home/jorge/Desktop/MÁSTER/SEGUNDO CURSO/BDFI/practica_docker/env/lib/python3.8/site-packages/airflow/example_dags/tutorial_etl_dag.py
[2025-01-12 14:12:03,677] {processor.py:613} INFO - Processing file /home/jorge/Desktop/MÁSTER/SEGUNDO CURSO/BDFI/practica_docker/env/lib/python3.8/site-packages/airflow/example_dags/tutorial_etl_dag.py for tasks to queue
[2025-01-12 14:12:03,678] {logging_mixin.py:109} INFO - [2025-01-12 14:12:03,678] {dagbag.py:496} INFO - Filling up the DagBag from /home/jorge/Desktop/MÁSTER/SEGUNDO CURSO/BDFI/practica_docker/env/lib/python3.8/site-packages/airflow/example_dags/tutorial_etl_dag.py
[2025-01-12 14:12:03,683] {processor.py:623} INFO - DAG(s) dict_keys(['tutorial_etl_dag']) retrieved from /home/jorge/Desktop/MÁSTER/SEGUNDO CURSO/BDFI/practica_docker/env/lib/python3.8/site-packages/airflow/example_dags/tutorial_etl_dag.py
[2025-01-12 14:12:03,695] {logging_mixin.py:109} INFO - [2025-01-12 14:12:03,695] {dag.py:1834} INFO - Sync 1 DAGs
[2025-01-12 14:12:03,702] {logging_mixin.py:109} INFO - [2025-01-12 14:12:03,702] {dag.py:2287} INFO - Setting next_dagrun for tutorial_etl_dag to None
[2025-01-12 14:12:03,712] {processor.py:170} INFO - Processing /home/jorge/Desktop/MÁSTER/SEGUNDO CURSO/BDFI/practica_docker/env/lib/python3.8/site-packages/airflow/example_dags/tutorial_etl_dag.py took 0.038 seconds
[2025-01-12 14:12:36,821] {processor.py:162} INFO - Started process (PID=285650) to work on /home/jorge/Desktop/MÁSTER/SEGUNDO CURSO/BDFI/practica_docker/env/lib/python3.8/site-packages/airflow/example_dags/tutorial_etl_dag.py
[2025-01-12 14:12:36,822] {processor.py:613} INFO - Processing file /home/jorge/Desktop/MÁSTER/SEGUNDO CURSO/BDFI/practica_docker/env/lib/python3.8/site-packages/airflow/example_dags/tutorial_etl_dag.py for tasks to queue
[2025-01-12 14:12:36,823] {logging_mixin.py:109} INFO - [2025-01-12 14:12:36,823] {dagbag.py:496} INFO - Filling up the DagBag from /home/jorge/Desktop/MÁSTER/SEGUNDO CURSO/BDFI/practica_docker/env/lib/python3.8/site-packages/airflow/example_dags/tutorial_etl_dag.py
[2025-01-12 14:12:36,830] {processor.py:623} INFO - DAG(s) dict_keys(['tutorial_etl_dag']) retrieved from /home/jorge/Desktop/MÁSTER/SEGUNDO CURSO/BDFI/practica_docker/env/lib/python3.8/site-packages/airflow/example_dags/tutorial_etl_dag.py
[2025-01-12 14:12:36,839] {logging_mixin.py:109} INFO - [2025-01-12 14:12:36,839] {dag.py:1834} INFO - Sync 1 DAGs
[2025-01-12 14:12:36,843] {logging_mixin.py:109} INFO - [2025-01-12 14:12:36,843] {dag.py:2287} INFO - Setting next_dagrun for tutorial_etl_dag to None
[2025-01-12 14:12:36,851] {processor.py:170} INFO - Processing /home/jorge/Desktop/MÁSTER/SEGUNDO CURSO/BDFI/practica_docker/env/lib/python3.8/site-packages/airflow/example_dags/tutorial_etl_dag.py took 0.031 seconds
[2025-01-12 14:13:10,161] {processor.py:162} INFO - Started process (PID=285809) to work on /home/jorge/Desktop/MÁSTER/SEGUNDO CURSO/BDFI/practica_docker/env/lib/python3.8/site-packages/airflow/example_dags/tutorial_etl_dag.py
[2025-01-12 14:13:10,163] {processor.py:613} INFO - Processing file /home/jorge/Desktop/MÁSTER/SEGUNDO CURSO/BDFI/practica_docker/env/lib/python3.8/site-packages/airflow/example_dags/tutorial_etl_dag.py for tasks to queue
[2025-01-12 14:13:10,163] {logging_mixin.py:109} INFO - [2025-01-12 14:13:10,163] {dagbag.py:496} INFO - Filling up the DagBag from /home/jorge/Desktop/MÁSTER/SEGUNDO CURSO/BDFI/practica_docker/env/lib/python3.8/site-packages/airflow/example_dags/tutorial_etl_dag.py
[2025-01-12 14:13:10,171] {processor.py:623} INFO - DAG(s) dict_keys(['tutorial_etl_dag']) retrieved from /home/jorge/Desktop/MÁSTER/SEGUNDO CURSO/BDFI/practica_docker/env/lib/python3.8/site-packages/airflow/example_dags/tutorial_etl_dag.py
[2025-01-12 14:13:10,184] {logging_mixin.py:109} INFO - [2025-01-12 14:13:10,184] {dag.py:1834} INFO - Sync 1 DAGs
[2025-01-12 14:13:10,192] {logging_mixin.py:109} INFO - [2025-01-12 14:13:10,192] {dag.py:2287} INFO - Setting next_dagrun for tutorial_etl_dag to None
[2025-01-12 14:13:10,202] {processor.py:170} INFO - Processing /home/jorge/Desktop/MÁSTER/SEGUNDO CURSO/BDFI/practica_docker/env/lib/python3.8/site-packages/airflow/example_dags/tutorial_etl_dag.py took 0.044 seconds
[2025-01-12 14:13:43,445] {processor.py:162} INFO - Started process (PID=285976) to work on /home/jorge/Desktop/MÁSTER/SEGUNDO CURSO/BDFI/practica_docker/env/lib/python3.8/site-packages/airflow/example_dags/tutorial_etl_dag.py
[2025-01-12 14:13:43,452] {processor.py:613} INFO - Processing file /home/jorge/Desktop/MÁSTER/SEGUNDO CURSO/BDFI/practica_docker/env/lib/python3.8/site-packages/airflow/example_dags/tutorial_etl_dag.py for tasks to queue
[2025-01-12 14:13:43,453] {logging_mixin.py:109} INFO - [2025-01-12 14:13:43,453] {dagbag.py:496} INFO - Filling up the DagBag from /home/jorge/Desktop/MÁSTER/SEGUNDO CURSO/BDFI/practica_docker/env/lib/python3.8/site-packages/airflow/example_dags/tutorial_etl_dag.py
[2025-01-12 14:13:43,461] {processor.py:623} INFO - DAG(s) dict_keys(['tutorial_etl_dag']) retrieved from /home/jorge/Desktop/MÁSTER/SEGUNDO CURSO/BDFI/practica_docker/env/lib/python3.8/site-packages/airflow/example_dags/tutorial_etl_dag.py
[2025-01-12 14:13:43,469] {logging_mixin.py:109} INFO - [2025-01-12 14:13:43,469] {dag.py:1834} INFO - Sync 1 DAGs
[2025-01-12 14:13:43,475] {logging_mixin.py:109} INFO - [2025-01-12 14:13:43,474] {dag.py:2287} INFO - Setting next_dagrun for tutorial_etl_dag to None
[2025-01-12 14:13:43,484] {processor.py:170} INFO - Processing /home/jorge/Desktop/MÁSTER/SEGUNDO CURSO/BDFI/practica_docker/env/lib/python3.8/site-packages/airflow/example_dags/tutorial_etl_dag.py took 0.041 seconds
[2025-01-12 14:14:15,505] {processor.py:162} INFO - Started process (PID=286122) to work on /home/jorge/Desktop/MÁSTER/SEGUNDO CURSO/BDFI/practica_docker/env/lib/python3.8/site-packages/airflow/example_dags/tutorial_etl_dag.py
[2025-01-12 14:14:15,506] {processor.py:613} INFO - Processing file /home/jorge/Desktop/MÁSTER/SEGUNDO CURSO/BDFI/practica_docker/env/lib/python3.8/site-packages/airflow/example_dags/tutorial_etl_dag.py for tasks to queue
[2025-01-12 14:14:15,507] {logging_mixin.py:109} INFO - [2025-01-12 14:14:15,507] {dagbag.py:496} INFO - Filling up the DagBag from /home/jorge/Desktop/MÁSTER/SEGUNDO CURSO/BDFI/practica_docker/env/lib/python3.8/site-packages/airflow/example_dags/tutorial_etl_dag.py
[2025-01-12 14:14:15,513] {processor.py:623} INFO - DAG(s) dict_keys(['tutorial_etl_dag']) retrieved from /home/jorge/Desktop/MÁSTER/SEGUNDO CURSO/BDFI/practica_docker/env/lib/python3.8/site-packages/airflow/example_dags/tutorial_etl_dag.py
[2025-01-12 14:14:15,525] {logging_mixin.py:109} INFO - [2025-01-12 14:14:15,525] {dag.py:1834} INFO - Sync 1 DAGs
[2025-01-12 14:14:15,531] {logging_mixin.py:109} INFO - [2025-01-12 14:14:15,531] {dag.py:2287} INFO - Setting next_dagrun for tutorial_etl_dag to None
[2025-01-12 14:14:15,541] {processor.py:170} INFO - Processing /home/jorge/Desktop/MÁSTER/SEGUNDO CURSO/BDFI/practica_docker/env/lib/python3.8/site-packages/airflow/example_dags/tutorial_etl_dag.py took 0.038 seconds
[2025-01-12 14:14:48,361] {processor.py:162} INFO - Started process (PID=286286) to work on /home/jorge/Desktop/MÁSTER/SEGUNDO CURSO/BDFI/practica_docker/env/lib/python3.8/site-packages/airflow/example_dags/tutorial_etl_dag.py
[2025-01-12 14:14:48,363] {processor.py:613} INFO - Processing file /home/jorge/Desktop/MÁSTER/SEGUNDO CURSO/BDFI/practica_docker/env/lib/python3.8/site-packages/airflow/example_dags/tutorial_etl_dag.py for tasks to queue
[2025-01-12 14:14:48,364] {logging_mixin.py:109} INFO - [2025-01-12 14:14:48,363] {dagbag.py:496} INFO - Filling up the DagBag from /home/jorge/Desktop/MÁSTER/SEGUNDO CURSO/BDFI/practica_docker/env/lib/python3.8/site-packages/airflow/example_dags/tutorial_etl_dag.py
[2025-01-12 14:14:48,372] {processor.py:623} INFO - DAG(s) dict_keys(['tutorial_etl_dag']) retrieved from /home/jorge/Desktop/MÁSTER/SEGUNDO CURSO/BDFI/practica_docker/env/lib/python3.8/site-packages/airflow/example_dags/tutorial_etl_dag.py
[2025-01-12 14:14:48,380] {logging_mixin.py:109} INFO - [2025-01-12 14:14:48,380] {dag.py:1834} INFO - Sync 1 DAGs
[2025-01-12 14:14:48,384] {logging_mixin.py:109} INFO - [2025-01-12 14:14:48,384] {dag.py:2287} INFO - Setting next_dagrun for tutorial_etl_dag to None
[2025-01-12 14:14:48,392] {processor.py:170} INFO - Processing /home/jorge/Desktop/MÁSTER/SEGUNDO CURSO/BDFI/practica_docker/env/lib/python3.8/site-packages/airflow/example_dags/tutorial_etl_dag.py took 0.034 seconds
[2025-01-12 14:15:21,476] {processor.py:162} INFO - Started process (PID=286690) to work on /home/jorge/Desktop/MÁSTER/SEGUNDO CURSO/BDFI/practica_docker/env/lib/python3.8/site-packages/airflow/example_dags/tutorial_etl_dag.py
[2025-01-12 14:15:21,478] {processor.py:613} INFO - Processing file /home/jorge/Desktop/MÁSTER/SEGUNDO CURSO/BDFI/practica_docker/env/lib/python3.8/site-packages/airflow/example_dags/tutorial_etl_dag.py for tasks to queue
[2025-01-12 14:15:21,479] {logging_mixin.py:109} INFO - [2025-01-12 14:15:21,479] {dagbag.py:496} INFO - Filling up the DagBag from /home/jorge/Desktop/MÁSTER/SEGUNDO CURSO/BDFI/practica_docker/env/lib/python3.8/site-packages/airflow/example_dags/tutorial_etl_dag.py
[2025-01-12 14:15:21,483] {processor.py:623} INFO - DAG(s) dict_keys(['tutorial_etl_dag']) retrieved from /home/jorge/Desktop/MÁSTER/SEGUNDO CURSO/BDFI/practica_docker/env/lib/python3.8/site-packages/airflow/example_dags/tutorial_etl_dag.py
[2025-01-12 14:15:21,490] {logging_mixin.py:109} INFO - [2025-01-12 14:15:21,490] {dag.py:1834} INFO - Sync 1 DAGs
[2025-01-12 14:15:21,494] {logging_mixin.py:109} INFO - [2025-01-12 14:15:21,494] {dag.py:2287} INFO - Setting next_dagrun for tutorial_etl_dag to None
[2025-01-12 14:15:21,502] {processor.py:170} INFO - Processing /home/jorge/Desktop/MÁSTER/SEGUNDO CURSO/BDFI/practica_docker/env/lib/python3.8/site-packages/airflow/example_dags/tutorial_etl_dag.py took 0.027 seconds
[2025-01-12 14:16:05,787] {processor.py:162} INFO - Started process (PID=289800) to work on /home/jorge/Desktop/MÁSTER/SEGUNDO CURSO/BDFI/practica_docker/env/lib/python3.8/site-packages/airflow/example_dags/tutorial_etl_dag.py
[2025-01-12 14:16:05,788] {processor.py:613} INFO - Processing file /home/jorge/Desktop/MÁSTER/SEGUNDO CURSO/BDFI/practica_docker/env/lib/python3.8/site-packages/airflow/example_dags/tutorial_etl_dag.py for tasks to queue
[2025-01-12 14:16:05,789] {logging_mixin.py:109} INFO - [2025-01-12 14:16:05,789] {dagbag.py:496} INFO - Filling up the DagBag from /home/jorge/Desktop/MÁSTER/SEGUNDO CURSO/BDFI/practica_docker/env/lib/python3.8/site-packages/airflow/example_dags/tutorial_etl_dag.py
[2025-01-12 14:16:05,798] {processor.py:623} INFO - DAG(s) dict_keys(['tutorial_etl_dag']) retrieved from /home/jorge/Desktop/MÁSTER/SEGUNDO CURSO/BDFI/practica_docker/env/lib/python3.8/site-packages/airflow/example_dags/tutorial_etl_dag.py
[2025-01-12 14:16:05,815] {logging_mixin.py:109} INFO - [2025-01-12 14:16:05,815] {dag.py:1834} INFO - Sync 1 DAGs
[2025-01-12 14:16:05,825] {logging_mixin.py:109} INFO - [2025-01-12 14:16:05,825] {dag.py:2287} INFO - Setting next_dagrun for tutorial_etl_dag to None
[2025-01-12 14:16:05,849] {processor.py:170} INFO - Processing /home/jorge/Desktop/MÁSTER/SEGUNDO CURSO/BDFI/practica_docker/env/lib/python3.8/site-packages/airflow/example_dags/tutorial_etl_dag.py took 0.065 seconds
[2025-01-12 14:16:41,479] {processor.py:162} INFO - Started process (PID=290197) to work on /home/jorge/Desktop/MÁSTER/SEGUNDO CURSO/BDFI/practica_docker/env/lib/python3.8/site-packages/airflow/example_dags/tutorial_etl_dag.py
[2025-01-12 14:16:41,481] {processor.py:613} INFO - Processing file /home/jorge/Desktop/MÁSTER/SEGUNDO CURSO/BDFI/practica_docker/env/lib/python3.8/site-packages/airflow/example_dags/tutorial_etl_dag.py for tasks to queue
[2025-01-12 14:16:41,481] {logging_mixin.py:109} INFO - [2025-01-12 14:16:41,481] {dagbag.py:496} INFO - Filling up the DagBag from /home/jorge/Desktop/MÁSTER/SEGUNDO CURSO/BDFI/practica_docker/env/lib/python3.8/site-packages/airflow/example_dags/tutorial_etl_dag.py
[2025-01-12 14:16:41,489] {processor.py:623} INFO - DAG(s) dict_keys(['tutorial_etl_dag']) retrieved from /home/jorge/Desktop/MÁSTER/SEGUNDO CURSO/BDFI/practica_docker/env/lib/python3.8/site-packages/airflow/example_dags/tutorial_etl_dag.py
[2025-01-12 14:16:41,504] {logging_mixin.py:109} INFO - [2025-01-12 14:16:41,504] {dag.py:1834} INFO - Sync 1 DAGs
[2025-01-12 14:16:41,513] {logging_mixin.py:109} INFO - [2025-01-12 14:16:41,513] {dag.py:2287} INFO - Setting next_dagrun for tutorial_etl_dag to None
[2025-01-12 14:16:41,523] {processor.py:170} INFO - Processing /home/jorge/Desktop/MÁSTER/SEGUNDO CURSO/BDFI/practica_docker/env/lib/python3.8/site-packages/airflow/example_dags/tutorial_etl_dag.py took 0.046 seconds
[2025-01-12 14:17:16,537] {processor.py:162} INFO - Started process (PID=290921) to work on /home/jorge/Desktop/MÁSTER/SEGUNDO CURSO/BDFI/practica_docker/env/lib/python3.8/site-packages/airflow/example_dags/tutorial_etl_dag.py
[2025-01-12 14:17:16,540] {processor.py:613} INFO - Processing file /home/jorge/Desktop/MÁSTER/SEGUNDO CURSO/BDFI/practica_docker/env/lib/python3.8/site-packages/airflow/example_dags/tutorial_etl_dag.py for tasks to queue
[2025-01-12 14:17:16,541] {logging_mixin.py:109} INFO - [2025-01-12 14:17:16,541] {dagbag.py:496} INFO - Filling up the DagBag from /home/jorge/Desktop/MÁSTER/SEGUNDO CURSO/BDFI/practica_docker/env/lib/python3.8/site-packages/airflow/example_dags/tutorial_etl_dag.py
[2025-01-12 14:17:16,546] {processor.py:623} INFO - DAG(s) dict_keys(['tutorial_etl_dag']) retrieved from /home/jorge/Desktop/MÁSTER/SEGUNDO CURSO/BDFI/practica_docker/env/lib/python3.8/site-packages/airflow/example_dags/tutorial_etl_dag.py
[2025-01-12 14:17:16,555] {logging_mixin.py:109} INFO - [2025-01-12 14:17:16,555] {dag.py:1834} INFO - Sync 1 DAGs
[2025-01-12 14:17:16,561] {logging_mixin.py:109} INFO - [2025-01-12 14:17:16,561] {dag.py:2287} INFO - Setting next_dagrun for tutorial_etl_dag to None
[2025-01-12 14:17:16,569] {processor.py:170} INFO - Processing /home/jorge/Desktop/MÁSTER/SEGUNDO CURSO/BDFI/practica_docker/env/lib/python3.8/site-packages/airflow/example_dags/tutorial_etl_dag.py took 0.035 seconds
[2025-01-12 14:17:50,001] {processor.py:162} INFO - Started process (PID=291087) to work on /home/jorge/Desktop/MÁSTER/SEGUNDO CURSO/BDFI/practica_docker/env/lib/python3.8/site-packages/airflow/example_dags/tutorial_etl_dag.py
[2025-01-12 14:17:50,002] {processor.py:613} INFO - Processing file /home/jorge/Desktop/MÁSTER/SEGUNDO CURSO/BDFI/practica_docker/env/lib/python3.8/site-packages/airflow/example_dags/tutorial_etl_dag.py for tasks to queue
[2025-01-12 14:17:50,004] {logging_mixin.py:109} INFO - [2025-01-12 14:17:50,003] {dagbag.py:496} INFO - Filling up the DagBag from /home/jorge/Desktop/MÁSTER/SEGUNDO CURSO/BDFI/practica_docker/env/lib/python3.8/site-packages/airflow/example_dags/tutorial_etl_dag.py
[2025-01-12 14:17:50,010] {processor.py:623} INFO - DAG(s) dict_keys(['tutorial_etl_dag']) retrieved from /home/jorge/Desktop/MÁSTER/SEGUNDO CURSO/BDFI/practica_docker/env/lib/python3.8/site-packages/airflow/example_dags/tutorial_etl_dag.py
[2025-01-12 14:17:50,026] {logging_mixin.py:109} INFO - [2025-01-12 14:17:50,026] {dag.py:1834} INFO - Sync 1 DAGs
[2025-01-12 14:17:50,033] {logging_mixin.py:109} INFO - [2025-01-12 14:17:50,033] {dag.py:2287} INFO - Setting next_dagrun for tutorial_etl_dag to None
[2025-01-12 14:17:50,045] {processor.py:170} INFO - Processing /home/jorge/Desktop/MÁSTER/SEGUNDO CURSO/BDFI/practica_docker/env/lib/python3.8/site-packages/airflow/example_dags/tutorial_etl_dag.py took 0.046 seconds
[2025-01-12 14:18:22,734] {processor.py:162} INFO - Started process (PID=291236) to work on /home/jorge/Desktop/MÁSTER/SEGUNDO CURSO/BDFI/practica_docker/env/lib/python3.8/site-packages/airflow/example_dags/tutorial_etl_dag.py
[2025-01-12 14:18:22,740] {processor.py:613} INFO - Processing file /home/jorge/Desktop/MÁSTER/SEGUNDO CURSO/BDFI/practica_docker/env/lib/python3.8/site-packages/airflow/example_dags/tutorial_etl_dag.py for tasks to queue
[2025-01-12 14:18:22,741] {logging_mixin.py:109} INFO - [2025-01-12 14:18:22,741] {dagbag.py:496} INFO - Filling up the DagBag from /home/jorge/Desktop/MÁSTER/SEGUNDO CURSO/BDFI/practica_docker/env/lib/python3.8/site-packages/airflow/example_dags/tutorial_etl_dag.py
[2025-01-12 14:18:22,749] {processor.py:623} INFO - DAG(s) dict_keys(['tutorial_etl_dag']) retrieved from /home/jorge/Desktop/MÁSTER/SEGUNDO CURSO/BDFI/practica_docker/env/lib/python3.8/site-packages/airflow/example_dags/tutorial_etl_dag.py
[2025-01-12 14:18:22,757] {logging_mixin.py:109} INFO - [2025-01-12 14:18:22,757] {dag.py:1834} INFO - Sync 1 DAGs
[2025-01-12 14:18:22,762] {logging_mixin.py:109} INFO - [2025-01-12 14:18:22,762] {dag.py:2287} INFO - Setting next_dagrun for tutorial_etl_dag to None
[2025-01-12 14:18:22,770] {processor.py:170} INFO - Processing /home/jorge/Desktop/MÁSTER/SEGUNDO CURSO/BDFI/practica_docker/env/lib/python3.8/site-packages/airflow/example_dags/tutorial_etl_dag.py took 0.040 seconds
[2025-01-12 14:18:56,183] {processor.py:162} INFO - Started process (PID=291872) to work on /home/jorge/Desktop/MÁSTER/SEGUNDO CURSO/BDFI/practica_docker/env/lib/python3.8/site-packages/airflow/example_dags/tutorial_etl_dag.py
[2025-01-12 14:18:56,185] {processor.py:613} INFO - Processing file /home/jorge/Desktop/MÁSTER/SEGUNDO CURSO/BDFI/practica_docker/env/lib/python3.8/site-packages/airflow/example_dags/tutorial_etl_dag.py for tasks to queue
[2025-01-12 14:18:56,186] {logging_mixin.py:109} INFO - [2025-01-12 14:18:56,185] {dagbag.py:496} INFO - Filling up the DagBag from /home/jorge/Desktop/MÁSTER/SEGUNDO CURSO/BDFI/practica_docker/env/lib/python3.8/site-packages/airflow/example_dags/tutorial_etl_dag.py
[2025-01-12 14:18:56,194] {processor.py:623} INFO - DAG(s) dict_keys(['tutorial_etl_dag']) retrieved from /home/jorge/Desktop/MÁSTER/SEGUNDO CURSO/BDFI/practica_docker/env/lib/python3.8/site-packages/airflow/example_dags/tutorial_etl_dag.py
[2025-01-12 14:18:56,205] {logging_mixin.py:109} INFO - [2025-01-12 14:18:56,205] {dag.py:1834} INFO - Sync 1 DAGs
[2025-01-12 14:18:56,215] {logging_mixin.py:109} INFO - [2025-01-12 14:18:56,215] {dag.py:2287} INFO - Setting next_dagrun for tutorial_etl_dag to None
[2025-01-12 14:18:56,226] {processor.py:170} INFO - Processing /home/jorge/Desktop/MÁSTER/SEGUNDO CURSO/BDFI/practica_docker/env/lib/python3.8/site-packages/airflow/example_dags/tutorial_etl_dag.py took 0.044 seconds
[2025-01-12 14:19:31,282] {processor.py:162} INFO - Started process (PID=292641) to work on /home/jorge/Desktop/MÁSTER/SEGUNDO CURSO/BDFI/practica_docker/env/lib/python3.8/site-packages/airflow/example_dags/tutorial_etl_dag.py
[2025-01-12 14:19:31,284] {processor.py:613} INFO - Processing file /home/jorge/Desktop/MÁSTER/SEGUNDO CURSO/BDFI/practica_docker/env/lib/python3.8/site-packages/airflow/example_dags/tutorial_etl_dag.py for tasks to queue
[2025-01-12 14:19:31,285] {logging_mixin.py:109} INFO - [2025-01-12 14:19:31,285] {dagbag.py:496} INFO - Filling up the DagBag from /home/jorge/Desktop/MÁSTER/SEGUNDO CURSO/BDFI/practica_docker/env/lib/python3.8/site-packages/airflow/example_dags/tutorial_etl_dag.py
[2025-01-12 14:19:31,295] {processor.py:623} INFO - DAG(s) dict_keys(['tutorial_etl_dag']) retrieved from /home/jorge/Desktop/MÁSTER/SEGUNDO CURSO/BDFI/practica_docker/env/lib/python3.8/site-packages/airflow/example_dags/tutorial_etl_dag.py
[2025-01-12 14:19:31,311] {logging_mixin.py:109} INFO - [2025-01-12 14:19:31,311] {dag.py:1834} INFO - Sync 1 DAGs
[2025-01-12 14:19:31,319] {logging_mixin.py:109} INFO - [2025-01-12 14:19:31,319] {dag.py:2287} INFO - Setting next_dagrun for tutorial_etl_dag to None
[2025-01-12 14:19:31,331] {processor.py:170} INFO - Processing /home/jorge/Desktop/MÁSTER/SEGUNDO CURSO/BDFI/practica_docker/env/lib/python3.8/site-packages/airflow/example_dags/tutorial_etl_dag.py took 0.053 seconds
[2025-01-12 14:20:05,728] {processor.py:162} INFO - Started process (PID=293126) to work on /home/jorge/Desktop/MÁSTER/SEGUNDO CURSO/BDFI/practica_docker/env/lib/python3.8/site-packages/airflow/example_dags/tutorial_etl_dag.py
[2025-01-12 14:20:05,729] {processor.py:613} INFO - Processing file /home/jorge/Desktop/MÁSTER/SEGUNDO CURSO/BDFI/practica_docker/env/lib/python3.8/site-packages/airflow/example_dags/tutorial_etl_dag.py for tasks to queue
[2025-01-12 14:20:05,730] {logging_mixin.py:109} INFO - [2025-01-12 14:20:05,730] {dagbag.py:496} INFO - Filling up the DagBag from /home/jorge/Desktop/MÁSTER/SEGUNDO CURSO/BDFI/practica_docker/env/lib/python3.8/site-packages/airflow/example_dags/tutorial_etl_dag.py
[2025-01-12 14:20:05,736] {processor.py:623} INFO - DAG(s) dict_keys(['tutorial_etl_dag']) retrieved from /home/jorge/Desktop/MÁSTER/SEGUNDO CURSO/BDFI/practica_docker/env/lib/python3.8/site-packages/airflow/example_dags/tutorial_etl_dag.py
[2025-01-12 14:20:05,747] {logging_mixin.py:109} INFO - [2025-01-12 14:20:05,747] {dag.py:1834} INFO - Sync 1 DAGs
[2025-01-12 14:20:05,752] {logging_mixin.py:109} INFO - [2025-01-12 14:20:05,752] {dag.py:2287} INFO - Setting next_dagrun for tutorial_etl_dag to None
[2025-01-12 14:20:05,762] {processor.py:170} INFO - Processing /home/jorge/Desktop/MÁSTER/SEGUNDO CURSO/BDFI/practica_docker/env/lib/python3.8/site-packages/airflow/example_dags/tutorial_etl_dag.py took 0.036 seconds
[2025-01-12 14:20:42,899] {processor.py:162} INFO - Started process (PID=293282) to work on /home/jorge/Desktop/MÁSTER/SEGUNDO CURSO/BDFI/practica_docker/env/lib/python3.8/site-packages/airflow/example_dags/tutorial_etl_dag.py
[2025-01-12 14:20:42,902] {processor.py:613} INFO - Processing file /home/jorge/Desktop/MÁSTER/SEGUNDO CURSO/BDFI/practica_docker/env/lib/python3.8/site-packages/airflow/example_dags/tutorial_etl_dag.py for tasks to queue
[2025-01-12 14:20:42,904] {logging_mixin.py:109} INFO - [2025-01-12 14:20:42,904] {dagbag.py:496} INFO - Filling up the DagBag from /home/jorge/Desktop/MÁSTER/SEGUNDO CURSO/BDFI/practica_docker/env/lib/python3.8/site-packages/airflow/example_dags/tutorial_etl_dag.py
[2025-01-12 14:20:42,929] {processor.py:623} INFO - DAG(s) dict_keys(['tutorial_etl_dag']) retrieved from /home/jorge/Desktop/MÁSTER/SEGUNDO CURSO/BDFI/practica_docker/env/lib/python3.8/site-packages/airflow/example_dags/tutorial_etl_dag.py
[2025-01-12 14:20:42,960] {logging_mixin.py:109} INFO - [2025-01-12 14:20:42,960] {dag.py:1834} INFO - Sync 1 DAGs
[2025-01-12 14:20:42,986] {logging_mixin.py:109} INFO - [2025-01-12 14:20:42,985] {dag.py:2287} INFO - Setting next_dagrun for tutorial_etl_dag to None
[2025-01-12 14:20:43,023] {processor.py:170} INFO - Processing /home/jorge/Desktop/MÁSTER/SEGUNDO CURSO/BDFI/practica_docker/env/lib/python3.8/site-packages/airflow/example_dags/tutorial_etl_dag.py took 0.130 seconds
