[2025-01-12 13:51:21,683] {processor.py:162} INFO - Started process (PID=281104) to work on /home/jorge/Desktop/MÁSTER/SEGUNDO CURSO/BDFI/practica_docker/env/lib/python3.8/site-packages/airflow/example_dags/example_dag_decorator.py
[2025-01-12 13:51:21,685] {processor.py:613} INFO - Processing file /home/jorge/Desktop/MÁSTER/SEGUNDO CURSO/BDFI/practica_docker/env/lib/python3.8/site-packages/airflow/example_dags/example_dag_decorator.py for tasks to queue
[2025-01-12 13:51:21,685] {logging_mixin.py:109} INFO - [2025-01-12 13:51:21,685] {dagbag.py:496} INFO - Filling up the DagBag from /home/jorge/Desktop/MÁSTER/SEGUNDO CURSO/BDFI/practica_docker/env/lib/python3.8/site-packages/airflow/example_dags/example_dag_decorator.py
[2025-01-12 13:51:21,712] {processor.py:623} INFO - DAG(s) dict_keys(['example_dag_decorator']) retrieved from /home/jorge/Desktop/MÁSTER/SEGUNDO CURSO/BDFI/practica_docker/env/lib/python3.8/site-packages/airflow/example_dags/example_dag_decorator.py
[2025-01-12 13:51:21,985] {logging_mixin.py:109} INFO - [2025-01-12 13:51:21,985] {dag.py:1834} INFO - Sync 1 DAGs
[2025-01-12 13:51:21,992] {logging_mixin.py:109} INFO - [2025-01-12 13:51:21,992] {dag.py:2287} INFO - Setting next_dagrun for example_dag_decorator to None
[2025-01-12 13:51:22,002] {processor.py:170} INFO - Processing /home/jorge/Desktop/MÁSTER/SEGUNDO CURSO/BDFI/practica_docker/env/lib/python3.8/site-packages/airflow/example_dags/example_dag_decorator.py took 0.323 seconds
[2025-01-12 13:51:56,048] {processor.py:162} INFO - Started process (PID=281293) to work on /home/jorge/Desktop/MÁSTER/SEGUNDO CURSO/BDFI/practica_docker/env/lib/python3.8/site-packages/airflow/example_dags/example_dag_decorator.py
[2025-01-12 13:51:56,049] {processor.py:613} INFO - Processing file /home/jorge/Desktop/MÁSTER/SEGUNDO CURSO/BDFI/practica_docker/env/lib/python3.8/site-packages/airflow/example_dags/example_dag_decorator.py for tasks to queue
[2025-01-12 13:51:56,050] {logging_mixin.py:109} INFO - [2025-01-12 13:51:56,050] {dagbag.py:496} INFO - Filling up the DagBag from /home/jorge/Desktop/MÁSTER/SEGUNDO CURSO/BDFI/practica_docker/env/lib/python3.8/site-packages/airflow/example_dags/example_dag_decorator.py
[2025-01-12 13:51:56,066] {processor.py:623} INFO - DAG(s) dict_keys(['example_dag_decorator']) retrieved from /home/jorge/Desktop/MÁSTER/SEGUNDO CURSO/BDFI/practica_docker/env/lib/python3.8/site-packages/airflow/example_dags/example_dag_decorator.py
[2025-01-12 13:51:56,254] {logging_mixin.py:109} INFO - [2025-01-12 13:51:56,253] {dag.py:1834} INFO - Sync 1 DAGs
[2025-01-12 13:51:56,258] {logging_mixin.py:109} INFO - [2025-01-12 13:51:56,258] {dag.py:2287} INFO - Setting next_dagrun for example_dag_decorator to None
[2025-01-12 13:51:56,267] {processor.py:170} INFO - Processing /home/jorge/Desktop/MÁSTER/SEGUNDO CURSO/BDFI/practica_docker/env/lib/python3.8/site-packages/airflow/example_dags/example_dag_decorator.py took 0.223 seconds
[2025-01-12 13:52:27,819] {processor.py:162} INFO - Started process (PID=281448) to work on /home/jorge/Desktop/MÁSTER/SEGUNDO CURSO/BDFI/practica_docker/env/lib/python3.8/site-packages/airflow/example_dags/example_dag_decorator.py
[2025-01-12 13:52:27,821] {processor.py:613} INFO - Processing file /home/jorge/Desktop/MÁSTER/SEGUNDO CURSO/BDFI/practica_docker/env/lib/python3.8/site-packages/airflow/example_dags/example_dag_decorator.py for tasks to queue
[2025-01-12 13:52:27,822] {logging_mixin.py:109} INFO - [2025-01-12 13:52:27,822] {dagbag.py:496} INFO - Filling up the DagBag from /home/jorge/Desktop/MÁSTER/SEGUNDO CURSO/BDFI/practica_docker/env/lib/python3.8/site-packages/airflow/example_dags/example_dag_decorator.py
[2025-01-12 13:52:27,857] {processor.py:623} INFO - DAG(s) dict_keys(['example_dag_decorator']) retrieved from /home/jorge/Desktop/MÁSTER/SEGUNDO CURSO/BDFI/practica_docker/env/lib/python3.8/site-packages/airflow/example_dags/example_dag_decorator.py
[2025-01-12 13:52:28,281] {logging_mixin.py:109} INFO - [2025-01-12 13:52:28,279] {dag.py:1834} INFO - Sync 1 DAGs
[2025-01-12 13:52:28,293] {logging_mixin.py:109} INFO - [2025-01-12 13:52:28,293] {dag.py:2287} INFO - Setting next_dagrun for example_dag_decorator to None
[2025-01-12 13:52:28,321] {processor.py:170} INFO - Processing /home/jorge/Desktop/MÁSTER/SEGUNDO CURSO/BDFI/practica_docker/env/lib/python3.8/site-packages/airflow/example_dags/example_dag_decorator.py took 0.505 seconds
[2025-01-12 13:53:11,019] {processor.py:162} INFO - Started process (PID=281718) to work on /home/jorge/Desktop/MÁSTER/SEGUNDO CURSO/BDFI/practica_docker/env/lib/python3.8/site-packages/airflow/example_dags/example_dag_decorator.py
[2025-01-12 13:53:11,020] {processor.py:613} INFO - Processing file /home/jorge/Desktop/MÁSTER/SEGUNDO CURSO/BDFI/practica_docker/env/lib/python3.8/site-packages/airflow/example_dags/example_dag_decorator.py for tasks to queue
[2025-01-12 13:53:11,020] {logging_mixin.py:109} INFO - [2025-01-12 13:53:11,020] {dagbag.py:496} INFO - Filling up the DagBag from /home/jorge/Desktop/MÁSTER/SEGUNDO CURSO/BDFI/practica_docker/env/lib/python3.8/site-packages/airflow/example_dags/example_dag_decorator.py
[2025-01-12 13:53:11,039] {processor.py:623} INFO - DAG(s) dict_keys(['example_dag_decorator']) retrieved from /home/jorge/Desktop/MÁSTER/SEGUNDO CURSO/BDFI/practica_docker/env/lib/python3.8/site-packages/airflow/example_dags/example_dag_decorator.py
[2025-01-12 13:53:11,298] {logging_mixin.py:109} INFO - [2025-01-12 13:53:11,298] {dag.py:1834} INFO - Sync 1 DAGs
[2025-01-12 13:53:11,304] {logging_mixin.py:109} INFO - [2025-01-12 13:53:11,304] {dag.py:2287} INFO - Setting next_dagrun for example_dag_decorator to None
[2025-01-12 13:53:11,316] {processor.py:170} INFO - Processing /home/jorge/Desktop/MÁSTER/SEGUNDO CURSO/BDFI/practica_docker/env/lib/python3.8/site-packages/airflow/example_dags/example_dag_decorator.py took 0.299 seconds
[2025-01-12 13:53:44,936] {processor.py:162} INFO - Started process (PID=281886) to work on /home/jorge/Desktop/MÁSTER/SEGUNDO CURSO/BDFI/practica_docker/env/lib/python3.8/site-packages/airflow/example_dags/example_dag_decorator.py
[2025-01-12 13:53:44,937] {processor.py:613} INFO - Processing file /home/jorge/Desktop/MÁSTER/SEGUNDO CURSO/BDFI/practica_docker/env/lib/python3.8/site-packages/airflow/example_dags/example_dag_decorator.py for tasks to queue
[2025-01-12 13:53:44,939] {logging_mixin.py:109} INFO - [2025-01-12 13:53:44,938] {dagbag.py:496} INFO - Filling up the DagBag from /home/jorge/Desktop/MÁSTER/SEGUNDO CURSO/BDFI/practica_docker/env/lib/python3.8/site-packages/airflow/example_dags/example_dag_decorator.py
[2025-01-12 13:53:44,955] {processor.py:623} INFO - DAG(s) dict_keys(['example_dag_decorator']) retrieved from /home/jorge/Desktop/MÁSTER/SEGUNDO CURSO/BDFI/practica_docker/env/lib/python3.8/site-packages/airflow/example_dags/example_dag_decorator.py
[2025-01-12 13:53:45,155] {logging_mixin.py:109} INFO - [2025-01-12 13:53:45,155] {dag.py:1834} INFO - Sync 1 DAGs
[2025-01-12 13:53:45,160] {logging_mixin.py:109} INFO - [2025-01-12 13:53:45,160] {dag.py:2287} INFO - Setting next_dagrun for example_dag_decorator to None
[2025-01-12 13:53:45,169] {processor.py:170} INFO - Processing /home/jorge/Desktop/MÁSTER/SEGUNDO CURSO/BDFI/practica_docker/env/lib/python3.8/site-packages/airflow/example_dags/example_dag_decorator.py took 0.236 seconds
[2025-01-12 13:54:19,391] {processor.py:162} INFO - Started process (PID=282056) to work on /home/jorge/Desktop/MÁSTER/SEGUNDO CURSO/BDFI/practica_docker/env/lib/python3.8/site-packages/airflow/example_dags/example_dag_decorator.py
[2025-01-12 13:54:19,393] {processor.py:613} INFO - Processing file /home/jorge/Desktop/MÁSTER/SEGUNDO CURSO/BDFI/practica_docker/env/lib/python3.8/site-packages/airflow/example_dags/example_dag_decorator.py for tasks to queue
[2025-01-12 13:54:19,394] {logging_mixin.py:109} INFO - [2025-01-12 13:54:19,393] {dagbag.py:496} INFO - Filling up the DagBag from /home/jorge/Desktop/MÁSTER/SEGUNDO CURSO/BDFI/practica_docker/env/lib/python3.8/site-packages/airflow/example_dags/example_dag_decorator.py
[2025-01-12 13:54:19,416] {processor.py:623} INFO - DAG(s) dict_keys(['example_dag_decorator']) retrieved from /home/jorge/Desktop/MÁSTER/SEGUNDO CURSO/BDFI/practica_docker/env/lib/python3.8/site-packages/airflow/example_dags/example_dag_decorator.py
[2025-01-12 13:54:19,662] {logging_mixin.py:109} INFO - [2025-01-12 13:54:19,662] {dag.py:1834} INFO - Sync 1 DAGs
[2025-01-12 13:54:19,667] {logging_mixin.py:109} INFO - [2025-01-12 13:54:19,667] {dag.py:2287} INFO - Setting next_dagrun for example_dag_decorator to None
[2025-01-12 13:54:19,679] {processor.py:170} INFO - Processing /home/jorge/Desktop/MÁSTER/SEGUNDO CURSO/BDFI/practica_docker/env/lib/python3.8/site-packages/airflow/example_dags/example_dag_decorator.py took 0.291 seconds
[2025-01-12 13:54:52,546] {processor.py:162} INFO - Started process (PID=282206) to work on /home/jorge/Desktop/MÁSTER/SEGUNDO CURSO/BDFI/practica_docker/env/lib/python3.8/site-packages/airflow/example_dags/example_dag_decorator.py
[2025-01-12 13:54:52,547] {processor.py:613} INFO - Processing file /home/jorge/Desktop/MÁSTER/SEGUNDO CURSO/BDFI/practica_docker/env/lib/python3.8/site-packages/airflow/example_dags/example_dag_decorator.py for tasks to queue
[2025-01-12 13:54:52,547] {logging_mixin.py:109} INFO - [2025-01-12 13:54:52,547] {dagbag.py:496} INFO - Filling up the DagBag from /home/jorge/Desktop/MÁSTER/SEGUNDO CURSO/BDFI/practica_docker/env/lib/python3.8/site-packages/airflow/example_dags/example_dag_decorator.py
[2025-01-12 13:54:52,574] {processor.py:623} INFO - DAG(s) dict_keys(['example_dag_decorator']) retrieved from /home/jorge/Desktop/MÁSTER/SEGUNDO CURSO/BDFI/practica_docker/env/lib/python3.8/site-packages/airflow/example_dags/example_dag_decorator.py
[2025-01-12 13:54:52,871] {logging_mixin.py:109} INFO - [2025-01-12 13:54:52,871] {dag.py:1834} INFO - Sync 1 DAGs
[2025-01-12 13:54:52,882] {logging_mixin.py:109} INFO - [2025-01-12 13:54:52,882] {dag.py:2287} INFO - Setting next_dagrun for example_dag_decorator to None
[2025-01-12 13:54:52,900] {processor.py:170} INFO - Processing /home/jorge/Desktop/MÁSTER/SEGUNDO CURSO/BDFI/practica_docker/env/lib/python3.8/site-packages/airflow/example_dags/example_dag_decorator.py took 0.356 seconds
[2025-01-12 13:55:25,239] {processor.py:162} INFO - Started process (PID=282372) to work on /home/jorge/Desktop/MÁSTER/SEGUNDO CURSO/BDFI/practica_docker/env/lib/python3.8/site-packages/airflow/example_dags/example_dag_decorator.py
[2025-01-12 13:55:25,241] {processor.py:613} INFO - Processing file /home/jorge/Desktop/MÁSTER/SEGUNDO CURSO/BDFI/practica_docker/env/lib/python3.8/site-packages/airflow/example_dags/example_dag_decorator.py for tasks to queue
[2025-01-12 13:55:25,242] {logging_mixin.py:109} INFO - [2025-01-12 13:55:25,241] {dagbag.py:496} INFO - Filling up the DagBag from /home/jorge/Desktop/MÁSTER/SEGUNDO CURSO/BDFI/practica_docker/env/lib/python3.8/site-packages/airflow/example_dags/example_dag_decorator.py
[2025-01-12 13:55:25,258] {processor.py:623} INFO - DAG(s) dict_keys(['example_dag_decorator']) retrieved from /home/jorge/Desktop/MÁSTER/SEGUNDO CURSO/BDFI/practica_docker/env/lib/python3.8/site-packages/airflow/example_dags/example_dag_decorator.py
[2025-01-12 13:55:25,574] {logging_mixin.py:109} INFO - [2025-01-12 13:55:25,574] {dag.py:1834} INFO - Sync 1 DAGs
[2025-01-12 13:55:25,581] {logging_mixin.py:109} INFO - [2025-01-12 13:55:25,581] {dag.py:2287} INFO - Setting next_dagrun for example_dag_decorator to None
[2025-01-12 13:55:25,595] {processor.py:170} INFO - Processing /home/jorge/Desktop/MÁSTER/SEGUNDO CURSO/BDFI/practica_docker/env/lib/python3.8/site-packages/airflow/example_dags/example_dag_decorator.py took 0.361 seconds
[2025-01-12 13:56:00,545] {processor.py:162} INFO - Started process (PID=282680) to work on /home/jorge/Desktop/MÁSTER/SEGUNDO CURSO/BDFI/practica_docker/env/lib/python3.8/site-packages/airflow/example_dags/example_dag_decorator.py
[2025-01-12 13:56:00,547] {processor.py:613} INFO - Processing file /home/jorge/Desktop/MÁSTER/SEGUNDO CURSO/BDFI/practica_docker/env/lib/python3.8/site-packages/airflow/example_dags/example_dag_decorator.py for tasks to queue
[2025-01-12 13:56:00,548] {logging_mixin.py:109} INFO - [2025-01-12 13:56:00,548] {dagbag.py:496} INFO - Filling up the DagBag from /home/jorge/Desktop/MÁSTER/SEGUNDO CURSO/BDFI/practica_docker/env/lib/python3.8/site-packages/airflow/example_dags/example_dag_decorator.py
[2025-01-12 13:56:00,570] {processor.py:623} INFO - DAG(s) dict_keys(['example_dag_decorator']) retrieved from /home/jorge/Desktop/MÁSTER/SEGUNDO CURSO/BDFI/practica_docker/env/lib/python3.8/site-packages/airflow/example_dags/example_dag_decorator.py
[2025-01-12 13:56:00,966] {logging_mixin.py:109} INFO - [2025-01-12 13:56:00,964] {dag.py:1834} INFO - Sync 1 DAGs
[2025-01-12 13:56:00,976] {logging_mixin.py:109} INFO - [2025-01-12 13:56:00,976] {dag.py:2287} INFO - Setting next_dagrun for example_dag_decorator to None
[2025-01-12 13:56:00,998] {processor.py:170} INFO - Processing /home/jorge/Desktop/MÁSTER/SEGUNDO CURSO/BDFI/practica_docker/env/lib/python3.8/site-packages/airflow/example_dags/example_dag_decorator.py took 0.456 seconds
[2025-01-12 13:56:37,429] {processor.py:162} INFO - Started process (PID=282963) to work on /home/jorge/Desktop/MÁSTER/SEGUNDO CURSO/BDFI/practica_docker/env/lib/python3.8/site-packages/airflow/example_dags/example_dag_decorator.py
[2025-01-12 13:56:37,430] {processor.py:613} INFO - Processing file /home/jorge/Desktop/MÁSTER/SEGUNDO CURSO/BDFI/practica_docker/env/lib/python3.8/site-packages/airflow/example_dags/example_dag_decorator.py for tasks to queue
[2025-01-12 13:56:37,431] {logging_mixin.py:109} INFO - [2025-01-12 13:56:37,431] {dagbag.py:496} INFO - Filling up the DagBag from /home/jorge/Desktop/MÁSTER/SEGUNDO CURSO/BDFI/practica_docker/env/lib/python3.8/site-packages/airflow/example_dags/example_dag_decorator.py
[2025-01-12 13:56:37,458] {processor.py:623} INFO - DAG(s) dict_keys(['example_dag_decorator']) retrieved from /home/jorge/Desktop/MÁSTER/SEGUNDO CURSO/BDFI/practica_docker/env/lib/python3.8/site-packages/airflow/example_dags/example_dag_decorator.py
[2025-01-12 13:56:37,911] {logging_mixin.py:109} INFO - [2025-01-12 13:56:37,910] {dag.py:1834} INFO - Sync 1 DAGs
[2025-01-12 13:56:37,926] {logging_mixin.py:109} INFO - [2025-01-12 13:56:37,925] {dag.py:2287} INFO - Setting next_dagrun for example_dag_decorator to None
[2025-01-12 13:56:37,953] {processor.py:170} INFO - Processing /home/jorge/Desktop/MÁSTER/SEGUNDO CURSO/BDFI/practica_docker/env/lib/python3.8/site-packages/airflow/example_dags/example_dag_decorator.py took 0.527 seconds
[2025-01-12 13:57:13,755] {processor.py:162} INFO - Started process (PID=283152) to work on /home/jorge/Desktop/MÁSTER/SEGUNDO CURSO/BDFI/practica_docker/env/lib/python3.8/site-packages/airflow/example_dags/example_dag_decorator.py
[2025-01-12 13:57:13,756] {processor.py:613} INFO - Processing file /home/jorge/Desktop/MÁSTER/SEGUNDO CURSO/BDFI/practica_docker/env/lib/python3.8/site-packages/airflow/example_dags/example_dag_decorator.py for tasks to queue
[2025-01-12 13:57:13,757] {logging_mixin.py:109} INFO - [2025-01-12 13:57:13,757] {dagbag.py:496} INFO - Filling up the DagBag from /home/jorge/Desktop/MÁSTER/SEGUNDO CURSO/BDFI/practica_docker/env/lib/python3.8/site-packages/airflow/example_dags/example_dag_decorator.py
[2025-01-12 13:57:13,774] {processor.py:623} INFO - DAG(s) dict_keys(['example_dag_decorator']) retrieved from /home/jorge/Desktop/MÁSTER/SEGUNDO CURSO/BDFI/practica_docker/env/lib/python3.8/site-packages/airflow/example_dags/example_dag_decorator.py
[2025-01-12 13:57:14,143] {logging_mixin.py:109} INFO - [2025-01-12 13:57:14,142] {dag.py:1834} INFO - Sync 1 DAGs
[2025-01-12 13:57:14,154] {logging_mixin.py:109} INFO - [2025-01-12 13:57:14,153] {dag.py:2287} INFO - Setting next_dagrun for example_dag_decorator to None
[2025-01-12 13:57:14,179] {processor.py:170} INFO - Processing /home/jorge/Desktop/MÁSTER/SEGUNDO CURSO/BDFI/practica_docker/env/lib/python3.8/site-packages/airflow/example_dags/example_dag_decorator.py took 0.426 seconds
[2025-01-12 13:57:49,217] {processor.py:162} INFO - Started process (PID=283303) to work on /home/jorge/Desktop/MÁSTER/SEGUNDO CURSO/BDFI/practica_docker/env/lib/python3.8/site-packages/airflow/example_dags/example_dag_decorator.py
[2025-01-12 13:57:49,219] {processor.py:613} INFO - Processing file /home/jorge/Desktop/MÁSTER/SEGUNDO CURSO/BDFI/practica_docker/env/lib/python3.8/site-packages/airflow/example_dags/example_dag_decorator.py for tasks to queue
[2025-01-12 13:57:49,219] {logging_mixin.py:109} INFO - [2025-01-12 13:57:49,219] {dagbag.py:496} INFO - Filling up the DagBag from /home/jorge/Desktop/MÁSTER/SEGUNDO CURSO/BDFI/practica_docker/env/lib/python3.8/site-packages/airflow/example_dags/example_dag_decorator.py
[2025-01-12 13:57:49,244] {processor.py:623} INFO - DAG(s) dict_keys(['example_dag_decorator']) retrieved from /home/jorge/Desktop/MÁSTER/SEGUNDO CURSO/BDFI/practica_docker/env/lib/python3.8/site-packages/airflow/example_dags/example_dag_decorator.py
[2025-01-12 13:57:49,652] {logging_mixin.py:109} INFO - [2025-01-12 13:57:49,650] {dag.py:1834} INFO - Sync 1 DAGs
[2025-01-12 13:57:49,662] {logging_mixin.py:109} INFO - [2025-01-12 13:57:49,662] {dag.py:2287} INFO - Setting next_dagrun for example_dag_decorator to None
[2025-01-12 13:57:49,689] {processor.py:170} INFO - Processing /home/jorge/Desktop/MÁSTER/SEGUNDO CURSO/BDFI/practica_docker/env/lib/python3.8/site-packages/airflow/example_dags/example_dag_decorator.py took 0.475 seconds
[2025-01-12 14:06:11,864] {processor.py:162} INFO - Started process (PID=283748) to work on /home/jorge/Desktop/MÁSTER/SEGUNDO CURSO/BDFI/practica_docker/env/lib/python3.8/site-packages/airflow/example_dags/example_dag_decorator.py
[2025-01-12 14:06:11,873] {processor.py:613} INFO - Processing file /home/jorge/Desktop/MÁSTER/SEGUNDO CURSO/BDFI/practica_docker/env/lib/python3.8/site-packages/airflow/example_dags/example_dag_decorator.py for tasks to queue
[2025-01-12 14:06:11,874] {logging_mixin.py:109} INFO - [2025-01-12 14:06:11,873] {dagbag.py:496} INFO - Filling up the DagBag from /home/jorge/Desktop/MÁSTER/SEGUNDO CURSO/BDFI/practica_docker/env/lib/python3.8/site-packages/airflow/example_dags/example_dag_decorator.py
[2025-01-12 14:06:11,888] {processor.py:623} INFO - DAG(s) dict_keys(['example_dag_decorator']) retrieved from /home/jorge/Desktop/MÁSTER/SEGUNDO CURSO/BDFI/practica_docker/env/lib/python3.8/site-packages/airflow/example_dags/example_dag_decorator.py
[2025-01-12 14:06:12,044] {logging_mixin.py:109} INFO - [2025-01-12 14:06:12,044] {dag.py:1834} INFO - Sync 1 DAGs
[2025-01-12 14:06:12,048] {logging_mixin.py:109} INFO - [2025-01-12 14:06:12,048] {dag.py:2287} INFO - Setting next_dagrun for example_dag_decorator to None
[2025-01-12 14:06:12,057] {processor.py:170} INFO - Processing /home/jorge/Desktop/MÁSTER/SEGUNDO CURSO/BDFI/practica_docker/env/lib/python3.8/site-packages/airflow/example_dags/example_dag_decorator.py took 0.196 seconds
[2025-01-12 14:06:45,195] {processor.py:162} INFO - Started process (PID=283907) to work on /home/jorge/Desktop/MÁSTER/SEGUNDO CURSO/BDFI/practica_docker/env/lib/python3.8/site-packages/airflow/example_dags/example_dag_decorator.py
[2025-01-12 14:06:45,201] {processor.py:613} INFO - Processing file /home/jorge/Desktop/MÁSTER/SEGUNDO CURSO/BDFI/practica_docker/env/lib/python3.8/site-packages/airflow/example_dags/example_dag_decorator.py for tasks to queue
[2025-01-12 14:06:45,202] {logging_mixin.py:109} INFO - [2025-01-12 14:06:45,202] {dagbag.py:496} INFO - Filling up the DagBag from /home/jorge/Desktop/MÁSTER/SEGUNDO CURSO/BDFI/practica_docker/env/lib/python3.8/site-packages/airflow/example_dags/example_dag_decorator.py
[2025-01-12 14:06:45,211] {processor.py:623} INFO - DAG(s) dict_keys(['example_dag_decorator']) retrieved from /home/jorge/Desktop/MÁSTER/SEGUNDO CURSO/BDFI/practica_docker/env/lib/python3.8/site-packages/airflow/example_dags/example_dag_decorator.py
[2025-01-12 14:06:45,366] {logging_mixin.py:109} INFO - [2025-01-12 14:06:45,366] {dag.py:1834} INFO - Sync 1 DAGs
[2025-01-12 14:06:45,370] {logging_mixin.py:109} INFO - [2025-01-12 14:06:45,370] {dag.py:2287} INFO - Setting next_dagrun for example_dag_decorator to None
[2025-01-12 14:06:45,383] {processor.py:170} INFO - Processing /home/jorge/Desktop/MÁSTER/SEGUNDO CURSO/BDFI/practica_docker/env/lib/python3.8/site-packages/airflow/example_dags/example_dag_decorator.py took 0.191 seconds
[2025-01-12 14:07:17,909] {processor.py:162} INFO - Started process (PID=284050) to work on /home/jorge/Desktop/MÁSTER/SEGUNDO CURSO/BDFI/practica_docker/env/lib/python3.8/site-packages/airflow/example_dags/example_dag_decorator.py
[2025-01-12 14:07:17,919] {processor.py:613} INFO - Processing file /home/jorge/Desktop/MÁSTER/SEGUNDO CURSO/BDFI/practica_docker/env/lib/python3.8/site-packages/airflow/example_dags/example_dag_decorator.py for tasks to queue
[2025-01-12 14:07:17,919] {logging_mixin.py:109} INFO - [2025-01-12 14:07:17,919] {dagbag.py:496} INFO - Filling up the DagBag from /home/jorge/Desktop/MÁSTER/SEGUNDO CURSO/BDFI/practica_docker/env/lib/python3.8/site-packages/airflow/example_dags/example_dag_decorator.py
[2025-01-12 14:07:17,927] {processor.py:623} INFO - DAG(s) dict_keys(['example_dag_decorator']) retrieved from /home/jorge/Desktop/MÁSTER/SEGUNDO CURSO/BDFI/practica_docker/env/lib/python3.8/site-packages/airflow/example_dags/example_dag_decorator.py
[2025-01-12 14:07:18,094] {logging_mixin.py:109} INFO - [2025-01-12 14:07:18,094] {dag.py:1834} INFO - Sync 1 DAGs
[2025-01-12 14:07:18,097] {logging_mixin.py:109} INFO - [2025-01-12 14:07:18,097] {dag.py:2287} INFO - Setting next_dagrun for example_dag_decorator to None
[2025-01-12 14:07:18,105] {processor.py:170} INFO - Processing /home/jorge/Desktop/MÁSTER/SEGUNDO CURSO/BDFI/practica_docker/env/lib/python3.8/site-packages/airflow/example_dags/example_dag_decorator.py took 0.198 seconds
[2025-01-12 14:07:51,232] {processor.py:162} INFO - Started process (PID=284205) to work on /home/jorge/Desktop/MÁSTER/SEGUNDO CURSO/BDFI/practica_docker/env/lib/python3.8/site-packages/airflow/example_dags/example_dag_decorator.py
[2025-01-12 14:07:51,238] {processor.py:613} INFO - Processing file /home/jorge/Desktop/MÁSTER/SEGUNDO CURSO/BDFI/practica_docker/env/lib/python3.8/site-packages/airflow/example_dags/example_dag_decorator.py for tasks to queue
[2025-01-12 14:07:51,239] {logging_mixin.py:109} INFO - [2025-01-12 14:07:51,239] {dagbag.py:496} INFO - Filling up the DagBag from /home/jorge/Desktop/MÁSTER/SEGUNDO CURSO/BDFI/practica_docker/env/lib/python3.8/site-packages/airflow/example_dags/example_dag_decorator.py
[2025-01-12 14:07:51,253] {processor.py:623} INFO - DAG(s) dict_keys(['example_dag_decorator']) retrieved from /home/jorge/Desktop/MÁSTER/SEGUNDO CURSO/BDFI/practica_docker/env/lib/python3.8/site-packages/airflow/example_dags/example_dag_decorator.py
[2025-01-12 14:07:51,414] {logging_mixin.py:109} INFO - [2025-01-12 14:07:51,414] {dag.py:1834} INFO - Sync 1 DAGs
[2025-01-12 14:07:51,417] {logging_mixin.py:109} INFO - [2025-01-12 14:07:51,417] {dag.py:2287} INFO - Setting next_dagrun for example_dag_decorator to None
[2025-01-12 14:07:51,430] {processor.py:170} INFO - Processing /home/jorge/Desktop/MÁSTER/SEGUNDO CURSO/BDFI/practica_docker/env/lib/python3.8/site-packages/airflow/example_dags/example_dag_decorator.py took 0.202 seconds
[2025-01-12 14:08:23,570] {processor.py:162} INFO - Started process (PID=284348) to work on /home/jorge/Desktop/MÁSTER/SEGUNDO CURSO/BDFI/practica_docker/env/lib/python3.8/site-packages/airflow/example_dags/example_dag_decorator.py
[2025-01-12 14:08:23,571] {processor.py:613} INFO - Processing file /home/jorge/Desktop/MÁSTER/SEGUNDO CURSO/BDFI/practica_docker/env/lib/python3.8/site-packages/airflow/example_dags/example_dag_decorator.py for tasks to queue
[2025-01-12 14:08:23,572] {logging_mixin.py:109} INFO - [2025-01-12 14:08:23,572] {dagbag.py:496} INFO - Filling up the DagBag from /home/jorge/Desktop/MÁSTER/SEGUNDO CURSO/BDFI/practica_docker/env/lib/python3.8/site-packages/airflow/example_dags/example_dag_decorator.py
[2025-01-12 14:08:23,586] {processor.py:623} INFO - DAG(s) dict_keys(['example_dag_decorator']) retrieved from /home/jorge/Desktop/MÁSTER/SEGUNDO CURSO/BDFI/practica_docker/env/lib/python3.8/site-packages/airflow/example_dags/example_dag_decorator.py
[2025-01-12 14:08:23,748] {logging_mixin.py:109} INFO - [2025-01-12 14:08:23,748] {dag.py:1834} INFO - Sync 1 DAGs
[2025-01-12 14:08:23,753] {logging_mixin.py:109} INFO - [2025-01-12 14:08:23,753] {dag.py:2287} INFO - Setting next_dagrun for example_dag_decorator to None
[2025-01-12 14:08:23,761] {processor.py:170} INFO - Processing /home/jorge/Desktop/MÁSTER/SEGUNDO CURSO/BDFI/practica_docker/env/lib/python3.8/site-packages/airflow/example_dags/example_dag_decorator.py took 0.193 seconds
[2025-01-12 14:08:56,830] {processor.py:162} INFO - Started process (PID=284505) to work on /home/jorge/Desktop/MÁSTER/SEGUNDO CURSO/BDFI/practica_docker/env/lib/python3.8/site-packages/airflow/example_dags/example_dag_decorator.py
[2025-01-12 14:08:56,832] {processor.py:613} INFO - Processing file /home/jorge/Desktop/MÁSTER/SEGUNDO CURSO/BDFI/practica_docker/env/lib/python3.8/site-packages/airflow/example_dags/example_dag_decorator.py for tasks to queue
[2025-01-12 14:08:56,833] {logging_mixin.py:109} INFO - [2025-01-12 14:08:56,832] {dagbag.py:496} INFO - Filling up the DagBag from /home/jorge/Desktop/MÁSTER/SEGUNDO CURSO/BDFI/practica_docker/env/lib/python3.8/site-packages/airflow/example_dags/example_dag_decorator.py
[2025-01-12 14:08:56,845] {processor.py:623} INFO - DAG(s) dict_keys(['example_dag_decorator']) retrieved from /home/jorge/Desktop/MÁSTER/SEGUNDO CURSO/BDFI/practica_docker/env/lib/python3.8/site-packages/airflow/example_dags/example_dag_decorator.py
[2025-01-12 14:08:57,003] {logging_mixin.py:109} INFO - [2025-01-12 14:08:57,003] {dag.py:1834} INFO - Sync 1 DAGs
[2025-01-12 14:08:57,008] {logging_mixin.py:109} INFO - [2025-01-12 14:08:57,008] {dag.py:2287} INFO - Setting next_dagrun for example_dag_decorator to None
[2025-01-12 14:08:57,021] {processor.py:170} INFO - Processing /home/jorge/Desktop/MÁSTER/SEGUNDO CURSO/BDFI/practica_docker/env/lib/python3.8/site-packages/airflow/example_dags/example_dag_decorator.py took 0.194 seconds
[2025-01-12 14:09:29,540] {processor.py:162} INFO - Started process (PID=284647) to work on /home/jorge/Desktop/MÁSTER/SEGUNDO CURSO/BDFI/practica_docker/env/lib/python3.8/site-packages/airflow/example_dags/example_dag_decorator.py
[2025-01-12 14:09:29,541] {processor.py:613} INFO - Processing file /home/jorge/Desktop/MÁSTER/SEGUNDO CURSO/BDFI/practica_docker/env/lib/python3.8/site-packages/airflow/example_dags/example_dag_decorator.py for tasks to queue
[2025-01-12 14:09:29,541] {logging_mixin.py:109} INFO - [2025-01-12 14:09:29,541] {dagbag.py:496} INFO - Filling up the DagBag from /home/jorge/Desktop/MÁSTER/SEGUNDO CURSO/BDFI/practica_docker/env/lib/python3.8/site-packages/airflow/example_dags/example_dag_decorator.py
[2025-01-12 14:09:29,550] {processor.py:623} INFO - DAG(s) dict_keys(['example_dag_decorator']) retrieved from /home/jorge/Desktop/MÁSTER/SEGUNDO CURSO/BDFI/practica_docker/env/lib/python3.8/site-packages/airflow/example_dags/example_dag_decorator.py
[2025-01-12 14:09:29,711] {logging_mixin.py:109} INFO - [2025-01-12 14:09:29,711] {dag.py:1834} INFO - Sync 1 DAGs
[2025-01-12 14:09:29,715] {logging_mixin.py:109} INFO - [2025-01-12 14:09:29,715] {dag.py:2287} INFO - Setting next_dagrun for example_dag_decorator to None
[2025-01-12 14:09:29,730] {processor.py:170} INFO - Processing /home/jorge/Desktop/MÁSTER/SEGUNDO CURSO/BDFI/practica_docker/env/lib/python3.8/site-packages/airflow/example_dags/example_dag_decorator.py took 0.192 seconds
[2025-01-12 14:10:03,407] {processor.py:162} INFO - Started process (PID=284814) to work on /home/jorge/Desktop/MÁSTER/SEGUNDO CURSO/BDFI/practica_docker/env/lib/python3.8/site-packages/airflow/example_dags/example_dag_decorator.py
[2025-01-12 14:10:03,414] {processor.py:613} INFO - Processing file /home/jorge/Desktop/MÁSTER/SEGUNDO CURSO/BDFI/practica_docker/env/lib/python3.8/site-packages/airflow/example_dags/example_dag_decorator.py for tasks to queue
[2025-01-12 14:10:03,415] {logging_mixin.py:109} INFO - [2025-01-12 14:10:03,415] {dagbag.py:496} INFO - Filling up the DagBag from /home/jorge/Desktop/MÁSTER/SEGUNDO CURSO/BDFI/practica_docker/env/lib/python3.8/site-packages/airflow/example_dags/example_dag_decorator.py
[2025-01-12 14:10:03,429] {processor.py:623} INFO - DAG(s) dict_keys(['example_dag_decorator']) retrieved from /home/jorge/Desktop/MÁSTER/SEGUNDO CURSO/BDFI/practica_docker/env/lib/python3.8/site-packages/airflow/example_dags/example_dag_decorator.py
[2025-01-12 14:10:03,605] {logging_mixin.py:109} INFO - [2025-01-12 14:10:03,605] {dag.py:1834} INFO - Sync 1 DAGs
[2025-01-12 14:10:03,610] {logging_mixin.py:109} INFO - [2025-01-12 14:10:03,610] {dag.py:2287} INFO - Setting next_dagrun for example_dag_decorator to None
[2025-01-12 14:10:03,619] {processor.py:170} INFO - Processing /home/jorge/Desktop/MÁSTER/SEGUNDO CURSO/BDFI/practica_docker/env/lib/python3.8/site-packages/airflow/example_dags/example_dag_decorator.py took 0.216 seconds
[2025-01-12 14:10:35,598] {processor.py:162} INFO - Started process (PID=284952) to work on /home/jorge/Desktop/MÁSTER/SEGUNDO CURSO/BDFI/practica_docker/env/lib/python3.8/site-packages/airflow/example_dags/example_dag_decorator.py
[2025-01-12 14:10:35,604] {processor.py:613} INFO - Processing file /home/jorge/Desktop/MÁSTER/SEGUNDO CURSO/BDFI/practica_docker/env/lib/python3.8/site-packages/airflow/example_dags/example_dag_decorator.py for tasks to queue
[2025-01-12 14:10:35,605] {logging_mixin.py:109} INFO - [2025-01-12 14:10:35,605] {dagbag.py:496} INFO - Filling up the DagBag from /home/jorge/Desktop/MÁSTER/SEGUNDO CURSO/BDFI/practica_docker/env/lib/python3.8/site-packages/airflow/example_dags/example_dag_decorator.py
[2025-01-12 14:10:35,617] {processor.py:623} INFO - DAG(s) dict_keys(['example_dag_decorator']) retrieved from /home/jorge/Desktop/MÁSTER/SEGUNDO CURSO/BDFI/practica_docker/env/lib/python3.8/site-packages/airflow/example_dags/example_dag_decorator.py
[2025-01-12 14:10:35,824] {logging_mixin.py:109} INFO - [2025-01-12 14:10:35,824] {dag.py:1834} INFO - Sync 1 DAGs
[2025-01-12 14:10:35,830] {logging_mixin.py:109} INFO - [2025-01-12 14:10:35,830] {dag.py:2287} INFO - Setting next_dagrun for example_dag_decorator to None
[2025-01-12 14:10:35,840] {processor.py:170} INFO - Processing /home/jorge/Desktop/MÁSTER/SEGUNDO CURSO/BDFI/practica_docker/env/lib/python3.8/site-packages/airflow/example_dags/example_dag_decorator.py took 0.246 seconds
[2025-01-12 14:11:13,915] {processor.py:162} INFO - Started process (PID=285282) to work on /home/jorge/Desktop/MÁSTER/SEGUNDO CURSO/BDFI/practica_docker/env/lib/python3.8/site-packages/airflow/example_dags/example_dag_decorator.py
[2025-01-12 14:11:13,916] {processor.py:613} INFO - Processing file /home/jorge/Desktop/MÁSTER/SEGUNDO CURSO/BDFI/practica_docker/env/lib/python3.8/site-packages/airflow/example_dags/example_dag_decorator.py for tasks to queue
[2025-01-12 14:11:13,917] {logging_mixin.py:109} INFO - [2025-01-12 14:11:13,917] {dagbag.py:496} INFO - Filling up the DagBag from /home/jorge/Desktop/MÁSTER/SEGUNDO CURSO/BDFI/practica_docker/env/lib/python3.8/site-packages/airflow/example_dags/example_dag_decorator.py
[2025-01-12 14:11:13,928] {processor.py:623} INFO - DAG(s) dict_keys(['example_dag_decorator']) retrieved from /home/jorge/Desktop/MÁSTER/SEGUNDO CURSO/BDFI/practica_docker/env/lib/python3.8/site-packages/airflow/example_dags/example_dag_decorator.py
[2025-01-12 14:11:14,168] {logging_mixin.py:109} INFO - [2025-01-12 14:11:14,167] {dag.py:1834} INFO - Sync 1 DAGs
[2025-01-12 14:11:14,175] {logging_mixin.py:109} INFO - [2025-01-12 14:11:14,175] {dag.py:2287} INFO - Setting next_dagrun for example_dag_decorator to None
[2025-01-12 14:11:14,189] {processor.py:170} INFO - Processing /home/jorge/Desktop/MÁSTER/SEGUNDO CURSO/BDFI/practica_docker/env/lib/python3.8/site-packages/airflow/example_dags/example_dag_decorator.py took 0.277 seconds
[2025-01-12 14:11:46,881] {processor.py:162} INFO - Started process (PID=285441) to work on /home/jorge/Desktop/MÁSTER/SEGUNDO CURSO/BDFI/practica_docker/env/lib/python3.8/site-packages/airflow/example_dags/example_dag_decorator.py
[2025-01-12 14:11:46,882] {processor.py:613} INFO - Processing file /home/jorge/Desktop/MÁSTER/SEGUNDO CURSO/BDFI/practica_docker/env/lib/python3.8/site-packages/airflow/example_dags/example_dag_decorator.py for tasks to queue
[2025-01-12 14:11:46,883] {logging_mixin.py:109} INFO - [2025-01-12 14:11:46,883] {dagbag.py:496} INFO - Filling up the DagBag from /home/jorge/Desktop/MÁSTER/SEGUNDO CURSO/BDFI/practica_docker/env/lib/python3.8/site-packages/airflow/example_dags/example_dag_decorator.py
[2025-01-12 14:11:46,893] {processor.py:623} INFO - DAG(s) dict_keys(['example_dag_decorator']) retrieved from /home/jorge/Desktop/MÁSTER/SEGUNDO CURSO/BDFI/practica_docker/env/lib/python3.8/site-packages/airflow/example_dags/example_dag_decorator.py
[2025-01-12 14:11:47,057] {logging_mixin.py:109} INFO - [2025-01-12 14:11:47,057] {dag.py:1834} INFO - Sync 1 DAGs
[2025-01-12 14:11:47,060] {logging_mixin.py:109} INFO - [2025-01-12 14:11:47,060] {dag.py:2287} INFO - Setting next_dagrun for example_dag_decorator to None
[2025-01-12 14:11:47,073] {processor.py:170} INFO - Processing /home/jorge/Desktop/MÁSTER/SEGUNDO CURSO/BDFI/practica_docker/env/lib/python3.8/site-packages/airflow/example_dags/example_dag_decorator.py took 0.194 seconds
[2025-01-12 14:12:21,666] {processor.py:162} INFO - Started process (PID=285588) to work on /home/jorge/Desktop/MÁSTER/SEGUNDO CURSO/BDFI/practica_docker/env/lib/python3.8/site-packages/airflow/example_dags/example_dag_decorator.py
[2025-01-12 14:12:21,667] {processor.py:613} INFO - Processing file /home/jorge/Desktop/MÁSTER/SEGUNDO CURSO/BDFI/practica_docker/env/lib/python3.8/site-packages/airflow/example_dags/example_dag_decorator.py for tasks to queue
[2025-01-12 14:12:21,667] {logging_mixin.py:109} INFO - [2025-01-12 14:12:21,667] {dagbag.py:496} INFO - Filling up the DagBag from /home/jorge/Desktop/MÁSTER/SEGUNDO CURSO/BDFI/practica_docker/env/lib/python3.8/site-packages/airflow/example_dags/example_dag_decorator.py
[2025-01-12 14:12:21,678] {processor.py:623} INFO - DAG(s) dict_keys(['example_dag_decorator']) retrieved from /home/jorge/Desktop/MÁSTER/SEGUNDO CURSO/BDFI/practica_docker/env/lib/python3.8/site-packages/airflow/example_dags/example_dag_decorator.py
[2025-01-12 14:12:21,844] {logging_mixin.py:109} INFO - [2025-01-12 14:12:21,844] {dag.py:1834} INFO - Sync 1 DAGs
[2025-01-12 14:12:21,848] {logging_mixin.py:109} INFO - [2025-01-12 14:12:21,848] {dag.py:2287} INFO - Setting next_dagrun for example_dag_decorator to None
[2025-01-12 14:12:21,856] {processor.py:170} INFO - Processing /home/jorge/Desktop/MÁSTER/SEGUNDO CURSO/BDFI/practica_docker/env/lib/python3.8/site-packages/airflow/example_dags/example_dag_decorator.py took 0.192 seconds
[2025-01-12 14:12:54,279] {processor.py:162} INFO - Started process (PID=285740) to work on /home/jorge/Desktop/MÁSTER/SEGUNDO CURSO/BDFI/practica_docker/env/lib/python3.8/site-packages/airflow/example_dags/example_dag_decorator.py
[2025-01-12 14:12:54,285] {processor.py:613} INFO - Processing file /home/jorge/Desktop/MÁSTER/SEGUNDO CURSO/BDFI/practica_docker/env/lib/python3.8/site-packages/airflow/example_dags/example_dag_decorator.py for tasks to queue
[2025-01-12 14:12:54,286] {logging_mixin.py:109} INFO - [2025-01-12 14:12:54,285] {dagbag.py:496} INFO - Filling up the DagBag from /home/jorge/Desktop/MÁSTER/SEGUNDO CURSO/BDFI/practica_docker/env/lib/python3.8/site-packages/airflow/example_dags/example_dag_decorator.py
[2025-01-12 14:12:54,298] {processor.py:623} INFO - DAG(s) dict_keys(['example_dag_decorator']) retrieved from /home/jorge/Desktop/MÁSTER/SEGUNDO CURSO/BDFI/practica_docker/env/lib/python3.8/site-packages/airflow/example_dags/example_dag_decorator.py
[2025-01-12 14:12:54,516] {logging_mixin.py:109} INFO - [2025-01-12 14:12:54,516] {dag.py:1834} INFO - Sync 1 DAGs
[2025-01-12 14:12:54,520] {logging_mixin.py:109} INFO - [2025-01-12 14:12:54,520] {dag.py:2287} INFO - Setting next_dagrun for example_dag_decorator to None
[2025-01-12 14:12:54,533] {processor.py:170} INFO - Processing /home/jorge/Desktop/MÁSTER/SEGUNDO CURSO/BDFI/practica_docker/env/lib/python3.8/site-packages/airflow/example_dags/example_dag_decorator.py took 0.256 seconds
[2025-01-12 14:13:27,952] {processor.py:162} INFO - Started process (PID=285886) to work on /home/jorge/Desktop/MÁSTER/SEGUNDO CURSO/BDFI/practica_docker/env/lib/python3.8/site-packages/airflow/example_dags/example_dag_decorator.py
[2025-01-12 14:13:27,954] {processor.py:613} INFO - Processing file /home/jorge/Desktop/MÁSTER/SEGUNDO CURSO/BDFI/practica_docker/env/lib/python3.8/site-packages/airflow/example_dags/example_dag_decorator.py for tasks to queue
[2025-01-12 14:13:27,955] {logging_mixin.py:109} INFO - [2025-01-12 14:13:27,954] {dagbag.py:496} INFO - Filling up the DagBag from /home/jorge/Desktop/MÁSTER/SEGUNDO CURSO/BDFI/practica_docker/env/lib/python3.8/site-packages/airflow/example_dags/example_dag_decorator.py
[2025-01-12 14:13:27,966] {processor.py:623} INFO - DAG(s) dict_keys(['example_dag_decorator']) retrieved from /home/jorge/Desktop/MÁSTER/SEGUNDO CURSO/BDFI/practica_docker/env/lib/python3.8/site-packages/airflow/example_dags/example_dag_decorator.py
[2025-01-12 14:13:28,303] {logging_mixin.py:109} INFO - [2025-01-12 14:13:28,302] {dag.py:1834} INFO - Sync 1 DAGs
[2025-01-12 14:13:28,312] {logging_mixin.py:109} INFO - [2025-01-12 14:13:28,312] {dag.py:2287} INFO - Setting next_dagrun for example_dag_decorator to None
[2025-01-12 14:13:28,339] {processor.py:170} INFO - Processing /home/jorge/Desktop/MÁSTER/SEGUNDO CURSO/BDFI/practica_docker/env/lib/python3.8/site-packages/airflow/example_dags/example_dag_decorator.py took 0.390 seconds
[2025-01-12 14:14:00,082] {processor.py:162} INFO - Started process (PID=286046) to work on /home/jorge/Desktop/MÁSTER/SEGUNDO CURSO/BDFI/practica_docker/env/lib/python3.8/site-packages/airflow/example_dags/example_dag_decorator.py
[2025-01-12 14:14:00,089] {processor.py:613} INFO - Processing file /home/jorge/Desktop/MÁSTER/SEGUNDO CURSO/BDFI/practica_docker/env/lib/python3.8/site-packages/airflow/example_dags/example_dag_decorator.py for tasks to queue
[2025-01-12 14:14:00,090] {logging_mixin.py:109} INFO - [2025-01-12 14:14:00,089] {dagbag.py:496} INFO - Filling up the DagBag from /home/jorge/Desktop/MÁSTER/SEGUNDO CURSO/BDFI/practica_docker/env/lib/python3.8/site-packages/airflow/example_dags/example_dag_decorator.py
[2025-01-12 14:14:00,103] {processor.py:623} INFO - DAG(s) dict_keys(['example_dag_decorator']) retrieved from /home/jorge/Desktop/MÁSTER/SEGUNDO CURSO/BDFI/practica_docker/env/lib/python3.8/site-packages/airflow/example_dags/example_dag_decorator.py
[2025-01-12 14:14:00,314] {logging_mixin.py:109} INFO - [2025-01-12 14:14:00,314] {dag.py:1834} INFO - Sync 1 DAGs
[2025-01-12 14:14:00,319] {logging_mixin.py:109} INFO - [2025-01-12 14:14:00,319] {dag.py:2287} INFO - Setting next_dagrun for example_dag_decorator to None
[2025-01-12 14:14:00,333] {processor.py:170} INFO - Processing /home/jorge/Desktop/MÁSTER/SEGUNDO CURSO/BDFI/practica_docker/env/lib/python3.8/site-packages/airflow/example_dags/example_dag_decorator.py took 0.256 seconds
[2025-01-12 14:14:32,687] {processor.py:162} INFO - Started process (PID=286199) to work on /home/jorge/Desktop/MÁSTER/SEGUNDO CURSO/BDFI/practica_docker/env/lib/python3.8/site-packages/airflow/example_dags/example_dag_decorator.py
[2025-01-12 14:14:32,689] {processor.py:613} INFO - Processing file /home/jorge/Desktop/MÁSTER/SEGUNDO CURSO/BDFI/practica_docker/env/lib/python3.8/site-packages/airflow/example_dags/example_dag_decorator.py for tasks to queue
[2025-01-12 14:14:32,690] {logging_mixin.py:109} INFO - [2025-01-12 14:14:32,690] {dagbag.py:496} INFO - Filling up the DagBag from /home/jorge/Desktop/MÁSTER/SEGUNDO CURSO/BDFI/practica_docker/env/lib/python3.8/site-packages/airflow/example_dags/example_dag_decorator.py
[2025-01-12 14:14:32,702] {processor.py:623} INFO - DAG(s) dict_keys(['example_dag_decorator']) retrieved from /home/jorge/Desktop/MÁSTER/SEGUNDO CURSO/BDFI/practica_docker/env/lib/python3.8/site-packages/airflow/example_dags/example_dag_decorator.py
[2025-01-12 14:14:32,858] {logging_mixin.py:109} INFO - [2025-01-12 14:14:32,858] {dag.py:1834} INFO - Sync 1 DAGs
[2025-01-12 14:14:32,861] {logging_mixin.py:109} INFO - [2025-01-12 14:14:32,861] {dag.py:2287} INFO - Setting next_dagrun for example_dag_decorator to None
[2025-01-12 14:14:32,874] {processor.py:170} INFO - Processing /home/jorge/Desktop/MÁSTER/SEGUNDO CURSO/BDFI/practica_docker/env/lib/python3.8/site-packages/airflow/example_dags/example_dag_decorator.py took 0.190 seconds
[2025-01-12 14:15:06,171] {processor.py:162} INFO - Started process (PID=286555) to work on /home/jorge/Desktop/MÁSTER/SEGUNDO CURSO/BDFI/practica_docker/env/lib/python3.8/site-packages/airflow/example_dags/example_dag_decorator.py
[2025-01-12 14:15:06,178] {processor.py:613} INFO - Processing file /home/jorge/Desktop/MÁSTER/SEGUNDO CURSO/BDFI/practica_docker/env/lib/python3.8/site-packages/airflow/example_dags/example_dag_decorator.py for tasks to queue
[2025-01-12 14:15:06,178] {logging_mixin.py:109} INFO - [2025-01-12 14:15:06,178] {dagbag.py:496} INFO - Filling up the DagBag from /home/jorge/Desktop/MÁSTER/SEGUNDO CURSO/BDFI/practica_docker/env/lib/python3.8/site-packages/airflow/example_dags/example_dag_decorator.py
[2025-01-12 14:15:06,191] {processor.py:623} INFO - DAG(s) dict_keys(['example_dag_decorator']) retrieved from /home/jorge/Desktop/MÁSTER/SEGUNDO CURSO/BDFI/practica_docker/env/lib/python3.8/site-packages/airflow/example_dags/example_dag_decorator.py
[2025-01-12 14:15:06,350] {logging_mixin.py:109} INFO - [2025-01-12 14:15:06,350] {dag.py:1834} INFO - Sync 1 DAGs
[2025-01-12 14:15:06,353] {logging_mixin.py:109} INFO - [2025-01-12 14:15:06,353] {dag.py:2287} INFO - Setting next_dagrun for example_dag_decorator to None
[2025-01-12 14:15:06,361] {processor.py:170} INFO - Processing /home/jorge/Desktop/MÁSTER/SEGUNDO CURSO/BDFI/practica_docker/env/lib/python3.8/site-packages/airflow/example_dags/example_dag_decorator.py took 0.193 seconds
[2025-01-12 14:15:38,008] {processor.py:162} INFO - Started process (PID=286946) to work on /home/jorge/Desktop/MÁSTER/SEGUNDO CURSO/BDFI/practica_docker/env/lib/python3.8/site-packages/airflow/example_dags/example_dag_decorator.py
[2025-01-12 14:15:38,010] {processor.py:613} INFO - Processing file /home/jorge/Desktop/MÁSTER/SEGUNDO CURSO/BDFI/practica_docker/env/lib/python3.8/site-packages/airflow/example_dags/example_dag_decorator.py for tasks to queue
[2025-01-12 14:15:38,010] {logging_mixin.py:109} INFO - [2025-01-12 14:15:38,010] {dagbag.py:496} INFO - Filling up the DagBag from /home/jorge/Desktop/MÁSTER/SEGUNDO CURSO/BDFI/practica_docker/env/lib/python3.8/site-packages/airflow/example_dags/example_dag_decorator.py
[2025-01-12 14:15:38,023] {processor.py:623} INFO - DAG(s) dict_keys(['example_dag_decorator']) retrieved from /home/jorge/Desktop/MÁSTER/SEGUNDO CURSO/BDFI/practica_docker/env/lib/python3.8/site-packages/airflow/example_dags/example_dag_decorator.py
[2025-01-12 14:15:38,313] {logging_mixin.py:109} INFO - [2025-01-12 14:15:38,313] {dag.py:1834} INFO - Sync 1 DAGs
[2025-01-12 14:15:38,320] {logging_mixin.py:109} INFO - [2025-01-12 14:15:38,319] {dag.py:2287} INFO - Setting next_dagrun for example_dag_decorator to None
[2025-01-12 14:15:38,331] {processor.py:170} INFO - Processing /home/jorge/Desktop/MÁSTER/SEGUNDO CURSO/BDFI/practica_docker/env/lib/python3.8/site-packages/airflow/example_dags/example_dag_decorator.py took 0.326 seconds
[2025-01-12 14:16:23,584] {processor.py:162} INFO - Started process (PID=289973) to work on /home/jorge/Desktop/MÁSTER/SEGUNDO CURSO/BDFI/practica_docker/env/lib/python3.8/site-packages/airflow/example_dags/example_dag_decorator.py
[2025-01-12 14:16:23,590] {processor.py:613} INFO - Processing file /home/jorge/Desktop/MÁSTER/SEGUNDO CURSO/BDFI/practica_docker/env/lib/python3.8/site-packages/airflow/example_dags/example_dag_decorator.py for tasks to queue
[2025-01-12 14:16:23,590] {logging_mixin.py:109} INFO - [2025-01-12 14:16:23,590] {dagbag.py:496} INFO - Filling up the DagBag from /home/jorge/Desktop/MÁSTER/SEGUNDO CURSO/BDFI/practica_docker/env/lib/python3.8/site-packages/airflow/example_dags/example_dag_decorator.py
[2025-01-12 14:16:23,603] {processor.py:623} INFO - DAG(s) dict_keys(['example_dag_decorator']) retrieved from /home/jorge/Desktop/MÁSTER/SEGUNDO CURSO/BDFI/practica_docker/env/lib/python3.8/site-packages/airflow/example_dags/example_dag_decorator.py
[2025-01-12 14:16:23,978] {logging_mixin.py:109} INFO - [2025-01-12 14:16:23,977] {dag.py:1834} INFO - Sync 1 DAGs
[2025-01-12 14:16:23,985] {logging_mixin.py:109} INFO - [2025-01-12 14:16:23,985] {dag.py:2287} INFO - Setting next_dagrun for example_dag_decorator to None
[2025-01-12 14:16:23,997] {processor.py:170} INFO - Processing /home/jorge/Desktop/MÁSTER/SEGUNDO CURSO/BDFI/practica_docker/env/lib/python3.8/site-packages/airflow/example_dags/example_dag_decorator.py took 0.415 seconds
[2025-01-12 14:16:59,917] {processor.py:162} INFO - Started process (PID=290814) to work on /home/jorge/Desktop/MÁSTER/SEGUNDO CURSO/BDFI/practica_docker/env/lib/python3.8/site-packages/airflow/example_dags/example_dag_decorator.py
[2025-01-12 14:16:59,918] {processor.py:613} INFO - Processing file /home/jorge/Desktop/MÁSTER/SEGUNDO CURSO/BDFI/practica_docker/env/lib/python3.8/site-packages/airflow/example_dags/example_dag_decorator.py for tasks to queue
[2025-01-12 14:16:59,918] {logging_mixin.py:109} INFO - [2025-01-12 14:16:59,918] {dagbag.py:496} INFO - Filling up the DagBag from /home/jorge/Desktop/MÁSTER/SEGUNDO CURSO/BDFI/practica_docker/env/lib/python3.8/site-packages/airflow/example_dags/example_dag_decorator.py
[2025-01-12 14:16:59,932] {processor.py:623} INFO - DAG(s) dict_keys(['example_dag_decorator']) retrieved from /home/jorge/Desktop/MÁSTER/SEGUNDO CURSO/BDFI/practica_docker/env/lib/python3.8/site-packages/airflow/example_dags/example_dag_decorator.py
[2025-01-12 14:17:00,206] {logging_mixin.py:109} INFO - [2025-01-12 14:17:00,206] {dag.py:1834} INFO - Sync 1 DAGs
[2025-01-12 14:17:00,212] {logging_mixin.py:109} INFO - [2025-01-12 14:17:00,212] {dag.py:2287} INFO - Setting next_dagrun for example_dag_decorator to None
[2025-01-12 14:17:00,225] {processor.py:170} INFO - Processing /home/jorge/Desktop/MÁSTER/SEGUNDO CURSO/BDFI/practica_docker/env/lib/python3.8/site-packages/airflow/example_dags/example_dag_decorator.py took 0.311 seconds
[2025-01-12 14:17:33,708] {processor.py:162} INFO - Started process (PID=290998) to work on /home/jorge/Desktop/MÁSTER/SEGUNDO CURSO/BDFI/practica_docker/env/lib/python3.8/site-packages/airflow/example_dags/example_dag_decorator.py
[2025-01-12 14:17:33,709] {processor.py:613} INFO - Processing file /home/jorge/Desktop/MÁSTER/SEGUNDO CURSO/BDFI/practica_docker/env/lib/python3.8/site-packages/airflow/example_dags/example_dag_decorator.py for tasks to queue
[2025-01-12 14:17:33,709] {logging_mixin.py:109} INFO - [2025-01-12 14:17:33,709] {dagbag.py:496} INFO - Filling up the DagBag from /home/jorge/Desktop/MÁSTER/SEGUNDO CURSO/BDFI/practica_docker/env/lib/python3.8/site-packages/airflow/example_dags/example_dag_decorator.py
[2025-01-12 14:17:33,724] {processor.py:623} INFO - DAG(s) dict_keys(['example_dag_decorator']) retrieved from /home/jorge/Desktop/MÁSTER/SEGUNDO CURSO/BDFI/practica_docker/env/lib/python3.8/site-packages/airflow/example_dags/example_dag_decorator.py
[2025-01-12 14:17:33,955] {logging_mixin.py:109} INFO - [2025-01-12 14:17:33,955] {dag.py:1834} INFO - Sync 1 DAGs
[2025-01-12 14:17:33,960] {logging_mixin.py:109} INFO - [2025-01-12 14:17:33,959] {dag.py:2287} INFO - Setting next_dagrun for example_dag_decorator to None
[2025-01-12 14:17:33,968] {processor.py:170} INFO - Processing /home/jorge/Desktop/MÁSTER/SEGUNDO CURSO/BDFI/practica_docker/env/lib/python3.8/site-packages/airflow/example_dags/example_dag_decorator.py took 0.264 seconds
[2025-01-12 14:18:07,255] {processor.py:162} INFO - Started process (PID=291163) to work on /home/jorge/Desktop/MÁSTER/SEGUNDO CURSO/BDFI/practica_docker/env/lib/python3.8/site-packages/airflow/example_dags/example_dag_decorator.py
[2025-01-12 14:18:07,256] {processor.py:613} INFO - Processing file /home/jorge/Desktop/MÁSTER/SEGUNDO CURSO/BDFI/practica_docker/env/lib/python3.8/site-packages/airflow/example_dags/example_dag_decorator.py for tasks to queue
[2025-01-12 14:18:07,257] {logging_mixin.py:109} INFO - [2025-01-12 14:18:07,257] {dagbag.py:496} INFO - Filling up the DagBag from /home/jorge/Desktop/MÁSTER/SEGUNDO CURSO/BDFI/practica_docker/env/lib/python3.8/site-packages/airflow/example_dags/example_dag_decorator.py
[2025-01-12 14:18:07,269] {processor.py:623} INFO - DAG(s) dict_keys(['example_dag_decorator']) retrieved from /home/jorge/Desktop/MÁSTER/SEGUNDO CURSO/BDFI/practica_docker/env/lib/python3.8/site-packages/airflow/example_dags/example_dag_decorator.py
[2025-01-12 14:18:07,517] {logging_mixin.py:109} INFO - [2025-01-12 14:18:07,517] {dag.py:1834} INFO - Sync 1 DAGs
[2025-01-12 14:18:07,526] {logging_mixin.py:109} INFO - [2025-01-12 14:18:07,526] {dag.py:2287} INFO - Setting next_dagrun for example_dag_decorator to None
[2025-01-12 14:18:07,540] {processor.py:170} INFO - Processing /home/jorge/Desktop/MÁSTER/SEGUNDO CURSO/BDFI/practica_docker/env/lib/python3.8/site-packages/airflow/example_dags/example_dag_decorator.py took 0.287 seconds
[2025-01-12 14:18:40,706] {processor.py:162} INFO - Started process (PID=291680) to work on /home/jorge/Desktop/MÁSTER/SEGUNDO CURSO/BDFI/practica_docker/env/lib/python3.8/site-packages/airflow/example_dags/example_dag_decorator.py
[2025-01-12 14:18:40,712] {processor.py:613} INFO - Processing file /home/jorge/Desktop/MÁSTER/SEGUNDO CURSO/BDFI/practica_docker/env/lib/python3.8/site-packages/airflow/example_dags/example_dag_decorator.py for tasks to queue
[2025-01-12 14:18:40,713] {logging_mixin.py:109} INFO - [2025-01-12 14:18:40,712] {dagbag.py:496} INFO - Filling up the DagBag from /home/jorge/Desktop/MÁSTER/SEGUNDO CURSO/BDFI/practica_docker/env/lib/python3.8/site-packages/airflow/example_dags/example_dag_decorator.py
[2025-01-12 14:18:40,725] {processor.py:623} INFO - DAG(s) dict_keys(['example_dag_decorator']) retrieved from /home/jorge/Desktop/MÁSTER/SEGUNDO CURSO/BDFI/practica_docker/env/lib/python3.8/site-packages/airflow/example_dags/example_dag_decorator.py
[2025-01-12 14:18:40,960] {logging_mixin.py:109} INFO - [2025-01-12 14:18:40,960] {dag.py:1834} INFO - Sync 1 DAGs
[2025-01-12 14:18:40,967] {logging_mixin.py:109} INFO - [2025-01-12 14:18:40,966] {dag.py:2287} INFO - Setting next_dagrun for example_dag_decorator to None
[2025-01-12 14:18:40,978] {processor.py:170} INFO - Processing /home/jorge/Desktop/MÁSTER/SEGUNDO CURSO/BDFI/practica_docker/env/lib/python3.8/site-packages/airflow/example_dags/example_dag_decorator.py took 0.275 seconds
[2025-01-12 14:19:13,342] {processor.py:162} INFO - Started process (PID=292195) to work on /home/jorge/Desktop/MÁSTER/SEGUNDO CURSO/BDFI/practica_docker/env/lib/python3.8/site-packages/airflow/example_dags/example_dag_decorator.py
[2025-01-12 14:19:13,344] {processor.py:613} INFO - Processing file /home/jorge/Desktop/MÁSTER/SEGUNDO CURSO/BDFI/practica_docker/env/lib/python3.8/site-packages/airflow/example_dags/example_dag_decorator.py for tasks to queue
[2025-01-12 14:19:13,345] {logging_mixin.py:109} INFO - [2025-01-12 14:19:13,344] {dagbag.py:496} INFO - Filling up the DagBag from /home/jorge/Desktop/MÁSTER/SEGUNDO CURSO/BDFI/practica_docker/env/lib/python3.8/site-packages/airflow/example_dags/example_dag_decorator.py
[2025-01-12 14:19:13,370] {processor.py:623} INFO - DAG(s) dict_keys(['example_dag_decorator']) retrieved from /home/jorge/Desktop/MÁSTER/SEGUNDO CURSO/BDFI/practica_docker/env/lib/python3.8/site-packages/airflow/example_dags/example_dag_decorator.py
[2025-01-12 14:19:13,848] {logging_mixin.py:109} INFO - [2025-01-12 14:19:13,848] {dag.py:1834} INFO - Sync 1 DAGs
[2025-01-12 14:19:13,859] {logging_mixin.py:109} INFO - [2025-01-12 14:19:13,858] {dag.py:2287} INFO - Setting next_dagrun for example_dag_decorator to None
[2025-01-12 14:19:13,874] {processor.py:170} INFO - Processing /home/jorge/Desktop/MÁSTER/SEGUNDO CURSO/BDFI/practica_docker/env/lib/python3.8/site-packages/airflow/example_dags/example_dag_decorator.py took 0.535 seconds
[2025-01-12 14:19:48,913] {processor.py:162} INFO - Started process (PID=293036) to work on /home/jorge/Desktop/MÁSTER/SEGUNDO CURSO/BDFI/practica_docker/env/lib/python3.8/site-packages/airflow/example_dags/example_dag_decorator.py
[2025-01-12 14:19:48,914] {processor.py:613} INFO - Processing file /home/jorge/Desktop/MÁSTER/SEGUNDO CURSO/BDFI/practica_docker/env/lib/python3.8/site-packages/airflow/example_dags/example_dag_decorator.py for tasks to queue
[2025-01-12 14:19:48,915] {logging_mixin.py:109} INFO - [2025-01-12 14:19:48,914] {dagbag.py:496} INFO - Filling up the DagBag from /home/jorge/Desktop/MÁSTER/SEGUNDO CURSO/BDFI/practica_docker/env/lib/python3.8/site-packages/airflow/example_dags/example_dag_decorator.py
[2025-01-12 14:19:48,934] {processor.py:623} INFO - DAG(s) dict_keys(['example_dag_decorator']) retrieved from /home/jorge/Desktop/MÁSTER/SEGUNDO CURSO/BDFI/practica_docker/env/lib/python3.8/site-packages/airflow/example_dags/example_dag_decorator.py
[2025-01-12 14:19:49,385] {logging_mixin.py:109} INFO - [2025-01-12 14:19:49,384] {dag.py:1834} INFO - Sync 1 DAGs
[2025-01-12 14:19:49,393] {logging_mixin.py:109} INFO - [2025-01-12 14:19:49,393] {dag.py:2287} INFO - Setting next_dagrun for example_dag_decorator to None
[2025-01-12 14:19:49,411] {processor.py:170} INFO - Processing /home/jorge/Desktop/MÁSTER/SEGUNDO CURSO/BDFI/practica_docker/env/lib/python3.8/site-packages/airflow/example_dags/example_dag_decorator.py took 0.502 seconds
[2025-01-12 14:20:23,231] {processor.py:162} INFO - Started process (PID=293199) to work on /home/jorge/Desktop/MÁSTER/SEGUNDO CURSO/BDFI/practica_docker/env/lib/python3.8/site-packages/airflow/example_dags/example_dag_decorator.py
[2025-01-12 14:20:23,234] {processor.py:613} INFO - Processing file /home/jorge/Desktop/MÁSTER/SEGUNDO CURSO/BDFI/practica_docker/env/lib/python3.8/site-packages/airflow/example_dags/example_dag_decorator.py for tasks to queue
[2025-01-12 14:20:23,235] {logging_mixin.py:109} INFO - [2025-01-12 14:20:23,235] {dagbag.py:496} INFO - Filling up the DagBag from /home/jorge/Desktop/MÁSTER/SEGUNDO CURSO/BDFI/practica_docker/env/lib/python3.8/site-packages/airflow/example_dags/example_dag_decorator.py
[2025-01-12 14:20:23,256] {processor.py:623} INFO - DAG(s) dict_keys(['example_dag_decorator']) retrieved from /home/jorge/Desktop/MÁSTER/SEGUNDO CURSO/BDFI/practica_docker/env/lib/python3.8/site-packages/airflow/example_dags/example_dag_decorator.py
[2025-01-12 14:20:23,697] {logging_mixin.py:109} INFO - [2025-01-12 14:20:23,696] {dag.py:1834} INFO - Sync 1 DAGs
[2025-01-12 14:20:23,709] {logging_mixin.py:109} INFO - [2025-01-12 14:20:23,709] {dag.py:2287} INFO - Setting next_dagrun for example_dag_decorator to None
[2025-01-12 14:20:23,744] {processor.py:170} INFO - Processing /home/jorge/Desktop/MÁSTER/SEGUNDO CURSO/BDFI/practica_docker/env/lib/python3.8/site-packages/airflow/example_dags/example_dag_decorator.py took 0.517 seconds
