[2025-01-12 13:51:11,361] {processor.py:162} INFO - Started process (PID=281066) to work on /home/jorge/Desktop/MÁSTER/SEGUNDO CURSO/BDFI/practica_docker/env/lib/python3.8/site-packages/airflow/example_dags/example_trigger_controller_dag.py
[2025-01-12 13:51:11,362] {processor.py:613} INFO - Processing file /home/jorge/Desktop/MÁSTER/SEGUNDO CURSO/BDFI/practica_docker/env/lib/python3.8/site-packages/airflow/example_dags/example_trigger_controller_dag.py for tasks to queue
[2025-01-12 13:51:11,363] {logging_mixin.py:109} INFO - [2025-01-12 13:51:11,363] {dagbag.py:496} INFO - Filling up the DagBag from /home/jorge/Desktop/MÁSTER/SEGUNDO CURSO/BDFI/practica_docker/env/lib/python3.8/site-packages/airflow/example_dags/example_trigger_controller_dag.py
[2025-01-12 13:51:11,374] {processor.py:623} INFO - DAG(s) dict_keys(['example_trigger_controller_dag']) retrieved from /home/jorge/Desktop/MÁSTER/SEGUNDO CURSO/BDFI/practica_docker/env/lib/python3.8/site-packages/airflow/example_dags/example_trigger_controller_dag.py
[2025-01-12 13:51:11,385] {logging_mixin.py:109} INFO - [2025-01-12 13:51:11,385] {dag.py:1834} INFO - Sync 1 DAGs
[2025-01-12 13:51:11,392] {logging_mixin.py:109} INFO - [2025-01-12 13:51:11,392] {dag.py:2287} INFO - Setting next_dagrun for example_trigger_controller_dag to 2025-01-10 00:00:00+00:00
[2025-01-12 13:51:11,400] {processor.py:170} INFO - Processing /home/jorge/Desktop/MÁSTER/SEGUNDO CURSO/BDFI/practica_docker/env/lib/python3.8/site-packages/airflow/example_dags/example_trigger_controller_dag.py took 0.043 seconds
[2025-01-12 13:51:46,076] {processor.py:162} INFO - Started process (PID=281229) to work on /home/jorge/Desktop/MÁSTER/SEGUNDO CURSO/BDFI/practica_docker/env/lib/python3.8/site-packages/airflow/example_dags/example_trigger_controller_dag.py
[2025-01-12 13:51:46,077] {processor.py:613} INFO - Processing file /home/jorge/Desktop/MÁSTER/SEGUNDO CURSO/BDFI/practica_docker/env/lib/python3.8/site-packages/airflow/example_dags/example_trigger_controller_dag.py for tasks to queue
[2025-01-12 13:51:46,077] {logging_mixin.py:109} INFO - [2025-01-12 13:51:46,077] {dagbag.py:496} INFO - Filling up the DagBag from /home/jorge/Desktop/MÁSTER/SEGUNDO CURSO/BDFI/practica_docker/env/lib/python3.8/site-packages/airflow/example_dags/example_trigger_controller_dag.py
[2025-01-12 13:51:46,085] {processor.py:623} INFO - DAG(s) dict_keys(['example_trigger_controller_dag']) retrieved from /home/jorge/Desktop/MÁSTER/SEGUNDO CURSO/BDFI/practica_docker/env/lib/python3.8/site-packages/airflow/example_dags/example_trigger_controller_dag.py
[2025-01-12 13:51:46,097] {logging_mixin.py:109} INFO - [2025-01-12 13:51:46,097] {dag.py:1834} INFO - Sync 1 DAGs
[2025-01-12 13:51:46,104] {logging_mixin.py:109} INFO - [2025-01-12 13:51:46,103] {dag.py:2287} INFO - Setting next_dagrun for example_trigger_controller_dag to 2025-01-10 00:00:00+00:00
[2025-01-12 13:51:46,116] {processor.py:170} INFO - Processing /home/jorge/Desktop/MÁSTER/SEGUNDO CURSO/BDFI/practica_docker/env/lib/python3.8/site-packages/airflow/example_dags/example_trigger_controller_dag.py took 0.042 seconds
[2025-01-12 13:52:18,667] {processor.py:162} INFO - Started process (PID=281407) to work on /home/jorge/Desktop/MÁSTER/SEGUNDO CURSO/BDFI/practica_docker/env/lib/python3.8/site-packages/airflow/example_dags/example_trigger_controller_dag.py
[2025-01-12 13:52:18,667] {processor.py:613} INFO - Processing file /home/jorge/Desktop/MÁSTER/SEGUNDO CURSO/BDFI/practica_docker/env/lib/python3.8/site-packages/airflow/example_dags/example_trigger_controller_dag.py for tasks to queue
[2025-01-12 13:52:18,668] {logging_mixin.py:109} INFO - [2025-01-12 13:52:18,668] {dagbag.py:496} INFO - Filling up the DagBag from /home/jorge/Desktop/MÁSTER/SEGUNDO CURSO/BDFI/practica_docker/env/lib/python3.8/site-packages/airflow/example_dags/example_trigger_controller_dag.py
[2025-01-12 13:52:18,700] {processor.py:623} INFO - DAG(s) dict_keys(['example_trigger_controller_dag']) retrieved from /home/jorge/Desktop/MÁSTER/SEGUNDO CURSO/BDFI/practica_docker/env/lib/python3.8/site-packages/airflow/example_dags/example_trigger_controller_dag.py
[2025-01-12 13:52:18,721] {logging_mixin.py:109} INFO - [2025-01-12 13:52:18,721] {dag.py:1834} INFO - Sync 1 DAGs
[2025-01-12 13:52:18,734] {logging_mixin.py:109} INFO - [2025-01-12 13:52:18,733] {dag.py:2287} INFO - Setting next_dagrun for example_trigger_controller_dag to 2025-01-10 00:00:00+00:00
[2025-01-12 13:52:18,752] {processor.py:170} INFO - Processing /home/jorge/Desktop/MÁSTER/SEGUNDO CURSO/BDFI/practica_docker/env/lib/python3.8/site-packages/airflow/example_dags/example_trigger_controller_dag.py took 0.088 seconds
[2025-01-12 13:52:53,281] {processor.py:162} INFO - Started process (PID=281587) to work on /home/jorge/Desktop/MÁSTER/SEGUNDO CURSO/BDFI/practica_docker/env/lib/python3.8/site-packages/airflow/example_dags/example_trigger_controller_dag.py
[2025-01-12 13:52:53,282] {processor.py:613} INFO - Processing file /home/jorge/Desktop/MÁSTER/SEGUNDO CURSO/BDFI/practica_docker/env/lib/python3.8/site-packages/airflow/example_dags/example_trigger_controller_dag.py for tasks to queue
[2025-01-12 13:52:53,283] {logging_mixin.py:109} INFO - [2025-01-12 13:52:53,283] {dagbag.py:496} INFO - Filling up the DagBag from /home/jorge/Desktop/MÁSTER/SEGUNDO CURSO/BDFI/practica_docker/env/lib/python3.8/site-packages/airflow/example_dags/example_trigger_controller_dag.py
[2025-01-12 13:52:53,299] {processor.py:623} INFO - DAG(s) dict_keys(['example_trigger_controller_dag']) retrieved from /home/jorge/Desktop/MÁSTER/SEGUNDO CURSO/BDFI/practica_docker/env/lib/python3.8/site-packages/airflow/example_dags/example_trigger_controller_dag.py
[2025-01-12 13:52:53,313] {logging_mixin.py:109} INFO - [2025-01-12 13:52:53,313] {dag.py:1834} INFO - Sync 1 DAGs
[2025-01-12 13:52:53,321] {logging_mixin.py:109} INFO - [2025-01-12 13:52:53,321] {dag.py:2287} INFO - Setting next_dagrun for example_trigger_controller_dag to 2025-01-10 00:00:00+00:00
[2025-01-12 13:52:53,336] {processor.py:170} INFO - Processing /home/jorge/Desktop/MÁSTER/SEGUNDO CURSO/BDFI/practica_docker/env/lib/python3.8/site-packages/airflow/example_dags/example_trigger_controller_dag.py took 0.060 seconds
[2025-01-12 13:53:34,584] {processor.py:162} INFO - Started process (PID=281829) to work on /home/jorge/Desktop/MÁSTER/SEGUNDO CURSO/BDFI/practica_docker/env/lib/python3.8/site-packages/airflow/example_dags/example_trigger_controller_dag.py
[2025-01-12 13:53:34,586] {processor.py:613} INFO - Processing file /home/jorge/Desktop/MÁSTER/SEGUNDO CURSO/BDFI/practica_docker/env/lib/python3.8/site-packages/airflow/example_dags/example_trigger_controller_dag.py for tasks to queue
[2025-01-12 13:53:34,587] {logging_mixin.py:109} INFO - [2025-01-12 13:53:34,586] {dagbag.py:496} INFO - Filling up the DagBag from /home/jorge/Desktop/MÁSTER/SEGUNDO CURSO/BDFI/practica_docker/env/lib/python3.8/site-packages/airflow/example_dags/example_trigger_controller_dag.py
[2025-01-12 13:53:34,595] {processor.py:623} INFO - DAG(s) dict_keys(['example_trigger_controller_dag']) retrieved from /home/jorge/Desktop/MÁSTER/SEGUNDO CURSO/BDFI/practica_docker/env/lib/python3.8/site-packages/airflow/example_dags/example_trigger_controller_dag.py
[2025-01-12 13:53:34,605] {logging_mixin.py:109} INFO - [2025-01-12 13:53:34,605] {dag.py:1834} INFO - Sync 1 DAGs
[2025-01-12 13:53:34,615] {logging_mixin.py:109} INFO - [2025-01-12 13:53:34,615] {dag.py:2287} INFO - Setting next_dagrun for example_trigger_controller_dag to 2025-01-10 00:00:00+00:00
[2025-01-12 13:53:34,627] {processor.py:170} INFO - Processing /home/jorge/Desktop/MÁSTER/SEGUNDO CURSO/BDFI/practica_docker/env/lib/python3.8/site-packages/airflow/example_dags/example_trigger_controller_dag.py took 0.045 seconds
[2025-01-12 13:54:09,803] {processor.py:162} INFO - Started process (PID=282006) to work on /home/jorge/Desktop/MÁSTER/SEGUNDO CURSO/BDFI/practica_docker/env/lib/python3.8/site-packages/airflow/example_dags/example_trigger_controller_dag.py
[2025-01-12 13:54:09,804] {processor.py:613} INFO - Processing file /home/jorge/Desktop/MÁSTER/SEGUNDO CURSO/BDFI/practica_docker/env/lib/python3.8/site-packages/airflow/example_dags/example_trigger_controller_dag.py for tasks to queue
[2025-01-12 13:54:09,804] {logging_mixin.py:109} INFO - [2025-01-12 13:54:09,804] {dagbag.py:496} INFO - Filling up the DagBag from /home/jorge/Desktop/MÁSTER/SEGUNDO CURSO/BDFI/practica_docker/env/lib/python3.8/site-packages/airflow/example_dags/example_trigger_controller_dag.py
[2025-01-12 13:54:09,818] {processor.py:623} INFO - DAG(s) dict_keys(['example_trigger_controller_dag']) retrieved from /home/jorge/Desktop/MÁSTER/SEGUNDO CURSO/BDFI/practica_docker/env/lib/python3.8/site-packages/airflow/example_dags/example_trigger_controller_dag.py
[2025-01-12 13:54:09,830] {logging_mixin.py:109} INFO - [2025-01-12 13:54:09,830] {dag.py:1834} INFO - Sync 1 DAGs
[2025-01-12 13:54:09,836] {logging_mixin.py:109} INFO - [2025-01-12 13:54:09,836] {dag.py:2287} INFO - Setting next_dagrun for example_trigger_controller_dag to 2025-01-10 00:00:00+00:00
[2025-01-12 13:54:09,848] {processor.py:170} INFO - Processing /home/jorge/Desktop/MÁSTER/SEGUNDO CURSO/BDFI/practica_docker/env/lib/python3.8/site-packages/airflow/example_dags/example_trigger_controller_dag.py took 0.048 seconds
[2025-01-12 13:54:43,376] {processor.py:162} INFO - Started process (PID=282164) to work on /home/jorge/Desktop/MÁSTER/SEGUNDO CURSO/BDFI/practica_docker/env/lib/python3.8/site-packages/airflow/example_dags/example_trigger_controller_dag.py
[2025-01-12 13:54:43,378] {processor.py:613} INFO - Processing file /home/jorge/Desktop/MÁSTER/SEGUNDO CURSO/BDFI/practica_docker/env/lib/python3.8/site-packages/airflow/example_dags/example_trigger_controller_dag.py for tasks to queue
[2025-01-12 13:54:43,379] {logging_mixin.py:109} INFO - [2025-01-12 13:54:43,379] {dagbag.py:496} INFO - Filling up the DagBag from /home/jorge/Desktop/MÁSTER/SEGUNDO CURSO/BDFI/practica_docker/env/lib/python3.8/site-packages/airflow/example_dags/example_trigger_controller_dag.py
[2025-01-12 13:54:43,391] {processor.py:623} INFO - DAG(s) dict_keys(['example_trigger_controller_dag']) retrieved from /home/jorge/Desktop/MÁSTER/SEGUNDO CURSO/BDFI/practica_docker/env/lib/python3.8/site-packages/airflow/example_dags/example_trigger_controller_dag.py
[2025-01-12 13:54:43,401] {logging_mixin.py:109} INFO - [2025-01-12 13:54:43,401] {dag.py:1834} INFO - Sync 1 DAGs
[2025-01-12 13:54:43,409] {logging_mixin.py:109} INFO - [2025-01-12 13:54:43,409] {dag.py:2287} INFO - Setting next_dagrun for example_trigger_controller_dag to 2025-01-10 00:00:00+00:00
[2025-01-12 13:54:43,420] {processor.py:170} INFO - Processing /home/jorge/Desktop/MÁSTER/SEGUNDO CURSO/BDFI/practica_docker/env/lib/python3.8/site-packages/airflow/example_dags/example_trigger_controller_dag.py took 0.047 seconds
[2025-01-12 13:55:16,033] {processor.py:162} INFO - Started process (PID=282320) to work on /home/jorge/Desktop/MÁSTER/SEGUNDO CURSO/BDFI/practica_docker/env/lib/python3.8/site-packages/airflow/example_dags/example_trigger_controller_dag.py
[2025-01-12 13:55:16,034] {processor.py:613} INFO - Processing file /home/jorge/Desktop/MÁSTER/SEGUNDO CURSO/BDFI/practica_docker/env/lib/python3.8/site-packages/airflow/example_dags/example_trigger_controller_dag.py for tasks to queue
[2025-01-12 13:55:16,035] {logging_mixin.py:109} INFO - [2025-01-12 13:55:16,035] {dagbag.py:496} INFO - Filling up the DagBag from /home/jorge/Desktop/MÁSTER/SEGUNDO CURSO/BDFI/practica_docker/env/lib/python3.8/site-packages/airflow/example_dags/example_trigger_controller_dag.py
[2025-01-12 13:55:16,055] {processor.py:623} INFO - DAG(s) dict_keys(['example_trigger_controller_dag']) retrieved from /home/jorge/Desktop/MÁSTER/SEGUNDO CURSO/BDFI/practica_docker/env/lib/python3.8/site-packages/airflow/example_dags/example_trigger_controller_dag.py
[2025-01-12 13:55:16,067] {logging_mixin.py:109} INFO - [2025-01-12 13:55:16,066] {dag.py:1834} INFO - Sync 1 DAGs
[2025-01-12 13:55:16,076] {logging_mixin.py:109} INFO - [2025-01-12 13:55:16,075] {dag.py:2287} INFO - Setting next_dagrun for example_trigger_controller_dag to 2025-01-10 00:00:00+00:00
[2025-01-12 13:55:16,091] {processor.py:170} INFO - Processing /home/jorge/Desktop/MÁSTER/SEGUNDO CURSO/BDFI/practica_docker/env/lib/python3.8/site-packages/airflow/example_dags/example_trigger_controller_dag.py took 0.059 seconds
[2025-01-12 13:55:50,635] {processor.py:162} INFO - Started process (PID=282615) to work on /home/jorge/Desktop/MÁSTER/SEGUNDO CURSO/BDFI/practica_docker/env/lib/python3.8/site-packages/airflow/example_dags/example_trigger_controller_dag.py
[2025-01-12 13:55:50,636] {processor.py:613} INFO - Processing file /home/jorge/Desktop/MÁSTER/SEGUNDO CURSO/BDFI/practica_docker/env/lib/python3.8/site-packages/airflow/example_dags/example_trigger_controller_dag.py for tasks to queue
[2025-01-12 13:55:50,637] {logging_mixin.py:109} INFO - [2025-01-12 13:55:50,636] {dagbag.py:496} INFO - Filling up the DagBag from /home/jorge/Desktop/MÁSTER/SEGUNDO CURSO/BDFI/practica_docker/env/lib/python3.8/site-packages/airflow/example_dags/example_trigger_controller_dag.py
[2025-01-12 13:55:50,647] {processor.py:623} INFO - DAG(s) dict_keys(['example_trigger_controller_dag']) retrieved from /home/jorge/Desktop/MÁSTER/SEGUNDO CURSO/BDFI/practica_docker/env/lib/python3.8/site-packages/airflow/example_dags/example_trigger_controller_dag.py
[2025-01-12 13:55:50,661] {logging_mixin.py:109} INFO - [2025-01-12 13:55:50,661] {dag.py:1834} INFO - Sync 1 DAGs
[2025-01-12 13:55:50,673] {logging_mixin.py:109} INFO - [2025-01-12 13:55:50,673] {dag.py:2287} INFO - Setting next_dagrun for example_trigger_controller_dag to 2025-01-10 00:00:00+00:00
[2025-01-12 13:55:50,689] {processor.py:170} INFO - Processing /home/jorge/Desktop/MÁSTER/SEGUNDO CURSO/BDFI/practica_docker/env/lib/python3.8/site-packages/airflow/example_dags/example_trigger_controller_dag.py took 0.057 seconds
[2025-01-12 13:56:26,538] {processor.py:162} INFO - Started process (PID=282870) to work on /home/jorge/Desktop/MÁSTER/SEGUNDO CURSO/BDFI/practica_docker/env/lib/python3.8/site-packages/airflow/example_dags/example_trigger_controller_dag.py
[2025-01-12 13:56:26,539] {processor.py:613} INFO - Processing file /home/jorge/Desktop/MÁSTER/SEGUNDO CURSO/BDFI/practica_docker/env/lib/python3.8/site-packages/airflow/example_dags/example_trigger_controller_dag.py for tasks to queue
[2025-01-12 13:56:26,540] {logging_mixin.py:109} INFO - [2025-01-12 13:56:26,540] {dagbag.py:496} INFO - Filling up the DagBag from /home/jorge/Desktop/MÁSTER/SEGUNDO CURSO/BDFI/practica_docker/env/lib/python3.8/site-packages/airflow/example_dags/example_trigger_controller_dag.py
[2025-01-12 13:56:26,573] {processor.py:623} INFO - DAG(s) dict_keys(['example_trigger_controller_dag']) retrieved from /home/jorge/Desktop/MÁSTER/SEGUNDO CURSO/BDFI/practica_docker/env/lib/python3.8/site-packages/airflow/example_dags/example_trigger_controller_dag.py
[2025-01-12 13:56:26,596] {logging_mixin.py:109} INFO - [2025-01-12 13:56:26,596] {dag.py:1834} INFO - Sync 1 DAGs
[2025-01-12 13:56:26,609] {logging_mixin.py:109} INFO - [2025-01-12 13:56:26,609] {dag.py:2287} INFO - Setting next_dagrun for example_trigger_controller_dag to 2025-01-10 00:00:00+00:00
[2025-01-12 13:56:26,624] {processor.py:170} INFO - Processing /home/jorge/Desktop/MÁSTER/SEGUNDO CURSO/BDFI/practica_docker/env/lib/python3.8/site-packages/airflow/example_dags/example_trigger_controller_dag.py took 0.094 seconds
[2025-01-12 13:57:03,222] {processor.py:162} INFO - Started process (PID=283099) to work on /home/jorge/Desktop/MÁSTER/SEGUNDO CURSO/BDFI/practica_docker/env/lib/python3.8/site-packages/airflow/example_dags/example_trigger_controller_dag.py
[2025-01-12 13:57:03,223] {processor.py:613} INFO - Processing file /home/jorge/Desktop/MÁSTER/SEGUNDO CURSO/BDFI/practica_docker/env/lib/python3.8/site-packages/airflow/example_dags/example_trigger_controller_dag.py for tasks to queue
[2025-01-12 13:57:03,224] {logging_mixin.py:109} INFO - [2025-01-12 13:57:03,224] {dagbag.py:496} INFO - Filling up the DagBag from /home/jorge/Desktop/MÁSTER/SEGUNDO CURSO/BDFI/practica_docker/env/lib/python3.8/site-packages/airflow/example_dags/example_trigger_controller_dag.py
[2025-01-12 13:57:03,243] {processor.py:623} INFO - DAG(s) dict_keys(['example_trigger_controller_dag']) retrieved from /home/jorge/Desktop/MÁSTER/SEGUNDO CURSO/BDFI/practica_docker/env/lib/python3.8/site-packages/airflow/example_dags/example_trigger_controller_dag.py
[2025-01-12 13:57:03,261] {logging_mixin.py:109} INFO - [2025-01-12 13:57:03,261] {dag.py:1834} INFO - Sync 1 DAGs
[2025-01-12 13:57:03,273] {logging_mixin.py:109} INFO - [2025-01-12 13:57:03,273] {dag.py:2287} INFO - Setting next_dagrun for example_trigger_controller_dag to 2025-01-10 00:00:00+00:00
[2025-01-12 13:57:03,292] {processor.py:170} INFO - Processing /home/jorge/Desktop/MÁSTER/SEGUNDO CURSO/BDFI/practica_docker/env/lib/python3.8/site-packages/airflow/example_dags/example_trigger_controller_dag.py took 0.075 seconds
[2025-01-12 13:57:38,601] {processor.py:162} INFO - Started process (PID=283256) to work on /home/jorge/Desktop/MÁSTER/SEGUNDO CURSO/BDFI/practica_docker/env/lib/python3.8/site-packages/airflow/example_dags/example_trigger_controller_dag.py
[2025-01-12 13:57:38,604] {processor.py:613} INFO - Processing file /home/jorge/Desktop/MÁSTER/SEGUNDO CURSO/BDFI/practica_docker/env/lib/python3.8/site-packages/airflow/example_dags/example_trigger_controller_dag.py for tasks to queue
[2025-01-12 13:57:38,604] {logging_mixin.py:109} INFO - [2025-01-12 13:57:38,604] {dagbag.py:496} INFO - Filling up the DagBag from /home/jorge/Desktop/MÁSTER/SEGUNDO CURSO/BDFI/practica_docker/env/lib/python3.8/site-packages/airflow/example_dags/example_trigger_controller_dag.py
[2025-01-12 13:57:38,624] {processor.py:623} INFO - DAG(s) dict_keys(['example_trigger_controller_dag']) retrieved from /home/jorge/Desktop/MÁSTER/SEGUNDO CURSO/BDFI/practica_docker/env/lib/python3.8/site-packages/airflow/example_dags/example_trigger_controller_dag.py
[2025-01-12 13:57:38,643] {logging_mixin.py:109} INFO - [2025-01-12 13:57:38,643] {dag.py:1834} INFO - Sync 1 DAGs
[2025-01-12 13:57:38,652] {logging_mixin.py:109} INFO - [2025-01-12 13:57:38,652] {dag.py:2287} INFO - Setting next_dagrun for example_trigger_controller_dag to 2025-01-10 00:00:00+00:00
[2025-01-12 13:57:38,669] {processor.py:170} INFO - Processing /home/jorge/Desktop/MÁSTER/SEGUNDO CURSO/BDFI/practica_docker/env/lib/python3.8/site-packages/airflow/example_dags/example_trigger_controller_dag.py took 0.070 seconds
[2025-01-12 14:06:01,531] {processor.py:162} INFO - Started process (PID=283701) to work on /home/jorge/Desktop/MÁSTER/SEGUNDO CURSO/BDFI/practica_docker/env/lib/python3.8/site-packages/airflow/example_dags/example_trigger_controller_dag.py
[2025-01-12 14:06:01,534] {processor.py:613} INFO - Processing file /home/jorge/Desktop/MÁSTER/SEGUNDO CURSO/BDFI/practica_docker/env/lib/python3.8/site-packages/airflow/example_dags/example_trigger_controller_dag.py for tasks to queue
[2025-01-12 14:06:01,535] {logging_mixin.py:109} INFO - [2025-01-12 14:06:01,535] {dagbag.py:496} INFO - Filling up the DagBag from /home/jorge/Desktop/MÁSTER/SEGUNDO CURSO/BDFI/practica_docker/env/lib/python3.8/site-packages/airflow/example_dags/example_trigger_controller_dag.py
[2025-01-12 14:06:01,542] {processor.py:623} INFO - DAG(s) dict_keys(['example_trigger_controller_dag']) retrieved from /home/jorge/Desktop/MÁSTER/SEGUNDO CURSO/BDFI/practica_docker/env/lib/python3.8/site-packages/airflow/example_dags/example_trigger_controller_dag.py
[2025-01-12 14:06:01,554] {logging_mixin.py:109} INFO - [2025-01-12 14:06:01,554] {dag.py:1834} INFO - Sync 1 DAGs
[2025-01-12 14:06:01,559] {logging_mixin.py:109} INFO - [2025-01-12 14:06:01,559] {dag.py:2287} INFO - Setting next_dagrun for example_trigger_controller_dag to 2025-01-10 00:00:00+00:00
[2025-01-12 14:06:01,567] {processor.py:170} INFO - Processing /home/jorge/Desktop/MÁSTER/SEGUNDO CURSO/BDFI/practica_docker/env/lib/python3.8/site-packages/airflow/example_dags/example_trigger_controller_dag.py took 0.039 seconds
[2025-01-12 14:06:34,882] {processor.py:162} INFO - Started process (PID=283851) to work on /home/jorge/Desktop/MÁSTER/SEGUNDO CURSO/BDFI/practica_docker/env/lib/python3.8/site-packages/airflow/example_dags/example_trigger_controller_dag.py
[2025-01-12 14:06:34,883] {processor.py:613} INFO - Processing file /home/jorge/Desktop/MÁSTER/SEGUNDO CURSO/BDFI/practica_docker/env/lib/python3.8/site-packages/airflow/example_dags/example_trigger_controller_dag.py for tasks to queue
[2025-01-12 14:06:34,884] {logging_mixin.py:109} INFO - [2025-01-12 14:06:34,884] {dagbag.py:496} INFO - Filling up the DagBag from /home/jorge/Desktop/MÁSTER/SEGUNDO CURSO/BDFI/practica_docker/env/lib/python3.8/site-packages/airflow/example_dags/example_trigger_controller_dag.py
[2025-01-12 14:06:34,889] {processor.py:623} INFO - DAG(s) dict_keys(['example_trigger_controller_dag']) retrieved from /home/jorge/Desktop/MÁSTER/SEGUNDO CURSO/BDFI/practica_docker/env/lib/python3.8/site-packages/airflow/example_dags/example_trigger_controller_dag.py
[2025-01-12 14:06:34,897] {logging_mixin.py:109} INFO - [2025-01-12 14:06:34,897] {dag.py:1834} INFO - Sync 1 DAGs
[2025-01-12 14:06:34,902] {logging_mixin.py:109} INFO - [2025-01-12 14:06:34,902] {dag.py:2287} INFO - Setting next_dagrun for example_trigger_controller_dag to 2025-01-10 00:00:00+00:00
[2025-01-12 14:06:34,909] {processor.py:170} INFO - Processing /home/jorge/Desktop/MÁSTER/SEGUNDO CURSO/BDFI/practica_docker/env/lib/python3.8/site-packages/airflow/example_dags/example_trigger_controller_dag.py took 0.030 seconds
[2025-01-12 14:07:08,335] {processor.py:162} INFO - Started process (PID=284010) to work on /home/jorge/Desktop/MÁSTER/SEGUNDO CURSO/BDFI/practica_docker/env/lib/python3.8/site-packages/airflow/example_dags/example_trigger_controller_dag.py
[2025-01-12 14:07:08,340] {processor.py:613} INFO - Processing file /home/jorge/Desktop/MÁSTER/SEGUNDO CURSO/BDFI/practica_docker/env/lib/python3.8/site-packages/airflow/example_dags/example_trigger_controller_dag.py for tasks to queue
[2025-01-12 14:07:08,340] {logging_mixin.py:109} INFO - [2025-01-12 14:07:08,340] {dagbag.py:496} INFO - Filling up the DagBag from /home/jorge/Desktop/MÁSTER/SEGUNDO CURSO/BDFI/practica_docker/env/lib/python3.8/site-packages/airflow/example_dags/example_trigger_controller_dag.py
[2025-01-12 14:07:08,344] {processor.py:623} INFO - DAG(s) dict_keys(['example_trigger_controller_dag']) retrieved from /home/jorge/Desktop/MÁSTER/SEGUNDO CURSO/BDFI/practica_docker/env/lib/python3.8/site-packages/airflow/example_dags/example_trigger_controller_dag.py
[2025-01-12 14:07:08,352] {logging_mixin.py:109} INFO - [2025-01-12 14:07:08,352] {dag.py:1834} INFO - Sync 1 DAGs
[2025-01-12 14:07:08,358] {logging_mixin.py:109} INFO - [2025-01-12 14:07:08,358] {dag.py:2287} INFO - Setting next_dagrun for example_trigger_controller_dag to 2025-01-10 00:00:00+00:00
[2025-01-12 14:07:08,367] {processor.py:170} INFO - Processing /home/jorge/Desktop/MÁSTER/SEGUNDO CURSO/BDFI/practica_docker/env/lib/python3.8/site-packages/airflow/example_dags/example_trigger_controller_dag.py took 0.035 seconds
[2025-01-12 14:07:40,909] {processor.py:162} INFO - Started process (PID=284148) to work on /home/jorge/Desktop/MÁSTER/SEGUNDO CURSO/BDFI/practica_docker/env/lib/python3.8/site-packages/airflow/example_dags/example_trigger_controller_dag.py
[2025-01-12 14:07:40,910] {processor.py:613} INFO - Processing file /home/jorge/Desktop/MÁSTER/SEGUNDO CURSO/BDFI/practica_docker/env/lib/python3.8/site-packages/airflow/example_dags/example_trigger_controller_dag.py for tasks to queue
[2025-01-12 14:07:40,911] {logging_mixin.py:109} INFO - [2025-01-12 14:07:40,911] {dagbag.py:496} INFO - Filling up the DagBag from /home/jorge/Desktop/MÁSTER/SEGUNDO CURSO/BDFI/practica_docker/env/lib/python3.8/site-packages/airflow/example_dags/example_trigger_controller_dag.py
[2025-01-12 14:07:40,916] {processor.py:623} INFO - DAG(s) dict_keys(['example_trigger_controller_dag']) retrieved from /home/jorge/Desktop/MÁSTER/SEGUNDO CURSO/BDFI/practica_docker/env/lib/python3.8/site-packages/airflow/example_dags/example_trigger_controller_dag.py
[2025-01-12 14:07:40,925] {logging_mixin.py:109} INFO - [2025-01-12 14:07:40,925] {dag.py:1834} INFO - Sync 1 DAGs
[2025-01-12 14:07:40,930] {logging_mixin.py:109} INFO - [2025-01-12 14:07:40,930] {dag.py:2287} INFO - Setting next_dagrun for example_trigger_controller_dag to 2025-01-10 00:00:00+00:00
[2025-01-12 14:07:40,937] {processor.py:170} INFO - Processing /home/jorge/Desktop/MÁSTER/SEGUNDO CURSO/BDFI/practica_docker/env/lib/python3.8/site-packages/airflow/example_dags/example_trigger_controller_dag.py took 0.031 seconds
[2025-01-12 14:08:14,396] {processor.py:162} INFO - Started process (PID=284306) to work on /home/jorge/Desktop/MÁSTER/SEGUNDO CURSO/BDFI/practica_docker/env/lib/python3.8/site-packages/airflow/example_dags/example_trigger_controller_dag.py
[2025-01-12 14:08:14,398] {processor.py:613} INFO - Processing file /home/jorge/Desktop/MÁSTER/SEGUNDO CURSO/BDFI/practica_docker/env/lib/python3.8/site-packages/airflow/example_dags/example_trigger_controller_dag.py for tasks to queue
[2025-01-12 14:08:14,398] {logging_mixin.py:109} INFO - [2025-01-12 14:08:14,398] {dagbag.py:496} INFO - Filling up the DagBag from /home/jorge/Desktop/MÁSTER/SEGUNDO CURSO/BDFI/practica_docker/env/lib/python3.8/site-packages/airflow/example_dags/example_trigger_controller_dag.py
[2025-01-12 14:08:14,404] {processor.py:623} INFO - DAG(s) dict_keys(['example_trigger_controller_dag']) retrieved from /home/jorge/Desktop/MÁSTER/SEGUNDO CURSO/BDFI/practica_docker/env/lib/python3.8/site-packages/airflow/example_dags/example_trigger_controller_dag.py
[2025-01-12 14:08:14,414] {logging_mixin.py:109} INFO - [2025-01-12 14:08:14,414] {dag.py:1834} INFO - Sync 1 DAGs
[2025-01-12 14:08:14,418] {logging_mixin.py:109} INFO - [2025-01-12 14:08:14,418] {dag.py:2287} INFO - Setting next_dagrun for example_trigger_controller_dag to 2025-01-10 00:00:00+00:00
[2025-01-12 14:08:14,425] {processor.py:170} INFO - Processing /home/jorge/Desktop/MÁSTER/SEGUNDO CURSO/BDFI/practica_docker/env/lib/python3.8/site-packages/airflow/example_dags/example_trigger_controller_dag.py took 0.032 seconds
[2025-01-12 14:08:46,593] {processor.py:162} INFO - Started process (PID=284457) to work on /home/jorge/Desktop/MÁSTER/SEGUNDO CURSO/BDFI/practica_docker/env/lib/python3.8/site-packages/airflow/example_dags/example_trigger_controller_dag.py
[2025-01-12 14:08:46,594] {processor.py:613} INFO - Processing file /home/jorge/Desktop/MÁSTER/SEGUNDO CURSO/BDFI/practica_docker/env/lib/python3.8/site-packages/airflow/example_dags/example_trigger_controller_dag.py for tasks to queue
[2025-01-12 14:08:46,595] {logging_mixin.py:109} INFO - [2025-01-12 14:08:46,595] {dagbag.py:496} INFO - Filling up the DagBag from /home/jorge/Desktop/MÁSTER/SEGUNDO CURSO/BDFI/practica_docker/env/lib/python3.8/site-packages/airflow/example_dags/example_trigger_controller_dag.py
[2025-01-12 14:08:46,600] {processor.py:623} INFO - DAG(s) dict_keys(['example_trigger_controller_dag']) retrieved from /home/jorge/Desktop/MÁSTER/SEGUNDO CURSO/BDFI/practica_docker/env/lib/python3.8/site-packages/airflow/example_dags/example_trigger_controller_dag.py
[2025-01-12 14:08:46,610] {logging_mixin.py:109} INFO - [2025-01-12 14:08:46,610] {dag.py:1834} INFO - Sync 1 DAGs
[2025-01-12 14:08:46,614] {logging_mixin.py:109} INFO - [2025-01-12 14:08:46,614] {dag.py:2287} INFO - Setting next_dagrun for example_trigger_controller_dag to 2025-01-10 00:00:00+00:00
[2025-01-12 14:08:46,621] {processor.py:170} INFO - Processing /home/jorge/Desktop/MÁSTER/SEGUNDO CURSO/BDFI/practica_docker/env/lib/python3.8/site-packages/airflow/example_dags/example_trigger_controller_dag.py took 0.030 seconds
[2025-01-12 14:09:19,212] {processor.py:162} INFO - Started process (PID=284597) to work on /home/jorge/Desktop/MÁSTER/SEGUNDO CURSO/BDFI/practica_docker/env/lib/python3.8/site-packages/airflow/example_dags/example_trigger_controller_dag.py
[2025-01-12 14:09:19,218] {processor.py:613} INFO - Processing file /home/jorge/Desktop/MÁSTER/SEGUNDO CURSO/BDFI/practica_docker/env/lib/python3.8/site-packages/airflow/example_dags/example_trigger_controller_dag.py for tasks to queue
[2025-01-12 14:09:19,219] {logging_mixin.py:109} INFO - [2025-01-12 14:09:19,219] {dagbag.py:496} INFO - Filling up the DagBag from /home/jorge/Desktop/MÁSTER/SEGUNDO CURSO/BDFI/practica_docker/env/lib/python3.8/site-packages/airflow/example_dags/example_trigger_controller_dag.py
[2025-01-12 14:09:19,226] {processor.py:623} INFO - DAG(s) dict_keys(['example_trigger_controller_dag']) retrieved from /home/jorge/Desktop/MÁSTER/SEGUNDO CURSO/BDFI/practica_docker/env/lib/python3.8/site-packages/airflow/example_dags/example_trigger_controller_dag.py
[2025-01-12 14:09:19,236] {logging_mixin.py:109} INFO - [2025-01-12 14:09:19,236] {dag.py:1834} INFO - Sync 1 DAGs
[2025-01-12 14:09:19,240] {logging_mixin.py:109} INFO - [2025-01-12 14:09:19,240] {dag.py:2287} INFO - Setting next_dagrun for example_trigger_controller_dag to 2025-01-10 00:00:00+00:00
[2025-01-12 14:09:19,249] {processor.py:170} INFO - Processing /home/jorge/Desktop/MÁSTER/SEGUNDO CURSO/BDFI/practica_docker/env/lib/python3.8/site-packages/airflow/example_dags/example_trigger_controller_dag.py took 0.039 seconds
[2025-01-12 14:09:53,798] {processor.py:162} INFO - Started process (PID=284771) to work on /home/jorge/Desktop/MÁSTER/SEGUNDO CURSO/BDFI/practica_docker/env/lib/python3.8/site-packages/airflow/example_dags/example_trigger_controller_dag.py
[2025-01-12 14:09:53,799] {processor.py:613} INFO - Processing file /home/jorge/Desktop/MÁSTER/SEGUNDO CURSO/BDFI/practica_docker/env/lib/python3.8/site-packages/airflow/example_dags/example_trigger_controller_dag.py for tasks to queue
[2025-01-12 14:09:53,799] {logging_mixin.py:109} INFO - [2025-01-12 14:09:53,799] {dagbag.py:496} INFO - Filling up the DagBag from /home/jorge/Desktop/MÁSTER/SEGUNDO CURSO/BDFI/practica_docker/env/lib/python3.8/site-packages/airflow/example_dags/example_trigger_controller_dag.py
[2025-01-12 14:09:53,803] {processor.py:623} INFO - DAG(s) dict_keys(['example_trigger_controller_dag']) retrieved from /home/jorge/Desktop/MÁSTER/SEGUNDO CURSO/BDFI/practica_docker/env/lib/python3.8/site-packages/airflow/example_dags/example_trigger_controller_dag.py
[2025-01-12 14:09:53,811] {logging_mixin.py:109} INFO - [2025-01-12 14:09:53,811] {dag.py:1834} INFO - Sync 1 DAGs
[2025-01-12 14:09:53,817] {logging_mixin.py:109} INFO - [2025-01-12 14:09:53,817] {dag.py:2287} INFO - Setting next_dagrun for example_trigger_controller_dag to 2025-01-10 00:00:00+00:00
[2025-01-12 14:09:53,830] {processor.py:170} INFO - Processing /home/jorge/Desktop/MÁSTER/SEGUNDO CURSO/BDFI/practica_docker/env/lib/python3.8/site-packages/airflow/example_dags/example_trigger_controller_dag.py took 0.034 seconds
[2025-01-12 14:10:25,271] {processor.py:162} INFO - Started process (PID=284912) to work on /home/jorge/Desktop/MÁSTER/SEGUNDO CURSO/BDFI/practica_docker/env/lib/python3.8/site-packages/airflow/example_dags/example_trigger_controller_dag.py
[2025-01-12 14:10:25,274] {processor.py:613} INFO - Processing file /home/jorge/Desktop/MÁSTER/SEGUNDO CURSO/BDFI/practica_docker/env/lib/python3.8/site-packages/airflow/example_dags/example_trigger_controller_dag.py for tasks to queue
[2025-01-12 14:10:25,275] {logging_mixin.py:109} INFO - [2025-01-12 14:10:25,275] {dagbag.py:496} INFO - Filling up the DagBag from /home/jorge/Desktop/MÁSTER/SEGUNDO CURSO/BDFI/practica_docker/env/lib/python3.8/site-packages/airflow/example_dags/example_trigger_controller_dag.py
[2025-01-12 14:10:25,281] {processor.py:623} INFO - DAG(s) dict_keys(['example_trigger_controller_dag']) retrieved from /home/jorge/Desktop/MÁSTER/SEGUNDO CURSO/BDFI/practica_docker/env/lib/python3.8/site-packages/airflow/example_dags/example_trigger_controller_dag.py
[2025-01-12 14:10:25,292] {logging_mixin.py:109} INFO - [2025-01-12 14:10:25,292] {dag.py:1834} INFO - Sync 1 DAGs
[2025-01-12 14:10:25,296] {logging_mixin.py:109} INFO - [2025-01-12 14:10:25,296] {dag.py:2287} INFO - Setting next_dagrun for example_trigger_controller_dag to 2025-01-10 00:00:00+00:00
[2025-01-12 14:10:25,303] {processor.py:170} INFO - Processing /home/jorge/Desktop/MÁSTER/SEGUNDO CURSO/BDFI/practica_docker/env/lib/python3.8/site-packages/airflow/example_dags/example_trigger_controller_dag.py took 0.036 seconds
[2025-01-12 14:11:03,568] {processor.py:162} INFO - Started process (PID=285209) to work on /home/jorge/Desktop/MÁSTER/SEGUNDO CURSO/BDFI/practica_docker/env/lib/python3.8/site-packages/airflow/example_dags/example_trigger_controller_dag.py
[2025-01-12 14:11:03,570] {processor.py:613} INFO - Processing file /home/jorge/Desktop/MÁSTER/SEGUNDO CURSO/BDFI/practica_docker/env/lib/python3.8/site-packages/airflow/example_dags/example_trigger_controller_dag.py for tasks to queue
[2025-01-12 14:11:03,571] {logging_mixin.py:109} INFO - [2025-01-12 14:11:03,571] {dagbag.py:496} INFO - Filling up the DagBag from /home/jorge/Desktop/MÁSTER/SEGUNDO CURSO/BDFI/practica_docker/env/lib/python3.8/site-packages/airflow/example_dags/example_trigger_controller_dag.py
[2025-01-12 14:11:03,582] {processor.py:623} INFO - DAG(s) dict_keys(['example_trigger_controller_dag']) retrieved from /home/jorge/Desktop/MÁSTER/SEGUNDO CURSO/BDFI/practica_docker/env/lib/python3.8/site-packages/airflow/example_dags/example_trigger_controller_dag.py
[2025-01-12 14:11:03,628] {logging_mixin.py:109} INFO - [2025-01-12 14:11:03,627] {dag.py:1834} INFO - Sync 1 DAGs
[2025-01-12 14:11:03,649] {logging_mixin.py:109} INFO - [2025-01-12 14:11:03,649] {dag.py:2287} INFO - Setting next_dagrun for example_trigger_controller_dag to 2025-01-10 00:00:00+00:00
[2025-01-12 14:11:03,678] {processor.py:170} INFO - Processing /home/jorge/Desktop/MÁSTER/SEGUNDO CURSO/BDFI/practica_docker/env/lib/python3.8/site-packages/airflow/example_dags/example_trigger_controller_dag.py took 0.113 seconds
[2025-01-12 14:11:36,557] {processor.py:162} INFO - Started process (PID=285383) to work on /home/jorge/Desktop/MÁSTER/SEGUNDO CURSO/BDFI/practica_docker/env/lib/python3.8/site-packages/airflow/example_dags/example_trigger_controller_dag.py
[2025-01-12 14:11:36,563] {processor.py:613} INFO - Processing file /home/jorge/Desktop/MÁSTER/SEGUNDO CURSO/BDFI/practica_docker/env/lib/python3.8/site-packages/airflow/example_dags/example_trigger_controller_dag.py for tasks to queue
[2025-01-12 14:11:36,564] {logging_mixin.py:109} INFO - [2025-01-12 14:11:36,563] {dagbag.py:496} INFO - Filling up the DagBag from /home/jorge/Desktop/MÁSTER/SEGUNDO CURSO/BDFI/practica_docker/env/lib/python3.8/site-packages/airflow/example_dags/example_trigger_controller_dag.py
[2025-01-12 14:11:36,568] {processor.py:623} INFO - DAG(s) dict_keys(['example_trigger_controller_dag']) retrieved from /home/jorge/Desktop/MÁSTER/SEGUNDO CURSO/BDFI/practica_docker/env/lib/python3.8/site-packages/airflow/example_dags/example_trigger_controller_dag.py
[2025-01-12 14:11:36,578] {logging_mixin.py:109} INFO - [2025-01-12 14:11:36,578] {dag.py:1834} INFO - Sync 1 DAGs
[2025-01-12 14:11:36,585] {logging_mixin.py:109} INFO - [2025-01-12 14:11:36,585] {dag.py:2287} INFO - Setting next_dagrun for example_trigger_controller_dag to 2025-01-10 00:00:00+00:00
[2025-01-12 14:11:36,594] {processor.py:170} INFO - Processing /home/jorge/Desktop/MÁSTER/SEGUNDO CURSO/BDFI/practica_docker/env/lib/python3.8/site-packages/airflow/example_dags/example_trigger_controller_dag.py took 0.039 seconds
[2025-01-12 14:12:11,342] {processor.py:162} INFO - Started process (PID=285544) to work on /home/jorge/Desktop/MÁSTER/SEGUNDO CURSO/BDFI/practica_docker/env/lib/python3.8/site-packages/airflow/example_dags/example_trigger_controller_dag.py
[2025-01-12 14:12:11,345] {processor.py:613} INFO - Processing file /home/jorge/Desktop/MÁSTER/SEGUNDO CURSO/BDFI/practica_docker/env/lib/python3.8/site-packages/airflow/example_dags/example_trigger_controller_dag.py for tasks to queue
[2025-01-12 14:12:11,345] {logging_mixin.py:109} INFO - [2025-01-12 14:12:11,345] {dagbag.py:496} INFO - Filling up the DagBag from /home/jorge/Desktop/MÁSTER/SEGUNDO CURSO/BDFI/practica_docker/env/lib/python3.8/site-packages/airflow/example_dags/example_trigger_controller_dag.py
[2025-01-12 14:12:11,351] {processor.py:623} INFO - DAG(s) dict_keys(['example_trigger_controller_dag']) retrieved from /home/jorge/Desktop/MÁSTER/SEGUNDO CURSO/BDFI/practica_docker/env/lib/python3.8/site-packages/airflow/example_dags/example_trigger_controller_dag.py
[2025-01-12 14:12:11,360] {logging_mixin.py:109} INFO - [2025-01-12 14:12:11,360] {dag.py:1834} INFO - Sync 1 DAGs
[2025-01-12 14:12:11,364] {logging_mixin.py:109} INFO - [2025-01-12 14:12:11,364] {dag.py:2287} INFO - Setting next_dagrun for example_trigger_controller_dag to 2025-01-10 00:00:00+00:00
[2025-01-12 14:12:11,371] {processor.py:170} INFO - Processing /home/jorge/Desktop/MÁSTER/SEGUNDO CURSO/BDFI/practica_docker/env/lib/python3.8/site-packages/airflow/example_dags/example_trigger_controller_dag.py took 0.033 seconds
[2025-01-12 14:12:44,190] {processor.py:162} INFO - Started process (PID=285692) to work on /home/jorge/Desktop/MÁSTER/SEGUNDO CURSO/BDFI/practica_docker/env/lib/python3.8/site-packages/airflow/example_dags/example_trigger_controller_dag.py
[2025-01-12 14:12:44,192] {processor.py:613} INFO - Processing file /home/jorge/Desktop/MÁSTER/SEGUNDO CURSO/BDFI/practica_docker/env/lib/python3.8/site-packages/airflow/example_dags/example_trigger_controller_dag.py for tasks to queue
[2025-01-12 14:12:44,193] {logging_mixin.py:109} INFO - [2025-01-12 14:12:44,192] {dagbag.py:496} INFO - Filling up the DagBag from /home/jorge/Desktop/MÁSTER/SEGUNDO CURSO/BDFI/practica_docker/env/lib/python3.8/site-packages/airflow/example_dags/example_trigger_controller_dag.py
[2025-01-12 14:12:44,199] {processor.py:623} INFO - DAG(s) dict_keys(['example_trigger_controller_dag']) retrieved from /home/jorge/Desktop/MÁSTER/SEGUNDO CURSO/BDFI/practica_docker/env/lib/python3.8/site-packages/airflow/example_dags/example_trigger_controller_dag.py
[2025-01-12 14:12:44,208] {logging_mixin.py:109} INFO - [2025-01-12 14:12:44,208] {dag.py:1834} INFO - Sync 1 DAGs
[2025-01-12 14:12:44,212] {logging_mixin.py:109} INFO - [2025-01-12 14:12:44,212] {dag.py:2287} INFO - Setting next_dagrun for example_trigger_controller_dag to 2025-01-10 00:00:00+00:00
[2025-01-12 14:12:44,220] {processor.py:170} INFO - Processing /home/jorge/Desktop/MÁSTER/SEGUNDO CURSO/BDFI/practica_docker/env/lib/python3.8/site-packages/airflow/example_dags/example_trigger_controller_dag.py took 0.033 seconds
[2025-01-12 14:13:17,673] {processor.py:162} INFO - Started process (PID=285837) to work on /home/jorge/Desktop/MÁSTER/SEGUNDO CURSO/BDFI/practica_docker/env/lib/python3.8/site-packages/airflow/example_dags/example_trigger_controller_dag.py
[2025-01-12 14:13:17,680] {processor.py:613} INFO - Processing file /home/jorge/Desktop/MÁSTER/SEGUNDO CURSO/BDFI/practica_docker/env/lib/python3.8/site-packages/airflow/example_dags/example_trigger_controller_dag.py for tasks to queue
[2025-01-12 14:13:17,680] {logging_mixin.py:109} INFO - [2025-01-12 14:13:17,680] {dagbag.py:496} INFO - Filling up the DagBag from /home/jorge/Desktop/MÁSTER/SEGUNDO CURSO/BDFI/practica_docker/env/lib/python3.8/site-packages/airflow/example_dags/example_trigger_controller_dag.py
[2025-01-12 14:13:17,684] {processor.py:623} INFO - DAG(s) dict_keys(['example_trigger_controller_dag']) retrieved from /home/jorge/Desktop/MÁSTER/SEGUNDO CURSO/BDFI/practica_docker/env/lib/python3.8/site-packages/airflow/example_dags/example_trigger_controller_dag.py
[2025-01-12 14:13:17,697] {logging_mixin.py:109} INFO - [2025-01-12 14:13:17,697] {dag.py:1834} INFO - Sync 1 DAGs
[2025-01-12 14:13:17,704] {logging_mixin.py:109} INFO - [2025-01-12 14:13:17,704] {dag.py:2287} INFO - Setting next_dagrun for example_trigger_controller_dag to 2025-01-10 00:00:00+00:00
[2025-01-12 14:13:17,717] {processor.py:170} INFO - Processing /home/jorge/Desktop/MÁSTER/SEGUNDO CURSO/BDFI/practica_docker/env/lib/python3.8/site-packages/airflow/example_dags/example_trigger_controller_dag.py took 0.049 seconds
[2025-01-12 14:13:51,102] {processor.py:162} INFO - Started process (PID=286007) to work on /home/jorge/Desktop/MÁSTER/SEGUNDO CURSO/BDFI/practica_docker/env/lib/python3.8/site-packages/airflow/example_dags/example_trigger_controller_dag.py
[2025-01-12 14:13:51,114] {processor.py:613} INFO - Processing file /home/jorge/Desktop/MÁSTER/SEGUNDO CURSO/BDFI/practica_docker/env/lib/python3.8/site-packages/airflow/example_dags/example_trigger_controller_dag.py for tasks to queue
[2025-01-12 14:13:51,115] {logging_mixin.py:109} INFO - [2025-01-12 14:13:51,115] {dagbag.py:496} INFO - Filling up the DagBag from /home/jorge/Desktop/MÁSTER/SEGUNDO CURSO/BDFI/practica_docker/env/lib/python3.8/site-packages/airflow/example_dags/example_trigger_controller_dag.py
[2025-01-12 14:13:51,121] {processor.py:623} INFO - DAG(s) dict_keys(['example_trigger_controller_dag']) retrieved from /home/jorge/Desktop/MÁSTER/SEGUNDO CURSO/BDFI/practica_docker/env/lib/python3.8/site-packages/airflow/example_dags/example_trigger_controller_dag.py
[2025-01-12 14:13:51,131] {logging_mixin.py:109} INFO - [2025-01-12 14:13:51,131] {dag.py:1834} INFO - Sync 1 DAGs
[2025-01-12 14:13:51,136] {logging_mixin.py:109} INFO - [2025-01-12 14:13:51,136] {dag.py:2287} INFO - Setting next_dagrun for example_trigger_controller_dag to 2025-01-10 00:00:00+00:00
[2025-01-12 14:13:51,144] {processor.py:170} INFO - Processing /home/jorge/Desktop/MÁSTER/SEGUNDO CURSO/BDFI/practica_docker/env/lib/python3.8/site-packages/airflow/example_dags/example_trigger_controller_dag.py took 0.046 seconds
[2025-01-12 14:14:22,343] {processor.py:162} INFO - Started process (PID=286155) to work on /home/jorge/Desktop/MÁSTER/SEGUNDO CURSO/BDFI/practica_docker/env/lib/python3.8/site-packages/airflow/example_dags/example_trigger_controller_dag.py
[2025-01-12 14:14:22,344] {processor.py:613} INFO - Processing file /home/jorge/Desktop/MÁSTER/SEGUNDO CURSO/BDFI/practica_docker/env/lib/python3.8/site-packages/airflow/example_dags/example_trigger_controller_dag.py for tasks to queue
[2025-01-12 14:14:22,344] {logging_mixin.py:109} INFO - [2025-01-12 14:14:22,344] {dagbag.py:496} INFO - Filling up the DagBag from /home/jorge/Desktop/MÁSTER/SEGUNDO CURSO/BDFI/practica_docker/env/lib/python3.8/site-packages/airflow/example_dags/example_trigger_controller_dag.py
[2025-01-12 14:14:22,348] {processor.py:623} INFO - DAG(s) dict_keys(['example_trigger_controller_dag']) retrieved from /home/jorge/Desktop/MÁSTER/SEGUNDO CURSO/BDFI/practica_docker/env/lib/python3.8/site-packages/airflow/example_dags/example_trigger_controller_dag.py
[2025-01-12 14:14:22,355] {logging_mixin.py:109} INFO - [2025-01-12 14:14:22,355] {dag.py:1834} INFO - Sync 1 DAGs
[2025-01-12 14:14:22,361] {logging_mixin.py:109} INFO - [2025-01-12 14:14:22,361] {dag.py:2287} INFO - Setting next_dagrun for example_trigger_controller_dag to 2025-01-10 00:00:00+00:00
[2025-01-12 14:14:22,370] {processor.py:170} INFO - Processing /home/jorge/Desktop/MÁSTER/SEGUNDO CURSO/BDFI/practica_docker/env/lib/python3.8/site-packages/airflow/example_dags/example_trigger_controller_dag.py took 0.028 seconds
[2025-01-12 14:14:55,841] {processor.py:162} INFO - Started process (PID=286423) to work on /home/jorge/Desktop/MÁSTER/SEGUNDO CURSO/BDFI/practica_docker/env/lib/python3.8/site-packages/airflow/example_dags/example_trigger_controller_dag.py
[2025-01-12 14:14:55,843] {processor.py:613} INFO - Processing file /home/jorge/Desktop/MÁSTER/SEGUNDO CURSO/BDFI/practica_docker/env/lib/python3.8/site-packages/airflow/example_dags/example_trigger_controller_dag.py for tasks to queue
[2025-01-12 14:14:55,843] {logging_mixin.py:109} INFO - [2025-01-12 14:14:55,843] {dagbag.py:496} INFO - Filling up the DagBag from /home/jorge/Desktop/MÁSTER/SEGUNDO CURSO/BDFI/practica_docker/env/lib/python3.8/site-packages/airflow/example_dags/example_trigger_controller_dag.py
[2025-01-12 14:14:55,849] {processor.py:623} INFO - DAG(s) dict_keys(['example_trigger_controller_dag']) retrieved from /home/jorge/Desktop/MÁSTER/SEGUNDO CURSO/BDFI/practica_docker/env/lib/python3.8/site-packages/airflow/example_dags/example_trigger_controller_dag.py
[2025-01-12 14:14:55,856] {logging_mixin.py:109} INFO - [2025-01-12 14:14:55,856] {dag.py:1834} INFO - Sync 1 DAGs
[2025-01-12 14:14:55,861] {logging_mixin.py:109} INFO - [2025-01-12 14:14:55,861] {dag.py:2287} INFO - Setting next_dagrun for example_trigger_controller_dag to 2025-01-10 00:00:00+00:00
[2025-01-12 14:14:55,869] {processor.py:170} INFO - Processing /home/jorge/Desktop/MÁSTER/SEGUNDO CURSO/BDFI/practica_docker/env/lib/python3.8/site-packages/airflow/example_dags/example_trigger_controller_dag.py took 0.032 seconds
[2025-01-12 14:15:28,008] {processor.py:162} INFO - Started process (PID=286826) to work on /home/jorge/Desktop/MÁSTER/SEGUNDO CURSO/BDFI/practica_docker/env/lib/python3.8/site-packages/airflow/example_dags/example_trigger_controller_dag.py
[2025-01-12 14:15:28,014] {processor.py:613} INFO - Processing file /home/jorge/Desktop/MÁSTER/SEGUNDO CURSO/BDFI/practica_docker/env/lib/python3.8/site-packages/airflow/example_dags/example_trigger_controller_dag.py for tasks to queue
[2025-01-12 14:15:28,015] {logging_mixin.py:109} INFO - [2025-01-12 14:15:28,015] {dagbag.py:496} INFO - Filling up the DagBag from /home/jorge/Desktop/MÁSTER/SEGUNDO CURSO/BDFI/practica_docker/env/lib/python3.8/site-packages/airflow/example_dags/example_trigger_controller_dag.py
[2025-01-12 14:15:28,019] {processor.py:623} INFO - DAG(s) dict_keys(['example_trigger_controller_dag']) retrieved from /home/jorge/Desktop/MÁSTER/SEGUNDO CURSO/BDFI/practica_docker/env/lib/python3.8/site-packages/airflow/example_dags/example_trigger_controller_dag.py
[2025-01-12 14:15:28,031] {logging_mixin.py:109} INFO - [2025-01-12 14:15:28,030] {dag.py:1834} INFO - Sync 1 DAGs
[2025-01-12 14:15:28,037] {logging_mixin.py:109} INFO - [2025-01-12 14:15:28,037] {dag.py:2287} INFO - Setting next_dagrun for example_trigger_controller_dag to 2025-01-10 00:00:00+00:00
[2025-01-12 14:15:28,049] {processor.py:170} INFO - Processing /home/jorge/Desktop/MÁSTER/SEGUNDO CURSO/BDFI/practica_docker/env/lib/python3.8/site-packages/airflow/example_dags/example_trigger_controller_dag.py took 0.042 seconds
[2025-01-12 14:16:13,207] {processor.py:162} INFO - Started process (PID=289827) to work on /home/jorge/Desktop/MÁSTER/SEGUNDO CURSO/BDFI/practica_docker/env/lib/python3.8/site-packages/airflow/example_dags/example_trigger_controller_dag.py
[2025-01-12 14:16:13,213] {processor.py:613} INFO - Processing file /home/jorge/Desktop/MÁSTER/SEGUNDO CURSO/BDFI/practica_docker/env/lib/python3.8/site-packages/airflow/example_dags/example_trigger_controller_dag.py for tasks to queue
[2025-01-12 14:16:13,214] {logging_mixin.py:109} INFO - [2025-01-12 14:16:13,214] {dagbag.py:496} INFO - Filling up the DagBag from /home/jorge/Desktop/MÁSTER/SEGUNDO CURSO/BDFI/practica_docker/env/lib/python3.8/site-packages/airflow/example_dags/example_trigger_controller_dag.py
[2025-01-12 14:16:13,219] {processor.py:623} INFO - DAG(s) dict_keys(['example_trigger_controller_dag']) retrieved from /home/jorge/Desktop/MÁSTER/SEGUNDO CURSO/BDFI/practica_docker/env/lib/python3.8/site-packages/airflow/example_dags/example_trigger_controller_dag.py
[2025-01-12 14:16:13,228] {logging_mixin.py:109} INFO - [2025-01-12 14:16:13,228] {dag.py:1834} INFO - Sync 1 DAGs
[2025-01-12 14:16:13,234] {logging_mixin.py:109} INFO - [2025-01-12 14:16:13,233] {dag.py:2287} INFO - Setting next_dagrun for example_trigger_controller_dag to 2025-01-10 00:00:00+00:00
[2025-01-12 14:16:13,242] {processor.py:170} INFO - Processing /home/jorge/Desktop/MÁSTER/SEGUNDO CURSO/BDFI/practica_docker/env/lib/python3.8/site-packages/airflow/example_dags/example_trigger_controller_dag.py took 0.037 seconds
[2025-01-12 14:16:49,577] {processor.py:162} INFO - Started process (PID=290422) to work on /home/jorge/Desktop/MÁSTER/SEGUNDO CURSO/BDFI/practica_docker/env/lib/python3.8/site-packages/airflow/example_dags/example_trigger_controller_dag.py
[2025-01-12 14:16:49,579] {processor.py:613} INFO - Processing file /home/jorge/Desktop/MÁSTER/SEGUNDO CURSO/BDFI/practica_docker/env/lib/python3.8/site-packages/airflow/example_dags/example_trigger_controller_dag.py for tasks to queue
[2025-01-12 14:16:49,580] {logging_mixin.py:109} INFO - [2025-01-12 14:16:49,580] {dagbag.py:496} INFO - Filling up the DagBag from /home/jorge/Desktop/MÁSTER/SEGUNDO CURSO/BDFI/practica_docker/env/lib/python3.8/site-packages/airflow/example_dags/example_trigger_controller_dag.py
[2025-01-12 14:16:49,600] {processor.py:623} INFO - DAG(s) dict_keys(['example_trigger_controller_dag']) retrieved from /home/jorge/Desktop/MÁSTER/SEGUNDO CURSO/BDFI/practica_docker/env/lib/python3.8/site-packages/airflow/example_dags/example_trigger_controller_dag.py
[2025-01-12 14:16:49,662] {logging_mixin.py:109} INFO - [2025-01-12 14:16:49,662] {dag.py:1834} INFO - Sync 1 DAGs
[2025-01-12 14:16:49,689] {logging_mixin.py:109} INFO - [2025-01-12 14:16:49,689] {dag.py:2287} INFO - Setting next_dagrun for example_trigger_controller_dag to 2025-01-10 00:00:00+00:00
[2025-01-12 14:16:49,733] {processor.py:170} INFO - Processing /home/jorge/Desktop/MÁSTER/SEGUNDO CURSO/BDFI/practica_docker/env/lib/python3.8/site-packages/airflow/example_dags/example_trigger_controller_dag.py took 0.161 seconds
[2025-01-12 14:17:24,163] {processor.py:162} INFO - Started process (PID=290954) to work on /home/jorge/Desktop/MÁSTER/SEGUNDO CURSO/BDFI/practica_docker/env/lib/python3.8/site-packages/airflow/example_dags/example_trigger_controller_dag.py
[2025-01-12 14:17:24,171] {processor.py:613} INFO - Processing file /home/jorge/Desktop/MÁSTER/SEGUNDO CURSO/BDFI/practica_docker/env/lib/python3.8/site-packages/airflow/example_dags/example_trigger_controller_dag.py for tasks to queue
[2025-01-12 14:17:24,172] {logging_mixin.py:109} INFO - [2025-01-12 14:17:24,172] {dagbag.py:496} INFO - Filling up the DagBag from /home/jorge/Desktop/MÁSTER/SEGUNDO CURSO/BDFI/practica_docker/env/lib/python3.8/site-packages/airflow/example_dags/example_trigger_controller_dag.py
[2025-01-12 14:17:24,176] {processor.py:623} INFO - DAG(s) dict_keys(['example_trigger_controller_dag']) retrieved from /home/jorge/Desktop/MÁSTER/SEGUNDO CURSO/BDFI/practica_docker/env/lib/python3.8/site-packages/airflow/example_dags/example_trigger_controller_dag.py
[2025-01-12 14:17:24,186] {logging_mixin.py:109} INFO - [2025-01-12 14:17:24,186] {dag.py:1834} INFO - Sync 1 DAGs
[2025-01-12 14:17:24,194] {logging_mixin.py:109} INFO - [2025-01-12 14:17:24,194] {dag.py:2287} INFO - Setting next_dagrun for example_trigger_controller_dag to 2025-01-10 00:00:00+00:00
[2025-01-12 14:17:24,207] {processor.py:170} INFO - Processing /home/jorge/Desktop/MÁSTER/SEGUNDO CURSO/BDFI/practica_docker/env/lib/python3.8/site-packages/airflow/example_dags/example_trigger_controller_dag.py took 0.046 seconds
[2025-01-12 14:17:56,940] {processor.py:162} INFO - Started process (PID=291117) to work on /home/jorge/Desktop/MÁSTER/SEGUNDO CURSO/BDFI/practica_docker/env/lib/python3.8/site-packages/airflow/example_dags/example_trigger_controller_dag.py
[2025-01-12 14:17:56,942] {processor.py:613} INFO - Processing file /home/jorge/Desktop/MÁSTER/SEGUNDO CURSO/BDFI/practica_docker/env/lib/python3.8/site-packages/airflow/example_dags/example_trigger_controller_dag.py for tasks to queue
[2025-01-12 14:17:56,944] {logging_mixin.py:109} INFO - [2025-01-12 14:17:56,943] {dagbag.py:496} INFO - Filling up the DagBag from /home/jorge/Desktop/MÁSTER/SEGUNDO CURSO/BDFI/practica_docker/env/lib/python3.8/site-packages/airflow/example_dags/example_trigger_controller_dag.py
[2025-01-12 14:17:56,950] {processor.py:623} INFO - DAG(s) dict_keys(['example_trigger_controller_dag']) retrieved from /home/jorge/Desktop/MÁSTER/SEGUNDO CURSO/BDFI/practica_docker/env/lib/python3.8/site-packages/airflow/example_dags/example_trigger_controller_dag.py
[2025-01-12 14:17:56,959] {logging_mixin.py:109} INFO - [2025-01-12 14:17:56,959] {dag.py:1834} INFO - Sync 1 DAGs
[2025-01-12 14:17:56,965] {logging_mixin.py:109} INFO - [2025-01-12 14:17:56,965] {dag.py:2287} INFO - Setting next_dagrun for example_trigger_controller_dag to 2025-01-10 00:00:00+00:00
[2025-01-12 14:17:56,973] {processor.py:170} INFO - Processing /home/jorge/Desktop/MÁSTER/SEGUNDO CURSO/BDFI/practica_docker/env/lib/python3.8/site-packages/airflow/example_dags/example_trigger_controller_dag.py took 0.037 seconds
[2025-01-12 14:18:30,381] {processor.py:162} INFO - Started process (PID=291593) to work on /home/jorge/Desktop/MÁSTER/SEGUNDO CURSO/BDFI/practica_docker/env/lib/python3.8/site-packages/airflow/example_dags/example_trigger_controller_dag.py
[2025-01-12 14:18:30,383] {processor.py:613} INFO - Processing file /home/jorge/Desktop/MÁSTER/SEGUNDO CURSO/BDFI/practica_docker/env/lib/python3.8/site-packages/airflow/example_dags/example_trigger_controller_dag.py for tasks to queue
[2025-01-12 14:18:30,384] {logging_mixin.py:109} INFO - [2025-01-12 14:18:30,384] {dagbag.py:496} INFO - Filling up the DagBag from /home/jorge/Desktop/MÁSTER/SEGUNDO CURSO/BDFI/practica_docker/env/lib/python3.8/site-packages/airflow/example_dags/example_trigger_controller_dag.py
[2025-01-12 14:18:30,391] {processor.py:623} INFO - DAG(s) dict_keys(['example_trigger_controller_dag']) retrieved from /home/jorge/Desktop/MÁSTER/SEGUNDO CURSO/BDFI/practica_docker/env/lib/python3.8/site-packages/airflow/example_dags/example_trigger_controller_dag.py
[2025-01-12 14:18:30,403] {logging_mixin.py:109} INFO - [2025-01-12 14:18:30,403] {dag.py:1834} INFO - Sync 1 DAGs
[2025-01-12 14:18:30,409] {logging_mixin.py:109} INFO - [2025-01-12 14:18:30,409] {dag.py:2287} INFO - Setting next_dagrun for example_trigger_controller_dag to 2025-01-10 00:00:00+00:00
[2025-01-12 14:18:30,418] {processor.py:170} INFO - Processing /home/jorge/Desktop/MÁSTER/SEGUNDO CURSO/BDFI/practica_docker/env/lib/python3.8/site-packages/airflow/example_dags/example_trigger_controller_dag.py took 0.041 seconds
[2025-01-12 14:19:03,054] {processor.py:162} INFO - Started process (PID=292002) to work on /home/jorge/Desktop/MÁSTER/SEGUNDO CURSO/BDFI/practica_docker/env/lib/python3.8/site-packages/airflow/example_dags/example_trigger_controller_dag.py
[2025-01-12 14:19:03,056] {processor.py:613} INFO - Processing file /home/jorge/Desktop/MÁSTER/SEGUNDO CURSO/BDFI/practica_docker/env/lib/python3.8/site-packages/airflow/example_dags/example_trigger_controller_dag.py for tasks to queue
[2025-01-12 14:19:03,056] {logging_mixin.py:109} INFO - [2025-01-12 14:19:03,056] {dagbag.py:496} INFO - Filling up the DagBag from /home/jorge/Desktop/MÁSTER/SEGUNDO CURSO/BDFI/practica_docker/env/lib/python3.8/site-packages/airflow/example_dags/example_trigger_controller_dag.py
[2025-01-12 14:19:03,060] {processor.py:623} INFO - DAG(s) dict_keys(['example_trigger_controller_dag']) retrieved from /home/jorge/Desktop/MÁSTER/SEGUNDO CURSO/BDFI/practica_docker/env/lib/python3.8/site-packages/airflow/example_dags/example_trigger_controller_dag.py
[2025-01-12 14:19:03,072] {logging_mixin.py:109} INFO - [2025-01-12 14:19:03,072] {dag.py:1834} INFO - Sync 1 DAGs
[2025-01-12 14:19:03,079] {logging_mixin.py:109} INFO - [2025-01-12 14:19:03,079] {dag.py:2287} INFO - Setting next_dagrun for example_trigger_controller_dag to 2025-01-10 00:00:00+00:00
[2025-01-12 14:19:03,091] {processor.py:170} INFO - Processing /home/jorge/Desktop/MÁSTER/SEGUNDO CURSO/BDFI/practica_docker/env/lib/python3.8/site-packages/airflow/example_dags/example_trigger_controller_dag.py took 0.039 seconds
[2025-01-12 14:19:39,170] {processor.py:162} INFO - Started process (PID=292969) to work on /home/jorge/Desktop/MÁSTER/SEGUNDO CURSO/BDFI/practica_docker/env/lib/python3.8/site-packages/airflow/example_dags/example_trigger_controller_dag.py
[2025-01-12 14:19:39,170] {processor.py:613} INFO - Processing file /home/jorge/Desktop/MÁSTER/SEGUNDO CURSO/BDFI/practica_docker/env/lib/python3.8/site-packages/airflow/example_dags/example_trigger_controller_dag.py for tasks to queue
[2025-01-12 14:19:39,171] {logging_mixin.py:109} INFO - [2025-01-12 14:19:39,171] {dagbag.py:496} INFO - Filling up the DagBag from /home/jorge/Desktop/MÁSTER/SEGUNDO CURSO/BDFI/practica_docker/env/lib/python3.8/site-packages/airflow/example_dags/example_trigger_controller_dag.py
[2025-01-12 14:19:39,177] {processor.py:623} INFO - DAG(s) dict_keys(['example_trigger_controller_dag']) retrieved from /home/jorge/Desktop/MÁSTER/SEGUNDO CURSO/BDFI/practica_docker/env/lib/python3.8/site-packages/airflow/example_dags/example_trigger_controller_dag.py
[2025-01-12 14:19:39,187] {logging_mixin.py:109} INFO - [2025-01-12 14:19:39,187] {dag.py:1834} INFO - Sync 1 DAGs
[2025-01-12 14:19:39,194] {logging_mixin.py:109} INFO - [2025-01-12 14:19:39,194] {dag.py:2287} INFO - Setting next_dagrun for example_trigger_controller_dag to 2025-01-10 00:00:00+00:00
[2025-01-12 14:19:39,205] {processor.py:170} INFO - Processing /home/jorge/Desktop/MÁSTER/SEGUNDO CURSO/BDFI/practica_docker/env/lib/python3.8/site-packages/airflow/example_dags/example_trigger_controller_dag.py took 0.037 seconds
[2025-01-12 14:20:12,899] {processor.py:162} INFO - Started process (PID=293159) to work on /home/jorge/Desktop/MÁSTER/SEGUNDO CURSO/BDFI/practica_docker/env/lib/python3.8/site-packages/airflow/example_dags/example_trigger_controller_dag.py
[2025-01-12 14:20:12,901] {processor.py:613} INFO - Processing file /home/jorge/Desktop/MÁSTER/SEGUNDO CURSO/BDFI/practica_docker/env/lib/python3.8/site-packages/airflow/example_dags/example_trigger_controller_dag.py for tasks to queue
[2025-01-12 14:20:12,901] {logging_mixin.py:109} INFO - [2025-01-12 14:20:12,901] {dagbag.py:496} INFO - Filling up the DagBag from /home/jorge/Desktop/MÁSTER/SEGUNDO CURSO/BDFI/practica_docker/env/lib/python3.8/site-packages/airflow/example_dags/example_trigger_controller_dag.py
[2025-01-12 14:20:12,919] {processor.py:623} INFO - DAG(s) dict_keys(['example_trigger_controller_dag']) retrieved from /home/jorge/Desktop/MÁSTER/SEGUNDO CURSO/BDFI/practica_docker/env/lib/python3.8/site-packages/airflow/example_dags/example_trigger_controller_dag.py
[2025-01-12 14:20:12,933] {logging_mixin.py:109} INFO - [2025-01-12 14:20:12,933] {dag.py:1834} INFO - Sync 1 DAGs
[2025-01-12 14:20:12,946] {logging_mixin.py:109} INFO - [2025-01-12 14:20:12,946] {dag.py:2287} INFO - Setting next_dagrun for example_trigger_controller_dag to 2025-01-10 00:00:00+00:00
[2025-01-12 14:20:12,962] {processor.py:170} INFO - Processing /home/jorge/Desktop/MÁSTER/SEGUNDO CURSO/BDFI/practica_docker/env/lib/python3.8/site-packages/airflow/example_dags/example_trigger_controller_dag.py took 0.065 seconds
