[2025-01-12 13:51:13,638] {processor.py:162} INFO - Started process (PID=281074) to work on /home/jorge/Desktop/MÁSTER/SEGUNDO CURSO/BDFI/practica_docker/env/lib/python3.8/site-packages/airflow/example_dags/example_skip_dag.py
[2025-01-12 13:51:13,640] {processor.py:613} INFO - Processing file /home/jorge/Desktop/MÁSTER/SEGUNDO CURSO/BDFI/practica_docker/env/lib/python3.8/site-packages/airflow/example_dags/example_skip_dag.py for tasks to queue
[2025-01-12 13:51:13,641] {logging_mixin.py:109} INFO - [2025-01-12 13:51:13,640] {dagbag.py:496} INFO - Filling up the DagBag from /home/jorge/Desktop/MÁSTER/SEGUNDO CURSO/BDFI/practica_docker/env/lib/python3.8/site-packages/airflow/example_dags/example_skip_dag.py
[2025-01-12 13:51:13,653] {processor.py:623} INFO - DAG(s) dict_keys(['example_skip_dag']) retrieved from /home/jorge/Desktop/MÁSTER/SEGUNDO CURSO/BDFI/practica_docker/env/lib/python3.8/site-packages/airflow/example_dags/example_skip_dag.py
[2025-01-12 13:51:13,663] {logging_mixin.py:109} INFO - [2025-01-12 13:51:13,663] {dag.py:1834} INFO - Sync 1 DAGs
[2025-01-12 13:51:13,669] {logging_mixin.py:109} INFO - [2025-01-12 13:51:13,669] {dag.py:2287} INFO - Setting next_dagrun for example_skip_dag to 2025-01-10 00:00:00+00:00
[2025-01-12 13:51:13,677] {processor.py:170} INFO - Processing /home/jorge/Desktop/MÁSTER/SEGUNDO CURSO/BDFI/practica_docker/env/lib/python3.8/site-packages/airflow/example_dags/example_skip_dag.py took 0.043 seconds
[2025-01-12 13:51:47,467] {processor.py:162} INFO - Started process (PID=281233) to work on /home/jorge/Desktop/MÁSTER/SEGUNDO CURSO/BDFI/practica_docker/env/lib/python3.8/site-packages/airflow/example_dags/example_skip_dag.py
[2025-01-12 13:51:47,474] {processor.py:613} INFO - Processing file /home/jorge/Desktop/MÁSTER/SEGUNDO CURSO/BDFI/practica_docker/env/lib/python3.8/site-packages/airflow/example_dags/example_skip_dag.py for tasks to queue
[2025-01-12 13:51:47,475] {logging_mixin.py:109} INFO - [2025-01-12 13:51:47,474] {dagbag.py:496} INFO - Filling up the DagBag from /home/jorge/Desktop/MÁSTER/SEGUNDO CURSO/BDFI/practica_docker/env/lib/python3.8/site-packages/airflow/example_dags/example_skip_dag.py
[2025-01-12 13:51:47,482] {processor.py:623} INFO - DAG(s) dict_keys(['example_skip_dag']) retrieved from /home/jorge/Desktop/MÁSTER/SEGUNDO CURSO/BDFI/practica_docker/env/lib/python3.8/site-packages/airflow/example_dags/example_skip_dag.py
[2025-01-12 13:51:47,492] {logging_mixin.py:109} INFO - [2025-01-12 13:51:47,492] {dag.py:1834} INFO - Sync 1 DAGs
[2025-01-12 13:51:47,498] {logging_mixin.py:109} INFO - [2025-01-12 13:51:47,498] {dag.py:2287} INFO - Setting next_dagrun for example_skip_dag to 2025-01-10 00:00:00+00:00
[2025-01-12 13:51:47,506] {processor.py:170} INFO - Processing /home/jorge/Desktop/MÁSTER/SEGUNDO CURSO/BDFI/practica_docker/env/lib/python3.8/site-packages/airflow/example_dags/example_skip_dag.py took 0.042 seconds
[2025-01-12 13:52:20,956] {processor.py:162} INFO - Started process (PID=281413) to work on /home/jorge/Desktop/MÁSTER/SEGUNDO CURSO/BDFI/practica_docker/env/lib/python3.8/site-packages/airflow/example_dags/example_skip_dag.py
[2025-01-12 13:52:20,958] {processor.py:613} INFO - Processing file /home/jorge/Desktop/MÁSTER/SEGUNDO CURSO/BDFI/practica_docker/env/lib/python3.8/site-packages/airflow/example_dags/example_skip_dag.py for tasks to queue
[2025-01-12 13:52:20,959] {logging_mixin.py:109} INFO - [2025-01-12 13:52:20,958] {dagbag.py:496} INFO - Filling up the DagBag from /home/jorge/Desktop/MÁSTER/SEGUNDO CURSO/BDFI/practica_docker/env/lib/python3.8/site-packages/airflow/example_dags/example_skip_dag.py
[2025-01-12 13:52:20,970] {processor.py:623} INFO - DAG(s) dict_keys(['example_skip_dag']) retrieved from /home/jorge/Desktop/MÁSTER/SEGUNDO CURSO/BDFI/practica_docker/env/lib/python3.8/site-packages/airflow/example_dags/example_skip_dag.py
[2025-01-12 13:52:20,986] {logging_mixin.py:109} INFO - [2025-01-12 13:52:20,986] {dag.py:1834} INFO - Sync 1 DAGs
[2025-01-12 13:52:20,998] {logging_mixin.py:109} INFO - [2025-01-12 13:52:20,997] {dag.py:2287} INFO - Setting next_dagrun for example_skip_dag to 2025-01-10 00:00:00+00:00
[2025-01-12 13:52:21,014] {processor.py:170} INFO - Processing /home/jorge/Desktop/MÁSTER/SEGUNDO CURSO/BDFI/practica_docker/env/lib/python3.8/site-packages/airflow/example_dags/example_skip_dag.py took 0.060 seconds
[2025-01-12 13:52:54,984] {processor.py:162} INFO - Started process (PID=281596) to work on /home/jorge/Desktop/MÁSTER/SEGUNDO CURSO/BDFI/practica_docker/env/lib/python3.8/site-packages/airflow/example_dags/example_skip_dag.py
[2025-01-12 13:52:54,985] {processor.py:613} INFO - Processing file /home/jorge/Desktop/MÁSTER/SEGUNDO CURSO/BDFI/practica_docker/env/lib/python3.8/site-packages/airflow/example_dags/example_skip_dag.py for tasks to queue
[2025-01-12 13:52:54,985] {logging_mixin.py:109} INFO - [2025-01-12 13:52:54,985] {dagbag.py:496} INFO - Filling up the DagBag from /home/jorge/Desktop/MÁSTER/SEGUNDO CURSO/BDFI/practica_docker/env/lib/python3.8/site-packages/airflow/example_dags/example_skip_dag.py
[2025-01-12 13:52:54,996] {processor.py:623} INFO - DAG(s) dict_keys(['example_skip_dag']) retrieved from /home/jorge/Desktop/MÁSTER/SEGUNDO CURSO/BDFI/practica_docker/env/lib/python3.8/site-packages/airflow/example_dags/example_skip_dag.py
[2025-01-12 13:52:55,011] {logging_mixin.py:109} INFO - [2025-01-12 13:52:55,011] {dag.py:1834} INFO - Sync 1 DAGs
[2025-01-12 13:52:55,019] {logging_mixin.py:109} INFO - [2025-01-12 13:52:55,019] {dag.py:2287} INFO - Setting next_dagrun for example_skip_dag to 2025-01-10 00:00:00+00:00
[2025-01-12 13:52:55,032] {processor.py:170} INFO - Processing /home/jorge/Desktop/MÁSTER/SEGUNDO CURSO/BDFI/practica_docker/env/lib/python3.8/site-packages/airflow/example_dags/example_skip_dag.py took 0.050 seconds
[2025-01-12 13:53:36,896] {processor.py:162} INFO - Started process (PID=281840) to work on /home/jorge/Desktop/MÁSTER/SEGUNDO CURSO/BDFI/practica_docker/env/lib/python3.8/site-packages/airflow/example_dags/example_skip_dag.py
[2025-01-12 13:53:36,897] {processor.py:613} INFO - Processing file /home/jorge/Desktop/MÁSTER/SEGUNDO CURSO/BDFI/practica_docker/env/lib/python3.8/site-packages/airflow/example_dags/example_skip_dag.py for tasks to queue
[2025-01-12 13:53:36,898] {logging_mixin.py:109} INFO - [2025-01-12 13:53:36,898] {dagbag.py:496} INFO - Filling up the DagBag from /home/jorge/Desktop/MÁSTER/SEGUNDO CURSO/BDFI/practica_docker/env/lib/python3.8/site-packages/airflow/example_dags/example_skip_dag.py
[2025-01-12 13:53:36,907] {processor.py:623} INFO - DAG(s) dict_keys(['example_skip_dag']) retrieved from /home/jorge/Desktop/MÁSTER/SEGUNDO CURSO/BDFI/practica_docker/env/lib/python3.8/site-packages/airflow/example_dags/example_skip_dag.py
[2025-01-12 13:53:36,917] {logging_mixin.py:109} INFO - [2025-01-12 13:53:36,917] {dag.py:1834} INFO - Sync 1 DAGs
[2025-01-12 13:53:36,926] {logging_mixin.py:109} INFO - [2025-01-12 13:53:36,926] {dag.py:2287} INFO - Setting next_dagrun for example_skip_dag to 2025-01-10 00:00:00+00:00
[2025-01-12 13:53:36,934] {processor.py:170} INFO - Processing /home/jorge/Desktop/MÁSTER/SEGUNDO CURSO/BDFI/practica_docker/env/lib/python3.8/site-packages/airflow/example_dags/example_skip_dag.py took 0.040 seconds
[2025-01-12 13:54:11,483] {processor.py:162} INFO - Started process (PID=282014) to work on /home/jorge/Desktop/MÁSTER/SEGUNDO CURSO/BDFI/practica_docker/env/lib/python3.8/site-packages/airflow/example_dags/example_skip_dag.py
[2025-01-12 13:54:11,484] {processor.py:613} INFO - Processing file /home/jorge/Desktop/MÁSTER/SEGUNDO CURSO/BDFI/practica_docker/env/lib/python3.8/site-packages/airflow/example_dags/example_skip_dag.py for tasks to queue
[2025-01-12 13:54:11,485] {logging_mixin.py:109} INFO - [2025-01-12 13:54:11,485] {dagbag.py:496} INFO - Filling up the DagBag from /home/jorge/Desktop/MÁSTER/SEGUNDO CURSO/BDFI/practica_docker/env/lib/python3.8/site-packages/airflow/example_dags/example_skip_dag.py
[2025-01-12 13:54:11,495] {processor.py:623} INFO - DAG(s) dict_keys(['example_skip_dag']) retrieved from /home/jorge/Desktop/MÁSTER/SEGUNDO CURSO/BDFI/practica_docker/env/lib/python3.8/site-packages/airflow/example_dags/example_skip_dag.py
[2025-01-12 13:54:11,508] {logging_mixin.py:109} INFO - [2025-01-12 13:54:11,508] {dag.py:1834} INFO - Sync 1 DAGs
[2025-01-12 13:54:11,518] {logging_mixin.py:109} INFO - [2025-01-12 13:54:11,518] {dag.py:2287} INFO - Setting next_dagrun for example_skip_dag to 2025-01-10 00:00:00+00:00
[2025-01-12 13:54:11,530] {processor.py:170} INFO - Processing /home/jorge/Desktop/MÁSTER/SEGUNDO CURSO/BDFI/practica_docker/env/lib/python3.8/site-packages/airflow/example_dags/example_skip_dag.py took 0.050 seconds
[2025-01-12 13:54:45,681] {processor.py:162} INFO - Started process (PID=282173) to work on /home/jorge/Desktop/MÁSTER/SEGUNDO CURSO/BDFI/practica_docker/env/lib/python3.8/site-packages/airflow/example_dags/example_skip_dag.py
[2025-01-12 13:54:45,681] {processor.py:613} INFO - Processing file /home/jorge/Desktop/MÁSTER/SEGUNDO CURSO/BDFI/practica_docker/env/lib/python3.8/site-packages/airflow/example_dags/example_skip_dag.py for tasks to queue
[2025-01-12 13:54:45,682] {logging_mixin.py:109} INFO - [2025-01-12 13:54:45,682] {dagbag.py:496} INFO - Filling up the DagBag from /home/jorge/Desktop/MÁSTER/SEGUNDO CURSO/BDFI/practica_docker/env/lib/python3.8/site-packages/airflow/example_dags/example_skip_dag.py
[2025-01-12 13:54:45,689] {processor.py:623} INFO - DAG(s) dict_keys(['example_skip_dag']) retrieved from /home/jorge/Desktop/MÁSTER/SEGUNDO CURSO/BDFI/practica_docker/env/lib/python3.8/site-packages/airflow/example_dags/example_skip_dag.py
[2025-01-12 13:54:45,698] {logging_mixin.py:109} INFO - [2025-01-12 13:54:45,698] {dag.py:1834} INFO - Sync 1 DAGs
[2025-01-12 13:54:45,704] {logging_mixin.py:109} INFO - [2025-01-12 13:54:45,704] {dag.py:2287} INFO - Setting next_dagrun for example_skip_dag to 2025-01-10 00:00:00+00:00
[2025-01-12 13:54:45,712] {processor.py:170} INFO - Processing /home/jorge/Desktop/MÁSTER/SEGUNDO CURSO/BDFI/practica_docker/env/lib/python3.8/site-packages/airflow/example_dags/example_skip_dag.py took 0.033 seconds
[2025-01-12 13:55:18,402] {processor.py:162} INFO - Started process (PID=282336) to work on /home/jorge/Desktop/MÁSTER/SEGUNDO CURSO/BDFI/practica_docker/env/lib/python3.8/site-packages/airflow/example_dags/example_skip_dag.py
[2025-01-12 13:55:18,404] {processor.py:613} INFO - Processing file /home/jorge/Desktop/MÁSTER/SEGUNDO CURSO/BDFI/practica_docker/env/lib/python3.8/site-packages/airflow/example_dags/example_skip_dag.py for tasks to queue
[2025-01-12 13:55:18,405] {logging_mixin.py:109} INFO - [2025-01-12 13:55:18,405] {dagbag.py:496} INFO - Filling up the DagBag from /home/jorge/Desktop/MÁSTER/SEGUNDO CURSO/BDFI/practica_docker/env/lib/python3.8/site-packages/airflow/example_dags/example_skip_dag.py
[2025-01-12 13:55:18,415] {processor.py:623} INFO - DAG(s) dict_keys(['example_skip_dag']) retrieved from /home/jorge/Desktop/MÁSTER/SEGUNDO CURSO/BDFI/practica_docker/env/lib/python3.8/site-packages/airflow/example_dags/example_skip_dag.py
[2025-01-12 13:55:18,425] {logging_mixin.py:109} INFO - [2025-01-12 13:55:18,425] {dag.py:1834} INFO - Sync 1 DAGs
[2025-01-12 13:55:18,431] {logging_mixin.py:109} INFO - [2025-01-12 13:55:18,431] {dag.py:2287} INFO - Setting next_dagrun for example_skip_dag to 2025-01-10 00:00:00+00:00
[2025-01-12 13:55:18,440] {processor.py:170} INFO - Processing /home/jorge/Desktop/MÁSTER/SEGUNDO CURSO/BDFI/practica_docker/env/lib/python3.8/site-packages/airflow/example_dags/example_skip_dag.py took 0.041 seconds
[2025-01-12 13:55:52,949] {processor.py:162} INFO - Started process (PID=282627) to work on /home/jorge/Desktop/MÁSTER/SEGUNDO CURSO/BDFI/practica_docker/env/lib/python3.8/site-packages/airflow/example_dags/example_skip_dag.py
[2025-01-12 13:55:52,951] {processor.py:613} INFO - Processing file /home/jorge/Desktop/MÁSTER/SEGUNDO CURSO/BDFI/practica_docker/env/lib/python3.8/site-packages/airflow/example_dags/example_skip_dag.py for tasks to queue
[2025-01-12 13:55:52,951] {logging_mixin.py:109} INFO - [2025-01-12 13:55:52,951] {dagbag.py:496} INFO - Filling up the DagBag from /home/jorge/Desktop/MÁSTER/SEGUNDO CURSO/BDFI/practica_docker/env/lib/python3.8/site-packages/airflow/example_dags/example_skip_dag.py
[2025-01-12 13:55:52,959] {processor.py:623} INFO - DAG(s) dict_keys(['example_skip_dag']) retrieved from /home/jorge/Desktop/MÁSTER/SEGUNDO CURSO/BDFI/practica_docker/env/lib/python3.8/site-packages/airflow/example_dags/example_skip_dag.py
[2025-01-12 13:55:52,977] {logging_mixin.py:109} INFO - [2025-01-12 13:55:52,977] {dag.py:1834} INFO - Sync 1 DAGs
[2025-01-12 13:55:52,987] {logging_mixin.py:109} INFO - [2025-01-12 13:55:52,987] {dag.py:2287} INFO - Setting next_dagrun for example_skip_dag to 2025-01-10 00:00:00+00:00
[2025-01-12 13:55:53,007] {processor.py:170} INFO - Processing /home/jorge/Desktop/MÁSTER/SEGUNDO CURSO/BDFI/practica_docker/env/lib/python3.8/site-packages/airflow/example_dags/example_skip_dag.py took 0.060 seconds
[2025-01-12 13:56:28,996] {processor.py:162} INFO - Started process (PID=282889) to work on /home/jorge/Desktop/MÁSTER/SEGUNDO CURSO/BDFI/practica_docker/env/lib/python3.8/site-packages/airflow/example_dags/example_skip_dag.py
[2025-01-12 13:56:28,998] {processor.py:613} INFO - Processing file /home/jorge/Desktop/MÁSTER/SEGUNDO CURSO/BDFI/practica_docker/env/lib/python3.8/site-packages/airflow/example_dags/example_skip_dag.py for tasks to queue
[2025-01-12 13:56:28,999] {logging_mixin.py:109} INFO - [2025-01-12 13:56:28,999] {dagbag.py:496} INFO - Filling up the DagBag from /home/jorge/Desktop/MÁSTER/SEGUNDO CURSO/BDFI/practica_docker/env/lib/python3.8/site-packages/airflow/example_dags/example_skip_dag.py
[2025-01-12 13:56:29,036] {processor.py:623} INFO - DAG(s) dict_keys(['example_skip_dag']) retrieved from /home/jorge/Desktop/MÁSTER/SEGUNDO CURSO/BDFI/practica_docker/env/lib/python3.8/site-packages/airflow/example_dags/example_skip_dag.py
[2025-01-12 13:56:29,070] {logging_mixin.py:109} INFO - [2025-01-12 13:56:29,070] {dag.py:1834} INFO - Sync 1 DAGs
[2025-01-12 13:56:29,087] {logging_mixin.py:109} INFO - [2025-01-12 13:56:29,086] {dag.py:2287} INFO - Setting next_dagrun for example_skip_dag to 2025-01-10 00:00:00+00:00
[2025-01-12 13:56:29,116] {processor.py:170} INFO - Processing /home/jorge/Desktop/MÁSTER/SEGUNDO CURSO/BDFI/practica_docker/env/lib/python3.8/site-packages/airflow/example_dags/example_skip_dag.py took 0.126 seconds
[2025-01-12 13:57:04,864] {processor.py:162} INFO - Started process (PID=283111) to work on /home/jorge/Desktop/MÁSTER/SEGUNDO CURSO/BDFI/practica_docker/env/lib/python3.8/site-packages/airflow/example_dags/example_skip_dag.py
[2025-01-12 13:57:04,865] {processor.py:613} INFO - Processing file /home/jorge/Desktop/MÁSTER/SEGUNDO CURSO/BDFI/practica_docker/env/lib/python3.8/site-packages/airflow/example_dags/example_skip_dag.py for tasks to queue
[2025-01-12 13:57:04,866] {logging_mixin.py:109} INFO - [2025-01-12 13:57:04,866] {dagbag.py:496} INFO - Filling up the DagBag from /home/jorge/Desktop/MÁSTER/SEGUNDO CURSO/BDFI/practica_docker/env/lib/python3.8/site-packages/airflow/example_dags/example_skip_dag.py
[2025-01-12 13:57:04,882] {processor.py:623} INFO - DAG(s) dict_keys(['example_skip_dag']) retrieved from /home/jorge/Desktop/MÁSTER/SEGUNDO CURSO/BDFI/practica_docker/env/lib/python3.8/site-packages/airflow/example_dags/example_skip_dag.py
[2025-01-12 13:57:04,899] {logging_mixin.py:109} INFO - [2025-01-12 13:57:04,899] {dag.py:1834} INFO - Sync 1 DAGs
[2025-01-12 13:57:04,909] {logging_mixin.py:109} INFO - [2025-01-12 13:57:04,909] {dag.py:2287} INFO - Setting next_dagrun for example_skip_dag to 2025-01-10 00:00:00+00:00
[2025-01-12 13:57:04,925] {processor.py:170} INFO - Processing /home/jorge/Desktop/MÁSTER/SEGUNDO CURSO/BDFI/practica_docker/env/lib/python3.8/site-packages/airflow/example_dags/example_skip_dag.py took 0.063 seconds
[2025-01-12 13:57:40,913] {processor.py:162} INFO - Started process (PID=283270) to work on /home/jorge/Desktop/MÁSTER/SEGUNDO CURSO/BDFI/practica_docker/env/lib/python3.8/site-packages/airflow/example_dags/example_skip_dag.py
[2025-01-12 13:57:40,915] {processor.py:613} INFO - Processing file /home/jorge/Desktop/MÁSTER/SEGUNDO CURSO/BDFI/practica_docker/env/lib/python3.8/site-packages/airflow/example_dags/example_skip_dag.py for tasks to queue
[2025-01-12 13:57:40,915] {logging_mixin.py:109} INFO - [2025-01-12 13:57:40,915] {dagbag.py:496} INFO - Filling up the DagBag from /home/jorge/Desktop/MÁSTER/SEGUNDO CURSO/BDFI/practica_docker/env/lib/python3.8/site-packages/airflow/example_dags/example_skip_dag.py
[2025-01-12 13:57:40,938] {processor.py:623} INFO - DAG(s) dict_keys(['example_skip_dag']) retrieved from /home/jorge/Desktop/MÁSTER/SEGUNDO CURSO/BDFI/practica_docker/env/lib/python3.8/site-packages/airflow/example_dags/example_skip_dag.py
[2025-01-12 13:57:40,953] {logging_mixin.py:109} INFO - [2025-01-12 13:57:40,953] {dag.py:1834} INFO - Sync 1 DAGs
[2025-01-12 13:57:40,962] {logging_mixin.py:109} INFO - [2025-01-12 13:57:40,961] {dag.py:2287} INFO - Setting next_dagrun for example_skip_dag to 2025-01-10 00:00:00+00:00
[2025-01-12 13:57:40,974] {processor.py:170} INFO - Processing /home/jorge/Desktop/MÁSTER/SEGUNDO CURSO/BDFI/practica_docker/env/lib/python3.8/site-packages/airflow/example_dags/example_skip_dag.py took 0.063 seconds
[2025-01-12 14:06:03,841] {processor.py:162} INFO - Started process (PID=283710) to work on /home/jorge/Desktop/MÁSTER/SEGUNDO CURSO/BDFI/practica_docker/env/lib/python3.8/site-packages/airflow/example_dags/example_skip_dag.py
[2025-01-12 14:06:03,842] {processor.py:613} INFO - Processing file /home/jorge/Desktop/MÁSTER/SEGUNDO CURSO/BDFI/practica_docker/env/lib/python3.8/site-packages/airflow/example_dags/example_skip_dag.py for tasks to queue
[2025-01-12 14:06:03,842] {logging_mixin.py:109} INFO - [2025-01-12 14:06:03,842] {dagbag.py:496} INFO - Filling up the DagBag from /home/jorge/Desktop/MÁSTER/SEGUNDO CURSO/BDFI/practica_docker/env/lib/python3.8/site-packages/airflow/example_dags/example_skip_dag.py
[2025-01-12 14:06:03,848] {processor.py:623} INFO - DAG(s) dict_keys(['example_skip_dag']) retrieved from /home/jorge/Desktop/MÁSTER/SEGUNDO CURSO/BDFI/practica_docker/env/lib/python3.8/site-packages/airflow/example_dags/example_skip_dag.py
[2025-01-12 14:06:03,857] {logging_mixin.py:109} INFO - [2025-01-12 14:06:03,857] {dag.py:1834} INFO - Sync 1 DAGs
[2025-01-12 14:06:03,863] {logging_mixin.py:109} INFO - [2025-01-12 14:06:03,863] {dag.py:2287} INFO - Setting next_dagrun for example_skip_dag to 2025-01-10 00:00:00+00:00
[2025-01-12 14:06:03,871] {processor.py:170} INFO - Processing /home/jorge/Desktop/MÁSTER/SEGUNDO CURSO/BDFI/practica_docker/env/lib/python3.8/site-packages/airflow/example_dags/example_skip_dag.py took 0.032 seconds
[2025-01-12 14:06:37,187] {processor.py:162} INFO - Started process (PID=283858) to work on /home/jorge/Desktop/MÁSTER/SEGUNDO CURSO/BDFI/practica_docker/env/lib/python3.8/site-packages/airflow/example_dags/example_skip_dag.py
[2025-01-12 14:06:37,188] {processor.py:613} INFO - Processing file /home/jorge/Desktop/MÁSTER/SEGUNDO CURSO/BDFI/practica_docker/env/lib/python3.8/site-packages/airflow/example_dags/example_skip_dag.py for tasks to queue
[2025-01-12 14:06:37,188] {logging_mixin.py:109} INFO - [2025-01-12 14:06:37,188] {dagbag.py:496} INFO - Filling up the DagBag from /home/jorge/Desktop/MÁSTER/SEGUNDO CURSO/BDFI/practica_docker/env/lib/python3.8/site-packages/airflow/example_dags/example_skip_dag.py
[2025-01-12 14:06:37,193] {processor.py:623} INFO - DAG(s) dict_keys(['example_skip_dag']) retrieved from /home/jorge/Desktop/MÁSTER/SEGUNDO CURSO/BDFI/practica_docker/env/lib/python3.8/site-packages/airflow/example_dags/example_skip_dag.py
[2025-01-12 14:06:37,201] {logging_mixin.py:109} INFO - [2025-01-12 14:06:37,201] {dag.py:1834} INFO - Sync 1 DAGs
[2025-01-12 14:06:37,206] {logging_mixin.py:109} INFO - [2025-01-12 14:06:37,206] {dag.py:2287} INFO - Setting next_dagrun for example_skip_dag to 2025-01-10 00:00:00+00:00
[2025-01-12 14:06:37,214] {processor.py:170} INFO - Processing /home/jorge/Desktop/MÁSTER/SEGUNDO CURSO/BDFI/practica_docker/env/lib/python3.8/site-packages/airflow/example_dags/example_skip_dag.py took 0.028 seconds
[2025-01-12 14:07:09,831] {processor.py:162} INFO - Started process (PID=284016) to work on /home/jorge/Desktop/MÁSTER/SEGUNDO CURSO/BDFI/practica_docker/env/lib/python3.8/site-packages/airflow/example_dags/example_skip_dag.py
[2025-01-12 14:07:09,836] {processor.py:613} INFO - Processing file /home/jorge/Desktop/MÁSTER/SEGUNDO CURSO/BDFI/practica_docker/env/lib/python3.8/site-packages/airflow/example_dags/example_skip_dag.py for tasks to queue
[2025-01-12 14:07:09,836] {logging_mixin.py:109} INFO - [2025-01-12 14:07:09,836] {dagbag.py:496} INFO - Filling up the DagBag from /home/jorge/Desktop/MÁSTER/SEGUNDO CURSO/BDFI/practica_docker/env/lib/python3.8/site-packages/airflow/example_dags/example_skip_dag.py
[2025-01-12 14:07:09,841] {processor.py:623} INFO - DAG(s) dict_keys(['example_skip_dag']) retrieved from /home/jorge/Desktop/MÁSTER/SEGUNDO CURSO/BDFI/practica_docker/env/lib/python3.8/site-packages/airflow/example_dags/example_skip_dag.py
[2025-01-12 14:07:09,849] {logging_mixin.py:109} INFO - [2025-01-12 14:07:09,849] {dag.py:1834} INFO - Sync 1 DAGs
[2025-01-12 14:07:09,854] {logging_mixin.py:109} INFO - [2025-01-12 14:07:09,854] {dag.py:2287} INFO - Setting next_dagrun for example_skip_dag to 2025-01-10 00:00:00+00:00
[2025-01-12 14:07:09,861] {processor.py:170} INFO - Processing /home/jorge/Desktop/MÁSTER/SEGUNDO CURSO/BDFI/practica_docker/env/lib/python3.8/site-packages/airflow/example_dags/example_skip_dag.py took 0.032 seconds
[2025-01-12 14:07:43,205] {processor.py:162} INFO - Started process (PID=284168) to work on /home/jorge/Desktop/MÁSTER/SEGUNDO CURSO/BDFI/practica_docker/env/lib/python3.8/site-packages/airflow/example_dags/example_skip_dag.py
[2025-01-12 14:07:43,207] {processor.py:613} INFO - Processing file /home/jorge/Desktop/MÁSTER/SEGUNDO CURSO/BDFI/practica_docker/env/lib/python3.8/site-packages/airflow/example_dags/example_skip_dag.py for tasks to queue
[2025-01-12 14:07:43,207] {logging_mixin.py:109} INFO - [2025-01-12 14:07:43,207] {dagbag.py:496} INFO - Filling up the DagBag from /home/jorge/Desktop/MÁSTER/SEGUNDO CURSO/BDFI/practica_docker/env/lib/python3.8/site-packages/airflow/example_dags/example_skip_dag.py
[2025-01-12 14:07:43,212] {processor.py:623} INFO - DAG(s) dict_keys(['example_skip_dag']) retrieved from /home/jorge/Desktop/MÁSTER/SEGUNDO CURSO/BDFI/practica_docker/env/lib/python3.8/site-packages/airflow/example_dags/example_skip_dag.py
[2025-01-12 14:07:43,222] {logging_mixin.py:109} INFO - [2025-01-12 14:07:43,222] {dag.py:1834} INFO - Sync 1 DAGs
[2025-01-12 14:07:43,229] {logging_mixin.py:109} INFO - [2025-01-12 14:07:43,228] {dag.py:2287} INFO - Setting next_dagrun for example_skip_dag to 2025-01-10 00:00:00+00:00
[2025-01-12 14:07:43,248] {processor.py:170} INFO - Processing /home/jorge/Desktop/MÁSTER/SEGUNDO CURSO/BDFI/practica_docker/env/lib/python3.8/site-packages/airflow/example_dags/example_skip_dag.py took 0.046 seconds
[2025-01-12 14:08:16,096] {processor.py:162} INFO - Started process (PID=284313) to work on /home/jorge/Desktop/MÁSTER/SEGUNDO CURSO/BDFI/practica_docker/env/lib/python3.8/site-packages/airflow/example_dags/example_skip_dag.py
[2025-01-12 14:08:16,103] {processor.py:613} INFO - Processing file /home/jorge/Desktop/MÁSTER/SEGUNDO CURSO/BDFI/practica_docker/env/lib/python3.8/site-packages/airflow/example_dags/example_skip_dag.py for tasks to queue
[2025-01-12 14:08:16,104] {logging_mixin.py:109} INFO - [2025-01-12 14:08:16,103] {dagbag.py:496} INFO - Filling up the DagBag from /home/jorge/Desktop/MÁSTER/SEGUNDO CURSO/BDFI/practica_docker/env/lib/python3.8/site-packages/airflow/example_dags/example_skip_dag.py
[2025-01-12 14:08:16,110] {processor.py:623} INFO - DAG(s) dict_keys(['example_skip_dag']) retrieved from /home/jorge/Desktop/MÁSTER/SEGUNDO CURSO/BDFI/practica_docker/env/lib/python3.8/site-packages/airflow/example_dags/example_skip_dag.py
[2025-01-12 14:08:16,121] {logging_mixin.py:109} INFO - [2025-01-12 14:08:16,121] {dag.py:1834} INFO - Sync 1 DAGs
[2025-01-12 14:08:16,125] {logging_mixin.py:109} INFO - [2025-01-12 14:08:16,125] {dag.py:2287} INFO - Setting next_dagrun for example_skip_dag to 2025-01-10 00:00:00+00:00
[2025-01-12 14:08:16,133] {processor.py:170} INFO - Processing /home/jorge/Desktop/MÁSTER/SEGUNDO CURSO/BDFI/practica_docker/env/lib/python3.8/site-packages/airflow/example_dags/example_skip_dag.py took 0.039 seconds
[2025-01-12 14:08:47,775] {processor.py:162} INFO - Started process (PID=284463) to work on /home/jorge/Desktop/MÁSTER/SEGUNDO CURSO/BDFI/practica_docker/env/lib/python3.8/site-packages/airflow/example_dags/example_skip_dag.py
[2025-01-12 14:08:47,781] {processor.py:613} INFO - Processing file /home/jorge/Desktop/MÁSTER/SEGUNDO CURSO/BDFI/practica_docker/env/lib/python3.8/site-packages/airflow/example_dags/example_skip_dag.py for tasks to queue
[2025-01-12 14:08:47,782] {logging_mixin.py:109} INFO - [2025-01-12 14:08:47,782] {dagbag.py:496} INFO - Filling up the DagBag from /home/jorge/Desktop/MÁSTER/SEGUNDO CURSO/BDFI/practica_docker/env/lib/python3.8/site-packages/airflow/example_dags/example_skip_dag.py
[2025-01-12 14:08:47,787] {processor.py:623} INFO - DAG(s) dict_keys(['example_skip_dag']) retrieved from /home/jorge/Desktop/MÁSTER/SEGUNDO CURSO/BDFI/practica_docker/env/lib/python3.8/site-packages/airflow/example_dags/example_skip_dag.py
[2025-01-12 14:08:47,798] {logging_mixin.py:109} INFO - [2025-01-12 14:08:47,798] {dag.py:1834} INFO - Sync 1 DAGs
[2025-01-12 14:08:47,804] {logging_mixin.py:109} INFO - [2025-01-12 14:08:47,804] {dag.py:2287} INFO - Setting next_dagrun for example_skip_dag to 2025-01-10 00:00:00+00:00
[2025-01-12 14:08:47,812] {processor.py:170} INFO - Processing /home/jorge/Desktop/MÁSTER/SEGUNDO CURSO/BDFI/practica_docker/env/lib/python3.8/site-packages/airflow/example_dags/example_skip_dag.py took 0.040 seconds
[2025-01-12 14:09:21,512] {processor.py:162} INFO - Started process (PID=284605) to work on /home/jorge/Desktop/MÁSTER/SEGUNDO CURSO/BDFI/practica_docker/env/lib/python3.8/site-packages/airflow/example_dags/example_skip_dag.py
[2025-01-12 14:09:21,518] {processor.py:613} INFO - Processing file /home/jorge/Desktop/MÁSTER/SEGUNDO CURSO/BDFI/practica_docker/env/lib/python3.8/site-packages/airflow/example_dags/example_skip_dag.py for tasks to queue
[2025-01-12 14:09:21,519] {logging_mixin.py:109} INFO - [2025-01-12 14:09:21,519] {dagbag.py:496} INFO - Filling up the DagBag from /home/jorge/Desktop/MÁSTER/SEGUNDO CURSO/BDFI/practica_docker/env/lib/python3.8/site-packages/airflow/example_dags/example_skip_dag.py
[2025-01-12 14:09:21,527] {processor.py:623} INFO - DAG(s) dict_keys(['example_skip_dag']) retrieved from /home/jorge/Desktop/MÁSTER/SEGUNDO CURSO/BDFI/practica_docker/env/lib/python3.8/site-packages/airflow/example_dags/example_skip_dag.py
[2025-01-12 14:09:21,536] {logging_mixin.py:109} INFO - [2025-01-12 14:09:21,536] {dag.py:1834} INFO - Sync 1 DAGs
[2025-01-12 14:09:21,541] {logging_mixin.py:109} INFO - [2025-01-12 14:09:21,541] {dag.py:2287} INFO - Setting next_dagrun for example_skip_dag to 2025-01-10 00:00:00+00:00
[2025-01-12 14:09:21,549] {processor.py:170} INFO - Processing /home/jorge/Desktop/MÁSTER/SEGUNDO CURSO/BDFI/practica_docker/env/lib/python3.8/site-packages/airflow/example_dags/example_skip_dag.py took 0.039 seconds
[2025-01-12 14:09:55,254] {processor.py:162} INFO - Started process (PID=284779) to work on /home/jorge/Desktop/MÁSTER/SEGUNDO CURSO/BDFI/practica_docker/env/lib/python3.8/site-packages/airflow/example_dags/example_skip_dag.py
[2025-01-12 14:09:55,261] {processor.py:613} INFO - Processing file /home/jorge/Desktop/MÁSTER/SEGUNDO CURSO/BDFI/practica_docker/env/lib/python3.8/site-packages/airflow/example_dags/example_skip_dag.py for tasks to queue
[2025-01-12 14:09:55,262] {logging_mixin.py:109} INFO - [2025-01-12 14:09:55,261] {dagbag.py:496} INFO - Filling up the DagBag from /home/jorge/Desktop/MÁSTER/SEGUNDO CURSO/BDFI/practica_docker/env/lib/python3.8/site-packages/airflow/example_dags/example_skip_dag.py
[2025-01-12 14:09:55,268] {processor.py:623} INFO - DAG(s) dict_keys(['example_skip_dag']) retrieved from /home/jorge/Desktop/MÁSTER/SEGUNDO CURSO/BDFI/practica_docker/env/lib/python3.8/site-packages/airflow/example_dags/example_skip_dag.py
[2025-01-12 14:09:55,279] {logging_mixin.py:109} INFO - [2025-01-12 14:09:55,279] {dag.py:1834} INFO - Sync 1 DAGs
[2025-01-12 14:09:55,284] {logging_mixin.py:109} INFO - [2025-01-12 14:09:55,284] {dag.py:2287} INFO - Setting next_dagrun for example_skip_dag to 2025-01-10 00:00:00+00:00
[2025-01-12 14:09:55,293] {processor.py:170} INFO - Processing /home/jorge/Desktop/MÁSTER/SEGUNDO CURSO/BDFI/practica_docker/env/lib/python3.8/site-packages/airflow/example_dags/example_skip_dag.py took 0.043 seconds
[2025-01-12 14:10:27,578] {processor.py:162} INFO - Started process (PID=284919) to work on /home/jorge/Desktop/MÁSTER/SEGUNDO CURSO/BDFI/practica_docker/env/lib/python3.8/site-packages/airflow/example_dags/example_skip_dag.py
[2025-01-12 14:10:27,579] {processor.py:613} INFO - Processing file /home/jorge/Desktop/MÁSTER/SEGUNDO CURSO/BDFI/practica_docker/env/lib/python3.8/site-packages/airflow/example_dags/example_skip_dag.py for tasks to queue
[2025-01-12 14:10:27,580] {logging_mixin.py:109} INFO - [2025-01-12 14:10:27,580] {dagbag.py:496} INFO - Filling up the DagBag from /home/jorge/Desktop/MÁSTER/SEGUNDO CURSO/BDFI/practica_docker/env/lib/python3.8/site-packages/airflow/example_dags/example_skip_dag.py
[2025-01-12 14:10:27,583] {processor.py:623} INFO - DAG(s) dict_keys(['example_skip_dag']) retrieved from /home/jorge/Desktop/MÁSTER/SEGUNDO CURSO/BDFI/practica_docker/env/lib/python3.8/site-packages/airflow/example_dags/example_skip_dag.py
[2025-01-12 14:10:27,593] {logging_mixin.py:109} INFO - [2025-01-12 14:10:27,593] {dag.py:1834} INFO - Sync 1 DAGs
[2025-01-12 14:10:27,601] {logging_mixin.py:109} INFO - [2025-01-12 14:10:27,600] {dag.py:2287} INFO - Setting next_dagrun for example_skip_dag to 2025-01-10 00:00:00+00:00
[2025-01-12 14:10:27,612] {processor.py:170} INFO - Processing /home/jorge/Desktop/MÁSTER/SEGUNDO CURSO/BDFI/practica_docker/env/lib/python3.8/site-packages/airflow/example_dags/example_skip_dag.py took 0.035 seconds
[2025-01-12 14:11:05,265] {processor.py:162} INFO - Started process (PID=285217) to work on /home/jorge/Desktop/MÁSTER/SEGUNDO CURSO/BDFI/practica_docker/env/lib/python3.8/site-packages/airflow/example_dags/example_skip_dag.py
[2025-01-12 14:11:05,267] {processor.py:613} INFO - Processing file /home/jorge/Desktop/MÁSTER/SEGUNDO CURSO/BDFI/practica_docker/env/lib/python3.8/site-packages/airflow/example_dags/example_skip_dag.py for tasks to queue
[2025-01-12 14:11:05,268] {logging_mixin.py:109} INFO - [2025-01-12 14:11:05,268] {dagbag.py:496} INFO - Filling up the DagBag from /home/jorge/Desktop/MÁSTER/SEGUNDO CURSO/BDFI/practica_docker/env/lib/python3.8/site-packages/airflow/example_dags/example_skip_dag.py
[2025-01-12 14:11:05,275] {processor.py:623} INFO - DAG(s) dict_keys(['example_skip_dag']) retrieved from /home/jorge/Desktop/MÁSTER/SEGUNDO CURSO/BDFI/practica_docker/env/lib/python3.8/site-packages/airflow/example_dags/example_skip_dag.py
[2025-01-12 14:11:05,291] {logging_mixin.py:109} INFO - [2025-01-12 14:11:05,291] {dag.py:1834} INFO - Sync 1 DAGs
[2025-01-12 14:11:05,302] {logging_mixin.py:109} INFO - [2025-01-12 14:11:05,302] {dag.py:2287} INFO - Setting next_dagrun for example_skip_dag to 2025-01-10 00:00:00+00:00
[2025-01-12 14:11:05,315] {processor.py:170} INFO - Processing /home/jorge/Desktop/MÁSTER/SEGUNDO CURSO/BDFI/practica_docker/env/lib/python3.8/site-packages/airflow/example_dags/example_skip_dag.py took 0.052 seconds
[2025-01-12 14:11:38,865] {processor.py:162} INFO - Started process (PID=285390) to work on /home/jorge/Desktop/MÁSTER/SEGUNDO CURSO/BDFI/practica_docker/env/lib/python3.8/site-packages/airflow/example_dags/example_skip_dag.py
[2025-01-12 14:11:38,866] {processor.py:613} INFO - Processing file /home/jorge/Desktop/MÁSTER/SEGUNDO CURSO/BDFI/practica_docker/env/lib/python3.8/site-packages/airflow/example_dags/example_skip_dag.py for tasks to queue
[2025-01-12 14:11:38,866] {logging_mixin.py:109} INFO - [2025-01-12 14:11:38,866] {dagbag.py:496} INFO - Filling up the DagBag from /home/jorge/Desktop/MÁSTER/SEGUNDO CURSO/BDFI/practica_docker/env/lib/python3.8/site-packages/airflow/example_dags/example_skip_dag.py
[2025-01-12 14:11:38,871] {processor.py:623} INFO - DAG(s) dict_keys(['example_skip_dag']) retrieved from /home/jorge/Desktop/MÁSTER/SEGUNDO CURSO/BDFI/practica_docker/env/lib/python3.8/site-packages/airflow/example_dags/example_skip_dag.py
[2025-01-12 14:11:38,883] {logging_mixin.py:109} INFO - [2025-01-12 14:11:38,883] {dag.py:1834} INFO - Sync 1 DAGs
[2025-01-12 14:11:38,889] {logging_mixin.py:109} INFO - [2025-01-12 14:11:38,889] {dag.py:2287} INFO - Setting next_dagrun for example_skip_dag to 2025-01-10 00:00:00+00:00
[2025-01-12 14:11:38,899] {processor.py:170} INFO - Processing /home/jorge/Desktop/MÁSTER/SEGUNDO CURSO/BDFI/practica_docker/env/lib/python3.8/site-packages/airflow/example_dags/example_skip_dag.py took 0.036 seconds
[2025-01-12 14:12:13,036] {processor.py:162} INFO - Started process (PID=285551) to work on /home/jorge/Desktop/MÁSTER/SEGUNDO CURSO/BDFI/practica_docker/env/lib/python3.8/site-packages/airflow/example_dags/example_skip_dag.py
[2025-01-12 14:12:13,038] {processor.py:613} INFO - Processing file /home/jorge/Desktop/MÁSTER/SEGUNDO CURSO/BDFI/practica_docker/env/lib/python3.8/site-packages/airflow/example_dags/example_skip_dag.py for tasks to queue
[2025-01-12 14:12:13,039] {logging_mixin.py:109} INFO - [2025-01-12 14:12:13,038] {dagbag.py:496} INFO - Filling up the DagBag from /home/jorge/Desktop/MÁSTER/SEGUNDO CURSO/BDFI/practica_docker/env/lib/python3.8/site-packages/airflow/example_dags/example_skip_dag.py
[2025-01-12 14:12:13,044] {processor.py:623} INFO - DAG(s) dict_keys(['example_skip_dag']) retrieved from /home/jorge/Desktop/MÁSTER/SEGUNDO CURSO/BDFI/practica_docker/env/lib/python3.8/site-packages/airflow/example_dags/example_skip_dag.py
[2025-01-12 14:12:13,054] {logging_mixin.py:109} INFO - [2025-01-12 14:12:13,054] {dag.py:1834} INFO - Sync 1 DAGs
[2025-01-12 14:12:13,058] {logging_mixin.py:109} INFO - [2025-01-12 14:12:13,058] {dag.py:2287} INFO - Setting next_dagrun for example_skip_dag to 2025-01-10 00:00:00+00:00
[2025-01-12 14:12:13,066] {processor.py:170} INFO - Processing /home/jorge/Desktop/MÁSTER/SEGUNDO CURSO/BDFI/practica_docker/env/lib/python3.8/site-packages/airflow/example_dags/example_skip_dag.py took 0.032 seconds
[2025-01-12 14:12:46,495] {processor.py:162} INFO - Started process (PID=285704) to work on /home/jorge/Desktop/MÁSTER/SEGUNDO CURSO/BDFI/practica_docker/env/lib/python3.8/site-packages/airflow/example_dags/example_skip_dag.py
[2025-01-12 14:12:46,502] {processor.py:613} INFO - Processing file /home/jorge/Desktop/MÁSTER/SEGUNDO CURSO/BDFI/practica_docker/env/lib/python3.8/site-packages/airflow/example_dags/example_skip_dag.py for tasks to queue
[2025-01-12 14:12:46,503] {logging_mixin.py:109} INFO - [2025-01-12 14:12:46,503] {dagbag.py:496} INFO - Filling up the DagBag from /home/jorge/Desktop/MÁSTER/SEGUNDO CURSO/BDFI/practica_docker/env/lib/python3.8/site-packages/airflow/example_dags/example_skip_dag.py
[2025-01-12 14:12:46,510] {processor.py:623} INFO - DAG(s) dict_keys(['example_skip_dag']) retrieved from /home/jorge/Desktop/MÁSTER/SEGUNDO CURSO/BDFI/practica_docker/env/lib/python3.8/site-packages/airflow/example_dags/example_skip_dag.py
[2025-01-12 14:12:46,520] {logging_mixin.py:109} INFO - [2025-01-12 14:12:46,520] {dag.py:1834} INFO - Sync 1 DAGs
[2025-01-12 14:12:46,524] {logging_mixin.py:109} INFO - [2025-01-12 14:12:46,524] {dag.py:2287} INFO - Setting next_dagrun for example_skip_dag to 2025-01-10 00:00:00+00:00
[2025-01-12 14:12:46,531] {processor.py:170} INFO - Processing /home/jorge/Desktop/MÁSTER/SEGUNDO CURSO/BDFI/practica_docker/env/lib/python3.8/site-packages/airflow/example_dags/example_skip_dag.py took 0.039 seconds
[2025-01-12 14:13:19,993] {processor.py:162} INFO - Started process (PID=285850) to work on /home/jorge/Desktop/MÁSTER/SEGUNDO CURSO/BDFI/practica_docker/env/lib/python3.8/site-packages/airflow/example_dags/example_skip_dag.py
[2025-01-12 14:13:19,999] {processor.py:613} INFO - Processing file /home/jorge/Desktop/MÁSTER/SEGUNDO CURSO/BDFI/practica_docker/env/lib/python3.8/site-packages/airflow/example_dags/example_skip_dag.py for tasks to queue
[2025-01-12 14:13:20,000] {logging_mixin.py:109} INFO - [2025-01-12 14:13:20,000] {dagbag.py:496} INFO - Filling up the DagBag from /home/jorge/Desktop/MÁSTER/SEGUNDO CURSO/BDFI/practica_docker/env/lib/python3.8/site-packages/airflow/example_dags/example_skip_dag.py
[2025-01-12 14:13:20,007] {processor.py:623} INFO - DAG(s) dict_keys(['example_skip_dag']) retrieved from /home/jorge/Desktop/MÁSTER/SEGUNDO CURSO/BDFI/practica_docker/env/lib/python3.8/site-packages/airflow/example_dags/example_skip_dag.py
[2025-01-12 14:13:20,017] {logging_mixin.py:109} INFO - [2025-01-12 14:13:20,017] {dag.py:1834} INFO - Sync 1 DAGs
[2025-01-12 14:13:20,022] {logging_mixin.py:109} INFO - [2025-01-12 14:13:20,022] {dag.py:2287} INFO - Setting next_dagrun for example_skip_dag to 2025-01-10 00:00:00+00:00
[2025-01-12 14:13:20,031] {processor.py:170} INFO - Processing /home/jorge/Desktop/MÁSTER/SEGUNDO CURSO/BDFI/practica_docker/env/lib/python3.8/site-packages/airflow/example_dags/example_skip_dag.py took 0.040 seconds
[2025-01-12 14:13:51,629] {processor.py:162} INFO - Started process (PID=286011) to work on /home/jorge/Desktop/MÁSTER/SEGUNDO CURSO/BDFI/practica_docker/env/lib/python3.8/site-packages/airflow/example_dags/example_skip_dag.py
[2025-01-12 14:13:51,629] {processor.py:613} INFO - Processing file /home/jorge/Desktop/MÁSTER/SEGUNDO CURSO/BDFI/practica_docker/env/lib/python3.8/site-packages/airflow/example_dags/example_skip_dag.py for tasks to queue
[2025-01-12 14:13:51,630] {logging_mixin.py:109} INFO - [2025-01-12 14:13:51,630] {dagbag.py:496} INFO - Filling up the DagBag from /home/jorge/Desktop/MÁSTER/SEGUNDO CURSO/BDFI/practica_docker/env/lib/python3.8/site-packages/airflow/example_dags/example_skip_dag.py
[2025-01-12 14:13:51,634] {processor.py:623} INFO - DAG(s) dict_keys(['example_skip_dag']) retrieved from /home/jorge/Desktop/MÁSTER/SEGUNDO CURSO/BDFI/practica_docker/env/lib/python3.8/site-packages/airflow/example_dags/example_skip_dag.py
[2025-01-12 14:13:51,643] {logging_mixin.py:109} INFO - [2025-01-12 14:13:51,643] {dag.py:1834} INFO - Sync 1 DAGs
[2025-01-12 14:13:51,649] {logging_mixin.py:109} INFO - [2025-01-12 14:13:51,649] {dag.py:2287} INFO - Setting next_dagrun for example_skip_dag to 2025-01-10 00:00:00+00:00
[2025-01-12 14:13:51,658] {processor.py:170} INFO - Processing /home/jorge/Desktop/MÁSTER/SEGUNDO CURSO/BDFI/practica_docker/env/lib/python3.8/site-packages/airflow/example_dags/example_skip_dag.py took 0.032 seconds
[2025-01-12 14:14:24,673] {processor.py:162} INFO - Started process (PID=286163) to work on /home/jorge/Desktop/MÁSTER/SEGUNDO CURSO/BDFI/practica_docker/env/lib/python3.8/site-packages/airflow/example_dags/example_skip_dag.py
[2025-01-12 14:14:24,680] {processor.py:613} INFO - Processing file /home/jorge/Desktop/MÁSTER/SEGUNDO CURSO/BDFI/practica_docker/env/lib/python3.8/site-packages/airflow/example_dags/example_skip_dag.py for tasks to queue
[2025-01-12 14:14:24,680] {logging_mixin.py:109} INFO - [2025-01-12 14:14:24,680] {dagbag.py:496} INFO - Filling up the DagBag from /home/jorge/Desktop/MÁSTER/SEGUNDO CURSO/BDFI/practica_docker/env/lib/python3.8/site-packages/airflow/example_dags/example_skip_dag.py
[2025-01-12 14:14:24,687] {processor.py:623} INFO - DAG(s) dict_keys(['example_skip_dag']) retrieved from /home/jorge/Desktop/MÁSTER/SEGUNDO CURSO/BDFI/practica_docker/env/lib/python3.8/site-packages/airflow/example_dags/example_skip_dag.py
[2025-01-12 14:14:24,696] {logging_mixin.py:109} INFO - [2025-01-12 14:14:24,696] {dag.py:1834} INFO - Sync 1 DAGs
[2025-01-12 14:14:24,701] {logging_mixin.py:109} INFO - [2025-01-12 14:14:24,701] {dag.py:2287} INFO - Setting next_dagrun for example_skip_dag to 2025-01-10 00:00:00+00:00
[2025-01-12 14:14:24,708] {processor.py:170} INFO - Processing /home/jorge/Desktop/MÁSTER/SEGUNDO CURSO/BDFI/practica_docker/env/lib/python3.8/site-packages/airflow/example_dags/example_skip_dag.py took 0.039 seconds
[2025-01-12 14:14:58,145] {processor.py:162} INFO - Started process (PID=286438) to work on /home/jorge/Desktop/MÁSTER/SEGUNDO CURSO/BDFI/practica_docker/env/lib/python3.8/site-packages/airflow/example_dags/example_skip_dag.py
[2025-01-12 14:14:58,146] {processor.py:613} INFO - Processing file /home/jorge/Desktop/MÁSTER/SEGUNDO CURSO/BDFI/practica_docker/env/lib/python3.8/site-packages/airflow/example_dags/example_skip_dag.py for tasks to queue
[2025-01-12 14:14:58,147] {logging_mixin.py:109} INFO - [2025-01-12 14:14:58,147] {dagbag.py:496} INFO - Filling up the DagBag from /home/jorge/Desktop/MÁSTER/SEGUNDO CURSO/BDFI/practica_docker/env/lib/python3.8/site-packages/airflow/example_dags/example_skip_dag.py
[2025-01-12 14:14:58,154] {processor.py:623} INFO - DAG(s) dict_keys(['example_skip_dag']) retrieved from /home/jorge/Desktop/MÁSTER/SEGUNDO CURSO/BDFI/practica_docker/env/lib/python3.8/site-packages/airflow/example_dags/example_skip_dag.py
[2025-01-12 14:14:58,163] {logging_mixin.py:109} INFO - [2025-01-12 14:14:58,163] {dag.py:1834} INFO - Sync 1 DAGs
[2025-01-12 14:14:58,168] {logging_mixin.py:109} INFO - [2025-01-12 14:14:58,167] {dag.py:2287} INFO - Setting next_dagrun for example_skip_dag to 2025-01-10 00:00:00+00:00
[2025-01-12 14:14:58,175] {processor.py:170} INFO - Processing /home/jorge/Desktop/MÁSTER/SEGUNDO CURSO/BDFI/practica_docker/env/lib/python3.8/site-packages/airflow/example_dags/example_skip_dag.py took 0.034 seconds
[2025-01-12 14:15:29,696] {processor.py:162} INFO - Started process (PID=286839) to work on /home/jorge/Desktop/MÁSTER/SEGUNDO CURSO/BDFI/practica_docker/env/lib/python3.8/site-packages/airflow/example_dags/example_skip_dag.py
[2025-01-12 14:15:29,696] {processor.py:613} INFO - Processing file /home/jorge/Desktop/MÁSTER/SEGUNDO CURSO/BDFI/practica_docker/env/lib/python3.8/site-packages/airflow/example_dags/example_skip_dag.py for tasks to queue
[2025-01-12 14:15:29,697] {logging_mixin.py:109} INFO - [2025-01-12 14:15:29,697] {dagbag.py:496} INFO - Filling up the DagBag from /home/jorge/Desktop/MÁSTER/SEGUNDO CURSO/BDFI/practica_docker/env/lib/python3.8/site-packages/airflow/example_dags/example_skip_dag.py
[2025-01-12 14:15:29,701] {processor.py:623} INFO - DAG(s) dict_keys(['example_skip_dag']) retrieved from /home/jorge/Desktop/MÁSTER/SEGUNDO CURSO/BDFI/practica_docker/env/lib/python3.8/site-packages/airflow/example_dags/example_skip_dag.py
[2025-01-12 14:15:29,710] {logging_mixin.py:109} INFO - [2025-01-12 14:15:29,710] {dag.py:1834} INFO - Sync 1 DAGs
[2025-01-12 14:15:29,714] {logging_mixin.py:109} INFO - [2025-01-12 14:15:29,714] {dag.py:2287} INFO - Setting next_dagrun for example_skip_dag to 2025-01-10 00:00:00+00:00
[2025-01-12 14:15:29,725] {processor.py:170} INFO - Processing /home/jorge/Desktop/MÁSTER/SEGUNDO CURSO/BDFI/practica_docker/env/lib/python3.8/site-packages/airflow/example_dags/example_skip_dag.py took 0.031 seconds
[2025-01-12 14:16:15,643] {processor.py:162} INFO - Started process (PID=289839) to work on /home/jorge/Desktop/MÁSTER/SEGUNDO CURSO/BDFI/practica_docker/env/lib/python3.8/site-packages/airflow/example_dags/example_skip_dag.py
[2025-01-12 14:16:15,645] {processor.py:613} INFO - Processing file /home/jorge/Desktop/MÁSTER/SEGUNDO CURSO/BDFI/practica_docker/env/lib/python3.8/site-packages/airflow/example_dags/example_skip_dag.py for tasks to queue
[2025-01-12 14:16:15,646] {logging_mixin.py:109} INFO - [2025-01-12 14:16:15,646] {dagbag.py:496} INFO - Filling up the DagBag from /home/jorge/Desktop/MÁSTER/SEGUNDO CURSO/BDFI/practica_docker/env/lib/python3.8/site-packages/airflow/example_dags/example_skip_dag.py
[2025-01-12 14:16:15,652] {processor.py:623} INFO - DAG(s) dict_keys(['example_skip_dag']) retrieved from /home/jorge/Desktop/MÁSTER/SEGUNDO CURSO/BDFI/practica_docker/env/lib/python3.8/site-packages/airflow/example_dags/example_skip_dag.py
[2025-01-12 14:16:15,663] {logging_mixin.py:109} INFO - [2025-01-12 14:16:15,663] {dag.py:1834} INFO - Sync 1 DAGs
[2025-01-12 14:16:15,670] {logging_mixin.py:109} INFO - [2025-01-12 14:16:15,670] {dag.py:2287} INFO - Setting next_dagrun for example_skip_dag to 2025-01-10 00:00:00+00:00
[2025-01-12 14:16:15,682] {processor.py:170} INFO - Processing /home/jorge/Desktop/MÁSTER/SEGUNDO CURSO/BDFI/practica_docker/env/lib/python3.8/site-packages/airflow/example_dags/example_skip_dag.py took 0.041 seconds
[2025-01-12 14:16:52,031] {processor.py:162} INFO - Started process (PID=290492) to work on /home/jorge/Desktop/MÁSTER/SEGUNDO CURSO/BDFI/practica_docker/env/lib/python3.8/site-packages/airflow/example_dags/example_skip_dag.py
[2025-01-12 14:16:52,032] {processor.py:613} INFO - Processing file /home/jorge/Desktop/MÁSTER/SEGUNDO CURSO/BDFI/practica_docker/env/lib/python3.8/site-packages/airflow/example_dags/example_skip_dag.py for tasks to queue
[2025-01-12 14:16:52,033] {logging_mixin.py:109} INFO - [2025-01-12 14:16:52,033] {dagbag.py:496} INFO - Filling up the DagBag from /home/jorge/Desktop/MÁSTER/SEGUNDO CURSO/BDFI/practica_docker/env/lib/python3.8/site-packages/airflow/example_dags/example_skip_dag.py
[2025-01-12 14:16:52,040] {processor.py:623} INFO - DAG(s) dict_keys(['example_skip_dag']) retrieved from /home/jorge/Desktop/MÁSTER/SEGUNDO CURSO/BDFI/practica_docker/env/lib/python3.8/site-packages/airflow/example_dags/example_skip_dag.py
[2025-01-12 14:16:52,061] {logging_mixin.py:109} INFO - [2025-01-12 14:16:52,060] {dag.py:1834} INFO - Sync 1 DAGs
[2025-01-12 14:16:52,073] {logging_mixin.py:109} INFO - [2025-01-12 14:16:52,073] {dag.py:2287} INFO - Setting next_dagrun for example_skip_dag to 2025-01-10 00:00:00+00:00
[2025-01-12 14:16:52,088] {processor.py:170} INFO - Processing /home/jorge/Desktop/MÁSTER/SEGUNDO CURSO/BDFI/practica_docker/env/lib/python3.8/site-packages/airflow/example_dags/example_skip_dag.py took 0.060 seconds
[2025-01-12 14:17:25,692] {processor.py:162} INFO - Started process (PID=290965) to work on /home/jorge/Desktop/MÁSTER/SEGUNDO CURSO/BDFI/practica_docker/env/lib/python3.8/site-packages/airflow/example_dags/example_skip_dag.py
[2025-01-12 14:17:25,693] {processor.py:613} INFO - Processing file /home/jorge/Desktop/MÁSTER/SEGUNDO CURSO/BDFI/practica_docker/env/lib/python3.8/site-packages/airflow/example_dags/example_skip_dag.py for tasks to queue
[2025-01-12 14:17:25,694] {logging_mixin.py:109} INFO - [2025-01-12 14:17:25,693] {dagbag.py:496} INFO - Filling up the DagBag from /home/jorge/Desktop/MÁSTER/SEGUNDO CURSO/BDFI/practica_docker/env/lib/python3.8/site-packages/airflow/example_dags/example_skip_dag.py
[2025-01-12 14:17:25,698] {processor.py:623} INFO - DAG(s) dict_keys(['example_skip_dag']) retrieved from /home/jorge/Desktop/MÁSTER/SEGUNDO CURSO/BDFI/practica_docker/env/lib/python3.8/site-packages/airflow/example_dags/example_skip_dag.py
[2025-01-12 14:17:25,710] {logging_mixin.py:109} INFO - [2025-01-12 14:17:25,709] {dag.py:1834} INFO - Sync 1 DAGs
[2025-01-12 14:17:25,717] {logging_mixin.py:109} INFO - [2025-01-12 14:17:25,717] {dag.py:2287} INFO - Setting next_dagrun for example_skip_dag to 2025-01-10 00:00:00+00:00
[2025-01-12 14:17:25,730] {processor.py:170} INFO - Processing /home/jorge/Desktop/MÁSTER/SEGUNDO CURSO/BDFI/practica_docker/env/lib/python3.8/site-packages/airflow/example_dags/example_skip_dag.py took 0.040 seconds
[2025-01-12 14:17:59,225] {processor.py:162} INFO - Started process (PID=291130) to work on /home/jorge/Desktop/MÁSTER/SEGUNDO CURSO/BDFI/practica_docker/env/lib/python3.8/site-packages/airflow/example_dags/example_skip_dag.py
[2025-01-12 14:17:59,226] {processor.py:613} INFO - Processing file /home/jorge/Desktop/MÁSTER/SEGUNDO CURSO/BDFI/practica_docker/env/lib/python3.8/site-packages/airflow/example_dags/example_skip_dag.py for tasks to queue
[2025-01-12 14:17:59,227] {logging_mixin.py:109} INFO - [2025-01-12 14:17:59,227] {dagbag.py:496} INFO - Filling up the DagBag from /home/jorge/Desktop/MÁSTER/SEGUNDO CURSO/BDFI/practica_docker/env/lib/python3.8/site-packages/airflow/example_dags/example_skip_dag.py
[2025-01-12 14:17:59,233] {processor.py:623} INFO - DAG(s) dict_keys(['example_skip_dag']) retrieved from /home/jorge/Desktop/MÁSTER/SEGUNDO CURSO/BDFI/practica_docker/env/lib/python3.8/site-packages/airflow/example_dags/example_skip_dag.py
[2025-01-12 14:17:59,248] {logging_mixin.py:109} INFO - [2025-01-12 14:17:59,248] {dag.py:1834} INFO - Sync 1 DAGs
[2025-01-12 14:17:59,257] {logging_mixin.py:109} INFO - [2025-01-12 14:17:59,257] {dag.py:2287} INFO - Setting next_dagrun for example_skip_dag to 2025-01-10 00:00:00+00:00
[2025-01-12 14:17:59,268] {processor.py:170} INFO - Processing /home/jorge/Desktop/MÁSTER/SEGUNDO CURSO/BDFI/practica_docker/env/lib/python3.8/site-packages/airflow/example_dags/example_skip_dag.py took 0.045 seconds
[2025-01-12 14:18:32,089] {processor.py:162} INFO - Started process (PID=291601) to work on /home/jorge/Desktop/MÁSTER/SEGUNDO CURSO/BDFI/practica_docker/env/lib/python3.8/site-packages/airflow/example_dags/example_skip_dag.py
[2025-01-12 14:18:32,090] {processor.py:613} INFO - Processing file /home/jorge/Desktop/MÁSTER/SEGUNDO CURSO/BDFI/practica_docker/env/lib/python3.8/site-packages/airflow/example_dags/example_skip_dag.py for tasks to queue
[2025-01-12 14:18:32,091] {logging_mixin.py:109} INFO - [2025-01-12 14:18:32,091] {dagbag.py:496} INFO - Filling up the DagBag from /home/jorge/Desktop/MÁSTER/SEGUNDO CURSO/BDFI/practica_docker/env/lib/python3.8/site-packages/airflow/example_dags/example_skip_dag.py
[2025-01-12 14:18:32,095] {processor.py:623} INFO - DAG(s) dict_keys(['example_skip_dag']) retrieved from /home/jorge/Desktop/MÁSTER/SEGUNDO CURSO/BDFI/practica_docker/env/lib/python3.8/site-packages/airflow/example_dags/example_skip_dag.py
[2025-01-12 14:18:32,106] {logging_mixin.py:109} INFO - [2025-01-12 14:18:32,105] {dag.py:1834} INFO - Sync 1 DAGs
[2025-01-12 14:18:32,112] {logging_mixin.py:109} INFO - [2025-01-12 14:18:32,112] {dag.py:2287} INFO - Setting next_dagrun for example_skip_dag to 2025-01-10 00:00:00+00:00
[2025-01-12 14:18:32,120] {processor.py:170} INFO - Processing /home/jorge/Desktop/MÁSTER/SEGUNDO CURSO/BDFI/practica_docker/env/lib/python3.8/site-packages/airflow/example_dags/example_skip_dag.py took 0.032 seconds
[2025-01-12 14:19:04,707] {processor.py:162} INFO - Started process (PID=292043) to work on /home/jorge/Desktop/MÁSTER/SEGUNDO CURSO/BDFI/practica_docker/env/lib/python3.8/site-packages/airflow/example_dags/example_skip_dag.py
[2025-01-12 14:19:04,710] {processor.py:613} INFO - Processing file /home/jorge/Desktop/MÁSTER/SEGUNDO CURSO/BDFI/practica_docker/env/lib/python3.8/site-packages/airflow/example_dags/example_skip_dag.py for tasks to queue
[2025-01-12 14:19:04,711] {logging_mixin.py:109} INFO - [2025-01-12 14:19:04,711] {dagbag.py:496} INFO - Filling up the DagBag from /home/jorge/Desktop/MÁSTER/SEGUNDO CURSO/BDFI/practica_docker/env/lib/python3.8/site-packages/airflow/example_dags/example_skip_dag.py
[2025-01-12 14:19:04,719] {processor.py:623} INFO - DAG(s) dict_keys(['example_skip_dag']) retrieved from /home/jorge/Desktop/MÁSTER/SEGUNDO CURSO/BDFI/practica_docker/env/lib/python3.8/site-packages/airflow/example_dags/example_skip_dag.py
[2025-01-12 14:19:04,737] {logging_mixin.py:109} INFO - [2025-01-12 14:19:04,737] {dag.py:1834} INFO - Sync 1 DAGs
[2025-01-12 14:19:04,748] {logging_mixin.py:109} INFO - [2025-01-12 14:19:04,748] {dag.py:2287} INFO - Setting next_dagrun for example_skip_dag to 2025-01-10 00:00:00+00:00
[2025-01-12 14:19:04,768] {processor.py:170} INFO - Processing /home/jorge/Desktop/MÁSTER/SEGUNDO CURSO/BDFI/practica_docker/env/lib/python3.8/site-packages/airflow/example_dags/example_skip_dag.py took 0.065 seconds
[2025-01-12 14:19:40,849] {processor.py:162} INFO - Started process (PID=292981) to work on /home/jorge/Desktop/MÁSTER/SEGUNDO CURSO/BDFI/practica_docker/env/lib/python3.8/site-packages/airflow/example_dags/example_skip_dag.py
[2025-01-12 14:19:40,850] {processor.py:613} INFO - Processing file /home/jorge/Desktop/MÁSTER/SEGUNDO CURSO/BDFI/practica_docker/env/lib/python3.8/site-packages/airflow/example_dags/example_skip_dag.py for tasks to queue
[2025-01-12 14:19:40,851] {logging_mixin.py:109} INFO - [2025-01-12 14:19:40,851] {dagbag.py:496} INFO - Filling up the DagBag from /home/jorge/Desktop/MÁSTER/SEGUNDO CURSO/BDFI/practica_docker/env/lib/python3.8/site-packages/airflow/example_dags/example_skip_dag.py
[2025-01-12 14:19:40,857] {processor.py:623} INFO - DAG(s) dict_keys(['example_skip_dag']) retrieved from /home/jorge/Desktop/MÁSTER/SEGUNDO CURSO/BDFI/practica_docker/env/lib/python3.8/site-packages/airflow/example_dags/example_skip_dag.py
[2025-01-12 14:19:40,869] {logging_mixin.py:109} INFO - [2025-01-12 14:19:40,868] {dag.py:1834} INFO - Sync 1 DAGs
[2025-01-12 14:19:40,875] {logging_mixin.py:109} INFO - [2025-01-12 14:19:40,875] {dag.py:2287} INFO - Setting next_dagrun for example_skip_dag to 2025-01-10 00:00:00+00:00
[2025-01-12 14:19:40,885] {processor.py:170} INFO - Processing /home/jorge/Desktop/MÁSTER/SEGUNDO CURSO/BDFI/practica_docker/env/lib/python3.8/site-packages/airflow/example_dags/example_skip_dag.py took 0.038 seconds
[2025-01-12 14:20:15,192] {processor.py:162} INFO - Started process (PID=293167) to work on /home/jorge/Desktop/MÁSTER/SEGUNDO CURSO/BDFI/practica_docker/env/lib/python3.8/site-packages/airflow/example_dags/example_skip_dag.py
[2025-01-12 14:20:15,194] {processor.py:613} INFO - Processing file /home/jorge/Desktop/MÁSTER/SEGUNDO CURSO/BDFI/practica_docker/env/lib/python3.8/site-packages/airflow/example_dags/example_skip_dag.py for tasks to queue
[2025-01-12 14:20:15,195] {logging_mixin.py:109} INFO - [2025-01-12 14:20:15,194] {dagbag.py:496} INFO - Filling up the DagBag from /home/jorge/Desktop/MÁSTER/SEGUNDO CURSO/BDFI/practica_docker/env/lib/python3.8/site-packages/airflow/example_dags/example_skip_dag.py
[2025-01-12 14:20:15,214] {processor.py:623} INFO - DAG(s) dict_keys(['example_skip_dag']) retrieved from /home/jorge/Desktop/MÁSTER/SEGUNDO CURSO/BDFI/practica_docker/env/lib/python3.8/site-packages/airflow/example_dags/example_skip_dag.py
[2025-01-12 14:20:15,245] {logging_mixin.py:109} INFO - [2025-01-12 14:20:15,245] {dag.py:1834} INFO - Sync 1 DAGs
[2025-01-12 14:20:15,259] {logging_mixin.py:109} INFO - [2025-01-12 14:20:15,258] {dag.py:2287} INFO - Setting next_dagrun for example_skip_dag to 2025-01-10 00:00:00+00:00
[2025-01-12 14:20:15,280] {processor.py:170} INFO - Processing /home/jorge/Desktop/MÁSTER/SEGUNDO CURSO/BDFI/practica_docker/env/lib/python3.8/site-packages/airflow/example_dags/example_skip_dag.py took 0.092 seconds
