[2025-01-12 13:51:08,468] {processor.py:162} INFO - Started process (PID=281060) to work on /home/jorge/Desktop/MÁSTER/SEGUNDO CURSO/BDFI/practica_docker/env/lib/python3.8/site-packages/airflow/example_dags/example_task_group_decorator.py
[2025-01-12 13:51:08,469] {processor.py:613} INFO - Processing file /home/jorge/Desktop/MÁSTER/SEGUNDO CURSO/BDFI/practica_docker/env/lib/python3.8/site-packages/airflow/example_dags/example_task_group_decorator.py for tasks to queue
[2025-01-12 13:51:08,470] {logging_mixin.py:109} INFO - [2025-01-12 13:51:08,470] {dagbag.py:496} INFO - Filling up the DagBag from /home/jorge/Desktop/MÁSTER/SEGUNDO CURSO/BDFI/practica_docker/env/lib/python3.8/site-packages/airflow/example_dags/example_task_group_decorator.py
[2025-01-12 13:51:08,502] {processor.py:623} INFO - DAG(s) dict_keys(['example_task_group_decorator']) retrieved from /home/jorge/Desktop/MÁSTER/SEGUNDO CURSO/BDFI/practica_docker/env/lib/python3.8/site-packages/airflow/example_dags/example_task_group_decorator.py
[2025-01-12 13:51:08,830] {logging_mixin.py:109} INFO - [2025-01-12 13:51:08,829] {dag.py:1834} INFO - Sync 1 DAGs
[2025-01-12 13:51:08,839] {logging_mixin.py:109} INFO - [2025-01-12 13:51:08,839] {dag.py:2287} INFO - Setting next_dagrun for example_task_group_decorator to 2025-01-10 00:00:00+00:00
[2025-01-12 13:51:08,856] {processor.py:170} INFO - Processing /home/jorge/Desktop/MÁSTER/SEGUNDO CURSO/BDFI/practica_docker/env/lib/python3.8/site-packages/airflow/example_dags/example_task_group_decorator.py took 0.390 seconds
[2025-01-12 13:51:42,309] {processor.py:162} INFO - Started process (PID=281219) to work on /home/jorge/Desktop/MÁSTER/SEGUNDO CURSO/BDFI/practica_docker/env/lib/python3.8/site-packages/airflow/example_dags/example_task_group_decorator.py
[2025-01-12 13:51:42,310] {processor.py:613} INFO - Processing file /home/jorge/Desktop/MÁSTER/SEGUNDO CURSO/BDFI/practica_docker/env/lib/python3.8/site-packages/airflow/example_dags/example_task_group_decorator.py for tasks to queue
[2025-01-12 13:51:42,311] {logging_mixin.py:109} INFO - [2025-01-12 13:51:42,311] {dagbag.py:496} INFO - Filling up the DagBag from /home/jorge/Desktop/MÁSTER/SEGUNDO CURSO/BDFI/practica_docker/env/lib/python3.8/site-packages/airflow/example_dags/example_task_group_decorator.py
[2025-01-12 13:51:42,332] {processor.py:623} INFO - DAG(s) dict_keys(['example_task_group_decorator']) retrieved from /home/jorge/Desktop/MÁSTER/SEGUNDO CURSO/BDFI/practica_docker/env/lib/python3.8/site-packages/airflow/example_dags/example_task_group_decorator.py
[2025-01-12 13:51:42,588] {logging_mixin.py:109} INFO - [2025-01-12 13:51:42,588] {dag.py:1834} INFO - Sync 1 DAGs
[2025-01-12 13:51:42,595] {logging_mixin.py:109} INFO - [2025-01-12 13:51:42,594] {dag.py:2287} INFO - Setting next_dagrun for example_task_group_decorator to 2025-01-10 00:00:00+00:00
[2025-01-12 13:51:42,608] {processor.py:170} INFO - Processing /home/jorge/Desktop/MÁSTER/SEGUNDO CURSO/BDFI/practica_docker/env/lib/python3.8/site-packages/airflow/example_dags/example_task_group_decorator.py took 0.302 seconds
[2025-01-12 13:52:15,786] {processor.py:162} INFO - Started process (PID=281389) to work on /home/jorge/Desktop/MÁSTER/SEGUNDO CURSO/BDFI/practica_docker/env/lib/python3.8/site-packages/airflow/example_dags/example_task_group_decorator.py
[2025-01-12 13:52:15,787] {processor.py:613} INFO - Processing file /home/jorge/Desktop/MÁSTER/SEGUNDO CURSO/BDFI/practica_docker/env/lib/python3.8/site-packages/airflow/example_dags/example_task_group_decorator.py for tasks to queue
[2025-01-12 13:52:15,788] {logging_mixin.py:109} INFO - [2025-01-12 13:52:15,788] {dagbag.py:496} INFO - Filling up the DagBag from /home/jorge/Desktop/MÁSTER/SEGUNDO CURSO/BDFI/practica_docker/env/lib/python3.8/site-packages/airflow/example_dags/example_task_group_decorator.py
[2025-01-12 13:52:15,825] {processor.py:623} INFO - DAG(s) dict_keys(['example_task_group_decorator']) retrieved from /home/jorge/Desktop/MÁSTER/SEGUNDO CURSO/BDFI/practica_docker/env/lib/python3.8/site-packages/airflow/example_dags/example_task_group_decorator.py
[2025-01-12 13:52:16,132] {logging_mixin.py:109} INFO - [2025-01-12 13:52:16,132] {dag.py:1834} INFO - Sync 1 DAGs
[2025-01-12 13:52:16,145] {logging_mixin.py:109} INFO - [2025-01-12 13:52:16,145] {dag.py:2287} INFO - Setting next_dagrun for example_task_group_decorator to 2025-01-10 00:00:00+00:00
[2025-01-12 13:52:16,168] {processor.py:170} INFO - Processing /home/jorge/Desktop/MÁSTER/SEGUNDO CURSO/BDFI/practica_docker/env/lib/python3.8/site-packages/airflow/example_dags/example_task_group_decorator.py took 0.384 seconds
[2025-01-12 13:52:49,433] {processor.py:162} INFO - Started process (PID=281572) to work on /home/jorge/Desktop/MÁSTER/SEGUNDO CURSO/BDFI/practica_docker/env/lib/python3.8/site-packages/airflow/example_dags/example_task_group_decorator.py
[2025-01-12 13:52:49,435] {processor.py:613} INFO - Processing file /home/jorge/Desktop/MÁSTER/SEGUNDO CURSO/BDFI/practica_docker/env/lib/python3.8/site-packages/airflow/example_dags/example_task_group_decorator.py for tasks to queue
[2025-01-12 13:52:49,437] {logging_mixin.py:109} INFO - [2025-01-12 13:52:49,437] {dagbag.py:496} INFO - Filling up the DagBag from /home/jorge/Desktop/MÁSTER/SEGUNDO CURSO/BDFI/practica_docker/env/lib/python3.8/site-packages/airflow/example_dags/example_task_group_decorator.py
[2025-01-12 13:52:49,475] {processor.py:623} INFO - DAG(s) dict_keys(['example_task_group_decorator']) retrieved from /home/jorge/Desktop/MÁSTER/SEGUNDO CURSO/BDFI/practica_docker/env/lib/python3.8/site-packages/airflow/example_dags/example_task_group_decorator.py
[2025-01-12 13:52:49,817] {logging_mixin.py:109} INFO - [2025-01-12 13:52:49,817] {dag.py:1834} INFO - Sync 1 DAGs
[2025-01-12 13:52:49,826] {logging_mixin.py:109} INFO - [2025-01-12 13:52:49,826] {dag.py:2287} INFO - Setting next_dagrun for example_task_group_decorator to 2025-01-10 00:00:00+00:00
[2025-01-12 13:52:49,841] {processor.py:170} INFO - Processing /home/jorge/Desktop/MÁSTER/SEGUNDO CURSO/BDFI/practica_docker/env/lib/python3.8/site-packages/airflow/example_dags/example_task_group_decorator.py took 0.412 seconds
[2025-01-12 13:53:31,725] {processor.py:162} INFO - Started process (PID=281812) to work on /home/jorge/Desktop/MÁSTER/SEGUNDO CURSO/BDFI/practica_docker/env/lib/python3.8/site-packages/airflow/example_dags/example_task_group_decorator.py
[2025-01-12 13:53:31,726] {processor.py:613} INFO - Processing file /home/jorge/Desktop/MÁSTER/SEGUNDO CURSO/BDFI/practica_docker/env/lib/python3.8/site-packages/airflow/example_dags/example_task_group_decorator.py for tasks to queue
[2025-01-12 13:53:31,726] {logging_mixin.py:109} INFO - [2025-01-12 13:53:31,726] {dagbag.py:496} INFO - Filling up the DagBag from /home/jorge/Desktop/MÁSTER/SEGUNDO CURSO/BDFI/practica_docker/env/lib/python3.8/site-packages/airflow/example_dags/example_task_group_decorator.py
[2025-01-12 13:53:31,743] {processor.py:623} INFO - DAG(s) dict_keys(['example_task_group_decorator']) retrieved from /home/jorge/Desktop/MÁSTER/SEGUNDO CURSO/BDFI/practica_docker/env/lib/python3.8/site-packages/airflow/example_dags/example_task_group_decorator.py
[2025-01-12 13:53:31,947] {logging_mixin.py:109} INFO - [2025-01-12 13:53:31,947] {dag.py:1834} INFO - Sync 1 DAGs
[2025-01-12 13:53:31,954] {logging_mixin.py:109} INFO - [2025-01-12 13:53:31,954] {dag.py:2287} INFO - Setting next_dagrun for example_task_group_decorator to 2025-01-10 00:00:00+00:00
[2025-01-12 13:53:31,967] {processor.py:170} INFO - Processing /home/jorge/Desktop/MÁSTER/SEGUNDO CURSO/BDFI/practica_docker/env/lib/python3.8/site-packages/airflow/example_dags/example_task_group_decorator.py took 0.244 seconds
[2025-01-12 13:54:06,016] {processor.py:162} INFO - Started process (PID=281988) to work on /home/jorge/Desktop/MÁSTER/SEGUNDO CURSO/BDFI/practica_docker/env/lib/python3.8/site-packages/airflow/example_dags/example_task_group_decorator.py
[2025-01-12 13:54:06,017] {processor.py:613} INFO - Processing file /home/jorge/Desktop/MÁSTER/SEGUNDO CURSO/BDFI/practica_docker/env/lib/python3.8/site-packages/airflow/example_dags/example_task_group_decorator.py for tasks to queue
[2025-01-12 13:54:06,018] {logging_mixin.py:109} INFO - [2025-01-12 13:54:06,018] {dagbag.py:496} INFO - Filling up the DagBag from /home/jorge/Desktop/MÁSTER/SEGUNDO CURSO/BDFI/practica_docker/env/lib/python3.8/site-packages/airflow/example_dags/example_task_group_decorator.py
[2025-01-12 13:54:06,045] {processor.py:623} INFO - DAG(s) dict_keys(['example_task_group_decorator']) retrieved from /home/jorge/Desktop/MÁSTER/SEGUNDO CURSO/BDFI/practica_docker/env/lib/python3.8/site-packages/airflow/example_dags/example_task_group_decorator.py
[2025-01-12 13:54:06,333] {logging_mixin.py:109} INFO - [2025-01-12 13:54:06,333] {dag.py:1834} INFO - Sync 1 DAGs
[2025-01-12 13:54:06,339] {logging_mixin.py:109} INFO - [2025-01-12 13:54:06,339] {dag.py:2287} INFO - Setting next_dagrun for example_task_group_decorator to 2025-01-10 00:00:00+00:00
[2025-01-12 13:54:06,353] {processor.py:170} INFO - Processing /home/jorge/Desktop/MÁSTER/SEGUNDO CURSO/BDFI/practica_docker/env/lib/python3.8/site-packages/airflow/example_dags/example_task_group_decorator.py took 0.339 seconds
[2025-01-12 13:54:40,518] {processor.py:162} INFO - Started process (PID=282150) to work on /home/jorge/Desktop/MÁSTER/SEGUNDO CURSO/BDFI/practica_docker/env/lib/python3.8/site-packages/airflow/example_dags/example_task_group_decorator.py
[2025-01-12 13:54:40,519] {processor.py:613} INFO - Processing file /home/jorge/Desktop/MÁSTER/SEGUNDO CURSO/BDFI/practica_docker/env/lib/python3.8/site-packages/airflow/example_dags/example_task_group_decorator.py for tasks to queue
[2025-01-12 13:54:40,520] {logging_mixin.py:109} INFO - [2025-01-12 13:54:40,520] {dagbag.py:496} INFO - Filling up the DagBag from /home/jorge/Desktop/MÁSTER/SEGUNDO CURSO/BDFI/practica_docker/env/lib/python3.8/site-packages/airflow/example_dags/example_task_group_decorator.py
[2025-01-12 13:54:40,539] {processor.py:623} INFO - DAG(s) dict_keys(['example_task_group_decorator']) retrieved from /home/jorge/Desktop/MÁSTER/SEGUNDO CURSO/BDFI/practica_docker/env/lib/python3.8/site-packages/airflow/example_dags/example_task_group_decorator.py
[2025-01-12 13:54:40,757] {logging_mixin.py:109} INFO - [2025-01-12 13:54:40,757] {dag.py:1834} INFO - Sync 1 DAGs
[2025-01-12 13:54:40,763] {logging_mixin.py:109} INFO - [2025-01-12 13:54:40,763] {dag.py:2287} INFO - Setting next_dagrun for example_task_group_decorator to 2025-01-10 00:00:00+00:00
[2025-01-12 13:54:40,774] {processor.py:170} INFO - Processing /home/jorge/Desktop/MÁSTER/SEGUNDO CURSO/BDFI/practica_docker/env/lib/python3.8/site-packages/airflow/example_dags/example_task_group_decorator.py took 0.257 seconds
[2025-01-12 13:55:13,149] {processor.py:162} INFO - Started process (PID=282304) to work on /home/jorge/Desktop/MÁSTER/SEGUNDO CURSO/BDFI/practica_docker/env/lib/python3.8/site-packages/airflow/example_dags/example_task_group_decorator.py
[2025-01-12 13:55:13,150] {processor.py:613} INFO - Processing file /home/jorge/Desktop/MÁSTER/SEGUNDO CURSO/BDFI/practica_docker/env/lib/python3.8/site-packages/airflow/example_dags/example_task_group_decorator.py for tasks to queue
[2025-01-12 13:55:13,151] {logging_mixin.py:109} INFO - [2025-01-12 13:55:13,151] {dagbag.py:496} INFO - Filling up the DagBag from /home/jorge/Desktop/MÁSTER/SEGUNDO CURSO/BDFI/practica_docker/env/lib/python3.8/site-packages/airflow/example_dags/example_task_group_decorator.py
[2025-01-12 13:55:13,167] {processor.py:623} INFO - DAG(s) dict_keys(['example_task_group_decorator']) retrieved from /home/jorge/Desktop/MÁSTER/SEGUNDO CURSO/BDFI/practica_docker/env/lib/python3.8/site-packages/airflow/example_dags/example_task_group_decorator.py
[2025-01-12 13:55:13,418] {logging_mixin.py:109} INFO - [2025-01-12 13:55:13,418] {dag.py:1834} INFO - Sync 1 DAGs
[2025-01-12 13:55:13,428] {logging_mixin.py:109} INFO - [2025-01-12 13:55:13,428] {dag.py:2287} INFO - Setting next_dagrun for example_task_group_decorator to 2025-01-10 00:00:00+00:00
[2025-01-12 13:55:13,439] {processor.py:170} INFO - Processing /home/jorge/Desktop/MÁSTER/SEGUNDO CURSO/BDFI/practica_docker/env/lib/python3.8/site-packages/airflow/example_dags/example_task_group_decorator.py took 0.292 seconds
[2025-01-12 13:55:47,387] {processor.py:162} INFO - Started process (PID=282551) to work on /home/jorge/Desktop/MÁSTER/SEGUNDO CURSO/BDFI/practica_docker/env/lib/python3.8/site-packages/airflow/example_dags/example_task_group_decorator.py
[2025-01-12 13:55:47,388] {processor.py:613} INFO - Processing file /home/jorge/Desktop/MÁSTER/SEGUNDO CURSO/BDFI/practica_docker/env/lib/python3.8/site-packages/airflow/example_dags/example_task_group_decorator.py for tasks to queue
[2025-01-12 13:55:47,389] {logging_mixin.py:109} INFO - [2025-01-12 13:55:47,389] {dagbag.py:496} INFO - Filling up the DagBag from /home/jorge/Desktop/MÁSTER/SEGUNDO CURSO/BDFI/practica_docker/env/lib/python3.8/site-packages/airflow/example_dags/example_task_group_decorator.py
[2025-01-12 13:55:47,418] {processor.py:623} INFO - DAG(s) dict_keys(['example_task_group_decorator']) retrieved from /home/jorge/Desktop/MÁSTER/SEGUNDO CURSO/BDFI/practica_docker/env/lib/python3.8/site-packages/airflow/example_dags/example_task_group_decorator.py
[2025-01-12 13:55:47,800] {logging_mixin.py:109} INFO - [2025-01-12 13:55:47,800] {dag.py:1834} INFO - Sync 1 DAGs
[2025-01-12 13:55:47,812] {logging_mixin.py:109} INFO - [2025-01-12 13:55:47,812] {dag.py:2287} INFO - Setting next_dagrun for example_task_group_decorator to 2025-01-10 00:00:00+00:00
[2025-01-12 13:55:47,844] {processor.py:170} INFO - Processing /home/jorge/Desktop/MÁSTER/SEGUNDO CURSO/BDFI/practica_docker/env/lib/python3.8/site-packages/airflow/example_dags/example_task_group_decorator.py took 0.460 seconds
[2025-01-12 13:56:22,273] {processor.py:162} INFO - Started process (PID=282848) to work on /home/jorge/Desktop/MÁSTER/SEGUNDO CURSO/BDFI/practica_docker/env/lib/python3.8/site-packages/airflow/example_dags/example_task_group_decorator.py
[2025-01-12 13:56:22,274] {processor.py:613} INFO - Processing file /home/jorge/Desktop/MÁSTER/SEGUNDO CURSO/BDFI/practica_docker/env/lib/python3.8/site-packages/airflow/example_dags/example_task_group_decorator.py for tasks to queue
[2025-01-12 13:56:22,274] {logging_mixin.py:109} INFO - [2025-01-12 13:56:22,274] {dagbag.py:496} INFO - Filling up the DagBag from /home/jorge/Desktop/MÁSTER/SEGUNDO CURSO/BDFI/practica_docker/env/lib/python3.8/site-packages/airflow/example_dags/example_task_group_decorator.py
[2025-01-12 13:56:22,329] {processor.py:623} INFO - DAG(s) dict_keys(['example_task_group_decorator']) retrieved from /home/jorge/Desktop/MÁSTER/SEGUNDO CURSO/BDFI/practica_docker/env/lib/python3.8/site-packages/airflow/example_dags/example_task_group_decorator.py
[2025-01-12 13:56:22,808] {logging_mixin.py:109} INFO - [2025-01-12 13:56:22,808] {dag.py:1834} INFO - Sync 1 DAGs
[2025-01-12 13:56:22,825] {logging_mixin.py:109} INFO - [2025-01-12 13:56:22,824] {dag.py:2287} INFO - Setting next_dagrun for example_task_group_decorator to 2025-01-10 00:00:00+00:00
[2025-01-12 13:56:22,857] {processor.py:170} INFO - Processing /home/jorge/Desktop/MÁSTER/SEGUNDO CURSO/BDFI/practica_docker/env/lib/python3.8/site-packages/airflow/example_dags/example_task_group_decorator.py took 0.587 seconds
[2025-01-12 13:56:59,084] {processor.py:162} INFO - Started process (PID=283079) to work on /home/jorge/Desktop/MÁSTER/SEGUNDO CURSO/BDFI/practica_docker/env/lib/python3.8/site-packages/airflow/example_dags/example_task_group_decorator.py
[2025-01-12 13:56:59,085] {processor.py:613} INFO - Processing file /home/jorge/Desktop/MÁSTER/SEGUNDO CURSO/BDFI/practica_docker/env/lib/python3.8/site-packages/airflow/example_dags/example_task_group_decorator.py for tasks to queue
[2025-01-12 13:56:59,086] {logging_mixin.py:109} INFO - [2025-01-12 13:56:59,086] {dagbag.py:496} INFO - Filling up the DagBag from /home/jorge/Desktop/MÁSTER/SEGUNDO CURSO/BDFI/practica_docker/env/lib/python3.8/site-packages/airflow/example_dags/example_task_group_decorator.py
[2025-01-12 13:56:59,138] {processor.py:623} INFO - DAG(s) dict_keys(['example_task_group_decorator']) retrieved from /home/jorge/Desktop/MÁSTER/SEGUNDO CURSO/BDFI/practica_docker/env/lib/python3.8/site-packages/airflow/example_dags/example_task_group_decorator.py
[2025-01-12 13:56:59,649] {logging_mixin.py:109} INFO - [2025-01-12 13:56:59,647] {dag.py:1834} INFO - Sync 1 DAGs
[2025-01-12 13:56:59,661] {logging_mixin.py:109} INFO - [2025-01-12 13:56:59,661] {dag.py:2287} INFO - Setting next_dagrun for example_task_group_decorator to 2025-01-10 00:00:00+00:00
[2025-01-12 13:56:59,692] {processor.py:170} INFO - Processing /home/jorge/Desktop/MÁSTER/SEGUNDO CURSO/BDFI/practica_docker/env/lib/python3.8/site-packages/airflow/example_dags/example_task_group_decorator.py took 0.612 seconds
[2025-01-12 13:57:35,885] {processor.py:162} INFO - Started process (PID=283245) to work on /home/jorge/Desktop/MÁSTER/SEGUNDO CURSO/BDFI/practica_docker/env/lib/python3.8/site-packages/airflow/example_dags/example_task_group_decorator.py
[2025-01-12 13:57:35,886] {processor.py:613} INFO - Processing file /home/jorge/Desktop/MÁSTER/SEGUNDO CURSO/BDFI/practica_docker/env/lib/python3.8/site-packages/airflow/example_dags/example_task_group_decorator.py for tasks to queue
[2025-01-12 13:57:35,887] {logging_mixin.py:109} INFO - [2025-01-12 13:57:35,887] {dagbag.py:496} INFO - Filling up the DagBag from /home/jorge/Desktop/MÁSTER/SEGUNDO CURSO/BDFI/practica_docker/env/lib/python3.8/site-packages/airflow/example_dags/example_task_group_decorator.py
[2025-01-12 13:57:35,912] {processor.py:623} INFO - DAG(s) dict_keys(['example_task_group_decorator']) retrieved from /home/jorge/Desktop/MÁSTER/SEGUNDO CURSO/BDFI/practica_docker/env/lib/python3.8/site-packages/airflow/example_dags/example_task_group_decorator.py
[2025-01-12 13:57:36,219] {logging_mixin.py:109} INFO - [2025-01-12 13:57:36,218] {dag.py:1834} INFO - Sync 1 DAGs
[2025-01-12 13:57:36,226] {logging_mixin.py:109} INFO - [2025-01-12 13:57:36,226] {dag.py:2287} INFO - Setting next_dagrun for example_task_group_decorator to 2025-01-10 00:00:00+00:00
[2025-01-12 13:57:36,244] {processor.py:170} INFO - Processing /home/jorge/Desktop/MÁSTER/SEGUNDO CURSO/BDFI/practica_docker/env/lib/python3.8/site-packages/airflow/example_dags/example_task_group_decorator.py took 0.363 seconds
[2025-01-12 14:05:58,669] {processor.py:162} INFO - Started process (PID=283685) to work on /home/jorge/Desktop/MÁSTER/SEGUNDO CURSO/BDFI/practica_docker/env/lib/python3.8/site-packages/airflow/example_dags/example_task_group_decorator.py
[2025-01-12 14:05:58,670] {processor.py:613} INFO - Processing file /home/jorge/Desktop/MÁSTER/SEGUNDO CURSO/BDFI/practica_docker/env/lib/python3.8/site-packages/airflow/example_dags/example_task_group_decorator.py for tasks to queue
[2025-01-12 14:05:58,671] {logging_mixin.py:109} INFO - [2025-01-12 14:05:58,671] {dagbag.py:496} INFO - Filling up the DagBag from /home/jorge/Desktop/MÁSTER/SEGUNDO CURSO/BDFI/practica_docker/env/lib/python3.8/site-packages/airflow/example_dags/example_task_group_decorator.py
[2025-01-12 14:05:58,688] {processor.py:623} INFO - DAG(s) dict_keys(['example_task_group_decorator']) retrieved from /home/jorge/Desktop/MÁSTER/SEGUNDO CURSO/BDFI/practica_docker/env/lib/python3.8/site-packages/airflow/example_dags/example_task_group_decorator.py
[2025-01-12 14:05:58,881] {logging_mixin.py:109} INFO - [2025-01-12 14:05:58,881] {dag.py:1834} INFO - Sync 1 DAGs
[2025-01-12 14:05:58,886] {logging_mixin.py:109} INFO - [2025-01-12 14:05:58,886] {dag.py:2287} INFO - Setting next_dagrun for example_task_group_decorator to 2025-01-10 00:00:00+00:00
[2025-01-12 14:05:58,894] {processor.py:170} INFO - Processing /home/jorge/Desktop/MÁSTER/SEGUNDO CURSO/BDFI/practica_docker/env/lib/python3.8/site-packages/airflow/example_dags/example_task_group_decorator.py took 0.227 seconds
[2025-01-12 14:06:31,325] {processor.py:162} INFO - Started process (PID=283837) to work on /home/jorge/Desktop/MÁSTER/SEGUNDO CURSO/BDFI/practica_docker/env/lib/python3.8/site-packages/airflow/example_dags/example_task_group_decorator.py
[2025-01-12 14:06:31,326] {processor.py:613} INFO - Processing file /home/jorge/Desktop/MÁSTER/SEGUNDO CURSO/BDFI/practica_docker/env/lib/python3.8/site-packages/airflow/example_dags/example_task_group_decorator.py for tasks to queue
[2025-01-12 14:06:31,327] {logging_mixin.py:109} INFO - [2025-01-12 14:06:31,327] {dagbag.py:496} INFO - Filling up the DagBag from /home/jorge/Desktop/MÁSTER/SEGUNDO CURSO/BDFI/practica_docker/env/lib/python3.8/site-packages/airflow/example_dags/example_task_group_decorator.py
[2025-01-12 14:06:31,344] {processor.py:623} INFO - DAG(s) dict_keys(['example_task_group_decorator']) retrieved from /home/jorge/Desktop/MÁSTER/SEGUNDO CURSO/BDFI/practica_docker/env/lib/python3.8/site-packages/airflow/example_dags/example_task_group_decorator.py
[2025-01-12 14:06:31,498] {logging_mixin.py:109} INFO - [2025-01-12 14:06:31,498] {dag.py:1834} INFO - Sync 1 DAGs
[2025-01-12 14:06:31,501] {logging_mixin.py:109} INFO - [2025-01-12 14:06:31,501] {dag.py:2287} INFO - Setting next_dagrun for example_task_group_decorator to 2025-01-10 00:00:00+00:00
[2025-01-12 14:06:31,515] {processor.py:170} INFO - Processing /home/jorge/Desktop/MÁSTER/SEGUNDO CURSO/BDFI/practica_docker/env/lib/python3.8/site-packages/airflow/example_dags/example_task_group_decorator.py took 0.194 seconds
[2025-01-12 14:07:04,671] {processor.py:162} INFO - Started process (PID=283997) to work on /home/jorge/Desktop/MÁSTER/SEGUNDO CURSO/BDFI/practica_docker/env/lib/python3.8/site-packages/airflow/example_dags/example_task_group_decorator.py
[2025-01-12 14:07:04,671] {processor.py:613} INFO - Processing file /home/jorge/Desktop/MÁSTER/SEGUNDO CURSO/BDFI/practica_docker/env/lib/python3.8/site-packages/airflow/example_dags/example_task_group_decorator.py for tasks to queue
[2025-01-12 14:07:04,672] {logging_mixin.py:109} INFO - [2025-01-12 14:07:04,672] {dagbag.py:496} INFO - Filling up the DagBag from /home/jorge/Desktop/MÁSTER/SEGUNDO CURSO/BDFI/practica_docker/env/lib/python3.8/site-packages/airflow/example_dags/example_task_group_decorator.py
[2025-01-12 14:07:04,688] {processor.py:623} INFO - DAG(s) dict_keys(['example_task_group_decorator']) retrieved from /home/jorge/Desktop/MÁSTER/SEGUNDO CURSO/BDFI/practica_docker/env/lib/python3.8/site-packages/airflow/example_dags/example_task_group_decorator.py
[2025-01-12 14:07:04,867] {logging_mixin.py:109} INFO - [2025-01-12 14:07:04,867] {dag.py:1834} INFO - Sync 1 DAGs
[2025-01-12 14:07:04,870] {logging_mixin.py:109} INFO - [2025-01-12 14:07:04,870] {dag.py:2287} INFO - Setting next_dagrun for example_task_group_decorator to 2025-01-10 00:00:00+00:00
[2025-01-12 14:07:04,878] {processor.py:170} INFO - Processing /home/jorge/Desktop/MÁSTER/SEGUNDO CURSO/BDFI/practica_docker/env/lib/python3.8/site-packages/airflow/example_dags/example_task_group_decorator.py took 0.209 seconds
[2025-01-12 14:07:38,052] {processor.py:162} INFO - Started process (PID=284138) to work on /home/jorge/Desktop/MÁSTER/SEGUNDO CURSO/BDFI/practica_docker/env/lib/python3.8/site-packages/airflow/example_dags/example_task_group_decorator.py
[2025-01-12 14:07:38,053] {processor.py:613} INFO - Processing file /home/jorge/Desktop/MÁSTER/SEGUNDO CURSO/BDFI/practica_docker/env/lib/python3.8/site-packages/airflow/example_dags/example_task_group_decorator.py for tasks to queue
[2025-01-12 14:07:38,054] {logging_mixin.py:109} INFO - [2025-01-12 14:07:38,054] {dagbag.py:496} INFO - Filling up the DagBag from /home/jorge/Desktop/MÁSTER/SEGUNDO CURSO/BDFI/practica_docker/env/lib/python3.8/site-packages/airflow/example_dags/example_task_group_decorator.py
[2025-01-12 14:07:38,069] {processor.py:623} INFO - DAG(s) dict_keys(['example_task_group_decorator']) retrieved from /home/jorge/Desktop/MÁSTER/SEGUNDO CURSO/BDFI/practica_docker/env/lib/python3.8/site-packages/airflow/example_dags/example_task_group_decorator.py
[2025-01-12 14:07:38,225] {logging_mixin.py:109} INFO - [2025-01-12 14:07:38,225] {dag.py:1834} INFO - Sync 1 DAGs
[2025-01-12 14:07:38,228] {logging_mixin.py:109} INFO - [2025-01-12 14:07:38,228] {dag.py:2287} INFO - Setting next_dagrun for example_task_group_decorator to 2025-01-10 00:00:00+00:00
[2025-01-12 14:07:38,242] {processor.py:170} INFO - Processing /home/jorge/Desktop/MÁSTER/SEGUNDO CURSO/BDFI/practica_docker/env/lib/python3.8/site-packages/airflow/example_dags/example_task_group_decorator.py took 0.193 seconds
[2025-01-12 14:08:10,716] {processor.py:162} INFO - Started process (PID=284290) to work on /home/jorge/Desktop/MÁSTER/SEGUNDO CURSO/BDFI/practica_docker/env/lib/python3.8/site-packages/airflow/example_dags/example_task_group_decorator.py
[2025-01-12 14:08:10,723] {processor.py:613} INFO - Processing file /home/jorge/Desktop/MÁSTER/SEGUNDO CURSO/BDFI/practica_docker/env/lib/python3.8/site-packages/airflow/example_dags/example_task_group_decorator.py for tasks to queue
[2025-01-12 14:08:10,724] {logging_mixin.py:109} INFO - [2025-01-12 14:08:10,723] {dagbag.py:496} INFO - Filling up the DagBag from /home/jorge/Desktop/MÁSTER/SEGUNDO CURSO/BDFI/practica_docker/env/lib/python3.8/site-packages/airflow/example_dags/example_task_group_decorator.py
[2025-01-12 14:08:10,740] {processor.py:623} INFO - DAG(s) dict_keys(['example_task_group_decorator']) retrieved from /home/jorge/Desktop/MÁSTER/SEGUNDO CURSO/BDFI/practica_docker/env/lib/python3.8/site-packages/airflow/example_dags/example_task_group_decorator.py
[2025-01-12 14:08:10,902] {logging_mixin.py:109} INFO - [2025-01-12 14:08:10,902] {dag.py:1834} INFO - Sync 1 DAGs
[2025-01-12 14:08:10,905] {logging_mixin.py:109} INFO - [2025-01-12 14:08:10,905] {dag.py:2287} INFO - Setting next_dagrun for example_task_group_decorator to 2025-01-10 00:00:00+00:00
[2025-01-12 14:08:10,918] {processor.py:170} INFO - Processing /home/jorge/Desktop/MÁSTER/SEGUNDO CURSO/BDFI/practica_docker/env/lib/python3.8/site-packages/airflow/example_dags/example_task_group_decorator.py took 0.203 seconds
[2025-01-12 14:08:43,048] {processor.py:162} INFO - Started process (PID=284441) to work on /home/jorge/Desktop/MÁSTER/SEGUNDO CURSO/BDFI/practica_docker/env/lib/python3.8/site-packages/airflow/example_dags/example_task_group_decorator.py
[2025-01-12 14:08:43,049] {processor.py:613} INFO - Processing file /home/jorge/Desktop/MÁSTER/SEGUNDO CURSO/BDFI/practica_docker/env/lib/python3.8/site-packages/airflow/example_dags/example_task_group_decorator.py for tasks to queue
[2025-01-12 14:08:43,050] {logging_mixin.py:109} INFO - [2025-01-12 14:08:43,050] {dagbag.py:496} INFO - Filling up the DagBag from /home/jorge/Desktop/MÁSTER/SEGUNDO CURSO/BDFI/practica_docker/env/lib/python3.8/site-packages/airflow/example_dags/example_task_group_decorator.py
[2025-01-12 14:08:43,065] {processor.py:623} INFO - DAG(s) dict_keys(['example_task_group_decorator']) retrieved from /home/jorge/Desktop/MÁSTER/SEGUNDO CURSO/BDFI/practica_docker/env/lib/python3.8/site-packages/airflow/example_dags/example_task_group_decorator.py
[2025-01-12 14:08:43,221] {logging_mixin.py:109} INFO - [2025-01-12 14:08:43,221] {dag.py:1834} INFO - Sync 1 DAGs
[2025-01-12 14:08:43,225] {logging_mixin.py:109} INFO - [2025-01-12 14:08:43,225] {dag.py:2287} INFO - Setting next_dagrun for example_task_group_decorator to 2025-01-10 00:00:00+00:00
[2025-01-12 14:08:43,235] {processor.py:170} INFO - Processing /home/jorge/Desktop/MÁSTER/SEGUNDO CURSO/BDFI/practica_docker/env/lib/python3.8/site-packages/airflow/example_dags/example_task_group_decorator.py took 0.190 seconds
[2025-01-12 14:09:16,352] {processor.py:162} INFO - Started process (PID=284587) to work on /home/jorge/Desktop/MÁSTER/SEGUNDO CURSO/BDFI/practica_docker/env/lib/python3.8/site-packages/airflow/example_dags/example_task_group_decorator.py
[2025-01-12 14:09:16,354] {processor.py:613} INFO - Processing file /home/jorge/Desktop/MÁSTER/SEGUNDO CURSO/BDFI/practica_docker/env/lib/python3.8/site-packages/airflow/example_dags/example_task_group_decorator.py for tasks to queue
[2025-01-12 14:09:16,354] {logging_mixin.py:109} INFO - [2025-01-12 14:09:16,354] {dagbag.py:496} INFO - Filling up the DagBag from /home/jorge/Desktop/MÁSTER/SEGUNDO CURSO/BDFI/practica_docker/env/lib/python3.8/site-packages/airflow/example_dags/example_task_group_decorator.py
[2025-01-12 14:09:16,368] {processor.py:623} INFO - DAG(s) dict_keys(['example_task_group_decorator']) retrieved from /home/jorge/Desktop/MÁSTER/SEGUNDO CURSO/BDFI/practica_docker/env/lib/python3.8/site-packages/airflow/example_dags/example_task_group_decorator.py
[2025-01-12 14:09:16,530] {logging_mixin.py:109} INFO - [2025-01-12 14:09:16,530] {dag.py:1834} INFO - Sync 1 DAGs
[2025-01-12 14:09:16,534] {logging_mixin.py:109} INFO - [2025-01-12 14:09:16,534] {dag.py:2287} INFO - Setting next_dagrun for example_task_group_decorator to 2025-01-10 00:00:00+00:00
[2025-01-12 14:09:16,547] {processor.py:170} INFO - Processing /home/jorge/Desktop/MÁSTER/SEGUNDO CURSO/BDFI/practica_docker/env/lib/python3.8/site-packages/airflow/example_dags/example_task_group_decorator.py took 0.198 seconds
[2025-01-12 14:09:50,094] {processor.py:162} INFO - Started process (PID=284752) to work on /home/jorge/Desktop/MÁSTER/SEGUNDO CURSO/BDFI/practica_docker/env/lib/python3.8/site-packages/airflow/example_dags/example_task_group_decorator.py
[2025-01-12 14:09:50,101] {processor.py:613} INFO - Processing file /home/jorge/Desktop/MÁSTER/SEGUNDO CURSO/BDFI/practica_docker/env/lib/python3.8/site-packages/airflow/example_dags/example_task_group_decorator.py for tasks to queue
[2025-01-12 14:09:50,102] {logging_mixin.py:109} INFO - [2025-01-12 14:09:50,102] {dagbag.py:496} INFO - Filling up the DagBag from /home/jorge/Desktop/MÁSTER/SEGUNDO CURSO/BDFI/practica_docker/env/lib/python3.8/site-packages/airflow/example_dags/example_task_group_decorator.py
[2025-01-12 14:09:50,120] {processor.py:623} INFO - DAG(s) dict_keys(['example_task_group_decorator']) retrieved from /home/jorge/Desktop/MÁSTER/SEGUNDO CURSO/BDFI/practica_docker/env/lib/python3.8/site-packages/airflow/example_dags/example_task_group_decorator.py
[2025-01-12 14:09:50,296] {logging_mixin.py:109} INFO - [2025-01-12 14:09:50,295] {dag.py:1834} INFO - Sync 1 DAGs
[2025-01-12 14:09:50,299] {logging_mixin.py:109} INFO - [2025-01-12 14:09:50,299] {dag.py:2287} INFO - Setting next_dagrun for example_task_group_decorator to 2025-01-10 00:00:00+00:00
[2025-01-12 14:09:50,312] {processor.py:170} INFO - Processing /home/jorge/Desktop/MÁSTER/SEGUNDO CURSO/BDFI/practica_docker/env/lib/python3.8/site-packages/airflow/example_dags/example_task_group_decorator.py took 0.222 seconds
[2025-01-12 14:10:22,425] {processor.py:162} INFO - Started process (PID=284900) to work on /home/jorge/Desktop/MÁSTER/SEGUNDO CURSO/BDFI/practica_docker/env/lib/python3.8/site-packages/airflow/example_dags/example_task_group_decorator.py
[2025-01-12 14:10:22,432] {processor.py:613} INFO - Processing file /home/jorge/Desktop/MÁSTER/SEGUNDO CURSO/BDFI/practica_docker/env/lib/python3.8/site-packages/airflow/example_dags/example_task_group_decorator.py for tasks to queue
[2025-01-12 14:10:22,433] {logging_mixin.py:109} INFO - [2025-01-12 14:10:22,433] {dagbag.py:496} INFO - Filling up the DagBag from /home/jorge/Desktop/MÁSTER/SEGUNDO CURSO/BDFI/practica_docker/env/lib/python3.8/site-packages/airflow/example_dags/example_task_group_decorator.py
[2025-01-12 14:10:22,449] {processor.py:623} INFO - DAG(s) dict_keys(['example_task_group_decorator']) retrieved from /home/jorge/Desktop/MÁSTER/SEGUNDO CURSO/BDFI/practica_docker/env/lib/python3.8/site-packages/airflow/example_dags/example_task_group_decorator.py
[2025-01-12 14:10:22,651] {logging_mixin.py:109} INFO - [2025-01-12 14:10:22,651] {dag.py:1834} INFO - Sync 1 DAGs
[2025-01-12 14:10:22,656] {logging_mixin.py:109} INFO - [2025-01-12 14:10:22,656] {dag.py:2287} INFO - Setting next_dagrun for example_task_group_decorator to 2025-01-10 00:00:00+00:00
[2025-01-12 14:10:22,673] {processor.py:170} INFO - Processing /home/jorge/Desktop/MÁSTER/SEGUNDO CURSO/BDFI/practica_docker/env/lib/python3.8/site-packages/airflow/example_dags/example_task_group_decorator.py took 0.253 seconds
[2025-01-12 14:10:59,877] {processor.py:162} INFO - Started process (PID=285186) to work on /home/jorge/Desktop/MÁSTER/SEGUNDO CURSO/BDFI/practica_docker/env/lib/python3.8/site-packages/airflow/example_dags/example_task_group_decorator.py
[2025-01-12 14:10:59,878] {processor.py:613} INFO - Processing file /home/jorge/Desktop/MÁSTER/SEGUNDO CURSO/BDFI/practica_docker/env/lib/python3.8/site-packages/airflow/example_dags/example_task_group_decorator.py for tasks to queue
[2025-01-12 14:10:59,879] {logging_mixin.py:109} INFO - [2025-01-12 14:10:59,879] {dagbag.py:496} INFO - Filling up the DagBag from /home/jorge/Desktop/MÁSTER/SEGUNDO CURSO/BDFI/practica_docker/env/lib/python3.8/site-packages/airflow/example_dags/example_task_group_decorator.py
[2025-01-12 14:10:59,895] {processor.py:623} INFO - DAG(s) dict_keys(['example_task_group_decorator']) retrieved from /home/jorge/Desktop/MÁSTER/SEGUNDO CURSO/BDFI/practica_docker/env/lib/python3.8/site-packages/airflow/example_dags/example_task_group_decorator.py
[2025-01-12 14:11:00,089] {logging_mixin.py:109} INFO - [2025-01-12 14:11:00,088] {dag.py:1834} INFO - Sync 1 DAGs
[2025-01-12 14:11:00,093] {logging_mixin.py:109} INFO - [2025-01-12 14:11:00,093] {dag.py:2287} INFO - Setting next_dagrun for example_task_group_decorator to 2025-01-10 00:00:00+00:00
[2025-01-12 14:11:00,102] {processor.py:170} INFO - Processing /home/jorge/Desktop/MÁSTER/SEGUNDO CURSO/BDFI/practica_docker/env/lib/python3.8/site-packages/airflow/example_dags/example_task_group_decorator.py took 0.227 seconds
[2025-01-12 14:11:33,699] {processor.py:162} INFO - Started process (PID=285373) to work on /home/jorge/Desktop/MÁSTER/SEGUNDO CURSO/BDFI/practica_docker/env/lib/python3.8/site-packages/airflow/example_dags/example_task_group_decorator.py
[2025-01-12 14:11:33,700] {processor.py:613} INFO - Processing file /home/jorge/Desktop/MÁSTER/SEGUNDO CURSO/BDFI/practica_docker/env/lib/python3.8/site-packages/airflow/example_dags/example_task_group_decorator.py for tasks to queue
[2025-01-12 14:11:33,700] {logging_mixin.py:109} INFO - [2025-01-12 14:11:33,700] {dagbag.py:496} INFO - Filling up the DagBag from /home/jorge/Desktop/MÁSTER/SEGUNDO CURSO/BDFI/practica_docker/env/lib/python3.8/site-packages/airflow/example_dags/example_task_group_decorator.py
[2025-01-12 14:11:33,713] {processor.py:623} INFO - DAG(s) dict_keys(['example_task_group_decorator']) retrieved from /home/jorge/Desktop/MÁSTER/SEGUNDO CURSO/BDFI/practica_docker/env/lib/python3.8/site-packages/airflow/example_dags/example_task_group_decorator.py
[2025-01-12 14:11:33,944] {logging_mixin.py:109} INFO - [2025-01-12 14:11:33,943] {dag.py:1834} INFO - Sync 1 DAGs
[2025-01-12 14:11:33,949] {logging_mixin.py:109} INFO - [2025-01-12 14:11:33,949] {dag.py:2287} INFO - Setting next_dagrun for example_task_group_decorator to 2025-01-10 00:00:00+00:00
[2025-01-12 14:11:33,964] {processor.py:170} INFO - Processing /home/jorge/Desktop/MÁSTER/SEGUNDO CURSO/BDFI/practica_docker/env/lib/python3.8/site-packages/airflow/example_dags/example_task_group_decorator.py took 0.267 seconds
[2025-01-12 14:12:07,677] {processor.py:162} INFO - Started process (PID=285531) to work on /home/jorge/Desktop/MÁSTER/SEGUNDO CURSO/BDFI/practica_docker/env/lib/python3.8/site-packages/airflow/example_dags/example_task_group_decorator.py
[2025-01-12 14:12:07,680] {processor.py:613} INFO - Processing file /home/jorge/Desktop/MÁSTER/SEGUNDO CURSO/BDFI/practica_docker/env/lib/python3.8/site-packages/airflow/example_dags/example_task_group_decorator.py for tasks to queue
[2025-01-12 14:12:07,681] {logging_mixin.py:109} INFO - [2025-01-12 14:12:07,681] {dagbag.py:496} INFO - Filling up the DagBag from /home/jorge/Desktop/MÁSTER/SEGUNDO CURSO/BDFI/practica_docker/env/lib/python3.8/site-packages/airflow/example_dags/example_task_group_decorator.py
[2025-01-12 14:12:07,698] {processor.py:623} INFO - DAG(s) dict_keys(['example_task_group_decorator']) retrieved from /home/jorge/Desktop/MÁSTER/SEGUNDO CURSO/BDFI/practica_docker/env/lib/python3.8/site-packages/airflow/example_dags/example_task_group_decorator.py
[2025-01-12 14:12:07,907] {logging_mixin.py:109} INFO - [2025-01-12 14:12:07,907] {dag.py:1834} INFO - Sync 1 DAGs
[2025-01-12 14:12:07,914] {logging_mixin.py:109} INFO - [2025-01-12 14:12:07,914] {dag.py:2287} INFO - Setting next_dagrun for example_task_group_decorator to 2025-01-10 00:00:00+00:00
[2025-01-12 14:12:07,930] {processor.py:170} INFO - Processing /home/jorge/Desktop/MÁSTER/SEGUNDO CURSO/BDFI/practica_docker/env/lib/python3.8/site-packages/airflow/example_dags/example_task_group_decorator.py took 0.257 seconds
[2025-01-12 14:12:41,348] {processor.py:162} INFO - Started process (PID=285673) to work on /home/jorge/Desktop/MÁSTER/SEGUNDO CURSO/BDFI/practica_docker/env/lib/python3.8/site-packages/airflow/example_dags/example_task_group_decorator.py
[2025-01-12 14:12:41,350] {processor.py:613} INFO - Processing file /home/jorge/Desktop/MÁSTER/SEGUNDO CURSO/BDFI/practica_docker/env/lib/python3.8/site-packages/airflow/example_dags/example_task_group_decorator.py for tasks to queue
[2025-01-12 14:12:41,351] {logging_mixin.py:109} INFO - [2025-01-12 14:12:41,351] {dagbag.py:496} INFO - Filling up the DagBag from /home/jorge/Desktop/MÁSTER/SEGUNDO CURSO/BDFI/practica_docker/env/lib/python3.8/site-packages/airflow/example_dags/example_task_group_decorator.py
[2025-01-12 14:12:41,366] {processor.py:623} INFO - DAG(s) dict_keys(['example_task_group_decorator']) retrieved from /home/jorge/Desktop/MÁSTER/SEGUNDO CURSO/BDFI/practica_docker/env/lib/python3.8/site-packages/airflow/example_dags/example_task_group_decorator.py
[2025-01-12 14:12:41,536] {logging_mixin.py:109} INFO - [2025-01-12 14:12:41,536] {dag.py:1834} INFO - Sync 1 DAGs
[2025-01-12 14:12:41,542] {logging_mixin.py:109} INFO - [2025-01-12 14:12:41,541] {dag.py:2287} INFO - Setting next_dagrun for example_task_group_decorator to 2025-01-10 00:00:00+00:00
[2025-01-12 14:12:41,551] {processor.py:170} INFO - Processing /home/jorge/Desktop/MÁSTER/SEGUNDO CURSO/BDFI/practica_docker/env/lib/python3.8/site-packages/airflow/example_dags/example_task_group_decorator.py took 0.206 seconds
[2025-01-12 14:13:14,793] {processor.py:162} INFO - Started process (PID=285827) to work on /home/jorge/Desktop/MÁSTER/SEGUNDO CURSO/BDFI/practica_docker/env/lib/python3.8/site-packages/airflow/example_dags/example_task_group_decorator.py
[2025-01-12 14:13:14,799] {processor.py:613} INFO - Processing file /home/jorge/Desktop/MÁSTER/SEGUNDO CURSO/BDFI/practica_docker/env/lib/python3.8/site-packages/airflow/example_dags/example_task_group_decorator.py for tasks to queue
[2025-01-12 14:13:14,800] {logging_mixin.py:109} INFO - [2025-01-12 14:13:14,800] {dagbag.py:496} INFO - Filling up the DagBag from /home/jorge/Desktop/MÁSTER/SEGUNDO CURSO/BDFI/practica_docker/env/lib/python3.8/site-packages/airflow/example_dags/example_task_group_decorator.py
[2025-01-12 14:13:14,817] {processor.py:623} INFO - DAG(s) dict_keys(['example_task_group_decorator']) retrieved from /home/jorge/Desktop/MÁSTER/SEGUNDO CURSO/BDFI/practica_docker/env/lib/python3.8/site-packages/airflow/example_dags/example_task_group_decorator.py
[2025-01-12 14:13:15,031] {logging_mixin.py:109} INFO - [2025-01-12 14:13:15,031] {dag.py:1834} INFO - Sync 1 DAGs
[2025-01-12 14:13:15,036] {logging_mixin.py:109} INFO - [2025-01-12 14:13:15,036] {dag.py:2287} INFO - Setting next_dagrun for example_task_group_decorator to 2025-01-10 00:00:00+00:00
[2025-01-12 14:13:15,047] {processor.py:170} INFO - Processing /home/jorge/Desktop/MÁSTER/SEGUNDO CURSO/BDFI/practica_docker/env/lib/python3.8/site-packages/airflow/example_dags/example_task_group_decorator.py took 0.259 seconds
[2025-01-12 14:13:47,438] {processor.py:162} INFO - Started process (PID=285994) to work on /home/jorge/Desktop/MÁSTER/SEGUNDO CURSO/BDFI/practica_docker/env/lib/python3.8/site-packages/airflow/example_dags/example_task_group_decorator.py
[2025-01-12 14:13:47,439] {processor.py:613} INFO - Processing file /home/jorge/Desktop/MÁSTER/SEGUNDO CURSO/BDFI/practica_docker/env/lib/python3.8/site-packages/airflow/example_dags/example_task_group_decorator.py for tasks to queue
[2025-01-12 14:13:47,440] {logging_mixin.py:109} INFO - [2025-01-12 14:13:47,440] {dagbag.py:496} INFO - Filling up the DagBag from /home/jorge/Desktop/MÁSTER/SEGUNDO CURSO/BDFI/practica_docker/env/lib/python3.8/site-packages/airflow/example_dags/example_task_group_decorator.py
[2025-01-12 14:13:47,457] {processor.py:623} INFO - DAG(s) dict_keys(['example_task_group_decorator']) retrieved from /home/jorge/Desktop/MÁSTER/SEGUNDO CURSO/BDFI/practica_docker/env/lib/python3.8/site-packages/airflow/example_dags/example_task_group_decorator.py
[2025-01-12 14:13:47,716] {logging_mixin.py:109} INFO - [2025-01-12 14:13:47,716] {dag.py:1834} INFO - Sync 1 DAGs
[2025-01-12 14:13:47,721] {logging_mixin.py:109} INFO - [2025-01-12 14:13:47,721] {dag.py:2287} INFO - Setting next_dagrun for example_task_group_decorator to 2025-01-10 00:00:00+00:00
[2025-01-12 14:13:47,732] {processor.py:170} INFO - Processing /home/jorge/Desktop/MÁSTER/SEGUNDO CURSO/BDFI/practica_docker/env/lib/python3.8/site-packages/airflow/example_dags/example_task_group_decorator.py took 0.296 seconds
[2025-01-12 14:14:19,684] {processor.py:162} INFO - Started process (PID=286144) to work on /home/jorge/Desktop/MÁSTER/SEGUNDO CURSO/BDFI/practica_docker/env/lib/python3.8/site-packages/airflow/example_dags/example_task_group_decorator.py
[2025-01-12 14:14:19,691] {processor.py:613} INFO - Processing file /home/jorge/Desktop/MÁSTER/SEGUNDO CURSO/BDFI/practica_docker/env/lib/python3.8/site-packages/airflow/example_dags/example_task_group_decorator.py for tasks to queue
[2025-01-12 14:14:19,692] {logging_mixin.py:109} INFO - [2025-01-12 14:14:19,691] {dagbag.py:496} INFO - Filling up the DagBag from /home/jorge/Desktop/MÁSTER/SEGUNDO CURSO/BDFI/practica_docker/env/lib/python3.8/site-packages/airflow/example_dags/example_task_group_decorator.py
[2025-01-12 14:14:19,721] {processor.py:623} INFO - DAG(s) dict_keys(['example_task_group_decorator']) retrieved from /home/jorge/Desktop/MÁSTER/SEGUNDO CURSO/BDFI/practica_docker/env/lib/python3.8/site-packages/airflow/example_dags/example_task_group_decorator.py
[2025-01-12 14:14:19,915] {logging_mixin.py:109} INFO - [2025-01-12 14:14:19,915] {dag.py:1834} INFO - Sync 1 DAGs
[2025-01-12 14:14:19,920] {logging_mixin.py:109} INFO - [2025-01-12 14:14:19,919] {dag.py:2287} INFO - Setting next_dagrun for example_task_group_decorator to 2025-01-10 00:00:00+00:00
[2025-01-12 14:14:19,928] {processor.py:170} INFO - Processing /home/jorge/Desktop/MÁSTER/SEGUNDO CURSO/BDFI/practica_docker/env/lib/python3.8/site-packages/airflow/example_dags/example_task_group_decorator.py took 0.248 seconds
[2025-01-12 14:14:52,250] {processor.py:162} INFO - Started process (PID=286303) to work on /home/jorge/Desktop/MÁSTER/SEGUNDO CURSO/BDFI/practica_docker/env/lib/python3.8/site-packages/airflow/example_dags/example_task_group_decorator.py
[2025-01-12 14:14:52,257] {processor.py:613} INFO - Processing file /home/jorge/Desktop/MÁSTER/SEGUNDO CURSO/BDFI/practica_docker/env/lib/python3.8/site-packages/airflow/example_dags/example_task_group_decorator.py for tasks to queue
[2025-01-12 14:14:52,259] {logging_mixin.py:109} INFO - [2025-01-12 14:14:52,258] {dagbag.py:496} INFO - Filling up the DagBag from /home/jorge/Desktop/MÁSTER/SEGUNDO CURSO/BDFI/practica_docker/env/lib/python3.8/site-packages/airflow/example_dags/example_task_group_decorator.py
[2025-01-12 14:14:52,283] {processor.py:623} INFO - DAG(s) dict_keys(['example_task_group_decorator']) retrieved from /home/jorge/Desktop/MÁSTER/SEGUNDO CURSO/BDFI/practica_docker/env/lib/python3.8/site-packages/airflow/example_dags/example_task_group_decorator.py
[2025-01-12 14:14:52,547] {logging_mixin.py:109} INFO - [2025-01-12 14:14:52,547] {dag.py:1834} INFO - Sync 1 DAGs
[2025-01-12 14:14:52,552] {logging_mixin.py:109} INFO - [2025-01-12 14:14:52,551] {dag.py:2287} INFO - Setting next_dagrun for example_task_group_decorator to 2025-01-10 00:00:00+00:00
[2025-01-12 14:14:52,560] {processor.py:170} INFO - Processing /home/jorge/Desktop/MÁSTER/SEGUNDO CURSO/BDFI/practica_docker/env/lib/python3.8/site-packages/airflow/example_dags/example_task_group_decorator.py took 0.314 seconds
[2025-01-12 14:15:24,330] {processor.py:162} INFO - Started process (PID=286704) to work on /home/jorge/Desktop/MÁSTER/SEGUNDO CURSO/BDFI/practica_docker/env/lib/python3.8/site-packages/airflow/example_dags/example_task_group_decorator.py
[2025-01-12 14:15:24,332] {processor.py:613} INFO - Processing file /home/jorge/Desktop/MÁSTER/SEGUNDO CURSO/BDFI/practica_docker/env/lib/python3.8/site-packages/airflow/example_dags/example_task_group_decorator.py for tasks to queue
[2025-01-12 14:15:24,332] {logging_mixin.py:109} INFO - [2025-01-12 14:15:24,332] {dagbag.py:496} INFO - Filling up the DagBag from /home/jorge/Desktop/MÁSTER/SEGUNDO CURSO/BDFI/practica_docker/env/lib/python3.8/site-packages/airflow/example_dags/example_task_group_decorator.py
[2025-01-12 14:15:24,347] {processor.py:623} INFO - DAG(s) dict_keys(['example_task_group_decorator']) retrieved from /home/jorge/Desktop/MÁSTER/SEGUNDO CURSO/BDFI/practica_docker/env/lib/python3.8/site-packages/airflow/example_dags/example_task_group_decorator.py
[2025-01-12 14:15:24,524] {logging_mixin.py:109} INFO - [2025-01-12 14:15:24,524] {dag.py:1834} INFO - Sync 1 DAGs
[2025-01-12 14:15:24,528] {logging_mixin.py:109} INFO - [2025-01-12 14:15:24,528] {dag.py:2287} INFO - Setting next_dagrun for example_task_group_decorator to 2025-01-10 00:00:00+00:00
[2025-01-12 14:15:24,542] {processor.py:170} INFO - Processing /home/jorge/Desktop/MÁSTER/SEGUNDO CURSO/BDFI/practica_docker/env/lib/python3.8/site-packages/airflow/example_dags/example_task_group_decorator.py took 0.214 seconds
[2025-01-12 14:16:10,324] {processor.py:162} INFO - Started process (PID=289816) to work on /home/jorge/Desktop/MÁSTER/SEGUNDO CURSO/BDFI/practica_docker/env/lib/python3.8/site-packages/airflow/example_dags/example_task_group_decorator.py
[2025-01-12 14:16:10,330] {processor.py:613} INFO - Processing file /home/jorge/Desktop/MÁSTER/SEGUNDO CURSO/BDFI/practica_docker/env/lib/python3.8/site-packages/airflow/example_dags/example_task_group_decorator.py for tasks to queue
[2025-01-12 14:16:10,331] {logging_mixin.py:109} INFO - [2025-01-12 14:16:10,331] {dagbag.py:496} INFO - Filling up the DagBag from /home/jorge/Desktop/MÁSTER/SEGUNDO CURSO/BDFI/practica_docker/env/lib/python3.8/site-packages/airflow/example_dags/example_task_group_decorator.py
[2025-01-12 14:16:10,347] {processor.py:623} INFO - DAG(s) dict_keys(['example_task_group_decorator']) retrieved from /home/jorge/Desktop/MÁSTER/SEGUNDO CURSO/BDFI/practica_docker/env/lib/python3.8/site-packages/airflow/example_dags/example_task_group_decorator.py
[2025-01-12 14:16:10,599] {logging_mixin.py:109} INFO - [2025-01-12 14:16:10,599] {dag.py:1834} INFO - Sync 1 DAGs
[2025-01-12 14:16:10,607] {logging_mixin.py:109} INFO - [2025-01-12 14:16:10,606] {dag.py:2287} INFO - Setting next_dagrun for example_task_group_decorator to 2025-01-10 00:00:00+00:00
[2025-01-12 14:16:10,626] {processor.py:170} INFO - Processing /home/jorge/Desktop/MÁSTER/SEGUNDO CURSO/BDFI/practica_docker/env/lib/python3.8/site-packages/airflow/example_dags/example_task_group_decorator.py took 0.304 seconds
[2025-01-12 14:16:45,715] {processor.py:162} INFO - Started process (PID=290284) to work on /home/jorge/Desktop/MÁSTER/SEGUNDO CURSO/BDFI/practica_docker/env/lib/python3.8/site-packages/airflow/example_dags/example_task_group_decorator.py
[2025-01-12 14:16:45,721] {processor.py:613} INFO - Processing file /home/jorge/Desktop/MÁSTER/SEGUNDO CURSO/BDFI/practica_docker/env/lib/python3.8/site-packages/airflow/example_dags/example_task_group_decorator.py for tasks to queue
[2025-01-12 14:16:45,723] {logging_mixin.py:109} INFO - [2025-01-12 14:16:45,722] {dagbag.py:496} INFO - Filling up the DagBag from /home/jorge/Desktop/MÁSTER/SEGUNDO CURSO/BDFI/practica_docker/env/lib/python3.8/site-packages/airflow/example_dags/example_task_group_decorator.py
[2025-01-12 14:16:45,790] {processor.py:623} INFO - DAG(s) dict_keys(['example_task_group_decorator']) retrieved from /home/jorge/Desktop/MÁSTER/SEGUNDO CURSO/BDFI/practica_docker/env/lib/python3.8/site-packages/airflow/example_dags/example_task_group_decorator.py
[2025-01-12 14:16:46,422] {logging_mixin.py:109} INFO - [2025-01-12 14:16:46,422] {dag.py:1834} INFO - Sync 1 DAGs
[2025-01-12 14:16:46,449] {logging_mixin.py:109} INFO - [2025-01-12 14:16:46,448] {dag.py:2287} INFO - Setting next_dagrun for example_task_group_decorator to 2025-01-10 00:00:00+00:00
[2025-01-12 14:16:46,485] {processor.py:170} INFO - Processing /home/jorge/Desktop/MÁSTER/SEGUNDO CURSO/BDFI/practica_docker/env/lib/python3.8/site-packages/airflow/example_dags/example_task_group_decorator.py took 0.780 seconds
[2025-01-12 14:17:20,549] {processor.py:162} INFO - Started process (PID=290939) to work on /home/jorge/Desktop/MÁSTER/SEGUNDO CURSO/BDFI/practica_docker/env/lib/python3.8/site-packages/airflow/example_dags/example_task_group_decorator.py
[2025-01-12 14:17:20,552] {processor.py:613} INFO - Processing file /home/jorge/Desktop/MÁSTER/SEGUNDO CURSO/BDFI/practica_docker/env/lib/python3.8/site-packages/airflow/example_dags/example_task_group_decorator.py for tasks to queue
[2025-01-12 14:17:20,554] {logging_mixin.py:109} INFO - [2025-01-12 14:17:20,554] {dagbag.py:496} INFO - Filling up the DagBag from /home/jorge/Desktop/MÁSTER/SEGUNDO CURSO/BDFI/practica_docker/env/lib/python3.8/site-packages/airflow/example_dags/example_task_group_decorator.py
[2025-01-12 14:17:20,577] {processor.py:623} INFO - DAG(s) dict_keys(['example_task_group_decorator']) retrieved from /home/jorge/Desktop/MÁSTER/SEGUNDO CURSO/BDFI/practica_docker/env/lib/python3.8/site-packages/airflow/example_dags/example_task_group_decorator.py
[2025-01-12 14:17:20,802] {logging_mixin.py:109} INFO - [2025-01-12 14:17:20,802] {dag.py:1834} INFO - Sync 1 DAGs
[2025-01-12 14:17:20,807] {logging_mixin.py:109} INFO - [2025-01-12 14:17:20,807] {dag.py:2287} INFO - Setting next_dagrun for example_task_group_decorator to 2025-01-10 00:00:00+00:00
[2025-01-12 14:17:20,822] {processor.py:170} INFO - Processing /home/jorge/Desktop/MÁSTER/SEGUNDO CURSO/BDFI/practica_docker/env/lib/python3.8/site-packages/airflow/example_dags/example_task_group_decorator.py took 0.277 seconds
[2025-01-12 14:17:54,087] {processor.py:162} INFO - Started process (PID=291105) to work on /home/jorge/Desktop/MÁSTER/SEGUNDO CURSO/BDFI/practica_docker/env/lib/python3.8/site-packages/airflow/example_dags/example_task_group_decorator.py
[2025-01-12 14:17:54,088] {processor.py:613} INFO - Processing file /home/jorge/Desktop/MÁSTER/SEGUNDO CURSO/BDFI/practica_docker/env/lib/python3.8/site-packages/airflow/example_dags/example_task_group_decorator.py for tasks to queue
[2025-01-12 14:17:54,089] {logging_mixin.py:109} INFO - [2025-01-12 14:17:54,089] {dagbag.py:496} INFO - Filling up the DagBag from /home/jorge/Desktop/MÁSTER/SEGUNDO CURSO/BDFI/practica_docker/env/lib/python3.8/site-packages/airflow/example_dags/example_task_group_decorator.py
[2025-01-12 14:17:54,106] {processor.py:623} INFO - DAG(s) dict_keys(['example_task_group_decorator']) retrieved from /home/jorge/Desktop/MÁSTER/SEGUNDO CURSO/BDFI/practica_docker/env/lib/python3.8/site-packages/airflow/example_dags/example_task_group_decorator.py
[2025-01-12 14:17:54,460] {logging_mixin.py:109} INFO - [2025-01-12 14:17:54,460] {dag.py:1834} INFO - Sync 1 DAGs
[2025-01-12 14:17:54,467] {logging_mixin.py:109} INFO - [2025-01-12 14:17:54,467] {dag.py:2287} INFO - Setting next_dagrun for example_task_group_decorator to 2025-01-10 00:00:00+00:00
[2025-01-12 14:17:54,478] {processor.py:170} INFO - Processing /home/jorge/Desktop/MÁSTER/SEGUNDO CURSO/BDFI/practica_docker/env/lib/python3.8/site-packages/airflow/example_dags/example_task_group_decorator.py took 0.393 seconds
[2025-01-12 14:18:26,735] {processor.py:162} INFO - Started process (PID=291549) to work on /home/jorge/Desktop/MÁSTER/SEGUNDO CURSO/BDFI/practica_docker/env/lib/python3.8/site-packages/airflow/example_dags/example_task_group_decorator.py
[2025-01-12 14:18:26,736] {processor.py:613} INFO - Processing file /home/jorge/Desktop/MÁSTER/SEGUNDO CURSO/BDFI/practica_docker/env/lib/python3.8/site-packages/airflow/example_dags/example_task_group_decorator.py for tasks to queue
[2025-01-12 14:18:26,737] {logging_mixin.py:109} INFO - [2025-01-12 14:18:26,736] {dagbag.py:496} INFO - Filling up the DagBag from /home/jorge/Desktop/MÁSTER/SEGUNDO CURSO/BDFI/practica_docker/env/lib/python3.8/site-packages/airflow/example_dags/example_task_group_decorator.py
[2025-01-12 14:18:26,752] {processor.py:623} INFO - DAG(s) dict_keys(['example_task_group_decorator']) retrieved from /home/jorge/Desktop/MÁSTER/SEGUNDO CURSO/BDFI/practica_docker/env/lib/python3.8/site-packages/airflow/example_dags/example_task_group_decorator.py
[2025-01-12 14:18:26,957] {logging_mixin.py:109} INFO - [2025-01-12 14:18:26,957] {dag.py:1834} INFO - Sync 1 DAGs
[2025-01-12 14:18:26,964] {logging_mixin.py:109} INFO - [2025-01-12 14:18:26,964] {dag.py:2287} INFO - Setting next_dagrun for example_task_group_decorator to 2025-01-10 00:00:00+00:00
[2025-01-12 14:18:26,973] {processor.py:170} INFO - Processing /home/jorge/Desktop/MÁSTER/SEGUNDO CURSO/BDFI/practica_docker/env/lib/python3.8/site-packages/airflow/example_dags/example_task_group_decorator.py took 0.240 seconds
[2025-01-12 14:19:00,198] {processor.py:162} INFO - Started process (PID=291954) to work on /home/jorge/Desktop/MÁSTER/SEGUNDO CURSO/BDFI/practica_docker/env/lib/python3.8/site-packages/airflow/example_dags/example_task_group_decorator.py
[2025-01-12 14:19:00,199] {processor.py:613} INFO - Processing file /home/jorge/Desktop/MÁSTER/SEGUNDO CURSO/BDFI/practica_docker/env/lib/python3.8/site-packages/airflow/example_dags/example_task_group_decorator.py for tasks to queue
[2025-01-12 14:19:00,200] {logging_mixin.py:109} INFO - [2025-01-12 14:19:00,200] {dagbag.py:496} INFO - Filling up the DagBag from /home/jorge/Desktop/MÁSTER/SEGUNDO CURSO/BDFI/practica_docker/env/lib/python3.8/site-packages/airflow/example_dags/example_task_group_decorator.py
[2025-01-12 14:19:00,232] {processor.py:623} INFO - DAG(s) dict_keys(['example_task_group_decorator']) retrieved from /home/jorge/Desktop/MÁSTER/SEGUNDO CURSO/BDFI/practica_docker/env/lib/python3.8/site-packages/airflow/example_dags/example_task_group_decorator.py
[2025-01-12 14:19:00,573] {logging_mixin.py:109} INFO - [2025-01-12 14:19:00,573] {dag.py:1834} INFO - Sync 1 DAGs
[2025-01-12 14:19:00,580] {logging_mixin.py:109} INFO - [2025-01-12 14:19:00,580] {dag.py:2287} INFO - Setting next_dagrun for example_task_group_decorator to 2025-01-10 00:00:00+00:00
[2025-01-12 14:19:00,592] {processor.py:170} INFO - Processing /home/jorge/Desktop/MÁSTER/SEGUNDO CURSO/BDFI/practica_docker/env/lib/python3.8/site-packages/airflow/example_dags/example_task_group_decorator.py took 0.397 seconds
[2025-01-12 14:19:35,275] {processor.py:162} INFO - Started process (PID=292888) to work on /home/jorge/Desktop/MÁSTER/SEGUNDO CURSO/BDFI/practica_docker/env/lib/python3.8/site-packages/airflow/example_dags/example_task_group_decorator.py
[2025-01-12 14:19:35,277] {processor.py:613} INFO - Processing file /home/jorge/Desktop/MÁSTER/SEGUNDO CURSO/BDFI/practica_docker/env/lib/python3.8/site-packages/airflow/example_dags/example_task_group_decorator.py for tasks to queue
[2025-01-12 14:19:35,278] {logging_mixin.py:109} INFO - [2025-01-12 14:19:35,278] {dagbag.py:496} INFO - Filling up the DagBag from /home/jorge/Desktop/MÁSTER/SEGUNDO CURSO/BDFI/practica_docker/env/lib/python3.8/site-packages/airflow/example_dags/example_task_group_decorator.py
[2025-01-12 14:19:35,302] {processor.py:623} INFO - DAG(s) dict_keys(['example_task_group_decorator']) retrieved from /home/jorge/Desktop/MÁSTER/SEGUNDO CURSO/BDFI/practica_docker/env/lib/python3.8/site-packages/airflow/example_dags/example_task_group_decorator.py
[2025-01-12 14:19:35,741] {logging_mixin.py:109} INFO - [2025-01-12 14:19:35,740] {dag.py:1834} INFO - Sync 1 DAGs
[2025-01-12 14:19:35,751] {logging_mixin.py:109} INFO - [2025-01-12 14:19:35,751] {dag.py:2287} INFO - Setting next_dagrun for example_task_group_decorator to 2025-01-10 00:00:00+00:00
[2025-01-12 14:19:35,768] {processor.py:170} INFO - Processing /home/jorge/Desktop/MÁSTER/SEGUNDO CURSO/BDFI/practica_docker/env/lib/python3.8/site-packages/airflow/example_dags/example_task_group_decorator.py took 0.496 seconds
[2025-01-12 14:20:10,013] {processor.py:162} INFO - Started process (PID=293147) to work on /home/jorge/Desktop/MÁSTER/SEGUNDO CURSO/BDFI/practica_docker/env/lib/python3.8/site-packages/airflow/example_dags/example_task_group_decorator.py
[2025-01-12 14:20:10,014] {processor.py:613} INFO - Processing file /home/jorge/Desktop/MÁSTER/SEGUNDO CURSO/BDFI/practica_docker/env/lib/python3.8/site-packages/airflow/example_dags/example_task_group_decorator.py for tasks to queue
[2025-01-12 14:20:10,014] {logging_mixin.py:109} INFO - [2025-01-12 14:20:10,014] {dagbag.py:496} INFO - Filling up the DagBag from /home/jorge/Desktop/MÁSTER/SEGUNDO CURSO/BDFI/practica_docker/env/lib/python3.8/site-packages/airflow/example_dags/example_task_group_decorator.py
[2025-01-12 14:20:10,029] {processor.py:623} INFO - DAG(s) dict_keys(['example_task_group_decorator']) retrieved from /home/jorge/Desktop/MÁSTER/SEGUNDO CURSO/BDFI/practica_docker/env/lib/python3.8/site-packages/airflow/example_dags/example_task_group_decorator.py
[2025-01-12 14:20:10,275] {logging_mixin.py:109} INFO - [2025-01-12 14:20:10,274] {dag.py:1834} INFO - Sync 1 DAGs
[2025-01-12 14:20:10,282] {logging_mixin.py:109} INFO - [2025-01-12 14:20:10,281] {dag.py:2287} INFO - Setting next_dagrun for example_task_group_decorator to 2025-01-10 00:00:00+00:00
[2025-01-12 14:20:10,290] {processor.py:170} INFO - Processing /home/jorge/Desktop/MÁSTER/SEGUNDO CURSO/BDFI/practica_docker/env/lib/python3.8/site-packages/airflow/example_dags/example_task_group_decorator.py took 0.280 seconds
