[2025-01-12 13:51:20,525] {processor.py:162} INFO - Started process (PID=281102) to work on /home/jorge/Desktop/MÁSTER/SEGUNDO CURSO/BDFI/practica_docker/env/lib/python3.8/site-packages/airflow/example_dags/example_external_task_marker_dag.py
[2025-01-12 13:51:20,527] {processor.py:613} INFO - Processing file /home/jorge/Desktop/MÁSTER/SEGUNDO CURSO/BDFI/practica_docker/env/lib/python3.8/site-packages/airflow/example_dags/example_external_task_marker_dag.py for tasks to queue
[2025-01-12 13:51:20,528] {logging_mixin.py:109} INFO - [2025-01-12 13:51:20,527] {dagbag.py:496} INFO - Filling up the DagBag from /home/jorge/Desktop/MÁSTER/SEGUNDO CURSO/BDFI/practica_docker/env/lib/python3.8/site-packages/airflow/example_dags/example_external_task_marker_dag.py
[2025-01-12 13:51:20,539] {processor.py:623} INFO - DAG(s) dict_keys(['example_external_task_marker_parent', 'example_external_task_marker_child']) retrieved from /home/jorge/Desktop/MÁSTER/SEGUNDO CURSO/BDFI/practica_docker/env/lib/python3.8/site-packages/airflow/example_dags/example_external_task_marker_dag.py
[2025-01-12 13:51:20,551] {logging_mixin.py:109} INFO - [2025-01-12 13:51:20,551] {dag.py:1834} INFO - Sync 2 DAGs
[2025-01-12 13:51:20,557] {logging_mixin.py:109} INFO - [2025-01-12 13:51:20,557] {dag.py:2287} INFO - Setting next_dagrun for example_external_task_marker_child to None
[2025-01-12 13:51:20,558] {logging_mixin.py:109} INFO - [2025-01-12 13:51:20,558] {dag.py:2287} INFO - Setting next_dagrun for example_external_task_marker_parent to None
[2025-01-12 13:51:20,565] {processor.py:170} INFO - Processing /home/jorge/Desktop/MÁSTER/SEGUNDO CURSO/BDFI/practica_docker/env/lib/python3.8/site-packages/airflow/example_dags/example_external_task_marker_dag.py took 0.045 seconds
[2025-01-12 13:51:54,899] {processor.py:162} INFO - Started process (PID=281289) to work on /home/jorge/Desktop/MÁSTER/SEGUNDO CURSO/BDFI/practica_docker/env/lib/python3.8/site-packages/airflow/example_dags/example_external_task_marker_dag.py
[2025-01-12 13:51:54,901] {processor.py:613} INFO - Processing file /home/jorge/Desktop/MÁSTER/SEGUNDO CURSO/BDFI/practica_docker/env/lib/python3.8/site-packages/airflow/example_dags/example_external_task_marker_dag.py for tasks to queue
[2025-01-12 13:51:54,902] {logging_mixin.py:109} INFO - [2025-01-12 13:51:54,902] {dagbag.py:496} INFO - Filling up the DagBag from /home/jorge/Desktop/MÁSTER/SEGUNDO CURSO/BDFI/practica_docker/env/lib/python3.8/site-packages/airflow/example_dags/example_external_task_marker_dag.py
[2025-01-12 13:51:54,913] {processor.py:623} INFO - DAG(s) dict_keys(['example_external_task_marker_parent', 'example_external_task_marker_child']) retrieved from /home/jorge/Desktop/MÁSTER/SEGUNDO CURSO/BDFI/practica_docker/env/lib/python3.8/site-packages/airflow/example_dags/example_external_task_marker_dag.py
[2025-01-12 13:51:54,926] {logging_mixin.py:109} INFO - [2025-01-12 13:51:54,926] {dag.py:1834} INFO - Sync 2 DAGs
[2025-01-12 13:51:54,933] {logging_mixin.py:109} INFO - [2025-01-12 13:51:54,932] {dag.py:2287} INFO - Setting next_dagrun for example_external_task_marker_child to None
[2025-01-12 13:51:54,934] {logging_mixin.py:109} INFO - [2025-01-12 13:51:54,933] {dag.py:2287} INFO - Setting next_dagrun for example_external_task_marker_parent to None
[2025-01-12 13:51:54,943] {processor.py:170} INFO - Processing /home/jorge/Desktop/MÁSTER/SEGUNDO CURSO/BDFI/practica_docker/env/lib/python3.8/site-packages/airflow/example_dags/example_external_task_marker_dag.py took 0.048 seconds
[2025-01-12 13:52:27,500] {processor.py:162} INFO - Started process (PID=281445) to work on /home/jorge/Desktop/MÁSTER/SEGUNDO CURSO/BDFI/practica_docker/env/lib/python3.8/site-packages/airflow/example_dags/example_external_task_marker_dag.py
[2025-01-12 13:52:27,501] {processor.py:613} INFO - Processing file /home/jorge/Desktop/MÁSTER/SEGUNDO CURSO/BDFI/practica_docker/env/lib/python3.8/site-packages/airflow/example_dags/example_external_task_marker_dag.py for tasks to queue
[2025-01-12 13:52:27,502] {logging_mixin.py:109} INFO - [2025-01-12 13:52:27,502] {dagbag.py:496} INFO - Filling up the DagBag from /home/jorge/Desktop/MÁSTER/SEGUNDO CURSO/BDFI/practica_docker/env/lib/python3.8/site-packages/airflow/example_dags/example_external_task_marker_dag.py
[2025-01-12 13:52:27,522] {processor.py:623} INFO - DAG(s) dict_keys(['example_external_task_marker_parent', 'example_external_task_marker_child']) retrieved from /home/jorge/Desktop/MÁSTER/SEGUNDO CURSO/BDFI/practica_docker/env/lib/python3.8/site-packages/airflow/example_dags/example_external_task_marker_dag.py
[2025-01-12 13:52:27,556] {logging_mixin.py:109} INFO - [2025-01-12 13:52:27,555] {dag.py:1834} INFO - Sync 2 DAGs
[2025-01-12 13:52:27,574] {logging_mixin.py:109} INFO - [2025-01-12 13:52:27,574] {dag.py:2287} INFO - Setting next_dagrun for example_external_task_marker_child to None
[2025-01-12 13:52:27,576] {logging_mixin.py:109} INFO - [2025-01-12 13:52:27,575] {dag.py:2287} INFO - Setting next_dagrun for example_external_task_marker_parent to None
[2025-01-12 13:52:27,592] {processor.py:170} INFO - Processing /home/jorge/Desktop/MÁSTER/SEGUNDO CURSO/BDFI/practica_docker/env/lib/python3.8/site-packages/airflow/example_dags/example_external_task_marker_dag.py took 0.094 seconds
[2025-01-12 13:53:09,864] {processor.py:162} INFO - Started process (PID=281713) to work on /home/jorge/Desktop/MÁSTER/SEGUNDO CURSO/BDFI/practica_docker/env/lib/python3.8/site-packages/airflow/example_dags/example_external_task_marker_dag.py
[2025-01-12 13:53:09,866] {processor.py:613} INFO - Processing file /home/jorge/Desktop/MÁSTER/SEGUNDO CURSO/BDFI/practica_docker/env/lib/python3.8/site-packages/airflow/example_dags/example_external_task_marker_dag.py for tasks to queue
[2025-01-12 13:53:09,866] {logging_mixin.py:109} INFO - [2025-01-12 13:53:09,866] {dagbag.py:496} INFO - Filling up the DagBag from /home/jorge/Desktop/MÁSTER/SEGUNDO CURSO/BDFI/practica_docker/env/lib/python3.8/site-packages/airflow/example_dags/example_external_task_marker_dag.py
[2025-01-12 13:53:09,878] {processor.py:623} INFO - DAG(s) dict_keys(['example_external_task_marker_parent', 'example_external_task_marker_child']) retrieved from /home/jorge/Desktop/MÁSTER/SEGUNDO CURSO/BDFI/practica_docker/env/lib/python3.8/site-packages/airflow/example_dags/example_external_task_marker_dag.py
[2025-01-12 13:53:09,896] {logging_mixin.py:109} INFO - [2025-01-12 13:53:09,895] {dag.py:1834} INFO - Sync 2 DAGs
[2025-01-12 13:53:09,905] {logging_mixin.py:109} INFO - [2025-01-12 13:53:09,904] {dag.py:2287} INFO - Setting next_dagrun for example_external_task_marker_child to None
[2025-01-12 13:53:09,906] {logging_mixin.py:109} INFO - [2025-01-12 13:53:09,905] {dag.py:2287} INFO - Setting next_dagrun for example_external_task_marker_parent to None
[2025-01-12 13:53:09,918] {processor.py:170} INFO - Processing /home/jorge/Desktop/MÁSTER/SEGUNDO CURSO/BDFI/practica_docker/env/lib/python3.8/site-packages/airflow/example_dags/example_external_task_marker_dag.py took 0.056 seconds
[2025-01-12 13:53:44,386] {processor.py:162} INFO - Started process (PID=281880) to work on /home/jorge/Desktop/MÁSTER/SEGUNDO CURSO/BDFI/practica_docker/env/lib/python3.8/site-packages/airflow/example_dags/example_external_task_marker_dag.py
[2025-01-12 13:53:44,387] {processor.py:613} INFO - Processing file /home/jorge/Desktop/MÁSTER/SEGUNDO CURSO/BDFI/practica_docker/env/lib/python3.8/site-packages/airflow/example_dags/example_external_task_marker_dag.py for tasks to queue
[2025-01-12 13:53:44,388] {logging_mixin.py:109} INFO - [2025-01-12 13:53:44,388] {dagbag.py:496} INFO - Filling up the DagBag from /home/jorge/Desktop/MÁSTER/SEGUNDO CURSO/BDFI/practica_docker/env/lib/python3.8/site-packages/airflow/example_dags/example_external_task_marker_dag.py
[2025-01-12 13:53:44,397] {processor.py:623} INFO - DAG(s) dict_keys(['example_external_task_marker_parent', 'example_external_task_marker_child']) retrieved from /home/jorge/Desktop/MÁSTER/SEGUNDO CURSO/BDFI/practica_docker/env/lib/python3.8/site-packages/airflow/example_dags/example_external_task_marker_dag.py
[2025-01-12 13:53:44,408] {logging_mixin.py:109} INFO - [2025-01-12 13:53:44,408] {dag.py:1834} INFO - Sync 2 DAGs
[2025-01-12 13:53:44,415] {logging_mixin.py:109} INFO - [2025-01-12 13:53:44,415] {dag.py:2287} INFO - Setting next_dagrun for example_external_task_marker_child to None
[2025-01-12 13:53:44,416] {logging_mixin.py:109} INFO - [2025-01-12 13:53:44,415] {dag.py:2287} INFO - Setting next_dagrun for example_external_task_marker_parent to None
[2025-01-12 13:53:44,423] {processor.py:170} INFO - Processing /home/jorge/Desktop/MÁSTER/SEGUNDO CURSO/BDFI/practica_docker/env/lib/python3.8/site-packages/airflow/example_dags/example_external_task_marker_dag.py took 0.040 seconds
[2025-01-12 13:54:18,975] {processor.py:162} INFO - Started process (PID=282052) to work on /home/jorge/Desktop/MÁSTER/SEGUNDO CURSO/BDFI/practica_docker/env/lib/python3.8/site-packages/airflow/example_dags/example_external_task_marker_dag.py
[2025-01-12 13:54:18,975] {processor.py:613} INFO - Processing file /home/jorge/Desktop/MÁSTER/SEGUNDO CURSO/BDFI/practica_docker/env/lib/python3.8/site-packages/airflow/example_dags/example_external_task_marker_dag.py for tasks to queue
[2025-01-12 13:54:18,976] {logging_mixin.py:109} INFO - [2025-01-12 13:54:18,976] {dagbag.py:496} INFO - Filling up the DagBag from /home/jorge/Desktop/MÁSTER/SEGUNDO CURSO/BDFI/practica_docker/env/lib/python3.8/site-packages/airflow/example_dags/example_external_task_marker_dag.py
[2025-01-12 13:54:18,985] {processor.py:623} INFO - DAG(s) dict_keys(['example_external_task_marker_parent', 'example_external_task_marker_child']) retrieved from /home/jorge/Desktop/MÁSTER/SEGUNDO CURSO/BDFI/practica_docker/env/lib/python3.8/site-packages/airflow/example_dags/example_external_task_marker_dag.py
[2025-01-12 13:54:18,998] {logging_mixin.py:109} INFO - [2025-01-12 13:54:18,998] {dag.py:1834} INFO - Sync 2 DAGs
[2025-01-12 13:54:19,008] {logging_mixin.py:109} INFO - [2025-01-12 13:54:19,008] {dag.py:2287} INFO - Setting next_dagrun for example_external_task_marker_child to None
[2025-01-12 13:54:19,009] {logging_mixin.py:109} INFO - [2025-01-12 13:54:19,009] {dag.py:2287} INFO - Setting next_dagrun for example_external_task_marker_parent to None
[2025-01-12 13:54:19,019] {processor.py:170} INFO - Processing /home/jorge/Desktop/MÁSTER/SEGUNDO CURSO/BDFI/practica_docker/env/lib/python3.8/site-packages/airflow/example_dags/example_external_task_marker_dag.py took 0.046 seconds
[2025-01-12 13:54:52,192] {processor.py:162} INFO - Started process (PID=282204) to work on /home/jorge/Desktop/MÁSTER/SEGUNDO CURSO/BDFI/practica_docker/env/lib/python3.8/site-packages/airflow/example_dags/example_external_task_marker_dag.py
[2025-01-12 13:54:52,193] {processor.py:613} INFO - Processing file /home/jorge/Desktop/MÁSTER/SEGUNDO CURSO/BDFI/practica_docker/env/lib/python3.8/site-packages/airflow/example_dags/example_external_task_marker_dag.py for tasks to queue
[2025-01-12 13:54:52,194] {logging_mixin.py:109} INFO - [2025-01-12 13:54:52,194] {dagbag.py:496} INFO - Filling up the DagBag from /home/jorge/Desktop/MÁSTER/SEGUNDO CURSO/BDFI/practica_docker/env/lib/python3.8/site-packages/airflow/example_dags/example_external_task_marker_dag.py
[2025-01-12 13:54:52,207] {processor.py:623} INFO - DAG(s) dict_keys(['example_external_task_marker_parent', 'example_external_task_marker_child']) retrieved from /home/jorge/Desktop/MÁSTER/SEGUNDO CURSO/BDFI/practica_docker/env/lib/python3.8/site-packages/airflow/example_dags/example_external_task_marker_dag.py
[2025-01-12 13:54:52,222] {logging_mixin.py:109} INFO - [2025-01-12 13:54:52,222] {dag.py:1834} INFO - Sync 2 DAGs
[2025-01-12 13:54:52,230] {logging_mixin.py:109} INFO - [2025-01-12 13:54:52,230] {dag.py:2287} INFO - Setting next_dagrun for example_external_task_marker_child to None
[2025-01-12 13:54:52,231] {logging_mixin.py:109} INFO - [2025-01-12 13:54:52,231] {dag.py:2287} INFO - Setting next_dagrun for example_external_task_marker_parent to None
[2025-01-12 13:54:52,246] {processor.py:170} INFO - Processing /home/jorge/Desktop/MÁSTER/SEGUNDO CURSO/BDFI/practica_docker/env/lib/python3.8/site-packages/airflow/example_dags/example_external_task_marker_dag.py took 0.056 seconds
[2025-01-12 13:55:24,054] {processor.py:162} INFO - Started process (PID=282366) to work on /home/jorge/Desktop/MÁSTER/SEGUNDO CURSO/BDFI/practica_docker/env/lib/python3.8/site-packages/airflow/example_dags/example_external_task_marker_dag.py
[2025-01-12 13:55:24,055] {processor.py:613} INFO - Processing file /home/jorge/Desktop/MÁSTER/SEGUNDO CURSO/BDFI/practica_docker/env/lib/python3.8/site-packages/airflow/example_dags/example_external_task_marker_dag.py for tasks to queue
[2025-01-12 13:55:24,056] {logging_mixin.py:109} INFO - [2025-01-12 13:55:24,056] {dagbag.py:496} INFO - Filling up the DagBag from /home/jorge/Desktop/MÁSTER/SEGUNDO CURSO/BDFI/practica_docker/env/lib/python3.8/site-packages/airflow/example_dags/example_external_task_marker_dag.py
[2025-01-12 13:55:24,066] {processor.py:623} INFO - DAG(s) dict_keys(['example_external_task_marker_parent', 'example_external_task_marker_child']) retrieved from /home/jorge/Desktop/MÁSTER/SEGUNDO CURSO/BDFI/practica_docker/env/lib/python3.8/site-packages/airflow/example_dags/example_external_task_marker_dag.py
[2025-01-12 13:55:24,085] {logging_mixin.py:109} INFO - [2025-01-12 13:55:24,085] {dag.py:1834} INFO - Sync 2 DAGs
[2025-01-12 13:55:24,098] {logging_mixin.py:109} INFO - [2025-01-12 13:55:24,098] {dag.py:2287} INFO - Setting next_dagrun for example_external_task_marker_child to None
[2025-01-12 13:55:24,099] {logging_mixin.py:109} INFO - [2025-01-12 13:55:24,099] {dag.py:2287} INFO - Setting next_dagrun for example_external_task_marker_parent to None
[2025-01-12 13:55:24,112] {processor.py:170} INFO - Processing /home/jorge/Desktop/MÁSTER/SEGUNDO CURSO/BDFI/practica_docker/env/lib/python3.8/site-packages/airflow/example_dags/example_external_task_marker_dag.py took 0.060 seconds
[2025-01-12 13:56:00,043] {processor.py:162} INFO - Started process (PID=282676) to work on /home/jorge/Desktop/MÁSTER/SEGUNDO CURSO/BDFI/practica_docker/env/lib/python3.8/site-packages/airflow/example_dags/example_external_task_marker_dag.py
[2025-01-12 13:56:00,045] {processor.py:613} INFO - Processing file /home/jorge/Desktop/MÁSTER/SEGUNDO CURSO/BDFI/practica_docker/env/lib/python3.8/site-packages/airflow/example_dags/example_external_task_marker_dag.py for tasks to queue
[2025-01-12 13:56:00,045] {logging_mixin.py:109} INFO - [2025-01-12 13:56:00,045] {dagbag.py:496} INFO - Filling up the DagBag from /home/jorge/Desktop/MÁSTER/SEGUNDO CURSO/BDFI/practica_docker/env/lib/python3.8/site-packages/airflow/example_dags/example_external_task_marker_dag.py
[2025-01-12 13:56:00,093] {processor.py:623} INFO - DAG(s) dict_keys(['example_external_task_marker_parent', 'example_external_task_marker_child']) retrieved from /home/jorge/Desktop/MÁSTER/SEGUNDO CURSO/BDFI/practica_docker/env/lib/python3.8/site-packages/airflow/example_dags/example_external_task_marker_dag.py
[2025-01-12 13:56:00,128] {logging_mixin.py:109} INFO - [2025-01-12 13:56:00,128] {dag.py:1834} INFO - Sync 2 DAGs
[2025-01-12 13:56:00,138] {logging_mixin.py:109} INFO - [2025-01-12 13:56:00,138] {dag.py:2287} INFO - Setting next_dagrun for example_external_task_marker_child to None
[2025-01-12 13:56:00,139] {logging_mixin.py:109} INFO - [2025-01-12 13:56:00,139] {dag.py:2287} INFO - Setting next_dagrun for example_external_task_marker_parent to None
[2025-01-12 13:56:00,158] {processor.py:170} INFO - Processing /home/jorge/Desktop/MÁSTER/SEGUNDO CURSO/BDFI/practica_docker/env/lib/python3.8/site-packages/airflow/example_dags/example_external_task_marker_dag.py took 0.123 seconds
[2025-01-12 13:56:36,254] {processor.py:162} INFO - Started process (PID=282960) to work on /home/jorge/Desktop/MÁSTER/SEGUNDO CURSO/BDFI/practica_docker/env/lib/python3.8/site-packages/airflow/example_dags/example_external_task_marker_dag.py
[2025-01-12 13:56:36,255] {processor.py:613} INFO - Processing file /home/jorge/Desktop/MÁSTER/SEGUNDO CURSO/BDFI/practica_docker/env/lib/python3.8/site-packages/airflow/example_dags/example_external_task_marker_dag.py for tasks to queue
[2025-01-12 13:56:36,255] {logging_mixin.py:109} INFO - [2025-01-12 13:56:36,255] {dagbag.py:496} INFO - Filling up the DagBag from /home/jorge/Desktop/MÁSTER/SEGUNDO CURSO/BDFI/practica_docker/env/lib/python3.8/site-packages/airflow/example_dags/example_external_task_marker_dag.py
[2025-01-12 13:56:36,270] {processor.py:623} INFO - DAG(s) dict_keys(['example_external_task_marker_parent', 'example_external_task_marker_child']) retrieved from /home/jorge/Desktop/MÁSTER/SEGUNDO CURSO/BDFI/practica_docker/env/lib/python3.8/site-packages/airflow/example_dags/example_external_task_marker_dag.py
[2025-01-12 13:56:36,290] {logging_mixin.py:109} INFO - [2025-01-12 13:56:36,290] {dag.py:1834} INFO - Sync 2 DAGs
[2025-01-12 13:56:36,303] {logging_mixin.py:109} INFO - [2025-01-12 13:56:36,302] {dag.py:2287} INFO - Setting next_dagrun for example_external_task_marker_child to None
[2025-01-12 13:56:36,304] {logging_mixin.py:109} INFO - [2025-01-12 13:56:36,304] {dag.py:2287} INFO - Setting next_dagrun for example_external_task_marker_parent to None
[2025-01-12 13:56:36,319] {processor.py:170} INFO - Processing /home/jorge/Desktop/MÁSTER/SEGUNDO CURSO/BDFI/practica_docker/env/lib/python3.8/site-packages/airflow/example_dags/example_external_task_marker_dag.py took 0.067 seconds
[2025-01-12 13:57:12,492] {processor.py:162} INFO - Started process (PID=283147) to work on /home/jorge/Desktop/MÁSTER/SEGUNDO CURSO/BDFI/practica_docker/env/lib/python3.8/site-packages/airflow/example_dags/example_external_task_marker_dag.py
[2025-01-12 13:57:12,494] {processor.py:613} INFO - Processing file /home/jorge/Desktop/MÁSTER/SEGUNDO CURSO/BDFI/practica_docker/env/lib/python3.8/site-packages/airflow/example_dags/example_external_task_marker_dag.py for tasks to queue
[2025-01-12 13:57:12,495] {logging_mixin.py:109} INFO - [2025-01-12 13:57:12,495] {dagbag.py:496} INFO - Filling up the DagBag from /home/jorge/Desktop/MÁSTER/SEGUNDO CURSO/BDFI/practica_docker/env/lib/python3.8/site-packages/airflow/example_dags/example_external_task_marker_dag.py
[2025-01-12 13:57:12,514] {processor.py:623} INFO - DAG(s) dict_keys(['example_external_task_marker_parent', 'example_external_task_marker_child']) retrieved from /home/jorge/Desktop/MÁSTER/SEGUNDO CURSO/BDFI/practica_docker/env/lib/python3.8/site-packages/airflow/example_dags/example_external_task_marker_dag.py
[2025-01-12 13:57:12,544] {logging_mixin.py:109} INFO - [2025-01-12 13:57:12,544] {dag.py:1834} INFO - Sync 2 DAGs
[2025-01-12 13:57:12,561] {logging_mixin.py:109} INFO - [2025-01-12 13:57:12,561] {dag.py:2287} INFO - Setting next_dagrun for example_external_task_marker_child to None
[2025-01-12 13:57:12,562] {logging_mixin.py:109} INFO - [2025-01-12 13:57:12,562] {dag.py:2287} INFO - Setting next_dagrun for example_external_task_marker_parent to None
[2025-01-12 13:57:12,588] {processor.py:170} INFO - Processing /home/jorge/Desktop/MÁSTER/SEGUNDO CURSO/BDFI/practica_docker/env/lib/python3.8/site-packages/airflow/example_dags/example_external_task_marker_dag.py took 0.099 seconds
[2025-01-12 13:57:48,058] {processor.py:162} INFO - Started process (PID=283298) to work on /home/jorge/Desktop/MÁSTER/SEGUNDO CURSO/BDFI/practica_docker/env/lib/python3.8/site-packages/airflow/example_dags/example_external_task_marker_dag.py
[2025-01-12 13:57:48,060] {processor.py:613} INFO - Processing file /home/jorge/Desktop/MÁSTER/SEGUNDO CURSO/BDFI/practica_docker/env/lib/python3.8/site-packages/airflow/example_dags/example_external_task_marker_dag.py for tasks to queue
[2025-01-12 13:57:48,061] {logging_mixin.py:109} INFO - [2025-01-12 13:57:48,061] {dagbag.py:496} INFO - Filling up the DagBag from /home/jorge/Desktop/MÁSTER/SEGUNDO CURSO/BDFI/practica_docker/env/lib/python3.8/site-packages/airflow/example_dags/example_external_task_marker_dag.py
[2025-01-12 13:57:48,073] {processor.py:623} INFO - DAG(s) dict_keys(['example_external_task_marker_parent', 'example_external_task_marker_child']) retrieved from /home/jorge/Desktop/MÁSTER/SEGUNDO CURSO/BDFI/practica_docker/env/lib/python3.8/site-packages/airflow/example_dags/example_external_task_marker_dag.py
[2025-01-12 13:57:48,089] {logging_mixin.py:109} INFO - [2025-01-12 13:57:48,089] {dag.py:1834} INFO - Sync 2 DAGs
[2025-01-12 13:57:48,098] {logging_mixin.py:109} INFO - [2025-01-12 13:57:48,098] {dag.py:2287} INFO - Setting next_dagrun for example_external_task_marker_child to None
[2025-01-12 13:57:48,099] {logging_mixin.py:109} INFO - [2025-01-12 13:57:48,099] {dag.py:2287} INFO - Setting next_dagrun for example_external_task_marker_parent to None
[2025-01-12 13:57:48,116] {processor.py:170} INFO - Processing /home/jorge/Desktop/MÁSTER/SEGUNDO CURSO/BDFI/practica_docker/env/lib/python3.8/site-packages/airflow/example_dags/example_external_task_marker_dag.py took 0.061 seconds
[2025-01-12 14:06:11,316] {processor.py:162} INFO - Started process (PID=283744) to work on /home/jorge/Desktop/MÁSTER/SEGUNDO CURSO/BDFI/practica_docker/env/lib/python3.8/site-packages/airflow/example_dags/example_external_task_marker_dag.py
[2025-01-12 14:06:11,317] {processor.py:613} INFO - Processing file /home/jorge/Desktop/MÁSTER/SEGUNDO CURSO/BDFI/practica_docker/env/lib/python3.8/site-packages/airflow/example_dags/example_external_task_marker_dag.py for tasks to queue
[2025-01-12 14:06:11,318] {logging_mixin.py:109} INFO - [2025-01-12 14:06:11,318] {dagbag.py:496} INFO - Filling up the DagBag from /home/jorge/Desktop/MÁSTER/SEGUNDO CURSO/BDFI/practica_docker/env/lib/python3.8/site-packages/airflow/example_dags/example_external_task_marker_dag.py
[2025-01-12 14:06:11,325] {processor.py:623} INFO - DAG(s) dict_keys(['example_external_task_marker_parent', 'example_external_task_marker_child']) retrieved from /home/jorge/Desktop/MÁSTER/SEGUNDO CURSO/BDFI/practica_docker/env/lib/python3.8/site-packages/airflow/example_dags/example_external_task_marker_dag.py
[2025-01-12 14:06:11,335] {logging_mixin.py:109} INFO - [2025-01-12 14:06:11,335] {dag.py:1834} INFO - Sync 2 DAGs
[2025-01-12 14:06:11,339] {logging_mixin.py:109} INFO - [2025-01-12 14:06:11,339] {dag.py:2287} INFO - Setting next_dagrun for example_external_task_marker_child to None
[2025-01-12 14:06:11,340] {logging_mixin.py:109} INFO - [2025-01-12 14:06:11,340] {dag.py:2287} INFO - Setting next_dagrun for example_external_task_marker_parent to None
[2025-01-12 14:06:11,347] {processor.py:170} INFO - Processing /home/jorge/Desktop/MÁSTER/SEGUNDO CURSO/BDFI/practica_docker/env/lib/python3.8/site-packages/airflow/example_dags/example_external_task_marker_dag.py took 0.032 seconds
[2025-01-12 14:06:44,045] {processor.py:162} INFO - Started process (PID=283904) to work on /home/jorge/Desktop/MÁSTER/SEGUNDO CURSO/BDFI/practica_docker/env/lib/python3.8/site-packages/airflow/example_dags/example_external_task_marker_dag.py
[2025-01-12 14:06:44,052] {processor.py:613} INFO - Processing file /home/jorge/Desktop/MÁSTER/SEGUNDO CURSO/BDFI/practica_docker/env/lib/python3.8/site-packages/airflow/example_dags/example_external_task_marker_dag.py for tasks to queue
[2025-01-12 14:06:44,053] {logging_mixin.py:109} INFO - [2025-01-12 14:06:44,053] {dagbag.py:496} INFO - Filling up the DagBag from /home/jorge/Desktop/MÁSTER/SEGUNDO CURSO/BDFI/practica_docker/env/lib/python3.8/site-packages/airflow/example_dags/example_external_task_marker_dag.py
[2025-01-12 14:06:44,064] {processor.py:623} INFO - DAG(s) dict_keys(['example_external_task_marker_parent', 'example_external_task_marker_child']) retrieved from /home/jorge/Desktop/MÁSTER/SEGUNDO CURSO/BDFI/practica_docker/env/lib/python3.8/site-packages/airflow/example_dags/example_external_task_marker_dag.py
[2025-01-12 14:06:44,073] {logging_mixin.py:109} INFO - [2025-01-12 14:06:44,073] {dag.py:1834} INFO - Sync 2 DAGs
[2025-01-12 14:06:44,077] {logging_mixin.py:109} INFO - [2025-01-12 14:06:44,077] {dag.py:2287} INFO - Setting next_dagrun for example_external_task_marker_child to None
[2025-01-12 14:06:44,078] {logging_mixin.py:109} INFO - [2025-01-12 14:06:44,078] {dag.py:2287} INFO - Setting next_dagrun for example_external_task_marker_parent to None
[2025-01-12 14:06:44,085] {processor.py:170} INFO - Processing /home/jorge/Desktop/MÁSTER/SEGUNDO CURSO/BDFI/practica_docker/env/lib/python3.8/site-packages/airflow/example_dags/example_external_task_marker_dag.py took 0.043 seconds
[2025-01-12 14:07:16,760] {processor.py:162} INFO - Started process (PID=284047) to work on /home/jorge/Desktop/MÁSTER/SEGUNDO CURSO/BDFI/practica_docker/env/lib/python3.8/site-packages/airflow/example_dags/example_external_task_marker_dag.py
[2025-01-12 14:07:16,770] {processor.py:613} INFO - Processing file /home/jorge/Desktop/MÁSTER/SEGUNDO CURSO/BDFI/practica_docker/env/lib/python3.8/site-packages/airflow/example_dags/example_external_task_marker_dag.py for tasks to queue
[2025-01-12 14:07:16,771] {logging_mixin.py:109} INFO - [2025-01-12 14:07:16,771] {dagbag.py:496} INFO - Filling up the DagBag from /home/jorge/Desktop/MÁSTER/SEGUNDO CURSO/BDFI/practica_docker/env/lib/python3.8/site-packages/airflow/example_dags/example_external_task_marker_dag.py
[2025-01-12 14:07:16,778] {processor.py:623} INFO - DAG(s) dict_keys(['example_external_task_marker_parent', 'example_external_task_marker_child']) retrieved from /home/jorge/Desktop/MÁSTER/SEGUNDO CURSO/BDFI/practica_docker/env/lib/python3.8/site-packages/airflow/example_dags/example_external_task_marker_dag.py
[2025-01-12 14:07:16,788] {logging_mixin.py:109} INFO - [2025-01-12 14:07:16,788] {dag.py:1834} INFO - Sync 2 DAGs
[2025-01-12 14:07:16,793] {logging_mixin.py:109} INFO - [2025-01-12 14:07:16,793] {dag.py:2287} INFO - Setting next_dagrun for example_external_task_marker_child to None
[2025-01-12 14:07:16,794] {logging_mixin.py:109} INFO - [2025-01-12 14:07:16,794] {dag.py:2287} INFO - Setting next_dagrun for example_external_task_marker_parent to None
[2025-01-12 14:07:16,802] {processor.py:170} INFO - Processing /home/jorge/Desktop/MÁSTER/SEGUNDO CURSO/BDFI/practica_docker/env/lib/python3.8/site-packages/airflow/example_dags/example_external_task_marker_dag.py took 0.045 seconds
[2025-01-12 14:07:50,073] {processor.py:162} INFO - Started process (PID=284200) to work on /home/jorge/Desktop/MÁSTER/SEGUNDO CURSO/BDFI/practica_docker/env/lib/python3.8/site-packages/airflow/example_dags/example_external_task_marker_dag.py
[2025-01-12 14:07:50,074] {processor.py:613} INFO - Processing file /home/jorge/Desktop/MÁSTER/SEGUNDO CURSO/BDFI/practica_docker/env/lib/python3.8/site-packages/airflow/example_dags/example_external_task_marker_dag.py for tasks to queue
[2025-01-12 14:07:50,075] {logging_mixin.py:109} INFO - [2025-01-12 14:07:50,075] {dagbag.py:496} INFO - Filling up the DagBag from /home/jorge/Desktop/MÁSTER/SEGUNDO CURSO/BDFI/practica_docker/env/lib/python3.8/site-packages/airflow/example_dags/example_external_task_marker_dag.py
[2025-01-12 14:07:50,081] {processor.py:623} INFO - DAG(s) dict_keys(['example_external_task_marker_parent', 'example_external_task_marker_child']) retrieved from /home/jorge/Desktop/MÁSTER/SEGUNDO CURSO/BDFI/practica_docker/env/lib/python3.8/site-packages/airflow/example_dags/example_external_task_marker_dag.py
[2025-01-12 14:07:50,090] {logging_mixin.py:109} INFO - [2025-01-12 14:07:50,090] {dag.py:1834} INFO - Sync 2 DAGs
[2025-01-12 14:07:50,095] {logging_mixin.py:109} INFO - [2025-01-12 14:07:50,095] {dag.py:2287} INFO - Setting next_dagrun for example_external_task_marker_child to None
[2025-01-12 14:07:50,095] {logging_mixin.py:109} INFO - [2025-01-12 14:07:50,095] {dag.py:2287} INFO - Setting next_dagrun for example_external_task_marker_parent to None
[2025-01-12 14:07:50,104] {processor.py:170} INFO - Processing /home/jorge/Desktop/MÁSTER/SEGUNDO CURSO/BDFI/practica_docker/env/lib/python3.8/site-packages/airflow/example_dags/example_external_task_marker_dag.py took 0.034 seconds
[2025-01-12 14:08:22,421] {processor.py:162} INFO - Started process (PID=284342) to work on /home/jorge/Desktop/MÁSTER/SEGUNDO CURSO/BDFI/practica_docker/env/lib/python3.8/site-packages/airflow/example_dags/example_external_task_marker_dag.py
[2025-01-12 14:08:22,422] {processor.py:613} INFO - Processing file /home/jorge/Desktop/MÁSTER/SEGUNDO CURSO/BDFI/practica_docker/env/lib/python3.8/site-packages/airflow/example_dags/example_external_task_marker_dag.py for tasks to queue
[2025-01-12 14:08:22,423] {logging_mixin.py:109} INFO - [2025-01-12 14:08:22,423] {dagbag.py:496} INFO - Filling up the DagBag from /home/jorge/Desktop/MÁSTER/SEGUNDO CURSO/BDFI/practica_docker/env/lib/python3.8/site-packages/airflow/example_dags/example_external_task_marker_dag.py
[2025-01-12 14:08:22,431] {processor.py:623} INFO - DAG(s) dict_keys(['example_external_task_marker_parent', 'example_external_task_marker_child']) retrieved from /home/jorge/Desktop/MÁSTER/SEGUNDO CURSO/BDFI/practica_docker/env/lib/python3.8/site-packages/airflow/example_dags/example_external_task_marker_dag.py
[2025-01-12 14:08:22,440] {logging_mixin.py:109} INFO - [2025-01-12 14:08:22,440] {dag.py:1834} INFO - Sync 2 DAGs
[2025-01-12 14:08:22,445] {logging_mixin.py:109} INFO - [2025-01-12 14:08:22,444] {dag.py:2287} INFO - Setting next_dagrun for example_external_task_marker_child to None
[2025-01-12 14:08:22,445] {logging_mixin.py:109} INFO - [2025-01-12 14:08:22,445] {dag.py:2287} INFO - Setting next_dagrun for example_external_task_marker_parent to None
[2025-01-12 14:08:22,452] {processor.py:170} INFO - Processing /home/jorge/Desktop/MÁSTER/SEGUNDO CURSO/BDFI/practica_docker/env/lib/python3.8/site-packages/airflow/example_dags/example_external_task_marker_dag.py took 0.035 seconds
[2025-01-12 14:08:55,678] {processor.py:162} INFO - Started process (PID=284499) to work on /home/jorge/Desktop/MÁSTER/SEGUNDO CURSO/BDFI/practica_docker/env/lib/python3.8/site-packages/airflow/example_dags/example_external_task_marker_dag.py
[2025-01-12 14:08:55,684] {processor.py:613} INFO - Processing file /home/jorge/Desktop/MÁSTER/SEGUNDO CURSO/BDFI/practica_docker/env/lib/python3.8/site-packages/airflow/example_dags/example_external_task_marker_dag.py for tasks to queue
[2025-01-12 14:08:55,684] {logging_mixin.py:109} INFO - [2025-01-12 14:08:55,684] {dagbag.py:496} INFO - Filling up the DagBag from /home/jorge/Desktop/MÁSTER/SEGUNDO CURSO/BDFI/practica_docker/env/lib/python3.8/site-packages/airflow/example_dags/example_external_task_marker_dag.py
[2025-01-12 14:08:55,689] {processor.py:623} INFO - DAG(s) dict_keys(['example_external_task_marker_parent', 'example_external_task_marker_child']) retrieved from /home/jorge/Desktop/MÁSTER/SEGUNDO CURSO/BDFI/practica_docker/env/lib/python3.8/site-packages/airflow/example_dags/example_external_task_marker_dag.py
[2025-01-12 14:08:55,700] {logging_mixin.py:109} INFO - [2025-01-12 14:08:55,699] {dag.py:1834} INFO - Sync 2 DAGs
[2025-01-12 14:08:55,704] {logging_mixin.py:109} INFO - [2025-01-12 14:08:55,704] {dag.py:2287} INFO - Setting next_dagrun for example_external_task_marker_child to None
[2025-01-12 14:08:55,704] {logging_mixin.py:109} INFO - [2025-01-12 14:08:55,704] {dag.py:2287} INFO - Setting next_dagrun for example_external_task_marker_parent to None
[2025-01-12 14:08:55,712] {processor.py:170} INFO - Processing /home/jorge/Desktop/MÁSTER/SEGUNDO CURSO/BDFI/practica_docker/env/lib/python3.8/site-packages/airflow/example_dags/example_external_task_marker_dag.py took 0.035 seconds
[2025-01-12 14:09:28,375] {processor.py:162} INFO - Started process (PID=284640) to work on /home/jorge/Desktop/MÁSTER/SEGUNDO CURSO/BDFI/practica_docker/env/lib/python3.8/site-packages/airflow/example_dags/example_external_task_marker_dag.py
[2025-01-12 14:09:28,382] {processor.py:613} INFO - Processing file /home/jorge/Desktop/MÁSTER/SEGUNDO CURSO/BDFI/practica_docker/env/lib/python3.8/site-packages/airflow/example_dags/example_external_task_marker_dag.py for tasks to queue
[2025-01-12 14:09:28,383] {logging_mixin.py:109} INFO - [2025-01-12 14:09:28,383] {dagbag.py:496} INFO - Filling up the DagBag from /home/jorge/Desktop/MÁSTER/SEGUNDO CURSO/BDFI/practica_docker/env/lib/python3.8/site-packages/airflow/example_dags/example_external_task_marker_dag.py
[2025-01-12 14:09:28,392] {processor.py:623} INFO - DAG(s) dict_keys(['example_external_task_marker_parent', 'example_external_task_marker_child']) retrieved from /home/jorge/Desktop/MÁSTER/SEGUNDO CURSO/BDFI/practica_docker/env/lib/python3.8/site-packages/airflow/example_dags/example_external_task_marker_dag.py
[2025-01-12 14:09:28,404] {logging_mixin.py:109} INFO - [2025-01-12 14:09:28,404] {dag.py:1834} INFO - Sync 2 DAGs
[2025-01-12 14:09:28,410] {logging_mixin.py:109} INFO - [2025-01-12 14:09:28,410] {dag.py:2287} INFO - Setting next_dagrun for example_external_task_marker_child to None
[2025-01-12 14:09:28,411] {logging_mixin.py:109} INFO - [2025-01-12 14:09:28,411] {dag.py:2287} INFO - Setting next_dagrun for example_external_task_marker_parent to None
[2025-01-12 14:09:28,421] {processor.py:170} INFO - Processing /home/jorge/Desktop/MÁSTER/SEGUNDO CURSO/BDFI/practica_docker/env/lib/python3.8/site-packages/airflow/example_dags/example_external_task_marker_dag.py took 0.048 seconds
[2025-01-12 14:10:02,724] {processor.py:162} INFO - Started process (PID=284812) to work on /home/jorge/Desktop/MÁSTER/SEGUNDO CURSO/BDFI/practica_docker/env/lib/python3.8/site-packages/airflow/example_dags/example_external_task_marker_dag.py
[2025-01-12 14:10:02,731] {processor.py:613} INFO - Processing file /home/jorge/Desktop/MÁSTER/SEGUNDO CURSO/BDFI/practica_docker/env/lib/python3.8/site-packages/airflow/example_dags/example_external_task_marker_dag.py for tasks to queue
[2025-01-12 14:10:02,732] {logging_mixin.py:109} INFO - [2025-01-12 14:10:02,732] {dagbag.py:496} INFO - Filling up the DagBag from /home/jorge/Desktop/MÁSTER/SEGUNDO CURSO/BDFI/practica_docker/env/lib/python3.8/site-packages/airflow/example_dags/example_external_task_marker_dag.py
[2025-01-12 14:10:02,741] {processor.py:623} INFO - DAG(s) dict_keys(['example_external_task_marker_parent', 'example_external_task_marker_child']) retrieved from /home/jorge/Desktop/MÁSTER/SEGUNDO CURSO/BDFI/practica_docker/env/lib/python3.8/site-packages/airflow/example_dags/example_external_task_marker_dag.py
[2025-01-12 14:10:02,751] {logging_mixin.py:109} INFO - [2025-01-12 14:10:02,751] {dag.py:1834} INFO - Sync 2 DAGs
[2025-01-12 14:10:02,756] {logging_mixin.py:109} INFO - [2025-01-12 14:10:02,755] {dag.py:2287} INFO - Setting next_dagrun for example_external_task_marker_child to None
[2025-01-12 14:10:02,756] {logging_mixin.py:109} INFO - [2025-01-12 14:10:02,756] {dag.py:2287} INFO - Setting next_dagrun for example_external_task_marker_parent to None
[2025-01-12 14:10:02,763] {processor.py:170} INFO - Processing /home/jorge/Desktop/MÁSTER/SEGUNDO CURSO/BDFI/practica_docker/env/lib/python3.8/site-packages/airflow/example_dags/example_external_task_marker_dag.py took 0.042 seconds
[2025-01-12 14:10:35,066] {processor.py:162} INFO - Started process (PID=284950) to work on /home/jorge/Desktop/MÁSTER/SEGUNDO CURSO/BDFI/practica_docker/env/lib/python3.8/site-packages/airflow/example_dags/example_external_task_marker_dag.py
[2025-01-12 14:10:35,067] {processor.py:613} INFO - Processing file /home/jorge/Desktop/MÁSTER/SEGUNDO CURSO/BDFI/practica_docker/env/lib/python3.8/site-packages/airflow/example_dags/example_external_task_marker_dag.py for tasks to queue
[2025-01-12 14:10:35,068] {logging_mixin.py:109} INFO - [2025-01-12 14:10:35,068] {dagbag.py:496} INFO - Filling up the DagBag from /home/jorge/Desktop/MÁSTER/SEGUNDO CURSO/BDFI/practica_docker/env/lib/python3.8/site-packages/airflow/example_dags/example_external_task_marker_dag.py
[2025-01-12 14:10:35,074] {processor.py:623} INFO - DAG(s) dict_keys(['example_external_task_marker_parent', 'example_external_task_marker_child']) retrieved from /home/jorge/Desktop/MÁSTER/SEGUNDO CURSO/BDFI/practica_docker/env/lib/python3.8/site-packages/airflow/example_dags/example_external_task_marker_dag.py
[2025-01-12 14:10:35,085] {logging_mixin.py:109} INFO - [2025-01-12 14:10:35,085] {dag.py:1834} INFO - Sync 2 DAGs
[2025-01-12 14:10:35,090] {logging_mixin.py:109} INFO - [2025-01-12 14:10:35,090] {dag.py:2287} INFO - Setting next_dagrun for example_external_task_marker_child to None
[2025-01-12 14:10:35,091] {logging_mixin.py:109} INFO - [2025-01-12 14:10:35,091] {dag.py:2287} INFO - Setting next_dagrun for example_external_task_marker_parent to None
[2025-01-12 14:10:35,098] {processor.py:170} INFO - Processing /home/jorge/Desktop/MÁSTER/SEGUNDO CURSO/BDFI/practica_docker/env/lib/python3.8/site-packages/airflow/example_dags/example_external_task_marker_dag.py took 0.036 seconds
[2025-01-12 14:11:12,763] {processor.py:162} INFO - Started process (PID=285279) to work on /home/jorge/Desktop/MÁSTER/SEGUNDO CURSO/BDFI/practica_docker/env/lib/python3.8/site-packages/airflow/example_dags/example_external_task_marker_dag.py
[2025-01-12 14:11:12,764] {processor.py:613} INFO - Processing file /home/jorge/Desktop/MÁSTER/SEGUNDO CURSO/BDFI/practica_docker/env/lib/python3.8/site-packages/airflow/example_dags/example_external_task_marker_dag.py for tasks to queue
[2025-01-12 14:11:12,765] {logging_mixin.py:109} INFO - [2025-01-12 14:11:12,765] {dagbag.py:496} INFO - Filling up the DagBag from /home/jorge/Desktop/MÁSTER/SEGUNDO CURSO/BDFI/practica_docker/env/lib/python3.8/site-packages/airflow/example_dags/example_external_task_marker_dag.py
[2025-01-12 14:11:12,771] {processor.py:623} INFO - DAG(s) dict_keys(['example_external_task_marker_parent', 'example_external_task_marker_child']) retrieved from /home/jorge/Desktop/MÁSTER/SEGUNDO CURSO/BDFI/practica_docker/env/lib/python3.8/site-packages/airflow/example_dags/example_external_task_marker_dag.py
[2025-01-12 14:11:12,784] {logging_mixin.py:109} INFO - [2025-01-12 14:11:12,784] {dag.py:1834} INFO - Sync 2 DAGs
[2025-01-12 14:11:12,791] {logging_mixin.py:109} INFO - [2025-01-12 14:11:12,791] {dag.py:2287} INFO - Setting next_dagrun for example_external_task_marker_child to None
[2025-01-12 14:11:12,792] {logging_mixin.py:109} INFO - [2025-01-12 14:11:12,792] {dag.py:2287} INFO - Setting next_dagrun for example_external_task_marker_parent to None
[2025-01-12 14:11:12,804] {processor.py:170} INFO - Processing /home/jorge/Desktop/MÁSTER/SEGUNDO CURSO/BDFI/practica_docker/env/lib/python3.8/site-packages/airflow/example_dags/example_external_task_marker_dag.py took 0.043 seconds
[2025-01-12 14:11:46,337] {processor.py:162} INFO - Started process (PID=285437) to work on /home/jorge/Desktop/MÁSTER/SEGUNDO CURSO/BDFI/practica_docker/env/lib/python3.8/site-packages/airflow/example_dags/example_external_task_marker_dag.py
[2025-01-12 14:11:46,339] {processor.py:613} INFO - Processing file /home/jorge/Desktop/MÁSTER/SEGUNDO CURSO/BDFI/practica_docker/env/lib/python3.8/site-packages/airflow/example_dags/example_external_task_marker_dag.py for tasks to queue
[2025-01-12 14:11:46,340] {logging_mixin.py:109} INFO - [2025-01-12 14:11:46,340] {dagbag.py:496} INFO - Filling up the DagBag from /home/jorge/Desktop/MÁSTER/SEGUNDO CURSO/BDFI/practica_docker/env/lib/python3.8/site-packages/airflow/example_dags/example_external_task_marker_dag.py
[2025-01-12 14:11:46,347] {processor.py:623} INFO - DAG(s) dict_keys(['example_external_task_marker_parent', 'example_external_task_marker_child']) retrieved from /home/jorge/Desktop/MÁSTER/SEGUNDO CURSO/BDFI/practica_docker/env/lib/python3.8/site-packages/airflow/example_dags/example_external_task_marker_dag.py
[2025-01-12 14:11:46,358] {logging_mixin.py:109} INFO - [2025-01-12 14:11:46,357] {dag.py:1834} INFO - Sync 2 DAGs
[2025-01-12 14:11:46,362] {logging_mixin.py:109} INFO - [2025-01-12 14:11:46,362] {dag.py:2287} INFO - Setting next_dagrun for example_external_task_marker_child to None
[2025-01-12 14:11:46,362] {logging_mixin.py:109} INFO - [2025-01-12 14:11:46,362] {dag.py:2287} INFO - Setting next_dagrun for example_external_task_marker_parent to None
[2025-01-12 14:11:46,370] {processor.py:170} INFO - Processing /home/jorge/Desktop/MÁSTER/SEGUNDO CURSO/BDFI/practica_docker/env/lib/python3.8/site-packages/airflow/example_dags/example_external_task_marker_dag.py took 0.036 seconds
[2025-01-12 14:12:20,509] {processor.py:162} INFO - Started process (PID=285584) to work on /home/jorge/Desktop/MÁSTER/SEGUNDO CURSO/BDFI/practica_docker/env/lib/python3.8/site-packages/airflow/example_dags/example_external_task_marker_dag.py
[2025-01-12 14:12:20,515] {processor.py:613} INFO - Processing file /home/jorge/Desktop/MÁSTER/SEGUNDO CURSO/BDFI/practica_docker/env/lib/python3.8/site-packages/airflow/example_dags/example_external_task_marker_dag.py for tasks to queue
[2025-01-12 14:12:20,516] {logging_mixin.py:109} INFO - [2025-01-12 14:12:20,516] {dagbag.py:496} INFO - Filling up the DagBag from /home/jorge/Desktop/MÁSTER/SEGUNDO CURSO/BDFI/practica_docker/env/lib/python3.8/site-packages/airflow/example_dags/example_external_task_marker_dag.py
[2025-01-12 14:12:20,524] {processor.py:623} INFO - DAG(s) dict_keys(['example_external_task_marker_parent', 'example_external_task_marker_child']) retrieved from /home/jorge/Desktop/MÁSTER/SEGUNDO CURSO/BDFI/practica_docker/env/lib/python3.8/site-packages/airflow/example_dags/example_external_task_marker_dag.py
[2025-01-12 14:12:20,536] {logging_mixin.py:109} INFO - [2025-01-12 14:12:20,536] {dag.py:1834} INFO - Sync 2 DAGs
[2025-01-12 14:12:20,542] {logging_mixin.py:109} INFO - [2025-01-12 14:12:20,542] {dag.py:2287} INFO - Setting next_dagrun for example_external_task_marker_child to None
[2025-01-12 14:12:20,543] {logging_mixin.py:109} INFO - [2025-01-12 14:12:20,543] {dag.py:2287} INFO - Setting next_dagrun for example_external_task_marker_parent to None
[2025-01-12 14:12:20,551] {processor.py:170} INFO - Processing /home/jorge/Desktop/MÁSTER/SEGUNDO CURSO/BDFI/practica_docker/env/lib/python3.8/site-packages/airflow/example_dags/example_external_task_marker_dag.py took 0.045 seconds
[2025-01-12 14:12:53,121] {processor.py:162} INFO - Started process (PID=285734) to work on /home/jorge/Desktop/MÁSTER/SEGUNDO CURSO/BDFI/practica_docker/env/lib/python3.8/site-packages/airflow/example_dags/example_external_task_marker_dag.py
[2025-01-12 14:12:53,122] {processor.py:613} INFO - Processing file /home/jorge/Desktop/MÁSTER/SEGUNDO CURSO/BDFI/practica_docker/env/lib/python3.8/site-packages/airflow/example_dags/example_external_task_marker_dag.py for tasks to queue
[2025-01-12 14:12:53,123] {logging_mixin.py:109} INFO - [2025-01-12 14:12:53,123] {dagbag.py:496} INFO - Filling up the DagBag from /home/jorge/Desktop/MÁSTER/SEGUNDO CURSO/BDFI/practica_docker/env/lib/python3.8/site-packages/airflow/example_dags/example_external_task_marker_dag.py
[2025-01-12 14:12:53,129] {processor.py:623} INFO - DAG(s) dict_keys(['example_external_task_marker_parent', 'example_external_task_marker_child']) retrieved from /home/jorge/Desktop/MÁSTER/SEGUNDO CURSO/BDFI/practica_docker/env/lib/python3.8/site-packages/airflow/example_dags/example_external_task_marker_dag.py
[2025-01-12 14:12:53,143] {logging_mixin.py:109} INFO - [2025-01-12 14:12:53,143] {dag.py:1834} INFO - Sync 2 DAGs
[2025-01-12 14:12:53,153] {logging_mixin.py:109} INFO - [2025-01-12 14:12:53,153] {dag.py:2287} INFO - Setting next_dagrun for example_external_task_marker_child to None
[2025-01-12 14:12:53,154] {logging_mixin.py:109} INFO - [2025-01-12 14:12:53,154] {dag.py:2287} INFO - Setting next_dagrun for example_external_task_marker_parent to None
[2025-01-12 14:12:53,166] {processor.py:170} INFO - Processing /home/jorge/Desktop/MÁSTER/SEGUNDO CURSO/BDFI/practica_docker/env/lib/python3.8/site-packages/airflow/example_dags/example_external_task_marker_dag.py took 0.048 seconds
[2025-01-12 14:13:26,798] {processor.py:162} INFO - Started process (PID=285881) to work on /home/jorge/Desktop/MÁSTER/SEGUNDO CURSO/BDFI/practica_docker/env/lib/python3.8/site-packages/airflow/example_dags/example_external_task_marker_dag.py
[2025-01-12 14:13:26,804] {processor.py:613} INFO - Processing file /home/jorge/Desktop/MÁSTER/SEGUNDO CURSO/BDFI/practica_docker/env/lib/python3.8/site-packages/airflow/example_dags/example_external_task_marker_dag.py for tasks to queue
[2025-01-12 14:13:26,805] {logging_mixin.py:109} INFO - [2025-01-12 14:13:26,805] {dagbag.py:496} INFO - Filling up the DagBag from /home/jorge/Desktop/MÁSTER/SEGUNDO CURSO/BDFI/practica_docker/env/lib/python3.8/site-packages/airflow/example_dags/example_external_task_marker_dag.py
[2025-01-12 14:13:26,814] {processor.py:623} INFO - DAG(s) dict_keys(['example_external_task_marker_parent', 'example_external_task_marker_child']) retrieved from /home/jorge/Desktop/MÁSTER/SEGUNDO CURSO/BDFI/practica_docker/env/lib/python3.8/site-packages/airflow/example_dags/example_external_task_marker_dag.py
[2025-01-12 14:13:26,824] {logging_mixin.py:109} INFO - [2025-01-12 14:13:26,824] {dag.py:1834} INFO - Sync 2 DAGs
[2025-01-12 14:13:26,829] {logging_mixin.py:109} INFO - [2025-01-12 14:13:26,829] {dag.py:2287} INFO - Setting next_dagrun for example_external_task_marker_child to None
[2025-01-12 14:13:26,830] {logging_mixin.py:109} INFO - [2025-01-12 14:13:26,830] {dag.py:2287} INFO - Setting next_dagrun for example_external_task_marker_parent to None
[2025-01-12 14:13:26,837] {processor.py:170} INFO - Processing /home/jorge/Desktop/MÁSTER/SEGUNDO CURSO/BDFI/practica_docker/env/lib/python3.8/site-packages/airflow/example_dags/example_external_task_marker_dag.py took 0.041 seconds
[2025-01-12 14:13:58,931] {processor.py:162} INFO - Started process (PID=286042) to work on /home/jorge/Desktop/MÁSTER/SEGUNDO CURSO/BDFI/practica_docker/env/lib/python3.8/site-packages/airflow/example_dags/example_external_task_marker_dag.py
[2025-01-12 14:13:58,937] {processor.py:613} INFO - Processing file /home/jorge/Desktop/MÁSTER/SEGUNDO CURSO/BDFI/practica_docker/env/lib/python3.8/site-packages/airflow/example_dags/example_external_task_marker_dag.py for tasks to queue
[2025-01-12 14:13:58,939] {logging_mixin.py:109} INFO - [2025-01-12 14:13:58,939] {dagbag.py:496} INFO - Filling up the DagBag from /home/jorge/Desktop/MÁSTER/SEGUNDO CURSO/BDFI/practica_docker/env/lib/python3.8/site-packages/airflow/example_dags/example_external_task_marker_dag.py
[2025-01-12 14:13:58,946] {processor.py:623} INFO - DAG(s) dict_keys(['example_external_task_marker_parent', 'example_external_task_marker_child']) retrieved from /home/jorge/Desktop/MÁSTER/SEGUNDO CURSO/BDFI/practica_docker/env/lib/python3.8/site-packages/airflow/example_dags/example_external_task_marker_dag.py
[2025-01-12 14:13:58,956] {logging_mixin.py:109} INFO - [2025-01-12 14:13:58,956] {dag.py:1834} INFO - Sync 2 DAGs
[2025-01-12 14:13:58,961] {logging_mixin.py:109} INFO - [2025-01-12 14:13:58,961] {dag.py:2287} INFO - Setting next_dagrun for example_external_task_marker_child to None
[2025-01-12 14:13:58,961] {logging_mixin.py:109} INFO - [2025-01-12 14:13:58,961] {dag.py:2287} INFO - Setting next_dagrun for example_external_task_marker_parent to None
[2025-01-12 14:13:58,969] {processor.py:170} INFO - Processing /home/jorge/Desktop/MÁSTER/SEGUNDO CURSO/BDFI/practica_docker/env/lib/python3.8/site-packages/airflow/example_dags/example_external_task_marker_dag.py took 0.042 seconds
[2025-01-12 14:14:32,140] {processor.py:162} INFO - Started process (PID=286195) to work on /home/jorge/Desktop/MÁSTER/SEGUNDO CURSO/BDFI/practica_docker/env/lib/python3.8/site-packages/airflow/example_dags/example_external_task_marker_dag.py
[2025-01-12 14:14:32,141] {processor.py:613} INFO - Processing file /home/jorge/Desktop/MÁSTER/SEGUNDO CURSO/BDFI/practica_docker/env/lib/python3.8/site-packages/airflow/example_dags/example_external_task_marker_dag.py for tasks to queue
[2025-01-12 14:14:32,141] {logging_mixin.py:109} INFO - [2025-01-12 14:14:32,141] {dagbag.py:496} INFO - Filling up the DagBag from /home/jorge/Desktop/MÁSTER/SEGUNDO CURSO/BDFI/practica_docker/env/lib/python3.8/site-packages/airflow/example_dags/example_external_task_marker_dag.py
[2025-01-12 14:14:32,146] {processor.py:623} INFO - DAG(s) dict_keys(['example_external_task_marker_parent', 'example_external_task_marker_child']) retrieved from /home/jorge/Desktop/MÁSTER/SEGUNDO CURSO/BDFI/practica_docker/env/lib/python3.8/site-packages/airflow/example_dags/example_external_task_marker_dag.py
[2025-01-12 14:14:32,157] {logging_mixin.py:109} INFO - [2025-01-12 14:14:32,157] {dag.py:1834} INFO - Sync 2 DAGs
[2025-01-12 14:14:32,163] {logging_mixin.py:109} INFO - [2025-01-12 14:14:32,163] {dag.py:2287} INFO - Setting next_dagrun for example_external_task_marker_child to None
[2025-01-12 14:14:32,163] {logging_mixin.py:109} INFO - [2025-01-12 14:14:32,163] {dag.py:2287} INFO - Setting next_dagrun for example_external_task_marker_parent to None
[2025-01-12 14:14:32,172] {processor.py:170} INFO - Processing /home/jorge/Desktop/MÁSTER/SEGUNDO CURSO/BDFI/practica_docker/env/lib/python3.8/site-packages/airflow/example_dags/example_external_task_marker_dag.py took 0.034 seconds
[2025-01-12 14:15:05,007] {processor.py:162} INFO - Started process (PID=286551) to work on /home/jorge/Desktop/MÁSTER/SEGUNDO CURSO/BDFI/practica_docker/env/lib/python3.8/site-packages/airflow/example_dags/example_external_task_marker_dag.py
[2025-01-12 14:15:05,013] {processor.py:613} INFO - Processing file /home/jorge/Desktop/MÁSTER/SEGUNDO CURSO/BDFI/practica_docker/env/lib/python3.8/site-packages/airflow/example_dags/example_external_task_marker_dag.py for tasks to queue
[2025-01-12 14:15:05,014] {logging_mixin.py:109} INFO - [2025-01-12 14:15:05,014] {dagbag.py:496} INFO - Filling up the DagBag from /home/jorge/Desktop/MÁSTER/SEGUNDO CURSO/BDFI/practica_docker/env/lib/python3.8/site-packages/airflow/example_dags/example_external_task_marker_dag.py
[2025-01-12 14:15:05,023] {processor.py:623} INFO - DAG(s) dict_keys(['example_external_task_marker_parent', 'example_external_task_marker_child']) retrieved from /home/jorge/Desktop/MÁSTER/SEGUNDO CURSO/BDFI/practica_docker/env/lib/python3.8/site-packages/airflow/example_dags/example_external_task_marker_dag.py
[2025-01-12 14:15:05,033] {logging_mixin.py:109} INFO - [2025-01-12 14:15:05,033] {dag.py:1834} INFO - Sync 2 DAGs
[2025-01-12 14:15:05,037] {logging_mixin.py:109} INFO - [2025-01-12 14:15:05,037] {dag.py:2287} INFO - Setting next_dagrun for example_external_task_marker_child to None
[2025-01-12 14:15:05,038] {logging_mixin.py:109} INFO - [2025-01-12 14:15:05,037] {dag.py:2287} INFO - Setting next_dagrun for example_external_task_marker_parent to None
[2025-01-12 14:15:05,045] {processor.py:170} INFO - Processing /home/jorge/Desktop/MÁSTER/SEGUNDO CURSO/BDFI/practica_docker/env/lib/python3.8/site-packages/airflow/example_dags/example_external_task_marker_dag.py took 0.042 seconds
[2025-01-12 14:15:37,164] {processor.py:162} INFO - Started process (PID=286938) to work on /home/jorge/Desktop/MÁSTER/SEGUNDO CURSO/BDFI/practica_docker/env/lib/python3.8/site-packages/airflow/example_dags/example_external_task_marker_dag.py
[2025-01-12 14:15:37,169] {processor.py:613} INFO - Processing file /home/jorge/Desktop/MÁSTER/SEGUNDO CURSO/BDFI/practica_docker/env/lib/python3.8/site-packages/airflow/example_dags/example_external_task_marker_dag.py for tasks to queue
[2025-01-12 14:15:37,170] {logging_mixin.py:109} INFO - [2025-01-12 14:15:37,170] {dagbag.py:496} INFO - Filling up the DagBag from /home/jorge/Desktop/MÁSTER/SEGUNDO CURSO/BDFI/practica_docker/env/lib/python3.8/site-packages/airflow/example_dags/example_external_task_marker_dag.py
[2025-01-12 14:15:37,174] {processor.py:623} INFO - DAG(s) dict_keys(['example_external_task_marker_parent', 'example_external_task_marker_child']) retrieved from /home/jorge/Desktop/MÁSTER/SEGUNDO CURSO/BDFI/practica_docker/env/lib/python3.8/site-packages/airflow/example_dags/example_external_task_marker_dag.py
[2025-01-12 14:15:37,184] {logging_mixin.py:109} INFO - [2025-01-12 14:15:37,184] {dag.py:1834} INFO - Sync 2 DAGs
[2025-01-12 14:15:37,189] {logging_mixin.py:109} INFO - [2025-01-12 14:15:37,189] {dag.py:2287} INFO - Setting next_dagrun for example_external_task_marker_child to None
[2025-01-12 14:15:37,190] {logging_mixin.py:109} INFO - [2025-01-12 14:15:37,190] {dag.py:2287} INFO - Setting next_dagrun for example_external_task_marker_parent to None
[2025-01-12 14:15:37,199] {processor.py:170} INFO - Processing /home/jorge/Desktop/MÁSTER/SEGUNDO CURSO/BDFI/practica_docker/env/lib/python3.8/site-packages/airflow/example_dags/example_external_task_marker_dag.py took 0.037 seconds
[2025-01-12 14:16:22,398] {processor.py:162} INFO - Started process (PID=289965) to work on /home/jorge/Desktop/MÁSTER/SEGUNDO CURSO/BDFI/practica_docker/env/lib/python3.8/site-packages/airflow/example_dags/example_external_task_marker_dag.py
[2025-01-12 14:16:22,399] {processor.py:613} INFO - Processing file /home/jorge/Desktop/MÁSTER/SEGUNDO CURSO/BDFI/practica_docker/env/lib/python3.8/site-packages/airflow/example_dags/example_external_task_marker_dag.py for tasks to queue
[2025-01-12 14:16:22,400] {logging_mixin.py:109} INFO - [2025-01-12 14:16:22,400] {dagbag.py:496} INFO - Filling up the DagBag from /home/jorge/Desktop/MÁSTER/SEGUNDO CURSO/BDFI/practica_docker/env/lib/python3.8/site-packages/airflow/example_dags/example_external_task_marker_dag.py
[2025-01-12 14:16:22,406] {processor.py:623} INFO - DAG(s) dict_keys(['example_external_task_marker_parent', 'example_external_task_marker_child']) retrieved from /home/jorge/Desktop/MÁSTER/SEGUNDO CURSO/BDFI/practica_docker/env/lib/python3.8/site-packages/airflow/example_dags/example_external_task_marker_dag.py
[2025-01-12 14:16:22,418] {logging_mixin.py:109} INFO - [2025-01-12 14:16:22,418] {dag.py:1834} INFO - Sync 2 DAGs
[2025-01-12 14:16:22,428] {logging_mixin.py:109} INFO - [2025-01-12 14:16:22,428] {dag.py:2287} INFO - Setting next_dagrun for example_external_task_marker_child to None
[2025-01-12 14:16:22,429] {logging_mixin.py:109} INFO - [2025-01-12 14:16:22,429] {dag.py:2287} INFO - Setting next_dagrun for example_external_task_marker_parent to None
[2025-01-12 14:16:22,443] {processor.py:170} INFO - Processing /home/jorge/Desktop/MÁSTER/SEGUNDO CURSO/BDFI/practica_docker/env/lib/python3.8/site-packages/airflow/example_dags/example_external_task_marker_dag.py took 0.047 seconds
[2025-01-12 14:16:58,762] {processor.py:162} INFO - Started process (PID=290805) to work on /home/jorge/Desktop/MÁSTER/SEGUNDO CURSO/BDFI/practica_docker/env/lib/python3.8/site-packages/airflow/example_dags/example_external_task_marker_dag.py
[2025-01-12 14:16:58,763] {processor.py:613} INFO - Processing file /home/jorge/Desktop/MÁSTER/SEGUNDO CURSO/BDFI/practica_docker/env/lib/python3.8/site-packages/airflow/example_dags/example_external_task_marker_dag.py for tasks to queue
[2025-01-12 14:16:58,764] {logging_mixin.py:109} INFO - [2025-01-12 14:16:58,763] {dagbag.py:496} INFO - Filling up the DagBag from /home/jorge/Desktop/MÁSTER/SEGUNDO CURSO/BDFI/practica_docker/env/lib/python3.8/site-packages/airflow/example_dags/example_external_task_marker_dag.py
[2025-01-12 14:16:58,769] {processor.py:623} INFO - DAG(s) dict_keys(['example_external_task_marker_parent', 'example_external_task_marker_child']) retrieved from /home/jorge/Desktop/MÁSTER/SEGUNDO CURSO/BDFI/practica_docker/env/lib/python3.8/site-packages/airflow/example_dags/example_external_task_marker_dag.py
[2025-01-12 14:16:58,780] {logging_mixin.py:109} INFO - [2025-01-12 14:16:58,780] {dag.py:1834} INFO - Sync 2 DAGs
[2025-01-12 14:16:58,785] {logging_mixin.py:109} INFO - [2025-01-12 14:16:58,785] {dag.py:2287} INFO - Setting next_dagrun for example_external_task_marker_child to None
[2025-01-12 14:16:58,786] {logging_mixin.py:109} INFO - [2025-01-12 14:16:58,786] {dag.py:2287} INFO - Setting next_dagrun for example_external_task_marker_parent to None
[2025-01-12 14:16:58,796] {processor.py:170} INFO - Processing /home/jorge/Desktop/MÁSTER/SEGUNDO CURSO/BDFI/practica_docker/env/lib/python3.8/site-packages/airflow/example_dags/example_external_task_marker_dag.py took 0.037 seconds
[2025-01-12 14:17:32,559] {processor.py:162} INFO - Started process (PID=290995) to work on /home/jorge/Desktop/MÁSTER/SEGUNDO CURSO/BDFI/practica_docker/env/lib/python3.8/site-packages/airflow/example_dags/example_external_task_marker_dag.py
[2025-01-12 14:17:32,560] {processor.py:613} INFO - Processing file /home/jorge/Desktop/MÁSTER/SEGUNDO CURSO/BDFI/practica_docker/env/lib/python3.8/site-packages/airflow/example_dags/example_external_task_marker_dag.py for tasks to queue
[2025-01-12 14:17:32,561] {logging_mixin.py:109} INFO - [2025-01-12 14:17:32,560] {dagbag.py:496} INFO - Filling up the DagBag from /home/jorge/Desktop/MÁSTER/SEGUNDO CURSO/BDFI/practica_docker/env/lib/python3.8/site-packages/airflow/example_dags/example_external_task_marker_dag.py
[2025-01-12 14:17:32,566] {processor.py:623} INFO - DAG(s) dict_keys(['example_external_task_marker_parent', 'example_external_task_marker_child']) retrieved from /home/jorge/Desktop/MÁSTER/SEGUNDO CURSO/BDFI/practica_docker/env/lib/python3.8/site-packages/airflow/example_dags/example_external_task_marker_dag.py
[2025-01-12 14:17:32,579] {logging_mixin.py:109} INFO - [2025-01-12 14:17:32,579] {dag.py:1834} INFO - Sync 2 DAGs
[2025-01-12 14:17:32,585] {logging_mixin.py:109} INFO - [2025-01-12 14:17:32,585] {dag.py:2287} INFO - Setting next_dagrun for example_external_task_marker_child to None
[2025-01-12 14:17:32,586] {logging_mixin.py:109} INFO - [2025-01-12 14:17:32,586] {dag.py:2287} INFO - Setting next_dagrun for example_external_task_marker_parent to None
[2025-01-12 14:17:32,594] {processor.py:170} INFO - Processing /home/jorge/Desktop/MÁSTER/SEGUNDO CURSO/BDFI/practica_docker/env/lib/python3.8/site-packages/airflow/example_dags/example_external_task_marker_dag.py took 0.037 seconds
[2025-01-12 14:18:06,092] {processor.py:162} INFO - Started process (PID=291158) to work on /home/jorge/Desktop/MÁSTER/SEGUNDO CURSO/BDFI/practica_docker/env/lib/python3.8/site-packages/airflow/example_dags/example_external_task_marker_dag.py
[2025-01-12 14:18:06,093] {processor.py:613} INFO - Processing file /home/jorge/Desktop/MÁSTER/SEGUNDO CURSO/BDFI/practica_docker/env/lib/python3.8/site-packages/airflow/example_dags/example_external_task_marker_dag.py for tasks to queue
[2025-01-12 14:18:06,094] {logging_mixin.py:109} INFO - [2025-01-12 14:18:06,094] {dagbag.py:496} INFO - Filling up the DagBag from /home/jorge/Desktop/MÁSTER/SEGUNDO CURSO/BDFI/practica_docker/env/lib/python3.8/site-packages/airflow/example_dags/example_external_task_marker_dag.py
[2025-01-12 14:18:06,099] {processor.py:623} INFO - DAG(s) dict_keys(['example_external_task_marker_parent', 'example_external_task_marker_child']) retrieved from /home/jorge/Desktop/MÁSTER/SEGUNDO CURSO/BDFI/practica_docker/env/lib/python3.8/site-packages/airflow/example_dags/example_external_task_marker_dag.py
[2025-01-12 14:18:06,112] {logging_mixin.py:109} INFO - [2025-01-12 14:18:06,112] {dag.py:1834} INFO - Sync 2 DAGs
[2025-01-12 14:18:06,120] {logging_mixin.py:109} INFO - [2025-01-12 14:18:06,120] {dag.py:2287} INFO - Setting next_dagrun for example_external_task_marker_child to None
[2025-01-12 14:18:06,121] {logging_mixin.py:109} INFO - [2025-01-12 14:18:06,120] {dag.py:2287} INFO - Setting next_dagrun for example_external_task_marker_parent to None
[2025-01-12 14:18:06,131] {processor.py:170} INFO - Processing /home/jorge/Desktop/MÁSTER/SEGUNDO CURSO/BDFI/practica_docker/env/lib/python3.8/site-packages/airflow/example_dags/example_external_task_marker_dag.py took 0.041 seconds
[2025-01-12 14:18:39,557] {processor.py:162} INFO - Started process (PID=291668) to work on /home/jorge/Desktop/MÁSTER/SEGUNDO CURSO/BDFI/practica_docker/env/lib/python3.8/site-packages/airflow/example_dags/example_external_task_marker_dag.py
[2025-01-12 14:18:39,558] {processor.py:613} INFO - Processing file /home/jorge/Desktop/MÁSTER/SEGUNDO CURSO/BDFI/practica_docker/env/lib/python3.8/site-packages/airflow/example_dags/example_external_task_marker_dag.py for tasks to queue
[2025-01-12 14:18:39,560] {logging_mixin.py:109} INFO - [2025-01-12 14:18:39,559] {dagbag.py:496} INFO - Filling up the DagBag from /home/jorge/Desktop/MÁSTER/SEGUNDO CURSO/BDFI/practica_docker/env/lib/python3.8/site-packages/airflow/example_dags/example_external_task_marker_dag.py
[2025-01-12 14:18:39,572] {processor.py:623} INFO - DAG(s) dict_keys(['example_external_task_marker_parent', 'example_external_task_marker_child']) retrieved from /home/jorge/Desktop/MÁSTER/SEGUNDO CURSO/BDFI/practica_docker/env/lib/python3.8/site-packages/airflow/example_dags/example_external_task_marker_dag.py
[2025-01-12 14:18:39,591] {logging_mixin.py:109} INFO - [2025-01-12 14:18:39,590] {dag.py:1834} INFO - Sync 2 DAGs
[2025-01-12 14:18:39,605] {logging_mixin.py:109} INFO - [2025-01-12 14:18:39,605] {dag.py:2287} INFO - Setting next_dagrun for example_external_task_marker_child to None
[2025-01-12 14:18:39,606] {logging_mixin.py:109} INFO - [2025-01-12 14:18:39,606] {dag.py:2287} INFO - Setting next_dagrun for example_external_task_marker_parent to None
[2025-01-12 14:18:39,624] {processor.py:170} INFO - Processing /home/jorge/Desktop/MÁSTER/SEGUNDO CURSO/BDFI/practica_docker/env/lib/python3.8/site-packages/airflow/example_dags/example_external_task_marker_dag.py took 0.071 seconds
[2025-01-12 14:19:12,820] {processor.py:162} INFO - Started process (PID=292184) to work on /home/jorge/Desktop/MÁSTER/SEGUNDO CURSO/BDFI/practica_docker/env/lib/python3.8/site-packages/airflow/example_dags/example_external_task_marker_dag.py
[2025-01-12 14:19:12,823] {processor.py:613} INFO - Processing file /home/jorge/Desktop/MÁSTER/SEGUNDO CURSO/BDFI/practica_docker/env/lib/python3.8/site-packages/airflow/example_dags/example_external_task_marker_dag.py for tasks to queue
[2025-01-12 14:19:12,825] {logging_mixin.py:109} INFO - [2025-01-12 14:19:12,824] {dagbag.py:496} INFO - Filling up the DagBag from /home/jorge/Desktop/MÁSTER/SEGUNDO CURSO/BDFI/practica_docker/env/lib/python3.8/site-packages/airflow/example_dags/example_external_task_marker_dag.py
[2025-01-12 14:19:12,837] {processor.py:623} INFO - DAG(s) dict_keys(['example_external_task_marker_parent', 'example_external_task_marker_child']) retrieved from /home/jorge/Desktop/MÁSTER/SEGUNDO CURSO/BDFI/practica_docker/env/lib/python3.8/site-packages/airflow/example_dags/example_external_task_marker_dag.py
[2025-01-12 14:19:12,859] {logging_mixin.py:109} INFO - [2025-01-12 14:19:12,859] {dag.py:1834} INFO - Sync 2 DAGs
[2025-01-12 14:19:12,869] {logging_mixin.py:109} INFO - [2025-01-12 14:19:12,869] {dag.py:2287} INFO - Setting next_dagrun for example_external_task_marker_child to None
[2025-01-12 14:19:12,870] {logging_mixin.py:109} INFO - [2025-01-12 14:19:12,870] {dag.py:2287} INFO - Setting next_dagrun for example_external_task_marker_parent to None
[2025-01-12 14:19:12,884] {processor.py:170} INFO - Processing /home/jorge/Desktop/MÁSTER/SEGUNDO CURSO/BDFI/practica_docker/env/lib/python3.8/site-packages/airflow/example_dags/example_external_task_marker_dag.py took 0.068 seconds
[2025-01-12 14:19:48,313] {processor.py:162} INFO - Started process (PID=293034) to work on /home/jorge/Desktop/MÁSTER/SEGUNDO CURSO/BDFI/practica_docker/env/lib/python3.8/site-packages/airflow/example_dags/example_external_task_marker_dag.py
[2025-01-12 14:19:48,314] {processor.py:613} INFO - Processing file /home/jorge/Desktop/MÁSTER/SEGUNDO CURSO/BDFI/practica_docker/env/lib/python3.8/site-packages/airflow/example_dags/example_external_task_marker_dag.py for tasks to queue
[2025-01-12 14:19:48,315] {logging_mixin.py:109} INFO - [2025-01-12 14:19:48,315] {dagbag.py:496} INFO - Filling up the DagBag from /home/jorge/Desktop/MÁSTER/SEGUNDO CURSO/BDFI/practica_docker/env/lib/python3.8/site-packages/airflow/example_dags/example_external_task_marker_dag.py
[2025-01-12 14:19:48,324] {processor.py:623} INFO - DAG(s) dict_keys(['example_external_task_marker_parent', 'example_external_task_marker_child']) retrieved from /home/jorge/Desktop/MÁSTER/SEGUNDO CURSO/BDFI/practica_docker/env/lib/python3.8/site-packages/airflow/example_dags/example_external_task_marker_dag.py
[2025-01-12 14:19:48,346] {logging_mixin.py:109} INFO - [2025-01-12 14:19:48,346] {dag.py:1834} INFO - Sync 2 DAGs
[2025-01-12 14:19:48,357] {logging_mixin.py:109} INFO - [2025-01-12 14:19:48,357] {dag.py:2287} INFO - Setting next_dagrun for example_external_task_marker_child to None
[2025-01-12 14:19:48,358] {logging_mixin.py:109} INFO - [2025-01-12 14:19:48,358] {dag.py:2287} INFO - Setting next_dagrun for example_external_task_marker_parent to None
[2025-01-12 14:19:48,373] {processor.py:170} INFO - Processing /home/jorge/Desktop/MÁSTER/SEGUNDO CURSO/BDFI/practica_docker/env/lib/python3.8/site-packages/airflow/example_dags/example_external_task_marker_dag.py took 0.062 seconds
[2025-01-12 14:20:22,068] {processor.py:162} INFO - Started process (PID=293196) to work on /home/jorge/Desktop/MÁSTER/SEGUNDO CURSO/BDFI/practica_docker/env/lib/python3.8/site-packages/airflow/example_dags/example_external_task_marker_dag.py
[2025-01-12 14:20:22,073] {processor.py:613} INFO - Processing file /home/jorge/Desktop/MÁSTER/SEGUNDO CURSO/BDFI/practica_docker/env/lib/python3.8/site-packages/airflow/example_dags/example_external_task_marker_dag.py for tasks to queue
[2025-01-12 14:20:22,074] {logging_mixin.py:109} INFO - [2025-01-12 14:20:22,073] {dagbag.py:496} INFO - Filling up the DagBag from /home/jorge/Desktop/MÁSTER/SEGUNDO CURSO/BDFI/practica_docker/env/lib/python3.8/site-packages/airflow/example_dags/example_external_task_marker_dag.py
[2025-01-12 14:20:22,086] {processor.py:623} INFO - DAG(s) dict_keys(['example_external_task_marker_parent', 'example_external_task_marker_child']) retrieved from /home/jorge/Desktop/MÁSTER/SEGUNDO CURSO/BDFI/practica_docker/env/lib/python3.8/site-packages/airflow/example_dags/example_external_task_marker_dag.py
[2025-01-12 14:20:22,108] {logging_mixin.py:109} INFO - [2025-01-12 14:20:22,108] {dag.py:1834} INFO - Sync 2 DAGs
[2025-01-12 14:20:22,119] {logging_mixin.py:109} INFO - [2025-01-12 14:20:22,119] {dag.py:2287} INFO - Setting next_dagrun for example_external_task_marker_child to None
[2025-01-12 14:20:22,119] {logging_mixin.py:109} INFO - [2025-01-12 14:20:22,119] {dag.py:2287} INFO - Setting next_dagrun for example_external_task_marker_parent to None
[2025-01-12 14:20:22,140] {processor.py:170} INFO - Processing /home/jorge/Desktop/MÁSTER/SEGUNDO CURSO/BDFI/practica_docker/env/lib/python3.8/site-packages/airflow/example_dags/example_external_task_marker_dag.py took 0.075 seconds
