[2025-01-12 13:51:02,326] {processor.py:162} INFO - Started process (PID=281033) to work on /home/jorge/Desktop/MÁSTER/SEGUNDO CURSO/BDFI/practica_docker/env/lib/python3.8/site-packages/airflow/example_dags/example_trigger_target_dag.py
[2025-01-12 13:51:02,327] {processor.py:613} INFO - Processing file /home/jorge/Desktop/MÁSTER/SEGUNDO CURSO/BDFI/practica_docker/env/lib/python3.8/site-packages/airflow/example_dags/example_trigger_target_dag.py for tasks to queue
[2025-01-12 13:51:02,328] {logging_mixin.py:109} INFO - [2025-01-12 13:51:02,328] {dagbag.py:496} INFO - Filling up the DagBag from /home/jorge/Desktop/MÁSTER/SEGUNDO CURSO/BDFI/practica_docker/env/lib/python3.8/site-packages/airflow/example_dags/example_trigger_target_dag.py
[2025-01-12 13:51:02,341] {processor.py:623} INFO - DAG(s) dict_keys(['example_trigger_target_dag']) retrieved from /home/jorge/Desktop/MÁSTER/SEGUNDO CURSO/BDFI/practica_docker/env/lib/python3.8/site-packages/airflow/example_dags/example_trigger_target_dag.py
[2025-01-12 13:51:02,350] {logging_mixin.py:109} INFO - [2025-01-12 13:51:02,350] {dag.py:1834} INFO - Sync 1 DAGs
[2025-01-12 13:51:02,356] {logging_mixin.py:109} INFO - [2025-01-12 13:51:02,356] {dag.py:2287} INFO - Setting next_dagrun for example_trigger_target_dag to None
[2025-01-12 13:51:02,367] {processor.py:170} INFO - Processing /home/jorge/Desktop/MÁSTER/SEGUNDO CURSO/BDFI/practica_docker/env/lib/python3.8/site-packages/airflow/example_dags/example_trigger_target_dag.py took 0.045 seconds
[2025-01-12 13:51:36,044] {processor.py:162} INFO - Started process (PID=281173) to work on /home/jorge/Desktop/MÁSTER/SEGUNDO CURSO/BDFI/practica_docker/env/lib/python3.8/site-packages/airflow/example_dags/example_trigger_target_dag.py
[2025-01-12 13:51:36,045] {processor.py:613} INFO - Processing file /home/jorge/Desktop/MÁSTER/SEGUNDO CURSO/BDFI/practica_docker/env/lib/python3.8/site-packages/airflow/example_dags/example_trigger_target_dag.py for tasks to queue
[2025-01-12 13:51:36,045] {logging_mixin.py:109} INFO - [2025-01-12 13:51:36,045] {dagbag.py:496} INFO - Filling up the DagBag from /home/jorge/Desktop/MÁSTER/SEGUNDO CURSO/BDFI/practica_docker/env/lib/python3.8/site-packages/airflow/example_dags/example_trigger_target_dag.py
[2025-01-12 13:51:36,074] {processor.py:623} INFO - DAG(s) dict_keys(['example_trigger_target_dag']) retrieved from /home/jorge/Desktop/MÁSTER/SEGUNDO CURSO/BDFI/practica_docker/env/lib/python3.8/site-packages/airflow/example_dags/example_trigger_target_dag.py
[2025-01-12 13:51:36,088] {logging_mixin.py:109} INFO - [2025-01-12 13:51:36,087] {dag.py:1834} INFO - Sync 1 DAGs
[2025-01-12 13:51:36,095] {logging_mixin.py:109} INFO - [2025-01-12 13:51:36,095] {dag.py:2287} INFO - Setting next_dagrun for example_trigger_target_dag to None
[2025-01-12 13:51:36,110] {processor.py:170} INFO - Processing /home/jorge/Desktop/MÁSTER/SEGUNDO CURSO/BDFI/practica_docker/env/lib/python3.8/site-packages/airflow/example_dags/example_trigger_target_dag.py took 0.070 seconds
[2025-01-12 13:52:09,839] {processor.py:162} INFO - Started process (PID=281343) to work on /home/jorge/Desktop/MÁSTER/SEGUNDO CURSO/BDFI/practica_docker/env/lib/python3.8/site-packages/airflow/example_dags/example_trigger_target_dag.py
[2025-01-12 13:52:09,841] {processor.py:613} INFO - Processing file /home/jorge/Desktop/MÁSTER/SEGUNDO CURSO/BDFI/practica_docker/env/lib/python3.8/site-packages/airflow/example_dags/example_trigger_target_dag.py for tasks to queue
[2025-01-12 13:52:09,842] {logging_mixin.py:109} INFO - [2025-01-12 13:52:09,842] {dagbag.py:496} INFO - Filling up the DagBag from /home/jorge/Desktop/MÁSTER/SEGUNDO CURSO/BDFI/practica_docker/env/lib/python3.8/site-packages/airflow/example_dags/example_trigger_target_dag.py
[2025-01-12 13:52:09,864] {processor.py:623} INFO - DAG(s) dict_keys(['example_trigger_target_dag']) retrieved from /home/jorge/Desktop/MÁSTER/SEGUNDO CURSO/BDFI/practica_docker/env/lib/python3.8/site-packages/airflow/example_dags/example_trigger_target_dag.py
[2025-01-12 13:52:09,882] {logging_mixin.py:109} INFO - [2025-01-12 13:52:09,882] {dag.py:1834} INFO - Sync 1 DAGs
[2025-01-12 13:52:09,891] {logging_mixin.py:109} INFO - [2025-01-12 13:52:09,891] {dag.py:2287} INFO - Setting next_dagrun for example_trigger_target_dag to None
[2025-01-12 13:52:09,904] {processor.py:170} INFO - Processing /home/jorge/Desktop/MÁSTER/SEGUNDO CURSO/BDFI/practica_docker/env/lib/python3.8/site-packages/airflow/example_dags/example_trigger_target_dag.py took 0.069 seconds
[2025-01-12 13:52:43,584] {processor.py:162} INFO - Started process (PID=281529) to work on /home/jorge/Desktop/MÁSTER/SEGUNDO CURSO/BDFI/practica_docker/env/lib/python3.8/site-packages/airflow/example_dags/example_trigger_target_dag.py
[2025-01-12 13:52:43,585] {processor.py:613} INFO - Processing file /home/jorge/Desktop/MÁSTER/SEGUNDO CURSO/BDFI/practica_docker/env/lib/python3.8/site-packages/airflow/example_dags/example_trigger_target_dag.py for tasks to queue
[2025-01-12 13:52:43,586] {logging_mixin.py:109} INFO - [2025-01-12 13:52:43,586] {dagbag.py:496} INFO - Filling up the DagBag from /home/jorge/Desktop/MÁSTER/SEGUNDO CURSO/BDFI/practica_docker/env/lib/python3.8/site-packages/airflow/example_dags/example_trigger_target_dag.py
[2025-01-12 13:52:43,626] {processor.py:623} INFO - DAG(s) dict_keys(['example_trigger_target_dag']) retrieved from /home/jorge/Desktop/MÁSTER/SEGUNDO CURSO/BDFI/practica_docker/env/lib/python3.8/site-packages/airflow/example_dags/example_trigger_target_dag.py
[2025-01-12 13:52:43,647] {logging_mixin.py:109} INFO - [2025-01-12 13:52:43,647] {dag.py:1834} INFO - Sync 1 DAGs
[2025-01-12 13:52:43,658] {logging_mixin.py:109} INFO - [2025-01-12 13:52:43,658] {dag.py:2287} INFO - Setting next_dagrun for example_trigger_target_dag to None
[2025-01-12 13:52:43,677] {processor.py:170} INFO - Processing /home/jorge/Desktop/MÁSTER/SEGUNDO CURSO/BDFI/practica_docker/env/lib/python3.8/site-packages/airflow/example_dags/example_trigger_target_dag.py took 0.095 seconds
[2025-01-12 13:53:25,415] {processor.py:162} INFO - Started process (PID=281783) to work on /home/jorge/Desktop/MÁSTER/SEGUNDO CURSO/BDFI/practica_docker/env/lib/python3.8/site-packages/airflow/example_dags/example_trigger_target_dag.py
[2025-01-12 13:53:25,416] {processor.py:613} INFO - Processing file /home/jorge/Desktop/MÁSTER/SEGUNDO CURSO/BDFI/practica_docker/env/lib/python3.8/site-packages/airflow/example_dags/example_trigger_target_dag.py for tasks to queue
[2025-01-12 13:53:25,418] {logging_mixin.py:109} INFO - [2025-01-12 13:53:25,417] {dagbag.py:496} INFO - Filling up the DagBag from /home/jorge/Desktop/MÁSTER/SEGUNDO CURSO/BDFI/practica_docker/env/lib/python3.8/site-packages/airflow/example_dags/example_trigger_target_dag.py
[2025-01-12 13:53:25,432] {processor.py:623} INFO - DAG(s) dict_keys(['example_trigger_target_dag']) retrieved from /home/jorge/Desktop/MÁSTER/SEGUNDO CURSO/BDFI/practica_docker/env/lib/python3.8/site-packages/airflow/example_dags/example_trigger_target_dag.py
[2025-01-12 13:53:25,445] {logging_mixin.py:109} INFO - [2025-01-12 13:53:25,445] {dag.py:1834} INFO - Sync 1 DAGs
[2025-01-12 13:53:25,453] {logging_mixin.py:109} INFO - [2025-01-12 13:53:25,453] {dag.py:2287} INFO - Setting next_dagrun for example_trigger_target_dag to None
[2025-01-12 13:53:25,462] {processor.py:170} INFO - Processing /home/jorge/Desktop/MÁSTER/SEGUNDO CURSO/BDFI/practica_docker/env/lib/python3.8/site-packages/airflow/example_dags/example_trigger_target_dag.py took 0.048 seconds
[2025-01-12 13:53:59,771] {processor.py:162} INFO - Started process (PID=281958) to work on /home/jorge/Desktop/MÁSTER/SEGUNDO CURSO/BDFI/practica_docker/env/lib/python3.8/site-packages/airflow/example_dags/example_trigger_target_dag.py
[2025-01-12 13:53:59,773] {processor.py:613} INFO - Processing file /home/jorge/Desktop/MÁSTER/SEGUNDO CURSO/BDFI/practica_docker/env/lib/python3.8/site-packages/airflow/example_dags/example_trigger_target_dag.py for tasks to queue
[2025-01-12 13:53:59,775] {logging_mixin.py:109} INFO - [2025-01-12 13:53:59,774] {dagbag.py:496} INFO - Filling up the DagBag from /home/jorge/Desktop/MÁSTER/SEGUNDO CURSO/BDFI/practica_docker/env/lib/python3.8/site-packages/airflow/example_dags/example_trigger_target_dag.py
[2025-01-12 13:53:59,790] {processor.py:623} INFO - DAG(s) dict_keys(['example_trigger_target_dag']) retrieved from /home/jorge/Desktop/MÁSTER/SEGUNDO CURSO/BDFI/practica_docker/env/lib/python3.8/site-packages/airflow/example_dags/example_trigger_target_dag.py
[2025-01-12 13:53:59,801] {logging_mixin.py:109} INFO - [2025-01-12 13:53:59,801] {dag.py:1834} INFO - Sync 1 DAGs
[2025-01-12 13:53:59,809] {logging_mixin.py:109} INFO - [2025-01-12 13:53:59,809] {dag.py:2287} INFO - Setting next_dagrun for example_trigger_target_dag to None
[2025-01-12 13:53:59,818] {processor.py:170} INFO - Processing /home/jorge/Desktop/MÁSTER/SEGUNDO CURSO/BDFI/practica_docker/env/lib/python3.8/site-packages/airflow/example_dags/example_trigger_target_dag.py took 0.050 seconds
[2025-01-12 13:54:34,517] {processor.py:162} INFO - Started process (PID=282120) to work on /home/jorge/Desktop/MÁSTER/SEGUNDO CURSO/BDFI/practica_docker/env/lib/python3.8/site-packages/airflow/example_dags/example_trigger_target_dag.py
[2025-01-12 13:54:34,519] {processor.py:613} INFO - Processing file /home/jorge/Desktop/MÁSTER/SEGUNDO CURSO/BDFI/practica_docker/env/lib/python3.8/site-packages/airflow/example_dags/example_trigger_target_dag.py for tasks to queue
[2025-01-12 13:54:34,520] {logging_mixin.py:109} INFO - [2025-01-12 13:54:34,520] {dagbag.py:496} INFO - Filling up the DagBag from /home/jorge/Desktop/MÁSTER/SEGUNDO CURSO/BDFI/practica_docker/env/lib/python3.8/site-packages/airflow/example_dags/example_trigger_target_dag.py
[2025-01-12 13:54:34,538] {processor.py:623} INFO - DAG(s) dict_keys(['example_trigger_target_dag']) retrieved from /home/jorge/Desktop/MÁSTER/SEGUNDO CURSO/BDFI/practica_docker/env/lib/python3.8/site-packages/airflow/example_dags/example_trigger_target_dag.py
[2025-01-12 13:54:34,548] {logging_mixin.py:109} INFO - [2025-01-12 13:54:34,548] {dag.py:1834} INFO - Sync 1 DAGs
[2025-01-12 13:54:34,554] {logging_mixin.py:109} INFO - [2025-01-12 13:54:34,554] {dag.py:2287} INFO - Setting next_dagrun for example_trigger_target_dag to None
[2025-01-12 13:54:34,563] {processor.py:170} INFO - Processing /home/jorge/Desktop/MÁSTER/SEGUNDO CURSO/BDFI/practica_docker/env/lib/python3.8/site-packages/airflow/example_dags/example_trigger_target_dag.py took 0.049 seconds
[2025-01-12 13:55:06,390] {processor.py:162} INFO - Started process (PID=282275) to work on /home/jorge/Desktop/MÁSTER/SEGUNDO CURSO/BDFI/practica_docker/env/lib/python3.8/site-packages/airflow/example_dags/example_trigger_target_dag.py
[2025-01-12 13:55:06,391] {processor.py:613} INFO - Processing file /home/jorge/Desktop/MÁSTER/SEGUNDO CURSO/BDFI/practica_docker/env/lib/python3.8/site-packages/airflow/example_dags/example_trigger_target_dag.py for tasks to queue
[2025-01-12 13:55:06,392] {logging_mixin.py:109} INFO - [2025-01-12 13:55:06,391] {dagbag.py:496} INFO - Filling up the DagBag from /home/jorge/Desktop/MÁSTER/SEGUNDO CURSO/BDFI/practica_docker/env/lib/python3.8/site-packages/airflow/example_dags/example_trigger_target_dag.py
[2025-01-12 13:55:06,400] {processor.py:623} INFO - DAG(s) dict_keys(['example_trigger_target_dag']) retrieved from /home/jorge/Desktop/MÁSTER/SEGUNDO CURSO/BDFI/practica_docker/env/lib/python3.8/site-packages/airflow/example_dags/example_trigger_target_dag.py
[2025-01-12 13:55:06,409] {logging_mixin.py:109} INFO - [2025-01-12 13:55:06,409] {dag.py:1834} INFO - Sync 1 DAGs
[2025-01-12 13:55:06,414] {logging_mixin.py:109} INFO - [2025-01-12 13:55:06,414] {dag.py:2287} INFO - Setting next_dagrun for example_trigger_target_dag to None
[2025-01-12 13:55:06,424] {processor.py:170} INFO - Processing /home/jorge/Desktop/MÁSTER/SEGUNDO CURSO/BDFI/practica_docker/env/lib/python3.8/site-packages/airflow/example_dags/example_trigger_target_dag.py took 0.036 seconds
[2025-01-12 13:55:41,036] {processor.py:162} INFO - Started process (PID=282438) to work on /home/jorge/Desktop/MÁSTER/SEGUNDO CURSO/BDFI/practica_docker/env/lib/python3.8/site-packages/airflow/example_dags/example_trigger_target_dag.py
[2025-01-12 13:55:41,038] {processor.py:613} INFO - Processing file /home/jorge/Desktop/MÁSTER/SEGUNDO CURSO/BDFI/practica_docker/env/lib/python3.8/site-packages/airflow/example_dags/example_trigger_target_dag.py for tasks to queue
[2025-01-12 13:55:41,039] {logging_mixin.py:109} INFO - [2025-01-12 13:55:41,039] {dagbag.py:496} INFO - Filling up the DagBag from /home/jorge/Desktop/MÁSTER/SEGUNDO CURSO/BDFI/practica_docker/env/lib/python3.8/site-packages/airflow/example_dags/example_trigger_target_dag.py
[2025-01-12 13:55:41,048] {processor.py:623} INFO - DAG(s) dict_keys(['example_trigger_target_dag']) retrieved from /home/jorge/Desktop/MÁSTER/SEGUNDO CURSO/BDFI/practica_docker/env/lib/python3.8/site-packages/airflow/example_dags/example_trigger_target_dag.py
[2025-01-12 13:55:41,060] {logging_mixin.py:109} INFO - [2025-01-12 13:55:41,060] {dag.py:1834} INFO - Sync 1 DAGs
[2025-01-12 13:55:41,067] {logging_mixin.py:109} INFO - [2025-01-12 13:55:41,067] {dag.py:2287} INFO - Setting next_dagrun for example_trigger_target_dag to None
[2025-01-12 13:55:41,078] {processor.py:170} INFO - Processing /home/jorge/Desktop/MÁSTER/SEGUNDO CURSO/BDFI/practica_docker/env/lib/python3.8/site-packages/airflow/example_dags/example_trigger_target_dag.py took 0.044 seconds
[2025-01-12 13:56:16,343] {processor.py:162} INFO - Started process (PID=282795) to work on /home/jorge/Desktop/MÁSTER/SEGUNDO CURSO/BDFI/practica_docker/env/lib/python3.8/site-packages/airflow/example_dags/example_trigger_target_dag.py
[2025-01-12 13:56:16,345] {processor.py:613} INFO - Processing file /home/jorge/Desktop/MÁSTER/SEGUNDO CURSO/BDFI/practica_docker/env/lib/python3.8/site-packages/airflow/example_dags/example_trigger_target_dag.py for tasks to queue
[2025-01-12 13:56:16,346] {logging_mixin.py:109} INFO - [2025-01-12 13:56:16,346] {dagbag.py:496} INFO - Filling up the DagBag from /home/jorge/Desktop/MÁSTER/SEGUNDO CURSO/BDFI/practica_docker/env/lib/python3.8/site-packages/airflow/example_dags/example_trigger_target_dag.py
[2025-01-12 13:56:16,367] {processor.py:623} INFO - DAG(s) dict_keys(['example_trigger_target_dag']) retrieved from /home/jorge/Desktop/MÁSTER/SEGUNDO CURSO/BDFI/practica_docker/env/lib/python3.8/site-packages/airflow/example_dags/example_trigger_target_dag.py
[2025-01-12 13:56:16,384] {logging_mixin.py:109} INFO - [2025-01-12 13:56:16,384] {dag.py:1834} INFO - Sync 1 DAGs
[2025-01-12 13:56:16,398] {logging_mixin.py:109} INFO - [2025-01-12 13:56:16,398] {dag.py:2287} INFO - Setting next_dagrun for example_trigger_target_dag to None
[2025-01-12 13:56:16,416] {processor.py:170} INFO - Processing /home/jorge/Desktop/MÁSTER/SEGUNDO CURSO/BDFI/practica_docker/env/lib/python3.8/site-packages/airflow/example_dags/example_trigger_target_dag.py took 0.076 seconds
[2025-01-12 13:56:53,120] {processor.py:162} INFO - Started process (PID=283052) to work on /home/jorge/Desktop/MÁSTER/SEGUNDO CURSO/BDFI/practica_docker/env/lib/python3.8/site-packages/airflow/example_dags/example_trigger_target_dag.py
[2025-01-12 13:56:53,123] {processor.py:613} INFO - Processing file /home/jorge/Desktop/MÁSTER/SEGUNDO CURSO/BDFI/practica_docker/env/lib/python3.8/site-packages/airflow/example_dags/example_trigger_target_dag.py for tasks to queue
[2025-01-12 13:56:53,124] {logging_mixin.py:109} INFO - [2025-01-12 13:56:53,124] {dagbag.py:496} INFO - Filling up the DagBag from /home/jorge/Desktop/MÁSTER/SEGUNDO CURSO/BDFI/practica_docker/env/lib/python3.8/site-packages/airflow/example_dags/example_trigger_target_dag.py
[2025-01-12 13:56:53,171] {processor.py:623} INFO - DAG(s) dict_keys(['example_trigger_target_dag']) retrieved from /home/jorge/Desktop/MÁSTER/SEGUNDO CURSO/BDFI/practica_docker/env/lib/python3.8/site-packages/airflow/example_dags/example_trigger_target_dag.py
[2025-01-12 13:56:53,188] {logging_mixin.py:109} INFO - [2025-01-12 13:56:53,188] {dag.py:1834} INFO - Sync 1 DAGs
[2025-01-12 13:56:53,200] {logging_mixin.py:109} INFO - [2025-01-12 13:56:53,200] {dag.py:2287} INFO - Setting next_dagrun for example_trigger_target_dag to None
[2025-01-12 13:56:53,226] {processor.py:170} INFO - Processing /home/jorge/Desktop/MÁSTER/SEGUNDO CURSO/BDFI/practica_docker/env/lib/python3.8/site-packages/airflow/example_dags/example_trigger_target_dag.py took 0.110 seconds
[2025-01-12 13:57:28,914] {processor.py:162} INFO - Started process (PID=283217) to work on /home/jorge/Desktop/MÁSTER/SEGUNDO CURSO/BDFI/practica_docker/env/lib/python3.8/site-packages/airflow/example_dags/example_trigger_target_dag.py
[2025-01-12 13:57:28,915] {processor.py:613} INFO - Processing file /home/jorge/Desktop/MÁSTER/SEGUNDO CURSO/BDFI/practica_docker/env/lib/python3.8/site-packages/airflow/example_dags/example_trigger_target_dag.py for tasks to queue
[2025-01-12 13:57:28,916] {logging_mixin.py:109} INFO - [2025-01-12 13:57:28,916] {dagbag.py:496} INFO - Filling up the DagBag from /home/jorge/Desktop/MÁSTER/SEGUNDO CURSO/BDFI/practica_docker/env/lib/python3.8/site-packages/airflow/example_dags/example_trigger_target_dag.py
[2025-01-12 13:57:28,934] {processor.py:623} INFO - DAG(s) dict_keys(['example_trigger_target_dag']) retrieved from /home/jorge/Desktop/MÁSTER/SEGUNDO CURSO/BDFI/practica_docker/env/lib/python3.8/site-packages/airflow/example_dags/example_trigger_target_dag.py
[2025-01-12 13:57:28,943] {logging_mixin.py:109} INFO - [2025-01-12 13:57:28,943] {dag.py:1834} INFO - Sync 1 DAGs
[2025-01-12 13:57:28,950] {logging_mixin.py:109} INFO - [2025-01-12 13:57:28,950] {dag.py:2287} INFO - Setting next_dagrun for example_trigger_target_dag to None
[2025-01-12 13:57:28,962] {processor.py:170} INFO - Processing /home/jorge/Desktop/MÁSTER/SEGUNDO CURSO/BDFI/practica_docker/env/lib/python3.8/site-packages/airflow/example_dags/example_trigger_target_dag.py took 0.052 seconds
[2025-01-12 14:05:52,370] {processor.py:162} INFO - Started process (PID=283657) to work on /home/jorge/Desktop/MÁSTER/SEGUNDO CURSO/BDFI/practica_docker/env/lib/python3.8/site-packages/airflow/example_dags/example_trigger_target_dag.py
[2025-01-12 14:05:52,371] {processor.py:613} INFO - Processing file /home/jorge/Desktop/MÁSTER/SEGUNDO CURSO/BDFI/practica_docker/env/lib/python3.8/site-packages/airflow/example_dags/example_trigger_target_dag.py for tasks to queue
[2025-01-12 14:05:52,372] {logging_mixin.py:109} INFO - [2025-01-12 14:05:52,372] {dagbag.py:496} INFO - Filling up the DagBag from /home/jorge/Desktop/MÁSTER/SEGUNDO CURSO/BDFI/practica_docker/env/lib/python3.8/site-packages/airflow/example_dags/example_trigger_target_dag.py
[2025-01-12 14:05:52,378] {processor.py:623} INFO - DAG(s) dict_keys(['example_trigger_target_dag']) retrieved from /home/jorge/Desktop/MÁSTER/SEGUNDO CURSO/BDFI/practica_docker/env/lib/python3.8/site-packages/airflow/example_dags/example_trigger_target_dag.py
[2025-01-12 14:05:52,387] {logging_mixin.py:109} INFO - [2025-01-12 14:05:52,387] {dag.py:1834} INFO - Sync 1 DAGs
[2025-01-12 14:05:52,393] {logging_mixin.py:109} INFO - [2025-01-12 14:05:52,393] {dag.py:2287} INFO - Setting next_dagrun for example_trigger_target_dag to None
[2025-01-12 14:05:52,402] {processor.py:170} INFO - Processing /home/jorge/Desktop/MÁSTER/SEGUNDO CURSO/BDFI/practica_docker/env/lib/python3.8/site-packages/airflow/example_dags/example_trigger_target_dag.py took 0.033 seconds
[2025-01-12 14:06:26,015] {processor.py:162} INFO - Started process (PID=283812) to work on /home/jorge/Desktop/MÁSTER/SEGUNDO CURSO/BDFI/practica_docker/env/lib/python3.8/site-packages/airflow/example_dags/example_trigger_target_dag.py
[2025-01-12 14:06:26,022] {processor.py:613} INFO - Processing file /home/jorge/Desktop/MÁSTER/SEGUNDO CURSO/BDFI/practica_docker/env/lib/python3.8/site-packages/airflow/example_dags/example_trigger_target_dag.py for tasks to queue
[2025-01-12 14:06:26,023] {logging_mixin.py:109} INFO - [2025-01-12 14:06:26,023] {dagbag.py:496} INFO - Filling up the DagBag from /home/jorge/Desktop/MÁSTER/SEGUNDO CURSO/BDFI/practica_docker/env/lib/python3.8/site-packages/airflow/example_dags/example_trigger_target_dag.py
[2025-01-12 14:06:26,035] {processor.py:623} INFO - DAG(s) dict_keys(['example_trigger_target_dag']) retrieved from /home/jorge/Desktop/MÁSTER/SEGUNDO CURSO/BDFI/practica_docker/env/lib/python3.8/site-packages/airflow/example_dags/example_trigger_target_dag.py
[2025-01-12 14:06:26,043] {logging_mixin.py:109} INFO - [2025-01-12 14:06:26,043] {dag.py:1834} INFO - Sync 1 DAGs
[2025-01-12 14:06:26,047] {logging_mixin.py:109} INFO - [2025-01-12 14:06:26,047] {dag.py:2287} INFO - Setting next_dagrun for example_trigger_target_dag to None
[2025-01-12 14:06:26,054] {processor.py:170} INFO - Processing /home/jorge/Desktop/MÁSTER/SEGUNDO CURSO/BDFI/practica_docker/env/lib/python3.8/site-packages/airflow/example_dags/example_trigger_target_dag.py took 0.042 seconds
[2025-01-12 14:06:58,355] {processor.py:162} INFO - Started process (PID=283968) to work on /home/jorge/Desktop/MÁSTER/SEGUNDO CURSO/BDFI/practica_docker/env/lib/python3.8/site-packages/airflow/example_dags/example_trigger_target_dag.py
[2025-01-12 14:06:58,356] {processor.py:613} INFO - Processing file /home/jorge/Desktop/MÁSTER/SEGUNDO CURSO/BDFI/practica_docker/env/lib/python3.8/site-packages/airflow/example_dags/example_trigger_target_dag.py for tasks to queue
[2025-01-12 14:06:58,356] {logging_mixin.py:109} INFO - [2025-01-12 14:06:58,356] {dagbag.py:496} INFO - Filling up the DagBag from /home/jorge/Desktop/MÁSTER/SEGUNDO CURSO/BDFI/practica_docker/env/lib/python3.8/site-packages/airflow/example_dags/example_trigger_target_dag.py
[2025-01-12 14:06:58,363] {processor.py:623} INFO - DAG(s) dict_keys(['example_trigger_target_dag']) retrieved from /home/jorge/Desktop/MÁSTER/SEGUNDO CURSO/BDFI/practica_docker/env/lib/python3.8/site-packages/airflow/example_dags/example_trigger_target_dag.py
[2025-01-12 14:06:58,370] {logging_mixin.py:109} INFO - [2025-01-12 14:06:58,370] {dag.py:1834} INFO - Sync 1 DAGs
[2025-01-12 14:06:58,375] {logging_mixin.py:109} INFO - [2025-01-12 14:06:58,375] {dag.py:2287} INFO - Setting next_dagrun for example_trigger_target_dag to None
[2025-01-12 14:06:58,382] {processor.py:170} INFO - Processing /home/jorge/Desktop/MÁSTER/SEGUNDO CURSO/BDFI/practica_docker/env/lib/python3.8/site-packages/airflow/example_dags/example_trigger_target_dag.py took 0.029 seconds
[2025-01-12 14:07:31,822] {processor.py:162} INFO - Started process (PID=284107) to work on /home/jorge/Desktop/MÁSTER/SEGUNDO CURSO/BDFI/practica_docker/env/lib/python3.8/site-packages/airflow/example_dags/example_trigger_target_dag.py
[2025-01-12 14:07:31,828] {processor.py:613} INFO - Processing file /home/jorge/Desktop/MÁSTER/SEGUNDO CURSO/BDFI/practica_docker/env/lib/python3.8/site-packages/airflow/example_dags/example_trigger_target_dag.py for tasks to queue
[2025-01-12 14:07:31,828] {logging_mixin.py:109} INFO - [2025-01-12 14:07:31,828] {dagbag.py:496} INFO - Filling up the DagBag from /home/jorge/Desktop/MÁSTER/SEGUNDO CURSO/BDFI/practica_docker/env/lib/python3.8/site-packages/airflow/example_dags/example_trigger_target_dag.py
[2025-01-12 14:07:31,836] {processor.py:623} INFO - DAG(s) dict_keys(['example_trigger_target_dag']) retrieved from /home/jorge/Desktop/MÁSTER/SEGUNDO CURSO/BDFI/practica_docker/env/lib/python3.8/site-packages/airflow/example_dags/example_trigger_target_dag.py
[2025-01-12 14:07:31,851] {logging_mixin.py:109} INFO - [2025-01-12 14:07:31,850] {dag.py:1834} INFO - Sync 1 DAGs
[2025-01-12 14:07:31,859] {logging_mixin.py:109} INFO - [2025-01-12 14:07:31,859] {dag.py:2287} INFO - Setting next_dagrun for example_trigger_target_dag to None
[2025-01-12 14:07:31,867] {processor.py:170} INFO - Processing /home/jorge/Desktop/MÁSTER/SEGUNDO CURSO/BDFI/practica_docker/env/lib/python3.8/site-packages/airflow/example_dags/example_trigger_target_dag.py took 0.047 seconds
[2025-01-12 14:08:04,823] {processor.py:162} INFO - Started process (PID=284262) to work on /home/jorge/Desktop/MÁSTER/SEGUNDO CURSO/BDFI/practica_docker/env/lib/python3.8/site-packages/airflow/example_dags/example_trigger_target_dag.py
[2025-01-12 14:08:04,830] {processor.py:613} INFO - Processing file /home/jorge/Desktop/MÁSTER/SEGUNDO CURSO/BDFI/practica_docker/env/lib/python3.8/site-packages/airflow/example_dags/example_trigger_target_dag.py for tasks to queue
[2025-01-12 14:08:04,831] {logging_mixin.py:109} INFO - [2025-01-12 14:08:04,831] {dagbag.py:496} INFO - Filling up the DagBag from /home/jorge/Desktop/MÁSTER/SEGUNDO CURSO/BDFI/practica_docker/env/lib/python3.8/site-packages/airflow/example_dags/example_trigger_target_dag.py
[2025-01-12 14:08:04,842] {processor.py:623} INFO - DAG(s) dict_keys(['example_trigger_target_dag']) retrieved from /home/jorge/Desktop/MÁSTER/SEGUNDO CURSO/BDFI/practica_docker/env/lib/python3.8/site-packages/airflow/example_dags/example_trigger_target_dag.py
[2025-01-12 14:08:04,849] {logging_mixin.py:109} INFO - [2025-01-12 14:08:04,849] {dag.py:1834} INFO - Sync 1 DAGs
[2025-01-12 14:08:04,855] {logging_mixin.py:109} INFO - [2025-01-12 14:08:04,855] {dag.py:2287} INFO - Setting next_dagrun for example_trigger_target_dag to None
[2025-01-12 14:08:04,866] {processor.py:170} INFO - Processing /home/jorge/Desktop/MÁSTER/SEGUNDO CURSO/BDFI/practica_docker/env/lib/python3.8/site-packages/airflow/example_dags/example_trigger_target_dag.py took 0.044 seconds
[2025-01-12 14:08:36,732] {processor.py:162} INFO - Started process (PID=284403) to work on /home/jorge/Desktop/MÁSTER/SEGUNDO CURSO/BDFI/practica_docker/env/lib/python3.8/site-packages/airflow/example_dags/example_trigger_target_dag.py
[2025-01-12 14:08:36,739] {processor.py:613} INFO - Processing file /home/jorge/Desktop/MÁSTER/SEGUNDO CURSO/BDFI/practica_docker/env/lib/python3.8/site-packages/airflow/example_dags/example_trigger_target_dag.py for tasks to queue
[2025-01-12 14:08:36,740] {logging_mixin.py:109} INFO - [2025-01-12 14:08:36,740] {dagbag.py:496} INFO - Filling up the DagBag from /home/jorge/Desktop/MÁSTER/SEGUNDO CURSO/BDFI/practica_docker/env/lib/python3.8/site-packages/airflow/example_dags/example_trigger_target_dag.py
[2025-01-12 14:08:36,751] {processor.py:623} INFO - DAG(s) dict_keys(['example_trigger_target_dag']) retrieved from /home/jorge/Desktop/MÁSTER/SEGUNDO CURSO/BDFI/practica_docker/env/lib/python3.8/site-packages/airflow/example_dags/example_trigger_target_dag.py
[2025-01-12 14:08:36,759] {logging_mixin.py:109} INFO - [2025-01-12 14:08:36,759] {dag.py:1834} INFO - Sync 1 DAGs
[2025-01-12 14:08:36,763] {logging_mixin.py:109} INFO - [2025-01-12 14:08:36,763] {dag.py:2287} INFO - Setting next_dagrun for example_trigger_target_dag to None
[2025-01-12 14:08:36,770] {processor.py:170} INFO - Processing /home/jorge/Desktop/MÁSTER/SEGUNDO CURSO/BDFI/practica_docker/env/lib/python3.8/site-packages/airflow/example_dags/example_trigger_target_dag.py took 0.040 seconds
[2025-01-12 14:09:10,033] {processor.py:162} INFO - Started process (PID=284558) to work on /home/jorge/Desktop/MÁSTER/SEGUNDO CURSO/BDFI/practica_docker/env/lib/python3.8/site-packages/airflow/example_dags/example_trigger_target_dag.py
[2025-01-12 14:09:10,040] {processor.py:613} INFO - Processing file /home/jorge/Desktop/MÁSTER/SEGUNDO CURSO/BDFI/practica_docker/env/lib/python3.8/site-packages/airflow/example_dags/example_trigger_target_dag.py for tasks to queue
[2025-01-12 14:09:10,040] {logging_mixin.py:109} INFO - [2025-01-12 14:09:10,040] {dagbag.py:496} INFO - Filling up the DagBag from /home/jorge/Desktop/MÁSTER/SEGUNDO CURSO/BDFI/practica_docker/env/lib/python3.8/site-packages/airflow/example_dags/example_trigger_target_dag.py
[2025-01-12 14:09:10,051] {processor.py:623} INFO - DAG(s) dict_keys(['example_trigger_target_dag']) retrieved from /home/jorge/Desktop/MÁSTER/SEGUNDO CURSO/BDFI/practica_docker/env/lib/python3.8/site-packages/airflow/example_dags/example_trigger_target_dag.py
[2025-01-12 14:09:10,059] {logging_mixin.py:109} INFO - [2025-01-12 14:09:10,059] {dag.py:1834} INFO - Sync 1 DAGs
[2025-01-12 14:09:10,064] {logging_mixin.py:109} INFO - [2025-01-12 14:09:10,064] {dag.py:2287} INFO - Setting next_dagrun for example_trigger_target_dag to None
[2025-01-12 14:09:10,072] {processor.py:170} INFO - Processing /home/jorge/Desktop/MÁSTER/SEGUNDO CURSO/BDFI/practica_docker/env/lib/python3.8/site-packages/airflow/example_dags/example_trigger_target_dag.py took 0.040 seconds
[2025-01-12 14:09:43,743] {processor.py:162} INFO - Started process (PID=284721) to work on /home/jorge/Desktop/MÁSTER/SEGUNDO CURSO/BDFI/practica_docker/env/lib/python3.8/site-packages/airflow/example_dags/example_trigger_target_dag.py
[2025-01-12 14:09:43,749] {processor.py:613} INFO - Processing file /home/jorge/Desktop/MÁSTER/SEGUNDO CURSO/BDFI/practica_docker/env/lib/python3.8/site-packages/airflow/example_dags/example_trigger_target_dag.py for tasks to queue
[2025-01-12 14:09:43,750] {logging_mixin.py:109} INFO - [2025-01-12 14:09:43,750] {dagbag.py:496} INFO - Filling up the DagBag from /home/jorge/Desktop/MÁSTER/SEGUNDO CURSO/BDFI/practica_docker/env/lib/python3.8/site-packages/airflow/example_dags/example_trigger_target_dag.py
[2025-01-12 14:09:43,758] {processor.py:623} INFO - DAG(s) dict_keys(['example_trigger_target_dag']) retrieved from /home/jorge/Desktop/MÁSTER/SEGUNDO CURSO/BDFI/practica_docker/env/lib/python3.8/site-packages/airflow/example_dags/example_trigger_target_dag.py
[2025-01-12 14:09:43,765] {logging_mixin.py:109} INFO - [2025-01-12 14:09:43,765] {dag.py:1834} INFO - Sync 1 DAGs
[2025-01-12 14:09:43,770] {logging_mixin.py:109} INFO - [2025-01-12 14:09:43,770] {dag.py:2287} INFO - Setting next_dagrun for example_trigger_target_dag to None
[2025-01-12 14:09:43,777] {processor.py:170} INFO - Processing /home/jorge/Desktop/MÁSTER/SEGUNDO CURSO/BDFI/practica_docker/env/lib/python3.8/site-packages/airflow/example_dags/example_trigger_target_dag.py took 0.035 seconds
[2025-01-12 14:10:17,265] {processor.py:162} INFO - Started process (PID=284875) to work on /home/jorge/Desktop/MÁSTER/SEGUNDO CURSO/BDFI/practica_docker/env/lib/python3.8/site-packages/airflow/example_dags/example_trigger_target_dag.py
[2025-01-12 14:10:17,268] {processor.py:613} INFO - Processing file /home/jorge/Desktop/MÁSTER/SEGUNDO CURSO/BDFI/practica_docker/env/lib/python3.8/site-packages/airflow/example_dags/example_trigger_target_dag.py for tasks to queue
[2025-01-12 14:10:17,269] {logging_mixin.py:109} INFO - [2025-01-12 14:10:17,269] {dagbag.py:496} INFO - Filling up the DagBag from /home/jorge/Desktop/MÁSTER/SEGUNDO CURSO/BDFI/practica_docker/env/lib/python3.8/site-packages/airflow/example_dags/example_trigger_target_dag.py
[2025-01-12 14:10:17,276] {processor.py:623} INFO - DAG(s) dict_keys(['example_trigger_target_dag']) retrieved from /home/jorge/Desktop/MÁSTER/SEGUNDO CURSO/BDFI/practica_docker/env/lib/python3.8/site-packages/airflow/example_dags/example_trigger_target_dag.py
[2025-01-12 14:10:17,284] {logging_mixin.py:109} INFO - [2025-01-12 14:10:17,284] {dag.py:1834} INFO - Sync 1 DAGs
[2025-01-12 14:10:17,290] {logging_mixin.py:109} INFO - [2025-01-12 14:10:17,290] {dag.py:2287} INFO - Setting next_dagrun for example_trigger_target_dag to None
[2025-01-12 14:10:17,298] {processor.py:170} INFO - Processing /home/jorge/Desktop/MÁSTER/SEGUNDO CURSO/BDFI/practica_docker/env/lib/python3.8/site-packages/airflow/example_dags/example_trigger_target_dag.py took 0.036 seconds
[2025-01-12 14:10:53,791] {processor.py:162} INFO - Started process (PID=285094) to work on /home/jorge/Desktop/MÁSTER/SEGUNDO CURSO/BDFI/practica_docker/env/lib/python3.8/site-packages/airflow/example_dags/example_trigger_target_dag.py
[2025-01-12 14:10:53,793] {processor.py:613} INFO - Processing file /home/jorge/Desktop/MÁSTER/SEGUNDO CURSO/BDFI/practica_docker/env/lib/python3.8/site-packages/airflow/example_dags/example_trigger_target_dag.py for tasks to queue
[2025-01-12 14:10:53,793] {logging_mixin.py:109} INFO - [2025-01-12 14:10:53,793] {dagbag.py:496} INFO - Filling up the DagBag from /home/jorge/Desktop/MÁSTER/SEGUNDO CURSO/BDFI/practica_docker/env/lib/python3.8/site-packages/airflow/example_dags/example_trigger_target_dag.py
[2025-01-12 14:10:53,800] {processor.py:623} INFO - DAG(s) dict_keys(['example_trigger_target_dag']) retrieved from /home/jorge/Desktop/MÁSTER/SEGUNDO CURSO/BDFI/practica_docker/env/lib/python3.8/site-packages/airflow/example_dags/example_trigger_target_dag.py
[2025-01-12 14:10:53,808] {logging_mixin.py:109} INFO - [2025-01-12 14:10:53,808] {dag.py:1834} INFO - Sync 1 DAGs
[2025-01-12 14:10:53,812] {logging_mixin.py:109} INFO - [2025-01-12 14:10:53,812] {dag.py:2287} INFO - Setting next_dagrun for example_trigger_target_dag to None
[2025-01-12 14:10:53,820] {processor.py:170} INFO - Processing /home/jorge/Desktop/MÁSTER/SEGUNDO CURSO/BDFI/practica_docker/env/lib/python3.8/site-packages/airflow/example_dags/example_trigger_target_dag.py took 0.032 seconds
[2025-01-12 14:11:27,406] {processor.py:162} INFO - Started process (PID=285343) to work on /home/jorge/Desktop/MÁSTER/SEGUNDO CURSO/BDFI/practica_docker/env/lib/python3.8/site-packages/airflow/example_dags/example_trigger_target_dag.py
[2025-01-12 14:11:27,407] {processor.py:613} INFO - Processing file /home/jorge/Desktop/MÁSTER/SEGUNDO CURSO/BDFI/practica_docker/env/lib/python3.8/site-packages/airflow/example_dags/example_trigger_target_dag.py for tasks to queue
[2025-01-12 14:11:27,408] {logging_mixin.py:109} INFO - [2025-01-12 14:11:27,408] {dagbag.py:496} INFO - Filling up the DagBag from /home/jorge/Desktop/MÁSTER/SEGUNDO CURSO/BDFI/practica_docker/env/lib/python3.8/site-packages/airflow/example_dags/example_trigger_target_dag.py
[2025-01-12 14:11:27,414] {processor.py:623} INFO - DAG(s) dict_keys(['example_trigger_target_dag']) retrieved from /home/jorge/Desktop/MÁSTER/SEGUNDO CURSO/BDFI/practica_docker/env/lib/python3.8/site-packages/airflow/example_dags/example_trigger_target_dag.py
[2025-01-12 14:11:27,422] {logging_mixin.py:109} INFO - [2025-01-12 14:11:27,422] {dag.py:1834} INFO - Sync 1 DAGs
[2025-01-12 14:11:27,428] {logging_mixin.py:109} INFO - [2025-01-12 14:11:27,428] {dag.py:2287} INFO - Setting next_dagrun for example_trigger_target_dag to None
[2025-01-12 14:11:27,438] {processor.py:170} INFO - Processing /home/jorge/Desktop/MÁSTER/SEGUNDO CURSO/BDFI/practica_docker/env/lib/python3.8/site-packages/airflow/example_dags/example_trigger_target_dag.py took 0.034 seconds
[2025-01-12 14:12:01,361] {processor.py:162} INFO - Started process (PID=285500) to work on /home/jorge/Desktop/MÁSTER/SEGUNDO CURSO/BDFI/practica_docker/env/lib/python3.8/site-packages/airflow/example_dags/example_trigger_target_dag.py
[2025-01-12 14:12:01,362] {processor.py:613} INFO - Processing file /home/jorge/Desktop/MÁSTER/SEGUNDO CURSO/BDFI/practica_docker/env/lib/python3.8/site-packages/airflow/example_dags/example_trigger_target_dag.py for tasks to queue
[2025-01-12 14:12:01,363] {logging_mixin.py:109} INFO - [2025-01-12 14:12:01,363] {dagbag.py:496} INFO - Filling up the DagBag from /home/jorge/Desktop/MÁSTER/SEGUNDO CURSO/BDFI/practica_docker/env/lib/python3.8/site-packages/airflow/example_dags/example_trigger_target_dag.py
[2025-01-12 14:12:01,370] {processor.py:623} INFO - DAG(s) dict_keys(['example_trigger_target_dag']) retrieved from /home/jorge/Desktop/MÁSTER/SEGUNDO CURSO/BDFI/practica_docker/env/lib/python3.8/site-packages/airflow/example_dags/example_trigger_target_dag.py
[2025-01-12 14:12:01,381] {logging_mixin.py:109} INFO - [2025-01-12 14:12:01,380] {dag.py:1834} INFO - Sync 1 DAGs
[2025-01-12 14:12:01,386] {logging_mixin.py:109} INFO - [2025-01-12 14:12:01,386] {dag.py:2287} INFO - Setting next_dagrun for example_trigger_target_dag to None
[2025-01-12 14:12:01,395] {processor.py:170} INFO - Processing /home/jorge/Desktop/MÁSTER/SEGUNDO CURSO/BDFI/practica_docker/env/lib/python3.8/site-packages/airflow/example_dags/example_trigger_target_dag.py took 0.037 seconds
[2025-01-12 14:12:35,029] {processor.py:162} INFO - Started process (PID=285642) to work on /home/jorge/Desktop/MÁSTER/SEGUNDO CURSO/BDFI/practica_docker/env/lib/python3.8/site-packages/airflow/example_dags/example_trigger_target_dag.py
[2025-01-12 14:12:35,030] {processor.py:613} INFO - Processing file /home/jorge/Desktop/MÁSTER/SEGUNDO CURSO/BDFI/practica_docker/env/lib/python3.8/site-packages/airflow/example_dags/example_trigger_target_dag.py for tasks to queue
[2025-01-12 14:12:35,030] {logging_mixin.py:109} INFO - [2025-01-12 14:12:35,030] {dagbag.py:496} INFO - Filling up the DagBag from /home/jorge/Desktop/MÁSTER/SEGUNDO CURSO/BDFI/practica_docker/env/lib/python3.8/site-packages/airflow/example_dags/example_trigger_target_dag.py
[2025-01-12 14:12:35,037] {processor.py:623} INFO - DAG(s) dict_keys(['example_trigger_target_dag']) retrieved from /home/jorge/Desktop/MÁSTER/SEGUNDO CURSO/BDFI/practica_docker/env/lib/python3.8/site-packages/airflow/example_dags/example_trigger_target_dag.py
[2025-01-12 14:12:35,046] {logging_mixin.py:109} INFO - [2025-01-12 14:12:35,046] {dag.py:1834} INFO - Sync 1 DAGs
[2025-01-12 14:12:35,050] {logging_mixin.py:109} INFO - [2025-01-12 14:12:35,050] {dag.py:2287} INFO - Setting next_dagrun for example_trigger_target_dag to None
[2025-01-12 14:12:35,058] {processor.py:170} INFO - Processing /home/jorge/Desktop/MÁSTER/SEGUNDO CURSO/BDFI/practica_docker/env/lib/python3.8/site-packages/airflow/example_dags/example_trigger_target_dag.py took 0.031 seconds
[2025-01-12 14:13:08,475] {processor.py:162} INFO - Started process (PID=285796) to work on /home/jorge/Desktop/MÁSTER/SEGUNDO CURSO/BDFI/practica_docker/env/lib/python3.8/site-packages/airflow/example_dags/example_trigger_target_dag.py
[2025-01-12 14:13:08,477] {processor.py:613} INFO - Processing file /home/jorge/Desktop/MÁSTER/SEGUNDO CURSO/BDFI/practica_docker/env/lib/python3.8/site-packages/airflow/example_dags/example_trigger_target_dag.py for tasks to queue
[2025-01-12 14:13:08,478] {logging_mixin.py:109} INFO - [2025-01-12 14:13:08,477] {dagbag.py:496} INFO - Filling up the DagBag from /home/jorge/Desktop/MÁSTER/SEGUNDO CURSO/BDFI/practica_docker/env/lib/python3.8/site-packages/airflow/example_dags/example_trigger_target_dag.py
[2025-01-12 14:13:08,484] {processor.py:623} INFO - DAG(s) dict_keys(['example_trigger_target_dag']) retrieved from /home/jorge/Desktop/MÁSTER/SEGUNDO CURSO/BDFI/practica_docker/env/lib/python3.8/site-packages/airflow/example_dags/example_trigger_target_dag.py
[2025-01-12 14:13:08,497] {logging_mixin.py:109} INFO - [2025-01-12 14:13:08,497] {dag.py:1834} INFO - Sync 1 DAGs
[2025-01-12 14:13:08,504] {logging_mixin.py:109} INFO - [2025-01-12 14:13:08,504] {dag.py:2287} INFO - Setting next_dagrun for example_trigger_target_dag to None
[2025-01-12 14:13:08,517] {processor.py:170} INFO - Processing /home/jorge/Desktop/MÁSTER/SEGUNDO CURSO/BDFI/practica_docker/env/lib/python3.8/site-packages/airflow/example_dags/example_trigger_target_dag.py took 0.045 seconds
[2025-01-12 14:13:41,123] {processor.py:162} INFO - Started process (PID=285943) to work on /home/jorge/Desktop/MÁSTER/SEGUNDO CURSO/BDFI/practica_docker/env/lib/python3.8/site-packages/airflow/example_dags/example_trigger_target_dag.py
[2025-01-12 14:13:41,130] {processor.py:613} INFO - Processing file /home/jorge/Desktop/MÁSTER/SEGUNDO CURSO/BDFI/practica_docker/env/lib/python3.8/site-packages/airflow/example_dags/example_trigger_target_dag.py for tasks to queue
[2025-01-12 14:13:41,131] {logging_mixin.py:109} INFO - [2025-01-12 14:13:41,131] {dagbag.py:496} INFO - Filling up the DagBag from /home/jorge/Desktop/MÁSTER/SEGUNDO CURSO/BDFI/practica_docker/env/lib/python3.8/site-packages/airflow/example_dags/example_trigger_target_dag.py
[2025-01-12 14:13:41,141] {processor.py:623} INFO - DAG(s) dict_keys(['example_trigger_target_dag']) retrieved from /home/jorge/Desktop/MÁSTER/SEGUNDO CURSO/BDFI/practica_docker/env/lib/python3.8/site-packages/airflow/example_dags/example_trigger_target_dag.py
[2025-01-12 14:13:41,149] {logging_mixin.py:109} INFO - [2025-01-12 14:13:41,149] {dag.py:1834} INFO - Sync 1 DAGs
[2025-01-12 14:13:41,155] {logging_mixin.py:109} INFO - [2025-01-12 14:13:41,155] {dag.py:2287} INFO - Setting next_dagrun for example_trigger_target_dag to None
[2025-01-12 14:13:41,163] {processor.py:170} INFO - Processing /home/jorge/Desktop/MÁSTER/SEGUNDO CURSO/BDFI/practica_docker/env/lib/python3.8/site-packages/airflow/example_dags/example_trigger_target_dag.py took 0.044 seconds
[2025-01-12 14:14:13,175] {processor.py:162} INFO - Started process (PID=286109) to work on /home/jorge/Desktop/MÁSTER/SEGUNDO CURSO/BDFI/practica_docker/env/lib/python3.8/site-packages/airflow/example_dags/example_trigger_target_dag.py
[2025-01-12 14:14:13,176] {processor.py:613} INFO - Processing file /home/jorge/Desktop/MÁSTER/SEGUNDO CURSO/BDFI/practica_docker/env/lib/python3.8/site-packages/airflow/example_dags/example_trigger_target_dag.py for tasks to queue
[2025-01-12 14:14:13,177] {logging_mixin.py:109} INFO - [2025-01-12 14:14:13,176] {dagbag.py:496} INFO - Filling up the DagBag from /home/jorge/Desktop/MÁSTER/SEGUNDO CURSO/BDFI/practica_docker/env/lib/python3.8/site-packages/airflow/example_dags/example_trigger_target_dag.py
[2025-01-12 14:14:13,185] {processor.py:623} INFO - DAG(s) dict_keys(['example_trigger_target_dag']) retrieved from /home/jorge/Desktop/MÁSTER/SEGUNDO CURSO/BDFI/practica_docker/env/lib/python3.8/site-packages/airflow/example_dags/example_trigger_target_dag.py
[2025-01-12 14:14:13,197] {logging_mixin.py:109} INFO - [2025-01-12 14:14:13,197] {dag.py:1834} INFO - Sync 1 DAGs
[2025-01-12 14:14:13,205] {logging_mixin.py:109} INFO - [2025-01-12 14:14:13,205] {dag.py:2287} INFO - Setting next_dagrun for example_trigger_target_dag to None
[2025-01-12 14:14:13,215] {processor.py:170} INFO - Processing /home/jorge/Desktop/MÁSTER/SEGUNDO CURSO/BDFI/practica_docker/env/lib/python3.8/site-packages/airflow/example_dags/example_trigger_target_dag.py took 0.041 seconds
[2025-01-12 14:14:46,873] {processor.py:162} INFO - Started process (PID=286280) to work on /home/jorge/Desktop/MÁSTER/SEGUNDO CURSO/BDFI/practica_docker/env/lib/python3.8/site-packages/airflow/example_dags/example_trigger_target_dag.py
[2025-01-12 14:14:46,879] {processor.py:613} INFO - Processing file /home/jorge/Desktop/MÁSTER/SEGUNDO CURSO/BDFI/practica_docker/env/lib/python3.8/site-packages/airflow/example_dags/example_trigger_target_dag.py for tasks to queue
[2025-01-12 14:14:46,880] {logging_mixin.py:109} INFO - [2025-01-12 14:14:46,880] {dagbag.py:496} INFO - Filling up the DagBag from /home/jorge/Desktop/MÁSTER/SEGUNDO CURSO/BDFI/practica_docker/env/lib/python3.8/site-packages/airflow/example_dags/example_trigger_target_dag.py
[2025-01-12 14:14:46,888] {processor.py:623} INFO - DAG(s) dict_keys(['example_trigger_target_dag']) retrieved from /home/jorge/Desktop/MÁSTER/SEGUNDO CURSO/BDFI/practica_docker/env/lib/python3.8/site-packages/airflow/example_dags/example_trigger_target_dag.py
[2025-01-12 14:14:46,896] {logging_mixin.py:109} INFO - [2025-01-12 14:14:46,896] {dag.py:1834} INFO - Sync 1 DAGs
[2025-01-12 14:14:46,900] {logging_mixin.py:109} INFO - [2025-01-12 14:14:46,900] {dag.py:2287} INFO - Setting next_dagrun for example_trigger_target_dag to None
[2025-01-12 14:14:46,907] {processor.py:170} INFO - Processing /home/jorge/Desktop/MÁSTER/SEGUNDO CURSO/BDFI/practica_docker/env/lib/python3.8/site-packages/airflow/example_dags/example_trigger_target_dag.py took 0.039 seconds
[2025-01-12 14:15:19,165] {processor.py:162} INFO - Started process (PID=286683) to work on /home/jorge/Desktop/MÁSTER/SEGUNDO CURSO/BDFI/practica_docker/env/lib/python3.8/site-packages/airflow/example_dags/example_trigger_target_dag.py
[2025-01-12 14:15:19,167] {processor.py:613} INFO - Processing file /home/jorge/Desktop/MÁSTER/SEGUNDO CURSO/BDFI/practica_docker/env/lib/python3.8/site-packages/airflow/example_dags/example_trigger_target_dag.py for tasks to queue
[2025-01-12 14:15:19,168] {logging_mixin.py:109} INFO - [2025-01-12 14:15:19,168] {dagbag.py:496} INFO - Filling up the DagBag from /home/jorge/Desktop/MÁSTER/SEGUNDO CURSO/BDFI/practica_docker/env/lib/python3.8/site-packages/airflow/example_dags/example_trigger_target_dag.py
[2025-01-12 14:15:19,174] {processor.py:623} INFO - DAG(s) dict_keys(['example_trigger_target_dag']) retrieved from /home/jorge/Desktop/MÁSTER/SEGUNDO CURSO/BDFI/practica_docker/env/lib/python3.8/site-packages/airflow/example_dags/example_trigger_target_dag.py
[2025-01-12 14:15:19,183] {logging_mixin.py:109} INFO - [2025-01-12 14:15:19,183] {dag.py:1834} INFO - Sync 1 DAGs
[2025-01-12 14:15:19,187] {logging_mixin.py:109} INFO - [2025-01-12 14:15:19,187] {dag.py:2287} INFO - Setting next_dagrun for example_trigger_target_dag to None
[2025-01-12 14:15:19,195] {processor.py:170} INFO - Processing /home/jorge/Desktop/MÁSTER/SEGUNDO CURSO/BDFI/practica_docker/env/lib/python3.8/site-packages/airflow/example_dags/example_trigger_target_dag.py took 0.031 seconds
[2025-01-12 14:16:03,497] {processor.py:162} INFO - Started process (PID=289790) to work on /home/jorge/Desktop/MÁSTER/SEGUNDO CURSO/BDFI/practica_docker/env/lib/python3.8/site-packages/airflow/example_dags/example_trigger_target_dag.py
[2025-01-12 14:16:03,498] {processor.py:613} INFO - Processing file /home/jorge/Desktop/MÁSTER/SEGUNDO CURSO/BDFI/practica_docker/env/lib/python3.8/site-packages/airflow/example_dags/example_trigger_target_dag.py for tasks to queue
[2025-01-12 14:16:03,499] {logging_mixin.py:109} INFO - [2025-01-12 14:16:03,499] {dagbag.py:496} INFO - Filling up the DagBag from /home/jorge/Desktop/MÁSTER/SEGUNDO CURSO/BDFI/practica_docker/env/lib/python3.8/site-packages/airflow/example_dags/example_trigger_target_dag.py
[2025-01-12 14:16:03,507] {processor.py:623} INFO - DAG(s) dict_keys(['example_trigger_target_dag']) retrieved from /home/jorge/Desktop/MÁSTER/SEGUNDO CURSO/BDFI/practica_docker/env/lib/python3.8/site-packages/airflow/example_dags/example_trigger_target_dag.py
[2025-01-12 14:16:03,520] {logging_mixin.py:109} INFO - [2025-01-12 14:16:03,520] {dag.py:1834} INFO - Sync 1 DAGs
[2025-01-12 14:16:03,526] {logging_mixin.py:109} INFO - [2025-01-12 14:16:03,526] {dag.py:2287} INFO - Setting next_dagrun for example_trigger_target_dag to None
[2025-01-12 14:16:03,536] {processor.py:170} INFO - Processing /home/jorge/Desktop/MÁSTER/SEGUNDO CURSO/BDFI/practica_docker/env/lib/python3.8/site-packages/airflow/example_dags/example_trigger_target_dag.py took 0.041 seconds
[2025-01-12 14:16:39,203] {processor.py:162} INFO - Started process (PID=290179) to work on /home/jorge/Desktop/MÁSTER/SEGUNDO CURSO/BDFI/practica_docker/env/lib/python3.8/site-packages/airflow/example_dags/example_trigger_target_dag.py
[2025-01-12 14:16:39,204] {processor.py:613} INFO - Processing file /home/jorge/Desktop/MÁSTER/SEGUNDO CURSO/BDFI/practica_docker/env/lib/python3.8/site-packages/airflow/example_dags/example_trigger_target_dag.py for tasks to queue
[2025-01-12 14:16:39,205] {logging_mixin.py:109} INFO - [2025-01-12 14:16:39,204] {dagbag.py:496} INFO - Filling up the DagBag from /home/jorge/Desktop/MÁSTER/SEGUNDO CURSO/BDFI/practica_docker/env/lib/python3.8/site-packages/airflow/example_dags/example_trigger_target_dag.py
[2025-01-12 14:16:39,211] {processor.py:623} INFO - DAG(s) dict_keys(['example_trigger_target_dag']) retrieved from /home/jorge/Desktop/MÁSTER/SEGUNDO CURSO/BDFI/practica_docker/env/lib/python3.8/site-packages/airflow/example_dags/example_trigger_target_dag.py
[2025-01-12 14:16:39,221] {logging_mixin.py:109} INFO - [2025-01-12 14:16:39,221] {dag.py:1834} INFO - Sync 1 DAGs
[2025-01-12 14:16:39,227] {logging_mixin.py:109} INFO - [2025-01-12 14:16:39,227] {dag.py:2287} INFO - Setting next_dagrun for example_trigger_target_dag to None
[2025-01-12 14:16:39,238] {processor.py:170} INFO - Processing /home/jorge/Desktop/MÁSTER/SEGUNDO CURSO/BDFI/practica_docker/env/lib/python3.8/site-packages/airflow/example_dags/example_trigger_target_dag.py took 0.037 seconds
[2025-01-12 14:17:14,238] {processor.py:162} INFO - Started process (PID=290911) to work on /home/jorge/Desktop/MÁSTER/SEGUNDO CURSO/BDFI/practica_docker/env/lib/python3.8/site-packages/airflow/example_dags/example_trigger_target_dag.py
[2025-01-12 14:17:14,246] {processor.py:613} INFO - Processing file /home/jorge/Desktop/MÁSTER/SEGUNDO CURSO/BDFI/practica_docker/env/lib/python3.8/site-packages/airflow/example_dags/example_trigger_target_dag.py for tasks to queue
[2025-01-12 14:17:14,247] {logging_mixin.py:109} INFO - [2025-01-12 14:17:14,247] {dagbag.py:496} INFO - Filling up the DagBag from /home/jorge/Desktop/MÁSTER/SEGUNDO CURSO/BDFI/practica_docker/env/lib/python3.8/site-packages/airflow/example_dags/example_trigger_target_dag.py
[2025-01-12 14:17:14,255] {processor.py:623} INFO - DAG(s) dict_keys(['example_trigger_target_dag']) retrieved from /home/jorge/Desktop/MÁSTER/SEGUNDO CURSO/BDFI/practica_docker/env/lib/python3.8/site-packages/airflow/example_dags/example_trigger_target_dag.py
[2025-01-12 14:17:14,263] {logging_mixin.py:109} INFO - [2025-01-12 14:17:14,263] {dag.py:1834} INFO - Sync 1 DAGs
[2025-01-12 14:17:14,269] {logging_mixin.py:109} INFO - [2025-01-12 14:17:14,269] {dag.py:2287} INFO - Setting next_dagrun for example_trigger_target_dag to None
[2025-01-12 14:17:14,277] {processor.py:170} INFO - Processing /home/jorge/Desktop/MÁSTER/SEGUNDO CURSO/BDFI/practica_docker/env/lib/python3.8/site-packages/airflow/example_dags/example_trigger_target_dag.py took 0.042 seconds
[2025-01-12 14:17:47,709] {processor.py:162} INFO - Started process (PID=291077) to work on /home/jorge/Desktop/MÁSTER/SEGUNDO CURSO/BDFI/practica_docker/env/lib/python3.8/site-packages/airflow/example_dags/example_trigger_target_dag.py
[2025-01-12 14:17:47,711] {processor.py:613} INFO - Processing file /home/jorge/Desktop/MÁSTER/SEGUNDO CURSO/BDFI/practica_docker/env/lib/python3.8/site-packages/airflow/example_dags/example_trigger_target_dag.py for tasks to queue
[2025-01-12 14:17:47,712] {logging_mixin.py:109} INFO - [2025-01-12 14:17:47,712] {dagbag.py:496} INFO - Filling up the DagBag from /home/jorge/Desktop/MÁSTER/SEGUNDO CURSO/BDFI/practica_docker/env/lib/python3.8/site-packages/airflow/example_dags/example_trigger_target_dag.py
[2025-01-12 14:17:47,722] {processor.py:623} INFO - DAG(s) dict_keys(['example_trigger_target_dag']) retrieved from /home/jorge/Desktop/MÁSTER/SEGUNDO CURSO/BDFI/practica_docker/env/lib/python3.8/site-packages/airflow/example_dags/example_trigger_target_dag.py
[2025-01-12 14:17:47,731] {logging_mixin.py:109} INFO - [2025-01-12 14:17:47,731] {dag.py:1834} INFO - Sync 1 DAGs
[2025-01-12 14:17:47,737] {logging_mixin.py:109} INFO - [2025-01-12 14:17:47,737] {dag.py:2287} INFO - Setting next_dagrun for example_trigger_target_dag to None
[2025-01-12 14:17:47,747] {processor.py:170} INFO - Processing /home/jorge/Desktop/MÁSTER/SEGUNDO CURSO/BDFI/practica_docker/env/lib/python3.8/site-packages/airflow/example_dags/example_trigger_target_dag.py took 0.041 seconds
[2025-01-12 14:18:20,491] {processor.py:162} INFO - Started process (PID=291227) to work on /home/jorge/Desktop/MÁSTER/SEGUNDO CURSO/BDFI/practica_docker/env/lib/python3.8/site-packages/airflow/example_dags/example_trigger_target_dag.py
[2025-01-12 14:18:20,493] {processor.py:613} INFO - Processing file /home/jorge/Desktop/MÁSTER/SEGUNDO CURSO/BDFI/practica_docker/env/lib/python3.8/site-packages/airflow/example_dags/example_trigger_target_dag.py for tasks to queue
[2025-01-12 14:18:20,494] {logging_mixin.py:109} INFO - [2025-01-12 14:18:20,494] {dagbag.py:496} INFO - Filling up the DagBag from /home/jorge/Desktop/MÁSTER/SEGUNDO CURSO/BDFI/practica_docker/env/lib/python3.8/site-packages/airflow/example_dags/example_trigger_target_dag.py
[2025-01-12 14:18:20,502] {processor.py:623} INFO - DAG(s) dict_keys(['example_trigger_target_dag']) retrieved from /home/jorge/Desktop/MÁSTER/SEGUNDO CURSO/BDFI/practica_docker/env/lib/python3.8/site-packages/airflow/example_dags/example_trigger_target_dag.py
[2025-01-12 14:18:20,511] {logging_mixin.py:109} INFO - [2025-01-12 14:18:20,511] {dag.py:1834} INFO - Sync 1 DAGs
[2025-01-12 14:18:20,517] {logging_mixin.py:109} INFO - [2025-01-12 14:18:20,517] {dag.py:2287} INFO - Setting next_dagrun for example_trigger_target_dag to None
[2025-01-12 14:18:20,526] {processor.py:170} INFO - Processing /home/jorge/Desktop/MÁSTER/SEGUNDO CURSO/BDFI/practica_docker/env/lib/python3.8/site-packages/airflow/example_dags/example_trigger_target_dag.py took 0.039 seconds
[2025-01-12 14:18:53,896] {processor.py:162} INFO - Started process (PID=291804) to work on /home/jorge/Desktop/MÁSTER/SEGUNDO CURSO/BDFI/practica_docker/env/lib/python3.8/site-packages/airflow/example_dags/example_trigger_target_dag.py
[2025-01-12 14:18:53,897] {processor.py:613} INFO - Processing file /home/jorge/Desktop/MÁSTER/SEGUNDO CURSO/BDFI/practica_docker/env/lib/python3.8/site-packages/airflow/example_dags/example_trigger_target_dag.py for tasks to queue
[2025-01-12 14:18:53,897] {logging_mixin.py:109} INFO - [2025-01-12 14:18:53,897] {dagbag.py:496} INFO - Filling up the DagBag from /home/jorge/Desktop/MÁSTER/SEGUNDO CURSO/BDFI/practica_docker/env/lib/python3.8/site-packages/airflow/example_dags/example_trigger_target_dag.py
[2025-01-12 14:18:53,904] {processor.py:623} INFO - DAG(s) dict_keys(['example_trigger_target_dag']) retrieved from /home/jorge/Desktop/MÁSTER/SEGUNDO CURSO/BDFI/practica_docker/env/lib/python3.8/site-packages/airflow/example_dags/example_trigger_target_dag.py
[2025-01-12 14:18:53,913] {logging_mixin.py:109} INFO - [2025-01-12 14:18:53,913] {dag.py:1834} INFO - Sync 1 DAGs
[2025-01-12 14:18:53,918] {logging_mixin.py:109} INFO - [2025-01-12 14:18:53,918] {dag.py:2287} INFO - Setting next_dagrun for example_trigger_target_dag to None
[2025-01-12 14:18:53,926] {processor.py:170} INFO - Processing /home/jorge/Desktop/MÁSTER/SEGUNDO CURSO/BDFI/practica_docker/env/lib/python3.8/site-packages/airflow/example_dags/example_trigger_target_dag.py took 0.033 seconds
[2025-01-12 14:19:28,874] {processor.py:162} INFO - Started process (PID=292510) to work on /home/jorge/Desktop/MÁSTER/SEGUNDO CURSO/BDFI/practica_docker/env/lib/python3.8/site-packages/airflow/example_dags/example_trigger_target_dag.py
[2025-01-12 14:19:28,876] {processor.py:613} INFO - Processing file /home/jorge/Desktop/MÁSTER/SEGUNDO CURSO/BDFI/practica_docker/env/lib/python3.8/site-packages/airflow/example_dags/example_trigger_target_dag.py for tasks to queue
[2025-01-12 14:19:28,877] {logging_mixin.py:109} INFO - [2025-01-12 14:19:28,877] {dagbag.py:496} INFO - Filling up the DagBag from /home/jorge/Desktop/MÁSTER/SEGUNDO CURSO/BDFI/practica_docker/env/lib/python3.8/site-packages/airflow/example_dags/example_trigger_target_dag.py
[2025-01-12 14:19:28,891] {processor.py:623} INFO - DAG(s) dict_keys(['example_trigger_target_dag']) retrieved from /home/jorge/Desktop/MÁSTER/SEGUNDO CURSO/BDFI/practica_docker/env/lib/python3.8/site-packages/airflow/example_dags/example_trigger_target_dag.py
[2025-01-12 14:19:28,911] {logging_mixin.py:109} INFO - [2025-01-12 14:19:28,911] {dag.py:1834} INFO - Sync 1 DAGs
[2025-01-12 14:19:28,924] {logging_mixin.py:109} INFO - [2025-01-12 14:19:28,924] {dag.py:2287} INFO - Setting next_dagrun for example_trigger_target_dag to None
[2025-01-12 14:19:28,942] {processor.py:170} INFO - Processing /home/jorge/Desktop/MÁSTER/SEGUNDO CURSO/BDFI/practica_docker/env/lib/python3.8/site-packages/airflow/example_dags/example_trigger_target_dag.py took 0.072 seconds
[2025-01-12 14:20:03,707] {processor.py:162} INFO - Started process (PID=293117) to work on /home/jorge/Desktop/MÁSTER/SEGUNDO CURSO/BDFI/practica_docker/env/lib/python3.8/site-packages/airflow/example_dags/example_trigger_target_dag.py
[2025-01-12 14:20:03,708] {processor.py:613} INFO - Processing file /home/jorge/Desktop/MÁSTER/SEGUNDO CURSO/BDFI/practica_docker/env/lib/python3.8/site-packages/airflow/example_dags/example_trigger_target_dag.py for tasks to queue
[2025-01-12 14:20:03,709] {logging_mixin.py:109} INFO - [2025-01-12 14:20:03,709] {dagbag.py:496} INFO - Filling up the DagBag from /home/jorge/Desktop/MÁSTER/SEGUNDO CURSO/BDFI/practica_docker/env/lib/python3.8/site-packages/airflow/example_dags/example_trigger_target_dag.py
[2025-01-12 14:20:03,715] {processor.py:623} INFO - DAG(s) dict_keys(['example_trigger_target_dag']) retrieved from /home/jorge/Desktop/MÁSTER/SEGUNDO CURSO/BDFI/practica_docker/env/lib/python3.8/site-packages/airflow/example_dags/example_trigger_target_dag.py
[2025-01-12 14:20:03,724] {logging_mixin.py:109} INFO - [2025-01-12 14:20:03,724] {dag.py:1834} INFO - Sync 1 DAGs
[2025-01-12 14:20:03,730] {logging_mixin.py:109} INFO - [2025-01-12 14:20:03,730] {dag.py:2287} INFO - Setting next_dagrun for example_trigger_target_dag to None
[2025-01-12 14:20:03,739] {processor.py:170} INFO - Processing /home/jorge/Desktop/MÁSTER/SEGUNDO CURSO/BDFI/practica_docker/env/lib/python3.8/site-packages/airflow/example_dags/example_trigger_target_dag.py took 0.034 seconds
[2025-01-12 14:20:40,321] {processor.py:162} INFO - Started process (PID=293265) to work on /home/jorge/Desktop/MÁSTER/SEGUNDO CURSO/BDFI/practica_docker/env/lib/python3.8/site-packages/airflow/example_dags/example_trigger_target_dag.py
[2025-01-12 14:20:40,323] {processor.py:613} INFO - Processing file /home/jorge/Desktop/MÁSTER/SEGUNDO CURSO/BDFI/practica_docker/env/lib/python3.8/site-packages/airflow/example_dags/example_trigger_target_dag.py for tasks to queue
[2025-01-12 14:20:40,324] {logging_mixin.py:109} INFO - [2025-01-12 14:20:40,323] {dagbag.py:496} INFO - Filling up the DagBag from /home/jorge/Desktop/MÁSTER/SEGUNDO CURSO/BDFI/practica_docker/env/lib/python3.8/site-packages/airflow/example_dags/example_trigger_target_dag.py
[2025-01-12 14:20:40,354] {processor.py:623} INFO - DAG(s) dict_keys(['example_trigger_target_dag']) retrieved from /home/jorge/Desktop/MÁSTER/SEGUNDO CURSO/BDFI/practica_docker/env/lib/python3.8/site-packages/airflow/example_dags/example_trigger_target_dag.py
[2025-01-12 14:20:40,388] {logging_mixin.py:109} INFO - [2025-01-12 14:20:40,388] {dag.py:1834} INFO - Sync 1 DAGs
[2025-01-12 14:20:40,403] {logging_mixin.py:109} INFO - [2025-01-12 14:20:40,403] {dag.py:2287} INFO - Setting next_dagrun for example_trigger_target_dag to None
[2025-01-12 14:20:40,434] {processor.py:170} INFO - Processing /home/jorge/Desktop/MÁSTER/SEGUNDO CURSO/BDFI/practica_docker/env/lib/python3.8/site-packages/airflow/example_dags/example_trigger_target_dag.py took 0.118 seconds
