[2025-01-12 13:51:16,524] {processor.py:162} INFO - Started process (PID=281083) to work on /home/jorge/Desktop/MÁSTER/SEGUNDO CURSO/BDFI/practica_docker/env/lib/python3.8/site-packages/airflow/example_dags/example_latest_only.py
[2025-01-12 13:51:16,526] {processor.py:613} INFO - Processing file /home/jorge/Desktop/MÁSTER/SEGUNDO CURSO/BDFI/practica_docker/env/lib/python3.8/site-packages/airflow/example_dags/example_latest_only.py for tasks to queue
[2025-01-12 13:51:16,526] {logging_mixin.py:109} INFO - [2025-01-12 13:51:16,526] {dagbag.py:496} INFO - Filling up the DagBag from /home/jorge/Desktop/MÁSTER/SEGUNDO CURSO/BDFI/practica_docker/env/lib/python3.8/site-packages/airflow/example_dags/example_latest_only.py
[2025-01-12 13:51:16,541] {processor.py:623} INFO - DAG(s) dict_keys(['latest_only']) retrieved from /home/jorge/Desktop/MÁSTER/SEGUNDO CURSO/BDFI/practica_docker/env/lib/python3.8/site-packages/airflow/example_dags/example_latest_only.py
[2025-01-12 13:51:16,556] {logging_mixin.py:109} INFO - [2025-01-12 13:51:16,556] {dag.py:1834} INFO - Sync 1 DAGs
[2025-01-12 13:51:16,565] {logging_mixin.py:109} INFO - [2025-01-12 13:51:16,565] {dag.py:2287} INFO - Setting next_dagrun for latest_only to 2025-01-10 00:00:00+00:00
[2025-01-12 13:51:16,575] {processor.py:170} INFO - Processing /home/jorge/Desktop/MÁSTER/SEGUNDO CURSO/BDFI/practica_docker/env/lib/python3.8/site-packages/airflow/example_dags/example_latest_only.py took 0.054 seconds
[2025-01-12 13:51:50,932] {processor.py:162} INFO - Started process (PID=281253) to work on /home/jorge/Desktop/MÁSTER/SEGUNDO CURSO/BDFI/practica_docker/env/lib/python3.8/site-packages/airflow/example_dags/example_latest_only.py
[2025-01-12 13:51:50,934] {processor.py:613} INFO - Processing file /home/jorge/Desktop/MÁSTER/SEGUNDO CURSO/BDFI/practica_docker/env/lib/python3.8/site-packages/airflow/example_dags/example_latest_only.py for tasks to queue
[2025-01-12 13:51:50,935] {logging_mixin.py:109} INFO - [2025-01-12 13:51:50,935] {dagbag.py:496} INFO - Filling up the DagBag from /home/jorge/Desktop/MÁSTER/SEGUNDO CURSO/BDFI/practica_docker/env/lib/python3.8/site-packages/airflow/example_dags/example_latest_only.py
[2025-01-12 13:51:50,953] {processor.py:623} INFO - DAG(s) dict_keys(['latest_only']) retrieved from /home/jorge/Desktop/MÁSTER/SEGUNDO CURSO/BDFI/practica_docker/env/lib/python3.8/site-packages/airflow/example_dags/example_latest_only.py
[2025-01-12 13:51:50,982] {logging_mixin.py:109} INFO - [2025-01-12 13:51:50,982] {dag.py:1834} INFO - Sync 1 DAGs
[2025-01-12 13:51:50,999] {logging_mixin.py:109} INFO - [2025-01-12 13:51:50,999] {dag.py:2287} INFO - Setting next_dagrun for latest_only to 2025-01-10 00:00:00+00:00
[2025-01-12 13:51:51,015] {processor.py:170} INFO - Processing /home/jorge/Desktop/MÁSTER/SEGUNDO CURSO/BDFI/practica_docker/env/lib/python3.8/site-packages/airflow/example_dags/example_latest_only.py took 0.085 seconds
[2025-01-12 13:52:23,820] {processor.py:162} INFO - Started process (PID=281422) to work on /home/jorge/Desktop/MÁSTER/SEGUNDO CURSO/BDFI/practica_docker/env/lib/python3.8/site-packages/airflow/example_dags/example_latest_only.py
[2025-01-12 13:52:23,821] {processor.py:613} INFO - Processing file /home/jorge/Desktop/MÁSTER/SEGUNDO CURSO/BDFI/practica_docker/env/lib/python3.8/site-packages/airflow/example_dags/example_latest_only.py for tasks to queue
[2025-01-12 13:52:23,822] {logging_mixin.py:109} INFO - [2025-01-12 13:52:23,822] {dagbag.py:496} INFO - Filling up the DagBag from /home/jorge/Desktop/MÁSTER/SEGUNDO CURSO/BDFI/practica_docker/env/lib/python3.8/site-packages/airflow/example_dags/example_latest_only.py
[2025-01-12 13:52:23,834] {processor.py:623} INFO - DAG(s) dict_keys(['latest_only']) retrieved from /home/jorge/Desktop/MÁSTER/SEGUNDO CURSO/BDFI/practica_docker/env/lib/python3.8/site-packages/airflow/example_dags/example_latest_only.py
[2025-01-12 13:52:23,843] {logging_mixin.py:109} INFO - [2025-01-12 13:52:23,843] {dag.py:1834} INFO - Sync 1 DAGs
[2025-01-12 13:52:23,849] {logging_mixin.py:109} INFO - [2025-01-12 13:52:23,849] {dag.py:2287} INFO - Setting next_dagrun for latest_only to 2025-01-10 00:00:00+00:00
[2025-01-12 13:52:23,857] {processor.py:170} INFO - Processing /home/jorge/Desktop/MÁSTER/SEGUNDO CURSO/BDFI/practica_docker/env/lib/python3.8/site-packages/airflow/example_dags/example_latest_only.py took 0.041 seconds
[2025-01-12 13:53:06,142] {processor.py:162} INFO - Started process (PID=281692) to work on /home/jorge/Desktop/MÁSTER/SEGUNDO CURSO/BDFI/practica_docker/env/lib/python3.8/site-packages/airflow/example_dags/example_latest_only.py
[2025-01-12 13:53:06,148] {processor.py:613} INFO - Processing file /home/jorge/Desktop/MÁSTER/SEGUNDO CURSO/BDFI/practica_docker/env/lib/python3.8/site-packages/airflow/example_dags/example_latest_only.py for tasks to queue
[2025-01-12 13:53:06,149] {logging_mixin.py:109} INFO - [2025-01-12 13:53:06,149] {dagbag.py:496} INFO - Filling up the DagBag from /home/jorge/Desktop/MÁSTER/SEGUNDO CURSO/BDFI/practica_docker/env/lib/python3.8/site-packages/airflow/example_dags/example_latest_only.py
[2025-01-12 13:53:06,158] {processor.py:623} INFO - DAG(s) dict_keys(['latest_only']) retrieved from /home/jorge/Desktop/MÁSTER/SEGUNDO CURSO/BDFI/practica_docker/env/lib/python3.8/site-packages/airflow/example_dags/example_latest_only.py
[2025-01-12 13:53:06,170] {logging_mixin.py:109} INFO - [2025-01-12 13:53:06,169] {dag.py:1834} INFO - Sync 1 DAGs
[2025-01-12 13:53:06,176] {logging_mixin.py:109} INFO - [2025-01-12 13:53:06,176] {dag.py:2287} INFO - Setting next_dagrun for latest_only to 2025-01-10 00:00:00+00:00
[2025-01-12 13:53:06,187] {processor.py:170} INFO - Processing /home/jorge/Desktop/MÁSTER/SEGUNDO CURSO/BDFI/practica_docker/env/lib/python3.8/site-packages/airflow/example_dags/example_latest_only.py took 0.047 seconds
[2025-01-12 13:53:39,744] {processor.py:162} INFO - Started process (PID=281858) to work on /home/jorge/Desktop/MÁSTER/SEGUNDO CURSO/BDFI/practica_docker/env/lib/python3.8/site-packages/airflow/example_dags/example_latest_only.py
[2025-01-12 13:53:39,756] {processor.py:613} INFO - Processing file /home/jorge/Desktop/MÁSTER/SEGUNDO CURSO/BDFI/practica_docker/env/lib/python3.8/site-packages/airflow/example_dags/example_latest_only.py for tasks to queue
[2025-01-12 13:53:39,757] {logging_mixin.py:109} INFO - [2025-01-12 13:53:39,757] {dagbag.py:496} INFO - Filling up the DagBag from /home/jorge/Desktop/MÁSTER/SEGUNDO CURSO/BDFI/practica_docker/env/lib/python3.8/site-packages/airflow/example_dags/example_latest_only.py
[2025-01-12 13:53:39,767] {processor.py:623} INFO - DAG(s) dict_keys(['latest_only']) retrieved from /home/jorge/Desktop/MÁSTER/SEGUNDO CURSO/BDFI/practica_docker/env/lib/python3.8/site-packages/airflow/example_dags/example_latest_only.py
[2025-01-12 13:53:39,776] {logging_mixin.py:109} INFO - [2025-01-12 13:53:39,776] {dag.py:1834} INFO - Sync 1 DAGs
[2025-01-12 13:53:39,782] {logging_mixin.py:109} INFO - [2025-01-12 13:53:39,782] {dag.py:2287} INFO - Setting next_dagrun for latest_only to 2025-01-10 00:00:00+00:00
[2025-01-12 13:53:39,791] {processor.py:170} INFO - Processing /home/jorge/Desktop/MÁSTER/SEGUNDO CURSO/BDFI/practica_docker/env/lib/python3.8/site-packages/airflow/example_dags/example_latest_only.py took 0.050 seconds
[2025-01-12 13:54:14,952] {processor.py:162} INFO - Started process (PID=282028) to work on /home/jorge/Desktop/MÁSTER/SEGUNDO CURSO/BDFI/practica_docker/env/lib/python3.8/site-packages/airflow/example_dags/example_latest_only.py
[2025-01-12 13:54:14,953] {processor.py:613} INFO - Processing file /home/jorge/Desktop/MÁSTER/SEGUNDO CURSO/BDFI/practica_docker/env/lib/python3.8/site-packages/airflow/example_dags/example_latest_only.py for tasks to queue
[2025-01-12 13:54:14,954] {logging_mixin.py:109} INFO - [2025-01-12 13:54:14,954] {dagbag.py:496} INFO - Filling up the DagBag from /home/jorge/Desktop/MÁSTER/SEGUNDO CURSO/BDFI/practica_docker/env/lib/python3.8/site-packages/airflow/example_dags/example_latest_only.py
[2025-01-12 13:54:14,965] {processor.py:623} INFO - DAG(s) dict_keys(['latest_only']) retrieved from /home/jorge/Desktop/MÁSTER/SEGUNDO CURSO/BDFI/practica_docker/env/lib/python3.8/site-packages/airflow/example_dags/example_latest_only.py
[2025-01-12 13:54:14,975] {logging_mixin.py:109} INFO - [2025-01-12 13:54:14,975] {dag.py:1834} INFO - Sync 1 DAGs
[2025-01-12 13:54:14,981] {logging_mixin.py:109} INFO - [2025-01-12 13:54:14,981] {dag.py:2287} INFO - Setting next_dagrun for latest_only to 2025-01-10 00:00:00+00:00
[2025-01-12 13:54:14,990] {processor.py:170} INFO - Processing /home/jorge/Desktop/MÁSTER/SEGUNDO CURSO/BDFI/practica_docker/env/lib/python3.8/site-packages/airflow/example_dags/example_latest_only.py took 0.041 seconds
[2025-01-12 13:54:48,549] {processor.py:162} INFO - Started process (PID=282183) to work on /home/jorge/Desktop/MÁSTER/SEGUNDO CURSO/BDFI/practica_docker/env/lib/python3.8/site-packages/airflow/example_dags/example_latest_only.py
[2025-01-12 13:54:48,551] {processor.py:613} INFO - Processing file /home/jorge/Desktop/MÁSTER/SEGUNDO CURSO/BDFI/practica_docker/env/lib/python3.8/site-packages/airflow/example_dags/example_latest_only.py for tasks to queue
[2025-01-12 13:54:48,552] {logging_mixin.py:109} INFO - [2025-01-12 13:54:48,552] {dagbag.py:496} INFO - Filling up the DagBag from /home/jorge/Desktop/MÁSTER/SEGUNDO CURSO/BDFI/practica_docker/env/lib/python3.8/site-packages/airflow/example_dags/example_latest_only.py
[2025-01-12 13:54:48,563] {processor.py:623} INFO - DAG(s) dict_keys(['latest_only']) retrieved from /home/jorge/Desktop/MÁSTER/SEGUNDO CURSO/BDFI/practica_docker/env/lib/python3.8/site-packages/airflow/example_dags/example_latest_only.py
[2025-01-12 13:54:48,572] {logging_mixin.py:109} INFO - [2025-01-12 13:54:48,572] {dag.py:1834} INFO - Sync 1 DAGs
[2025-01-12 13:54:48,578] {logging_mixin.py:109} INFO - [2025-01-12 13:54:48,578] {dag.py:2287} INFO - Setting next_dagrun for latest_only to 2025-01-10 00:00:00+00:00
[2025-01-12 13:54:48,587] {processor.py:170} INFO - Processing /home/jorge/Desktop/MÁSTER/SEGUNDO CURSO/BDFI/practica_docker/env/lib/python3.8/site-packages/airflow/example_dags/example_latest_only.py took 0.041 seconds
[2025-01-12 13:55:20,391] {processor.py:162} INFO - Started process (PID=282349) to work on /home/jorge/Desktop/MÁSTER/SEGUNDO CURSO/BDFI/practica_docker/env/lib/python3.8/site-packages/airflow/example_dags/example_latest_only.py
[2025-01-12 13:55:20,392] {processor.py:613} INFO - Processing file /home/jorge/Desktop/MÁSTER/SEGUNDO CURSO/BDFI/practica_docker/env/lib/python3.8/site-packages/airflow/example_dags/example_latest_only.py for tasks to queue
[2025-01-12 13:55:20,393] {logging_mixin.py:109} INFO - [2025-01-12 13:55:20,393] {dagbag.py:496} INFO - Filling up the DagBag from /home/jorge/Desktop/MÁSTER/SEGUNDO CURSO/BDFI/practica_docker/env/lib/python3.8/site-packages/airflow/example_dags/example_latest_only.py
[2025-01-12 13:55:20,400] {processor.py:623} INFO - DAG(s) dict_keys(['latest_only']) retrieved from /home/jorge/Desktop/MÁSTER/SEGUNDO CURSO/BDFI/practica_docker/env/lib/python3.8/site-packages/airflow/example_dags/example_latest_only.py
[2025-01-12 13:55:20,410] {logging_mixin.py:109} INFO - [2025-01-12 13:55:20,410] {dag.py:1834} INFO - Sync 1 DAGs
[2025-01-12 13:55:20,417] {logging_mixin.py:109} INFO - [2025-01-12 13:55:20,417] {dag.py:2287} INFO - Setting next_dagrun for latest_only to 2025-01-10 00:00:00+00:00
[2025-01-12 13:55:20,427] {processor.py:170} INFO - Processing /home/jorge/Desktop/MÁSTER/SEGUNDO CURSO/BDFI/practica_docker/env/lib/python3.8/site-packages/airflow/example_dags/example_latest_only.py took 0.038 seconds
[2025-01-12 13:55:55,364] {processor.py:162} INFO - Started process (PID=282638) to work on /home/jorge/Desktop/MÁSTER/SEGUNDO CURSO/BDFI/practica_docker/env/lib/python3.8/site-packages/airflow/example_dags/example_latest_only.py
[2025-01-12 13:55:55,366] {processor.py:613} INFO - Processing file /home/jorge/Desktop/MÁSTER/SEGUNDO CURSO/BDFI/practica_docker/env/lib/python3.8/site-packages/airflow/example_dags/example_latest_only.py for tasks to queue
[2025-01-12 13:55:55,367] {logging_mixin.py:109} INFO - [2025-01-12 13:55:55,367] {dagbag.py:496} INFO - Filling up the DagBag from /home/jorge/Desktop/MÁSTER/SEGUNDO CURSO/BDFI/practica_docker/env/lib/python3.8/site-packages/airflow/example_dags/example_latest_only.py
[2025-01-12 13:55:55,382] {processor.py:623} INFO - DAG(s) dict_keys(['latest_only']) retrieved from /home/jorge/Desktop/MÁSTER/SEGUNDO CURSO/BDFI/practica_docker/env/lib/python3.8/site-packages/airflow/example_dags/example_latest_only.py
[2025-01-12 13:55:55,394] {logging_mixin.py:109} INFO - [2025-01-12 13:55:55,394] {dag.py:1834} INFO - Sync 1 DAGs
[2025-01-12 13:55:55,403] {logging_mixin.py:109} INFO - [2025-01-12 13:55:55,403] {dag.py:2287} INFO - Setting next_dagrun for latest_only to 2025-01-10 00:00:00+00:00
[2025-01-12 13:55:55,418] {processor.py:170} INFO - Processing /home/jorge/Desktop/MÁSTER/SEGUNDO CURSO/BDFI/practica_docker/env/lib/python3.8/site-packages/airflow/example_dags/example_latest_only.py took 0.056 seconds
[2025-01-12 13:56:32,693] {processor.py:162} INFO - Started process (PID=282937) to work on /home/jorge/Desktop/MÁSTER/SEGUNDO CURSO/BDFI/practica_docker/env/lib/python3.8/site-packages/airflow/example_dags/example_latest_only.py
[2025-01-12 13:56:32,694] {processor.py:613} INFO - Processing file /home/jorge/Desktop/MÁSTER/SEGUNDO CURSO/BDFI/practica_docker/env/lib/python3.8/site-packages/airflow/example_dags/example_latest_only.py for tasks to queue
[2025-01-12 13:56:32,695] {logging_mixin.py:109} INFO - [2025-01-12 13:56:32,695] {dagbag.py:496} INFO - Filling up the DagBag from /home/jorge/Desktop/MÁSTER/SEGUNDO CURSO/BDFI/practica_docker/env/lib/python3.8/site-packages/airflow/example_dags/example_latest_only.py
[2025-01-12 13:56:32,708] {processor.py:623} INFO - DAG(s) dict_keys(['latest_only']) retrieved from /home/jorge/Desktop/MÁSTER/SEGUNDO CURSO/BDFI/practica_docker/env/lib/python3.8/site-packages/airflow/example_dags/example_latest_only.py
[2025-01-12 13:56:32,721] {logging_mixin.py:109} INFO - [2025-01-12 13:56:32,721] {dag.py:1834} INFO - Sync 1 DAGs
[2025-01-12 13:56:32,733] {logging_mixin.py:109} INFO - [2025-01-12 13:56:32,733] {dag.py:2287} INFO - Setting next_dagrun for latest_only to 2025-01-10 00:00:00+00:00
[2025-01-12 13:56:32,745] {processor.py:170} INFO - Processing /home/jorge/Desktop/MÁSTER/SEGUNDO CURSO/BDFI/practica_docker/env/lib/python3.8/site-packages/airflow/example_dags/example_latest_only.py took 0.054 seconds
[2025-01-12 13:57:08,288] {processor.py:162} INFO - Started process (PID=283131) to work on /home/jorge/Desktop/MÁSTER/SEGUNDO CURSO/BDFI/practica_docker/env/lib/python3.8/site-packages/airflow/example_dags/example_latest_only.py
[2025-01-12 13:57:08,290] {processor.py:613} INFO - Processing file /home/jorge/Desktop/MÁSTER/SEGUNDO CURSO/BDFI/practica_docker/env/lib/python3.8/site-packages/airflow/example_dags/example_latest_only.py for tasks to queue
[2025-01-12 13:57:08,291] {logging_mixin.py:109} INFO - [2025-01-12 13:57:08,291] {dagbag.py:496} INFO - Filling up the DagBag from /home/jorge/Desktop/MÁSTER/SEGUNDO CURSO/BDFI/practica_docker/env/lib/python3.8/site-packages/airflow/example_dags/example_latest_only.py
[2025-01-12 13:57:08,332] {processor.py:623} INFO - DAG(s) dict_keys(['latest_only']) retrieved from /home/jorge/Desktop/MÁSTER/SEGUNDO CURSO/BDFI/practica_docker/env/lib/python3.8/site-packages/airflow/example_dags/example_latest_only.py
[2025-01-12 13:57:08,361] {logging_mixin.py:109} INFO - [2025-01-12 13:57:08,361] {dag.py:1834} INFO - Sync 1 DAGs
[2025-01-12 13:57:08,379] {logging_mixin.py:109} INFO - [2025-01-12 13:57:08,379] {dag.py:2287} INFO - Setting next_dagrun for latest_only to 2025-01-10 00:00:00+00:00
[2025-01-12 13:57:08,404] {processor.py:170} INFO - Processing /home/jorge/Desktop/MÁSTER/SEGUNDO CURSO/BDFI/practica_docker/env/lib/python3.8/site-packages/airflow/example_dags/example_latest_only.py took 0.120 seconds
[2025-01-12 13:57:44,039] {processor.py:162} INFO - Started process (PID=283283) to work on /home/jorge/Desktop/MÁSTER/SEGUNDO CURSO/BDFI/practica_docker/env/lib/python3.8/site-packages/airflow/example_dags/example_latest_only.py
[2025-01-12 13:57:44,040] {processor.py:613} INFO - Processing file /home/jorge/Desktop/MÁSTER/SEGUNDO CURSO/BDFI/practica_docker/env/lib/python3.8/site-packages/airflow/example_dags/example_latest_only.py for tasks to queue
[2025-01-12 13:57:44,040] {logging_mixin.py:109} INFO - [2025-01-12 13:57:44,040] {dagbag.py:496} INFO - Filling up the DagBag from /home/jorge/Desktop/MÁSTER/SEGUNDO CURSO/BDFI/practica_docker/env/lib/python3.8/site-packages/airflow/example_dags/example_latest_only.py
[2025-01-12 13:57:44,051] {processor.py:623} INFO - DAG(s) dict_keys(['latest_only']) retrieved from /home/jorge/Desktop/MÁSTER/SEGUNDO CURSO/BDFI/practica_docker/env/lib/python3.8/site-packages/airflow/example_dags/example_latest_only.py
[2025-01-12 13:57:44,063] {logging_mixin.py:109} INFO - [2025-01-12 13:57:44,063] {dag.py:1834} INFO - Sync 1 DAGs
[2025-01-12 13:57:44,069] {logging_mixin.py:109} INFO - [2025-01-12 13:57:44,069] {dag.py:2287} INFO - Setting next_dagrun for latest_only to 2025-01-10 00:00:00+00:00
[2025-01-12 13:57:44,080] {processor.py:170} INFO - Processing /home/jorge/Desktop/MÁSTER/SEGUNDO CURSO/BDFI/practica_docker/env/lib/python3.8/site-packages/airflow/example_dags/example_latest_only.py took 0.044 seconds
[2025-01-12 14:06:06,703] {processor.py:162} INFO - Started process (PID=283721) to work on /home/jorge/Desktop/MÁSTER/SEGUNDO CURSO/BDFI/practica_docker/env/lib/python3.8/site-packages/airflow/example_dags/example_latest_only.py
[2025-01-12 14:06:06,705] {processor.py:613} INFO - Processing file /home/jorge/Desktop/MÁSTER/SEGUNDO CURSO/BDFI/practica_docker/env/lib/python3.8/site-packages/airflow/example_dags/example_latest_only.py for tasks to queue
[2025-01-12 14:06:06,706] {logging_mixin.py:109} INFO - [2025-01-12 14:06:06,705] {dagbag.py:496} INFO - Filling up the DagBag from /home/jorge/Desktop/MÁSTER/SEGUNDO CURSO/BDFI/practica_docker/env/lib/python3.8/site-packages/airflow/example_dags/example_latest_only.py
[2025-01-12 14:06:06,714] {processor.py:623} INFO - DAG(s) dict_keys(['latest_only']) retrieved from /home/jorge/Desktop/MÁSTER/SEGUNDO CURSO/BDFI/practica_docker/env/lib/python3.8/site-packages/airflow/example_dags/example_latest_only.py
[2025-01-12 14:06:06,720] {logging_mixin.py:109} INFO - [2025-01-12 14:06:06,720] {dag.py:1834} INFO - Sync 1 DAGs
[2025-01-12 14:06:06,724] {logging_mixin.py:109} INFO - [2025-01-12 14:06:06,724] {dag.py:2287} INFO - Setting next_dagrun for latest_only to 2025-01-10 00:00:00+00:00
[2025-01-12 14:06:06,732] {processor.py:170} INFO - Processing /home/jorge/Desktop/MÁSTER/SEGUNDO CURSO/BDFI/practica_docker/env/lib/python3.8/site-packages/airflow/example_dags/example_latest_only.py took 0.032 seconds
[2025-01-12 14:06:40,033] {processor.py:162} INFO - Started process (PID=283871) to work on /home/jorge/Desktop/MÁSTER/SEGUNDO CURSO/BDFI/practica_docker/env/lib/python3.8/site-packages/airflow/example_dags/example_latest_only.py
[2025-01-12 14:06:40,034] {processor.py:613} INFO - Processing file /home/jorge/Desktop/MÁSTER/SEGUNDO CURSO/BDFI/practica_docker/env/lib/python3.8/site-packages/airflow/example_dags/example_latest_only.py for tasks to queue
[2025-01-12 14:06:40,034] {logging_mixin.py:109} INFO - [2025-01-12 14:06:40,034] {dagbag.py:496} INFO - Filling up the DagBag from /home/jorge/Desktop/MÁSTER/SEGUNDO CURSO/BDFI/practica_docker/env/lib/python3.8/site-packages/airflow/example_dags/example_latest_only.py
[2025-01-12 14:06:40,039] {processor.py:623} INFO - DAG(s) dict_keys(['latest_only']) retrieved from /home/jorge/Desktop/MÁSTER/SEGUNDO CURSO/BDFI/practica_docker/env/lib/python3.8/site-packages/airflow/example_dags/example_latest_only.py
[2025-01-12 14:06:40,047] {logging_mixin.py:109} INFO - [2025-01-12 14:06:40,047] {dag.py:1834} INFO - Sync 1 DAGs
[2025-01-12 14:06:40,051] {logging_mixin.py:109} INFO - [2025-01-12 14:06:40,051] {dag.py:2287} INFO - Setting next_dagrun for latest_only to 2025-01-10 00:00:00+00:00
[2025-01-12 14:06:40,060] {processor.py:170} INFO - Processing /home/jorge/Desktop/MÁSTER/SEGUNDO CURSO/BDFI/practica_docker/env/lib/python3.8/site-packages/airflow/example_dags/example_latest_only.py took 0.028 seconds
[2025-01-12 14:07:13,284] {processor.py:162} INFO - Started process (PID=284028) to work on /home/jorge/Desktop/MÁSTER/SEGUNDO CURSO/BDFI/practica_docker/env/lib/python3.8/site-packages/airflow/example_dags/example_latest_only.py
[2025-01-12 14:07:13,295] {processor.py:613} INFO - Processing file /home/jorge/Desktop/MÁSTER/SEGUNDO CURSO/BDFI/practica_docker/env/lib/python3.8/site-packages/airflow/example_dags/example_latest_only.py for tasks to queue
[2025-01-12 14:07:13,296] {logging_mixin.py:109} INFO - [2025-01-12 14:07:13,296] {dagbag.py:496} INFO - Filling up the DagBag from /home/jorge/Desktop/MÁSTER/SEGUNDO CURSO/BDFI/practica_docker/env/lib/python3.8/site-packages/airflow/example_dags/example_latest_only.py
[2025-01-12 14:07:13,302] {processor.py:623} INFO - DAG(s) dict_keys(['latest_only']) retrieved from /home/jorge/Desktop/MÁSTER/SEGUNDO CURSO/BDFI/practica_docker/env/lib/python3.8/site-packages/airflow/example_dags/example_latest_only.py
[2025-01-12 14:07:13,310] {logging_mixin.py:109} INFO - [2025-01-12 14:07:13,310] {dag.py:1834} INFO - Sync 1 DAGs
[2025-01-12 14:07:13,314] {logging_mixin.py:109} INFO - [2025-01-12 14:07:13,314] {dag.py:2287} INFO - Setting next_dagrun for latest_only to 2025-01-10 00:00:00+00:00
[2025-01-12 14:07:13,322] {processor.py:170} INFO - Processing /home/jorge/Desktop/MÁSTER/SEGUNDO CURSO/BDFI/practica_docker/env/lib/python3.8/site-packages/airflow/example_dags/example_latest_only.py took 0.039 seconds
[2025-01-12 14:07:46,068] {processor.py:162} INFO - Started process (PID=284180) to work on /home/jorge/Desktop/MÁSTER/SEGUNDO CURSO/BDFI/practica_docker/env/lib/python3.8/site-packages/airflow/example_dags/example_latest_only.py
[2025-01-12 14:07:46,070] {processor.py:613} INFO - Processing file /home/jorge/Desktop/MÁSTER/SEGUNDO CURSO/BDFI/practica_docker/env/lib/python3.8/site-packages/airflow/example_dags/example_latest_only.py for tasks to queue
[2025-01-12 14:07:46,071] {logging_mixin.py:109} INFO - [2025-01-12 14:07:46,070] {dagbag.py:496} INFO - Filling up the DagBag from /home/jorge/Desktop/MÁSTER/SEGUNDO CURSO/BDFI/practica_docker/env/lib/python3.8/site-packages/airflow/example_dags/example_latest_only.py
[2025-01-12 14:07:46,077] {processor.py:623} INFO - DAG(s) dict_keys(['latest_only']) retrieved from /home/jorge/Desktop/MÁSTER/SEGUNDO CURSO/BDFI/practica_docker/env/lib/python3.8/site-packages/airflow/example_dags/example_latest_only.py
[2025-01-12 14:07:46,086] {logging_mixin.py:109} INFO - [2025-01-12 14:07:46,086] {dag.py:1834} INFO - Sync 1 DAGs
[2025-01-12 14:07:46,091] {logging_mixin.py:109} INFO - [2025-01-12 14:07:46,091] {dag.py:2287} INFO - Setting next_dagrun for latest_only to 2025-01-10 00:00:00+00:00
[2025-01-12 14:07:46,098] {processor.py:170} INFO - Processing /home/jorge/Desktop/MÁSTER/SEGUNDO CURSO/BDFI/practica_docker/env/lib/python3.8/site-packages/airflow/example_dags/example_latest_only.py took 0.033 seconds
[2025-01-12 14:08:18,621] {processor.py:162} INFO - Started process (PID=284321) to work on /home/jorge/Desktop/MÁSTER/SEGUNDO CURSO/BDFI/practica_docker/env/lib/python3.8/site-packages/airflow/example_dags/example_latest_only.py
[2025-01-12 14:08:18,627] {processor.py:613} INFO - Processing file /home/jorge/Desktop/MÁSTER/SEGUNDO CURSO/BDFI/practica_docker/env/lib/python3.8/site-packages/airflow/example_dags/example_latest_only.py for tasks to queue
[2025-01-12 14:08:18,628] {logging_mixin.py:109} INFO - [2025-01-12 14:08:18,628] {dagbag.py:496} INFO - Filling up the DagBag from /home/jorge/Desktop/MÁSTER/SEGUNDO CURSO/BDFI/practica_docker/env/lib/python3.8/site-packages/airflow/example_dags/example_latest_only.py
[2025-01-12 14:08:18,635] {processor.py:623} INFO - DAG(s) dict_keys(['latest_only']) retrieved from /home/jorge/Desktop/MÁSTER/SEGUNDO CURSO/BDFI/practica_docker/env/lib/python3.8/site-packages/airflow/example_dags/example_latest_only.py
[2025-01-12 14:08:18,645] {logging_mixin.py:109} INFO - [2025-01-12 14:08:18,645] {dag.py:1834} INFO - Sync 1 DAGs
[2025-01-12 14:08:18,649] {logging_mixin.py:109} INFO - [2025-01-12 14:08:18,649] {dag.py:2287} INFO - Setting next_dagrun for latest_only to 2025-01-10 00:00:00+00:00
[2025-01-12 14:08:18,659] {processor.py:170} INFO - Processing /home/jorge/Desktop/MÁSTER/SEGUNDO CURSO/BDFI/practica_docker/env/lib/python3.8/site-packages/airflow/example_dags/example_latest_only.py took 0.040 seconds
[2025-01-12 14:08:51,242] {processor.py:162} INFO - Started process (PID=284475) to work on /home/jorge/Desktop/MÁSTER/SEGUNDO CURSO/BDFI/practica_docker/env/lib/python3.8/site-packages/airflow/example_dags/example_latest_only.py
[2025-01-12 14:08:51,243] {processor.py:613} INFO - Processing file /home/jorge/Desktop/MÁSTER/SEGUNDO CURSO/BDFI/practica_docker/env/lib/python3.8/site-packages/airflow/example_dags/example_latest_only.py for tasks to queue
[2025-01-12 14:08:51,244] {logging_mixin.py:109} INFO - [2025-01-12 14:08:51,244] {dagbag.py:496} INFO - Filling up the DagBag from /home/jorge/Desktop/MÁSTER/SEGUNDO CURSO/BDFI/practica_docker/env/lib/python3.8/site-packages/airflow/example_dags/example_latest_only.py
[2025-01-12 14:08:51,248] {processor.py:623} INFO - DAG(s) dict_keys(['latest_only']) retrieved from /home/jorge/Desktop/MÁSTER/SEGUNDO CURSO/BDFI/practica_docker/env/lib/python3.8/site-packages/airflow/example_dags/example_latest_only.py
[2025-01-12 14:08:51,257] {logging_mixin.py:109} INFO - [2025-01-12 14:08:51,257] {dag.py:1834} INFO - Sync 1 DAGs
[2025-01-12 14:08:51,263] {logging_mixin.py:109} INFO - [2025-01-12 14:08:51,263] {dag.py:2287} INFO - Setting next_dagrun for latest_only to 2025-01-10 00:00:00+00:00
[2025-01-12 14:08:51,272] {processor.py:170} INFO - Processing /home/jorge/Desktop/MÁSTER/SEGUNDO CURSO/BDFI/practica_docker/env/lib/python3.8/site-packages/airflow/example_dags/example_latest_only.py took 0.032 seconds
[2025-01-12 14:09:24,376] {processor.py:162} INFO - Started process (PID=284621) to work on /home/jorge/Desktop/MÁSTER/SEGUNDO CURSO/BDFI/practica_docker/env/lib/python3.8/site-packages/airflow/example_dags/example_latest_only.py
[2025-01-12 14:09:24,383] {processor.py:613} INFO - Processing file /home/jorge/Desktop/MÁSTER/SEGUNDO CURSO/BDFI/practica_docker/env/lib/python3.8/site-packages/airflow/example_dags/example_latest_only.py for tasks to queue
[2025-01-12 14:09:24,383] {logging_mixin.py:109} INFO - [2025-01-12 14:09:24,383] {dagbag.py:496} INFO - Filling up the DagBag from /home/jorge/Desktop/MÁSTER/SEGUNDO CURSO/BDFI/practica_docker/env/lib/python3.8/site-packages/airflow/example_dags/example_latest_only.py
[2025-01-12 14:09:24,391] {processor.py:623} INFO - DAG(s) dict_keys(['latest_only']) retrieved from /home/jorge/Desktop/MÁSTER/SEGUNDO CURSO/BDFI/practica_docker/env/lib/python3.8/site-packages/airflow/example_dags/example_latest_only.py
[2025-01-12 14:09:24,400] {logging_mixin.py:109} INFO - [2025-01-12 14:09:24,400] {dag.py:1834} INFO - Sync 1 DAGs
[2025-01-12 14:09:24,405] {logging_mixin.py:109} INFO - [2025-01-12 14:09:24,405] {dag.py:2287} INFO - Setting next_dagrun for latest_only to 2025-01-10 00:00:00+00:00
[2025-01-12 14:09:24,413] {processor.py:170} INFO - Processing /home/jorge/Desktop/MÁSTER/SEGUNDO CURSO/BDFI/practica_docker/env/lib/python3.8/site-packages/airflow/example_dags/example_latest_only.py took 0.039 seconds
[2025-01-12 14:09:58,728] {processor.py:162} INFO - Started process (PID=284797) to work on /home/jorge/Desktop/MÁSTER/SEGUNDO CURSO/BDFI/practica_docker/env/lib/python3.8/site-packages/airflow/example_dags/example_latest_only.py
[2025-01-12 14:09:58,734] {processor.py:613} INFO - Processing file /home/jorge/Desktop/MÁSTER/SEGUNDO CURSO/BDFI/practica_docker/env/lib/python3.8/site-packages/airflow/example_dags/example_latest_only.py for tasks to queue
[2025-01-12 14:09:58,735] {logging_mixin.py:109} INFO - [2025-01-12 14:09:58,735] {dagbag.py:496} INFO - Filling up the DagBag from /home/jorge/Desktop/MÁSTER/SEGUNDO CURSO/BDFI/practica_docker/env/lib/python3.8/site-packages/airflow/example_dags/example_latest_only.py
[2025-01-12 14:09:58,743] {processor.py:623} INFO - DAG(s) dict_keys(['latest_only']) retrieved from /home/jorge/Desktop/MÁSTER/SEGUNDO CURSO/BDFI/practica_docker/env/lib/python3.8/site-packages/airflow/example_dags/example_latest_only.py
[2025-01-12 14:09:58,752] {logging_mixin.py:109} INFO - [2025-01-12 14:09:58,752] {dag.py:1834} INFO - Sync 1 DAGs
[2025-01-12 14:09:58,758] {logging_mixin.py:109} INFO - [2025-01-12 14:09:58,758] {dag.py:2287} INFO - Setting next_dagrun for latest_only to 2025-01-10 00:00:00+00:00
[2025-01-12 14:09:58,766] {processor.py:170} INFO - Processing /home/jorge/Desktop/MÁSTER/SEGUNDO CURSO/BDFI/practica_docker/env/lib/python3.8/site-packages/airflow/example_dags/example_latest_only.py took 0.042 seconds
[2025-01-12 14:10:30,433] {processor.py:162} INFO - Started process (PID=284935) to work on /home/jorge/Desktop/MÁSTER/SEGUNDO CURSO/BDFI/practica_docker/env/lib/python3.8/site-packages/airflow/example_dags/example_latest_only.py
[2025-01-12 14:10:30,440] {processor.py:613} INFO - Processing file /home/jorge/Desktop/MÁSTER/SEGUNDO CURSO/BDFI/practica_docker/env/lib/python3.8/site-packages/airflow/example_dags/example_latest_only.py for tasks to queue
[2025-01-12 14:10:30,441] {logging_mixin.py:109} INFO - [2025-01-12 14:10:30,441] {dagbag.py:496} INFO - Filling up the DagBag from /home/jorge/Desktop/MÁSTER/SEGUNDO CURSO/BDFI/practica_docker/env/lib/python3.8/site-packages/airflow/example_dags/example_latest_only.py
[2025-01-12 14:10:30,448] {processor.py:623} INFO - DAG(s) dict_keys(['latest_only']) retrieved from /home/jorge/Desktop/MÁSTER/SEGUNDO CURSO/BDFI/practica_docker/env/lib/python3.8/site-packages/airflow/example_dags/example_latest_only.py
[2025-01-12 14:10:30,457] {logging_mixin.py:109} INFO - [2025-01-12 14:10:30,457] {dag.py:1834} INFO - Sync 1 DAGs
[2025-01-12 14:10:30,462] {logging_mixin.py:109} INFO - [2025-01-12 14:10:30,462] {dag.py:2287} INFO - Setting next_dagrun for latest_only to 2025-01-10 00:00:00+00:00
[2025-01-12 14:10:30,469] {processor.py:170} INFO - Processing /home/jorge/Desktop/MÁSTER/SEGUNDO CURSO/BDFI/practica_docker/env/lib/python3.8/site-packages/airflow/example_dags/example_latest_only.py took 0.039 seconds
[2025-01-12 14:11:08,744] {processor.py:162} INFO - Started process (PID=285228) to work on /home/jorge/Desktop/MÁSTER/SEGUNDO CURSO/BDFI/practica_docker/env/lib/python3.8/site-packages/airflow/example_dags/example_latest_only.py
[2025-01-12 14:11:08,750] {processor.py:613} INFO - Processing file /home/jorge/Desktop/MÁSTER/SEGUNDO CURSO/BDFI/practica_docker/env/lib/python3.8/site-packages/airflow/example_dags/example_latest_only.py for tasks to queue
[2025-01-12 14:11:08,751] {logging_mixin.py:109} INFO - [2025-01-12 14:11:08,751] {dagbag.py:496} INFO - Filling up the DagBag from /home/jorge/Desktop/MÁSTER/SEGUNDO CURSO/BDFI/practica_docker/env/lib/python3.8/site-packages/airflow/example_dags/example_latest_only.py
[2025-01-12 14:11:08,759] {processor.py:623} INFO - DAG(s) dict_keys(['latest_only']) retrieved from /home/jorge/Desktop/MÁSTER/SEGUNDO CURSO/BDFI/practica_docker/env/lib/python3.8/site-packages/airflow/example_dags/example_latest_only.py
[2025-01-12 14:11:08,772] {logging_mixin.py:109} INFO - [2025-01-12 14:11:08,772] {dag.py:1834} INFO - Sync 1 DAGs
[2025-01-12 14:11:08,776] {logging_mixin.py:109} INFO - [2025-01-12 14:11:08,776] {dag.py:2287} INFO - Setting next_dagrun for latest_only to 2025-01-10 00:00:00+00:00
[2025-01-12 14:11:08,785] {processor.py:170} INFO - Processing /home/jorge/Desktop/MÁSTER/SEGUNDO CURSO/BDFI/practica_docker/env/lib/python3.8/site-packages/airflow/example_dags/example_latest_only.py took 0.045 seconds
[2025-01-12 14:11:41,722] {processor.py:162} INFO - Started process (PID=285410) to work on /home/jorge/Desktop/MÁSTER/SEGUNDO CURSO/BDFI/practica_docker/env/lib/python3.8/site-packages/airflow/example_dags/example_latest_only.py
[2025-01-12 14:11:41,723] {processor.py:613} INFO - Processing file /home/jorge/Desktop/MÁSTER/SEGUNDO CURSO/BDFI/practica_docker/env/lib/python3.8/site-packages/airflow/example_dags/example_latest_only.py for tasks to queue
[2025-01-12 14:11:41,724] {logging_mixin.py:109} INFO - [2025-01-12 14:11:41,724] {dagbag.py:496} INFO - Filling up the DagBag from /home/jorge/Desktop/MÁSTER/SEGUNDO CURSO/BDFI/practica_docker/env/lib/python3.8/site-packages/airflow/example_dags/example_latest_only.py
[2025-01-12 14:11:41,730] {processor.py:623} INFO - DAG(s) dict_keys(['latest_only']) retrieved from /home/jorge/Desktop/MÁSTER/SEGUNDO CURSO/BDFI/practica_docker/env/lib/python3.8/site-packages/airflow/example_dags/example_latest_only.py
[2025-01-12 14:11:41,741] {logging_mixin.py:109} INFO - [2025-01-12 14:11:41,741] {dag.py:1834} INFO - Sync 1 DAGs
[2025-01-12 14:11:41,750] {logging_mixin.py:109} INFO - [2025-01-12 14:11:41,749] {dag.py:2287} INFO - Setting next_dagrun for latest_only to 2025-01-10 00:00:00+00:00
[2025-01-12 14:11:41,760] {processor.py:170} INFO - Processing /home/jorge/Desktop/MÁSTER/SEGUNDO CURSO/BDFI/practica_docker/env/lib/python3.8/site-packages/airflow/example_dags/example_latest_only.py took 0.043 seconds
[2025-01-12 14:12:16,500] {processor.py:162} INFO - Started process (PID=285569) to work on /home/jorge/Desktop/MÁSTER/SEGUNDO CURSO/BDFI/practica_docker/env/lib/python3.8/site-packages/airflow/example_dags/example_latest_only.py
[2025-01-12 14:12:16,508] {processor.py:613} INFO - Processing file /home/jorge/Desktop/MÁSTER/SEGUNDO CURSO/BDFI/practica_docker/env/lib/python3.8/site-packages/airflow/example_dags/example_latest_only.py for tasks to queue
[2025-01-12 14:12:16,508] {logging_mixin.py:109} INFO - [2025-01-12 14:12:16,508] {dagbag.py:496} INFO - Filling up the DagBag from /home/jorge/Desktop/MÁSTER/SEGUNDO CURSO/BDFI/practica_docker/env/lib/python3.8/site-packages/airflow/example_dags/example_latest_only.py
[2025-01-12 14:12:16,515] {processor.py:623} INFO - DAG(s) dict_keys(['latest_only']) retrieved from /home/jorge/Desktop/MÁSTER/SEGUNDO CURSO/BDFI/practica_docker/env/lib/python3.8/site-packages/airflow/example_dags/example_latest_only.py
[2025-01-12 14:12:16,525] {logging_mixin.py:109} INFO - [2025-01-12 14:12:16,525] {dag.py:1834} INFO - Sync 1 DAGs
[2025-01-12 14:12:16,529] {logging_mixin.py:109} INFO - [2025-01-12 14:12:16,529] {dag.py:2287} INFO - Setting next_dagrun for latest_only to 2025-01-10 00:00:00+00:00
[2025-01-12 14:12:16,537] {processor.py:170} INFO - Processing /home/jorge/Desktop/MÁSTER/SEGUNDO CURSO/BDFI/practica_docker/env/lib/python3.8/site-packages/airflow/example_dags/example_latest_only.py took 0.040 seconds
[2025-01-12 14:12:49,341] {processor.py:162} INFO - Started process (PID=285719) to work on /home/jorge/Desktop/MÁSTER/SEGUNDO CURSO/BDFI/practica_docker/env/lib/python3.8/site-packages/airflow/example_dags/example_latest_only.py
[2025-01-12 14:12:49,347] {processor.py:613} INFO - Processing file /home/jorge/Desktop/MÁSTER/SEGUNDO CURSO/BDFI/practica_docker/env/lib/python3.8/site-packages/airflow/example_dags/example_latest_only.py for tasks to queue
[2025-01-12 14:12:49,348] {logging_mixin.py:109} INFO - [2025-01-12 14:12:49,348] {dagbag.py:496} INFO - Filling up the DagBag from /home/jorge/Desktop/MÁSTER/SEGUNDO CURSO/BDFI/practica_docker/env/lib/python3.8/site-packages/airflow/example_dags/example_latest_only.py
[2025-01-12 14:12:49,355] {processor.py:623} INFO - DAG(s) dict_keys(['latest_only']) retrieved from /home/jorge/Desktop/MÁSTER/SEGUNDO CURSO/BDFI/practica_docker/env/lib/python3.8/site-packages/airflow/example_dags/example_latest_only.py
[2025-01-12 14:12:49,365] {logging_mixin.py:109} INFO - [2025-01-12 14:12:49,365] {dag.py:1834} INFO - Sync 1 DAGs
[2025-01-12 14:12:49,369] {logging_mixin.py:109} INFO - [2025-01-12 14:12:49,369] {dag.py:2287} INFO - Setting next_dagrun for latest_only to 2025-01-10 00:00:00+00:00
[2025-01-12 14:12:49,376] {processor.py:170} INFO - Processing /home/jorge/Desktop/MÁSTER/SEGUNDO CURSO/BDFI/practica_docker/env/lib/python3.8/site-packages/airflow/example_dags/example_latest_only.py took 0.038 seconds
[2025-01-12 14:13:22,490] {processor.py:162} INFO - Started process (PID=285866) to work on /home/jorge/Desktop/MÁSTER/SEGUNDO CURSO/BDFI/practica_docker/env/lib/python3.8/site-packages/airflow/example_dags/example_latest_only.py
[2025-01-12 14:13:22,491] {processor.py:613} INFO - Processing file /home/jorge/Desktop/MÁSTER/SEGUNDO CURSO/BDFI/practica_docker/env/lib/python3.8/site-packages/airflow/example_dags/example_latest_only.py for tasks to queue
[2025-01-12 14:13:22,492] {logging_mixin.py:109} INFO - [2025-01-12 14:13:22,492] {dagbag.py:496} INFO - Filling up the DagBag from /home/jorge/Desktop/MÁSTER/SEGUNDO CURSO/BDFI/practica_docker/env/lib/python3.8/site-packages/airflow/example_dags/example_latest_only.py
[2025-01-12 14:13:22,498] {processor.py:623} INFO - DAG(s) dict_keys(['latest_only']) retrieved from /home/jorge/Desktop/MÁSTER/SEGUNDO CURSO/BDFI/practica_docker/env/lib/python3.8/site-packages/airflow/example_dags/example_latest_only.py
[2025-01-12 14:13:22,506] {logging_mixin.py:109} INFO - [2025-01-12 14:13:22,506] {dag.py:1834} INFO - Sync 1 DAGs
[2025-01-12 14:13:22,510] {logging_mixin.py:109} INFO - [2025-01-12 14:13:22,510] {dag.py:2287} INFO - Setting next_dagrun for latest_only to 2025-01-10 00:00:00+00:00
[2025-01-12 14:13:22,518] {processor.py:170} INFO - Processing /home/jorge/Desktop/MÁSTER/SEGUNDO CURSO/BDFI/practica_docker/env/lib/python3.8/site-packages/airflow/example_dags/example_latest_only.py took 0.030 seconds
[2025-01-12 14:13:55,092] {processor.py:162} INFO - Started process (PID=286027) to work on /home/jorge/Desktop/MÁSTER/SEGUNDO CURSO/BDFI/practica_docker/env/lib/python3.8/site-packages/airflow/example_dags/example_latest_only.py
[2025-01-12 14:13:55,093] {processor.py:613} INFO - Processing file /home/jorge/Desktop/MÁSTER/SEGUNDO CURSO/BDFI/practica_docker/env/lib/python3.8/site-packages/airflow/example_dags/example_latest_only.py for tasks to queue
[2025-01-12 14:13:55,094] {logging_mixin.py:109} INFO - [2025-01-12 14:13:55,094] {dagbag.py:496} INFO - Filling up the DagBag from /home/jorge/Desktop/MÁSTER/SEGUNDO CURSO/BDFI/practica_docker/env/lib/python3.8/site-packages/airflow/example_dags/example_latest_only.py
[2025-01-12 14:13:55,101] {processor.py:623} INFO - DAG(s) dict_keys(['latest_only']) retrieved from /home/jorge/Desktop/MÁSTER/SEGUNDO CURSO/BDFI/practica_docker/env/lib/python3.8/site-packages/airflow/example_dags/example_latest_only.py
[2025-01-12 14:13:55,109] {logging_mixin.py:109} INFO - [2025-01-12 14:13:55,109] {dag.py:1834} INFO - Sync 1 DAGs
[2025-01-12 14:13:55,114] {logging_mixin.py:109} INFO - [2025-01-12 14:13:55,114] {dag.py:2287} INFO - Setting next_dagrun for latest_only to 2025-01-10 00:00:00+00:00
[2025-01-12 14:13:55,121] {processor.py:170} INFO - Processing /home/jorge/Desktop/MÁSTER/SEGUNDO CURSO/BDFI/practica_docker/env/lib/python3.8/site-packages/airflow/example_dags/example_latest_only.py took 0.033 seconds
[2025-01-12 14:14:27,510] {processor.py:162} INFO - Started process (PID=286178) to work on /home/jorge/Desktop/MÁSTER/SEGUNDO CURSO/BDFI/practica_docker/env/lib/python3.8/site-packages/airflow/example_dags/example_latest_only.py
[2025-01-12 14:14:27,512] {processor.py:613} INFO - Processing file /home/jorge/Desktop/MÁSTER/SEGUNDO CURSO/BDFI/practica_docker/env/lib/python3.8/site-packages/airflow/example_dags/example_latest_only.py for tasks to queue
[2025-01-12 14:14:27,513] {logging_mixin.py:109} INFO - [2025-01-12 14:14:27,513] {dagbag.py:496} INFO - Filling up the DagBag from /home/jorge/Desktop/MÁSTER/SEGUNDO CURSO/BDFI/practica_docker/env/lib/python3.8/site-packages/airflow/example_dags/example_latest_only.py
[2025-01-12 14:14:27,520] {processor.py:623} INFO - DAG(s) dict_keys(['latest_only']) retrieved from /home/jorge/Desktop/MÁSTER/SEGUNDO CURSO/BDFI/practica_docker/env/lib/python3.8/site-packages/airflow/example_dags/example_latest_only.py
[2025-01-12 14:14:27,529] {logging_mixin.py:109} INFO - [2025-01-12 14:14:27,529] {dag.py:1834} INFO - Sync 1 DAGs
[2025-01-12 14:14:27,533] {logging_mixin.py:109} INFO - [2025-01-12 14:14:27,533] {dag.py:2287} INFO - Setting next_dagrun for latest_only to 2025-01-10 00:00:00+00:00
[2025-01-12 14:14:27,541] {processor.py:170} INFO - Processing /home/jorge/Desktop/MÁSTER/SEGUNDO CURSO/BDFI/practica_docker/env/lib/python3.8/site-packages/airflow/example_dags/example_latest_only.py took 0.034 seconds
[2025-01-12 14:15:00,998] {processor.py:162} INFO - Started process (PID=286450) to work on /home/jorge/Desktop/MÁSTER/SEGUNDO CURSO/BDFI/practica_docker/env/lib/python3.8/site-packages/airflow/example_dags/example_latest_only.py
[2025-01-12 14:15:01,004] {processor.py:613} INFO - Processing file /home/jorge/Desktop/MÁSTER/SEGUNDO CURSO/BDFI/practica_docker/env/lib/python3.8/site-packages/airflow/example_dags/example_latest_only.py for tasks to queue
[2025-01-12 14:15:01,005] {logging_mixin.py:109} INFO - [2025-01-12 14:15:01,005] {dagbag.py:496} INFO - Filling up the DagBag from /home/jorge/Desktop/MÁSTER/SEGUNDO CURSO/BDFI/practica_docker/env/lib/python3.8/site-packages/airflow/example_dags/example_latest_only.py
[2025-01-12 14:15:01,013] {processor.py:623} INFO - DAG(s) dict_keys(['latest_only']) retrieved from /home/jorge/Desktop/MÁSTER/SEGUNDO CURSO/BDFI/practica_docker/env/lib/python3.8/site-packages/airflow/example_dags/example_latest_only.py
[2025-01-12 14:15:01,022] {logging_mixin.py:109} INFO - [2025-01-12 14:15:01,022] {dag.py:1834} INFO - Sync 1 DAGs
[2025-01-12 14:15:01,026] {logging_mixin.py:109} INFO - [2025-01-12 14:15:01,026] {dag.py:2287} INFO - Setting next_dagrun for latest_only to 2025-01-10 00:00:00+00:00
[2025-01-12 14:15:01,033] {processor.py:170} INFO - Processing /home/jorge/Desktop/MÁSTER/SEGUNDO CURSO/BDFI/practica_docker/env/lib/python3.8/site-packages/airflow/example_dags/example_latest_only.py took 0.037 seconds
[2025-01-12 14:15:33,153] {processor.py:162} INFO - Started process (PID=286901) to work on /home/jorge/Desktop/MÁSTER/SEGUNDO CURSO/BDFI/practica_docker/env/lib/python3.8/site-packages/airflow/example_dags/example_latest_only.py
[2025-01-12 14:15:33,154] {processor.py:613} INFO - Processing file /home/jorge/Desktop/MÁSTER/SEGUNDO CURSO/BDFI/practica_docker/env/lib/python3.8/site-packages/airflow/example_dags/example_latest_only.py for tasks to queue
[2025-01-12 14:15:33,154] {logging_mixin.py:109} INFO - [2025-01-12 14:15:33,154] {dagbag.py:496} INFO - Filling up the DagBag from /home/jorge/Desktop/MÁSTER/SEGUNDO CURSO/BDFI/practica_docker/env/lib/python3.8/site-packages/airflow/example_dags/example_latest_only.py
[2025-01-12 14:15:33,158] {processor.py:623} INFO - DAG(s) dict_keys(['latest_only']) retrieved from /home/jorge/Desktop/MÁSTER/SEGUNDO CURSO/BDFI/practica_docker/env/lib/python3.8/site-packages/airflow/example_dags/example_latest_only.py
[2025-01-12 14:15:33,168] {logging_mixin.py:109} INFO - [2025-01-12 14:15:33,168] {dag.py:1834} INFO - Sync 1 DAGs
[2025-01-12 14:15:33,174] {logging_mixin.py:109} INFO - [2025-01-12 14:15:33,174] {dag.py:2287} INFO - Setting next_dagrun for latest_only to 2025-01-10 00:00:00+00:00
[2025-01-12 14:15:33,183] {processor.py:170} INFO - Processing /home/jorge/Desktop/MÁSTER/SEGUNDO CURSO/BDFI/practica_docker/env/lib/python3.8/site-packages/airflow/example_dags/example_latest_only.py took 0.031 seconds
[2025-01-12 14:16:18,394] {processor.py:162} INFO - Started process (PID=289859) to work on /home/jorge/Desktop/MÁSTER/SEGUNDO CURSO/BDFI/practica_docker/env/lib/python3.8/site-packages/airflow/example_dags/example_latest_only.py
[2025-01-12 14:16:18,401] {processor.py:613} INFO - Processing file /home/jorge/Desktop/MÁSTER/SEGUNDO CURSO/BDFI/practica_docker/env/lib/python3.8/site-packages/airflow/example_dags/example_latest_only.py for tasks to queue
[2025-01-12 14:16:18,402] {logging_mixin.py:109} INFO - [2025-01-12 14:16:18,402] {dagbag.py:496} INFO - Filling up the DagBag from /home/jorge/Desktop/MÁSTER/SEGUNDO CURSO/BDFI/practica_docker/env/lib/python3.8/site-packages/airflow/example_dags/example_latest_only.py
[2025-01-12 14:16:18,410] {processor.py:623} INFO - DAG(s) dict_keys(['latest_only']) retrieved from /home/jorge/Desktop/MÁSTER/SEGUNDO CURSO/BDFI/practica_docker/env/lib/python3.8/site-packages/airflow/example_dags/example_latest_only.py
[2025-01-12 14:16:18,419] {logging_mixin.py:109} INFO - [2025-01-12 14:16:18,419] {dag.py:1834} INFO - Sync 1 DAGs
[2025-01-12 14:16:18,425] {logging_mixin.py:109} INFO - [2025-01-12 14:16:18,425] {dag.py:2287} INFO - Setting next_dagrun for latest_only to 2025-01-10 00:00:00+00:00
[2025-01-12 14:16:18,433] {processor.py:170} INFO - Processing /home/jorge/Desktop/MÁSTER/SEGUNDO CURSO/BDFI/practica_docker/env/lib/python3.8/site-packages/airflow/example_dags/example_latest_only.py took 0.041 seconds
[2025-01-12 14:16:54,769] {processor.py:162} INFO - Started process (PID=290592) to work on /home/jorge/Desktop/MÁSTER/SEGUNDO CURSO/BDFI/practica_docker/env/lib/python3.8/site-packages/airflow/example_dags/example_latest_only.py
[2025-01-12 14:16:54,773] {processor.py:613} INFO - Processing file /home/jorge/Desktop/MÁSTER/SEGUNDO CURSO/BDFI/practica_docker/env/lib/python3.8/site-packages/airflow/example_dags/example_latest_only.py for tasks to queue
[2025-01-12 14:16:54,775] {logging_mixin.py:109} INFO - [2025-01-12 14:16:54,775] {dagbag.py:496} INFO - Filling up the DagBag from /home/jorge/Desktop/MÁSTER/SEGUNDO CURSO/BDFI/practica_docker/env/lib/python3.8/site-packages/airflow/example_dags/example_latest_only.py
[2025-01-12 14:16:54,786] {processor.py:623} INFO - DAG(s) dict_keys(['latest_only']) retrieved from /home/jorge/Desktop/MÁSTER/SEGUNDO CURSO/BDFI/practica_docker/env/lib/python3.8/site-packages/airflow/example_dags/example_latest_only.py
[2025-01-12 14:16:54,803] {logging_mixin.py:109} INFO - [2025-01-12 14:16:54,802] {dag.py:1834} INFO - Sync 1 DAGs
[2025-01-12 14:16:54,814] {logging_mixin.py:109} INFO - [2025-01-12 14:16:54,814] {dag.py:2287} INFO - Setting next_dagrun for latest_only to 2025-01-10 00:00:00+00:00
[2025-01-12 14:16:54,832] {processor.py:170} INFO - Processing /home/jorge/Desktop/MÁSTER/SEGUNDO CURSO/BDFI/practica_docker/env/lib/python3.8/site-packages/airflow/example_dags/example_latest_only.py took 0.069 seconds
[2025-01-12 14:17:29,136] {processor.py:162} INFO - Started process (PID=290981) to work on /home/jorge/Desktop/MÁSTER/SEGUNDO CURSO/BDFI/practica_docker/env/lib/python3.8/site-packages/airflow/example_dags/example_latest_only.py
[2025-01-12 14:17:29,137] {processor.py:613} INFO - Processing file /home/jorge/Desktop/MÁSTER/SEGUNDO CURSO/BDFI/practica_docker/env/lib/python3.8/site-packages/airflow/example_dags/example_latest_only.py for tasks to queue
[2025-01-12 14:17:29,138] {logging_mixin.py:109} INFO - [2025-01-12 14:17:29,138] {dagbag.py:496} INFO - Filling up the DagBag from /home/jorge/Desktop/MÁSTER/SEGUNDO CURSO/BDFI/practica_docker/env/lib/python3.8/site-packages/airflow/example_dags/example_latest_only.py
[2025-01-12 14:17:29,142] {processor.py:623} INFO - DAG(s) dict_keys(['latest_only']) retrieved from /home/jorge/Desktop/MÁSTER/SEGUNDO CURSO/BDFI/practica_docker/env/lib/python3.8/site-packages/airflow/example_dags/example_latest_only.py
[2025-01-12 14:17:29,152] {logging_mixin.py:109} INFO - [2025-01-12 14:17:29,152] {dag.py:1834} INFO - Sync 1 DAGs
[2025-01-12 14:17:29,160] {logging_mixin.py:109} INFO - [2025-01-12 14:17:29,160] {dag.py:2287} INFO - Setting next_dagrun for latest_only to 2025-01-10 00:00:00+00:00
[2025-01-12 14:17:29,170] {processor.py:170} INFO - Processing /home/jorge/Desktop/MÁSTER/SEGUNDO CURSO/BDFI/practica_docker/env/lib/python3.8/site-packages/airflow/example_dags/example_latest_only.py took 0.036 seconds
[2025-01-12 14:18:02,085] {processor.py:162} INFO - Started process (PID=291142) to work on /home/jorge/Desktop/MÁSTER/SEGUNDO CURSO/BDFI/practica_docker/env/lib/python3.8/site-packages/airflow/example_dags/example_latest_only.py
[2025-01-12 14:18:02,086] {processor.py:613} INFO - Processing file /home/jorge/Desktop/MÁSTER/SEGUNDO CURSO/BDFI/practica_docker/env/lib/python3.8/site-packages/airflow/example_dags/example_latest_only.py for tasks to queue
[2025-01-12 14:18:02,087] {logging_mixin.py:109} INFO - [2025-01-12 14:18:02,087] {dagbag.py:496} INFO - Filling up the DagBag from /home/jorge/Desktop/MÁSTER/SEGUNDO CURSO/BDFI/practica_docker/env/lib/python3.8/site-packages/airflow/example_dags/example_latest_only.py
[2025-01-12 14:18:02,091] {processor.py:623} INFO - DAG(s) dict_keys(['latest_only']) retrieved from /home/jorge/Desktop/MÁSTER/SEGUNDO CURSO/BDFI/practica_docker/env/lib/python3.8/site-packages/airflow/example_dags/example_latest_only.py
[2025-01-12 14:18:02,102] {logging_mixin.py:109} INFO - [2025-01-12 14:18:02,102] {dag.py:1834} INFO - Sync 1 DAGs
[2025-01-12 14:18:02,110] {logging_mixin.py:109} INFO - [2025-01-12 14:18:02,110] {dag.py:2287} INFO - Setting next_dagrun for latest_only to 2025-01-10 00:00:00+00:00
[2025-01-12 14:18:02,121] {processor.py:170} INFO - Processing /home/jorge/Desktop/MÁSTER/SEGUNDO CURSO/BDFI/practica_docker/env/lib/python3.8/site-packages/airflow/example_dags/example_latest_only.py took 0.038 seconds
[2025-01-12 14:18:35,568] {processor.py:162} INFO - Started process (PID=291628) to work on /home/jorge/Desktop/MÁSTER/SEGUNDO CURSO/BDFI/practica_docker/env/lib/python3.8/site-packages/airflow/example_dags/example_latest_only.py
[2025-01-12 14:18:35,569] {processor.py:613} INFO - Processing file /home/jorge/Desktop/MÁSTER/SEGUNDO CURSO/BDFI/practica_docker/env/lib/python3.8/site-packages/airflow/example_dags/example_latest_only.py for tasks to queue
[2025-01-12 14:18:35,570] {logging_mixin.py:109} INFO - [2025-01-12 14:18:35,569] {dagbag.py:496} INFO - Filling up the DagBag from /home/jorge/Desktop/MÁSTER/SEGUNDO CURSO/BDFI/practica_docker/env/lib/python3.8/site-packages/airflow/example_dags/example_latest_only.py
[2025-01-12 14:18:35,574] {processor.py:623} INFO - DAG(s) dict_keys(['latest_only']) retrieved from /home/jorge/Desktop/MÁSTER/SEGUNDO CURSO/BDFI/practica_docker/env/lib/python3.8/site-packages/airflow/example_dags/example_latest_only.py
[2025-01-12 14:18:35,591] {logging_mixin.py:109} INFO - [2025-01-12 14:18:35,591] {dag.py:1834} INFO - Sync 1 DAGs
[2025-01-12 14:18:35,604] {logging_mixin.py:109} INFO - [2025-01-12 14:18:35,604] {dag.py:2287} INFO - Setting next_dagrun for latest_only to 2025-01-10 00:00:00+00:00
[2025-01-12 14:18:35,619] {processor.py:170} INFO - Processing /home/jorge/Desktop/MÁSTER/SEGUNDO CURSO/BDFI/practica_docker/env/lib/python3.8/site-packages/airflow/example_dags/example_latest_only.py took 0.054 seconds
[2025-01-12 14:19:08,166] {processor.py:162} INFO - Started process (PID=292100) to work on /home/jorge/Desktop/MÁSTER/SEGUNDO CURSO/BDFI/practica_docker/env/lib/python3.8/site-packages/airflow/example_dags/example_latest_only.py
[2025-01-12 14:19:08,167] {processor.py:613} INFO - Processing file /home/jorge/Desktop/MÁSTER/SEGUNDO CURSO/BDFI/practica_docker/env/lib/python3.8/site-packages/airflow/example_dags/example_latest_only.py for tasks to queue
[2025-01-12 14:19:08,168] {logging_mixin.py:109} INFO - [2025-01-12 14:19:08,168] {dagbag.py:496} INFO - Filling up the DagBag from /home/jorge/Desktop/MÁSTER/SEGUNDO CURSO/BDFI/practica_docker/env/lib/python3.8/site-packages/airflow/example_dags/example_latest_only.py
[2025-01-12 14:19:08,173] {processor.py:623} INFO - DAG(s) dict_keys(['latest_only']) retrieved from /home/jorge/Desktop/MÁSTER/SEGUNDO CURSO/BDFI/practica_docker/env/lib/python3.8/site-packages/airflow/example_dags/example_latest_only.py
[2025-01-12 14:19:08,186] {logging_mixin.py:109} INFO - [2025-01-12 14:19:08,185] {dag.py:1834} INFO - Sync 1 DAGs
[2025-01-12 14:19:08,193] {logging_mixin.py:109} INFO - [2025-01-12 14:19:08,193] {dag.py:2287} INFO - Setting next_dagrun for latest_only to 2025-01-10 00:00:00+00:00
[2025-01-12 14:19:08,210] {processor.py:170} INFO - Processing /home/jorge/Desktop/MÁSTER/SEGUNDO CURSO/BDFI/practica_docker/env/lib/python3.8/site-packages/airflow/example_dags/example_latest_only.py took 0.048 seconds
[2025-01-12 14:19:44,285] {processor.py:162} INFO - Started process (PID=293007) to work on /home/jorge/Desktop/MÁSTER/SEGUNDO CURSO/BDFI/practica_docker/env/lib/python3.8/site-packages/airflow/example_dags/example_latest_only.py
[2025-01-12 14:19:44,286] {processor.py:613} INFO - Processing file /home/jorge/Desktop/MÁSTER/SEGUNDO CURSO/BDFI/practica_docker/env/lib/python3.8/site-packages/airflow/example_dags/example_latest_only.py for tasks to queue
[2025-01-12 14:19:44,287] {logging_mixin.py:109} INFO - [2025-01-12 14:19:44,287] {dagbag.py:496} INFO - Filling up the DagBag from /home/jorge/Desktop/MÁSTER/SEGUNDO CURSO/BDFI/practica_docker/env/lib/python3.8/site-packages/airflow/example_dags/example_latest_only.py
[2025-01-12 14:19:44,292] {processor.py:623} INFO - DAG(s) dict_keys(['latest_only']) retrieved from /home/jorge/Desktop/MÁSTER/SEGUNDO CURSO/BDFI/practica_docker/env/lib/python3.8/site-packages/airflow/example_dags/example_latest_only.py
[2025-01-12 14:19:44,303] {logging_mixin.py:109} INFO - [2025-01-12 14:19:44,302] {dag.py:1834} INFO - Sync 1 DAGs
[2025-01-12 14:19:44,310] {logging_mixin.py:109} INFO - [2025-01-12 14:19:44,309] {dag.py:2287} INFO - Setting next_dagrun for latest_only to 2025-01-10 00:00:00+00:00
[2025-01-12 14:19:44,319] {processor.py:170} INFO - Processing /home/jorge/Desktop/MÁSTER/SEGUNDO CURSO/BDFI/practica_docker/env/lib/python3.8/site-packages/airflow/example_dags/example_latest_only.py took 0.037 seconds
[2025-01-12 14:20:18,076] {processor.py:162} INFO - Started process (PID=293177) to work on /home/jorge/Desktop/MÁSTER/SEGUNDO CURSO/BDFI/practica_docker/env/lib/python3.8/site-packages/airflow/example_dags/example_latest_only.py
[2025-01-12 14:20:18,077] {processor.py:613} INFO - Processing file /home/jorge/Desktop/MÁSTER/SEGUNDO CURSO/BDFI/practica_docker/env/lib/python3.8/site-packages/airflow/example_dags/example_latest_only.py for tasks to queue
[2025-01-12 14:20:18,077] {logging_mixin.py:109} INFO - [2025-01-12 14:20:18,077] {dagbag.py:496} INFO - Filling up the DagBag from /home/jorge/Desktop/MÁSTER/SEGUNDO CURSO/BDFI/practica_docker/env/lib/python3.8/site-packages/airflow/example_dags/example_latest_only.py
[2025-01-12 14:20:18,101] {processor.py:623} INFO - DAG(s) dict_keys(['latest_only']) retrieved from /home/jorge/Desktop/MÁSTER/SEGUNDO CURSO/BDFI/practica_docker/env/lib/python3.8/site-packages/airflow/example_dags/example_latest_only.py
[2025-01-12 14:20:18,122] {logging_mixin.py:109} INFO - [2025-01-12 14:20:18,122] {dag.py:1834} INFO - Sync 1 DAGs
[2025-01-12 14:20:18,130] {logging_mixin.py:109} INFO - [2025-01-12 14:20:18,130] {dag.py:2287} INFO - Setting next_dagrun for latest_only to 2025-01-10 00:00:00+00:00
[2025-01-12 14:20:18,150] {processor.py:170} INFO - Processing /home/jorge/Desktop/MÁSTER/SEGUNDO CURSO/BDFI/practica_docker/env/lib/python3.8/site-packages/airflow/example_dags/example_latest_only.py took 0.078 seconds
