[2025-01-12 13:51:24,272] {processor.py:162} INFO - Started process (PID=281110) to work on /home/jorge/Desktop/MÁSTER/SEGUNDO CURSO/BDFI/practica_docker/env/lib/python3.8/site-packages/airflow/example_dags/example_branch_operator.py
[2025-01-12 13:51:24,275] {processor.py:613} INFO - Processing file /home/jorge/Desktop/MÁSTER/SEGUNDO CURSO/BDFI/practica_docker/env/lib/python3.8/site-packages/airflow/example_dags/example_branch_operator.py for tasks to queue
[2025-01-12 13:51:24,277] {logging_mixin.py:109} INFO - [2025-01-12 13:51:24,277] {dagbag.py:496} INFO - Filling up the DagBag from /home/jorge/Desktop/MÁSTER/SEGUNDO CURSO/BDFI/practica_docker/env/lib/python3.8/site-packages/airflow/example_dags/example_branch_operator.py
[2025-01-12 13:51:24,306] {processor.py:623} INFO - DAG(s) dict_keys(['example_branch_operator']) retrieved from /home/jorge/Desktop/MÁSTER/SEGUNDO CURSO/BDFI/practica_docker/env/lib/python3.8/site-packages/airflow/example_dags/example_branch_operator.py
[2025-01-12 13:51:24,325] {logging_mixin.py:109} INFO - [2025-01-12 13:51:24,325] {dag.py:1834} INFO - Sync 1 DAGs
[2025-01-12 13:51:24,346] {logging_mixin.py:109} INFO - [2025-01-12 13:51:24,346] {dag.py:2287} INFO - Setting next_dagrun for example_branch_operator to 2025-01-10 00:00:00+00:00
[2025-01-12 13:51:24,361] {processor.py:170} INFO - Processing /home/jorge/Desktop/MÁSTER/SEGUNDO CURSO/BDFI/practica_docker/env/lib/python3.8/site-packages/airflow/example_dags/example_branch_operator.py took 0.093 seconds
[2025-01-12 13:51:57,771] {processor.py:162} INFO - Started process (PID=281298) to work on /home/jorge/Desktop/MÁSTER/SEGUNDO CURSO/BDFI/practica_docker/env/lib/python3.8/site-packages/airflow/example_dags/example_branch_operator.py
[2025-01-12 13:51:57,773] {processor.py:613} INFO - Processing file /home/jorge/Desktop/MÁSTER/SEGUNDO CURSO/BDFI/practica_docker/env/lib/python3.8/site-packages/airflow/example_dags/example_branch_operator.py for tasks to queue
[2025-01-12 13:51:57,774] {logging_mixin.py:109} INFO - [2025-01-12 13:51:57,773] {dagbag.py:496} INFO - Filling up the DagBag from /home/jorge/Desktop/MÁSTER/SEGUNDO CURSO/BDFI/practica_docker/env/lib/python3.8/site-packages/airflow/example_dags/example_branch_operator.py
[2025-01-12 13:51:57,787] {processor.py:623} INFO - DAG(s) dict_keys(['example_branch_operator']) retrieved from /home/jorge/Desktop/MÁSTER/SEGUNDO CURSO/BDFI/practica_docker/env/lib/python3.8/site-packages/airflow/example_dags/example_branch_operator.py
[2025-01-12 13:51:57,796] {logging_mixin.py:109} INFO - [2025-01-12 13:51:57,796] {dag.py:1834} INFO - Sync 1 DAGs
[2025-01-12 13:51:57,804] {logging_mixin.py:109} INFO - [2025-01-12 13:51:57,804] {dag.py:2287} INFO - Setting next_dagrun for example_branch_operator to 2025-01-10 00:00:00+00:00
[2025-01-12 13:51:57,813] {processor.py:170} INFO - Processing /home/jorge/Desktop/MÁSTER/SEGUNDO CURSO/BDFI/practica_docker/env/lib/python3.8/site-packages/airflow/example_dags/example_branch_operator.py took 0.046 seconds
[2025-01-12 13:52:30,728] {processor.py:162} INFO - Started process (PID=281456) to work on /home/jorge/Desktop/MÁSTER/SEGUNDO CURSO/BDFI/practica_docker/env/lib/python3.8/site-packages/airflow/example_dags/example_branch_operator.py
[2025-01-12 13:52:30,730] {processor.py:613} INFO - Processing file /home/jorge/Desktop/MÁSTER/SEGUNDO CURSO/BDFI/practica_docker/env/lib/python3.8/site-packages/airflow/example_dags/example_branch_operator.py for tasks to queue
[2025-01-12 13:52:30,731] {logging_mixin.py:109} INFO - [2025-01-12 13:52:30,731] {dagbag.py:496} INFO - Filling up the DagBag from /home/jorge/Desktop/MÁSTER/SEGUNDO CURSO/BDFI/practica_docker/env/lib/python3.8/site-packages/airflow/example_dags/example_branch_operator.py
[2025-01-12 13:52:30,749] {processor.py:623} INFO - DAG(s) dict_keys(['example_branch_operator']) retrieved from /home/jorge/Desktop/MÁSTER/SEGUNDO CURSO/BDFI/practica_docker/env/lib/python3.8/site-packages/airflow/example_dags/example_branch_operator.py
[2025-01-12 13:52:30,759] {logging_mixin.py:109} INFO - [2025-01-12 13:52:30,759] {dag.py:1834} INFO - Sync 1 DAGs
[2025-01-12 13:52:30,768] {logging_mixin.py:109} INFO - [2025-01-12 13:52:30,768] {dag.py:2287} INFO - Setting next_dagrun for example_branch_operator to 2025-01-10 00:00:00+00:00
[2025-01-12 13:52:30,780] {processor.py:170} INFO - Processing /home/jorge/Desktop/MÁSTER/SEGUNDO CURSO/BDFI/practica_docker/env/lib/python3.8/site-packages/airflow/example_dags/example_branch_operator.py took 0.056 seconds
[2025-01-12 13:53:13,732] {processor.py:162} INFO - Started process (PID=281730) to work on /home/jorge/Desktop/MÁSTER/SEGUNDO CURSO/BDFI/practica_docker/env/lib/python3.8/site-packages/airflow/example_dags/example_branch_operator.py
[2025-01-12 13:53:13,734] {processor.py:613} INFO - Processing file /home/jorge/Desktop/MÁSTER/SEGUNDO CURSO/BDFI/practica_docker/env/lib/python3.8/site-packages/airflow/example_dags/example_branch_operator.py for tasks to queue
[2025-01-12 13:53:13,735] {logging_mixin.py:109} INFO - [2025-01-12 13:53:13,735] {dagbag.py:496} INFO - Filling up the DagBag from /home/jorge/Desktop/MÁSTER/SEGUNDO CURSO/BDFI/practica_docker/env/lib/python3.8/site-packages/airflow/example_dags/example_branch_operator.py
[2025-01-12 13:53:13,750] {processor.py:623} INFO - DAG(s) dict_keys(['example_branch_operator']) retrieved from /home/jorge/Desktop/MÁSTER/SEGUNDO CURSO/BDFI/practica_docker/env/lib/python3.8/site-packages/airflow/example_dags/example_branch_operator.py
[2025-01-12 13:53:13,762] {logging_mixin.py:109} INFO - [2025-01-12 13:53:13,762] {dag.py:1834} INFO - Sync 1 DAGs
[2025-01-12 13:53:13,776] {logging_mixin.py:109} INFO - [2025-01-12 13:53:13,775] {dag.py:2287} INFO - Setting next_dagrun for example_branch_operator to 2025-01-10 00:00:00+00:00
[2025-01-12 13:53:13,795] {processor.py:170} INFO - Processing /home/jorge/Desktop/MÁSTER/SEGUNDO CURSO/BDFI/practica_docker/env/lib/python3.8/site-packages/airflow/example_dags/example_branch_operator.py took 0.064 seconds
[2025-01-12 13:53:47,442] {processor.py:162} INFO - Started process (PID=281896) to work on /home/jorge/Desktop/MÁSTER/SEGUNDO CURSO/BDFI/practica_docker/env/lib/python3.8/site-packages/airflow/example_dags/example_branch_operator.py
[2025-01-12 13:53:47,443] {processor.py:613} INFO - Processing file /home/jorge/Desktop/MÁSTER/SEGUNDO CURSO/BDFI/practica_docker/env/lib/python3.8/site-packages/airflow/example_dags/example_branch_operator.py for tasks to queue
[2025-01-12 13:53:47,445] {logging_mixin.py:109} INFO - [2025-01-12 13:53:47,444] {dagbag.py:496} INFO - Filling up the DagBag from /home/jorge/Desktop/MÁSTER/SEGUNDO CURSO/BDFI/practica_docker/env/lib/python3.8/site-packages/airflow/example_dags/example_branch_operator.py
[2025-01-12 13:53:47,457] {processor.py:623} INFO - DAG(s) dict_keys(['example_branch_operator']) retrieved from /home/jorge/Desktop/MÁSTER/SEGUNDO CURSO/BDFI/practica_docker/env/lib/python3.8/site-packages/airflow/example_dags/example_branch_operator.py
[2025-01-12 13:53:47,468] {logging_mixin.py:109} INFO - [2025-01-12 13:53:47,468] {dag.py:1834} INFO - Sync 1 DAGs
[2025-01-12 13:53:47,476] {logging_mixin.py:109} INFO - [2025-01-12 13:53:47,476] {dag.py:2287} INFO - Setting next_dagrun for example_branch_operator to 2025-01-10 00:00:00+00:00
[2025-01-12 13:53:47,486] {processor.py:170} INFO - Processing /home/jorge/Desktop/MÁSTER/SEGUNDO CURSO/BDFI/practica_docker/env/lib/python3.8/site-packages/airflow/example_dags/example_branch_operator.py took 0.046 seconds
[2025-01-12 13:54:21,826] {processor.py:162} INFO - Started process (PID=282066) to work on /home/jorge/Desktop/MÁSTER/SEGUNDO CURSO/BDFI/practica_docker/env/lib/python3.8/site-packages/airflow/example_dags/example_branch_operator.py
[2025-01-12 13:54:21,826] {processor.py:613} INFO - Processing file /home/jorge/Desktop/MÁSTER/SEGUNDO CURSO/BDFI/practica_docker/env/lib/python3.8/site-packages/airflow/example_dags/example_branch_operator.py for tasks to queue
[2025-01-12 13:54:21,827] {logging_mixin.py:109} INFO - [2025-01-12 13:54:21,827] {dagbag.py:496} INFO - Filling up the DagBag from /home/jorge/Desktop/MÁSTER/SEGUNDO CURSO/BDFI/practica_docker/env/lib/python3.8/site-packages/airflow/example_dags/example_branch_operator.py
[2025-01-12 13:54:21,851] {processor.py:623} INFO - DAG(s) dict_keys(['example_branch_operator']) retrieved from /home/jorge/Desktop/MÁSTER/SEGUNDO CURSO/BDFI/practica_docker/env/lib/python3.8/site-packages/airflow/example_dags/example_branch_operator.py
[2025-01-12 13:54:21,867] {logging_mixin.py:109} INFO - [2025-01-12 13:54:21,867] {dag.py:1834} INFO - Sync 1 DAGs
[2025-01-12 13:54:21,876] {logging_mixin.py:109} INFO - [2025-01-12 13:54:21,876] {dag.py:2287} INFO - Setting next_dagrun for example_branch_operator to 2025-01-10 00:00:00+00:00
[2025-01-12 13:54:21,889] {processor.py:170} INFO - Processing /home/jorge/Desktop/MÁSTER/SEGUNDO CURSO/BDFI/practica_docker/env/lib/python3.8/site-packages/airflow/example_dags/example_branch_operator.py took 0.066 seconds
[2025-01-12 13:54:55,288] {processor.py:162} INFO - Started process (PID=282215) to work on /home/jorge/Desktop/MÁSTER/SEGUNDO CURSO/BDFI/practica_docker/env/lib/python3.8/site-packages/airflow/example_dags/example_branch_operator.py
[2025-01-12 13:54:55,290] {processor.py:613} INFO - Processing file /home/jorge/Desktop/MÁSTER/SEGUNDO CURSO/BDFI/practica_docker/env/lib/python3.8/site-packages/airflow/example_dags/example_branch_operator.py for tasks to queue
[2025-01-12 13:54:55,291] {logging_mixin.py:109} INFO - [2025-01-12 13:54:55,290] {dagbag.py:496} INFO - Filling up the DagBag from /home/jorge/Desktop/MÁSTER/SEGUNDO CURSO/BDFI/practica_docker/env/lib/python3.8/site-packages/airflow/example_dags/example_branch_operator.py
[2025-01-12 13:54:55,309] {processor.py:623} INFO - DAG(s) dict_keys(['example_branch_operator']) retrieved from /home/jorge/Desktop/MÁSTER/SEGUNDO CURSO/BDFI/practica_docker/env/lib/python3.8/site-packages/airflow/example_dags/example_branch_operator.py
[2025-01-12 13:54:55,321] {logging_mixin.py:109} INFO - [2025-01-12 13:54:55,321] {dag.py:1834} INFO - Sync 1 DAGs
[2025-01-12 13:54:55,331] {logging_mixin.py:109} INFO - [2025-01-12 13:54:55,331] {dag.py:2287} INFO - Setting next_dagrun for example_branch_operator to 2025-01-10 00:00:00+00:00
[2025-01-12 13:54:55,344] {processor.py:170} INFO - Processing /home/jorge/Desktop/MÁSTER/SEGUNDO CURSO/BDFI/practica_docker/env/lib/python3.8/site-packages/airflow/example_dags/example_branch_operator.py took 0.059 seconds
[2025-01-12 13:55:27,970] {processor.py:162} INFO - Started process (PID=282386) to work on /home/jorge/Desktop/MÁSTER/SEGUNDO CURSO/BDFI/practica_docker/env/lib/python3.8/site-packages/airflow/example_dags/example_branch_operator.py
[2025-01-12 13:55:27,972] {processor.py:613} INFO - Processing file /home/jorge/Desktop/MÁSTER/SEGUNDO CURSO/BDFI/practica_docker/env/lib/python3.8/site-packages/airflow/example_dags/example_branch_operator.py for tasks to queue
[2025-01-12 13:55:27,972] {logging_mixin.py:109} INFO - [2025-01-12 13:55:27,972] {dagbag.py:496} INFO - Filling up the DagBag from /home/jorge/Desktop/MÁSTER/SEGUNDO CURSO/BDFI/practica_docker/env/lib/python3.8/site-packages/airflow/example_dags/example_branch_operator.py
[2025-01-12 13:55:27,988] {processor.py:623} INFO - DAG(s) dict_keys(['example_branch_operator']) retrieved from /home/jorge/Desktop/MÁSTER/SEGUNDO CURSO/BDFI/practica_docker/env/lib/python3.8/site-packages/airflow/example_dags/example_branch_operator.py
[2025-01-12 13:55:27,999] {logging_mixin.py:109} INFO - [2025-01-12 13:55:27,998] {dag.py:1834} INFO - Sync 1 DAGs
[2025-01-12 13:55:28,008] {logging_mixin.py:109} INFO - [2025-01-12 13:55:28,008] {dag.py:2287} INFO - Setting next_dagrun for example_branch_operator to 2025-01-10 00:00:00+00:00
[2025-01-12 13:55:28,017] {processor.py:170} INFO - Processing /home/jorge/Desktop/MÁSTER/SEGUNDO CURSO/BDFI/practica_docker/env/lib/python3.8/site-packages/airflow/example_dags/example_branch_operator.py took 0.050 seconds
[2025-01-12 13:56:03,401] {processor.py:162} INFO - Started process (PID=282700) to work on /home/jorge/Desktop/MÁSTER/SEGUNDO CURSO/BDFI/practica_docker/env/lib/python3.8/site-packages/airflow/example_dags/example_branch_operator.py
[2025-01-12 13:56:03,402] {processor.py:613} INFO - Processing file /home/jorge/Desktop/MÁSTER/SEGUNDO CURSO/BDFI/practica_docker/env/lib/python3.8/site-packages/airflow/example_dags/example_branch_operator.py for tasks to queue
[2025-01-12 13:56:03,403] {logging_mixin.py:109} INFO - [2025-01-12 13:56:03,403] {dagbag.py:496} INFO - Filling up the DagBag from /home/jorge/Desktop/MÁSTER/SEGUNDO CURSO/BDFI/practica_docker/env/lib/python3.8/site-packages/airflow/example_dags/example_branch_operator.py
[2025-01-12 13:56:03,438] {processor.py:623} INFO - DAG(s) dict_keys(['example_branch_operator']) retrieved from /home/jorge/Desktop/MÁSTER/SEGUNDO CURSO/BDFI/practica_docker/env/lib/python3.8/site-packages/airflow/example_dags/example_branch_operator.py
[2025-01-12 13:56:03,456] {logging_mixin.py:109} INFO - [2025-01-12 13:56:03,456] {dag.py:1834} INFO - Sync 1 DAGs
[2025-01-12 13:56:03,471] {logging_mixin.py:109} INFO - [2025-01-12 13:56:03,471] {dag.py:2287} INFO - Setting next_dagrun for example_branch_operator to 2025-01-10 00:00:00+00:00
[2025-01-12 13:56:03,491] {processor.py:170} INFO - Processing /home/jorge/Desktop/MÁSTER/SEGUNDO CURSO/BDFI/practica_docker/env/lib/python3.8/site-packages/airflow/example_dags/example_branch_operator.py took 0.094 seconds
[2025-01-12 13:56:39,349] {processor.py:162} INFO - Started process (PID=282970) to work on /home/jorge/Desktop/MÁSTER/SEGUNDO CURSO/BDFI/practica_docker/env/lib/python3.8/site-packages/airflow/example_dags/example_branch_operator.py
[2025-01-12 13:56:39,350] {processor.py:613} INFO - Processing file /home/jorge/Desktop/MÁSTER/SEGUNDO CURSO/BDFI/practica_docker/env/lib/python3.8/site-packages/airflow/example_dags/example_branch_operator.py for tasks to queue
[2025-01-12 13:56:39,351] {logging_mixin.py:109} INFO - [2025-01-12 13:56:39,351] {dagbag.py:496} INFO - Filling up the DagBag from /home/jorge/Desktop/MÁSTER/SEGUNDO CURSO/BDFI/practica_docker/env/lib/python3.8/site-packages/airflow/example_dags/example_branch_operator.py
[2025-01-12 13:56:39,379] {processor.py:623} INFO - DAG(s) dict_keys(['example_branch_operator']) retrieved from /home/jorge/Desktop/MÁSTER/SEGUNDO CURSO/BDFI/practica_docker/env/lib/python3.8/site-packages/airflow/example_dags/example_branch_operator.py
[2025-01-12 13:56:39,397] {logging_mixin.py:109} INFO - [2025-01-12 13:56:39,397] {dag.py:1834} INFO - Sync 1 DAGs
[2025-01-12 13:56:39,413] {logging_mixin.py:109} INFO - [2025-01-12 13:56:39,412] {dag.py:2287} INFO - Setting next_dagrun for example_branch_operator to 2025-01-10 00:00:00+00:00
[2025-01-12 13:56:39,436] {processor.py:170} INFO - Processing /home/jorge/Desktop/MÁSTER/SEGUNDO CURSO/BDFI/practica_docker/env/lib/python3.8/site-packages/airflow/example_dags/example_branch_operator.py took 0.089 seconds
[2025-01-12 13:57:16,498] {processor.py:162} INFO - Started process (PID=283163) to work on /home/jorge/Desktop/MÁSTER/SEGUNDO CURSO/BDFI/practica_docker/env/lib/python3.8/site-packages/airflow/example_dags/example_branch_operator.py
[2025-01-12 13:57:16,499] {processor.py:613} INFO - Processing file /home/jorge/Desktop/MÁSTER/SEGUNDO CURSO/BDFI/practica_docker/env/lib/python3.8/site-packages/airflow/example_dags/example_branch_operator.py for tasks to queue
[2025-01-12 13:57:16,500] {logging_mixin.py:109} INFO - [2025-01-12 13:57:16,499] {dagbag.py:496} INFO - Filling up the DagBag from /home/jorge/Desktop/MÁSTER/SEGUNDO CURSO/BDFI/practica_docker/env/lib/python3.8/site-packages/airflow/example_dags/example_branch_operator.py
[2025-01-12 13:57:16,525] {processor.py:623} INFO - DAG(s) dict_keys(['example_branch_operator']) retrieved from /home/jorge/Desktop/MÁSTER/SEGUNDO CURSO/BDFI/practica_docker/env/lib/python3.8/site-packages/airflow/example_dags/example_branch_operator.py
[2025-01-12 13:57:16,540] {logging_mixin.py:109} INFO - [2025-01-12 13:57:16,540] {dag.py:1834} INFO - Sync 1 DAGs
[2025-01-12 13:57:16,555] {logging_mixin.py:109} INFO - [2025-01-12 13:57:16,555] {dag.py:2287} INFO - Setting next_dagrun for example_branch_operator to 2025-01-10 00:00:00+00:00
[2025-01-12 13:57:16,569] {processor.py:170} INFO - Processing /home/jorge/Desktop/MÁSTER/SEGUNDO CURSO/BDFI/practica_docker/env/lib/python3.8/site-packages/airflow/example_dags/example_branch_operator.py took 0.074 seconds
[2025-01-12 13:57:51,928] {processor.py:162} INFO - Started process (PID=283317) to work on /home/jorge/Desktop/MÁSTER/SEGUNDO CURSO/BDFI/practica_docker/env/lib/python3.8/site-packages/airflow/example_dags/example_branch_operator.py
[2025-01-12 13:57:51,930] {processor.py:613} INFO - Processing file /home/jorge/Desktop/MÁSTER/SEGUNDO CURSO/BDFI/practica_docker/env/lib/python3.8/site-packages/airflow/example_dags/example_branch_operator.py for tasks to queue
[2025-01-12 13:57:51,931] {logging_mixin.py:109} INFO - [2025-01-12 13:57:51,931] {dagbag.py:496} INFO - Filling up the DagBag from /home/jorge/Desktop/MÁSTER/SEGUNDO CURSO/BDFI/practica_docker/env/lib/python3.8/site-packages/airflow/example_dags/example_branch_operator.py
[2025-01-12 13:57:51,953] {processor.py:623} INFO - DAG(s) dict_keys(['example_branch_operator']) retrieved from /home/jorge/Desktop/MÁSTER/SEGUNDO CURSO/BDFI/practica_docker/env/lib/python3.8/site-packages/airflow/example_dags/example_branch_operator.py
[2025-01-12 13:57:51,968] {logging_mixin.py:109} INFO - [2025-01-12 13:57:51,968] {dag.py:1834} INFO - Sync 1 DAGs
[2025-01-12 13:57:51,980] {logging_mixin.py:109} INFO - [2025-01-12 13:57:51,980] {dag.py:2287} INFO - Setting next_dagrun for example_branch_operator to 2025-01-10 00:00:00+00:00
[2025-01-12 13:57:51,993] {processor.py:170} INFO - Processing /home/jorge/Desktop/MÁSTER/SEGUNDO CURSO/BDFI/practica_docker/env/lib/python3.8/site-packages/airflow/example_dags/example_branch_operator.py took 0.068 seconds
[2025-01-12 14:06:14,266] {processor.py:162} INFO - Started process (PID=283756) to work on /home/jorge/Desktop/MÁSTER/SEGUNDO CURSO/BDFI/practica_docker/env/lib/python3.8/site-packages/airflow/example_dags/example_branch_operator.py
[2025-01-12 14:06:14,273] {processor.py:613} INFO - Processing file /home/jorge/Desktop/MÁSTER/SEGUNDO CURSO/BDFI/practica_docker/env/lib/python3.8/site-packages/airflow/example_dags/example_branch_operator.py for tasks to queue
[2025-01-12 14:06:14,274] {logging_mixin.py:109} INFO - [2025-01-12 14:06:14,274] {dagbag.py:496} INFO - Filling up the DagBag from /home/jorge/Desktop/MÁSTER/SEGUNDO CURSO/BDFI/practica_docker/env/lib/python3.8/site-packages/airflow/example_dags/example_branch_operator.py
[2025-01-12 14:06:14,286] {processor.py:623} INFO - DAG(s) dict_keys(['example_branch_operator']) retrieved from /home/jorge/Desktop/MÁSTER/SEGUNDO CURSO/BDFI/practica_docker/env/lib/python3.8/site-packages/airflow/example_dags/example_branch_operator.py
[2025-01-12 14:06:14,294] {logging_mixin.py:109} INFO - [2025-01-12 14:06:14,294] {dag.py:1834} INFO - Sync 1 DAGs
[2025-01-12 14:06:14,300] {logging_mixin.py:109} INFO - [2025-01-12 14:06:14,300] {dag.py:2287} INFO - Setting next_dagrun for example_branch_operator to 2025-01-10 00:00:00+00:00
[2025-01-12 14:06:14,308] {processor.py:170} INFO - Processing /home/jorge/Desktop/MÁSTER/SEGUNDO CURSO/BDFI/practica_docker/env/lib/python3.8/site-packages/airflow/example_dags/example_branch_operator.py took 0.046 seconds
[2025-01-12 14:06:47,613] {processor.py:162} INFO - Started process (PID=283917) to work on /home/jorge/Desktop/MÁSTER/SEGUNDO CURSO/BDFI/practica_docker/env/lib/python3.8/site-packages/airflow/example_dags/example_branch_operator.py
[2025-01-12 14:06:47,620] {processor.py:613} INFO - Processing file /home/jorge/Desktop/MÁSTER/SEGUNDO CURSO/BDFI/practica_docker/env/lib/python3.8/site-packages/airflow/example_dags/example_branch_operator.py for tasks to queue
[2025-01-12 14:06:47,621] {logging_mixin.py:109} INFO - [2025-01-12 14:06:47,621] {dagbag.py:496} INFO - Filling up the DagBag from /home/jorge/Desktop/MÁSTER/SEGUNDO CURSO/BDFI/practica_docker/env/lib/python3.8/site-packages/airflow/example_dags/example_branch_operator.py
[2025-01-12 14:06:47,632] {processor.py:623} INFO - DAG(s) dict_keys(['example_branch_operator']) retrieved from /home/jorge/Desktop/MÁSTER/SEGUNDO CURSO/BDFI/practica_docker/env/lib/python3.8/site-packages/airflow/example_dags/example_branch_operator.py
[2025-01-12 14:06:47,639] {logging_mixin.py:109} INFO - [2025-01-12 14:06:47,639] {dag.py:1834} INFO - Sync 1 DAGs
[2025-01-12 14:06:47,646] {logging_mixin.py:109} INFO - [2025-01-12 14:06:47,646] {dag.py:2287} INFO - Setting next_dagrun for example_branch_operator to 2025-01-10 00:00:00+00:00
[2025-01-12 14:06:47,654] {processor.py:170} INFO - Processing /home/jorge/Desktop/MÁSTER/SEGUNDO CURSO/BDFI/practica_docker/env/lib/python3.8/site-packages/airflow/example_dags/example_branch_operator.py took 0.044 seconds
[2025-01-12 14:07:20,161] {processor.py:162} INFO - Started process (PID=284061) to work on /home/jorge/Desktop/MÁSTER/SEGUNDO CURSO/BDFI/practica_docker/env/lib/python3.8/site-packages/airflow/example_dags/example_branch_operator.py
[2025-01-12 14:07:20,171] {processor.py:613} INFO - Processing file /home/jorge/Desktop/MÁSTER/SEGUNDO CURSO/BDFI/practica_docker/env/lib/python3.8/site-packages/airflow/example_dags/example_branch_operator.py for tasks to queue
[2025-01-12 14:07:20,172] {logging_mixin.py:109} INFO - [2025-01-12 14:07:20,172] {dagbag.py:496} INFO - Filling up the DagBag from /home/jorge/Desktop/MÁSTER/SEGUNDO CURSO/BDFI/practica_docker/env/lib/python3.8/site-packages/airflow/example_dags/example_branch_operator.py
[2025-01-12 14:07:20,183] {processor.py:623} INFO - DAG(s) dict_keys(['example_branch_operator']) retrieved from /home/jorge/Desktop/MÁSTER/SEGUNDO CURSO/BDFI/practica_docker/env/lib/python3.8/site-packages/airflow/example_dags/example_branch_operator.py
[2025-01-12 14:07:20,192] {logging_mixin.py:109} INFO - [2025-01-12 14:07:20,192] {dag.py:1834} INFO - Sync 1 DAGs
[2025-01-12 14:07:20,199] {logging_mixin.py:109} INFO - [2025-01-12 14:07:20,199] {dag.py:2287} INFO - Setting next_dagrun for example_branch_operator to 2025-01-10 00:00:00+00:00
[2025-01-12 14:07:20,208] {processor.py:170} INFO - Processing /home/jorge/Desktop/MÁSTER/SEGUNDO CURSO/BDFI/practica_docker/env/lib/python3.8/site-packages/airflow/example_dags/example_branch_operator.py took 0.050 seconds
[2025-01-12 14:07:53,749] {processor.py:162} INFO - Started process (PID=284214) to work on /home/jorge/Desktop/MÁSTER/SEGUNDO CURSO/BDFI/practica_docker/env/lib/python3.8/site-packages/airflow/example_dags/example_branch_operator.py
[2025-01-12 14:07:53,756] {processor.py:613} INFO - Processing file /home/jorge/Desktop/MÁSTER/SEGUNDO CURSO/BDFI/practica_docker/env/lib/python3.8/site-packages/airflow/example_dags/example_branch_operator.py for tasks to queue
[2025-01-12 14:07:53,757] {logging_mixin.py:109} INFO - [2025-01-12 14:07:53,757] {dagbag.py:496} INFO - Filling up the DagBag from /home/jorge/Desktop/MÁSTER/SEGUNDO CURSO/BDFI/practica_docker/env/lib/python3.8/site-packages/airflow/example_dags/example_branch_operator.py
[2025-01-12 14:07:53,768] {processor.py:623} INFO - DAG(s) dict_keys(['example_branch_operator']) retrieved from /home/jorge/Desktop/MÁSTER/SEGUNDO CURSO/BDFI/practica_docker/env/lib/python3.8/site-packages/airflow/example_dags/example_branch_operator.py
[2025-01-12 14:07:53,776] {logging_mixin.py:109} INFO - [2025-01-12 14:07:53,776] {dag.py:1834} INFO - Sync 1 DAGs
[2025-01-12 14:07:53,782] {logging_mixin.py:109} INFO - [2025-01-12 14:07:53,782] {dag.py:2287} INFO - Setting next_dagrun for example_branch_operator to 2025-01-10 00:00:00+00:00
[2025-01-12 14:07:53,791] {processor.py:170} INFO - Processing /home/jorge/Desktop/MÁSTER/SEGUNDO CURSO/BDFI/practica_docker/env/lib/python3.8/site-packages/airflow/example_dags/example_branch_operator.py took 0.044 seconds
[2025-01-12 14:08:25,965] {processor.py:162} INFO - Started process (PID=284356) to work on /home/jorge/Desktop/MÁSTER/SEGUNDO CURSO/BDFI/practica_docker/env/lib/python3.8/site-packages/airflow/example_dags/example_branch_operator.py
[2025-01-12 14:08:25,972] {processor.py:613} INFO - Processing file /home/jorge/Desktop/MÁSTER/SEGUNDO CURSO/BDFI/practica_docker/env/lib/python3.8/site-packages/airflow/example_dags/example_branch_operator.py for tasks to queue
[2025-01-12 14:08:25,973] {logging_mixin.py:109} INFO - [2025-01-12 14:08:25,972] {dagbag.py:496} INFO - Filling up the DagBag from /home/jorge/Desktop/MÁSTER/SEGUNDO CURSO/BDFI/practica_docker/env/lib/python3.8/site-packages/airflow/example_dags/example_branch_operator.py
[2025-01-12 14:08:25,984] {processor.py:623} INFO - DAG(s) dict_keys(['example_branch_operator']) retrieved from /home/jorge/Desktop/MÁSTER/SEGUNDO CURSO/BDFI/practica_docker/env/lib/python3.8/site-packages/airflow/example_dags/example_branch_operator.py
[2025-01-12 14:08:25,993] {logging_mixin.py:109} INFO - [2025-01-12 14:08:25,993] {dag.py:1834} INFO - Sync 1 DAGs
[2025-01-12 14:08:25,999] {logging_mixin.py:109} INFO - [2025-01-12 14:08:25,998] {dag.py:2287} INFO - Setting next_dagrun for example_branch_operator to 2025-01-10 00:00:00+00:00
[2025-01-12 14:08:26,008] {processor.py:170} INFO - Processing /home/jorge/Desktop/MÁSTER/SEGUNDO CURSO/BDFI/practica_docker/env/lib/python3.8/site-packages/airflow/example_dags/example_branch_operator.py took 0.044 seconds
[2025-01-12 14:08:58,542] {processor.py:162} INFO - Started process (PID=284510) to work on /home/jorge/Desktop/MÁSTER/SEGUNDO CURSO/BDFI/practica_docker/env/lib/python3.8/site-packages/airflow/example_dags/example_branch_operator.py
[2025-01-12 14:08:58,548] {processor.py:613} INFO - Processing file /home/jorge/Desktop/MÁSTER/SEGUNDO CURSO/BDFI/practica_docker/env/lib/python3.8/site-packages/airflow/example_dags/example_branch_operator.py for tasks to queue
[2025-01-12 14:08:58,549] {logging_mixin.py:109} INFO - [2025-01-12 14:08:58,549] {dagbag.py:496} INFO - Filling up the DagBag from /home/jorge/Desktop/MÁSTER/SEGUNDO CURSO/BDFI/practica_docker/env/lib/python3.8/site-packages/airflow/example_dags/example_branch_operator.py
[2025-01-12 14:08:58,560] {processor.py:623} INFO - DAG(s) dict_keys(['example_branch_operator']) retrieved from /home/jorge/Desktop/MÁSTER/SEGUNDO CURSO/BDFI/practica_docker/env/lib/python3.8/site-packages/airflow/example_dags/example_branch_operator.py
[2025-01-12 14:08:58,569] {logging_mixin.py:109} INFO - [2025-01-12 14:08:58,569] {dag.py:1834} INFO - Sync 1 DAGs
[2025-01-12 14:08:58,575] {logging_mixin.py:109} INFO - [2025-01-12 14:08:58,574] {dag.py:2287} INFO - Setting next_dagrun for example_branch_operator to 2025-01-10 00:00:00+00:00
[2025-01-12 14:08:58,583] {processor.py:170} INFO - Processing /home/jorge/Desktop/MÁSTER/SEGUNDO CURSO/BDFI/practica_docker/env/lib/python3.8/site-packages/airflow/example_dags/example_branch_operator.py took 0.043 seconds
[2025-01-12 14:09:31,945] {processor.py:162} INFO - Started process (PID=284658) to work on /home/jorge/Desktop/MÁSTER/SEGUNDO CURSO/BDFI/practica_docker/env/lib/python3.8/site-packages/airflow/example_dags/example_branch_operator.py
[2025-01-12 14:09:31,951] {processor.py:613} INFO - Processing file /home/jorge/Desktop/MÁSTER/SEGUNDO CURSO/BDFI/practica_docker/env/lib/python3.8/site-packages/airflow/example_dags/example_branch_operator.py for tasks to queue
[2025-01-12 14:09:31,952] {logging_mixin.py:109} INFO - [2025-01-12 14:09:31,952] {dagbag.py:496} INFO - Filling up the DagBag from /home/jorge/Desktop/MÁSTER/SEGUNDO CURSO/BDFI/practica_docker/env/lib/python3.8/site-packages/airflow/example_dags/example_branch_operator.py
[2025-01-12 14:09:31,963] {processor.py:623} INFO - DAG(s) dict_keys(['example_branch_operator']) retrieved from /home/jorge/Desktop/MÁSTER/SEGUNDO CURSO/BDFI/practica_docker/env/lib/python3.8/site-packages/airflow/example_dags/example_branch_operator.py
[2025-01-12 14:09:31,974] {logging_mixin.py:109} INFO - [2025-01-12 14:09:31,974] {dag.py:1834} INFO - Sync 1 DAGs
[2025-01-12 14:09:31,982] {logging_mixin.py:109} INFO - [2025-01-12 14:09:31,981] {dag.py:2287} INFO - Setting next_dagrun for example_branch_operator to 2025-01-10 00:00:00+00:00
[2025-01-12 14:09:31,990] {processor.py:170} INFO - Processing /home/jorge/Desktop/MÁSTER/SEGUNDO CURSO/BDFI/practica_docker/env/lib/python3.8/site-packages/airflow/example_dags/example_branch_operator.py took 0.047 seconds
[2025-01-12 14:10:05,592] {processor.py:162} INFO - Started process (PID=284823) to work on /home/jorge/Desktop/MÁSTER/SEGUNDO CURSO/BDFI/practica_docker/env/lib/python3.8/site-packages/airflow/example_dags/example_branch_operator.py
[2025-01-12 14:10:05,599] {processor.py:613} INFO - Processing file /home/jorge/Desktop/MÁSTER/SEGUNDO CURSO/BDFI/practica_docker/env/lib/python3.8/site-packages/airflow/example_dags/example_branch_operator.py for tasks to queue
[2025-01-12 14:10:05,600] {logging_mixin.py:109} INFO - [2025-01-12 14:10:05,600] {dagbag.py:496} INFO - Filling up the DagBag from /home/jorge/Desktop/MÁSTER/SEGUNDO CURSO/BDFI/practica_docker/env/lib/python3.8/site-packages/airflow/example_dags/example_branch_operator.py
[2025-01-12 14:10:05,609] {processor.py:623} INFO - DAG(s) dict_keys(['example_branch_operator']) retrieved from /home/jorge/Desktop/MÁSTER/SEGUNDO CURSO/BDFI/practica_docker/env/lib/python3.8/site-packages/airflow/example_dags/example_branch_operator.py
[2025-01-12 14:10:05,621] {logging_mixin.py:109} INFO - [2025-01-12 14:10:05,621] {dag.py:1834} INFO - Sync 1 DAGs
[2025-01-12 14:10:05,631] {logging_mixin.py:109} INFO - [2025-01-12 14:10:05,631] {dag.py:2287} INFO - Setting next_dagrun for example_branch_operator to 2025-01-10 00:00:00+00:00
[2025-01-12 14:10:05,642] {processor.py:170} INFO - Processing /home/jorge/Desktop/MÁSTER/SEGUNDO CURSO/BDFI/practica_docker/env/lib/python3.8/site-packages/airflow/example_dags/example_branch_operator.py took 0.054 seconds
[2025-01-12 14:10:38,106] {processor.py:162} INFO - Started process (PID=284968) to work on /home/jorge/Desktop/MÁSTER/SEGUNDO CURSO/BDFI/practica_docker/env/lib/python3.8/site-packages/airflow/example_dags/example_branch_operator.py
[2025-01-12 14:10:38,108] {processor.py:613} INFO - Processing file /home/jorge/Desktop/MÁSTER/SEGUNDO CURSO/BDFI/practica_docker/env/lib/python3.8/site-packages/airflow/example_dags/example_branch_operator.py for tasks to queue
[2025-01-12 14:10:38,109] {logging_mixin.py:109} INFO - [2025-01-12 14:10:38,109] {dagbag.py:496} INFO - Filling up the DagBag from /home/jorge/Desktop/MÁSTER/SEGUNDO CURSO/BDFI/practica_docker/env/lib/python3.8/site-packages/airflow/example_dags/example_branch_operator.py
[2025-01-12 14:10:38,118] {processor.py:623} INFO - DAG(s) dict_keys(['example_branch_operator']) retrieved from /home/jorge/Desktop/MÁSTER/SEGUNDO CURSO/BDFI/practica_docker/env/lib/python3.8/site-packages/airflow/example_dags/example_branch_operator.py
[2025-01-12 14:10:38,128] {logging_mixin.py:109} INFO - [2025-01-12 14:10:38,128] {dag.py:1834} INFO - Sync 1 DAGs
[2025-01-12 14:10:38,135] {logging_mixin.py:109} INFO - [2025-01-12 14:10:38,135] {dag.py:2287} INFO - Setting next_dagrun for example_branch_operator to 2025-01-10 00:00:00+00:00
[2025-01-12 14:10:38,143] {processor.py:170} INFO - Processing /home/jorge/Desktop/MÁSTER/SEGUNDO CURSO/BDFI/practica_docker/env/lib/python3.8/site-packages/airflow/example_dags/example_branch_operator.py took 0.041 seconds
[2025-01-12 14:11:15,601] {processor.py:162} INFO - Started process (PID=285291) to work on /home/jorge/Desktop/MÁSTER/SEGUNDO CURSO/BDFI/practica_docker/env/lib/python3.8/site-packages/airflow/example_dags/example_branch_operator.py
[2025-01-12 14:11:15,602] {processor.py:613} INFO - Processing file /home/jorge/Desktop/MÁSTER/SEGUNDO CURSO/BDFI/practica_docker/env/lib/python3.8/site-packages/airflow/example_dags/example_branch_operator.py for tasks to queue
[2025-01-12 14:11:15,603] {logging_mixin.py:109} INFO - [2025-01-12 14:11:15,603] {dagbag.py:496} INFO - Filling up the DagBag from /home/jorge/Desktop/MÁSTER/SEGUNDO CURSO/BDFI/practica_docker/env/lib/python3.8/site-packages/airflow/example_dags/example_branch_operator.py
[2025-01-12 14:11:15,610] {processor.py:623} INFO - DAG(s) dict_keys(['example_branch_operator']) retrieved from /home/jorge/Desktop/MÁSTER/SEGUNDO CURSO/BDFI/practica_docker/env/lib/python3.8/site-packages/airflow/example_dags/example_branch_operator.py
[2025-01-12 14:11:15,623] {logging_mixin.py:109} INFO - [2025-01-12 14:11:15,623] {dag.py:1834} INFO - Sync 1 DAGs
[2025-01-12 14:11:15,637] {logging_mixin.py:109} INFO - [2025-01-12 14:11:15,637] {dag.py:2287} INFO - Setting next_dagrun for example_branch_operator to 2025-01-10 00:00:00+00:00
[2025-01-12 14:11:15,648] {processor.py:170} INFO - Processing /home/jorge/Desktop/MÁSTER/SEGUNDO CURSO/BDFI/practica_docker/env/lib/python3.8/site-packages/airflow/example_dags/example_branch_operator.py took 0.049 seconds
[2025-01-12 14:11:49,294] {processor.py:162} INFO - Started process (PID=285448) to work on /home/jorge/Desktop/MÁSTER/SEGUNDO CURSO/BDFI/practica_docker/env/lib/python3.8/site-packages/airflow/example_dags/example_branch_operator.py
[2025-01-12 14:11:49,296] {processor.py:613} INFO - Processing file /home/jorge/Desktop/MÁSTER/SEGUNDO CURSO/BDFI/practica_docker/env/lib/python3.8/site-packages/airflow/example_dags/example_branch_operator.py for tasks to queue
[2025-01-12 14:11:49,297] {logging_mixin.py:109} INFO - [2025-01-12 14:11:49,297] {dagbag.py:496} INFO - Filling up the DagBag from /home/jorge/Desktop/MÁSTER/SEGUNDO CURSO/BDFI/practica_docker/env/lib/python3.8/site-packages/airflow/example_dags/example_branch_operator.py
[2025-01-12 14:11:49,307] {processor.py:623} INFO - DAG(s) dict_keys(['example_branch_operator']) retrieved from /home/jorge/Desktop/MÁSTER/SEGUNDO CURSO/BDFI/practica_docker/env/lib/python3.8/site-packages/airflow/example_dags/example_branch_operator.py
[2025-01-12 14:11:49,315] {logging_mixin.py:109} INFO - [2025-01-12 14:11:49,315] {dag.py:1834} INFO - Sync 1 DAGs
[2025-01-12 14:11:49,323] {logging_mixin.py:109} INFO - [2025-01-12 14:11:49,323] {dag.py:2287} INFO - Setting next_dagrun for example_branch_operator to 2025-01-10 00:00:00+00:00
[2025-01-12 14:11:49,334] {processor.py:170} INFO - Processing /home/jorge/Desktop/MÁSTER/SEGUNDO CURSO/BDFI/practica_docker/env/lib/python3.8/site-packages/airflow/example_dags/example_branch_operator.py took 0.043 seconds
[2025-01-12 14:12:23,351] {processor.py:162} INFO - Started process (PID=285595) to work on /home/jorge/Desktop/MÁSTER/SEGUNDO CURSO/BDFI/practica_docker/env/lib/python3.8/site-packages/airflow/example_dags/example_branch_operator.py
[2025-01-12 14:12:23,357] {processor.py:613} INFO - Processing file /home/jorge/Desktop/MÁSTER/SEGUNDO CURSO/BDFI/practica_docker/env/lib/python3.8/site-packages/airflow/example_dags/example_branch_operator.py for tasks to queue
[2025-01-12 14:12:23,358] {logging_mixin.py:109} INFO - [2025-01-12 14:12:23,358] {dagbag.py:496} INFO - Filling up the DagBag from /home/jorge/Desktop/MÁSTER/SEGUNDO CURSO/BDFI/practica_docker/env/lib/python3.8/site-packages/airflow/example_dags/example_branch_operator.py
[2025-01-12 14:12:23,369] {processor.py:623} INFO - DAG(s) dict_keys(['example_branch_operator']) retrieved from /home/jorge/Desktop/MÁSTER/SEGUNDO CURSO/BDFI/practica_docker/env/lib/python3.8/site-packages/airflow/example_dags/example_branch_operator.py
[2025-01-12 14:12:23,378] {logging_mixin.py:109} INFO - [2025-01-12 14:12:23,378] {dag.py:1834} INFO - Sync 1 DAGs
[2025-01-12 14:12:23,384] {logging_mixin.py:109} INFO - [2025-01-12 14:12:23,384] {dag.py:2287} INFO - Setting next_dagrun for example_branch_operator to 2025-01-10 00:00:00+00:00
[2025-01-12 14:12:23,392] {processor.py:170} INFO - Processing /home/jorge/Desktop/MÁSTER/SEGUNDO CURSO/BDFI/practica_docker/env/lib/python3.8/site-packages/airflow/example_dags/example_branch_operator.py took 0.043 seconds
[2025-01-12 14:12:56,810] {processor.py:162} INFO - Started process (PID=285749) to work on /home/jorge/Desktop/MÁSTER/SEGUNDO CURSO/BDFI/practica_docker/env/lib/python3.8/site-packages/airflow/example_dags/example_branch_operator.py
[2025-01-12 14:12:56,816] {processor.py:613} INFO - Processing file /home/jorge/Desktop/MÁSTER/SEGUNDO CURSO/BDFI/practica_docker/env/lib/python3.8/site-packages/airflow/example_dags/example_branch_operator.py for tasks to queue
[2025-01-12 14:12:56,817] {logging_mixin.py:109} INFO - [2025-01-12 14:12:56,817] {dagbag.py:496} INFO - Filling up the DagBag from /home/jorge/Desktop/MÁSTER/SEGUNDO CURSO/BDFI/practica_docker/env/lib/python3.8/site-packages/airflow/example_dags/example_branch_operator.py
[2025-01-12 14:12:56,827] {processor.py:623} INFO - DAG(s) dict_keys(['example_branch_operator']) retrieved from /home/jorge/Desktop/MÁSTER/SEGUNDO CURSO/BDFI/practica_docker/env/lib/python3.8/site-packages/airflow/example_dags/example_branch_operator.py
[2025-01-12 14:12:56,835] {logging_mixin.py:109} INFO - [2025-01-12 14:12:56,835] {dag.py:1834} INFO - Sync 1 DAGs
[2025-01-12 14:12:56,842] {logging_mixin.py:109} INFO - [2025-01-12 14:12:56,842] {dag.py:2287} INFO - Setting next_dagrun for example_branch_operator to 2025-01-10 00:00:00+00:00
[2025-01-12 14:12:56,850] {processor.py:170} INFO - Processing /home/jorge/Desktop/MÁSTER/SEGUNDO CURSO/BDFI/practica_docker/env/lib/python3.8/site-packages/airflow/example_dags/example_branch_operator.py took 0.042 seconds
[2025-01-12 14:13:30,605] {processor.py:162} INFO - Started process (PID=285897) to work on /home/jorge/Desktop/MÁSTER/SEGUNDO CURSO/BDFI/practica_docker/env/lib/python3.8/site-packages/airflow/example_dags/example_branch_operator.py
[2025-01-12 14:13:30,606] {processor.py:613} INFO - Processing file /home/jorge/Desktop/MÁSTER/SEGUNDO CURSO/BDFI/practica_docker/env/lib/python3.8/site-packages/airflow/example_dags/example_branch_operator.py for tasks to queue
[2025-01-12 14:13:30,607] {logging_mixin.py:109} INFO - [2025-01-12 14:13:30,607] {dagbag.py:496} INFO - Filling up the DagBag from /home/jorge/Desktop/MÁSTER/SEGUNDO CURSO/BDFI/practica_docker/env/lib/python3.8/site-packages/airflow/example_dags/example_branch_operator.py
[2025-01-12 14:13:30,616] {processor.py:623} INFO - DAG(s) dict_keys(['example_branch_operator']) retrieved from /home/jorge/Desktop/MÁSTER/SEGUNDO CURSO/BDFI/practica_docker/env/lib/python3.8/site-packages/airflow/example_dags/example_branch_operator.py
[2025-01-12 14:13:30,631] {logging_mixin.py:109} INFO - [2025-01-12 14:13:30,631] {dag.py:1834} INFO - Sync 1 DAGs
[2025-01-12 14:13:30,643] {logging_mixin.py:109} INFO - [2025-01-12 14:13:30,643] {dag.py:2287} INFO - Setting next_dagrun for example_branch_operator to 2025-01-10 00:00:00+00:00
[2025-01-12 14:13:30,655] {processor.py:170} INFO - Processing /home/jorge/Desktop/MÁSTER/SEGUNDO CURSO/BDFI/practica_docker/env/lib/python3.8/site-packages/airflow/example_dags/example_branch_operator.py took 0.053 seconds
[2025-01-12 14:14:01,776] {processor.py:162} INFO - Started process (PID=286056) to work on /home/jorge/Desktop/MÁSTER/SEGUNDO CURSO/BDFI/practica_docker/env/lib/python3.8/site-packages/airflow/example_dags/example_branch_operator.py
[2025-01-12 14:14:01,777] {processor.py:613} INFO - Processing file /home/jorge/Desktop/MÁSTER/SEGUNDO CURSO/BDFI/practica_docker/env/lib/python3.8/site-packages/airflow/example_dags/example_branch_operator.py for tasks to queue
[2025-01-12 14:14:01,777] {logging_mixin.py:109} INFO - [2025-01-12 14:14:01,777] {dagbag.py:496} INFO - Filling up the DagBag from /home/jorge/Desktop/MÁSTER/SEGUNDO CURSO/BDFI/practica_docker/env/lib/python3.8/site-packages/airflow/example_dags/example_branch_operator.py
[2025-01-12 14:14:01,789] {processor.py:623} INFO - DAG(s) dict_keys(['example_branch_operator']) retrieved from /home/jorge/Desktop/MÁSTER/SEGUNDO CURSO/BDFI/practica_docker/env/lib/python3.8/site-packages/airflow/example_dags/example_branch_operator.py
[2025-01-12 14:14:01,805] {logging_mixin.py:109} INFO - [2025-01-12 14:14:01,805] {dag.py:1834} INFO - Sync 1 DAGs
[2025-01-12 14:14:01,813] {logging_mixin.py:109} INFO - [2025-01-12 14:14:01,813] {dag.py:2287} INFO - Setting next_dagrun for example_branch_operator to 2025-01-10 00:00:00+00:00
[2025-01-12 14:14:01,823] {processor.py:170} INFO - Processing /home/jorge/Desktop/MÁSTER/SEGUNDO CURSO/BDFI/practica_docker/env/lib/python3.8/site-packages/airflow/example_dags/example_branch_operator.py took 0.050 seconds
[2025-01-12 14:14:35,102] {processor.py:162} INFO - Started process (PID=286206) to work on /home/jorge/Desktop/MÁSTER/SEGUNDO CURSO/BDFI/practica_docker/env/lib/python3.8/site-packages/airflow/example_dags/example_branch_operator.py
[2025-01-12 14:14:35,104] {processor.py:613} INFO - Processing file /home/jorge/Desktop/MÁSTER/SEGUNDO CURSO/BDFI/practica_docker/env/lib/python3.8/site-packages/airflow/example_dags/example_branch_operator.py for tasks to queue
[2025-01-12 14:14:35,105] {logging_mixin.py:109} INFO - [2025-01-12 14:14:35,105] {dagbag.py:496} INFO - Filling up the DagBag from /home/jorge/Desktop/MÁSTER/SEGUNDO CURSO/BDFI/practica_docker/env/lib/python3.8/site-packages/airflow/example_dags/example_branch_operator.py
[2025-01-12 14:14:35,114] {processor.py:623} INFO - DAG(s) dict_keys(['example_branch_operator']) retrieved from /home/jorge/Desktop/MÁSTER/SEGUNDO CURSO/BDFI/practica_docker/env/lib/python3.8/site-packages/airflow/example_dags/example_branch_operator.py
[2025-01-12 14:14:35,122] {logging_mixin.py:109} INFO - [2025-01-12 14:14:35,122] {dag.py:1834} INFO - Sync 1 DAGs
[2025-01-12 14:14:35,128] {logging_mixin.py:109} INFO - [2025-01-12 14:14:35,128] {dag.py:2287} INFO - Setting next_dagrun for example_branch_operator to 2025-01-10 00:00:00+00:00
[2025-01-12 14:14:35,136] {processor.py:170} INFO - Processing /home/jorge/Desktop/MÁSTER/SEGUNDO CURSO/BDFI/practica_docker/env/lib/python3.8/site-packages/airflow/example_dags/example_branch_operator.py took 0.035 seconds
[2025-01-12 14:15:07,697] {processor.py:162} INFO - Started process (PID=286567) to work on /home/jorge/Desktop/MÁSTER/SEGUNDO CURSO/BDFI/practica_docker/env/lib/python3.8/site-packages/airflow/example_dags/example_branch_operator.py
[2025-01-12 14:15:07,698] {processor.py:613} INFO - Processing file /home/jorge/Desktop/MÁSTER/SEGUNDO CURSO/BDFI/practica_docker/env/lib/python3.8/site-packages/airflow/example_dags/example_branch_operator.py for tasks to queue
[2025-01-12 14:15:07,699] {logging_mixin.py:109} INFO - [2025-01-12 14:15:07,698] {dagbag.py:496} INFO - Filling up the DagBag from /home/jorge/Desktop/MÁSTER/SEGUNDO CURSO/BDFI/practica_docker/env/lib/python3.8/site-packages/airflow/example_dags/example_branch_operator.py
[2025-01-12 14:15:07,707] {processor.py:623} INFO - DAG(s) dict_keys(['example_branch_operator']) retrieved from /home/jorge/Desktop/MÁSTER/SEGUNDO CURSO/BDFI/practica_docker/env/lib/python3.8/site-packages/airflow/example_dags/example_branch_operator.py
[2025-01-12 14:15:07,716] {logging_mixin.py:109} INFO - [2025-01-12 14:15:07,716] {dag.py:1834} INFO - Sync 1 DAGs
[2025-01-12 14:15:07,722] {logging_mixin.py:109} INFO - [2025-01-12 14:15:07,722] {dag.py:2287} INFO - Setting next_dagrun for example_branch_operator to 2025-01-10 00:00:00+00:00
[2025-01-12 14:15:07,729] {processor.py:170} INFO - Processing /home/jorge/Desktop/MÁSTER/SEGUNDO CURSO/BDFI/practica_docker/env/lib/python3.8/site-packages/airflow/example_dags/example_branch_operator.py took 0.034 seconds
[2025-01-12 14:15:40,011] {processor.py:162} INFO - Started process (PID=286966) to work on /home/jorge/Desktop/MÁSTER/SEGUNDO CURSO/BDFI/practica_docker/env/lib/python3.8/site-packages/airflow/example_dags/example_branch_operator.py
[2025-01-12 14:15:40,014] {processor.py:613} INFO - Processing file /home/jorge/Desktop/MÁSTER/SEGUNDO CURSO/BDFI/practica_docker/env/lib/python3.8/site-packages/airflow/example_dags/example_branch_operator.py for tasks to queue
[2025-01-12 14:15:40,015] {logging_mixin.py:109} INFO - [2025-01-12 14:15:40,015] {dagbag.py:496} INFO - Filling up the DagBag from /home/jorge/Desktop/MÁSTER/SEGUNDO CURSO/BDFI/practica_docker/env/lib/python3.8/site-packages/airflow/example_dags/example_branch_operator.py
[2025-01-12 14:15:40,022] {processor.py:623} INFO - DAG(s) dict_keys(['example_branch_operator']) retrieved from /home/jorge/Desktop/MÁSTER/SEGUNDO CURSO/BDFI/practica_docker/env/lib/python3.8/site-packages/airflow/example_dags/example_branch_operator.py
[2025-01-12 14:15:40,031] {logging_mixin.py:109} INFO - [2025-01-12 14:15:40,031] {dag.py:1834} INFO - Sync 1 DAGs
[2025-01-12 14:15:40,039] {logging_mixin.py:109} INFO - [2025-01-12 14:15:40,039] {dag.py:2287} INFO - Setting next_dagrun for example_branch_operator to 2025-01-10 00:00:00+00:00
[2025-01-12 14:15:40,048] {processor.py:170} INFO - Processing /home/jorge/Desktop/MÁSTER/SEGUNDO CURSO/BDFI/practica_docker/env/lib/python3.8/site-packages/airflow/example_dags/example_branch_operator.py took 0.039 seconds
[2025-01-12 14:16:26,292] {processor.py:162} INFO - Started process (PID=289999) to work on /home/jorge/Desktop/MÁSTER/SEGUNDO CURSO/BDFI/practica_docker/env/lib/python3.8/site-packages/airflow/example_dags/example_branch_operator.py
[2025-01-12 14:16:26,299] {processor.py:613} INFO - Processing file /home/jorge/Desktop/MÁSTER/SEGUNDO CURSO/BDFI/practica_docker/env/lib/python3.8/site-packages/airflow/example_dags/example_branch_operator.py for tasks to queue
[2025-01-12 14:16:26,299] {logging_mixin.py:109} INFO - [2025-01-12 14:16:26,299] {dagbag.py:496} INFO - Filling up the DagBag from /home/jorge/Desktop/MÁSTER/SEGUNDO CURSO/BDFI/practica_docker/env/lib/python3.8/site-packages/airflow/example_dags/example_branch_operator.py
[2025-01-12 14:16:26,312] {processor.py:623} INFO - DAG(s) dict_keys(['example_branch_operator']) retrieved from /home/jorge/Desktop/MÁSTER/SEGUNDO CURSO/BDFI/practica_docker/env/lib/python3.8/site-packages/airflow/example_dags/example_branch_operator.py
[2025-01-12 14:16:26,324] {logging_mixin.py:109} INFO - [2025-01-12 14:16:26,323] {dag.py:1834} INFO - Sync 1 DAGs
[2025-01-12 14:16:26,332] {logging_mixin.py:109} INFO - [2025-01-12 14:16:26,331] {dag.py:2287} INFO - Setting next_dagrun for example_branch_operator to 2025-01-10 00:00:00+00:00
[2025-01-12 14:16:26,339] {processor.py:170} INFO - Processing /home/jorge/Desktop/MÁSTER/SEGUNDO CURSO/BDFI/practica_docker/env/lib/python3.8/site-packages/airflow/example_dags/example_branch_operator.py took 0.051 seconds
[2025-01-12 14:17:02,255] {processor.py:162} INFO - Started process (PID=290829) to work on /home/jorge/Desktop/MÁSTER/SEGUNDO CURSO/BDFI/practica_docker/env/lib/python3.8/site-packages/airflow/example_dags/example_branch_operator.py
[2025-01-12 14:17:02,256] {processor.py:613} INFO - Processing file /home/jorge/Desktop/MÁSTER/SEGUNDO CURSO/BDFI/practica_docker/env/lib/python3.8/site-packages/airflow/example_dags/example_branch_operator.py for tasks to queue
[2025-01-12 14:17:02,257] {logging_mixin.py:109} INFO - [2025-01-12 14:17:02,257] {dagbag.py:496} INFO - Filling up the DagBag from /home/jorge/Desktop/MÁSTER/SEGUNDO CURSO/BDFI/practica_docker/env/lib/python3.8/site-packages/airflow/example_dags/example_branch_operator.py
[2025-01-12 14:17:02,265] {processor.py:623} INFO - DAG(s) dict_keys(['example_branch_operator']) retrieved from /home/jorge/Desktop/MÁSTER/SEGUNDO CURSO/BDFI/practica_docker/env/lib/python3.8/site-packages/airflow/example_dags/example_branch_operator.py
[2025-01-12 14:17:02,277] {logging_mixin.py:109} INFO - [2025-01-12 14:17:02,277] {dag.py:1834} INFO - Sync 1 DAGs
[2025-01-12 14:17:02,286] {logging_mixin.py:109} INFO - [2025-01-12 14:17:02,286] {dag.py:2287} INFO - Setting next_dagrun for example_branch_operator to 2025-01-10 00:00:00+00:00
[2025-01-12 14:17:02,296] {processor.py:170} INFO - Processing /home/jorge/Desktop/MÁSTER/SEGUNDO CURSO/BDFI/practica_docker/env/lib/python3.8/site-packages/airflow/example_dags/example_branch_operator.py took 0.042 seconds
[2025-01-12 14:17:36,010] {processor.py:162} INFO - Started process (PID=291012) to work on /home/jorge/Desktop/MÁSTER/SEGUNDO CURSO/BDFI/practica_docker/env/lib/python3.8/site-packages/airflow/example_dags/example_branch_operator.py
[2025-01-12 14:17:36,011] {processor.py:613} INFO - Processing file /home/jorge/Desktop/MÁSTER/SEGUNDO CURSO/BDFI/practica_docker/env/lib/python3.8/site-packages/airflow/example_dags/example_branch_operator.py for tasks to queue
[2025-01-12 14:17:36,012] {logging_mixin.py:109} INFO - [2025-01-12 14:17:36,012] {dagbag.py:496} INFO - Filling up the DagBag from /home/jorge/Desktop/MÁSTER/SEGUNDO CURSO/BDFI/practica_docker/env/lib/python3.8/site-packages/airflow/example_dags/example_branch_operator.py
[2025-01-12 14:17:36,022] {processor.py:623} INFO - DAG(s) dict_keys(['example_branch_operator']) retrieved from /home/jorge/Desktop/MÁSTER/SEGUNDO CURSO/BDFI/practica_docker/env/lib/python3.8/site-packages/airflow/example_dags/example_branch_operator.py
[2025-01-12 14:17:36,037] {logging_mixin.py:109} INFO - [2025-01-12 14:17:36,037] {dag.py:1834} INFO - Sync 1 DAGs
[2025-01-12 14:17:36,046] {logging_mixin.py:109} INFO - [2025-01-12 14:17:36,046] {dag.py:2287} INFO - Setting next_dagrun for example_branch_operator to 2025-01-10 00:00:00+00:00
[2025-01-12 14:17:36,056] {processor.py:170} INFO - Processing /home/jorge/Desktop/MÁSTER/SEGUNDO CURSO/BDFI/practica_docker/env/lib/python3.8/site-packages/airflow/example_dags/example_branch_operator.py took 0.050 seconds
[2025-01-12 14:18:09,730] {processor.py:162} INFO - Started process (PID=291176) to work on /home/jorge/Desktop/MÁSTER/SEGUNDO CURSO/BDFI/practica_docker/env/lib/python3.8/site-packages/airflow/example_dags/example_branch_operator.py
[2025-01-12 14:18:09,732] {processor.py:613} INFO - Processing file /home/jorge/Desktop/MÁSTER/SEGUNDO CURSO/BDFI/practica_docker/env/lib/python3.8/site-packages/airflow/example_dags/example_branch_operator.py for tasks to queue
[2025-01-12 14:18:09,733] {logging_mixin.py:109} INFO - [2025-01-12 14:18:09,733] {dagbag.py:496} INFO - Filling up the DagBag from /home/jorge/Desktop/MÁSTER/SEGUNDO CURSO/BDFI/practica_docker/env/lib/python3.8/site-packages/airflow/example_dags/example_branch_operator.py
[2025-01-12 14:18:09,746] {processor.py:623} INFO - DAG(s) dict_keys(['example_branch_operator']) retrieved from /home/jorge/Desktop/MÁSTER/SEGUNDO CURSO/BDFI/practica_docker/env/lib/python3.8/site-packages/airflow/example_dags/example_branch_operator.py
[2025-01-12 14:18:09,764] {logging_mixin.py:109} INFO - [2025-01-12 14:18:09,764] {dag.py:1834} INFO - Sync 1 DAGs
[2025-01-12 14:18:09,774] {logging_mixin.py:109} INFO - [2025-01-12 14:18:09,774] {dag.py:2287} INFO - Setting next_dagrun for example_branch_operator to 2025-01-10 00:00:00+00:00
[2025-01-12 14:18:09,787] {processor.py:170} INFO - Processing /home/jorge/Desktop/MÁSTER/SEGUNDO CURSO/BDFI/practica_docker/env/lib/python3.8/site-packages/airflow/example_dags/example_branch_operator.py took 0.060 seconds
[2025-01-12 14:18:42,415] {processor.py:162} INFO - Started process (PID=291697) to work on /home/jorge/Desktop/MÁSTER/SEGUNDO CURSO/BDFI/practica_docker/env/lib/python3.8/site-packages/airflow/example_dags/example_branch_operator.py
[2025-01-12 14:18:42,417] {processor.py:613} INFO - Processing file /home/jorge/Desktop/MÁSTER/SEGUNDO CURSO/BDFI/practica_docker/env/lib/python3.8/site-packages/airflow/example_dags/example_branch_operator.py for tasks to queue
[2025-01-12 14:18:42,419] {logging_mixin.py:109} INFO - [2025-01-12 14:18:42,418] {dagbag.py:496} INFO - Filling up the DagBag from /home/jorge/Desktop/MÁSTER/SEGUNDO CURSO/BDFI/practica_docker/env/lib/python3.8/site-packages/airflow/example_dags/example_branch_operator.py
[2025-01-12 14:18:42,429] {processor.py:623} INFO - DAG(s) dict_keys(['example_branch_operator']) retrieved from /home/jorge/Desktop/MÁSTER/SEGUNDO CURSO/BDFI/practica_docker/env/lib/python3.8/site-packages/airflow/example_dags/example_branch_operator.py
[2025-01-12 14:18:42,444] {logging_mixin.py:109} INFO - [2025-01-12 14:18:42,444] {dag.py:1834} INFO - Sync 1 DAGs
[2025-01-12 14:18:42,457] {logging_mixin.py:109} INFO - [2025-01-12 14:18:42,456] {dag.py:2287} INFO - Setting next_dagrun for example_branch_operator to 2025-01-10 00:00:00+00:00
[2025-01-12 14:18:42,470] {processor.py:170} INFO - Processing /home/jorge/Desktop/MÁSTER/SEGUNDO CURSO/BDFI/practica_docker/env/lib/python3.8/site-packages/airflow/example_dags/example_branch_operator.py took 0.059 seconds
[2025-01-12 14:19:16,405] {processor.py:162} INFO - Started process (PID=292218) to work on /home/jorge/Desktop/MÁSTER/SEGUNDO CURSO/BDFI/practica_docker/env/lib/python3.8/site-packages/airflow/example_dags/example_branch_operator.py
[2025-01-12 14:19:16,407] {processor.py:613} INFO - Processing file /home/jorge/Desktop/MÁSTER/SEGUNDO CURSO/BDFI/practica_docker/env/lib/python3.8/site-packages/airflow/example_dags/example_branch_operator.py for tasks to queue
[2025-01-12 14:19:16,408] {logging_mixin.py:109} INFO - [2025-01-12 14:19:16,407] {dagbag.py:496} INFO - Filling up the DagBag from /home/jorge/Desktop/MÁSTER/SEGUNDO CURSO/BDFI/practica_docker/env/lib/python3.8/site-packages/airflow/example_dags/example_branch_operator.py
[2025-01-12 14:19:16,418] {processor.py:623} INFO - DAG(s) dict_keys(['example_branch_operator']) retrieved from /home/jorge/Desktop/MÁSTER/SEGUNDO CURSO/BDFI/practica_docker/env/lib/python3.8/site-packages/airflow/example_dags/example_branch_operator.py
[2025-01-12 14:19:16,434] {logging_mixin.py:109} INFO - [2025-01-12 14:19:16,434] {dag.py:1834} INFO - Sync 1 DAGs
[2025-01-12 14:19:16,447] {logging_mixin.py:109} INFO - [2025-01-12 14:19:16,447] {dag.py:2287} INFO - Setting next_dagrun for example_branch_operator to 2025-01-10 00:00:00+00:00
[2025-01-12 14:19:16,461] {processor.py:170} INFO - Processing /home/jorge/Desktop/MÁSTER/SEGUNDO CURSO/BDFI/practica_docker/env/lib/python3.8/site-packages/airflow/example_dags/example_branch_operator.py took 0.059 seconds
[2025-01-12 14:19:51,170] {processor.py:162} INFO - Started process (PID=293047) to work on /home/jorge/Desktop/MÁSTER/SEGUNDO CURSO/BDFI/practica_docker/env/lib/python3.8/site-packages/airflow/example_dags/example_branch_operator.py
[2025-01-12 14:19:51,172] {processor.py:613} INFO - Processing file /home/jorge/Desktop/MÁSTER/SEGUNDO CURSO/BDFI/practica_docker/env/lib/python3.8/site-packages/airflow/example_dags/example_branch_operator.py for tasks to queue
[2025-01-12 14:19:51,173] {logging_mixin.py:109} INFO - [2025-01-12 14:19:51,173] {dagbag.py:496} INFO - Filling up the DagBag from /home/jorge/Desktop/MÁSTER/SEGUNDO CURSO/BDFI/practica_docker/env/lib/python3.8/site-packages/airflow/example_dags/example_branch_operator.py
[2025-01-12 14:19:51,184] {processor.py:623} INFO - DAG(s) dict_keys(['example_branch_operator']) retrieved from /home/jorge/Desktop/MÁSTER/SEGUNDO CURSO/BDFI/practica_docker/env/lib/python3.8/site-packages/airflow/example_dags/example_branch_operator.py
[2025-01-12 14:19:51,199] {logging_mixin.py:109} INFO - [2025-01-12 14:19:51,199] {dag.py:1834} INFO - Sync 1 DAGs
[2025-01-12 14:19:51,210] {logging_mixin.py:109} INFO - [2025-01-12 14:19:51,210] {dag.py:2287} INFO - Setting next_dagrun for example_branch_operator to 2025-01-10 00:00:00+00:00
[2025-01-12 14:19:51,223] {processor.py:170} INFO - Processing /home/jorge/Desktop/MÁSTER/SEGUNDO CURSO/BDFI/practica_docker/env/lib/python3.8/site-packages/airflow/example_dags/example_branch_operator.py took 0.056 seconds
[2025-01-12 14:20:26,030] {processor.py:162} INFO - Started process (PID=293209) to work on /home/jorge/Desktop/MÁSTER/SEGUNDO CURSO/BDFI/practica_docker/env/lib/python3.8/site-packages/airflow/example_dags/example_branch_operator.py
[2025-01-12 14:20:26,032] {processor.py:613} INFO - Processing file /home/jorge/Desktop/MÁSTER/SEGUNDO CURSO/BDFI/practica_docker/env/lib/python3.8/site-packages/airflow/example_dags/example_branch_operator.py for tasks to queue
[2025-01-12 14:20:26,033] {logging_mixin.py:109} INFO - [2025-01-12 14:20:26,033] {dagbag.py:496} INFO - Filling up the DagBag from /home/jorge/Desktop/MÁSTER/SEGUNDO CURSO/BDFI/practica_docker/env/lib/python3.8/site-packages/airflow/example_dags/example_branch_operator.py
[2025-01-12 14:20:26,040] {processor.py:623} INFO - DAG(s) dict_keys(['example_branch_operator']) retrieved from /home/jorge/Desktop/MÁSTER/SEGUNDO CURSO/BDFI/practica_docker/env/lib/python3.8/site-packages/airflow/example_dags/example_branch_operator.py
[2025-01-12 14:20:26,050] {logging_mixin.py:109} INFO - [2025-01-12 14:20:26,050] {dag.py:1834} INFO - Sync 1 DAGs
[2025-01-12 14:20:26,058] {logging_mixin.py:109} INFO - [2025-01-12 14:20:26,058] {dag.py:2287} INFO - Setting next_dagrun for example_branch_operator to 2025-01-10 00:00:00+00:00
[2025-01-12 14:20:26,067] {processor.py:170} INFO - Processing /home/jorge/Desktop/MÁSTER/SEGUNDO CURSO/BDFI/practica_docker/env/lib/python3.8/site-packages/airflow/example_dags/example_branch_operator.py took 0.041 seconds
