[2025-01-12 13:51:10,187] {processor.py:162} INFO - Started process (PID=281065) to work on /home/jorge/Desktop/MÁSTER/SEGUNDO CURSO/BDFI/practica_docker/env/lib/python3.8/site-packages/airflow/example_dags/example_task_group.py
[2025-01-12 13:51:10,187] {processor.py:613} INFO - Processing file /home/jorge/Desktop/MÁSTER/SEGUNDO CURSO/BDFI/practica_docker/env/lib/python3.8/site-packages/airflow/example_dags/example_task_group.py for tasks to queue
[2025-01-12 13:51:10,188] {logging_mixin.py:109} INFO - [2025-01-12 13:51:10,188] {dagbag.py:496} INFO - Filling up the DagBag from /home/jorge/Desktop/MÁSTER/SEGUNDO CURSO/BDFI/practica_docker/env/lib/python3.8/site-packages/airflow/example_dags/example_task_group.py
[2025-01-12 13:51:10,200] {processor.py:623} INFO - DAG(s) dict_keys(['example_task_group']) retrieved from /home/jorge/Desktop/MÁSTER/SEGUNDO CURSO/BDFI/practica_docker/env/lib/python3.8/site-packages/airflow/example_dags/example_task_group.py
[2025-01-12 13:51:10,218] {logging_mixin.py:109} INFO - [2025-01-12 13:51:10,218] {dag.py:1834} INFO - Sync 1 DAGs
[2025-01-12 13:51:10,226] {logging_mixin.py:109} INFO - [2025-01-12 13:51:10,226] {dag.py:2287} INFO - Setting next_dagrun for example_task_group to 2025-01-10 00:00:00+00:00
[2025-01-12 13:51:10,236] {processor.py:170} INFO - Processing /home/jorge/Desktop/MÁSTER/SEGUNDO CURSO/BDFI/practica_docker/env/lib/python3.8/site-packages/airflow/example_dags/example_task_group.py took 0.051 seconds
[2025-01-12 13:51:44,916] {processor.py:162} INFO - Started process (PID=281226) to work on /home/jorge/Desktop/MÁSTER/SEGUNDO CURSO/BDFI/practica_docker/env/lib/python3.8/site-packages/airflow/example_dags/example_task_group.py
[2025-01-12 13:51:44,917] {processor.py:613} INFO - Processing file /home/jorge/Desktop/MÁSTER/SEGUNDO CURSO/BDFI/practica_docker/env/lib/python3.8/site-packages/airflow/example_dags/example_task_group.py for tasks to queue
[2025-01-12 13:51:44,918] {logging_mixin.py:109} INFO - [2025-01-12 13:51:44,918] {dagbag.py:496} INFO - Filling up the DagBag from /home/jorge/Desktop/MÁSTER/SEGUNDO CURSO/BDFI/practica_docker/env/lib/python3.8/site-packages/airflow/example_dags/example_task_group.py
[2025-01-12 13:51:44,932] {processor.py:623} INFO - DAG(s) dict_keys(['example_task_group']) retrieved from /home/jorge/Desktop/MÁSTER/SEGUNDO CURSO/BDFI/practica_docker/env/lib/python3.8/site-packages/airflow/example_dags/example_task_group.py
[2025-01-12 13:51:44,946] {logging_mixin.py:109} INFO - [2025-01-12 13:51:44,946] {dag.py:1834} INFO - Sync 1 DAGs
[2025-01-12 13:51:44,952] {logging_mixin.py:109} INFO - [2025-01-12 13:51:44,952] {dag.py:2287} INFO - Setting next_dagrun for example_task_group to 2025-01-10 00:00:00+00:00
[2025-01-12 13:51:44,965] {processor.py:170} INFO - Processing /home/jorge/Desktop/MÁSTER/SEGUNDO CURSO/BDFI/practica_docker/env/lib/python3.8/site-packages/airflow/example_dags/example_task_group.py took 0.050 seconds
[2025-01-12 13:52:17,502] {processor.py:162} INFO - Started process (PID=281402) to work on /home/jorge/Desktop/MÁSTER/SEGUNDO CURSO/BDFI/practica_docker/env/lib/python3.8/site-packages/airflow/example_dags/example_task_group.py
[2025-01-12 13:52:17,504] {processor.py:613} INFO - Processing file /home/jorge/Desktop/MÁSTER/SEGUNDO CURSO/BDFI/practica_docker/env/lib/python3.8/site-packages/airflow/example_dags/example_task_group.py for tasks to queue
[2025-01-12 13:52:17,505] {logging_mixin.py:109} INFO - [2025-01-12 13:52:17,505] {dagbag.py:496} INFO - Filling up the DagBag from /home/jorge/Desktop/MÁSTER/SEGUNDO CURSO/BDFI/practica_docker/env/lib/python3.8/site-packages/airflow/example_dags/example_task_group.py
[2025-01-12 13:52:17,531] {processor.py:623} INFO - DAG(s) dict_keys(['example_task_group']) retrieved from /home/jorge/Desktop/MÁSTER/SEGUNDO CURSO/BDFI/practica_docker/env/lib/python3.8/site-packages/airflow/example_dags/example_task_group.py
[2025-01-12 13:52:17,555] {logging_mixin.py:109} INFO - [2025-01-12 13:52:17,554] {dag.py:1834} INFO - Sync 1 DAGs
[2025-01-12 13:52:17,565] {logging_mixin.py:109} INFO - [2025-01-12 13:52:17,565] {dag.py:2287} INFO - Setting next_dagrun for example_task_group to 2025-01-10 00:00:00+00:00
[2025-01-12 13:52:17,580] {processor.py:170} INFO - Processing /home/jorge/Desktop/MÁSTER/SEGUNDO CURSO/BDFI/practica_docker/env/lib/python3.8/site-packages/airflow/example_dags/example_task_group.py took 0.081 seconds
[2025-01-12 13:52:52,137] {processor.py:162} INFO - Started process (PID=281582) to work on /home/jorge/Desktop/MÁSTER/SEGUNDO CURSO/BDFI/practica_docker/env/lib/python3.8/site-packages/airflow/example_dags/example_task_group.py
[2025-01-12 13:52:52,139] {processor.py:613} INFO - Processing file /home/jorge/Desktop/MÁSTER/SEGUNDO CURSO/BDFI/practica_docker/env/lib/python3.8/site-packages/airflow/example_dags/example_task_group.py for tasks to queue
[2025-01-12 13:52:52,140] {logging_mixin.py:109} INFO - [2025-01-12 13:52:52,140] {dagbag.py:496} INFO - Filling up the DagBag from /home/jorge/Desktop/MÁSTER/SEGUNDO CURSO/BDFI/practica_docker/env/lib/python3.8/site-packages/airflow/example_dags/example_task_group.py
[2025-01-12 13:52:52,151] {processor.py:623} INFO - DAG(s) dict_keys(['example_task_group']) retrieved from /home/jorge/Desktop/MÁSTER/SEGUNDO CURSO/BDFI/practica_docker/env/lib/python3.8/site-packages/airflow/example_dags/example_task_group.py
[2025-01-12 13:52:52,165] {logging_mixin.py:109} INFO - [2025-01-12 13:52:52,165] {dag.py:1834} INFO - Sync 1 DAGs
[2025-01-12 13:52:52,174] {logging_mixin.py:109} INFO - [2025-01-12 13:52:52,174] {dag.py:2287} INFO - Setting next_dagrun for example_task_group to 2025-01-10 00:00:00+00:00
[2025-01-12 13:52:52,186] {processor.py:170} INFO - Processing /home/jorge/Desktop/MÁSTER/SEGUNDO CURSO/BDFI/practica_docker/env/lib/python3.8/site-packages/airflow/example_dags/example_task_group.py took 0.052 seconds
[2025-01-12 13:53:33,886] {processor.py:162} INFO - Started process (PID=281825) to work on /home/jorge/Desktop/MÁSTER/SEGUNDO CURSO/BDFI/practica_docker/env/lib/python3.8/site-packages/airflow/example_dags/example_task_group.py
[2025-01-12 13:53:33,886] {processor.py:613} INFO - Processing file /home/jorge/Desktop/MÁSTER/SEGUNDO CURSO/BDFI/practica_docker/env/lib/python3.8/site-packages/airflow/example_dags/example_task_group.py for tasks to queue
[2025-01-12 13:53:33,887] {logging_mixin.py:109} INFO - [2025-01-12 13:53:33,887] {dagbag.py:496} INFO - Filling up the DagBag from /home/jorge/Desktop/MÁSTER/SEGUNDO CURSO/BDFI/practica_docker/env/lib/python3.8/site-packages/airflow/example_dags/example_task_group.py
[2025-01-12 13:53:33,900] {processor.py:623} INFO - DAG(s) dict_keys(['example_task_group']) retrieved from /home/jorge/Desktop/MÁSTER/SEGUNDO CURSO/BDFI/practica_docker/env/lib/python3.8/site-packages/airflow/example_dags/example_task_group.py
[2025-01-12 13:53:33,914] {logging_mixin.py:109} INFO - [2025-01-12 13:53:33,914] {dag.py:1834} INFO - Sync 1 DAGs
[2025-01-12 13:53:33,920] {logging_mixin.py:109} INFO - [2025-01-12 13:53:33,920] {dag.py:2287} INFO - Setting next_dagrun for example_task_group to 2025-01-10 00:00:00+00:00
[2025-01-12 13:53:33,931] {processor.py:170} INFO - Processing /home/jorge/Desktop/MÁSTER/SEGUNDO CURSO/BDFI/practica_docker/env/lib/python3.8/site-packages/airflow/example_dags/example_task_group.py took 0.047 seconds
[2025-01-12 13:54:08,639] {processor.py:162} INFO - Started process (PID=282002) to work on /home/jorge/Desktop/MÁSTER/SEGUNDO CURSO/BDFI/practica_docker/env/lib/python3.8/site-packages/airflow/example_dags/example_task_group.py
[2025-01-12 13:54:08,640] {processor.py:613} INFO - Processing file /home/jorge/Desktop/MÁSTER/SEGUNDO CURSO/BDFI/practica_docker/env/lib/python3.8/site-packages/airflow/example_dags/example_task_group.py for tasks to queue
[2025-01-12 13:54:08,641] {logging_mixin.py:109} INFO - [2025-01-12 13:54:08,641] {dagbag.py:496} INFO - Filling up the DagBag from /home/jorge/Desktop/MÁSTER/SEGUNDO CURSO/BDFI/practica_docker/env/lib/python3.8/site-packages/airflow/example_dags/example_task_group.py
[2025-01-12 13:54:08,651] {processor.py:623} INFO - DAG(s) dict_keys(['example_task_group']) retrieved from /home/jorge/Desktop/MÁSTER/SEGUNDO CURSO/BDFI/practica_docker/env/lib/python3.8/site-packages/airflow/example_dags/example_task_group.py
[2025-01-12 13:54:08,664] {logging_mixin.py:109} INFO - [2025-01-12 13:54:08,664] {dag.py:1834} INFO - Sync 1 DAGs
[2025-01-12 13:54:08,673] {logging_mixin.py:109} INFO - [2025-01-12 13:54:08,673] {dag.py:2287} INFO - Setting next_dagrun for example_task_group to 2025-01-10 00:00:00+00:00
[2025-01-12 13:54:08,684] {processor.py:170} INFO - Processing /home/jorge/Desktop/MÁSTER/SEGUNDO CURSO/BDFI/practica_docker/env/lib/python3.8/site-packages/airflow/example_dags/example_task_group.py took 0.047 seconds
[2025-01-12 13:54:42,220] {processor.py:162} INFO - Started process (PID=282159) to work on /home/jorge/Desktop/MÁSTER/SEGUNDO CURSO/BDFI/practica_docker/env/lib/python3.8/site-packages/airflow/example_dags/example_task_group.py
[2025-01-12 13:54:42,221] {processor.py:613} INFO - Processing file /home/jorge/Desktop/MÁSTER/SEGUNDO CURSO/BDFI/practica_docker/env/lib/python3.8/site-packages/airflow/example_dags/example_task_group.py for tasks to queue
[2025-01-12 13:54:42,221] {logging_mixin.py:109} INFO - [2025-01-12 13:54:42,221] {dagbag.py:496} INFO - Filling up the DagBag from /home/jorge/Desktop/MÁSTER/SEGUNDO CURSO/BDFI/practica_docker/env/lib/python3.8/site-packages/airflow/example_dags/example_task_group.py
[2025-01-12 13:54:42,234] {processor.py:623} INFO - DAG(s) dict_keys(['example_task_group']) retrieved from /home/jorge/Desktop/MÁSTER/SEGUNDO CURSO/BDFI/practica_docker/env/lib/python3.8/site-packages/airflow/example_dags/example_task_group.py
[2025-01-12 13:54:42,245] {logging_mixin.py:109} INFO - [2025-01-12 13:54:42,245] {dag.py:1834} INFO - Sync 1 DAGs
[2025-01-12 13:54:42,252] {logging_mixin.py:109} INFO - [2025-01-12 13:54:42,252] {dag.py:2287} INFO - Setting next_dagrun for example_task_group to 2025-01-10 00:00:00+00:00
[2025-01-12 13:54:42,260] {processor.py:170} INFO - Processing /home/jorge/Desktop/MÁSTER/SEGUNDO CURSO/BDFI/practica_docker/env/lib/python3.8/site-packages/airflow/example_dags/example_task_group.py took 0.042 seconds
[2025-01-12 13:55:14,883] {processor.py:162} INFO - Started process (PID=282315) to work on /home/jorge/Desktop/MÁSTER/SEGUNDO CURSO/BDFI/practica_docker/env/lib/python3.8/site-packages/airflow/example_dags/example_task_group.py
[2025-01-12 13:55:14,884] {processor.py:613} INFO - Processing file /home/jorge/Desktop/MÁSTER/SEGUNDO CURSO/BDFI/practica_docker/env/lib/python3.8/site-packages/airflow/example_dags/example_task_group.py for tasks to queue
[2025-01-12 13:55:14,885] {logging_mixin.py:109} INFO - [2025-01-12 13:55:14,884] {dagbag.py:496} INFO - Filling up the DagBag from /home/jorge/Desktop/MÁSTER/SEGUNDO CURSO/BDFI/practica_docker/env/lib/python3.8/site-packages/airflow/example_dags/example_task_group.py
[2025-01-12 13:55:14,898] {processor.py:623} INFO - DAG(s) dict_keys(['example_task_group']) retrieved from /home/jorge/Desktop/MÁSTER/SEGUNDO CURSO/BDFI/practica_docker/env/lib/python3.8/site-packages/airflow/example_dags/example_task_group.py
[2025-01-12 13:55:14,911] {logging_mixin.py:109} INFO - [2025-01-12 13:55:14,910] {dag.py:1834} INFO - Sync 1 DAGs
[2025-01-12 13:55:14,919] {logging_mixin.py:109} INFO - [2025-01-12 13:55:14,919] {dag.py:2287} INFO - Setting next_dagrun for example_task_group to 2025-01-10 00:00:00+00:00
[2025-01-12 13:55:14,929] {processor.py:170} INFO - Processing /home/jorge/Desktop/MÁSTER/SEGUNDO CURSO/BDFI/practica_docker/env/lib/python3.8/site-packages/airflow/example_dags/example_task_group.py took 0.049 seconds
[2025-01-12 13:55:50,129] {processor.py:162} INFO - Started process (PID=282612) to work on /home/jorge/Desktop/MÁSTER/SEGUNDO CURSO/BDFI/practica_docker/env/lib/python3.8/site-packages/airflow/example_dags/example_task_group.py
[2025-01-12 13:55:50,130] {processor.py:613} INFO - Processing file /home/jorge/Desktop/MÁSTER/SEGUNDO CURSO/BDFI/practica_docker/env/lib/python3.8/site-packages/airflow/example_dags/example_task_group.py for tasks to queue
[2025-01-12 13:55:50,131] {logging_mixin.py:109} INFO - [2025-01-12 13:55:50,131] {dagbag.py:496} INFO - Filling up the DagBag from /home/jorge/Desktop/MÁSTER/SEGUNDO CURSO/BDFI/practica_docker/env/lib/python3.8/site-packages/airflow/example_dags/example_task_group.py
[2025-01-12 13:55:50,148] {processor.py:623} INFO - DAG(s) dict_keys(['example_task_group']) retrieved from /home/jorge/Desktop/MÁSTER/SEGUNDO CURSO/BDFI/practica_docker/env/lib/python3.8/site-packages/airflow/example_dags/example_task_group.py
[2025-01-12 13:55:50,165] {logging_mixin.py:109} INFO - [2025-01-12 13:55:50,164] {dag.py:1834} INFO - Sync 1 DAGs
[2025-01-12 13:55:50,174] {logging_mixin.py:109} INFO - [2025-01-12 13:55:50,174] {dag.py:2287} INFO - Setting next_dagrun for example_task_group to 2025-01-10 00:00:00+00:00
[2025-01-12 13:55:50,189] {processor.py:170} INFO - Processing /home/jorge/Desktop/MÁSTER/SEGUNDO CURSO/BDFI/practica_docker/env/lib/python3.8/site-packages/airflow/example_dags/example_task_group.py took 0.062 seconds
[2025-01-12 13:56:25,248] {processor.py:162} INFO - Started process (PID=282866) to work on /home/jorge/Desktop/MÁSTER/SEGUNDO CURSO/BDFI/practica_docker/env/lib/python3.8/site-packages/airflow/example_dags/example_task_group.py
[2025-01-12 13:56:25,249] {processor.py:613} INFO - Processing file /home/jorge/Desktop/MÁSTER/SEGUNDO CURSO/BDFI/practica_docker/env/lib/python3.8/site-packages/airflow/example_dags/example_task_group.py for tasks to queue
[2025-01-12 13:56:25,250] {logging_mixin.py:109} INFO - [2025-01-12 13:56:25,250] {dagbag.py:496} INFO - Filling up the DagBag from /home/jorge/Desktop/MÁSTER/SEGUNDO CURSO/BDFI/practica_docker/env/lib/python3.8/site-packages/airflow/example_dags/example_task_group.py
[2025-01-12 13:56:25,298] {processor.py:623} INFO - DAG(s) dict_keys(['example_task_group']) retrieved from /home/jorge/Desktop/MÁSTER/SEGUNDO CURSO/BDFI/practica_docker/env/lib/python3.8/site-packages/airflow/example_dags/example_task_group.py
[2025-01-12 13:56:25,332] {logging_mixin.py:109} INFO - [2025-01-12 13:56:25,332] {dag.py:1834} INFO - Sync 1 DAGs
[2025-01-12 13:56:25,350] {logging_mixin.py:109} INFO - [2025-01-12 13:56:25,350] {dag.py:2287} INFO - Setting next_dagrun for example_task_group to 2025-01-10 00:00:00+00:00
[2025-01-12 13:56:25,376] {processor.py:170} INFO - Processing /home/jorge/Desktop/MÁSTER/SEGUNDO CURSO/BDFI/practica_docker/env/lib/python3.8/site-packages/airflow/example_dags/example_task_group.py took 0.132 seconds
[2025-01-12 13:57:02,027] {processor.py:162} INFO - Started process (PID=283094) to work on /home/jorge/Desktop/MÁSTER/SEGUNDO CURSO/BDFI/practica_docker/env/lib/python3.8/site-packages/airflow/example_dags/example_task_group.py
[2025-01-12 13:57:02,029] {processor.py:613} INFO - Processing file /home/jorge/Desktop/MÁSTER/SEGUNDO CURSO/BDFI/practica_docker/env/lib/python3.8/site-packages/airflow/example_dags/example_task_group.py for tasks to queue
[2025-01-12 13:57:02,030] {logging_mixin.py:109} INFO - [2025-01-12 13:57:02,030] {dagbag.py:496} INFO - Filling up the DagBag from /home/jorge/Desktop/MÁSTER/SEGUNDO CURSO/BDFI/practica_docker/env/lib/python3.8/site-packages/airflow/example_dags/example_task_group.py
[2025-01-12 13:57:02,050] {processor.py:623} INFO - DAG(s) dict_keys(['example_task_group']) retrieved from /home/jorge/Desktop/MÁSTER/SEGUNDO CURSO/BDFI/practica_docker/env/lib/python3.8/site-packages/airflow/example_dags/example_task_group.py
[2025-01-12 13:57:02,067] {logging_mixin.py:109} INFO - [2025-01-12 13:57:02,067] {dag.py:1834} INFO - Sync 1 DAGs
[2025-01-12 13:57:02,081] {logging_mixin.py:109} INFO - [2025-01-12 13:57:02,081] {dag.py:2287} INFO - Setting next_dagrun for example_task_group to 2025-01-10 00:00:00+00:00
[2025-01-12 13:57:02,101] {processor.py:170} INFO - Processing /home/jorge/Desktop/MÁSTER/SEGUNDO CURSO/BDFI/practica_docker/env/lib/python3.8/site-packages/airflow/example_dags/example_task_group.py took 0.077 seconds
[2025-01-12 13:57:37,436] {processor.py:162} INFO - Started process (PID=283251) to work on /home/jorge/Desktop/MÁSTER/SEGUNDO CURSO/BDFI/practica_docker/env/lib/python3.8/site-packages/airflow/example_dags/example_task_group.py
[2025-01-12 13:57:37,437] {processor.py:613} INFO - Processing file /home/jorge/Desktop/MÁSTER/SEGUNDO CURSO/BDFI/practica_docker/env/lib/python3.8/site-packages/airflow/example_dags/example_task_group.py for tasks to queue
[2025-01-12 13:57:37,438] {logging_mixin.py:109} INFO - [2025-01-12 13:57:37,438] {dagbag.py:496} INFO - Filling up the DagBag from /home/jorge/Desktop/MÁSTER/SEGUNDO CURSO/BDFI/practica_docker/env/lib/python3.8/site-packages/airflow/example_dags/example_task_group.py
[2025-01-12 13:57:37,460] {processor.py:623} INFO - DAG(s) dict_keys(['example_task_group']) retrieved from /home/jorge/Desktop/MÁSTER/SEGUNDO CURSO/BDFI/practica_docker/env/lib/python3.8/site-packages/airflow/example_dags/example_task_group.py
[2025-01-12 13:57:37,476] {logging_mixin.py:109} INFO - [2025-01-12 13:57:37,476] {dag.py:1834} INFO - Sync 1 DAGs
[2025-01-12 13:57:37,484] {logging_mixin.py:109} INFO - [2025-01-12 13:57:37,484] {dag.py:2287} INFO - Setting next_dagrun for example_task_group to 2025-01-10 00:00:00+00:00
[2025-01-12 13:57:37,499] {processor.py:170} INFO - Processing /home/jorge/Desktop/MÁSTER/SEGUNDO CURSO/BDFI/practica_docker/env/lib/python3.8/site-packages/airflow/example_dags/example_task_group.py took 0.066 seconds
[2025-01-12 14:06:01,014] {processor.py:162} INFO - Started process (PID=283698) to work on /home/jorge/Desktop/MÁSTER/SEGUNDO CURSO/BDFI/practica_docker/env/lib/python3.8/site-packages/airflow/example_dags/example_task_group.py
[2025-01-12 14:06:01,029] {processor.py:613} INFO - Processing file /home/jorge/Desktop/MÁSTER/SEGUNDO CURSO/BDFI/practica_docker/env/lib/python3.8/site-packages/airflow/example_dags/example_task_group.py for tasks to queue
[2025-01-12 14:06:01,030] {logging_mixin.py:109} INFO - [2025-01-12 14:06:01,030] {dagbag.py:496} INFO - Filling up the DagBag from /home/jorge/Desktop/MÁSTER/SEGUNDO CURSO/BDFI/practica_docker/env/lib/python3.8/site-packages/airflow/example_dags/example_task_group.py
[2025-01-12 14:06:01,038] {processor.py:623} INFO - DAG(s) dict_keys(['example_task_group']) retrieved from /home/jorge/Desktop/MÁSTER/SEGUNDO CURSO/BDFI/practica_docker/env/lib/python3.8/site-packages/airflow/example_dags/example_task_group.py
[2025-01-12 14:06:01,045] {logging_mixin.py:109} INFO - [2025-01-12 14:06:01,045] {dag.py:1834} INFO - Sync 1 DAGs
[2025-01-12 14:06:01,051] {logging_mixin.py:109} INFO - [2025-01-12 14:06:01,051] {dag.py:2287} INFO - Setting next_dagrun for example_task_group to 2025-01-10 00:00:00+00:00
[2025-01-12 14:06:01,058] {processor.py:170} INFO - Processing /home/jorge/Desktop/MÁSTER/SEGUNDO CURSO/BDFI/practica_docker/env/lib/python3.8/site-packages/airflow/example_dags/example_task_group.py took 0.046 seconds
[2025-01-12 14:06:33,732] {processor.py:162} INFO - Started process (PID=283846) to work on /home/jorge/Desktop/MÁSTER/SEGUNDO CURSO/BDFI/practica_docker/env/lib/python3.8/site-packages/airflow/example_dags/example_task_group.py
[2025-01-12 14:06:33,733] {processor.py:613} INFO - Processing file /home/jorge/Desktop/MÁSTER/SEGUNDO CURSO/BDFI/practica_docker/env/lib/python3.8/site-packages/airflow/example_dags/example_task_group.py for tasks to queue
[2025-01-12 14:06:33,734] {logging_mixin.py:109} INFO - [2025-01-12 14:06:33,734] {dagbag.py:496} INFO - Filling up the DagBag from /home/jorge/Desktop/MÁSTER/SEGUNDO CURSO/BDFI/practica_docker/env/lib/python3.8/site-packages/airflow/example_dags/example_task_group.py
[2025-01-12 14:06:33,745] {processor.py:623} INFO - DAG(s) dict_keys(['example_task_group']) retrieved from /home/jorge/Desktop/MÁSTER/SEGUNDO CURSO/BDFI/practica_docker/env/lib/python3.8/site-packages/airflow/example_dags/example_task_group.py
[2025-01-12 14:06:33,753] {logging_mixin.py:109} INFO - [2025-01-12 14:06:33,753] {dag.py:1834} INFO - Sync 1 DAGs
[2025-01-12 14:06:33,757] {logging_mixin.py:109} INFO - [2025-01-12 14:06:33,757] {dag.py:2287} INFO - Setting next_dagrun for example_task_group to 2025-01-10 00:00:00+00:00
[2025-01-12 14:06:33,765] {processor.py:170} INFO - Processing /home/jorge/Desktop/MÁSTER/SEGUNDO CURSO/BDFI/practica_docker/env/lib/python3.8/site-packages/airflow/example_dags/example_task_group.py took 0.037 seconds
[2025-01-12 14:07:07,176] {processor.py:162} INFO - Started process (PID=284005) to work on /home/jorge/Desktop/MÁSTER/SEGUNDO CURSO/BDFI/practica_docker/env/lib/python3.8/site-packages/airflow/example_dags/example_task_group.py
[2025-01-12 14:07:07,184] {processor.py:613} INFO - Processing file /home/jorge/Desktop/MÁSTER/SEGUNDO CURSO/BDFI/practica_docker/env/lib/python3.8/site-packages/airflow/example_dags/example_task_group.py for tasks to queue
[2025-01-12 14:07:07,185] {logging_mixin.py:109} INFO - [2025-01-12 14:07:07,185] {dagbag.py:496} INFO - Filling up the DagBag from /home/jorge/Desktop/MÁSTER/SEGUNDO CURSO/BDFI/practica_docker/env/lib/python3.8/site-packages/airflow/example_dags/example_task_group.py
[2025-01-12 14:07:07,196] {processor.py:623} INFO - DAG(s) dict_keys(['example_task_group']) retrieved from /home/jorge/Desktop/MÁSTER/SEGUNDO CURSO/BDFI/practica_docker/env/lib/python3.8/site-packages/airflow/example_dags/example_task_group.py
[2025-01-12 14:07:07,204] {logging_mixin.py:109} INFO - [2025-01-12 14:07:07,204] {dag.py:1834} INFO - Sync 1 DAGs
[2025-01-12 14:07:07,208] {logging_mixin.py:109} INFO - [2025-01-12 14:07:07,208] {dag.py:2287} INFO - Setting next_dagrun for example_task_group to 2025-01-10 00:00:00+00:00
[2025-01-12 14:07:07,215] {processor.py:170} INFO - Processing /home/jorge/Desktop/MÁSTER/SEGUNDO CURSO/BDFI/practica_docker/env/lib/python3.8/site-packages/airflow/example_dags/example_task_group.py took 0.042 seconds
[2025-01-12 14:07:39,751] {processor.py:162} INFO - Started process (PID=284144) to work on /home/jorge/Desktop/MÁSTER/SEGUNDO CURSO/BDFI/practica_docker/env/lib/python3.8/site-packages/airflow/example_dags/example_task_group.py
[2025-01-12 14:07:39,757] {processor.py:613} INFO - Processing file /home/jorge/Desktop/MÁSTER/SEGUNDO CURSO/BDFI/practica_docker/env/lib/python3.8/site-packages/airflow/example_dags/example_task_group.py for tasks to queue
[2025-01-12 14:07:39,758] {logging_mixin.py:109} INFO - [2025-01-12 14:07:39,758] {dagbag.py:496} INFO - Filling up the DagBag from /home/jorge/Desktop/MÁSTER/SEGUNDO CURSO/BDFI/practica_docker/env/lib/python3.8/site-packages/airflow/example_dags/example_task_group.py
[2025-01-12 14:07:39,768] {processor.py:623} INFO - DAG(s) dict_keys(['example_task_group']) retrieved from /home/jorge/Desktop/MÁSTER/SEGUNDO CURSO/BDFI/practica_docker/env/lib/python3.8/site-packages/airflow/example_dags/example_task_group.py
[2025-01-12 14:07:39,776] {logging_mixin.py:109} INFO - [2025-01-12 14:07:39,776] {dag.py:1834} INFO - Sync 1 DAGs
[2025-01-12 14:07:39,780] {logging_mixin.py:109} INFO - [2025-01-12 14:07:39,780] {dag.py:2287} INFO - Setting next_dagrun for example_task_group to 2025-01-10 00:00:00+00:00
[2025-01-12 14:07:39,787] {processor.py:170} INFO - Processing /home/jorge/Desktop/MÁSTER/SEGUNDO CURSO/BDFI/practica_docker/env/lib/python3.8/site-packages/airflow/example_dags/example_task_group.py took 0.038 seconds
[2025-01-12 14:08:13,240] {processor.py:162} INFO - Started process (PID=284301) to work on /home/jorge/Desktop/MÁSTER/SEGUNDO CURSO/BDFI/practica_docker/env/lib/python3.8/site-packages/airflow/example_dags/example_task_group.py
[2025-01-12 14:08:13,247] {processor.py:613} INFO - Processing file /home/jorge/Desktop/MÁSTER/SEGUNDO CURSO/BDFI/practica_docker/env/lib/python3.8/site-packages/airflow/example_dags/example_task_group.py for tasks to queue
[2025-01-12 14:08:13,248] {logging_mixin.py:109} INFO - [2025-01-12 14:08:13,247] {dagbag.py:496} INFO - Filling up the DagBag from /home/jorge/Desktop/MÁSTER/SEGUNDO CURSO/BDFI/practica_docker/env/lib/python3.8/site-packages/airflow/example_dags/example_task_group.py
[2025-01-12 14:08:13,258] {processor.py:623} INFO - DAG(s) dict_keys(['example_task_group']) retrieved from /home/jorge/Desktop/MÁSTER/SEGUNDO CURSO/BDFI/practica_docker/env/lib/python3.8/site-packages/airflow/example_dags/example_task_group.py
[2025-01-12 14:08:13,267] {logging_mixin.py:109} INFO - [2025-01-12 14:08:13,267] {dag.py:1834} INFO - Sync 1 DAGs
[2025-01-12 14:08:13,271] {logging_mixin.py:109} INFO - [2025-01-12 14:08:13,271] {dag.py:2287} INFO - Setting next_dagrun for example_task_group to 2025-01-10 00:00:00+00:00
[2025-01-12 14:08:13,278] {processor.py:170} INFO - Processing /home/jorge/Desktop/MÁSTER/SEGUNDO CURSO/BDFI/practica_docker/env/lib/python3.8/site-packages/airflow/example_dags/example_task_group.py took 0.041 seconds
[2025-01-12 14:08:45,444] {processor.py:162} INFO - Started process (PID=284451) to work on /home/jorge/Desktop/MÁSTER/SEGUNDO CURSO/BDFI/practica_docker/env/lib/python3.8/site-packages/airflow/example_dags/example_task_group.py
[2025-01-12 14:08:45,451] {processor.py:613} INFO - Processing file /home/jorge/Desktop/MÁSTER/SEGUNDO CURSO/BDFI/practica_docker/env/lib/python3.8/site-packages/airflow/example_dags/example_task_group.py for tasks to queue
[2025-01-12 14:08:45,452] {logging_mixin.py:109} INFO - [2025-01-12 14:08:45,452] {dagbag.py:496} INFO - Filling up the DagBag from /home/jorge/Desktop/MÁSTER/SEGUNDO CURSO/BDFI/practica_docker/env/lib/python3.8/site-packages/airflow/example_dags/example_task_group.py
[2025-01-12 14:08:45,463] {processor.py:623} INFO - DAG(s) dict_keys(['example_task_group']) retrieved from /home/jorge/Desktop/MÁSTER/SEGUNDO CURSO/BDFI/practica_docker/env/lib/python3.8/site-packages/airflow/example_dags/example_task_group.py
[2025-01-12 14:08:45,472] {logging_mixin.py:109} INFO - [2025-01-12 14:08:45,472] {dag.py:1834} INFO - Sync 1 DAGs
[2025-01-12 14:08:45,477] {logging_mixin.py:109} INFO - [2025-01-12 14:08:45,477] {dag.py:2287} INFO - Setting next_dagrun for example_task_group to 2025-01-10 00:00:00+00:00
[2025-01-12 14:08:45,485] {processor.py:170} INFO - Processing /home/jorge/Desktop/MÁSTER/SEGUNDO CURSO/BDFI/practica_docker/env/lib/python3.8/site-packages/airflow/example_dags/example_task_group.py took 0.043 seconds
[2025-01-12 14:09:18,051] {processor.py:162} INFO - Started process (PID=284594) to work on /home/jorge/Desktop/MÁSTER/SEGUNDO CURSO/BDFI/practica_docker/env/lib/python3.8/site-packages/airflow/example_dags/example_task_group.py
[2025-01-12 14:09:18,053] {processor.py:613} INFO - Processing file /home/jorge/Desktop/MÁSTER/SEGUNDO CURSO/BDFI/practica_docker/env/lib/python3.8/site-packages/airflow/example_dags/example_task_group.py for tasks to queue
[2025-01-12 14:09:18,053] {logging_mixin.py:109} INFO - [2025-01-12 14:09:18,053] {dagbag.py:496} INFO - Filling up the DagBag from /home/jorge/Desktop/MÁSTER/SEGUNDO CURSO/BDFI/practica_docker/env/lib/python3.8/site-packages/airflow/example_dags/example_task_group.py
[2025-01-12 14:09:18,066] {processor.py:623} INFO - DAG(s) dict_keys(['example_task_group']) retrieved from /home/jorge/Desktop/MÁSTER/SEGUNDO CURSO/BDFI/practica_docker/env/lib/python3.8/site-packages/airflow/example_dags/example_task_group.py
[2025-01-12 14:09:18,077] {logging_mixin.py:109} INFO - [2025-01-12 14:09:18,077] {dag.py:1834} INFO - Sync 1 DAGs
[2025-01-12 14:09:18,083] {logging_mixin.py:109} INFO - [2025-01-12 14:09:18,083] {dag.py:2287} INFO - Setting next_dagrun for example_task_group to 2025-01-10 00:00:00+00:00
[2025-01-12 14:09:18,090] {processor.py:170} INFO - Processing /home/jorge/Desktop/MÁSTER/SEGUNDO CURSO/BDFI/practica_docker/env/lib/python3.8/site-packages/airflow/example_dags/example_task_group.py took 0.043 seconds
[2025-01-12 14:09:52,641] {processor.py:162} INFO - Started process (PID=284766) to work on /home/jorge/Desktop/MÁSTER/SEGUNDO CURSO/BDFI/practica_docker/env/lib/python3.8/site-packages/airflow/example_dags/example_task_group.py
[2025-01-12 14:09:52,647] {processor.py:613} INFO - Processing file /home/jorge/Desktop/MÁSTER/SEGUNDO CURSO/BDFI/practica_docker/env/lib/python3.8/site-packages/airflow/example_dags/example_task_group.py for tasks to queue
[2025-01-12 14:09:52,648] {logging_mixin.py:109} INFO - [2025-01-12 14:09:52,648] {dagbag.py:496} INFO - Filling up the DagBag from /home/jorge/Desktop/MÁSTER/SEGUNDO CURSO/BDFI/practica_docker/env/lib/python3.8/site-packages/airflow/example_dags/example_task_group.py
[2025-01-12 14:09:52,658] {processor.py:623} INFO - DAG(s) dict_keys(['example_task_group']) retrieved from /home/jorge/Desktop/MÁSTER/SEGUNDO CURSO/BDFI/practica_docker/env/lib/python3.8/site-packages/airflow/example_dags/example_task_group.py
[2025-01-12 14:09:52,667] {logging_mixin.py:109} INFO - [2025-01-12 14:09:52,667] {dag.py:1834} INFO - Sync 1 DAGs
[2025-01-12 14:09:52,671] {logging_mixin.py:109} INFO - [2025-01-12 14:09:52,671] {dag.py:2287} INFO - Setting next_dagrun for example_task_group to 2025-01-10 00:00:00+00:00
[2025-01-12 14:09:52,679] {processor.py:170} INFO - Processing /home/jorge/Desktop/MÁSTER/SEGUNDO CURSO/BDFI/practica_docker/env/lib/python3.8/site-packages/airflow/example_dags/example_task_group.py took 0.040 seconds
[2025-01-12 14:10:24,935] {processor.py:162} INFO - Started process (PID=284909) to work on /home/jorge/Desktop/MÁSTER/SEGUNDO CURSO/BDFI/practica_docker/env/lib/python3.8/site-packages/airflow/example_dags/example_task_group.py
[2025-01-12 14:10:24,937] {processor.py:613} INFO - Processing file /home/jorge/Desktop/MÁSTER/SEGUNDO CURSO/BDFI/practica_docker/env/lib/python3.8/site-packages/airflow/example_dags/example_task_group.py for tasks to queue
[2025-01-12 14:10:24,937] {logging_mixin.py:109} INFO - [2025-01-12 14:10:24,937] {dagbag.py:496} INFO - Filling up the DagBag from /home/jorge/Desktop/MÁSTER/SEGUNDO CURSO/BDFI/practica_docker/env/lib/python3.8/site-packages/airflow/example_dags/example_task_group.py
[2025-01-12 14:10:24,945] {processor.py:623} INFO - DAG(s) dict_keys(['example_task_group']) retrieved from /home/jorge/Desktop/MÁSTER/SEGUNDO CURSO/BDFI/practica_docker/env/lib/python3.8/site-packages/airflow/example_dags/example_task_group.py
[2025-01-12 14:10:24,955] {logging_mixin.py:109} INFO - [2025-01-12 14:10:24,955] {dag.py:1834} INFO - Sync 1 DAGs
[2025-01-12 14:10:24,961] {logging_mixin.py:109} INFO - [2025-01-12 14:10:24,961] {dag.py:2287} INFO - Setting next_dagrun for example_task_group to 2025-01-10 00:00:00+00:00
[2025-01-12 14:10:24,969] {processor.py:170} INFO - Processing /home/jorge/Desktop/MÁSTER/SEGUNDO CURSO/BDFI/practica_docker/env/lib/python3.8/site-packages/airflow/example_dags/example_task_group.py took 0.038 seconds
[2025-01-12 14:11:02,425] {processor.py:162} INFO - Started process (PID=285199) to work on /home/jorge/Desktop/MÁSTER/SEGUNDO CURSO/BDFI/practica_docker/env/lib/python3.8/site-packages/airflow/example_dags/example_task_group.py
[2025-01-12 14:11:02,426] {processor.py:613} INFO - Processing file /home/jorge/Desktop/MÁSTER/SEGUNDO CURSO/BDFI/practica_docker/env/lib/python3.8/site-packages/airflow/example_dags/example_task_group.py for tasks to queue
[2025-01-12 14:11:02,427] {logging_mixin.py:109} INFO - [2025-01-12 14:11:02,427] {dagbag.py:496} INFO - Filling up the DagBag from /home/jorge/Desktop/MÁSTER/SEGUNDO CURSO/BDFI/practica_docker/env/lib/python3.8/site-packages/airflow/example_dags/example_task_group.py
[2025-01-12 14:11:02,436] {processor.py:623} INFO - DAG(s) dict_keys(['example_task_group']) retrieved from /home/jorge/Desktop/MÁSTER/SEGUNDO CURSO/BDFI/practica_docker/env/lib/python3.8/site-packages/airflow/example_dags/example_task_group.py
[2025-01-12 14:11:02,447] {logging_mixin.py:109} INFO - [2025-01-12 14:11:02,447] {dag.py:1834} INFO - Sync 1 DAGs
[2025-01-12 14:11:02,452] {logging_mixin.py:109} INFO - [2025-01-12 14:11:02,452] {dag.py:2287} INFO - Setting next_dagrun for example_task_group to 2025-01-10 00:00:00+00:00
[2025-01-12 14:11:02,460] {processor.py:170} INFO - Processing /home/jorge/Desktop/MÁSTER/SEGUNDO CURSO/BDFI/practica_docker/env/lib/python3.8/site-packages/airflow/example_dags/example_task_group.py took 0.037 seconds
[2025-01-12 14:11:36,209] {processor.py:162} INFO - Started process (PID=285380) to work on /home/jorge/Desktop/MÁSTER/SEGUNDO CURSO/BDFI/practica_docker/env/lib/python3.8/site-packages/airflow/example_dags/example_task_group.py
[2025-01-12 14:11:36,216] {processor.py:613} INFO - Processing file /home/jorge/Desktop/MÁSTER/SEGUNDO CURSO/BDFI/practica_docker/env/lib/python3.8/site-packages/airflow/example_dags/example_task_group.py for tasks to queue
[2025-01-12 14:11:36,217] {logging_mixin.py:109} INFO - [2025-01-12 14:11:36,217] {dagbag.py:496} INFO - Filling up the DagBag from /home/jorge/Desktop/MÁSTER/SEGUNDO CURSO/BDFI/practica_docker/env/lib/python3.8/site-packages/airflow/example_dags/example_task_group.py
[2025-01-12 14:11:36,228] {processor.py:623} INFO - DAG(s) dict_keys(['example_task_group']) retrieved from /home/jorge/Desktop/MÁSTER/SEGUNDO CURSO/BDFI/practica_docker/env/lib/python3.8/site-packages/airflow/example_dags/example_task_group.py
[2025-01-12 14:11:36,236] {logging_mixin.py:109} INFO - [2025-01-12 14:11:36,236] {dag.py:1834} INFO - Sync 1 DAGs
[2025-01-12 14:11:36,240] {logging_mixin.py:109} INFO - [2025-01-12 14:11:36,240] {dag.py:2287} INFO - Setting next_dagrun for example_task_group to 2025-01-10 00:00:00+00:00
[2025-01-12 14:11:36,248] {processor.py:170} INFO - Processing /home/jorge/Desktop/MÁSTER/SEGUNDO CURSO/BDFI/practica_docker/env/lib/python3.8/site-packages/airflow/example_dags/example_task_group.py took 0.042 seconds
[2025-01-12 14:12:10,199] {processor.py:162} INFO - Started process (PID=285540) to work on /home/jorge/Desktop/MÁSTER/SEGUNDO CURSO/BDFI/practica_docker/env/lib/python3.8/site-packages/airflow/example_dags/example_task_group.py
[2025-01-12 14:12:10,207] {processor.py:613} INFO - Processing file /home/jorge/Desktop/MÁSTER/SEGUNDO CURSO/BDFI/practica_docker/env/lib/python3.8/site-packages/airflow/example_dags/example_task_group.py for tasks to queue
[2025-01-12 14:12:10,208] {logging_mixin.py:109} INFO - [2025-01-12 14:12:10,208] {dagbag.py:496} INFO - Filling up the DagBag from /home/jorge/Desktop/MÁSTER/SEGUNDO CURSO/BDFI/practica_docker/env/lib/python3.8/site-packages/airflow/example_dags/example_task_group.py
[2025-01-12 14:12:10,217] {processor.py:623} INFO - DAG(s) dict_keys(['example_task_group']) retrieved from /home/jorge/Desktop/MÁSTER/SEGUNDO CURSO/BDFI/practica_docker/env/lib/python3.8/site-packages/airflow/example_dags/example_task_group.py
[2025-01-12 14:12:10,226] {logging_mixin.py:109} INFO - [2025-01-12 14:12:10,226] {dag.py:1834} INFO - Sync 1 DAGs
[2025-01-12 14:12:10,231] {logging_mixin.py:109} INFO - [2025-01-12 14:12:10,231] {dag.py:2287} INFO - Setting next_dagrun for example_task_group to 2025-01-10 00:00:00+00:00
[2025-01-12 14:12:10,238] {processor.py:170} INFO - Processing /home/jorge/Desktop/MÁSTER/SEGUNDO CURSO/BDFI/practica_docker/env/lib/python3.8/site-packages/airflow/example_dags/example_task_group.py took 0.043 seconds
[2025-01-12 14:12:43,839] {processor.py:162} INFO - Started process (PID=285689) to work on /home/jorge/Desktop/MÁSTER/SEGUNDO CURSO/BDFI/practica_docker/env/lib/python3.8/site-packages/airflow/example_dags/example_task_group.py
[2025-01-12 14:12:43,845] {processor.py:613} INFO - Processing file /home/jorge/Desktop/MÁSTER/SEGUNDO CURSO/BDFI/practica_docker/env/lib/python3.8/site-packages/airflow/example_dags/example_task_group.py for tasks to queue
[2025-01-12 14:12:43,846] {logging_mixin.py:109} INFO - [2025-01-12 14:12:43,845] {dagbag.py:496} INFO - Filling up the DagBag from /home/jorge/Desktop/MÁSTER/SEGUNDO CURSO/BDFI/practica_docker/env/lib/python3.8/site-packages/airflow/example_dags/example_task_group.py
[2025-01-12 14:12:43,851] {processor.py:623} INFO - DAG(s) dict_keys(['example_task_group']) retrieved from /home/jorge/Desktop/MÁSTER/SEGUNDO CURSO/BDFI/practica_docker/env/lib/python3.8/site-packages/airflow/example_dags/example_task_group.py
[2025-01-12 14:12:43,860] {logging_mixin.py:109} INFO - [2025-01-12 14:12:43,860] {dag.py:1834} INFO - Sync 1 DAGs
[2025-01-12 14:12:43,866] {logging_mixin.py:109} INFO - [2025-01-12 14:12:43,865] {dag.py:2287} INFO - Setting next_dagrun for example_task_group to 2025-01-10 00:00:00+00:00
[2025-01-12 14:12:43,874] {processor.py:170} INFO - Processing /home/jorge/Desktop/MÁSTER/SEGUNDO CURSO/BDFI/practica_docker/env/lib/python3.8/site-packages/airflow/example_dags/example_task_group.py took 0.036 seconds
[2025-01-12 14:13:16,481] {processor.py:162} INFO - Started process (PID=285834) to work on /home/jorge/Desktop/MÁSTER/SEGUNDO CURSO/BDFI/practica_docker/env/lib/python3.8/site-packages/airflow/example_dags/example_task_group.py
[2025-01-12 14:13:16,483] {processor.py:613} INFO - Processing file /home/jorge/Desktop/MÁSTER/SEGUNDO CURSO/BDFI/practica_docker/env/lib/python3.8/site-packages/airflow/example_dags/example_task_group.py for tasks to queue
[2025-01-12 14:13:16,485] {logging_mixin.py:109} INFO - [2025-01-12 14:13:16,484] {dagbag.py:496} INFO - Filling up the DagBag from /home/jorge/Desktop/MÁSTER/SEGUNDO CURSO/BDFI/practica_docker/env/lib/python3.8/site-packages/airflow/example_dags/example_task_group.py
[2025-01-12 14:13:16,495] {processor.py:623} INFO - DAG(s) dict_keys(['example_task_group']) retrieved from /home/jorge/Desktop/MÁSTER/SEGUNDO CURSO/BDFI/practica_docker/env/lib/python3.8/site-packages/airflow/example_dags/example_task_group.py
[2025-01-12 14:13:16,507] {logging_mixin.py:109} INFO - [2025-01-12 14:13:16,507] {dag.py:1834} INFO - Sync 1 DAGs
[2025-01-12 14:13:16,514] {logging_mixin.py:109} INFO - [2025-01-12 14:13:16,514] {dag.py:2287} INFO - Setting next_dagrun for example_task_group to 2025-01-10 00:00:00+00:00
[2025-01-12 14:13:16,526] {processor.py:170} INFO - Processing /home/jorge/Desktop/MÁSTER/SEGUNDO CURSO/BDFI/practica_docker/env/lib/python3.8/site-packages/airflow/example_dags/example_task_group.py took 0.049 seconds
[2025-01-12 14:13:49,944] {processor.py:162} INFO - Started process (PID=286002) to work on /home/jorge/Desktop/MÁSTER/SEGUNDO CURSO/BDFI/practica_docker/env/lib/python3.8/site-packages/airflow/example_dags/example_task_group.py
[2025-01-12 14:13:49,950] {processor.py:613} INFO - Processing file /home/jorge/Desktop/MÁSTER/SEGUNDO CURSO/BDFI/practica_docker/env/lib/python3.8/site-packages/airflow/example_dags/example_task_group.py for tasks to queue
[2025-01-12 14:13:49,952] {logging_mixin.py:109} INFO - [2025-01-12 14:13:49,951] {dagbag.py:496} INFO - Filling up the DagBag from /home/jorge/Desktop/MÁSTER/SEGUNDO CURSO/BDFI/practica_docker/env/lib/python3.8/site-packages/airflow/example_dags/example_task_group.py
[2025-01-12 14:13:49,961] {processor.py:623} INFO - DAG(s) dict_keys(['example_task_group']) retrieved from /home/jorge/Desktop/MÁSTER/SEGUNDO CURSO/BDFI/practica_docker/env/lib/python3.8/site-packages/airflow/example_dags/example_task_group.py
[2025-01-12 14:13:49,968] {logging_mixin.py:109} INFO - [2025-01-12 14:13:49,968] {dag.py:1834} INFO - Sync 1 DAGs
[2025-01-12 14:13:49,975] {logging_mixin.py:109} INFO - [2025-01-12 14:13:49,975] {dag.py:2287} INFO - Setting next_dagrun for example_task_group to 2025-01-10 00:00:00+00:00
[2025-01-12 14:13:49,982] {processor.py:170} INFO - Processing /home/jorge/Desktop/MÁSTER/SEGUNDO CURSO/BDFI/practica_docker/env/lib/python3.8/site-packages/airflow/example_dags/example_task_group.py took 0.042 seconds
[2025-01-12 14:14:21,936] {processor.py:162} INFO - Started process (PID=286152) to work on /home/jorge/Desktop/MÁSTER/SEGUNDO CURSO/BDFI/practica_docker/env/lib/python3.8/site-packages/airflow/example_dags/example_task_group.py
[2025-01-12 14:14:21,939] {processor.py:613} INFO - Processing file /home/jorge/Desktop/MÁSTER/SEGUNDO CURSO/BDFI/practica_docker/env/lib/python3.8/site-packages/airflow/example_dags/example_task_group.py for tasks to queue
[2025-01-12 14:14:21,940] {logging_mixin.py:109} INFO - [2025-01-12 14:14:21,940] {dagbag.py:496} INFO - Filling up the DagBag from /home/jorge/Desktop/MÁSTER/SEGUNDO CURSO/BDFI/practica_docker/env/lib/python3.8/site-packages/airflow/example_dags/example_task_group.py
[2025-01-12 14:14:21,949] {processor.py:623} INFO - DAG(s) dict_keys(['example_task_group']) retrieved from /home/jorge/Desktop/MÁSTER/SEGUNDO CURSO/BDFI/practica_docker/env/lib/python3.8/site-packages/airflow/example_dags/example_task_group.py
[2025-01-12 14:14:21,959] {logging_mixin.py:109} INFO - [2025-01-12 14:14:21,959] {dag.py:1834} INFO - Sync 1 DAGs
[2025-01-12 14:14:21,965] {logging_mixin.py:109} INFO - [2025-01-12 14:14:21,965] {dag.py:2287} INFO - Setting next_dagrun for example_task_group to 2025-01-10 00:00:00+00:00
[2025-01-12 14:14:21,974] {processor.py:170} INFO - Processing /home/jorge/Desktop/MÁSTER/SEGUNDO CURSO/BDFI/practica_docker/env/lib/python3.8/site-packages/airflow/example_dags/example_task_group.py took 0.042 seconds
[2025-01-12 14:14:54,676] {processor.py:162} INFO - Started process (PID=286415) to work on /home/jorge/Desktop/MÁSTER/SEGUNDO CURSO/BDFI/practica_docker/env/lib/python3.8/site-packages/airflow/example_dags/example_task_group.py
[2025-01-12 14:14:54,677] {processor.py:613} INFO - Processing file /home/jorge/Desktop/MÁSTER/SEGUNDO CURSO/BDFI/practica_docker/env/lib/python3.8/site-packages/airflow/example_dags/example_task_group.py for tasks to queue
[2025-01-12 14:14:54,677] {logging_mixin.py:109} INFO - [2025-01-12 14:14:54,677] {dagbag.py:496} INFO - Filling up the DagBag from /home/jorge/Desktop/MÁSTER/SEGUNDO CURSO/BDFI/practica_docker/env/lib/python3.8/site-packages/airflow/example_dags/example_task_group.py
[2025-01-12 14:14:54,683] {processor.py:623} INFO - DAG(s) dict_keys(['example_task_group']) retrieved from /home/jorge/Desktop/MÁSTER/SEGUNDO CURSO/BDFI/practica_docker/env/lib/python3.8/site-packages/airflow/example_dags/example_task_group.py
[2025-01-12 14:14:54,694] {logging_mixin.py:109} INFO - [2025-01-12 14:14:54,694] {dag.py:1834} INFO - Sync 1 DAGs
[2025-01-12 14:14:54,701] {logging_mixin.py:109} INFO - [2025-01-12 14:14:54,700] {dag.py:2287} INFO - Setting next_dagrun for example_task_group to 2025-01-10 00:00:00+00:00
[2025-01-12 14:14:54,709] {processor.py:170} INFO - Processing /home/jorge/Desktop/MÁSTER/SEGUNDO CURSO/BDFI/practica_docker/env/lib/python3.8/site-packages/airflow/example_dags/example_task_group.py took 0.035 seconds
[2025-01-12 14:15:26,859] {processor.py:162} INFO - Started process (PID=286822) to work on /home/jorge/Desktop/MÁSTER/SEGUNDO CURSO/BDFI/practica_docker/env/lib/python3.8/site-packages/airflow/example_dags/example_task_group.py
[2025-01-12 14:15:26,865] {processor.py:613} INFO - Processing file /home/jorge/Desktop/MÁSTER/SEGUNDO CURSO/BDFI/practica_docker/env/lib/python3.8/site-packages/airflow/example_dags/example_task_group.py for tasks to queue
[2025-01-12 14:15:26,866] {logging_mixin.py:109} INFO - [2025-01-12 14:15:26,866] {dagbag.py:496} INFO - Filling up the DagBag from /home/jorge/Desktop/MÁSTER/SEGUNDO CURSO/BDFI/practica_docker/env/lib/python3.8/site-packages/airflow/example_dags/example_task_group.py
[2025-01-12 14:15:26,875] {processor.py:623} INFO - DAG(s) dict_keys(['example_task_group']) retrieved from /home/jorge/Desktop/MÁSTER/SEGUNDO CURSO/BDFI/practica_docker/env/lib/python3.8/site-packages/airflow/example_dags/example_task_group.py
[2025-01-12 14:15:26,883] {logging_mixin.py:109} INFO - [2025-01-12 14:15:26,883] {dag.py:1834} INFO - Sync 1 DAGs
[2025-01-12 14:15:26,888] {logging_mixin.py:109} INFO - [2025-01-12 14:15:26,888] {dag.py:2287} INFO - Setting next_dagrun for example_task_group to 2025-01-10 00:00:00+00:00
[2025-01-12 14:15:26,896] {processor.py:170} INFO - Processing /home/jorge/Desktop/MÁSTER/SEGUNDO CURSO/BDFI/practica_docker/env/lib/python3.8/site-packages/airflow/example_dags/example_task_group.py took 0.038 seconds
[2025-01-12 14:16:12,048] {processor.py:162} INFO - Started process (PID=289824) to work on /home/jorge/Desktop/MÁSTER/SEGUNDO CURSO/BDFI/practica_docker/env/lib/python3.8/site-packages/airflow/example_dags/example_task_group.py
[2025-01-12 14:16:12,049] {processor.py:613} INFO - Processing file /home/jorge/Desktop/MÁSTER/SEGUNDO CURSO/BDFI/practica_docker/env/lib/python3.8/site-packages/airflow/example_dags/example_task_group.py for tasks to queue
[2025-01-12 14:16:12,050] {logging_mixin.py:109} INFO - [2025-01-12 14:16:12,049] {dagbag.py:496} INFO - Filling up the DagBag from /home/jorge/Desktop/MÁSTER/SEGUNDO CURSO/BDFI/practica_docker/env/lib/python3.8/site-packages/airflow/example_dags/example_task_group.py
[2025-01-12 14:16:12,056] {processor.py:623} INFO - DAG(s) dict_keys(['example_task_group']) retrieved from /home/jorge/Desktop/MÁSTER/SEGUNDO CURSO/BDFI/practica_docker/env/lib/python3.8/site-packages/airflow/example_dags/example_task_group.py
[2025-01-12 14:16:12,066] {logging_mixin.py:109} INFO - [2025-01-12 14:16:12,066] {dag.py:1834} INFO - Sync 1 DAGs
[2025-01-12 14:16:12,073] {logging_mixin.py:109} INFO - [2025-01-12 14:16:12,073] {dag.py:2287} INFO - Setting next_dagrun for example_task_group to 2025-01-10 00:00:00+00:00
[2025-01-12 14:16:12,082] {processor.py:170} INFO - Processing /home/jorge/Desktop/MÁSTER/SEGUNDO CURSO/BDFI/practica_docker/env/lib/python3.8/site-packages/airflow/example_dags/example_task_group.py took 0.037 seconds
[2025-01-12 14:16:48,268] {processor.py:162} INFO - Started process (PID=290413) to work on /home/jorge/Desktop/MÁSTER/SEGUNDO CURSO/BDFI/practica_docker/env/lib/python3.8/site-packages/airflow/example_dags/example_task_group.py
[2025-01-12 14:16:48,270] {processor.py:613} INFO - Processing file /home/jorge/Desktop/MÁSTER/SEGUNDO CURSO/BDFI/practica_docker/env/lib/python3.8/site-packages/airflow/example_dags/example_task_group.py for tasks to queue
[2025-01-12 14:16:48,271] {logging_mixin.py:109} INFO - [2025-01-12 14:16:48,271] {dagbag.py:496} INFO - Filling up the DagBag from /home/jorge/Desktop/MÁSTER/SEGUNDO CURSO/BDFI/practica_docker/env/lib/python3.8/site-packages/airflow/example_dags/example_task_group.py
[2025-01-12 14:16:48,290] {processor.py:623} INFO - DAG(s) dict_keys(['example_task_group']) retrieved from /home/jorge/Desktop/MÁSTER/SEGUNDO CURSO/BDFI/practica_docker/env/lib/python3.8/site-packages/airflow/example_dags/example_task_group.py
[2025-01-12 14:16:48,322] {logging_mixin.py:109} INFO - [2025-01-12 14:16:48,322] {dag.py:1834} INFO - Sync 1 DAGs
[2025-01-12 14:16:48,339] {logging_mixin.py:109} INFO - [2025-01-12 14:16:48,339] {dag.py:2287} INFO - Setting next_dagrun for example_task_group to 2025-01-10 00:00:00+00:00
[2025-01-12 14:16:48,376] {processor.py:170} INFO - Processing /home/jorge/Desktop/MÁSTER/SEGUNDO CURSO/BDFI/practica_docker/env/lib/python3.8/site-packages/airflow/example_dags/example_task_group.py took 0.112 seconds
[2025-01-12 14:17:23,025] {processor.py:162} INFO - Started process (PID=290948) to work on /home/jorge/Desktop/MÁSTER/SEGUNDO CURSO/BDFI/practica_docker/env/lib/python3.8/site-packages/airflow/example_dags/example_task_group.py
[2025-01-12 14:17:23,029] {processor.py:613} INFO - Processing file /home/jorge/Desktop/MÁSTER/SEGUNDO CURSO/BDFI/practica_docker/env/lib/python3.8/site-packages/airflow/example_dags/example_task_group.py for tasks to queue
[2025-01-12 14:17:23,030] {logging_mixin.py:109} INFO - [2025-01-12 14:17:23,030] {dagbag.py:496} INFO - Filling up the DagBag from /home/jorge/Desktop/MÁSTER/SEGUNDO CURSO/BDFI/practica_docker/env/lib/python3.8/site-packages/airflow/example_dags/example_task_group.py
[2025-01-12 14:17:23,037] {processor.py:623} INFO - DAG(s) dict_keys(['example_task_group']) retrieved from /home/jorge/Desktop/MÁSTER/SEGUNDO CURSO/BDFI/practica_docker/env/lib/python3.8/site-packages/airflow/example_dags/example_task_group.py
[2025-01-12 14:17:23,047] {logging_mixin.py:109} INFO - [2025-01-12 14:17:23,047] {dag.py:1834} INFO - Sync 1 DAGs
[2025-01-12 14:17:23,054] {logging_mixin.py:109} INFO - [2025-01-12 14:17:23,054] {dag.py:2287} INFO - Setting next_dagrun for example_task_group to 2025-01-10 00:00:00+00:00
[2025-01-12 14:17:23,063] {processor.py:170} INFO - Processing /home/jorge/Desktop/MÁSTER/SEGUNDO CURSO/BDFI/practica_docker/env/lib/python3.8/site-packages/airflow/example_dags/example_task_group.py took 0.041 seconds
[2025-01-12 14:17:55,785] {processor.py:162} INFO - Started process (PID=291114) to work on /home/jorge/Desktop/MÁSTER/SEGUNDO CURSO/BDFI/practica_docker/env/lib/python3.8/site-packages/airflow/example_dags/example_task_group.py
[2025-01-12 14:17:55,786] {processor.py:613} INFO - Processing file /home/jorge/Desktop/MÁSTER/SEGUNDO CURSO/BDFI/practica_docker/env/lib/python3.8/site-packages/airflow/example_dags/example_task_group.py for tasks to queue
[2025-01-12 14:17:55,787] {logging_mixin.py:109} INFO - [2025-01-12 14:17:55,787] {dagbag.py:496} INFO - Filling up the DagBag from /home/jorge/Desktop/MÁSTER/SEGUNDO CURSO/BDFI/practica_docker/env/lib/python3.8/site-packages/airflow/example_dags/example_task_group.py
[2025-01-12 14:17:55,795] {processor.py:623} INFO - DAG(s) dict_keys(['example_task_group']) retrieved from /home/jorge/Desktop/MÁSTER/SEGUNDO CURSO/BDFI/practica_docker/env/lib/python3.8/site-packages/airflow/example_dags/example_task_group.py
[2025-01-12 14:17:55,807] {logging_mixin.py:109} INFO - [2025-01-12 14:17:55,807] {dag.py:1834} INFO - Sync 1 DAGs
[2025-01-12 14:17:55,814] {logging_mixin.py:109} INFO - [2025-01-12 14:17:55,813] {dag.py:2287} INFO - Setting next_dagrun for example_task_group to 2025-01-10 00:00:00+00:00
[2025-01-12 14:17:55,826] {processor.py:170} INFO - Processing /home/jorge/Desktop/MÁSTER/SEGUNDO CURSO/BDFI/practica_docker/env/lib/python3.8/site-packages/airflow/example_dags/example_task_group.py took 0.043 seconds
[2025-01-12 14:18:29,240] {processor.py:162} INFO - Started process (PID=291574) to work on /home/jorge/Desktop/MÁSTER/SEGUNDO CURSO/BDFI/practica_docker/env/lib/python3.8/site-packages/airflow/example_dags/example_task_group.py
[2025-01-12 14:18:29,246] {processor.py:613} INFO - Processing file /home/jorge/Desktop/MÁSTER/SEGUNDO CURSO/BDFI/practica_docker/env/lib/python3.8/site-packages/airflow/example_dags/example_task_group.py for tasks to queue
[2025-01-12 14:18:29,248] {logging_mixin.py:109} INFO - [2025-01-12 14:18:29,247] {dagbag.py:496} INFO - Filling up the DagBag from /home/jorge/Desktop/MÁSTER/SEGUNDO CURSO/BDFI/practica_docker/env/lib/python3.8/site-packages/airflow/example_dags/example_task_group.py
[2025-01-12 14:18:29,258] {processor.py:623} INFO - DAG(s) dict_keys(['example_task_group']) retrieved from /home/jorge/Desktop/MÁSTER/SEGUNDO CURSO/BDFI/practica_docker/env/lib/python3.8/site-packages/airflow/example_dags/example_task_group.py
[2025-01-12 14:18:29,267] {logging_mixin.py:109} INFO - [2025-01-12 14:18:29,267] {dag.py:1834} INFO - Sync 1 DAGs
[2025-01-12 14:18:29,273] {logging_mixin.py:109} INFO - [2025-01-12 14:18:29,273] {dag.py:2287} INFO - Setting next_dagrun for example_task_group to 2025-01-10 00:00:00+00:00
[2025-01-12 14:18:29,281] {processor.py:170} INFO - Processing /home/jorge/Desktop/MÁSTER/SEGUNDO CURSO/BDFI/practica_docker/env/lib/python3.8/site-packages/airflow/example_dags/example_task_group.py took 0.045 seconds
[2025-01-12 14:19:02,779] {processor.py:162} INFO - Started process (PID=291999) to work on /home/jorge/Desktop/MÁSTER/SEGUNDO CURSO/BDFI/practica_docker/env/lib/python3.8/site-packages/airflow/example_dags/example_task_group.py
[2025-01-12 14:19:02,780] {processor.py:613} INFO - Processing file /home/jorge/Desktop/MÁSTER/SEGUNDO CURSO/BDFI/practica_docker/env/lib/python3.8/site-packages/airflow/example_dags/example_task_group.py for tasks to queue
[2025-01-12 14:19:02,781] {logging_mixin.py:109} INFO - [2025-01-12 14:19:02,781] {dagbag.py:496} INFO - Filling up the DagBag from /home/jorge/Desktop/MÁSTER/SEGUNDO CURSO/BDFI/practica_docker/env/lib/python3.8/site-packages/airflow/example_dags/example_task_group.py
[2025-01-12 14:19:02,789] {processor.py:623} INFO - DAG(s) dict_keys(['example_task_group']) retrieved from /home/jorge/Desktop/MÁSTER/SEGUNDO CURSO/BDFI/practica_docker/env/lib/python3.8/site-packages/airflow/example_dags/example_task_group.py
[2025-01-12 14:19:02,800] {logging_mixin.py:109} INFO - [2025-01-12 14:19:02,800] {dag.py:1834} INFO - Sync 1 DAGs
[2025-01-12 14:19:02,807] {logging_mixin.py:109} INFO - [2025-01-12 14:19:02,807] {dag.py:2287} INFO - Setting next_dagrun for example_task_group to 2025-01-10 00:00:00+00:00
[2025-01-12 14:19:02,817] {processor.py:170} INFO - Processing /home/jorge/Desktop/MÁSTER/SEGUNDO CURSO/BDFI/practica_docker/env/lib/python3.8/site-packages/airflow/example_dags/example_task_group.py took 0.040 seconds
[2025-01-12 14:19:38,010] {processor.py:162} INFO - Started process (PID=292905) to work on /home/jorge/Desktop/MÁSTER/SEGUNDO CURSO/BDFI/practica_docker/env/lib/python3.8/site-packages/airflow/example_dags/example_task_group.py
[2025-01-12 14:19:38,011] {processor.py:613} INFO - Processing file /home/jorge/Desktop/MÁSTER/SEGUNDO CURSO/BDFI/practica_docker/env/lib/python3.8/site-packages/airflow/example_dags/example_task_group.py for tasks to queue
[2025-01-12 14:19:38,011] {logging_mixin.py:109} INFO - [2025-01-12 14:19:38,011] {dagbag.py:496} INFO - Filling up the DagBag from /home/jorge/Desktop/MÁSTER/SEGUNDO CURSO/BDFI/practica_docker/env/lib/python3.8/site-packages/airflow/example_dags/example_task_group.py
[2025-01-12 14:19:38,022] {processor.py:623} INFO - DAG(s) dict_keys(['example_task_group']) retrieved from /home/jorge/Desktop/MÁSTER/SEGUNDO CURSO/BDFI/practica_docker/env/lib/python3.8/site-packages/airflow/example_dags/example_task_group.py
[2025-01-12 14:19:38,036] {logging_mixin.py:109} INFO - [2025-01-12 14:19:38,036] {dag.py:1834} INFO - Sync 1 DAGs
[2025-01-12 14:19:38,045] {logging_mixin.py:109} INFO - [2025-01-12 14:19:38,045] {dag.py:2287} INFO - Setting next_dagrun for example_task_group to 2025-01-10 00:00:00+00:00
[2025-01-12 14:19:38,058] {processor.py:170} INFO - Processing /home/jorge/Desktop/MÁSTER/SEGUNDO CURSO/BDFI/practica_docker/env/lib/python3.8/site-packages/airflow/example_dags/example_task_group.py took 0.052 seconds
[2025-01-12 14:20:11,724] {processor.py:162} INFO - Started process (PID=293156) to work on /home/jorge/Desktop/MÁSTER/SEGUNDO CURSO/BDFI/practica_docker/env/lib/python3.8/site-packages/airflow/example_dags/example_task_group.py
[2025-01-12 14:20:11,725] {processor.py:613} INFO - Processing file /home/jorge/Desktop/MÁSTER/SEGUNDO CURSO/BDFI/practica_docker/env/lib/python3.8/site-packages/airflow/example_dags/example_task_group.py for tasks to queue
[2025-01-12 14:20:11,726] {logging_mixin.py:109} INFO - [2025-01-12 14:20:11,725] {dagbag.py:496} INFO - Filling up the DagBag from /home/jorge/Desktop/MÁSTER/SEGUNDO CURSO/BDFI/practica_docker/env/lib/python3.8/site-packages/airflow/example_dags/example_task_group.py
[2025-01-12 14:20:11,734] {processor.py:623} INFO - DAG(s) dict_keys(['example_task_group']) retrieved from /home/jorge/Desktop/MÁSTER/SEGUNDO CURSO/BDFI/practica_docker/env/lib/python3.8/site-packages/airflow/example_dags/example_task_group.py
[2025-01-12 14:20:11,745] {logging_mixin.py:109} INFO - [2025-01-12 14:20:11,745] {dag.py:1834} INFO - Sync 1 DAGs
[2025-01-12 14:20:11,752] {logging_mixin.py:109} INFO - [2025-01-12 14:20:11,752] {dag.py:2287} INFO - Setting next_dagrun for example_task_group to 2025-01-10 00:00:00+00:00
[2025-01-12 14:20:11,761] {processor.py:170} INFO - Processing /home/jorge/Desktop/MÁSTER/SEGUNDO CURSO/BDFI/practica_docker/env/lib/python3.8/site-packages/airflow/example_dags/example_task_group.py took 0.040 seconds
