[2025-01-12 13:51:26,852] {processor.py:162} INFO - Started process (PID=281118) to work on /home/jorge/Desktop/MÁSTER/SEGUNDO CURSO/BDFI/practica_docker/env/lib/python3.8/site-packages/airflow/example_dags/example_branch_datetime_operator.py
[2025-01-12 13:51:26,854] {processor.py:613} INFO - Processing file /home/jorge/Desktop/MÁSTER/SEGUNDO CURSO/BDFI/practica_docker/env/lib/python3.8/site-packages/airflow/example_dags/example_branch_datetime_operator.py for tasks to queue
[2025-01-12 13:51:26,856] {logging_mixin.py:109} INFO - [2025-01-12 13:51:26,855] {dagbag.py:496} INFO - Filling up the DagBag from /home/jorge/Desktop/MÁSTER/SEGUNDO CURSO/BDFI/practica_docker/env/lib/python3.8/site-packages/airflow/example_dags/example_branch_datetime_operator.py
[2025-01-12 13:51:26,873] {processor.py:623} INFO - DAG(s) dict_keys(['example_branch_datetime_operator_2']) retrieved from /home/jorge/Desktop/MÁSTER/SEGUNDO CURSO/BDFI/practica_docker/env/lib/python3.8/site-packages/airflow/example_dags/example_branch_datetime_operator.py
[2025-01-12 13:51:26,890] {logging_mixin.py:109} INFO - [2025-01-12 13:51:26,890] {dag.py:1834} INFO - Sync 1 DAGs
[2025-01-12 13:51:26,903] {logging_mixin.py:109} INFO - [2025-01-12 13:51:26,903] {dag.py:2287} INFO - Setting next_dagrun for example_branch_datetime_operator_2 to 2025-01-10 00:00:00+00:00
[2025-01-12 13:51:26,918] {processor.py:170} INFO - Processing /home/jorge/Desktop/MÁSTER/SEGUNDO CURSO/BDFI/practica_docker/env/lib/python3.8/site-packages/airflow/example_dags/example_branch_datetime_operator.py took 0.069 seconds
[2025-01-12 13:52:01,314] {processor.py:162} INFO - Started process (PID=281311) to work on /home/jorge/Desktop/MÁSTER/SEGUNDO CURSO/BDFI/practica_docker/env/lib/python3.8/site-packages/airflow/example_dags/example_branch_datetime_operator.py
[2025-01-12 13:52:01,315] {processor.py:613} INFO - Processing file /home/jorge/Desktop/MÁSTER/SEGUNDO CURSO/BDFI/practica_docker/env/lib/python3.8/site-packages/airflow/example_dags/example_branch_datetime_operator.py for tasks to queue
[2025-01-12 13:52:01,316] {logging_mixin.py:109} INFO - [2025-01-12 13:52:01,316] {dagbag.py:496} INFO - Filling up the DagBag from /home/jorge/Desktop/MÁSTER/SEGUNDO CURSO/BDFI/practica_docker/env/lib/python3.8/site-packages/airflow/example_dags/example_branch_datetime_operator.py
[2025-01-12 13:52:01,327] {processor.py:623} INFO - DAG(s) dict_keys(['example_branch_datetime_operator_2']) retrieved from /home/jorge/Desktop/MÁSTER/SEGUNDO CURSO/BDFI/practica_docker/env/lib/python3.8/site-packages/airflow/example_dags/example_branch_datetime_operator.py
[2025-01-12 13:52:01,337] {logging_mixin.py:109} INFO - [2025-01-12 13:52:01,337] {dag.py:1834} INFO - Sync 1 DAGs
[2025-01-12 13:52:01,345] {logging_mixin.py:109} INFO - [2025-01-12 13:52:01,345] {dag.py:2287} INFO - Setting next_dagrun for example_branch_datetime_operator_2 to 2025-01-10 00:00:00+00:00
[2025-01-12 13:52:01,354] {processor.py:170} INFO - Processing /home/jorge/Desktop/MÁSTER/SEGUNDO CURSO/BDFI/practica_docker/env/lib/python3.8/site-packages/airflow/example_dags/example_branch_datetime_operator.py took 0.043 seconds
[2025-01-12 13:52:33,467] {processor.py:162} INFO - Started process (PID=281490) to work on /home/jorge/Desktop/MÁSTER/SEGUNDO CURSO/BDFI/practica_docker/env/lib/python3.8/site-packages/airflow/example_dags/example_branch_datetime_operator.py
[2025-01-12 13:52:33,468] {processor.py:613} INFO - Processing file /home/jorge/Desktop/MÁSTER/SEGUNDO CURSO/BDFI/practica_docker/env/lib/python3.8/site-packages/airflow/example_dags/example_branch_datetime_operator.py for tasks to queue
[2025-01-12 13:52:33,469] {logging_mixin.py:109} INFO - [2025-01-12 13:52:33,469] {dagbag.py:496} INFO - Filling up the DagBag from /home/jorge/Desktop/MÁSTER/SEGUNDO CURSO/BDFI/practica_docker/env/lib/python3.8/site-packages/airflow/example_dags/example_branch_datetime_operator.py
[2025-01-12 13:52:33,481] {processor.py:623} INFO - DAG(s) dict_keys(['example_branch_datetime_operator_2']) retrieved from /home/jorge/Desktop/MÁSTER/SEGUNDO CURSO/BDFI/practica_docker/env/lib/python3.8/site-packages/airflow/example_dags/example_branch_datetime_operator.py
[2025-01-12 13:52:33,492] {logging_mixin.py:109} INFO - [2025-01-12 13:52:33,492] {dag.py:1834} INFO - Sync 1 DAGs
[2025-01-12 13:52:33,502] {logging_mixin.py:109} INFO - [2025-01-12 13:52:33,502] {dag.py:2287} INFO - Setting next_dagrun for example_branch_datetime_operator_2 to 2025-01-10 00:00:00+00:00
[2025-01-12 13:52:33,516] {processor.py:170} INFO - Processing /home/jorge/Desktop/MÁSTER/SEGUNDO CURSO/BDFI/practica_docker/env/lib/python3.8/site-packages/airflow/example_dags/example_branch_datetime_operator.py took 0.050 seconds
[2025-01-12 13:53:17,264] {processor.py:162} INFO - Started process (PID=281745) to work on /home/jorge/Desktop/MÁSTER/SEGUNDO CURSO/BDFI/practica_docker/env/lib/python3.8/site-packages/airflow/example_dags/example_branch_datetime_operator.py
[2025-01-12 13:53:17,266] {processor.py:613} INFO - Processing file /home/jorge/Desktop/MÁSTER/SEGUNDO CURSO/BDFI/practica_docker/env/lib/python3.8/site-packages/airflow/example_dags/example_branch_datetime_operator.py for tasks to queue
[2025-01-12 13:53:17,267] {logging_mixin.py:109} INFO - [2025-01-12 13:53:17,267] {dagbag.py:496} INFO - Filling up the DagBag from /home/jorge/Desktop/MÁSTER/SEGUNDO CURSO/BDFI/practica_docker/env/lib/python3.8/site-packages/airflow/example_dags/example_branch_datetime_operator.py
[2025-01-12 13:53:17,288] {processor.py:623} INFO - DAG(s) dict_keys(['example_branch_datetime_operator_2']) retrieved from /home/jorge/Desktop/MÁSTER/SEGUNDO CURSO/BDFI/practica_docker/env/lib/python3.8/site-packages/airflow/example_dags/example_branch_datetime_operator.py
[2025-01-12 13:53:17,307] {logging_mixin.py:109} INFO - [2025-01-12 13:53:17,307] {dag.py:1834} INFO - Sync 1 DAGs
[2025-01-12 13:53:17,321] {logging_mixin.py:109} INFO - [2025-01-12 13:53:17,321] {dag.py:2287} INFO - Setting next_dagrun for example_branch_datetime_operator_2 to 2025-01-10 00:00:00+00:00
[2025-01-12 13:53:17,334] {processor.py:170} INFO - Processing /home/jorge/Desktop/MÁSTER/SEGUNDO CURSO/BDFI/practica_docker/env/lib/python3.8/site-packages/airflow/example_dags/example_branch_datetime_operator.py took 0.074 seconds
[2025-01-12 13:53:50,217] {processor.py:162} INFO - Started process (PID=281907) to work on /home/jorge/Desktop/MÁSTER/SEGUNDO CURSO/BDFI/practica_docker/env/lib/python3.8/site-packages/airflow/example_dags/example_branch_datetime_operator.py
[2025-01-12 13:53:50,218] {processor.py:613} INFO - Processing file /home/jorge/Desktop/MÁSTER/SEGUNDO CURSO/BDFI/practica_docker/env/lib/python3.8/site-packages/airflow/example_dags/example_branch_datetime_operator.py for tasks to queue
[2025-01-12 13:53:50,219] {logging_mixin.py:109} INFO - [2025-01-12 13:53:50,219] {dagbag.py:496} INFO - Filling up the DagBag from /home/jorge/Desktop/MÁSTER/SEGUNDO CURSO/BDFI/practica_docker/env/lib/python3.8/site-packages/airflow/example_dags/example_branch_datetime_operator.py
[2025-01-12 13:53:50,231] {processor.py:623} INFO - DAG(s) dict_keys(['example_branch_datetime_operator_2']) retrieved from /home/jorge/Desktop/MÁSTER/SEGUNDO CURSO/BDFI/practica_docker/env/lib/python3.8/site-packages/airflow/example_dags/example_branch_datetime_operator.py
[2025-01-12 13:53:50,239] {logging_mixin.py:109} INFO - [2025-01-12 13:53:50,239] {dag.py:1834} INFO - Sync 1 DAGs
[2025-01-12 13:53:50,247] {logging_mixin.py:109} INFO - [2025-01-12 13:53:50,247] {dag.py:2287} INFO - Setting next_dagrun for example_branch_datetime_operator_2 to 2025-01-10 00:00:00+00:00
[2025-01-12 13:53:50,258] {processor.py:170} INFO - Processing /home/jorge/Desktop/MÁSTER/SEGUNDO CURSO/BDFI/practica_docker/env/lib/python3.8/site-packages/airflow/example_dags/example_branch_datetime_operator.py took 0.044 seconds
[2025-01-12 13:54:25,302] {processor.py:162} INFO - Started process (PID=282079) to work on /home/jorge/Desktop/MÁSTER/SEGUNDO CURSO/BDFI/practica_docker/env/lib/python3.8/site-packages/airflow/example_dags/example_branch_datetime_operator.py
[2025-01-12 13:54:25,304] {processor.py:613} INFO - Processing file /home/jorge/Desktop/MÁSTER/SEGUNDO CURSO/BDFI/practica_docker/env/lib/python3.8/site-packages/airflow/example_dags/example_branch_datetime_operator.py for tasks to queue
[2025-01-12 13:54:25,305] {logging_mixin.py:109} INFO - [2025-01-12 13:54:25,305] {dagbag.py:496} INFO - Filling up the DagBag from /home/jorge/Desktop/MÁSTER/SEGUNDO CURSO/BDFI/practica_docker/env/lib/python3.8/site-packages/airflow/example_dags/example_branch_datetime_operator.py
[2025-01-12 13:54:25,317] {processor.py:623} INFO - DAG(s) dict_keys(['example_branch_datetime_operator_2']) retrieved from /home/jorge/Desktop/MÁSTER/SEGUNDO CURSO/BDFI/practica_docker/env/lib/python3.8/site-packages/airflow/example_dags/example_branch_datetime_operator.py
[2025-01-12 13:54:25,328] {logging_mixin.py:109} INFO - [2025-01-12 13:54:25,328] {dag.py:1834} INFO - Sync 1 DAGs
[2025-01-12 13:54:25,341] {logging_mixin.py:109} INFO - [2025-01-12 13:54:25,341] {dag.py:2287} INFO - Setting next_dagrun for example_branch_datetime_operator_2 to 2025-01-10 00:00:00+00:00
[2025-01-12 13:54:25,349] {processor.py:170} INFO - Processing /home/jorge/Desktop/MÁSTER/SEGUNDO CURSO/BDFI/practica_docker/env/lib/python3.8/site-packages/airflow/example_dags/example_branch_datetime_operator.py took 0.050 seconds
[2025-01-12 13:54:58,016] {processor.py:162} INFO - Started process (PID=282228) to work on /home/jorge/Desktop/MÁSTER/SEGUNDO CURSO/BDFI/practica_docker/env/lib/python3.8/site-packages/airflow/example_dags/example_branch_datetime_operator.py
[2025-01-12 13:54:58,017] {processor.py:613} INFO - Processing file /home/jorge/Desktop/MÁSTER/SEGUNDO CURSO/BDFI/practica_docker/env/lib/python3.8/site-packages/airflow/example_dags/example_branch_datetime_operator.py for tasks to queue
[2025-01-12 13:54:58,017] {logging_mixin.py:109} INFO - [2025-01-12 13:54:58,017] {dagbag.py:496} INFO - Filling up the DagBag from /home/jorge/Desktop/MÁSTER/SEGUNDO CURSO/BDFI/practica_docker/env/lib/python3.8/site-packages/airflow/example_dags/example_branch_datetime_operator.py
[2025-01-12 13:54:58,026] {processor.py:623} INFO - DAG(s) dict_keys(['example_branch_datetime_operator_2']) retrieved from /home/jorge/Desktop/MÁSTER/SEGUNDO CURSO/BDFI/practica_docker/env/lib/python3.8/site-packages/airflow/example_dags/example_branch_datetime_operator.py
[2025-01-12 13:54:58,037] {logging_mixin.py:109} INFO - [2025-01-12 13:54:58,037] {dag.py:1834} INFO - Sync 1 DAGs
[2025-01-12 13:54:58,046] {logging_mixin.py:109} INFO - [2025-01-12 13:54:58,046] {dag.py:2287} INFO - Setting next_dagrun for example_branch_datetime_operator_2 to 2025-01-10 00:00:00+00:00
[2025-01-12 13:54:58,058] {processor.py:170} INFO - Processing /home/jorge/Desktop/MÁSTER/SEGUNDO CURSO/BDFI/practica_docker/env/lib/python3.8/site-packages/airflow/example_dags/example_branch_datetime_operator.py took 0.044 seconds
[2025-01-12 13:55:31,453] {processor.py:162} INFO - Started process (PID=282397) to work on /home/jorge/Desktop/MÁSTER/SEGUNDO CURSO/BDFI/practica_docker/env/lib/python3.8/site-packages/airflow/example_dags/example_branch_datetime_operator.py
[2025-01-12 13:55:31,455] {processor.py:613} INFO - Processing file /home/jorge/Desktop/MÁSTER/SEGUNDO CURSO/BDFI/practica_docker/env/lib/python3.8/site-packages/airflow/example_dags/example_branch_datetime_operator.py for tasks to queue
[2025-01-12 13:55:31,456] {logging_mixin.py:109} INFO - [2025-01-12 13:55:31,456] {dagbag.py:496} INFO - Filling up the DagBag from /home/jorge/Desktop/MÁSTER/SEGUNDO CURSO/BDFI/practica_docker/env/lib/python3.8/site-packages/airflow/example_dags/example_branch_datetime_operator.py
[2025-01-12 13:55:31,467] {processor.py:623} INFO - DAG(s) dict_keys(['example_branch_datetime_operator_2']) retrieved from /home/jorge/Desktop/MÁSTER/SEGUNDO CURSO/BDFI/practica_docker/env/lib/python3.8/site-packages/airflow/example_dags/example_branch_datetime_operator.py
[2025-01-12 13:55:31,480] {logging_mixin.py:109} INFO - [2025-01-12 13:55:31,479] {dag.py:1834} INFO - Sync 1 DAGs
[2025-01-12 13:55:31,490] {logging_mixin.py:109} INFO - [2025-01-12 13:55:31,490] {dag.py:2287} INFO - Setting next_dagrun for example_branch_datetime_operator_2 to 2025-01-10 00:00:00+00:00
[2025-01-12 13:55:31,502] {processor.py:170} INFO - Processing /home/jorge/Desktop/MÁSTER/SEGUNDO CURSO/BDFI/practica_docker/env/lib/python3.8/site-packages/airflow/example_dags/example_branch_datetime_operator.py took 0.053 seconds
[2025-01-12 13:56:06,147] {processor.py:162} INFO - Started process (PID=282719) to work on /home/jorge/Desktop/MÁSTER/SEGUNDO CURSO/BDFI/practica_docker/env/lib/python3.8/site-packages/airflow/example_dags/example_branch_datetime_operator.py
[2025-01-12 13:56:06,150] {processor.py:613} INFO - Processing file /home/jorge/Desktop/MÁSTER/SEGUNDO CURSO/BDFI/practica_docker/env/lib/python3.8/site-packages/airflow/example_dags/example_branch_datetime_operator.py for tasks to queue
[2025-01-12 13:56:06,153] {logging_mixin.py:109} INFO - [2025-01-12 13:56:06,151] {dagbag.py:496} INFO - Filling up the DagBag from /home/jorge/Desktop/MÁSTER/SEGUNDO CURSO/BDFI/practica_docker/env/lib/python3.8/site-packages/airflow/example_dags/example_branch_datetime_operator.py
[2025-01-12 13:56:06,199] {processor.py:623} INFO - DAG(s) dict_keys(['example_branch_datetime_operator_2']) retrieved from /home/jorge/Desktop/MÁSTER/SEGUNDO CURSO/BDFI/practica_docker/env/lib/python3.8/site-packages/airflow/example_dags/example_branch_datetime_operator.py
[2025-01-12 13:56:06,237] {logging_mixin.py:109} INFO - [2025-01-12 13:56:06,237] {dag.py:1834} INFO - Sync 1 DAGs
[2025-01-12 13:56:06,266] {logging_mixin.py:109} INFO - [2025-01-12 13:56:06,266] {dag.py:2287} INFO - Setting next_dagrun for example_branch_datetime_operator_2 to 2025-01-10 00:00:00+00:00
[2025-01-12 13:56:06,291] {processor.py:170} INFO - Processing /home/jorge/Desktop/MÁSTER/SEGUNDO CURSO/BDFI/practica_docker/env/lib/python3.8/site-packages/airflow/example_dags/example_branch_datetime_operator.py took 0.152 seconds
[2025-01-12 13:56:42,955] {processor.py:162} INFO - Started process (PID=282982) to work on /home/jorge/Desktop/MÁSTER/SEGUNDO CURSO/BDFI/practica_docker/env/lib/python3.8/site-packages/airflow/example_dags/example_branch_datetime_operator.py
[2025-01-12 13:56:42,956] {processor.py:613} INFO - Processing file /home/jorge/Desktop/MÁSTER/SEGUNDO CURSO/BDFI/practica_docker/env/lib/python3.8/site-packages/airflow/example_dags/example_branch_datetime_operator.py for tasks to queue
[2025-01-12 13:56:42,956] {logging_mixin.py:109} INFO - [2025-01-12 13:56:42,956] {dagbag.py:496} INFO - Filling up the DagBag from /home/jorge/Desktop/MÁSTER/SEGUNDO CURSO/BDFI/practica_docker/env/lib/python3.8/site-packages/airflow/example_dags/example_branch_datetime_operator.py
[2025-01-12 13:56:42,978] {processor.py:623} INFO - DAG(s) dict_keys(['example_branch_datetime_operator_2']) retrieved from /home/jorge/Desktop/MÁSTER/SEGUNDO CURSO/BDFI/practica_docker/env/lib/python3.8/site-packages/airflow/example_dags/example_branch_datetime_operator.py
[2025-01-12 13:56:42,990] {logging_mixin.py:109} INFO - [2025-01-12 13:56:42,990] {dag.py:1834} INFO - Sync 1 DAGs
[2025-01-12 13:56:43,000] {logging_mixin.py:109} INFO - [2025-01-12 13:56:43,000] {dag.py:2287} INFO - Setting next_dagrun for example_branch_datetime_operator_2 to 2025-01-10 00:00:00+00:00
[2025-01-12 13:56:43,012] {processor.py:170} INFO - Processing /home/jorge/Desktop/MÁSTER/SEGUNDO CURSO/BDFI/practica_docker/env/lib/python3.8/site-packages/airflow/example_dags/example_branch_datetime_operator.py took 0.060 seconds
[2025-01-12 13:57:19,998] {processor.py:162} INFO - Started process (PID=283181) to work on /home/jorge/Desktop/MÁSTER/SEGUNDO CURSO/BDFI/practica_docker/env/lib/python3.8/site-packages/airflow/example_dags/example_branch_datetime_operator.py
[2025-01-12 13:57:19,999] {processor.py:613} INFO - Processing file /home/jorge/Desktop/MÁSTER/SEGUNDO CURSO/BDFI/practica_docker/env/lib/python3.8/site-packages/airflow/example_dags/example_branch_datetime_operator.py for tasks to queue
[2025-01-12 13:57:20,000] {logging_mixin.py:109} INFO - [2025-01-12 13:57:20,000] {dagbag.py:496} INFO - Filling up the DagBag from /home/jorge/Desktop/MÁSTER/SEGUNDO CURSO/BDFI/practica_docker/env/lib/python3.8/site-packages/airflow/example_dags/example_branch_datetime_operator.py
[2025-01-12 13:57:20,020] {processor.py:623} INFO - DAG(s) dict_keys(['example_branch_datetime_operator_2']) retrieved from /home/jorge/Desktop/MÁSTER/SEGUNDO CURSO/BDFI/practica_docker/env/lib/python3.8/site-packages/airflow/example_dags/example_branch_datetime_operator.py
[2025-01-12 13:57:20,037] {logging_mixin.py:109} INFO - [2025-01-12 13:57:20,037] {dag.py:1834} INFO - Sync 1 DAGs
[2025-01-12 13:57:20,050] {logging_mixin.py:109} INFO - [2025-01-12 13:57:20,050] {dag.py:2287} INFO - Setting next_dagrun for example_branch_datetime_operator_2 to 2025-01-10 00:00:00+00:00
[2025-01-12 13:57:20,063] {processor.py:170} INFO - Processing /home/jorge/Desktop/MÁSTER/SEGUNDO CURSO/BDFI/practica_docker/env/lib/python3.8/site-packages/airflow/example_dags/example_branch_datetime_operator.py took 0.067 seconds
[2025-01-12 13:57:54,932] {processor.py:162} INFO - Started process (PID=283328) to work on /home/jorge/Desktop/MÁSTER/SEGUNDO CURSO/BDFI/practica_docker/env/lib/python3.8/site-packages/airflow/example_dags/example_branch_datetime_operator.py
[2025-01-12 13:57:54,934] {processor.py:613} INFO - Processing file /home/jorge/Desktop/MÁSTER/SEGUNDO CURSO/BDFI/practica_docker/env/lib/python3.8/site-packages/airflow/example_dags/example_branch_datetime_operator.py for tasks to queue
[2025-01-12 13:57:54,935] {logging_mixin.py:109} INFO - [2025-01-12 13:57:54,934] {dagbag.py:496} INFO - Filling up the DagBag from /home/jorge/Desktop/MÁSTER/SEGUNDO CURSO/BDFI/practica_docker/env/lib/python3.8/site-packages/airflow/example_dags/example_branch_datetime_operator.py
[2025-01-12 13:57:54,968] {processor.py:623} INFO - DAG(s) dict_keys(['example_branch_datetime_operator_2']) retrieved from /home/jorge/Desktop/MÁSTER/SEGUNDO CURSO/BDFI/practica_docker/env/lib/python3.8/site-packages/airflow/example_dags/example_branch_datetime_operator.py
[2025-01-12 13:57:54,993] {logging_mixin.py:109} INFO - [2025-01-12 13:57:54,992] {dag.py:1834} INFO - Sync 1 DAGs
[2025-01-12 13:57:55,014] {logging_mixin.py:109} INFO - [2025-01-12 13:57:55,014] {dag.py:2287} INFO - Setting next_dagrun for example_branch_datetime_operator_2 to 2025-01-10 00:00:00+00:00
[2025-01-12 13:57:55,046] {processor.py:170} INFO - Processing /home/jorge/Desktop/MÁSTER/SEGUNDO CURSO/BDFI/practica_docker/env/lib/python3.8/site-packages/airflow/example_dags/example_branch_datetime_operator.py took 0.118 seconds
[2025-01-12 14:06:17,124] {processor.py:162} INFO - Started process (PID=283771) to work on /home/jorge/Desktop/MÁSTER/SEGUNDO CURSO/BDFI/practica_docker/env/lib/python3.8/site-packages/airflow/example_dags/example_branch_datetime_operator.py
[2025-01-12 14:06:17,125] {processor.py:613} INFO - Processing file /home/jorge/Desktop/MÁSTER/SEGUNDO CURSO/BDFI/practica_docker/env/lib/python3.8/site-packages/airflow/example_dags/example_branch_datetime_operator.py for tasks to queue
[2025-01-12 14:06:17,126] {logging_mixin.py:109} INFO - [2025-01-12 14:06:17,126] {dagbag.py:496} INFO - Filling up the DagBag from /home/jorge/Desktop/MÁSTER/SEGUNDO CURSO/BDFI/practica_docker/env/lib/python3.8/site-packages/airflow/example_dags/example_branch_datetime_operator.py
[2025-01-12 14:06:17,135] {processor.py:623} INFO - DAG(s) dict_keys(['example_branch_datetime_operator_2']) retrieved from /home/jorge/Desktop/MÁSTER/SEGUNDO CURSO/BDFI/practica_docker/env/lib/python3.8/site-packages/airflow/example_dags/example_branch_datetime_operator.py
[2025-01-12 14:06:17,142] {logging_mixin.py:109} INFO - [2025-01-12 14:06:17,142] {dag.py:1834} INFO - Sync 1 DAGs
[2025-01-12 14:06:17,148] {logging_mixin.py:109} INFO - [2025-01-12 14:06:17,148] {dag.py:2287} INFO - Setting next_dagrun for example_branch_datetime_operator_2 to 2025-01-10 00:00:00+00:00
[2025-01-12 14:06:17,156] {processor.py:170} INFO - Processing /home/jorge/Desktop/MÁSTER/SEGUNDO CURSO/BDFI/practica_docker/env/lib/python3.8/site-packages/airflow/example_dags/example_branch_datetime_operator.py took 0.036 seconds
[2025-01-12 14:06:50,347] {processor.py:162} INFO - Started process (PID=283928) to work on /home/jorge/Desktop/MÁSTER/SEGUNDO CURSO/BDFI/practica_docker/env/lib/python3.8/site-packages/airflow/example_dags/example_branch_datetime_operator.py
[2025-01-12 14:06:50,353] {processor.py:613} INFO - Processing file /home/jorge/Desktop/MÁSTER/SEGUNDO CURSO/BDFI/practica_docker/env/lib/python3.8/site-packages/airflow/example_dags/example_branch_datetime_operator.py for tasks to queue
[2025-01-12 14:06:50,354] {logging_mixin.py:109} INFO - [2025-01-12 14:06:50,354] {dagbag.py:496} INFO - Filling up the DagBag from /home/jorge/Desktop/MÁSTER/SEGUNDO CURSO/BDFI/practica_docker/env/lib/python3.8/site-packages/airflow/example_dags/example_branch_datetime_operator.py
[2025-01-12 14:06:50,365] {processor.py:623} INFO - DAG(s) dict_keys(['example_branch_datetime_operator_2']) retrieved from /home/jorge/Desktop/MÁSTER/SEGUNDO CURSO/BDFI/practica_docker/env/lib/python3.8/site-packages/airflow/example_dags/example_branch_datetime_operator.py
[2025-01-12 14:06:50,373] {logging_mixin.py:109} INFO - [2025-01-12 14:06:50,373] {dag.py:1834} INFO - Sync 1 DAGs
[2025-01-12 14:06:50,379] {logging_mixin.py:109} INFO - [2025-01-12 14:06:50,378] {dag.py:2287} INFO - Setting next_dagrun for example_branch_datetime_operator_2 to 2025-01-10 00:00:00+00:00
[2025-01-12 14:06:50,386] {processor.py:170} INFO - Processing /home/jorge/Desktop/MÁSTER/SEGUNDO CURSO/BDFI/practica_docker/env/lib/python3.8/site-packages/airflow/example_dags/example_branch_datetime_operator.py took 0.043 seconds
[2025-01-12 14:07:23,612] {processor.py:162} INFO - Started process (PID=284072) to work on /home/jorge/Desktop/MÁSTER/SEGUNDO CURSO/BDFI/practica_docker/env/lib/python3.8/site-packages/airflow/example_dags/example_branch_datetime_operator.py
[2025-01-12 14:07:23,613] {processor.py:613} INFO - Processing file /home/jorge/Desktop/MÁSTER/SEGUNDO CURSO/BDFI/practica_docker/env/lib/python3.8/site-packages/airflow/example_dags/example_branch_datetime_operator.py for tasks to queue
[2025-01-12 14:07:23,614] {logging_mixin.py:109} INFO - [2025-01-12 14:07:23,614] {dagbag.py:496} INFO - Filling up the DagBag from /home/jorge/Desktop/MÁSTER/SEGUNDO CURSO/BDFI/practica_docker/env/lib/python3.8/site-packages/airflow/example_dags/example_branch_datetime_operator.py
[2025-01-12 14:07:23,621] {processor.py:623} INFO - DAG(s) dict_keys(['example_branch_datetime_operator_2']) retrieved from /home/jorge/Desktop/MÁSTER/SEGUNDO CURSO/BDFI/practica_docker/env/lib/python3.8/site-packages/airflow/example_dags/example_branch_datetime_operator.py
[2025-01-12 14:07:23,629] {logging_mixin.py:109} INFO - [2025-01-12 14:07:23,629] {dag.py:1834} INFO - Sync 1 DAGs
[2025-01-12 14:07:23,636] {logging_mixin.py:109} INFO - [2025-01-12 14:07:23,636] {dag.py:2287} INFO - Setting next_dagrun for example_branch_datetime_operator_2 to 2025-01-10 00:00:00+00:00
[2025-01-12 14:07:23,644] {processor.py:170} INFO - Processing /home/jorge/Desktop/MÁSTER/SEGUNDO CURSO/BDFI/practica_docker/env/lib/python3.8/site-packages/airflow/example_dags/example_branch_datetime_operator.py took 0.033 seconds
[2025-01-12 14:07:56,394] {processor.py:162} INFO - Started process (PID=284228) to work on /home/jorge/Desktop/MÁSTER/SEGUNDO CURSO/BDFI/practica_docker/env/lib/python3.8/site-packages/airflow/example_dags/example_branch_datetime_operator.py
[2025-01-12 14:07:56,398] {processor.py:613} INFO - Processing file /home/jorge/Desktop/MÁSTER/SEGUNDO CURSO/BDFI/practica_docker/env/lib/python3.8/site-packages/airflow/example_dags/example_branch_datetime_operator.py for tasks to queue
[2025-01-12 14:07:56,399] {logging_mixin.py:109} INFO - [2025-01-12 14:07:56,399] {dagbag.py:496} INFO - Filling up the DagBag from /home/jorge/Desktop/MÁSTER/SEGUNDO CURSO/BDFI/practica_docker/env/lib/python3.8/site-packages/airflow/example_dags/example_branch_datetime_operator.py
[2025-01-12 14:07:56,407] {processor.py:623} INFO - DAG(s) dict_keys(['example_branch_datetime_operator_2']) retrieved from /home/jorge/Desktop/MÁSTER/SEGUNDO CURSO/BDFI/practica_docker/env/lib/python3.8/site-packages/airflow/example_dags/example_branch_datetime_operator.py
[2025-01-12 14:07:56,417] {logging_mixin.py:109} INFO - [2025-01-12 14:07:56,417] {dag.py:1834} INFO - Sync 1 DAGs
[2025-01-12 14:07:56,423] {logging_mixin.py:109} INFO - [2025-01-12 14:07:56,423] {dag.py:2287} INFO - Setting next_dagrun for example_branch_datetime_operator_2 to 2025-01-10 00:00:00+00:00
[2025-01-12 14:07:56,431] {processor.py:170} INFO - Processing /home/jorge/Desktop/MÁSTER/SEGUNDO CURSO/BDFI/practica_docker/env/lib/python3.8/site-packages/airflow/example_dags/example_branch_datetime_operator.py took 0.042 seconds
[2025-01-12 14:08:28,729] {processor.py:162} INFO - Started process (PID=284368) to work on /home/jorge/Desktop/MÁSTER/SEGUNDO CURSO/BDFI/practica_docker/env/lib/python3.8/site-packages/airflow/example_dags/example_branch_datetime_operator.py
[2025-01-12 14:08:28,731] {processor.py:613} INFO - Processing file /home/jorge/Desktop/MÁSTER/SEGUNDO CURSO/BDFI/practica_docker/env/lib/python3.8/site-packages/airflow/example_dags/example_branch_datetime_operator.py for tasks to queue
[2025-01-12 14:08:28,732] {logging_mixin.py:109} INFO - [2025-01-12 14:08:28,731] {dagbag.py:496} INFO - Filling up the DagBag from /home/jorge/Desktop/MÁSTER/SEGUNDO CURSO/BDFI/practica_docker/env/lib/python3.8/site-packages/airflow/example_dags/example_branch_datetime_operator.py
[2025-01-12 14:08:28,739] {processor.py:623} INFO - DAG(s) dict_keys(['example_branch_datetime_operator_2']) retrieved from /home/jorge/Desktop/MÁSTER/SEGUNDO CURSO/BDFI/practica_docker/env/lib/python3.8/site-packages/airflow/example_dags/example_branch_datetime_operator.py
[2025-01-12 14:08:28,746] {logging_mixin.py:109} INFO - [2025-01-12 14:08:28,746] {dag.py:1834} INFO - Sync 1 DAGs
[2025-01-12 14:08:28,753] {logging_mixin.py:109} INFO - [2025-01-12 14:08:28,753] {dag.py:2287} INFO - Setting next_dagrun for example_branch_datetime_operator_2 to 2025-01-10 00:00:00+00:00
[2025-01-12 14:08:28,760] {processor.py:170} INFO - Processing /home/jorge/Desktop/MÁSTER/SEGUNDO CURSO/BDFI/practica_docker/env/lib/python3.8/site-packages/airflow/example_dags/example_branch_datetime_operator.py took 0.034 seconds
[2025-01-12 14:09:01,992] {processor.py:162} INFO - Started process (PID=284524) to work on /home/jorge/Desktop/MÁSTER/SEGUNDO CURSO/BDFI/practica_docker/env/lib/python3.8/site-packages/airflow/example_dags/example_branch_datetime_operator.py
[2025-01-12 14:09:01,993] {processor.py:613} INFO - Processing file /home/jorge/Desktop/MÁSTER/SEGUNDO CURSO/BDFI/practica_docker/env/lib/python3.8/site-packages/airflow/example_dags/example_branch_datetime_operator.py for tasks to queue
[2025-01-12 14:09:01,993] {logging_mixin.py:109} INFO - [2025-01-12 14:09:01,993] {dagbag.py:496} INFO - Filling up the DagBag from /home/jorge/Desktop/MÁSTER/SEGUNDO CURSO/BDFI/practica_docker/env/lib/python3.8/site-packages/airflow/example_dags/example_branch_datetime_operator.py
[2025-01-12 14:09:02,002] {processor.py:623} INFO - DAG(s) dict_keys(['example_branch_datetime_operator_2']) retrieved from /home/jorge/Desktop/MÁSTER/SEGUNDO CURSO/BDFI/practica_docker/env/lib/python3.8/site-packages/airflow/example_dags/example_branch_datetime_operator.py
[2025-01-12 14:09:02,011] {logging_mixin.py:109} INFO - [2025-01-12 14:09:02,011] {dag.py:1834} INFO - Sync 1 DAGs
[2025-01-12 14:09:02,018] {logging_mixin.py:109} INFO - [2025-01-12 14:09:02,017] {dag.py:2287} INFO - Setting next_dagrun for example_branch_datetime_operator_2 to 2025-01-10 00:00:00+00:00
[2025-01-12 14:09:02,025] {processor.py:170} INFO - Processing /home/jorge/Desktop/MÁSTER/SEGUNDO CURSO/BDFI/practica_docker/env/lib/python3.8/site-packages/airflow/example_dags/example_branch_datetime_operator.py took 0.035 seconds
[2025-01-12 14:09:34,714] {processor.py:162} INFO - Started process (PID=284674) to work on /home/jorge/Desktop/MÁSTER/SEGUNDO CURSO/BDFI/practica_docker/env/lib/python3.8/site-packages/airflow/example_dags/example_branch_datetime_operator.py
[2025-01-12 14:09:34,720] {processor.py:613} INFO - Processing file /home/jorge/Desktop/MÁSTER/SEGUNDO CURSO/BDFI/practica_docker/env/lib/python3.8/site-packages/airflow/example_dags/example_branch_datetime_operator.py for tasks to queue
[2025-01-12 14:09:34,721] {logging_mixin.py:109} INFO - [2025-01-12 14:09:34,721] {dagbag.py:496} INFO - Filling up the DagBag from /home/jorge/Desktop/MÁSTER/SEGUNDO CURSO/BDFI/practica_docker/env/lib/python3.8/site-packages/airflow/example_dags/example_branch_datetime_operator.py
[2025-01-12 14:09:34,730] {processor.py:623} INFO - DAG(s) dict_keys(['example_branch_datetime_operator_2']) retrieved from /home/jorge/Desktop/MÁSTER/SEGUNDO CURSO/BDFI/practica_docker/env/lib/python3.8/site-packages/airflow/example_dags/example_branch_datetime_operator.py
[2025-01-12 14:09:34,739] {logging_mixin.py:109} INFO - [2025-01-12 14:09:34,739] {dag.py:1834} INFO - Sync 1 DAGs
[2025-01-12 14:09:34,745] {logging_mixin.py:109} INFO - [2025-01-12 14:09:34,745] {dag.py:2287} INFO - Setting next_dagrun for example_branch_datetime_operator_2 to 2025-01-10 00:00:00+00:00
[2025-01-12 14:09:34,753] {processor.py:170} INFO - Processing /home/jorge/Desktop/MÁSTER/SEGUNDO CURSO/BDFI/practica_docker/env/lib/python3.8/site-packages/airflow/example_dags/example_branch_datetime_operator.py took 0.042 seconds
[2025-01-12 14:10:09,052] {processor.py:162} INFO - Started process (PID=284845) to work on /home/jorge/Desktop/MÁSTER/SEGUNDO CURSO/BDFI/practica_docker/env/lib/python3.8/site-packages/airflow/example_dags/example_branch_datetime_operator.py
[2025-01-12 14:10:09,053] {processor.py:613} INFO - Processing file /home/jorge/Desktop/MÁSTER/SEGUNDO CURSO/BDFI/practica_docker/env/lib/python3.8/site-packages/airflow/example_dags/example_branch_datetime_operator.py for tasks to queue
[2025-01-12 14:10:09,054] {logging_mixin.py:109} INFO - [2025-01-12 14:10:09,054] {dagbag.py:496} INFO - Filling up the DagBag from /home/jorge/Desktop/MÁSTER/SEGUNDO CURSO/BDFI/practica_docker/env/lib/python3.8/site-packages/airflow/example_dags/example_branch_datetime_operator.py
[2025-01-12 14:10:09,060] {processor.py:623} INFO - DAG(s) dict_keys(['example_branch_datetime_operator_2']) retrieved from /home/jorge/Desktop/MÁSTER/SEGUNDO CURSO/BDFI/practica_docker/env/lib/python3.8/site-packages/airflow/example_dags/example_branch_datetime_operator.py
[2025-01-12 14:10:09,068] {logging_mixin.py:109} INFO - [2025-01-12 14:10:09,068] {dag.py:1834} INFO - Sync 1 DAGs
[2025-01-12 14:10:09,074] {logging_mixin.py:109} INFO - [2025-01-12 14:10:09,074] {dag.py:2287} INFO - Setting next_dagrun for example_branch_datetime_operator_2 to 2025-01-10 00:00:00+00:00
[2025-01-12 14:10:09,082] {processor.py:170} INFO - Processing /home/jorge/Desktop/MÁSTER/SEGUNDO CURSO/BDFI/practica_docker/env/lib/python3.8/site-packages/airflow/example_dags/example_branch_datetime_operator.py took 0.034 seconds
[2025-01-12 14:10:40,952] {processor.py:162} INFO - Started process (PID=284980) to work on /home/jorge/Desktop/MÁSTER/SEGUNDO CURSO/BDFI/practica_docker/env/lib/python3.8/site-packages/airflow/example_dags/example_branch_datetime_operator.py
[2025-01-12 14:10:40,953] {processor.py:613} INFO - Processing file /home/jorge/Desktop/MÁSTER/SEGUNDO CURSO/BDFI/practica_docker/env/lib/python3.8/site-packages/airflow/example_dags/example_branch_datetime_operator.py for tasks to queue
[2025-01-12 14:10:40,953] {logging_mixin.py:109} INFO - [2025-01-12 14:10:40,953] {dagbag.py:496} INFO - Filling up the DagBag from /home/jorge/Desktop/MÁSTER/SEGUNDO CURSO/BDFI/practica_docker/env/lib/python3.8/site-packages/airflow/example_dags/example_branch_datetime_operator.py
[2025-01-12 14:10:40,960] {processor.py:623} INFO - DAG(s) dict_keys(['example_branch_datetime_operator_2']) retrieved from /home/jorge/Desktop/MÁSTER/SEGUNDO CURSO/BDFI/practica_docker/env/lib/python3.8/site-packages/airflow/example_dags/example_branch_datetime_operator.py
[2025-01-12 14:10:40,971] {logging_mixin.py:109} INFO - [2025-01-12 14:10:40,971] {dag.py:1834} INFO - Sync 1 DAGs
[2025-01-12 14:10:40,978] {logging_mixin.py:109} INFO - [2025-01-12 14:10:40,978] {dag.py:2287} INFO - Setting next_dagrun for example_branch_datetime_operator_2 to 2025-01-10 00:00:00+00:00
[2025-01-12 14:10:40,986] {processor.py:170} INFO - Processing /home/jorge/Desktop/MÁSTER/SEGUNDO CURSO/BDFI/practica_docker/env/lib/python3.8/site-packages/airflow/example_dags/example_branch_datetime_operator.py took 0.036 seconds
[2025-01-12 14:11:19,064] {processor.py:162} INFO - Started process (PID=285304) to work on /home/jorge/Desktop/MÁSTER/SEGUNDO CURSO/BDFI/practica_docker/env/lib/python3.8/site-packages/airflow/example_dags/example_branch_datetime_operator.py
[2025-01-12 14:11:19,065] {processor.py:613} INFO - Processing file /home/jorge/Desktop/MÁSTER/SEGUNDO CURSO/BDFI/practica_docker/env/lib/python3.8/site-packages/airflow/example_dags/example_branch_datetime_operator.py for tasks to queue
[2025-01-12 14:11:19,066] {logging_mixin.py:109} INFO - [2025-01-12 14:11:19,066] {dagbag.py:496} INFO - Filling up the DagBag from /home/jorge/Desktop/MÁSTER/SEGUNDO CURSO/BDFI/practica_docker/env/lib/python3.8/site-packages/airflow/example_dags/example_branch_datetime_operator.py
[2025-01-12 14:11:19,074] {processor.py:623} INFO - DAG(s) dict_keys(['example_branch_datetime_operator_2']) retrieved from /home/jorge/Desktop/MÁSTER/SEGUNDO CURSO/BDFI/practica_docker/env/lib/python3.8/site-packages/airflow/example_dags/example_branch_datetime_operator.py
[2025-01-12 14:11:19,087] {logging_mixin.py:109} INFO - [2025-01-12 14:11:19,087] {dag.py:1834} INFO - Sync 1 DAGs
[2025-01-12 14:11:19,099] {logging_mixin.py:109} INFO - [2025-01-12 14:11:19,099] {dag.py:2287} INFO - Setting next_dagrun for example_branch_datetime_operator_2 to 2025-01-10 00:00:00+00:00
[2025-01-12 14:11:19,111] {processor.py:170} INFO - Processing /home/jorge/Desktop/MÁSTER/SEGUNDO CURSO/BDFI/practica_docker/env/lib/python3.8/site-packages/airflow/example_dags/example_branch_datetime_operator.py took 0.050 seconds
[2025-01-12 14:11:52,131] {processor.py:162} INFO - Started process (PID=285459) to work on /home/jorge/Desktop/MÁSTER/SEGUNDO CURSO/BDFI/practica_docker/env/lib/python3.8/site-packages/airflow/example_dags/example_branch_datetime_operator.py
[2025-01-12 14:11:52,132] {processor.py:613} INFO - Processing file /home/jorge/Desktop/MÁSTER/SEGUNDO CURSO/BDFI/practica_docker/env/lib/python3.8/site-packages/airflow/example_dags/example_branch_datetime_operator.py for tasks to queue
[2025-01-12 14:11:52,133] {logging_mixin.py:109} INFO - [2025-01-12 14:11:52,132] {dagbag.py:496} INFO - Filling up the DagBag from /home/jorge/Desktop/MÁSTER/SEGUNDO CURSO/BDFI/practica_docker/env/lib/python3.8/site-packages/airflow/example_dags/example_branch_datetime_operator.py
[2025-01-12 14:11:52,140] {processor.py:623} INFO - DAG(s) dict_keys(['example_branch_datetime_operator_2']) retrieved from /home/jorge/Desktop/MÁSTER/SEGUNDO CURSO/BDFI/practica_docker/env/lib/python3.8/site-packages/airflow/example_dags/example_branch_datetime_operator.py
[2025-01-12 14:11:52,152] {logging_mixin.py:109} INFO - [2025-01-12 14:11:52,152] {dag.py:1834} INFO - Sync 1 DAGs
[2025-01-12 14:11:52,161] {logging_mixin.py:109} INFO - [2025-01-12 14:11:52,161] {dag.py:2287} INFO - Setting next_dagrun for example_branch_datetime_operator_2 to 2025-01-10 00:00:00+00:00
[2025-01-12 14:11:52,172] {processor.py:170} INFO - Processing /home/jorge/Desktop/MÁSTER/SEGUNDO CURSO/BDFI/practica_docker/env/lib/python3.8/site-packages/airflow/example_dags/example_branch_datetime_operator.py took 0.042 seconds
[2025-01-12 14:12:26,804] {processor.py:162} INFO - Started process (PID=285612) to work on /home/jorge/Desktop/MÁSTER/SEGUNDO CURSO/BDFI/practica_docker/env/lib/python3.8/site-packages/airflow/example_dags/example_branch_datetime_operator.py
[2025-01-12 14:12:26,805] {processor.py:613} INFO - Processing file /home/jorge/Desktop/MÁSTER/SEGUNDO CURSO/BDFI/practica_docker/env/lib/python3.8/site-packages/airflow/example_dags/example_branch_datetime_operator.py for tasks to queue
[2025-01-12 14:12:26,806] {logging_mixin.py:109} INFO - [2025-01-12 14:12:26,806] {dagbag.py:496} INFO - Filling up the DagBag from /home/jorge/Desktop/MÁSTER/SEGUNDO CURSO/BDFI/practica_docker/env/lib/python3.8/site-packages/airflow/example_dags/example_branch_datetime_operator.py
[2025-01-12 14:12:26,815] {processor.py:623} INFO - DAG(s) dict_keys(['example_branch_datetime_operator_2']) retrieved from /home/jorge/Desktop/MÁSTER/SEGUNDO CURSO/BDFI/practica_docker/env/lib/python3.8/site-packages/airflow/example_dags/example_branch_datetime_operator.py
[2025-01-12 14:12:26,823] {logging_mixin.py:109} INFO - [2025-01-12 14:12:26,823] {dag.py:1834} INFO - Sync 1 DAGs
[2025-01-12 14:12:26,829] {logging_mixin.py:109} INFO - [2025-01-12 14:12:26,829] {dag.py:2287} INFO - Setting next_dagrun for example_branch_datetime_operator_2 to 2025-01-10 00:00:00+00:00
[2025-01-12 14:12:26,836] {processor.py:170} INFO - Processing /home/jorge/Desktop/MÁSTER/SEGUNDO CURSO/BDFI/practica_docker/env/lib/python3.8/site-packages/airflow/example_dags/example_branch_datetime_operator.py took 0.036 seconds
[2025-01-12 14:12:59,657] {processor.py:162} INFO - Started process (PID=285765) to work on /home/jorge/Desktop/MÁSTER/SEGUNDO CURSO/BDFI/practica_docker/env/lib/python3.8/site-packages/airflow/example_dags/example_branch_datetime_operator.py
[2025-01-12 14:12:59,663] {processor.py:613} INFO - Processing file /home/jorge/Desktop/MÁSTER/SEGUNDO CURSO/BDFI/practica_docker/env/lib/python3.8/site-packages/airflow/example_dags/example_branch_datetime_operator.py for tasks to queue
[2025-01-12 14:12:59,664] {logging_mixin.py:109} INFO - [2025-01-12 14:12:59,664] {dagbag.py:496} INFO - Filling up the DagBag from /home/jorge/Desktop/MÁSTER/SEGUNDO CURSO/BDFI/practica_docker/env/lib/python3.8/site-packages/airflow/example_dags/example_branch_datetime_operator.py
[2025-01-12 14:12:59,671] {processor.py:623} INFO - DAG(s) dict_keys(['example_branch_datetime_operator_2']) retrieved from /home/jorge/Desktop/MÁSTER/SEGUNDO CURSO/BDFI/practica_docker/env/lib/python3.8/site-packages/airflow/example_dags/example_branch_datetime_operator.py
[2025-01-12 14:12:59,681] {logging_mixin.py:109} INFO - [2025-01-12 14:12:59,681] {dag.py:1834} INFO - Sync 1 DAGs
[2025-01-12 14:12:59,688] {logging_mixin.py:109} INFO - [2025-01-12 14:12:59,687] {dag.py:2287} INFO - Setting next_dagrun for example_branch_datetime_operator_2 to 2025-01-10 00:00:00+00:00
[2025-01-12 14:12:59,695] {processor.py:170} INFO - Processing /home/jorge/Desktop/MÁSTER/SEGUNDO CURSO/BDFI/practica_docker/env/lib/python3.8/site-packages/airflow/example_dags/example_branch_datetime_operator.py took 0.042 seconds
[2025-01-12 14:13:33,152] {processor.py:162} INFO - Started process (PID=285914) to work on /home/jorge/Desktop/MÁSTER/SEGUNDO CURSO/BDFI/practica_docker/env/lib/python3.8/site-packages/airflow/example_dags/example_branch_datetime_operator.py
[2025-01-12 14:13:33,154] {processor.py:613} INFO - Processing file /home/jorge/Desktop/MÁSTER/SEGUNDO CURSO/BDFI/practica_docker/env/lib/python3.8/site-packages/airflow/example_dags/example_branch_datetime_operator.py for tasks to queue
[2025-01-12 14:13:33,155] {logging_mixin.py:109} INFO - [2025-01-12 14:13:33,155] {dagbag.py:496} INFO - Filling up the DagBag from /home/jorge/Desktop/MÁSTER/SEGUNDO CURSO/BDFI/practica_docker/env/lib/python3.8/site-packages/airflow/example_dags/example_branch_datetime_operator.py
[2025-01-12 14:13:33,163] {processor.py:623} INFO - DAG(s) dict_keys(['example_branch_datetime_operator_2']) retrieved from /home/jorge/Desktop/MÁSTER/SEGUNDO CURSO/BDFI/practica_docker/env/lib/python3.8/site-packages/airflow/example_dags/example_branch_datetime_operator.py
[2025-01-12 14:13:33,175] {logging_mixin.py:109} INFO - [2025-01-12 14:13:33,175] {dag.py:1834} INFO - Sync 1 DAGs
[2025-01-12 14:13:33,183] {logging_mixin.py:109} INFO - [2025-01-12 14:13:33,183] {dag.py:2287} INFO - Setting next_dagrun for example_branch_datetime_operator_2 to 2025-01-10 00:00:00+00:00
[2025-01-12 14:13:33,195] {processor.py:170} INFO - Processing /home/jorge/Desktop/MÁSTER/SEGUNDO CURSO/BDFI/practica_docker/env/lib/python3.8/site-packages/airflow/example_dags/example_branch_datetime_operator.py took 0.046 seconds
[2025-01-12 14:14:05,267] {processor.py:162} INFO - Started process (PID=286075) to work on /home/jorge/Desktop/MÁSTER/SEGUNDO CURSO/BDFI/practica_docker/env/lib/python3.8/site-packages/airflow/example_dags/example_branch_datetime_operator.py
[2025-01-12 14:14:05,273] {processor.py:613} INFO - Processing file /home/jorge/Desktop/MÁSTER/SEGUNDO CURSO/BDFI/practica_docker/env/lib/python3.8/site-packages/airflow/example_dags/example_branch_datetime_operator.py for tasks to queue
[2025-01-12 14:14:05,273] {logging_mixin.py:109} INFO - [2025-01-12 14:14:05,273] {dagbag.py:496} INFO - Filling up the DagBag from /home/jorge/Desktop/MÁSTER/SEGUNDO CURSO/BDFI/practica_docker/env/lib/python3.8/site-packages/airflow/example_dags/example_branch_datetime_operator.py
[2025-01-12 14:14:05,279] {processor.py:623} INFO - DAG(s) dict_keys(['example_branch_datetime_operator_2']) retrieved from /home/jorge/Desktop/MÁSTER/SEGUNDO CURSO/BDFI/practica_docker/env/lib/python3.8/site-packages/airflow/example_dags/example_branch_datetime_operator.py
[2025-01-12 14:14:05,292] {logging_mixin.py:109} INFO - [2025-01-12 14:14:05,292] {dag.py:1834} INFO - Sync 1 DAGs
[2025-01-12 14:14:05,304] {logging_mixin.py:109} INFO - [2025-01-12 14:14:05,303] {dag.py:2287} INFO - Setting next_dagrun for example_branch_datetime_operator_2 to 2025-01-10 00:00:00+00:00
[2025-01-12 14:14:05,313] {processor.py:170} INFO - Processing /home/jorge/Desktop/MÁSTER/SEGUNDO CURSO/BDFI/practica_docker/env/lib/python3.8/site-packages/airflow/example_dags/example_branch_datetime_operator.py took 0.048 seconds
[2025-01-12 14:14:37,938] {processor.py:162} INFO - Started process (PID=286227) to work on /home/jorge/Desktop/MÁSTER/SEGUNDO CURSO/BDFI/practica_docker/env/lib/python3.8/site-packages/airflow/example_dags/example_branch_datetime_operator.py
[2025-01-12 14:14:37,939] {processor.py:613} INFO - Processing file /home/jorge/Desktop/MÁSTER/SEGUNDO CURSO/BDFI/practica_docker/env/lib/python3.8/site-packages/airflow/example_dags/example_branch_datetime_operator.py for tasks to queue
[2025-01-12 14:14:37,940] {logging_mixin.py:109} INFO - [2025-01-12 14:14:37,940] {dagbag.py:496} INFO - Filling up the DagBag from /home/jorge/Desktop/MÁSTER/SEGUNDO CURSO/BDFI/practica_docker/env/lib/python3.8/site-packages/airflow/example_dags/example_branch_datetime_operator.py
[2025-01-12 14:14:37,946] {processor.py:623} INFO - DAG(s) dict_keys(['example_branch_datetime_operator_2']) retrieved from /home/jorge/Desktop/MÁSTER/SEGUNDO CURSO/BDFI/practica_docker/env/lib/python3.8/site-packages/airflow/example_dags/example_branch_datetime_operator.py
[2025-01-12 14:14:37,954] {logging_mixin.py:109} INFO - [2025-01-12 14:14:37,954] {dag.py:1834} INFO - Sync 1 DAGs
[2025-01-12 14:14:37,961] {logging_mixin.py:109} INFO - [2025-01-12 14:14:37,961] {dag.py:2287} INFO - Setting next_dagrun for example_branch_datetime_operator_2 to 2025-01-10 00:00:00+00:00
[2025-01-12 14:14:37,968] {processor.py:170} INFO - Processing /home/jorge/Desktop/MÁSTER/SEGUNDO CURSO/BDFI/practica_docker/env/lib/python3.8/site-packages/airflow/example_dags/example_branch_datetime_operator.py took 0.032 seconds
[2025-01-12 14:15:11,151] {processor.py:162} INFO - Started process (PID=286579) to work on /home/jorge/Desktop/MÁSTER/SEGUNDO CURSO/BDFI/practica_docker/env/lib/python3.8/site-packages/airflow/example_dags/example_branch_datetime_operator.py
[2025-01-12 14:15:11,152] {processor.py:613} INFO - Processing file /home/jorge/Desktop/MÁSTER/SEGUNDO CURSO/BDFI/practica_docker/env/lib/python3.8/site-packages/airflow/example_dags/example_branch_datetime_operator.py for tasks to queue
[2025-01-12 14:15:11,153] {logging_mixin.py:109} INFO - [2025-01-12 14:15:11,153] {dagbag.py:496} INFO - Filling up the DagBag from /home/jorge/Desktop/MÁSTER/SEGUNDO CURSO/BDFI/practica_docker/env/lib/python3.8/site-packages/airflow/example_dags/example_branch_datetime_operator.py
[2025-01-12 14:15:11,158] {processor.py:623} INFO - DAG(s) dict_keys(['example_branch_datetime_operator_2']) retrieved from /home/jorge/Desktop/MÁSTER/SEGUNDO CURSO/BDFI/practica_docker/env/lib/python3.8/site-packages/airflow/example_dags/example_branch_datetime_operator.py
[2025-01-12 14:15:11,169] {logging_mixin.py:109} INFO - [2025-01-12 14:15:11,169] {dag.py:1834} INFO - Sync 1 DAGs
[2025-01-12 14:15:11,176] {logging_mixin.py:109} INFO - [2025-01-12 14:15:11,176] {dag.py:2287} INFO - Setting next_dagrun for example_branch_datetime_operator_2 to 2025-01-10 00:00:00+00:00
[2025-01-12 14:15:11,186] {processor.py:170} INFO - Processing /home/jorge/Desktop/MÁSTER/SEGUNDO CURSO/BDFI/practica_docker/env/lib/python3.8/site-packages/airflow/example_dags/example_branch_datetime_operator.py took 0.036 seconds
[2025-01-12 14:15:43,478] {processor.py:162} INFO - Started process (PID=286991) to work on /home/jorge/Desktop/MÁSTER/SEGUNDO CURSO/BDFI/practica_docker/env/lib/python3.8/site-packages/airflow/example_dags/example_branch_datetime_operator.py
[2025-01-12 14:15:43,482] {processor.py:613} INFO - Processing file /home/jorge/Desktop/MÁSTER/SEGUNDO CURSO/BDFI/practica_docker/env/lib/python3.8/site-packages/airflow/example_dags/example_branch_datetime_operator.py for tasks to queue
[2025-01-12 14:15:43,482] {logging_mixin.py:109} INFO - [2025-01-12 14:15:43,482] {dagbag.py:496} INFO - Filling up the DagBag from /home/jorge/Desktop/MÁSTER/SEGUNDO CURSO/BDFI/practica_docker/env/lib/python3.8/site-packages/airflow/example_dags/example_branch_datetime_operator.py
[2025-01-12 14:15:43,488] {processor.py:623} INFO - DAG(s) dict_keys(['example_branch_datetime_operator_2']) retrieved from /home/jorge/Desktop/MÁSTER/SEGUNDO CURSO/BDFI/practica_docker/env/lib/python3.8/site-packages/airflow/example_dags/example_branch_datetime_operator.py
[2025-01-12 14:15:43,499] {logging_mixin.py:109} INFO - [2025-01-12 14:15:43,498] {dag.py:1834} INFO - Sync 1 DAGs
[2025-01-12 14:15:43,510] {logging_mixin.py:109} INFO - [2025-01-12 14:15:43,510] {dag.py:2287} INFO - Setting next_dagrun for example_branch_datetime_operator_2 to 2025-01-10 00:00:00+00:00
[2025-01-12 14:15:43,543] {processor.py:170} INFO - Processing /home/jorge/Desktop/MÁSTER/SEGUNDO CURSO/BDFI/practica_docker/env/lib/python3.8/site-packages/airflow/example_dags/example_branch_datetime_operator.py took 0.067 seconds
[2025-01-12 14:16:29,734] {processor.py:162} INFO - Started process (PID=290056) to work on /home/jorge/Desktop/MÁSTER/SEGUNDO CURSO/BDFI/practica_docker/env/lib/python3.8/site-packages/airflow/example_dags/example_branch_datetime_operator.py
[2025-01-12 14:16:29,736] {processor.py:613} INFO - Processing file /home/jorge/Desktop/MÁSTER/SEGUNDO CURSO/BDFI/practica_docker/env/lib/python3.8/site-packages/airflow/example_dags/example_branch_datetime_operator.py for tasks to queue
[2025-01-12 14:16:29,737] {logging_mixin.py:109} INFO - [2025-01-12 14:16:29,737] {dagbag.py:496} INFO - Filling up the DagBag from /home/jorge/Desktop/MÁSTER/SEGUNDO CURSO/BDFI/practica_docker/env/lib/python3.8/site-packages/airflow/example_dags/example_branch_datetime_operator.py
[2025-01-12 14:16:29,746] {processor.py:623} INFO - DAG(s) dict_keys(['example_branch_datetime_operator_2']) retrieved from /home/jorge/Desktop/MÁSTER/SEGUNDO CURSO/BDFI/practica_docker/env/lib/python3.8/site-packages/airflow/example_dags/example_branch_datetime_operator.py
[2025-01-12 14:16:29,756] {logging_mixin.py:109} INFO - [2025-01-12 14:16:29,756] {dag.py:1834} INFO - Sync 1 DAGs
[2025-01-12 14:16:29,767] {logging_mixin.py:109} INFO - [2025-01-12 14:16:29,766] {dag.py:2287} INFO - Setting next_dagrun for example_branch_datetime_operator_2 to 2025-01-10 00:00:00+00:00
[2025-01-12 14:16:29,780] {processor.py:170} INFO - Processing /home/jorge/Desktop/MÁSTER/SEGUNDO CURSO/BDFI/practica_docker/env/lib/python3.8/site-packages/airflow/example_dags/example_branch_datetime_operator.py took 0.049 seconds
[2025-01-12 14:17:05,080] {processor.py:162} INFO - Started process (PID=290848) to work on /home/jorge/Desktop/MÁSTER/SEGUNDO CURSO/BDFI/practica_docker/env/lib/python3.8/site-packages/airflow/example_dags/example_branch_datetime_operator.py
[2025-01-12 14:17:05,081] {processor.py:613} INFO - Processing file /home/jorge/Desktop/MÁSTER/SEGUNDO CURSO/BDFI/practica_docker/env/lib/python3.8/site-packages/airflow/example_dags/example_branch_datetime_operator.py for tasks to queue
[2025-01-12 14:17:05,082] {logging_mixin.py:109} INFO - [2025-01-12 14:17:05,082] {dagbag.py:496} INFO - Filling up the DagBag from /home/jorge/Desktop/MÁSTER/SEGUNDO CURSO/BDFI/practica_docker/env/lib/python3.8/site-packages/airflow/example_dags/example_branch_datetime_operator.py
[2025-01-12 14:17:05,090] {processor.py:623} INFO - DAG(s) dict_keys(['example_branch_datetime_operator_2']) retrieved from /home/jorge/Desktop/MÁSTER/SEGUNDO CURSO/BDFI/practica_docker/env/lib/python3.8/site-packages/airflow/example_dags/example_branch_datetime_operator.py
[2025-01-12 14:17:05,105] {logging_mixin.py:109} INFO - [2025-01-12 14:17:05,104] {dag.py:1834} INFO - Sync 1 DAGs
[2025-01-12 14:17:05,113] {logging_mixin.py:109} INFO - [2025-01-12 14:17:05,113] {dag.py:2287} INFO - Setting next_dagrun for example_branch_datetime_operator_2 to 2025-01-10 00:00:00+00:00
[2025-01-12 14:17:05,126] {processor.py:170} INFO - Processing /home/jorge/Desktop/MÁSTER/SEGUNDO CURSO/BDFI/practica_docker/env/lib/python3.8/site-packages/airflow/example_dags/example_branch_datetime_operator.py took 0.051 seconds
[2025-01-12 14:17:39,444] {processor.py:162} INFO - Started process (PID=291025) to work on /home/jorge/Desktop/MÁSTER/SEGUNDO CURSO/BDFI/practica_docker/env/lib/python3.8/site-packages/airflow/example_dags/example_branch_datetime_operator.py
[2025-01-12 14:17:39,445] {processor.py:613} INFO - Processing file /home/jorge/Desktop/MÁSTER/SEGUNDO CURSO/BDFI/practica_docker/env/lib/python3.8/site-packages/airflow/example_dags/example_branch_datetime_operator.py for tasks to queue
[2025-01-12 14:17:39,446] {logging_mixin.py:109} INFO - [2025-01-12 14:17:39,445] {dagbag.py:496} INFO - Filling up the DagBag from /home/jorge/Desktop/MÁSTER/SEGUNDO CURSO/BDFI/practica_docker/env/lib/python3.8/site-packages/airflow/example_dags/example_branch_datetime_operator.py
[2025-01-12 14:17:39,451] {processor.py:623} INFO - DAG(s) dict_keys(['example_branch_datetime_operator_2']) retrieved from /home/jorge/Desktop/MÁSTER/SEGUNDO CURSO/BDFI/practica_docker/env/lib/python3.8/site-packages/airflow/example_dags/example_branch_datetime_operator.py
[2025-01-12 14:17:39,460] {logging_mixin.py:109} INFO - [2025-01-12 14:17:39,460] {dag.py:1834} INFO - Sync 1 DAGs
[2025-01-12 14:17:39,467] {logging_mixin.py:109} INFO - [2025-01-12 14:17:39,467] {dag.py:2287} INFO - Setting next_dagrun for example_branch_datetime_operator_2 to 2025-01-10 00:00:00+00:00
[2025-01-12 14:17:39,474] {processor.py:170} INFO - Processing /home/jorge/Desktop/MÁSTER/SEGUNDO CURSO/BDFI/practica_docker/env/lib/python3.8/site-packages/airflow/example_dags/example_branch_datetime_operator.py took 0.032 seconds
[2025-01-12 14:18:12,423] {processor.py:162} INFO - Started process (PID=291189) to work on /home/jorge/Desktop/MÁSTER/SEGUNDO CURSO/BDFI/practica_docker/env/lib/python3.8/site-packages/airflow/example_dags/example_branch_datetime_operator.py
[2025-01-12 14:18:12,425] {processor.py:613} INFO - Processing file /home/jorge/Desktop/MÁSTER/SEGUNDO CURSO/BDFI/practica_docker/env/lib/python3.8/site-packages/airflow/example_dags/example_branch_datetime_operator.py for tasks to queue
[2025-01-12 14:18:12,426] {logging_mixin.py:109} INFO - [2025-01-12 14:18:12,426] {dagbag.py:496} INFO - Filling up the DagBag from /home/jorge/Desktop/MÁSTER/SEGUNDO CURSO/BDFI/practica_docker/env/lib/python3.8/site-packages/airflow/example_dags/example_branch_datetime_operator.py
[2025-01-12 14:18:12,435] {processor.py:623} INFO - DAG(s) dict_keys(['example_branch_datetime_operator_2']) retrieved from /home/jorge/Desktop/MÁSTER/SEGUNDO CURSO/BDFI/practica_docker/env/lib/python3.8/site-packages/airflow/example_dags/example_branch_datetime_operator.py
[2025-01-12 14:18:12,450] {logging_mixin.py:109} INFO - [2025-01-12 14:18:12,450] {dag.py:1834} INFO - Sync 1 DAGs
[2025-01-12 14:18:12,462] {logging_mixin.py:109} INFO - [2025-01-12 14:18:12,462] {dag.py:2287} INFO - Setting next_dagrun for example_branch_datetime_operator_2 to 2025-01-10 00:00:00+00:00
[2025-01-12 14:18:12,476] {processor.py:170} INFO - Processing /home/jorge/Desktop/MÁSTER/SEGUNDO CURSO/BDFI/practica_docker/env/lib/python3.8/site-packages/airflow/example_dags/example_branch_datetime_operator.py took 0.057 seconds
[2025-01-12 14:18:45,856] {processor.py:162} INFO - Started process (PID=291733) to work on /home/jorge/Desktop/MÁSTER/SEGUNDO CURSO/BDFI/practica_docker/env/lib/python3.8/site-packages/airflow/example_dags/example_branch_datetime_operator.py
[2025-01-12 14:18:45,863] {processor.py:613} INFO - Processing file /home/jorge/Desktop/MÁSTER/SEGUNDO CURSO/BDFI/practica_docker/env/lib/python3.8/site-packages/airflow/example_dags/example_branch_datetime_operator.py for tasks to queue
[2025-01-12 14:18:45,864] {logging_mixin.py:109} INFO - [2025-01-12 14:18:45,864] {dagbag.py:496} INFO - Filling up the DagBag from /home/jorge/Desktop/MÁSTER/SEGUNDO CURSO/BDFI/practica_docker/env/lib/python3.8/site-packages/airflow/example_dags/example_branch_datetime_operator.py
[2025-01-12 14:18:45,873] {processor.py:623} INFO - DAG(s) dict_keys(['example_branch_datetime_operator_2']) retrieved from /home/jorge/Desktop/MÁSTER/SEGUNDO CURSO/BDFI/practica_docker/env/lib/python3.8/site-packages/airflow/example_dags/example_branch_datetime_operator.py
[2025-01-12 14:18:45,882] {logging_mixin.py:109} INFO - [2025-01-12 14:18:45,882] {dag.py:1834} INFO - Sync 1 DAGs
[2025-01-12 14:18:45,890] {logging_mixin.py:109} INFO - [2025-01-12 14:18:45,890] {dag.py:2287} INFO - Setting next_dagrun for example_branch_datetime_operator_2 to 2025-01-10 00:00:00+00:00
[2025-01-12 14:18:45,900] {processor.py:170} INFO - Processing /home/jorge/Desktop/MÁSTER/SEGUNDO CURSO/BDFI/practica_docker/env/lib/python3.8/site-packages/airflow/example_dags/example_branch_datetime_operator.py took 0.047 seconds
[2025-01-12 14:19:19,004] {processor.py:162} INFO - Started process (PID=292272) to work on /home/jorge/Desktop/MÁSTER/SEGUNDO CURSO/BDFI/practica_docker/env/lib/python3.8/site-packages/airflow/example_dags/example_branch_datetime_operator.py
[2025-01-12 14:19:19,006] {processor.py:613} INFO - Processing file /home/jorge/Desktop/MÁSTER/SEGUNDO CURSO/BDFI/practica_docker/env/lib/python3.8/site-packages/airflow/example_dags/example_branch_datetime_operator.py for tasks to queue
[2025-01-12 14:19:19,007] {logging_mixin.py:109} INFO - [2025-01-12 14:19:19,007] {dagbag.py:496} INFO - Filling up the DagBag from /home/jorge/Desktop/MÁSTER/SEGUNDO CURSO/BDFI/practica_docker/env/lib/python3.8/site-packages/airflow/example_dags/example_branch_datetime_operator.py
[2025-01-12 14:19:19,020] {processor.py:623} INFO - DAG(s) dict_keys(['example_branch_datetime_operator_2']) retrieved from /home/jorge/Desktop/MÁSTER/SEGUNDO CURSO/BDFI/practica_docker/env/lib/python3.8/site-packages/airflow/example_dags/example_branch_datetime_operator.py
[2025-01-12 14:19:19,038] {logging_mixin.py:109} INFO - [2025-01-12 14:19:19,038] {dag.py:1834} INFO - Sync 1 DAGs
[2025-01-12 14:19:19,057] {logging_mixin.py:109} INFO - [2025-01-12 14:19:19,057] {dag.py:2287} INFO - Setting next_dagrun for example_branch_datetime_operator_2 to 2025-01-10 00:00:00+00:00
[2025-01-12 14:19:19,082] {processor.py:170} INFO - Processing /home/jorge/Desktop/MÁSTER/SEGUNDO CURSO/BDFI/practica_docker/env/lib/python3.8/site-packages/airflow/example_dags/example_branch_datetime_operator.py took 0.081 seconds
[2025-01-12 14:19:54,602] {processor.py:162} INFO - Started process (PID=293058) to work on /home/jorge/Desktop/MÁSTER/SEGUNDO CURSO/BDFI/practica_docker/env/lib/python3.8/site-packages/airflow/example_dags/example_branch_datetime_operator.py
[2025-01-12 14:19:54,604] {processor.py:613} INFO - Processing file /home/jorge/Desktop/MÁSTER/SEGUNDO CURSO/BDFI/practica_docker/env/lib/python3.8/site-packages/airflow/example_dags/example_branch_datetime_operator.py for tasks to queue
[2025-01-12 14:19:54,605] {logging_mixin.py:109} INFO - [2025-01-12 14:19:54,605] {dagbag.py:496} INFO - Filling up the DagBag from /home/jorge/Desktop/MÁSTER/SEGUNDO CURSO/BDFI/practica_docker/env/lib/python3.8/site-packages/airflow/example_dags/example_branch_datetime_operator.py
[2025-01-12 14:19:54,612] {processor.py:623} INFO - DAG(s) dict_keys(['example_branch_datetime_operator_2']) retrieved from /home/jorge/Desktop/MÁSTER/SEGUNDO CURSO/BDFI/practica_docker/env/lib/python3.8/site-packages/airflow/example_dags/example_branch_datetime_operator.py
[2025-01-12 14:19:54,625] {logging_mixin.py:109} INFO - [2025-01-12 14:19:54,624] {dag.py:1834} INFO - Sync 1 DAGs
[2025-01-12 14:19:54,633] {logging_mixin.py:109} INFO - [2025-01-12 14:19:54,633] {dag.py:2287} INFO - Setting next_dagrun for example_branch_datetime_operator_2 to 2025-01-10 00:00:00+00:00
[2025-01-12 14:19:54,643] {processor.py:170} INFO - Processing /home/jorge/Desktop/MÁSTER/SEGUNDO CURSO/BDFI/practica_docker/env/lib/python3.8/site-packages/airflow/example_dags/example_branch_datetime_operator.py took 0.044 seconds
[2025-01-12 14:20:29,467] {processor.py:162} INFO - Started process (PID=293225) to work on /home/jorge/Desktop/MÁSTER/SEGUNDO CURSO/BDFI/practica_docker/env/lib/python3.8/site-packages/airflow/example_dags/example_branch_datetime_operator.py
[2025-01-12 14:20:29,470] {processor.py:613} INFO - Processing file /home/jorge/Desktop/MÁSTER/SEGUNDO CURSO/BDFI/practica_docker/env/lib/python3.8/site-packages/airflow/example_dags/example_branch_datetime_operator.py for tasks to queue
[2025-01-12 14:20:29,470] {logging_mixin.py:109} INFO - [2025-01-12 14:20:29,470] {dagbag.py:496} INFO - Filling up the DagBag from /home/jorge/Desktop/MÁSTER/SEGUNDO CURSO/BDFI/practica_docker/env/lib/python3.8/site-packages/airflow/example_dags/example_branch_datetime_operator.py
[2025-01-12 14:20:29,477] {processor.py:623} INFO - DAG(s) dict_keys(['example_branch_datetime_operator_2']) retrieved from /home/jorge/Desktop/MÁSTER/SEGUNDO CURSO/BDFI/practica_docker/env/lib/python3.8/site-packages/airflow/example_dags/example_branch_datetime_operator.py
[2025-01-12 14:20:29,491] {logging_mixin.py:109} INFO - [2025-01-12 14:20:29,491] {dag.py:1834} INFO - Sync 1 DAGs
[2025-01-12 14:20:29,501] {logging_mixin.py:109} INFO - [2025-01-12 14:20:29,501] {dag.py:2287} INFO - Setting next_dagrun for example_branch_datetime_operator_2 to 2025-01-10 00:00:00+00:00
[2025-01-12 14:20:29,511] {processor.py:170} INFO - Processing /home/jorge/Desktop/MÁSTER/SEGUNDO CURSO/BDFI/practica_docker/env/lib/python3.8/site-packages/airflow/example_dags/example_branch_datetime_operator.py took 0.046 seconds
