[2025-01-12 13:51:17,670] {processor.py:162} INFO - Started process (PID=281087) to work on /home/jorge/Desktop/MÁSTER/SEGUNDO CURSO/BDFI/practica_docker/env/lib/python3.8/site-packages/airflow/example_dags/example_nested_branch_dag.py
[2025-01-12 13:51:17,671] {processor.py:613} INFO - Processing file /home/jorge/Desktop/MÁSTER/SEGUNDO CURSO/BDFI/practica_docker/env/lib/python3.8/site-packages/airflow/example_dags/example_nested_branch_dag.py for tasks to queue
[2025-01-12 13:51:17,672] {logging_mixin.py:109} INFO - [2025-01-12 13:51:17,672] {dagbag.py:496} INFO - Filling up the DagBag from /home/jorge/Desktop/MÁSTER/SEGUNDO CURSO/BDFI/practica_docker/env/lib/python3.8/site-packages/airflow/example_dags/example_nested_branch_dag.py
[2025-01-12 13:51:17,683] {processor.py:623} INFO - DAG(s) dict_keys(['example_nested_branch_dag']) retrieved from /home/jorge/Desktop/MÁSTER/SEGUNDO CURSO/BDFI/practica_docker/env/lib/python3.8/site-packages/airflow/example_dags/example_nested_branch_dag.py
[2025-01-12 13:51:17,694] {logging_mixin.py:109} INFO - [2025-01-12 13:51:17,694] {dag.py:1834} INFO - Sync 1 DAGs
[2025-01-12 13:51:17,705] {logging_mixin.py:109} INFO - [2025-01-12 13:51:17,704] {dag.py:2287} INFO - Setting next_dagrun for example_nested_branch_dag to 2025-01-10 00:00:00+00:00
[2025-01-12 13:51:17,714] {processor.py:170} INFO - Processing /home/jorge/Desktop/MÁSTER/SEGUNDO CURSO/BDFI/practica_docker/env/lib/python3.8/site-packages/airflow/example_dags/example_nested_branch_dag.py took 0.048 seconds
[2025-01-12 13:51:51,464] {processor.py:162} INFO - Started process (PID=281271) to work on /home/jorge/Desktop/MÁSTER/SEGUNDO CURSO/BDFI/practica_docker/env/lib/python3.8/site-packages/airflow/example_dags/example_nested_branch_dag.py
[2025-01-12 13:51:51,466] {processor.py:613} INFO - Processing file /home/jorge/Desktop/MÁSTER/SEGUNDO CURSO/BDFI/practica_docker/env/lib/python3.8/site-packages/airflow/example_dags/example_nested_branch_dag.py for tasks to queue
[2025-01-12 13:51:51,467] {logging_mixin.py:109} INFO - [2025-01-12 13:51:51,466] {dagbag.py:496} INFO - Filling up the DagBag from /home/jorge/Desktop/MÁSTER/SEGUNDO CURSO/BDFI/practica_docker/env/lib/python3.8/site-packages/airflow/example_dags/example_nested_branch_dag.py
[2025-01-12 13:51:51,480] {processor.py:623} INFO - DAG(s) dict_keys(['example_nested_branch_dag']) retrieved from /home/jorge/Desktop/MÁSTER/SEGUNDO CURSO/BDFI/practica_docker/env/lib/python3.8/site-packages/airflow/example_dags/example_nested_branch_dag.py
[2025-01-12 13:51:51,492] {logging_mixin.py:109} INFO - [2025-01-12 13:51:51,492] {dag.py:1834} INFO - Sync 1 DAGs
[2025-01-12 13:51:51,504] {logging_mixin.py:109} INFO - [2025-01-12 13:51:51,504] {dag.py:2287} INFO - Setting next_dagrun for example_nested_branch_dag to 2025-01-10 00:00:00+00:00
[2025-01-12 13:51:51,514] {processor.py:170} INFO - Processing /home/jorge/Desktop/MÁSTER/SEGUNDO CURSO/BDFI/practica_docker/env/lib/python3.8/site-packages/airflow/example_dags/example_nested_branch_dag.py took 0.052 seconds
[2025-01-12 13:52:24,957] {processor.py:162} INFO - Started process (PID=281427) to work on /home/jorge/Desktop/MÁSTER/SEGUNDO CURSO/BDFI/practica_docker/env/lib/python3.8/site-packages/airflow/example_dags/example_nested_branch_dag.py
[2025-01-12 13:52:24,958] {processor.py:613} INFO - Processing file /home/jorge/Desktop/MÁSTER/SEGUNDO CURSO/BDFI/practica_docker/env/lib/python3.8/site-packages/airflow/example_dags/example_nested_branch_dag.py for tasks to queue
[2025-01-12 13:52:24,959] {logging_mixin.py:109} INFO - [2025-01-12 13:52:24,959] {dagbag.py:496} INFO - Filling up the DagBag from /home/jorge/Desktop/MÁSTER/SEGUNDO CURSO/BDFI/practica_docker/env/lib/python3.8/site-packages/airflow/example_dags/example_nested_branch_dag.py
[2025-01-12 13:52:24,975] {processor.py:623} INFO - DAG(s) dict_keys(['example_nested_branch_dag']) retrieved from /home/jorge/Desktop/MÁSTER/SEGUNDO CURSO/BDFI/practica_docker/env/lib/python3.8/site-packages/airflow/example_dags/example_nested_branch_dag.py
[2025-01-12 13:52:24,990] {logging_mixin.py:109} INFO - [2025-01-12 13:52:24,990] {dag.py:1834} INFO - Sync 1 DAGs
[2025-01-12 13:52:25,002] {logging_mixin.py:109} INFO - [2025-01-12 13:52:25,002] {dag.py:2287} INFO - Setting next_dagrun for example_nested_branch_dag to 2025-01-10 00:00:00+00:00
[2025-01-12 13:52:25,013] {processor.py:170} INFO - Processing /home/jorge/Desktop/MÁSTER/SEGUNDO CURSO/BDFI/practica_docker/env/lib/python3.8/site-packages/airflow/example_dags/example_nested_branch_dag.py took 0.058 seconds
[2025-01-12 13:53:07,304] {processor.py:162} INFO - Started process (PID=281699) to work on /home/jorge/Desktop/MÁSTER/SEGUNDO CURSO/BDFI/practica_docker/env/lib/python3.8/site-packages/airflow/example_dags/example_nested_branch_dag.py
[2025-01-12 13:53:07,305] {processor.py:613} INFO - Processing file /home/jorge/Desktop/MÁSTER/SEGUNDO CURSO/BDFI/practica_docker/env/lib/python3.8/site-packages/airflow/example_dags/example_nested_branch_dag.py for tasks to queue
[2025-01-12 13:53:07,305] {logging_mixin.py:109} INFO - [2025-01-12 13:53:07,305] {dagbag.py:496} INFO - Filling up the DagBag from /home/jorge/Desktop/MÁSTER/SEGUNDO CURSO/BDFI/practica_docker/env/lib/python3.8/site-packages/airflow/example_dags/example_nested_branch_dag.py
[2025-01-12 13:53:07,319] {processor.py:623} INFO - DAG(s) dict_keys(['example_nested_branch_dag']) retrieved from /home/jorge/Desktop/MÁSTER/SEGUNDO CURSO/BDFI/practica_docker/env/lib/python3.8/site-packages/airflow/example_dags/example_nested_branch_dag.py
[2025-01-12 13:53:07,336] {logging_mixin.py:109} INFO - [2025-01-12 13:53:07,336] {dag.py:1834} INFO - Sync 1 DAGs
[2025-01-12 13:53:07,352] {logging_mixin.py:109} INFO - [2025-01-12 13:53:07,352] {dag.py:2287} INFO - Setting next_dagrun for example_nested_branch_dag to 2025-01-10 00:00:00+00:00
[2025-01-12 13:53:07,365] {processor.py:170} INFO - Processing /home/jorge/Desktop/MÁSTER/SEGUNDO CURSO/BDFI/practica_docker/env/lib/python3.8/site-packages/airflow/example_dags/example_nested_branch_dag.py took 0.063 seconds
[2025-01-12 13:53:40,923] {processor.py:162} INFO - Started process (PID=281865) to work on /home/jorge/Desktop/MÁSTER/SEGUNDO CURSO/BDFI/practica_docker/env/lib/python3.8/site-packages/airflow/example_dags/example_nested_branch_dag.py
[2025-01-12 13:53:40,926] {processor.py:613} INFO - Processing file /home/jorge/Desktop/MÁSTER/SEGUNDO CURSO/BDFI/practica_docker/env/lib/python3.8/site-packages/airflow/example_dags/example_nested_branch_dag.py for tasks to queue
[2025-01-12 13:53:40,927] {logging_mixin.py:109} INFO - [2025-01-12 13:53:40,927] {dagbag.py:496} INFO - Filling up the DagBag from /home/jorge/Desktop/MÁSTER/SEGUNDO CURSO/BDFI/practica_docker/env/lib/python3.8/site-packages/airflow/example_dags/example_nested_branch_dag.py
[2025-01-12 13:53:40,940] {processor.py:623} INFO - DAG(s) dict_keys(['example_nested_branch_dag']) retrieved from /home/jorge/Desktop/MÁSTER/SEGUNDO CURSO/BDFI/practica_docker/env/lib/python3.8/site-packages/airflow/example_dags/example_nested_branch_dag.py
[2025-01-12 13:53:40,952] {logging_mixin.py:109} INFO - [2025-01-12 13:53:40,952] {dag.py:1834} INFO - Sync 1 DAGs
[2025-01-12 13:53:40,966] {logging_mixin.py:109} INFO - [2025-01-12 13:53:40,966] {dag.py:2287} INFO - Setting next_dagrun for example_nested_branch_dag to 2025-01-10 00:00:00+00:00
[2025-01-12 13:53:40,978] {processor.py:170} INFO - Processing /home/jorge/Desktop/MÁSTER/SEGUNDO CURSO/BDFI/practica_docker/env/lib/python3.8/site-packages/airflow/example_dags/example_nested_branch_dag.py took 0.059 seconds
[2025-01-12 13:54:16,115] {processor.py:162} INFO - Started process (PID=282033) to work on /home/jorge/Desktop/MÁSTER/SEGUNDO CURSO/BDFI/practica_docker/env/lib/python3.8/site-packages/airflow/example_dags/example_nested_branch_dag.py
[2025-01-12 13:54:16,117] {processor.py:613} INFO - Processing file /home/jorge/Desktop/MÁSTER/SEGUNDO CURSO/BDFI/practica_docker/env/lib/python3.8/site-packages/airflow/example_dags/example_nested_branch_dag.py for tasks to queue
[2025-01-12 13:54:16,118] {logging_mixin.py:109} INFO - [2025-01-12 13:54:16,117] {dagbag.py:496} INFO - Filling up the DagBag from /home/jorge/Desktop/MÁSTER/SEGUNDO CURSO/BDFI/practica_docker/env/lib/python3.8/site-packages/airflow/example_dags/example_nested_branch_dag.py
[2025-01-12 13:54:16,131] {processor.py:623} INFO - DAG(s) dict_keys(['example_nested_branch_dag']) retrieved from /home/jorge/Desktop/MÁSTER/SEGUNDO CURSO/BDFI/practica_docker/env/lib/python3.8/site-packages/airflow/example_dags/example_nested_branch_dag.py
[2025-01-12 13:54:16,140] {logging_mixin.py:109} INFO - [2025-01-12 13:54:16,140] {dag.py:1834} INFO - Sync 1 DAGs
[2025-01-12 13:54:16,149] {logging_mixin.py:109} INFO - [2025-01-12 13:54:16,149] {dag.py:2287} INFO - Setting next_dagrun for example_nested_branch_dag to 2025-01-10 00:00:00+00:00
[2025-01-12 13:54:16,157] {processor.py:170} INFO - Processing /home/jorge/Desktop/MÁSTER/SEGUNDO CURSO/BDFI/practica_docker/env/lib/python3.8/site-packages/airflow/example_dags/example_nested_branch_dag.py took 0.045 seconds
[2025-01-12 13:54:49,689] {processor.py:162} INFO - Started process (PID=282189) to work on /home/jorge/Desktop/MÁSTER/SEGUNDO CURSO/BDFI/practica_docker/env/lib/python3.8/site-packages/airflow/example_dags/example_nested_branch_dag.py
[2025-01-12 13:54:49,690] {processor.py:613} INFO - Processing file /home/jorge/Desktop/MÁSTER/SEGUNDO CURSO/BDFI/practica_docker/env/lib/python3.8/site-packages/airflow/example_dags/example_nested_branch_dag.py for tasks to queue
[2025-01-12 13:54:49,690] {logging_mixin.py:109} INFO - [2025-01-12 13:54:49,690] {dagbag.py:496} INFO - Filling up the DagBag from /home/jorge/Desktop/MÁSTER/SEGUNDO CURSO/BDFI/practica_docker/env/lib/python3.8/site-packages/airflow/example_dags/example_nested_branch_dag.py
[2025-01-12 13:54:49,700] {processor.py:623} INFO - DAG(s) dict_keys(['example_nested_branch_dag']) retrieved from /home/jorge/Desktop/MÁSTER/SEGUNDO CURSO/BDFI/practica_docker/env/lib/python3.8/site-packages/airflow/example_dags/example_nested_branch_dag.py
[2025-01-12 13:54:49,709] {logging_mixin.py:109} INFO - [2025-01-12 13:54:49,709] {dag.py:1834} INFO - Sync 1 DAGs
[2025-01-12 13:54:49,717] {logging_mixin.py:109} INFO - [2025-01-12 13:54:49,717] {dag.py:2287} INFO - Setting next_dagrun for example_nested_branch_dag to 2025-01-10 00:00:00+00:00
[2025-01-12 13:54:49,725] {processor.py:170} INFO - Processing /home/jorge/Desktop/MÁSTER/SEGUNDO CURSO/BDFI/practica_docker/env/lib/python3.8/site-packages/airflow/example_dags/example_nested_branch_dag.py took 0.037 seconds
[2025-01-12 13:55:21,548] {processor.py:162} INFO - Started process (PID=282352) to work on /home/jorge/Desktop/MÁSTER/SEGUNDO CURSO/BDFI/practica_docker/env/lib/python3.8/site-packages/airflow/example_dags/example_nested_branch_dag.py
[2025-01-12 13:55:21,549] {processor.py:613} INFO - Processing file /home/jorge/Desktop/MÁSTER/SEGUNDO CURSO/BDFI/practica_docker/env/lib/python3.8/site-packages/airflow/example_dags/example_nested_branch_dag.py for tasks to queue
[2025-01-12 13:55:21,550] {logging_mixin.py:109} INFO - [2025-01-12 13:55:21,550] {dagbag.py:496} INFO - Filling up the DagBag from /home/jorge/Desktop/MÁSTER/SEGUNDO CURSO/BDFI/practica_docker/env/lib/python3.8/site-packages/airflow/example_dags/example_nested_branch_dag.py
[2025-01-12 13:55:21,563] {processor.py:623} INFO - DAG(s) dict_keys(['example_nested_branch_dag']) retrieved from /home/jorge/Desktop/MÁSTER/SEGUNDO CURSO/BDFI/practica_docker/env/lib/python3.8/site-packages/airflow/example_dags/example_nested_branch_dag.py
[2025-01-12 13:55:21,575] {logging_mixin.py:109} INFO - [2025-01-12 13:55:21,575] {dag.py:1834} INFO - Sync 1 DAGs
[2025-01-12 13:55:21,585] {logging_mixin.py:109} INFO - [2025-01-12 13:55:21,585] {dag.py:2287} INFO - Setting next_dagrun for example_nested_branch_dag to 2025-01-10 00:00:00+00:00
[2025-01-12 13:55:21,596] {processor.py:170} INFO - Processing /home/jorge/Desktop/MÁSTER/SEGUNDO CURSO/BDFI/practica_docker/env/lib/python3.8/site-packages/airflow/example_dags/example_nested_branch_dag.py took 0.049 seconds
[2025-01-12 13:55:56,534] {processor.py:162} INFO - Started process (PID=282641) to work on /home/jorge/Desktop/MÁSTER/SEGUNDO CURSO/BDFI/practica_docker/env/lib/python3.8/site-packages/airflow/example_dags/example_nested_branch_dag.py
[2025-01-12 13:55:56,535] {processor.py:613} INFO - Processing file /home/jorge/Desktop/MÁSTER/SEGUNDO CURSO/BDFI/practica_docker/env/lib/python3.8/site-packages/airflow/example_dags/example_nested_branch_dag.py for tasks to queue
[2025-01-12 13:55:56,536] {logging_mixin.py:109} INFO - [2025-01-12 13:55:56,536] {dagbag.py:496} INFO - Filling up the DagBag from /home/jorge/Desktop/MÁSTER/SEGUNDO CURSO/BDFI/practica_docker/env/lib/python3.8/site-packages/airflow/example_dags/example_nested_branch_dag.py
[2025-01-12 13:55:56,551] {processor.py:623} INFO - DAG(s) dict_keys(['example_nested_branch_dag']) retrieved from /home/jorge/Desktop/MÁSTER/SEGUNDO CURSO/BDFI/practica_docker/env/lib/python3.8/site-packages/airflow/example_dags/example_nested_branch_dag.py
[2025-01-12 13:55:56,566] {logging_mixin.py:109} INFO - [2025-01-12 13:55:56,566] {dag.py:1834} INFO - Sync 1 DAGs
[2025-01-12 13:55:56,580] {logging_mixin.py:109} INFO - [2025-01-12 13:55:56,579] {dag.py:2287} INFO - Setting next_dagrun for example_nested_branch_dag to 2025-01-10 00:00:00+00:00
[2025-01-12 13:55:56,600] {processor.py:170} INFO - Processing /home/jorge/Desktop/MÁSTER/SEGUNDO CURSO/BDFI/practica_docker/env/lib/python3.8/site-packages/airflow/example_dags/example_nested_branch_dag.py took 0.068 seconds
[2025-01-12 13:56:32,982] {processor.py:162} INFO - Started process (PID=282940) to work on /home/jorge/Desktop/MÁSTER/SEGUNDO CURSO/BDFI/practica_docker/env/lib/python3.8/site-packages/airflow/example_dags/example_nested_branch_dag.py
[2025-01-12 13:56:32,984] {processor.py:613} INFO - Processing file /home/jorge/Desktop/MÁSTER/SEGUNDO CURSO/BDFI/practica_docker/env/lib/python3.8/site-packages/airflow/example_dags/example_nested_branch_dag.py for tasks to queue
[2025-01-12 13:56:32,984] {logging_mixin.py:109} INFO - [2025-01-12 13:56:32,984] {dagbag.py:496} INFO - Filling up the DagBag from /home/jorge/Desktop/MÁSTER/SEGUNDO CURSO/BDFI/practica_docker/env/lib/python3.8/site-packages/airflow/example_dags/example_nested_branch_dag.py
[2025-01-12 13:56:33,000] {processor.py:623} INFO - DAG(s) dict_keys(['example_nested_branch_dag']) retrieved from /home/jorge/Desktop/MÁSTER/SEGUNDO CURSO/BDFI/practica_docker/env/lib/python3.8/site-packages/airflow/example_dags/example_nested_branch_dag.py
[2025-01-12 13:56:33,017] {logging_mixin.py:109} INFO - [2025-01-12 13:56:33,017] {dag.py:1834} INFO - Sync 1 DAGs
[2025-01-12 13:56:33,030] {logging_mixin.py:109} INFO - [2025-01-12 13:56:33,030] {dag.py:2287} INFO - Setting next_dagrun for example_nested_branch_dag to 2025-01-10 00:00:00+00:00
[2025-01-12 13:56:33,043] {processor.py:170} INFO - Processing /home/jorge/Desktop/MÁSTER/SEGUNDO CURSO/BDFI/practica_docker/env/lib/python3.8/site-packages/airflow/example_dags/example_nested_branch_dag.py took 0.064 seconds
[2025-01-12 13:57:09,551] {processor.py:162} INFO - Started process (PID=283136) to work on /home/jorge/Desktop/MÁSTER/SEGUNDO CURSO/BDFI/practica_docker/env/lib/python3.8/site-packages/airflow/example_dags/example_nested_branch_dag.py
[2025-01-12 13:57:09,552] {processor.py:613} INFO - Processing file /home/jorge/Desktop/MÁSTER/SEGUNDO CURSO/BDFI/practica_docker/env/lib/python3.8/site-packages/airflow/example_dags/example_nested_branch_dag.py for tasks to queue
[2025-01-12 13:57:09,553] {logging_mixin.py:109} INFO - [2025-01-12 13:57:09,553] {dagbag.py:496} INFO - Filling up the DagBag from /home/jorge/Desktop/MÁSTER/SEGUNDO CURSO/BDFI/practica_docker/env/lib/python3.8/site-packages/airflow/example_dags/example_nested_branch_dag.py
[2025-01-12 13:57:09,566] {processor.py:623} INFO - DAG(s) dict_keys(['example_nested_branch_dag']) retrieved from /home/jorge/Desktop/MÁSTER/SEGUNDO CURSO/BDFI/practica_docker/env/lib/python3.8/site-packages/airflow/example_dags/example_nested_branch_dag.py
[2025-01-12 13:57:09,582] {logging_mixin.py:109} INFO - [2025-01-12 13:57:09,581] {dag.py:1834} INFO - Sync 1 DAGs
[2025-01-12 13:57:09,600] {logging_mixin.py:109} INFO - [2025-01-12 13:57:09,600] {dag.py:2287} INFO - Setting next_dagrun for example_nested_branch_dag to 2025-01-10 00:00:00+00:00
[2025-01-12 13:57:09,617] {processor.py:170} INFO - Processing /home/jorge/Desktop/MÁSTER/SEGUNDO CURSO/BDFI/practica_docker/env/lib/python3.8/site-packages/airflow/example_dags/example_nested_branch_dag.py took 0.070 seconds
[2025-01-12 13:57:45,203] {processor.py:162} INFO - Started process (PID=283287) to work on /home/jorge/Desktop/MÁSTER/SEGUNDO CURSO/BDFI/practica_docker/env/lib/python3.8/site-packages/airflow/example_dags/example_nested_branch_dag.py
[2025-01-12 13:57:45,206] {processor.py:613} INFO - Processing file /home/jorge/Desktop/MÁSTER/SEGUNDO CURSO/BDFI/practica_docker/env/lib/python3.8/site-packages/airflow/example_dags/example_nested_branch_dag.py for tasks to queue
[2025-01-12 13:57:45,207] {logging_mixin.py:109} INFO - [2025-01-12 13:57:45,207] {dagbag.py:496} INFO - Filling up the DagBag from /home/jorge/Desktop/MÁSTER/SEGUNDO CURSO/BDFI/practica_docker/env/lib/python3.8/site-packages/airflow/example_dags/example_nested_branch_dag.py
[2025-01-12 13:57:45,222] {processor.py:623} INFO - DAG(s) dict_keys(['example_nested_branch_dag']) retrieved from /home/jorge/Desktop/MÁSTER/SEGUNDO CURSO/BDFI/practica_docker/env/lib/python3.8/site-packages/airflow/example_dags/example_nested_branch_dag.py
[2025-01-12 13:57:45,234] {logging_mixin.py:109} INFO - [2025-01-12 13:57:45,234] {dag.py:1834} INFO - Sync 1 DAGs
[2025-01-12 13:57:45,244] {logging_mixin.py:109} INFO - [2025-01-12 13:57:45,244] {dag.py:2287} INFO - Setting next_dagrun for example_nested_branch_dag to 2025-01-10 00:00:00+00:00
[2025-01-12 13:57:45,257] {processor.py:170} INFO - Processing /home/jorge/Desktop/MÁSTER/SEGUNDO CURSO/BDFI/practica_docker/env/lib/python3.8/site-packages/airflow/example_dags/example_nested_branch_dag.py took 0.056 seconds
[2025-01-12 14:06:07,865] {processor.py:162} INFO - Started process (PID=283727) to work on /home/jorge/Desktop/MÁSTER/SEGUNDO CURSO/BDFI/practica_docker/env/lib/python3.8/site-packages/airflow/example_dags/example_nested_branch_dag.py
[2025-01-12 14:06:07,866] {processor.py:613} INFO - Processing file /home/jorge/Desktop/MÁSTER/SEGUNDO CURSO/BDFI/practica_docker/env/lib/python3.8/site-packages/airflow/example_dags/example_nested_branch_dag.py for tasks to queue
[2025-01-12 14:06:07,867] {logging_mixin.py:109} INFO - [2025-01-12 14:06:07,867] {dagbag.py:496} INFO - Filling up the DagBag from /home/jorge/Desktop/MÁSTER/SEGUNDO CURSO/BDFI/practica_docker/env/lib/python3.8/site-packages/airflow/example_dags/example_nested_branch_dag.py
[2025-01-12 14:06:07,878] {processor.py:623} INFO - DAG(s) dict_keys(['example_nested_branch_dag']) retrieved from /home/jorge/Desktop/MÁSTER/SEGUNDO CURSO/BDFI/practica_docker/env/lib/python3.8/site-packages/airflow/example_dags/example_nested_branch_dag.py
[2025-01-12 14:06:07,887] {logging_mixin.py:109} INFO - [2025-01-12 14:06:07,887] {dag.py:1834} INFO - Sync 1 DAGs
[2025-01-12 14:06:07,893] {logging_mixin.py:109} INFO - [2025-01-12 14:06:07,893] {dag.py:2287} INFO - Setting next_dagrun for example_nested_branch_dag to 2025-01-10 00:00:00+00:00
[2025-01-12 14:06:07,904] {processor.py:170} INFO - Processing /home/jorge/Desktop/MÁSTER/SEGUNDO CURSO/BDFI/practica_docker/env/lib/python3.8/site-packages/airflow/example_dags/example_nested_branch_dag.py took 0.043 seconds
[2025-01-12 14:06:41,187] {processor.py:162} INFO - Started process (PID=283875) to work on /home/jorge/Desktop/MÁSTER/SEGUNDO CURSO/BDFI/practica_docker/env/lib/python3.8/site-packages/airflow/example_dags/example_nested_branch_dag.py
[2025-01-12 14:06:41,189] {processor.py:613} INFO - Processing file /home/jorge/Desktop/MÁSTER/SEGUNDO CURSO/BDFI/practica_docker/env/lib/python3.8/site-packages/airflow/example_dags/example_nested_branch_dag.py for tasks to queue
[2025-01-12 14:06:41,190] {logging_mixin.py:109} INFO - [2025-01-12 14:06:41,190] {dagbag.py:496} INFO - Filling up the DagBag from /home/jorge/Desktop/MÁSTER/SEGUNDO CURSO/BDFI/practica_docker/env/lib/python3.8/site-packages/airflow/example_dags/example_nested_branch_dag.py
[2025-01-12 14:06:41,201] {processor.py:623} INFO - DAG(s) dict_keys(['example_nested_branch_dag']) retrieved from /home/jorge/Desktop/MÁSTER/SEGUNDO CURSO/BDFI/practica_docker/env/lib/python3.8/site-packages/airflow/example_dags/example_nested_branch_dag.py
[2025-01-12 14:06:41,209] {logging_mixin.py:109} INFO - [2025-01-12 14:06:41,209] {dag.py:1834} INFO - Sync 1 DAGs
[2025-01-12 14:06:41,216] {logging_mixin.py:109} INFO - [2025-01-12 14:06:41,216] {dag.py:2287} INFO - Setting next_dagrun for example_nested_branch_dag to 2025-01-10 00:00:00+00:00
[2025-01-12 14:06:41,224] {processor.py:170} INFO - Processing /home/jorge/Desktop/MÁSTER/SEGUNDO CURSO/BDFI/practica_docker/env/lib/python3.8/site-packages/airflow/example_dags/example_nested_branch_dag.py took 0.040 seconds
[2025-01-12 14:07:13,828] {processor.py:162} INFO - Started process (PID=284032) to work on /home/jorge/Desktop/MÁSTER/SEGUNDO CURSO/BDFI/practica_docker/env/lib/python3.8/site-packages/airflow/example_dags/example_nested_branch_dag.py
[2025-01-12 14:07:13,832] {processor.py:613} INFO - Processing file /home/jorge/Desktop/MÁSTER/SEGUNDO CURSO/BDFI/practica_docker/env/lib/python3.8/site-packages/airflow/example_dags/example_nested_branch_dag.py for tasks to queue
[2025-01-12 14:07:13,833] {logging_mixin.py:109} INFO - [2025-01-12 14:07:13,833] {dagbag.py:496} INFO - Filling up the DagBag from /home/jorge/Desktop/MÁSTER/SEGUNDO CURSO/BDFI/practica_docker/env/lib/python3.8/site-packages/airflow/example_dags/example_nested_branch_dag.py
[2025-01-12 14:07:13,839] {processor.py:623} INFO - DAG(s) dict_keys(['example_nested_branch_dag']) retrieved from /home/jorge/Desktop/MÁSTER/SEGUNDO CURSO/BDFI/practica_docker/env/lib/python3.8/site-packages/airflow/example_dags/example_nested_branch_dag.py
[2025-01-12 14:07:13,847] {logging_mixin.py:109} INFO - [2025-01-12 14:07:13,847] {dag.py:1834} INFO - Sync 1 DAGs
[2025-01-12 14:07:13,854] {logging_mixin.py:109} INFO - [2025-01-12 14:07:13,853] {dag.py:2287} INFO - Setting next_dagrun for example_nested_branch_dag to 2025-01-10 00:00:00+00:00
[2025-01-12 14:07:13,861] {processor.py:170} INFO - Processing /home/jorge/Desktop/MÁSTER/SEGUNDO CURSO/BDFI/practica_docker/env/lib/python3.8/site-packages/airflow/example_dags/example_nested_branch_dag.py took 0.036 seconds
[2025-01-12 14:07:46,972] {processor.py:162} INFO - Started process (PID=284184) to work on /home/jorge/Desktop/MÁSTER/SEGUNDO CURSO/BDFI/practica_docker/env/lib/python3.8/site-packages/airflow/example_dags/example_nested_branch_dag.py
[2025-01-12 14:07:46,973] {processor.py:613} INFO - Processing file /home/jorge/Desktop/MÁSTER/SEGUNDO CURSO/BDFI/practica_docker/env/lib/python3.8/site-packages/airflow/example_dags/example_nested_branch_dag.py for tasks to queue
[2025-01-12 14:07:46,974] {logging_mixin.py:109} INFO - [2025-01-12 14:07:46,974] {dagbag.py:496} INFO - Filling up the DagBag from /home/jorge/Desktop/MÁSTER/SEGUNDO CURSO/BDFI/practica_docker/env/lib/python3.8/site-packages/airflow/example_dags/example_nested_branch_dag.py
[2025-01-12 14:07:46,983] {processor.py:623} INFO - DAG(s) dict_keys(['example_nested_branch_dag']) retrieved from /home/jorge/Desktop/MÁSTER/SEGUNDO CURSO/BDFI/practica_docker/env/lib/python3.8/site-packages/airflow/example_dags/example_nested_branch_dag.py
[2025-01-12 14:07:46,993] {logging_mixin.py:109} INFO - [2025-01-12 14:07:46,993] {dag.py:1834} INFO - Sync 1 DAGs
[2025-01-12 14:07:47,002] {logging_mixin.py:109} INFO - [2025-01-12 14:07:47,002] {dag.py:2287} INFO - Setting next_dagrun for example_nested_branch_dag to 2025-01-10 00:00:00+00:00
[2025-01-12 14:07:47,009] {processor.py:170} INFO - Processing /home/jorge/Desktop/MÁSTER/SEGUNDO CURSO/BDFI/practica_docker/env/lib/python3.8/site-packages/airflow/example_dags/example_nested_branch_dag.py took 0.040 seconds
[2025-01-12 14:08:19,767] {processor.py:162} INFO - Started process (PID=284330) to work on /home/jorge/Desktop/MÁSTER/SEGUNDO CURSO/BDFI/practica_docker/env/lib/python3.8/site-packages/airflow/example_dags/example_nested_branch_dag.py
[2025-01-12 14:08:19,773] {processor.py:613} INFO - Processing file /home/jorge/Desktop/MÁSTER/SEGUNDO CURSO/BDFI/practica_docker/env/lib/python3.8/site-packages/airflow/example_dags/example_nested_branch_dag.py for tasks to queue
[2025-01-12 14:08:19,773] {logging_mixin.py:109} INFO - [2025-01-12 14:08:19,773] {dagbag.py:496} INFO - Filling up the DagBag from /home/jorge/Desktop/MÁSTER/SEGUNDO CURSO/BDFI/practica_docker/env/lib/python3.8/site-packages/airflow/example_dags/example_nested_branch_dag.py
[2025-01-12 14:08:19,780] {processor.py:623} INFO - DAG(s) dict_keys(['example_nested_branch_dag']) retrieved from /home/jorge/Desktop/MÁSTER/SEGUNDO CURSO/BDFI/practica_docker/env/lib/python3.8/site-packages/airflow/example_dags/example_nested_branch_dag.py
[2025-01-12 14:08:19,790] {logging_mixin.py:109} INFO - [2025-01-12 14:08:19,790] {dag.py:1834} INFO - Sync 1 DAGs
[2025-01-12 14:08:19,798] {logging_mixin.py:109} INFO - [2025-01-12 14:08:19,798] {dag.py:2287} INFO - Setting next_dagrun for example_nested_branch_dag to 2025-01-10 00:00:00+00:00
[2025-01-12 14:08:19,806] {processor.py:170} INFO - Processing /home/jorge/Desktop/MÁSTER/SEGUNDO CURSO/BDFI/practica_docker/env/lib/python3.8/site-packages/airflow/example_dags/example_nested_branch_dag.py took 0.042 seconds
[2025-01-12 14:08:52,219] {processor.py:162} INFO - Started process (PID=284478) to work on /home/jorge/Desktop/MÁSTER/SEGUNDO CURSO/BDFI/practica_docker/env/lib/python3.8/site-packages/airflow/example_dags/example_nested_branch_dag.py
[2025-01-12 14:08:52,219] {processor.py:613} INFO - Processing file /home/jorge/Desktop/MÁSTER/SEGUNDO CURSO/BDFI/practica_docker/env/lib/python3.8/site-packages/airflow/example_dags/example_nested_branch_dag.py for tasks to queue
[2025-01-12 14:08:52,220] {logging_mixin.py:109} INFO - [2025-01-12 14:08:52,220] {dagbag.py:496} INFO - Filling up the DagBag from /home/jorge/Desktop/MÁSTER/SEGUNDO CURSO/BDFI/practica_docker/env/lib/python3.8/site-packages/airflow/example_dags/example_nested_branch_dag.py
[2025-01-12 14:08:52,229] {processor.py:623} INFO - DAG(s) dict_keys(['example_nested_branch_dag']) retrieved from /home/jorge/Desktop/MÁSTER/SEGUNDO CURSO/BDFI/practica_docker/env/lib/python3.8/site-packages/airflow/example_dags/example_nested_branch_dag.py
[2025-01-12 14:08:52,236] {logging_mixin.py:109} INFO - [2025-01-12 14:08:52,236] {dag.py:1834} INFO - Sync 1 DAGs
[2025-01-12 14:08:52,242] {logging_mixin.py:109} INFO - [2025-01-12 14:08:52,242] {dag.py:2287} INFO - Setting next_dagrun for example_nested_branch_dag to 2025-01-10 00:00:00+00:00
[2025-01-12 14:08:52,250] {processor.py:170} INFO - Processing /home/jorge/Desktop/MÁSTER/SEGUNDO CURSO/BDFI/practica_docker/env/lib/python3.8/site-packages/airflow/example_dags/example_nested_branch_dag.py took 0.033 seconds
[2025-01-12 14:09:25,536] {processor.py:162} INFO - Started process (PID=284627) to work on /home/jorge/Desktop/MÁSTER/SEGUNDO CURSO/BDFI/practica_docker/env/lib/python3.8/site-packages/airflow/example_dags/example_nested_branch_dag.py
[2025-01-12 14:09:25,537] {processor.py:613} INFO - Processing file /home/jorge/Desktop/MÁSTER/SEGUNDO CURSO/BDFI/practica_docker/env/lib/python3.8/site-packages/airflow/example_dags/example_nested_branch_dag.py for tasks to queue
[2025-01-12 14:09:25,537] {logging_mixin.py:109} INFO - [2025-01-12 14:09:25,537] {dagbag.py:496} INFO - Filling up the DagBag from /home/jorge/Desktop/MÁSTER/SEGUNDO CURSO/BDFI/practica_docker/env/lib/python3.8/site-packages/airflow/example_dags/example_nested_branch_dag.py
[2025-01-12 14:09:25,544] {processor.py:623} INFO - DAG(s) dict_keys(['example_nested_branch_dag']) retrieved from /home/jorge/Desktop/MÁSTER/SEGUNDO CURSO/BDFI/practica_docker/env/lib/python3.8/site-packages/airflow/example_dags/example_nested_branch_dag.py
[2025-01-12 14:09:25,568] {logging_mixin.py:109} INFO - [2025-01-12 14:09:25,568] {dag.py:1834} INFO - Sync 1 DAGs
[2025-01-12 14:09:25,583] {logging_mixin.py:109} INFO - [2025-01-12 14:09:25,583] {dag.py:2287} INFO - Setting next_dagrun for example_nested_branch_dag to 2025-01-10 00:00:00+00:00
[2025-01-12 14:09:25,597] {processor.py:170} INFO - Processing /home/jorge/Desktop/MÁSTER/SEGUNDO CURSO/BDFI/practica_docker/env/lib/python3.8/site-packages/airflow/example_dags/example_nested_branch_dag.py took 0.065 seconds
[2025-01-12 14:09:59,254] {processor.py:162} INFO - Started process (PID=284799) to work on /home/jorge/Desktop/MÁSTER/SEGUNDO CURSO/BDFI/practica_docker/env/lib/python3.8/site-packages/airflow/example_dags/example_nested_branch_dag.py
[2025-01-12 14:09:59,260] {processor.py:613} INFO - Processing file /home/jorge/Desktop/MÁSTER/SEGUNDO CURSO/BDFI/practica_docker/env/lib/python3.8/site-packages/airflow/example_dags/example_nested_branch_dag.py for tasks to queue
[2025-01-12 14:09:59,261] {logging_mixin.py:109} INFO - [2025-01-12 14:09:59,261] {dagbag.py:496} INFO - Filling up the DagBag from /home/jorge/Desktop/MÁSTER/SEGUNDO CURSO/BDFI/practica_docker/env/lib/python3.8/site-packages/airflow/example_dags/example_nested_branch_dag.py
[2025-01-12 14:09:59,270] {processor.py:623} INFO - DAG(s) dict_keys(['example_nested_branch_dag']) retrieved from /home/jorge/Desktop/MÁSTER/SEGUNDO CURSO/BDFI/practica_docker/env/lib/python3.8/site-packages/airflow/example_dags/example_nested_branch_dag.py
[2025-01-12 14:09:59,279] {logging_mixin.py:109} INFO - [2025-01-12 14:09:59,279] {dag.py:1834} INFO - Sync 1 DAGs
[2025-01-12 14:09:59,285] {logging_mixin.py:109} INFO - [2025-01-12 14:09:59,285] {dag.py:2287} INFO - Setting next_dagrun for example_nested_branch_dag to 2025-01-10 00:00:00+00:00
[2025-01-12 14:09:59,294] {processor.py:170} INFO - Processing /home/jorge/Desktop/MÁSTER/SEGUNDO CURSO/BDFI/practica_docker/env/lib/python3.8/site-packages/airflow/example_dags/example_nested_branch_dag.py took 0.044 seconds
[2025-01-12 14:10:31,596] {processor.py:162} INFO - Started process (PID=284938) to work on /home/jorge/Desktop/MÁSTER/SEGUNDO CURSO/BDFI/practica_docker/env/lib/python3.8/site-packages/airflow/example_dags/example_nested_branch_dag.py
[2025-01-12 14:10:31,602] {processor.py:613} INFO - Processing file /home/jorge/Desktop/MÁSTER/SEGUNDO CURSO/BDFI/practica_docker/env/lib/python3.8/site-packages/airflow/example_dags/example_nested_branch_dag.py for tasks to queue
[2025-01-12 14:10:31,603] {logging_mixin.py:109} INFO - [2025-01-12 14:10:31,603] {dagbag.py:496} INFO - Filling up the DagBag from /home/jorge/Desktop/MÁSTER/SEGUNDO CURSO/BDFI/practica_docker/env/lib/python3.8/site-packages/airflow/example_dags/example_nested_branch_dag.py
[2025-01-12 14:10:31,615] {processor.py:623} INFO - DAG(s) dict_keys(['example_nested_branch_dag']) retrieved from /home/jorge/Desktop/MÁSTER/SEGUNDO CURSO/BDFI/practica_docker/env/lib/python3.8/site-packages/airflow/example_dags/example_nested_branch_dag.py
[2025-01-12 14:10:31,630] {logging_mixin.py:109} INFO - [2025-01-12 14:10:31,630] {dag.py:1834} INFO - Sync 1 DAGs
[2025-01-12 14:10:31,642] {logging_mixin.py:109} INFO - [2025-01-12 14:10:31,642] {dag.py:2287} INFO - Setting next_dagrun for example_nested_branch_dag to 2025-01-10 00:00:00+00:00
[2025-01-12 14:10:31,652] {processor.py:170} INFO - Processing /home/jorge/Desktop/MÁSTER/SEGUNDO CURSO/BDFI/practica_docker/env/lib/python3.8/site-packages/airflow/example_dags/example_nested_branch_dag.py took 0.058 seconds
[2025-01-12 14:11:09,896] {processor.py:162} INFO - Started process (PID=285232) to work on /home/jorge/Desktop/MÁSTER/SEGUNDO CURSO/BDFI/practica_docker/env/lib/python3.8/site-packages/airflow/example_dags/example_nested_branch_dag.py
[2025-01-12 14:11:09,903] {processor.py:613} INFO - Processing file /home/jorge/Desktop/MÁSTER/SEGUNDO CURSO/BDFI/practica_docker/env/lib/python3.8/site-packages/airflow/example_dags/example_nested_branch_dag.py for tasks to queue
[2025-01-12 14:11:09,904] {logging_mixin.py:109} INFO - [2025-01-12 14:11:09,904] {dagbag.py:496} INFO - Filling up the DagBag from /home/jorge/Desktop/MÁSTER/SEGUNDO CURSO/BDFI/practica_docker/env/lib/python3.8/site-packages/airflow/example_dags/example_nested_branch_dag.py
[2025-01-12 14:11:09,915] {processor.py:623} INFO - DAG(s) dict_keys(['example_nested_branch_dag']) retrieved from /home/jorge/Desktop/MÁSTER/SEGUNDO CURSO/BDFI/practica_docker/env/lib/python3.8/site-packages/airflow/example_dags/example_nested_branch_dag.py
[2025-01-12 14:11:09,924] {logging_mixin.py:109} INFO - [2025-01-12 14:11:09,924] {dag.py:1834} INFO - Sync 1 DAGs
[2025-01-12 14:11:09,930] {logging_mixin.py:109} INFO - [2025-01-12 14:11:09,930] {dag.py:2287} INFO - Setting next_dagrun for example_nested_branch_dag to 2025-01-10 00:00:00+00:00
[2025-01-12 14:11:09,937] {processor.py:170} INFO - Processing /home/jorge/Desktop/MÁSTER/SEGUNDO CURSO/BDFI/practica_docker/env/lib/python3.8/site-packages/airflow/example_dags/example_nested_branch_dag.py took 0.043 seconds
[2025-01-12 14:11:42,880] {processor.py:162} INFO - Started process (PID=285417) to work on /home/jorge/Desktop/MÁSTER/SEGUNDO CURSO/BDFI/practica_docker/env/lib/python3.8/site-packages/airflow/example_dags/example_nested_branch_dag.py
[2025-01-12 14:11:42,881] {processor.py:613} INFO - Processing file /home/jorge/Desktop/MÁSTER/SEGUNDO CURSO/BDFI/practica_docker/env/lib/python3.8/site-packages/airflow/example_dags/example_nested_branch_dag.py for tasks to queue
[2025-01-12 14:11:42,881] {logging_mixin.py:109} INFO - [2025-01-12 14:11:42,881] {dagbag.py:496} INFO - Filling up the DagBag from /home/jorge/Desktop/MÁSTER/SEGUNDO CURSO/BDFI/practica_docker/env/lib/python3.8/site-packages/airflow/example_dags/example_nested_branch_dag.py
[2025-01-12 14:11:42,887] {processor.py:623} INFO - DAG(s) dict_keys(['example_nested_branch_dag']) retrieved from /home/jorge/Desktop/MÁSTER/SEGUNDO CURSO/BDFI/practica_docker/env/lib/python3.8/site-packages/airflow/example_dags/example_nested_branch_dag.py
[2025-01-12 14:11:42,897] {logging_mixin.py:109} INFO - [2025-01-12 14:11:42,897] {dag.py:1834} INFO - Sync 1 DAGs
[2025-01-12 14:11:42,905] {logging_mixin.py:109} INFO - [2025-01-12 14:11:42,905] {dag.py:2287} INFO - Setting next_dagrun for example_nested_branch_dag to 2025-01-10 00:00:00+00:00
[2025-01-12 14:11:42,915] {processor.py:170} INFO - Processing /home/jorge/Desktop/MÁSTER/SEGUNDO CURSO/BDFI/practica_docker/env/lib/python3.8/site-packages/airflow/example_dags/example_nested_branch_dag.py took 0.037 seconds
[2025-01-12 14:12:17,649] {processor.py:162} INFO - Started process (PID=285573) to work on /home/jorge/Desktop/MÁSTER/SEGUNDO CURSO/BDFI/practica_docker/env/lib/python3.8/site-packages/airflow/example_dags/example_nested_branch_dag.py
[2025-01-12 14:12:17,657] {processor.py:613} INFO - Processing file /home/jorge/Desktop/MÁSTER/SEGUNDO CURSO/BDFI/practica_docker/env/lib/python3.8/site-packages/airflow/example_dags/example_nested_branch_dag.py for tasks to queue
[2025-01-12 14:12:17,658] {logging_mixin.py:109} INFO - [2025-01-12 14:12:17,658] {dagbag.py:496} INFO - Filling up the DagBag from /home/jorge/Desktop/MÁSTER/SEGUNDO CURSO/BDFI/practica_docker/env/lib/python3.8/site-packages/airflow/example_dags/example_nested_branch_dag.py
[2025-01-12 14:12:17,667] {processor.py:623} INFO - DAG(s) dict_keys(['example_nested_branch_dag']) retrieved from /home/jorge/Desktop/MÁSTER/SEGUNDO CURSO/BDFI/practica_docker/env/lib/python3.8/site-packages/airflow/example_dags/example_nested_branch_dag.py
[2025-01-12 14:12:17,675] {logging_mixin.py:109} INFO - [2025-01-12 14:12:17,675] {dag.py:1834} INFO - Sync 1 DAGs
[2025-01-12 14:12:17,681] {logging_mixin.py:109} INFO - [2025-01-12 14:12:17,681] {dag.py:2287} INFO - Setting next_dagrun for example_nested_branch_dag to 2025-01-10 00:00:00+00:00
[2025-01-12 14:12:17,689] {processor.py:170} INFO - Processing /home/jorge/Desktop/MÁSTER/SEGUNDO CURSO/BDFI/practica_docker/env/lib/python3.8/site-packages/airflow/example_dags/example_nested_branch_dag.py took 0.043 seconds
[2025-01-12 14:12:50,512] {processor.py:162} INFO - Started process (PID=285724) to work on /home/jorge/Desktop/MÁSTER/SEGUNDO CURSO/BDFI/practica_docker/env/lib/python3.8/site-packages/airflow/example_dags/example_nested_branch_dag.py
[2025-01-12 14:12:50,518] {processor.py:613} INFO - Processing file /home/jorge/Desktop/MÁSTER/SEGUNDO CURSO/BDFI/practica_docker/env/lib/python3.8/site-packages/airflow/example_dags/example_nested_branch_dag.py for tasks to queue
[2025-01-12 14:12:50,519] {logging_mixin.py:109} INFO - [2025-01-12 14:12:50,519] {dagbag.py:496} INFO - Filling up the DagBag from /home/jorge/Desktop/MÁSTER/SEGUNDO CURSO/BDFI/practica_docker/env/lib/python3.8/site-packages/airflow/example_dags/example_nested_branch_dag.py
[2025-01-12 14:12:50,529] {processor.py:623} INFO - DAG(s) dict_keys(['example_nested_branch_dag']) retrieved from /home/jorge/Desktop/MÁSTER/SEGUNDO CURSO/BDFI/practica_docker/env/lib/python3.8/site-packages/airflow/example_dags/example_nested_branch_dag.py
[2025-01-12 14:12:50,536] {logging_mixin.py:109} INFO - [2025-01-12 14:12:50,536] {dag.py:1834} INFO - Sync 1 DAGs
[2025-01-12 14:12:50,542] {logging_mixin.py:109} INFO - [2025-01-12 14:12:50,542] {dag.py:2287} INFO - Setting next_dagrun for example_nested_branch_dag to 2025-01-10 00:00:00+00:00
[2025-01-12 14:12:50,549] {processor.py:170} INFO - Processing /home/jorge/Desktop/MÁSTER/SEGUNDO CURSO/BDFI/practica_docker/env/lib/python3.8/site-packages/airflow/example_dags/example_nested_branch_dag.py took 0.038 seconds
[2025-01-12 14:13:23,646] {processor.py:162} INFO - Started process (PID=285869) to work on /home/jorge/Desktop/MÁSTER/SEGUNDO CURSO/BDFI/practica_docker/env/lib/python3.8/site-packages/airflow/example_dags/example_nested_branch_dag.py
[2025-01-12 14:13:23,647] {processor.py:613} INFO - Processing file /home/jorge/Desktop/MÁSTER/SEGUNDO CURSO/BDFI/practica_docker/env/lib/python3.8/site-packages/airflow/example_dags/example_nested_branch_dag.py for tasks to queue
[2025-01-12 14:13:23,648] {logging_mixin.py:109} INFO - [2025-01-12 14:13:23,648] {dagbag.py:496} INFO - Filling up the DagBag from /home/jorge/Desktop/MÁSTER/SEGUNDO CURSO/BDFI/practica_docker/env/lib/python3.8/site-packages/airflow/example_dags/example_nested_branch_dag.py
[2025-01-12 14:13:23,656] {processor.py:623} INFO - DAG(s) dict_keys(['example_nested_branch_dag']) retrieved from /home/jorge/Desktop/MÁSTER/SEGUNDO CURSO/BDFI/practica_docker/env/lib/python3.8/site-packages/airflow/example_dags/example_nested_branch_dag.py
[2025-01-12 14:13:23,664] {logging_mixin.py:109} INFO - [2025-01-12 14:13:23,663] {dag.py:1834} INFO - Sync 1 DAGs
[2025-01-12 14:13:23,669] {logging_mixin.py:109} INFO - [2025-01-12 14:13:23,669] {dag.py:2287} INFO - Setting next_dagrun for example_nested_branch_dag to 2025-01-10 00:00:00+00:00
[2025-01-12 14:13:23,678] {processor.py:170} INFO - Processing /home/jorge/Desktop/MÁSTER/SEGUNDO CURSO/BDFI/practica_docker/env/lib/python3.8/site-packages/airflow/example_dags/example_nested_branch_dag.py took 0.033 seconds
[2025-01-12 14:13:56,238] {processor.py:162} INFO - Started process (PID=286033) to work on /home/jorge/Desktop/MÁSTER/SEGUNDO CURSO/BDFI/practica_docker/env/lib/python3.8/site-packages/airflow/example_dags/example_nested_branch_dag.py
[2025-01-12 14:13:56,244] {processor.py:613} INFO - Processing file /home/jorge/Desktop/MÁSTER/SEGUNDO CURSO/BDFI/practica_docker/env/lib/python3.8/site-packages/airflow/example_dags/example_nested_branch_dag.py for tasks to queue
[2025-01-12 14:13:56,245] {logging_mixin.py:109} INFO - [2025-01-12 14:13:56,245] {dagbag.py:496} INFO - Filling up the DagBag from /home/jorge/Desktop/MÁSTER/SEGUNDO CURSO/BDFI/practica_docker/env/lib/python3.8/site-packages/airflow/example_dags/example_nested_branch_dag.py
[2025-01-12 14:13:56,256] {processor.py:623} INFO - DAG(s) dict_keys(['example_nested_branch_dag']) retrieved from /home/jorge/Desktop/MÁSTER/SEGUNDO CURSO/BDFI/practica_docker/env/lib/python3.8/site-packages/airflow/example_dags/example_nested_branch_dag.py
[2025-01-12 14:13:56,264] {logging_mixin.py:109} INFO - [2025-01-12 14:13:56,264] {dag.py:1834} INFO - Sync 1 DAGs
[2025-01-12 14:13:56,271] {logging_mixin.py:109} INFO - [2025-01-12 14:13:56,271] {dag.py:2287} INFO - Setting next_dagrun for example_nested_branch_dag to 2025-01-10 00:00:00+00:00
[2025-01-12 14:13:56,280] {processor.py:170} INFO - Processing /home/jorge/Desktop/MÁSTER/SEGUNDO CURSO/BDFI/practica_docker/env/lib/python3.8/site-packages/airflow/example_dags/example_nested_branch_dag.py took 0.046 seconds
[2025-01-12 14:14:28,688] {processor.py:162} INFO - Started process (PID=286183) to work on /home/jorge/Desktop/MÁSTER/SEGUNDO CURSO/BDFI/practica_docker/env/lib/python3.8/site-packages/airflow/example_dags/example_nested_branch_dag.py
[2025-01-12 14:14:28,690] {processor.py:613} INFO - Processing file /home/jorge/Desktop/MÁSTER/SEGUNDO CURSO/BDFI/practica_docker/env/lib/python3.8/site-packages/airflow/example_dags/example_nested_branch_dag.py for tasks to queue
[2025-01-12 14:14:28,691] {logging_mixin.py:109} INFO - [2025-01-12 14:14:28,690] {dagbag.py:496} INFO - Filling up the DagBag from /home/jorge/Desktop/MÁSTER/SEGUNDO CURSO/BDFI/practica_docker/env/lib/python3.8/site-packages/airflow/example_dags/example_nested_branch_dag.py
[2025-01-12 14:14:28,700] {processor.py:623} INFO - DAG(s) dict_keys(['example_nested_branch_dag']) retrieved from /home/jorge/Desktop/MÁSTER/SEGUNDO CURSO/BDFI/practica_docker/env/lib/python3.8/site-packages/airflow/example_dags/example_nested_branch_dag.py
[2025-01-12 14:14:28,707] {logging_mixin.py:109} INFO - [2025-01-12 14:14:28,707] {dag.py:1834} INFO - Sync 1 DAGs
[2025-01-12 14:14:28,713] {logging_mixin.py:109} INFO - [2025-01-12 14:14:28,713] {dag.py:2287} INFO - Setting next_dagrun for example_nested_branch_dag to 2025-01-10 00:00:00+00:00
[2025-01-12 14:14:28,720] {processor.py:170} INFO - Processing /home/jorge/Desktop/MÁSTER/SEGUNDO CURSO/BDFI/practica_docker/env/lib/python3.8/site-packages/airflow/example_dags/example_nested_branch_dag.py took 0.035 seconds
[2025-01-12 14:15:02,146] {processor.py:162} INFO - Started process (PID=286458) to work on /home/jorge/Desktop/MÁSTER/SEGUNDO CURSO/BDFI/practica_docker/env/lib/python3.8/site-packages/airflow/example_dags/example_nested_branch_dag.py
[2025-01-12 14:15:02,152] {processor.py:613} INFO - Processing file /home/jorge/Desktop/MÁSTER/SEGUNDO CURSO/BDFI/practica_docker/env/lib/python3.8/site-packages/airflow/example_dags/example_nested_branch_dag.py for tasks to queue
[2025-01-12 14:15:02,153] {logging_mixin.py:109} INFO - [2025-01-12 14:15:02,153] {dagbag.py:496} INFO - Filling up the DagBag from /home/jorge/Desktop/MÁSTER/SEGUNDO CURSO/BDFI/practica_docker/env/lib/python3.8/site-packages/airflow/example_dags/example_nested_branch_dag.py
[2025-01-12 14:15:02,164] {processor.py:623} INFO - DAG(s) dict_keys(['example_nested_branch_dag']) retrieved from /home/jorge/Desktop/MÁSTER/SEGUNDO CURSO/BDFI/practica_docker/env/lib/python3.8/site-packages/airflow/example_dags/example_nested_branch_dag.py
[2025-01-12 14:15:02,174] {logging_mixin.py:109} INFO - [2025-01-12 14:15:02,173] {dag.py:1834} INFO - Sync 1 DAGs
[2025-01-12 14:15:02,180] {logging_mixin.py:109} INFO - [2025-01-12 14:15:02,180] {dag.py:2287} INFO - Setting next_dagrun for example_nested_branch_dag to 2025-01-10 00:00:00+00:00
[2025-01-12 14:15:02,188] {processor.py:170} INFO - Processing /home/jorge/Desktop/MÁSTER/SEGUNDO CURSO/BDFI/practica_docker/env/lib/python3.8/site-packages/airflow/example_dags/example_nested_branch_dag.py took 0.043 seconds
[2025-01-12 14:15:34,307] {processor.py:162} INFO - Started process (PID=286905) to work on /home/jorge/Desktop/MÁSTER/SEGUNDO CURSO/BDFI/practica_docker/env/lib/python3.8/site-packages/airflow/example_dags/example_nested_branch_dag.py
[2025-01-12 14:15:34,308] {processor.py:613} INFO - Processing file /home/jorge/Desktop/MÁSTER/SEGUNDO CURSO/BDFI/practica_docker/env/lib/python3.8/site-packages/airflow/example_dags/example_nested_branch_dag.py for tasks to queue
[2025-01-12 14:15:34,309] {logging_mixin.py:109} INFO - [2025-01-12 14:15:34,309] {dagbag.py:496} INFO - Filling up the DagBag from /home/jorge/Desktop/MÁSTER/SEGUNDO CURSO/BDFI/practica_docker/env/lib/python3.8/site-packages/airflow/example_dags/example_nested_branch_dag.py
[2025-01-12 14:15:34,314] {processor.py:623} INFO - DAG(s) dict_keys(['example_nested_branch_dag']) retrieved from /home/jorge/Desktop/MÁSTER/SEGUNDO CURSO/BDFI/practica_docker/env/lib/python3.8/site-packages/airflow/example_dags/example_nested_branch_dag.py
[2025-01-12 14:15:34,322] {logging_mixin.py:109} INFO - [2025-01-12 14:15:34,322] {dag.py:1834} INFO - Sync 1 DAGs
[2025-01-12 14:15:34,329] {logging_mixin.py:109} INFO - [2025-01-12 14:15:34,328] {dag.py:2287} INFO - Setting next_dagrun for example_nested_branch_dag to 2025-01-10 00:00:00+00:00
[2025-01-12 14:15:34,337] {processor.py:170} INFO - Processing /home/jorge/Desktop/MÁSTER/SEGUNDO CURSO/BDFI/practica_docker/env/lib/python3.8/site-packages/airflow/example_dags/example_nested_branch_dag.py took 0.032 seconds
[2025-01-12 14:16:19,537] {processor.py:162} INFO - Started process (PID=289911) to work on /home/jorge/Desktop/MÁSTER/SEGUNDO CURSO/BDFI/practica_docker/env/lib/python3.8/site-packages/airflow/example_dags/example_nested_branch_dag.py
[2025-01-12 14:16:19,538] {processor.py:613} INFO - Processing file /home/jorge/Desktop/MÁSTER/SEGUNDO CURSO/BDFI/practica_docker/env/lib/python3.8/site-packages/airflow/example_dags/example_nested_branch_dag.py for tasks to queue
[2025-01-12 14:16:19,539] {logging_mixin.py:109} INFO - [2025-01-12 14:16:19,539] {dagbag.py:496} INFO - Filling up the DagBag from /home/jorge/Desktop/MÁSTER/SEGUNDO CURSO/BDFI/practica_docker/env/lib/python3.8/site-packages/airflow/example_dags/example_nested_branch_dag.py
[2025-01-12 14:16:19,547] {processor.py:623} INFO - DAG(s) dict_keys(['example_nested_branch_dag']) retrieved from /home/jorge/Desktop/MÁSTER/SEGUNDO CURSO/BDFI/practica_docker/env/lib/python3.8/site-packages/airflow/example_dags/example_nested_branch_dag.py
[2025-01-12 14:16:19,561] {logging_mixin.py:109} INFO - [2025-01-12 14:16:19,561] {dag.py:1834} INFO - Sync 1 DAGs
[2025-01-12 14:16:19,573] {logging_mixin.py:109} INFO - [2025-01-12 14:16:19,573] {dag.py:2287} INFO - Setting next_dagrun for example_nested_branch_dag to 2025-01-10 00:00:00+00:00
[2025-01-12 14:16:19,582] {processor.py:170} INFO - Processing /home/jorge/Desktop/MÁSTER/SEGUNDO CURSO/BDFI/practica_docker/env/lib/python3.8/site-packages/airflow/example_dags/example_nested_branch_dag.py took 0.047 seconds
[2025-01-12 14:16:55,937] {processor.py:162} INFO - Started process (PID=290733) to work on /home/jorge/Desktop/MÁSTER/SEGUNDO CURSO/BDFI/practica_docker/env/lib/python3.8/site-packages/airflow/example_dags/example_nested_branch_dag.py
[2025-01-12 14:16:55,939] {processor.py:613} INFO - Processing file /home/jorge/Desktop/MÁSTER/SEGUNDO CURSO/BDFI/practica_docker/env/lib/python3.8/site-packages/airflow/example_dags/example_nested_branch_dag.py for tasks to queue
[2025-01-12 14:16:55,940] {logging_mixin.py:109} INFO - [2025-01-12 14:16:55,940] {dagbag.py:496} INFO - Filling up the DagBag from /home/jorge/Desktop/MÁSTER/SEGUNDO CURSO/BDFI/practica_docker/env/lib/python3.8/site-packages/airflow/example_dags/example_nested_branch_dag.py
[2025-01-12 14:16:55,957] {processor.py:623} INFO - DAG(s) dict_keys(['example_nested_branch_dag']) retrieved from /home/jorge/Desktop/MÁSTER/SEGUNDO CURSO/BDFI/practica_docker/env/lib/python3.8/site-packages/airflow/example_dags/example_nested_branch_dag.py
[2025-01-12 14:16:55,980] {logging_mixin.py:109} INFO - [2025-01-12 14:16:55,979] {dag.py:1834} INFO - Sync 1 DAGs
[2025-01-12 14:16:55,999] {logging_mixin.py:109} INFO - [2025-01-12 14:16:55,999] {dag.py:2287} INFO - Setting next_dagrun for example_nested_branch_dag to 2025-01-10 00:00:00+00:00
[2025-01-12 14:16:56,023] {processor.py:170} INFO - Processing /home/jorge/Desktop/MÁSTER/SEGUNDO CURSO/BDFI/practica_docker/env/lib/python3.8/site-packages/airflow/example_dags/example_nested_branch_dag.py took 0.089 seconds
[2025-01-12 14:17:29,691] {processor.py:162} INFO - Started process (PID=290983) to work on /home/jorge/Desktop/MÁSTER/SEGUNDO CURSO/BDFI/practica_docker/env/lib/python3.8/site-packages/airflow/example_dags/example_nested_branch_dag.py
[2025-01-12 14:17:29,692] {processor.py:613} INFO - Processing file /home/jorge/Desktop/MÁSTER/SEGUNDO CURSO/BDFI/practica_docker/env/lib/python3.8/site-packages/airflow/example_dags/example_nested_branch_dag.py for tasks to queue
[2025-01-12 14:17:29,693] {logging_mixin.py:109} INFO - [2025-01-12 14:17:29,693] {dagbag.py:496} INFO - Filling up the DagBag from /home/jorge/Desktop/MÁSTER/SEGUNDO CURSO/BDFI/practica_docker/env/lib/python3.8/site-packages/airflow/example_dags/example_nested_branch_dag.py
[2025-01-12 14:17:29,699] {processor.py:623} INFO - DAG(s) dict_keys(['example_nested_branch_dag']) retrieved from /home/jorge/Desktop/MÁSTER/SEGUNDO CURSO/BDFI/practica_docker/env/lib/python3.8/site-packages/airflow/example_dags/example_nested_branch_dag.py
[2025-01-12 14:17:29,709] {logging_mixin.py:109} INFO - [2025-01-12 14:17:29,709] {dag.py:1834} INFO - Sync 1 DAGs
[2025-01-12 14:17:29,718] {logging_mixin.py:109} INFO - [2025-01-12 14:17:29,718] {dag.py:2287} INFO - Setting next_dagrun for example_nested_branch_dag to 2025-01-10 00:00:00+00:00
[2025-01-12 14:17:29,727] {processor.py:170} INFO - Processing /home/jorge/Desktop/MÁSTER/SEGUNDO CURSO/BDFI/practica_docker/env/lib/python3.8/site-packages/airflow/example_dags/example_nested_branch_dag.py took 0.037 seconds
[2025-01-12 14:18:02,853] {processor.py:162} INFO - Started process (PID=291146) to work on /home/jorge/Desktop/MÁSTER/SEGUNDO CURSO/BDFI/practica_docker/env/lib/python3.8/site-packages/airflow/example_dags/example_nested_branch_dag.py
[2025-01-12 14:18:02,855] {processor.py:613} INFO - Processing file /home/jorge/Desktop/MÁSTER/SEGUNDO CURSO/BDFI/practica_docker/env/lib/python3.8/site-packages/airflow/example_dags/example_nested_branch_dag.py for tasks to queue
[2025-01-12 14:18:02,856] {logging_mixin.py:109} INFO - [2025-01-12 14:18:02,856] {dagbag.py:496} INFO - Filling up the DagBag from /home/jorge/Desktop/MÁSTER/SEGUNDO CURSO/BDFI/practica_docker/env/lib/python3.8/site-packages/airflow/example_dags/example_nested_branch_dag.py
[2025-01-12 14:18:02,866] {processor.py:623} INFO - DAG(s) dict_keys(['example_nested_branch_dag']) retrieved from /home/jorge/Desktop/MÁSTER/SEGUNDO CURSO/BDFI/practica_docker/env/lib/python3.8/site-packages/airflow/example_dags/example_nested_branch_dag.py
[2025-01-12 14:18:02,883] {logging_mixin.py:109} INFO - [2025-01-12 14:18:02,883] {dag.py:1834} INFO - Sync 1 DAGs
[2025-01-12 14:18:02,893] {logging_mixin.py:109} INFO - [2025-01-12 14:18:02,893] {dag.py:2287} INFO - Setting next_dagrun for example_nested_branch_dag to 2025-01-10 00:00:00+00:00
[2025-01-12 14:18:02,904] {processor.py:170} INFO - Processing /home/jorge/Desktop/MÁSTER/SEGUNDO CURSO/BDFI/practica_docker/env/lib/python3.8/site-packages/airflow/example_dags/example_nested_branch_dag.py took 0.054 seconds
[2025-01-12 14:18:36,756] {processor.py:162} INFO - Started process (PID=291645) to work on /home/jorge/Desktop/MÁSTER/SEGUNDO CURSO/BDFI/practica_docker/env/lib/python3.8/site-packages/airflow/example_dags/example_nested_branch_dag.py
[2025-01-12 14:18:36,758] {processor.py:613} INFO - Processing file /home/jorge/Desktop/MÁSTER/SEGUNDO CURSO/BDFI/practica_docker/env/lib/python3.8/site-packages/airflow/example_dags/example_nested_branch_dag.py for tasks to queue
[2025-01-12 14:18:36,759] {logging_mixin.py:109} INFO - [2025-01-12 14:18:36,759] {dagbag.py:496} INFO - Filling up the DagBag from /home/jorge/Desktop/MÁSTER/SEGUNDO CURSO/BDFI/practica_docker/env/lib/python3.8/site-packages/airflow/example_dags/example_nested_branch_dag.py
[2025-01-12 14:18:36,771] {processor.py:623} INFO - DAG(s) dict_keys(['example_nested_branch_dag']) retrieved from /home/jorge/Desktop/MÁSTER/SEGUNDO CURSO/BDFI/practica_docker/env/lib/python3.8/site-packages/airflow/example_dags/example_nested_branch_dag.py
[2025-01-12 14:18:36,784] {logging_mixin.py:109} INFO - [2025-01-12 14:18:36,784] {dag.py:1834} INFO - Sync 1 DAGs
[2025-01-12 14:18:36,794] {logging_mixin.py:109} INFO - [2025-01-12 14:18:36,793] {dag.py:2287} INFO - Setting next_dagrun for example_nested_branch_dag to 2025-01-10 00:00:00+00:00
[2025-01-12 14:18:36,809] {processor.py:170} INFO - Processing /home/jorge/Desktop/MÁSTER/SEGUNDO CURSO/BDFI/practica_docker/env/lib/python3.8/site-packages/airflow/example_dags/example_nested_branch_dag.py took 0.057 seconds
[2025-01-12 14:19:09,340] {processor.py:162} INFO - Started process (PID=292109) to work on /home/jorge/Desktop/MÁSTER/SEGUNDO CURSO/BDFI/practica_docker/env/lib/python3.8/site-packages/airflow/example_dags/example_nested_branch_dag.py
[2025-01-12 14:19:09,342] {processor.py:613} INFO - Processing file /home/jorge/Desktop/MÁSTER/SEGUNDO CURSO/BDFI/practica_docker/env/lib/python3.8/site-packages/airflow/example_dags/example_nested_branch_dag.py for tasks to queue
[2025-01-12 14:19:09,344] {logging_mixin.py:109} INFO - [2025-01-12 14:19:09,343] {dagbag.py:496} INFO - Filling up the DagBag from /home/jorge/Desktop/MÁSTER/SEGUNDO CURSO/BDFI/practica_docker/env/lib/python3.8/site-packages/airflow/example_dags/example_nested_branch_dag.py
[2025-01-12 14:19:09,355] {processor.py:623} INFO - DAG(s) dict_keys(['example_nested_branch_dag']) retrieved from /home/jorge/Desktop/MÁSTER/SEGUNDO CURSO/BDFI/practica_docker/env/lib/python3.8/site-packages/airflow/example_dags/example_nested_branch_dag.py
[2025-01-12 14:19:09,375] {logging_mixin.py:109} INFO - [2025-01-12 14:19:09,375] {dag.py:1834} INFO - Sync 1 DAGs
[2025-01-12 14:19:09,395] {logging_mixin.py:109} INFO - [2025-01-12 14:19:09,395] {dag.py:2287} INFO - Setting next_dagrun for example_nested_branch_dag to 2025-01-10 00:00:00+00:00
[2025-01-12 14:19:09,413] {processor.py:170} INFO - Processing /home/jorge/Desktop/MÁSTER/SEGUNDO CURSO/BDFI/practica_docker/env/lib/python3.8/site-packages/airflow/example_dags/example_nested_branch_dag.py took 0.077 seconds
[2025-01-12 14:19:45,425] {processor.py:162} INFO - Started process (PID=293016) to work on /home/jorge/Desktop/MÁSTER/SEGUNDO CURSO/BDFI/practica_docker/env/lib/python3.8/site-packages/airflow/example_dags/example_nested_branch_dag.py
[2025-01-12 14:19:45,426] {processor.py:613} INFO - Processing file /home/jorge/Desktop/MÁSTER/SEGUNDO CURSO/BDFI/practica_docker/env/lib/python3.8/site-packages/airflow/example_dags/example_nested_branch_dag.py for tasks to queue
[2025-01-12 14:19:45,427] {logging_mixin.py:109} INFO - [2025-01-12 14:19:45,427] {dagbag.py:496} INFO - Filling up the DagBag from /home/jorge/Desktop/MÁSTER/SEGUNDO CURSO/BDFI/practica_docker/env/lib/python3.8/site-packages/airflow/example_dags/example_nested_branch_dag.py
[2025-01-12 14:19:45,435] {processor.py:623} INFO - DAG(s) dict_keys(['example_nested_branch_dag']) retrieved from /home/jorge/Desktop/MÁSTER/SEGUNDO CURSO/BDFI/practica_docker/env/lib/python3.8/site-packages/airflow/example_dags/example_nested_branch_dag.py
[2025-01-12 14:19:45,447] {logging_mixin.py:109} INFO - [2025-01-12 14:19:45,446] {dag.py:1834} INFO - Sync 1 DAGs
[2025-01-12 14:19:45,457] {logging_mixin.py:109} INFO - [2025-01-12 14:19:45,457] {dag.py:2287} INFO - Setting next_dagrun for example_nested_branch_dag to 2025-01-10 00:00:00+00:00
[2025-01-12 14:19:45,469] {processor.py:170} INFO - Processing /home/jorge/Desktop/MÁSTER/SEGUNDO CURSO/BDFI/practica_docker/env/lib/python3.8/site-packages/airflow/example_dags/example_nested_branch_dag.py took 0.046 seconds
[2025-01-12 14:20:19,224] {processor.py:162} INFO - Started process (PID=293181) to work on /home/jorge/Desktop/MÁSTER/SEGUNDO CURSO/BDFI/practica_docker/env/lib/python3.8/site-packages/airflow/example_dags/example_nested_branch_dag.py
[2025-01-12 14:20:19,225] {processor.py:613} INFO - Processing file /home/jorge/Desktop/MÁSTER/SEGUNDO CURSO/BDFI/practica_docker/env/lib/python3.8/site-packages/airflow/example_dags/example_nested_branch_dag.py for tasks to queue
[2025-01-12 14:20:19,226] {logging_mixin.py:109} INFO - [2025-01-12 14:20:19,226] {dagbag.py:496} INFO - Filling up the DagBag from /home/jorge/Desktop/MÁSTER/SEGUNDO CURSO/BDFI/practica_docker/env/lib/python3.8/site-packages/airflow/example_dags/example_nested_branch_dag.py
[2025-01-12 14:20:19,252] {processor.py:623} INFO - DAG(s) dict_keys(['example_nested_branch_dag']) retrieved from /home/jorge/Desktop/MÁSTER/SEGUNDO CURSO/BDFI/practica_docker/env/lib/python3.8/site-packages/airflow/example_dags/example_nested_branch_dag.py
[2025-01-12 14:20:19,269] {logging_mixin.py:109} INFO - [2025-01-12 14:20:19,268] {dag.py:1834} INFO - Sync 1 DAGs
[2025-01-12 14:20:19,280] {logging_mixin.py:109} INFO - [2025-01-12 14:20:19,280] {dag.py:2287} INFO - Setting next_dagrun for example_nested_branch_dag to 2025-01-10 00:00:00+00:00
[2025-01-12 14:20:19,302] {processor.py:170} INFO - Processing /home/jorge/Desktop/MÁSTER/SEGUNDO CURSO/BDFI/practica_docker/env/lib/python3.8/site-packages/airflow/example_dags/example_nested_branch_dag.py took 0.081 seconds
