[2025-01-12 13:51:28,021] {processor.py:162} INFO - Started process (PID=281122) to work on /home/jorge/Desktop/MÁSTER/SEGUNDO CURSO/BDFI/practica_docker/env/lib/python3.8/site-packages/airflow/example_dags/example_branch_labels.py
[2025-01-12 13:51:28,023] {processor.py:613} INFO - Processing file /home/jorge/Desktop/MÁSTER/SEGUNDO CURSO/BDFI/practica_docker/env/lib/python3.8/site-packages/airflow/example_dags/example_branch_labels.py for tasks to queue
[2025-01-12 13:51:28,024] {logging_mixin.py:109} INFO - [2025-01-12 13:51:28,024] {dagbag.py:496} INFO - Filling up the DagBag from /home/jorge/Desktop/MÁSTER/SEGUNDO CURSO/BDFI/practica_docker/env/lib/python3.8/site-packages/airflow/example_dags/example_branch_labels.py
[2025-01-12 13:51:28,042] {processor.py:623} INFO - DAG(s) dict_keys(['example_branch_labels']) retrieved from /home/jorge/Desktop/MÁSTER/SEGUNDO CURSO/BDFI/practica_docker/env/lib/python3.8/site-packages/airflow/example_dags/example_branch_labels.py
[2025-01-12 13:51:28,059] {logging_mixin.py:109} INFO - [2025-01-12 13:51:28,059] {dag.py:1834} INFO - Sync 1 DAGs
[2025-01-12 13:51:28,087] {logging_mixin.py:109} INFO - [2025-01-12 13:51:28,085] {dag.py:2287} INFO - Setting next_dagrun for example_branch_labels to 2025-01-10 00:00:00+00:00
[2025-01-12 13:51:28,097] {processor.py:170} INFO - Processing /home/jorge/Desktop/MÁSTER/SEGUNDO CURSO/BDFI/practica_docker/env/lib/python3.8/site-packages/airflow/example_dags/example_branch_labels.py took 0.081 seconds
[2025-01-12 13:52:01,766] {processor.py:162} INFO - Started process (PID=281314) to work on /home/jorge/Desktop/MÁSTER/SEGUNDO CURSO/BDFI/practica_docker/env/lib/python3.8/site-packages/airflow/example_dags/example_branch_labels.py
[2025-01-12 13:52:01,767] {processor.py:613} INFO - Processing file /home/jorge/Desktop/MÁSTER/SEGUNDO CURSO/BDFI/practica_docker/env/lib/python3.8/site-packages/airflow/example_dags/example_branch_labels.py for tasks to queue
[2025-01-12 13:52:01,768] {logging_mixin.py:109} INFO - [2025-01-12 13:52:01,768] {dagbag.py:496} INFO - Filling up the DagBag from /home/jorge/Desktop/MÁSTER/SEGUNDO CURSO/BDFI/practica_docker/env/lib/python3.8/site-packages/airflow/example_dags/example_branch_labels.py
[2025-01-12 13:52:01,778] {processor.py:623} INFO - DAG(s) dict_keys(['example_branch_labels']) retrieved from /home/jorge/Desktop/MÁSTER/SEGUNDO CURSO/BDFI/practica_docker/env/lib/python3.8/site-packages/airflow/example_dags/example_branch_labels.py
[2025-01-12 13:52:01,790] {logging_mixin.py:109} INFO - [2025-01-12 13:52:01,790] {dag.py:1834} INFO - Sync 1 DAGs
[2025-01-12 13:52:01,799] {logging_mixin.py:109} INFO - [2025-01-12 13:52:01,799] {dag.py:2287} INFO - Setting next_dagrun for example_branch_labels to 2025-01-10 00:00:00+00:00
[2025-01-12 13:52:01,808] {processor.py:170} INFO - Processing /home/jorge/Desktop/MÁSTER/SEGUNDO CURSO/BDFI/practica_docker/env/lib/python3.8/site-packages/airflow/example_dags/example_branch_labels.py took 0.044 seconds
[2025-01-12 13:52:34,643] {processor.py:162} INFO - Started process (PID=281493) to work on /home/jorge/Desktop/MÁSTER/SEGUNDO CURSO/BDFI/practica_docker/env/lib/python3.8/site-packages/airflow/example_dags/example_branch_labels.py
[2025-01-12 13:52:34,645] {processor.py:613} INFO - Processing file /home/jorge/Desktop/MÁSTER/SEGUNDO CURSO/BDFI/practica_docker/env/lib/python3.8/site-packages/airflow/example_dags/example_branch_labels.py for tasks to queue
[2025-01-12 13:52:34,647] {logging_mixin.py:109} INFO - [2025-01-12 13:52:34,647] {dagbag.py:496} INFO - Filling up the DagBag from /home/jorge/Desktop/MÁSTER/SEGUNDO CURSO/BDFI/practica_docker/env/lib/python3.8/site-packages/airflow/example_dags/example_branch_labels.py
[2025-01-12 13:52:34,678] {processor.py:623} INFO - DAG(s) dict_keys(['example_branch_labels']) retrieved from /home/jorge/Desktop/MÁSTER/SEGUNDO CURSO/BDFI/practica_docker/env/lib/python3.8/site-packages/airflow/example_dags/example_branch_labels.py
[2025-01-12 13:52:34,712] {logging_mixin.py:109} INFO - [2025-01-12 13:52:34,712] {dag.py:1834} INFO - Sync 1 DAGs
[2025-01-12 13:52:34,727] {logging_mixin.py:109} INFO - [2025-01-12 13:52:34,727] {dag.py:2287} INFO - Setting next_dagrun for example_branch_labels to 2025-01-10 00:00:00+00:00
[2025-01-12 13:52:34,745] {processor.py:170} INFO - Processing /home/jorge/Desktop/MÁSTER/SEGUNDO CURSO/BDFI/practica_docker/env/lib/python3.8/site-packages/airflow/example_dags/example_branch_labels.py took 0.112 seconds
[2025-01-12 13:53:18,408] {processor.py:162} INFO - Started process (PID=281754) to work on /home/jorge/Desktop/MÁSTER/SEGUNDO CURSO/BDFI/practica_docker/env/lib/python3.8/site-packages/airflow/example_dags/example_branch_labels.py
[2025-01-12 13:53:18,408] {processor.py:613} INFO - Processing file /home/jorge/Desktop/MÁSTER/SEGUNDO CURSO/BDFI/practica_docker/env/lib/python3.8/site-packages/airflow/example_dags/example_branch_labels.py for tasks to queue
[2025-01-12 13:53:18,409] {logging_mixin.py:109} INFO - [2025-01-12 13:53:18,409] {dagbag.py:496} INFO - Filling up the DagBag from /home/jorge/Desktop/MÁSTER/SEGUNDO CURSO/BDFI/practica_docker/env/lib/python3.8/site-packages/airflow/example_dags/example_branch_labels.py
[2025-01-12 13:53:18,423] {processor.py:623} INFO - DAG(s) dict_keys(['example_branch_labels']) retrieved from /home/jorge/Desktop/MÁSTER/SEGUNDO CURSO/BDFI/practica_docker/env/lib/python3.8/site-packages/airflow/example_dags/example_branch_labels.py
[2025-01-12 13:53:18,434] {logging_mixin.py:109} INFO - [2025-01-12 13:53:18,434] {dag.py:1834} INFO - Sync 1 DAGs
[2025-01-12 13:53:18,443] {logging_mixin.py:109} INFO - [2025-01-12 13:53:18,443] {dag.py:2287} INFO - Setting next_dagrun for example_branch_labels to 2025-01-10 00:00:00+00:00
[2025-01-12 13:53:18,457] {processor.py:170} INFO - Processing /home/jorge/Desktop/MÁSTER/SEGUNDO CURSO/BDFI/practica_docker/env/lib/python3.8/site-packages/airflow/example_dags/example_branch_labels.py took 0.052 seconds
[2025-01-12 13:53:51,380] {processor.py:162} INFO - Started process (PID=281916) to work on /home/jorge/Desktop/MÁSTER/SEGUNDO CURSO/BDFI/practica_docker/env/lib/python3.8/site-packages/airflow/example_dags/example_branch_labels.py
[2025-01-12 13:53:51,382] {processor.py:613} INFO - Processing file /home/jorge/Desktop/MÁSTER/SEGUNDO CURSO/BDFI/practica_docker/env/lib/python3.8/site-packages/airflow/example_dags/example_branch_labels.py for tasks to queue
[2025-01-12 13:53:51,383] {logging_mixin.py:109} INFO - [2025-01-12 13:53:51,383] {dagbag.py:496} INFO - Filling up the DagBag from /home/jorge/Desktop/MÁSTER/SEGUNDO CURSO/BDFI/practica_docker/env/lib/python3.8/site-packages/airflow/example_dags/example_branch_labels.py
[2025-01-12 13:53:51,394] {processor.py:623} INFO - DAG(s) dict_keys(['example_branch_labels']) retrieved from /home/jorge/Desktop/MÁSTER/SEGUNDO CURSO/BDFI/practica_docker/env/lib/python3.8/site-packages/airflow/example_dags/example_branch_labels.py
[2025-01-12 13:53:51,403] {logging_mixin.py:109} INFO - [2025-01-12 13:53:51,403] {dag.py:1834} INFO - Sync 1 DAGs
[2025-01-12 13:53:51,411] {logging_mixin.py:109} INFO - [2025-01-12 13:53:51,411] {dag.py:2287} INFO - Setting next_dagrun for example_branch_labels to 2025-01-10 00:00:00+00:00
[2025-01-12 13:53:51,419] {processor.py:170} INFO - Processing /home/jorge/Desktop/MÁSTER/SEGUNDO CURSO/BDFI/practica_docker/env/lib/python3.8/site-packages/airflow/example_dags/example_branch_labels.py took 0.042 seconds
[2025-01-12 13:54:26,464] {processor.py:162} INFO - Started process (PID=282085) to work on /home/jorge/Desktop/MÁSTER/SEGUNDO CURSO/BDFI/practica_docker/env/lib/python3.8/site-packages/airflow/example_dags/example_branch_labels.py
[2025-01-12 13:54:26,465] {processor.py:613} INFO - Processing file /home/jorge/Desktop/MÁSTER/SEGUNDO CURSO/BDFI/practica_docker/env/lib/python3.8/site-packages/airflow/example_dags/example_branch_labels.py for tasks to queue
[2025-01-12 13:54:26,466] {logging_mixin.py:109} INFO - [2025-01-12 13:54:26,466] {dagbag.py:496} INFO - Filling up the DagBag from /home/jorge/Desktop/MÁSTER/SEGUNDO CURSO/BDFI/practica_docker/env/lib/python3.8/site-packages/airflow/example_dags/example_branch_labels.py
[2025-01-12 13:54:26,476] {processor.py:623} INFO - DAG(s) dict_keys(['example_branch_labels']) retrieved from /home/jorge/Desktop/MÁSTER/SEGUNDO CURSO/BDFI/practica_docker/env/lib/python3.8/site-packages/airflow/example_dags/example_branch_labels.py
[2025-01-12 13:54:26,485] {logging_mixin.py:109} INFO - [2025-01-12 13:54:26,485] {dag.py:1834} INFO - Sync 1 DAGs
[2025-01-12 13:54:26,493] {logging_mixin.py:109} INFO - [2025-01-12 13:54:26,493] {dag.py:2287} INFO - Setting next_dagrun for example_branch_labels to 2025-01-10 00:00:00+00:00
[2025-01-12 13:54:26,501] {processor.py:170} INFO - Processing /home/jorge/Desktop/MÁSTER/SEGUNDO CURSO/BDFI/practica_docker/env/lib/python3.8/site-packages/airflow/example_dags/example_branch_labels.py took 0.041 seconds
[2025-01-12 13:54:59,173] {processor.py:162} INFO - Started process (PID=282232) to work on /home/jorge/Desktop/MÁSTER/SEGUNDO CURSO/BDFI/practica_docker/env/lib/python3.8/site-packages/airflow/example_dags/example_branch_labels.py
[2025-01-12 13:54:59,174] {processor.py:613} INFO - Processing file /home/jorge/Desktop/MÁSTER/SEGUNDO CURSO/BDFI/practica_docker/env/lib/python3.8/site-packages/airflow/example_dags/example_branch_labels.py for tasks to queue
[2025-01-12 13:54:59,174] {logging_mixin.py:109} INFO - [2025-01-12 13:54:59,174] {dagbag.py:496} INFO - Filling up the DagBag from /home/jorge/Desktop/MÁSTER/SEGUNDO CURSO/BDFI/practica_docker/env/lib/python3.8/site-packages/airflow/example_dags/example_branch_labels.py
[2025-01-12 13:54:59,183] {processor.py:623} INFO - DAG(s) dict_keys(['example_branch_labels']) retrieved from /home/jorge/Desktop/MÁSTER/SEGUNDO CURSO/BDFI/practica_docker/env/lib/python3.8/site-packages/airflow/example_dags/example_branch_labels.py
[2025-01-12 13:54:59,192] {logging_mixin.py:109} INFO - [2025-01-12 13:54:59,192] {dag.py:1834} INFO - Sync 1 DAGs
[2025-01-12 13:54:59,200] {logging_mixin.py:109} INFO - [2025-01-12 13:54:59,200] {dag.py:2287} INFO - Setting next_dagrun for example_branch_labels to 2025-01-10 00:00:00+00:00
[2025-01-12 13:54:59,208] {processor.py:170} INFO - Processing /home/jorge/Desktop/MÁSTER/SEGUNDO CURSO/BDFI/practica_docker/env/lib/python3.8/site-packages/airflow/example_dags/example_branch_labels.py took 0.037 seconds
[2025-01-12 13:55:32,616] {processor.py:162} INFO - Started process (PID=282401) to work on /home/jorge/Desktop/MÁSTER/SEGUNDO CURSO/BDFI/practica_docker/env/lib/python3.8/site-packages/airflow/example_dags/example_branch_labels.py
[2025-01-12 13:55:32,617] {processor.py:613} INFO - Processing file /home/jorge/Desktop/MÁSTER/SEGUNDO CURSO/BDFI/practica_docker/env/lib/python3.8/site-packages/airflow/example_dags/example_branch_labels.py for tasks to queue
[2025-01-12 13:55:32,618] {logging_mixin.py:109} INFO - [2025-01-12 13:55:32,618] {dagbag.py:496} INFO - Filling up the DagBag from /home/jorge/Desktop/MÁSTER/SEGUNDO CURSO/BDFI/practica_docker/env/lib/python3.8/site-packages/airflow/example_dags/example_branch_labels.py
[2025-01-12 13:55:32,635] {processor.py:623} INFO - DAG(s) dict_keys(['example_branch_labels']) retrieved from /home/jorge/Desktop/MÁSTER/SEGUNDO CURSO/BDFI/practica_docker/env/lib/python3.8/site-packages/airflow/example_dags/example_branch_labels.py
[2025-01-12 13:55:32,650] {logging_mixin.py:109} INFO - [2025-01-12 13:55:32,650] {dag.py:1834} INFO - Sync 1 DAGs
[2025-01-12 13:55:32,664] {logging_mixin.py:109} INFO - [2025-01-12 13:55:32,664] {dag.py:2287} INFO - Setting next_dagrun for example_branch_labels to 2025-01-10 00:00:00+00:00
[2025-01-12 13:55:32,676] {processor.py:170} INFO - Processing /home/jorge/Desktop/MÁSTER/SEGUNDO CURSO/BDFI/practica_docker/env/lib/python3.8/site-packages/airflow/example_dags/example_branch_labels.py took 0.065 seconds
[2025-01-12 13:56:07,452] {processor.py:162} INFO - Started process (PID=282723) to work on /home/jorge/Desktop/MÁSTER/SEGUNDO CURSO/BDFI/practica_docker/env/lib/python3.8/site-packages/airflow/example_dags/example_branch_labels.py
[2025-01-12 13:56:07,454] {processor.py:613} INFO - Processing file /home/jorge/Desktop/MÁSTER/SEGUNDO CURSO/BDFI/practica_docker/env/lib/python3.8/site-packages/airflow/example_dags/example_branch_labels.py for tasks to queue
[2025-01-12 13:56:07,455] {logging_mixin.py:109} INFO - [2025-01-12 13:56:07,455] {dagbag.py:496} INFO - Filling up the DagBag from /home/jorge/Desktop/MÁSTER/SEGUNDO CURSO/BDFI/practica_docker/env/lib/python3.8/site-packages/airflow/example_dags/example_branch_labels.py
[2025-01-12 13:56:07,473] {processor.py:623} INFO - DAG(s) dict_keys(['example_branch_labels']) retrieved from /home/jorge/Desktop/MÁSTER/SEGUNDO CURSO/BDFI/practica_docker/env/lib/python3.8/site-packages/airflow/example_dags/example_branch_labels.py
[2025-01-12 13:56:07,492] {logging_mixin.py:109} INFO - [2025-01-12 13:56:07,492] {dag.py:1834} INFO - Sync 1 DAGs
[2025-01-12 13:56:07,508] {logging_mixin.py:109} INFO - [2025-01-12 13:56:07,508] {dag.py:2287} INFO - Setting next_dagrun for example_branch_labels to 2025-01-10 00:00:00+00:00
[2025-01-12 13:56:07,534] {processor.py:170} INFO - Processing /home/jorge/Desktop/MÁSTER/SEGUNDO CURSO/BDFI/practica_docker/env/lib/python3.8/site-packages/airflow/example_dags/example_branch_labels.py took 0.085 seconds
[2025-01-12 13:56:43,357] {processor.py:162} INFO - Started process (PID=282989) to work on /home/jorge/Desktop/MÁSTER/SEGUNDO CURSO/BDFI/practica_docker/env/lib/python3.8/site-packages/airflow/example_dags/example_branch_labels.py
[2025-01-12 13:56:43,358] {processor.py:613} INFO - Processing file /home/jorge/Desktop/MÁSTER/SEGUNDO CURSO/BDFI/practica_docker/env/lib/python3.8/site-packages/airflow/example_dags/example_branch_labels.py for tasks to queue
[2025-01-12 13:56:43,359] {logging_mixin.py:109} INFO - [2025-01-12 13:56:43,359] {dagbag.py:496} INFO - Filling up the DagBag from /home/jorge/Desktop/MÁSTER/SEGUNDO CURSO/BDFI/practica_docker/env/lib/python3.8/site-packages/airflow/example_dags/example_branch_labels.py
[2025-01-12 13:56:43,383] {processor.py:623} INFO - DAG(s) dict_keys(['example_branch_labels']) retrieved from /home/jorge/Desktop/MÁSTER/SEGUNDO CURSO/BDFI/practica_docker/env/lib/python3.8/site-packages/airflow/example_dags/example_branch_labels.py
[2025-01-12 13:56:43,404] {logging_mixin.py:109} INFO - [2025-01-12 13:56:43,404] {dag.py:1834} INFO - Sync 1 DAGs
[2025-01-12 13:56:43,421] {logging_mixin.py:109} INFO - [2025-01-12 13:56:43,420] {dag.py:2287} INFO - Setting next_dagrun for example_branch_labels to 2025-01-10 00:00:00+00:00
[2025-01-12 13:56:43,432] {processor.py:170} INFO - Processing /home/jorge/Desktop/MÁSTER/SEGUNDO CURSO/BDFI/practica_docker/env/lib/python3.8/site-packages/airflow/example_dags/example_branch_labels.py took 0.081 seconds
[2025-01-12 13:57:20,497] {processor.py:162} INFO - Started process (PID=283182) to work on /home/jorge/Desktop/MÁSTER/SEGUNDO CURSO/BDFI/practica_docker/env/lib/python3.8/site-packages/airflow/example_dags/example_branch_labels.py
[2025-01-12 13:57:20,498] {processor.py:613} INFO - Processing file /home/jorge/Desktop/MÁSTER/SEGUNDO CURSO/BDFI/practica_docker/env/lib/python3.8/site-packages/airflow/example_dags/example_branch_labels.py for tasks to queue
[2025-01-12 13:57:20,499] {logging_mixin.py:109} INFO - [2025-01-12 13:57:20,498] {dagbag.py:496} INFO - Filling up the DagBag from /home/jorge/Desktop/MÁSTER/SEGUNDO CURSO/BDFI/practica_docker/env/lib/python3.8/site-packages/airflow/example_dags/example_branch_labels.py
[2025-01-12 13:57:20,516] {processor.py:623} INFO - DAG(s) dict_keys(['example_branch_labels']) retrieved from /home/jorge/Desktop/MÁSTER/SEGUNDO CURSO/BDFI/practica_docker/env/lib/python3.8/site-packages/airflow/example_dags/example_branch_labels.py
[2025-01-12 13:57:20,527] {logging_mixin.py:109} INFO - [2025-01-12 13:57:20,527] {dag.py:1834} INFO - Sync 1 DAGs
[2025-01-12 13:57:20,536] {logging_mixin.py:109} INFO - [2025-01-12 13:57:20,536] {dag.py:2287} INFO - Setting next_dagrun for example_branch_labels to 2025-01-10 00:00:00+00:00
[2025-01-12 13:57:20,545] {processor.py:170} INFO - Processing /home/jorge/Desktop/MÁSTER/SEGUNDO CURSO/BDFI/practica_docker/env/lib/python3.8/site-packages/airflow/example_dags/example_branch_labels.py took 0.050 seconds
[2025-01-12 13:57:56,206] {processor.py:162} INFO - Started process (PID=283335) to work on /home/jorge/Desktop/MÁSTER/SEGUNDO CURSO/BDFI/practica_docker/env/lib/python3.8/site-packages/airflow/example_dags/example_branch_labels.py
[2025-01-12 13:57:56,208] {processor.py:613} INFO - Processing file /home/jorge/Desktop/MÁSTER/SEGUNDO CURSO/BDFI/practica_docker/env/lib/python3.8/site-packages/airflow/example_dags/example_branch_labels.py for tasks to queue
[2025-01-12 13:57:56,208] {logging_mixin.py:109} INFO - [2025-01-12 13:57:56,208] {dagbag.py:496} INFO - Filling up the DagBag from /home/jorge/Desktop/MÁSTER/SEGUNDO CURSO/BDFI/practica_docker/env/lib/python3.8/site-packages/airflow/example_dags/example_branch_labels.py
[2025-01-12 13:57:56,219] {processor.py:623} INFO - DAG(s) dict_keys(['example_branch_labels']) retrieved from /home/jorge/Desktop/MÁSTER/SEGUNDO CURSO/BDFI/practica_docker/env/lib/python3.8/site-packages/airflow/example_dags/example_branch_labels.py
[2025-01-12 13:57:56,230] {logging_mixin.py:109} INFO - [2025-01-12 13:57:56,230] {dag.py:1834} INFO - Sync 1 DAGs
[2025-01-12 13:57:56,241] {logging_mixin.py:109} INFO - [2025-01-12 13:57:56,241] {dag.py:2287} INFO - Setting next_dagrun for example_branch_labels to 2025-01-10 00:00:00+00:00
[2025-01-12 13:57:56,251] {processor.py:170} INFO - Processing /home/jorge/Desktop/MÁSTER/SEGUNDO CURSO/BDFI/practica_docker/env/lib/python3.8/site-packages/airflow/example_dags/example_branch_labels.py took 0.047 seconds
[2025-01-12 14:06:18,277] {processor.py:162} INFO - Started process (PID=283775) to work on /home/jorge/Desktop/MÁSTER/SEGUNDO CURSO/BDFI/practica_docker/env/lib/python3.8/site-packages/airflow/example_dags/example_branch_labels.py
[2025-01-12 14:06:18,278] {processor.py:613} INFO - Processing file /home/jorge/Desktop/MÁSTER/SEGUNDO CURSO/BDFI/practica_docker/env/lib/python3.8/site-packages/airflow/example_dags/example_branch_labels.py for tasks to queue
[2025-01-12 14:06:18,279] {logging_mixin.py:109} INFO - [2025-01-12 14:06:18,279] {dagbag.py:496} INFO - Filling up the DagBag from /home/jorge/Desktop/MÁSTER/SEGUNDO CURSO/BDFI/practica_docker/env/lib/python3.8/site-packages/airflow/example_dags/example_branch_labels.py
[2025-01-12 14:06:18,288] {processor.py:623} INFO - DAG(s) dict_keys(['example_branch_labels']) retrieved from /home/jorge/Desktop/MÁSTER/SEGUNDO CURSO/BDFI/practica_docker/env/lib/python3.8/site-packages/airflow/example_dags/example_branch_labels.py
[2025-01-12 14:06:18,295] {logging_mixin.py:109} INFO - [2025-01-12 14:06:18,295] {dag.py:1834} INFO - Sync 1 DAGs
[2025-01-12 14:06:18,302] {logging_mixin.py:109} INFO - [2025-01-12 14:06:18,302] {dag.py:2287} INFO - Setting next_dagrun for example_branch_labels to 2025-01-10 00:00:00+00:00
[2025-01-12 14:06:18,308] {processor.py:170} INFO - Processing /home/jorge/Desktop/MÁSTER/SEGUNDO CURSO/BDFI/practica_docker/env/lib/python3.8/site-packages/airflow/example_dags/example_branch_labels.py took 0.033 seconds
[2025-01-12 14:06:51,496] {processor.py:162} INFO - Started process (PID=283932) to work on /home/jorge/Desktop/MÁSTER/SEGUNDO CURSO/BDFI/practica_docker/env/lib/python3.8/site-packages/airflow/example_dags/example_branch_labels.py
[2025-01-12 14:06:51,510] {processor.py:613} INFO - Processing file /home/jorge/Desktop/MÁSTER/SEGUNDO CURSO/BDFI/practica_docker/env/lib/python3.8/site-packages/airflow/example_dags/example_branch_labels.py for tasks to queue
[2025-01-12 14:06:51,511] {logging_mixin.py:109} INFO - [2025-01-12 14:06:51,510] {dagbag.py:496} INFO - Filling up the DagBag from /home/jorge/Desktop/MÁSTER/SEGUNDO CURSO/BDFI/practica_docker/env/lib/python3.8/site-packages/airflow/example_dags/example_branch_labels.py
[2025-01-12 14:06:51,521] {processor.py:623} INFO - DAG(s) dict_keys(['example_branch_labels']) retrieved from /home/jorge/Desktop/MÁSTER/SEGUNDO CURSO/BDFI/practica_docker/env/lib/python3.8/site-packages/airflow/example_dags/example_branch_labels.py
[2025-01-12 14:06:51,530] {logging_mixin.py:109} INFO - [2025-01-12 14:06:51,530] {dag.py:1834} INFO - Sync 1 DAGs
[2025-01-12 14:06:51,538] {logging_mixin.py:109} INFO - [2025-01-12 14:06:51,538] {dag.py:2287} INFO - Setting next_dagrun for example_branch_labels to 2025-01-10 00:00:00+00:00
[2025-01-12 14:06:51,546] {processor.py:170} INFO - Processing /home/jorge/Desktop/MÁSTER/SEGUNDO CURSO/BDFI/practica_docker/env/lib/python3.8/site-packages/airflow/example_dags/example_branch_labels.py took 0.053 seconds
[2025-01-12 14:07:24,161] {processor.py:162} INFO - Started process (PID=284075) to work on /home/jorge/Desktop/MÁSTER/SEGUNDO CURSO/BDFI/practica_docker/env/lib/python3.8/site-packages/airflow/example_dags/example_branch_labels.py
[2025-01-12 14:07:24,163] {processor.py:613} INFO - Processing file /home/jorge/Desktop/MÁSTER/SEGUNDO CURSO/BDFI/practica_docker/env/lib/python3.8/site-packages/airflow/example_dags/example_branch_labels.py for tasks to queue
[2025-01-12 14:07:24,163] {logging_mixin.py:109} INFO - [2025-01-12 14:07:24,163] {dagbag.py:496} INFO - Filling up the DagBag from /home/jorge/Desktop/MÁSTER/SEGUNDO CURSO/BDFI/practica_docker/env/lib/python3.8/site-packages/airflow/example_dags/example_branch_labels.py
[2025-01-12 14:07:24,171] {processor.py:623} INFO - DAG(s) dict_keys(['example_branch_labels']) retrieved from /home/jorge/Desktop/MÁSTER/SEGUNDO CURSO/BDFI/practica_docker/env/lib/python3.8/site-packages/airflow/example_dags/example_branch_labels.py
[2025-01-12 14:07:24,179] {logging_mixin.py:109} INFO - [2025-01-12 14:07:24,179] {dag.py:1834} INFO - Sync 1 DAGs
[2025-01-12 14:07:24,185] {logging_mixin.py:109} INFO - [2025-01-12 14:07:24,185] {dag.py:2287} INFO - Setting next_dagrun for example_branch_labels to 2025-01-10 00:00:00+00:00
[2025-01-12 14:07:24,192] {processor.py:170} INFO - Processing /home/jorge/Desktop/MÁSTER/SEGUNDO CURSO/BDFI/practica_docker/env/lib/python3.8/site-packages/airflow/example_dags/example_branch_labels.py took 0.035 seconds
[2025-01-12 14:07:57,544] {processor.py:162} INFO - Started process (PID=284231) to work on /home/jorge/Desktop/MÁSTER/SEGUNDO CURSO/BDFI/practica_docker/env/lib/python3.8/site-packages/airflow/example_dags/example_branch_labels.py
[2025-01-12 14:07:57,545] {processor.py:613} INFO - Processing file /home/jorge/Desktop/MÁSTER/SEGUNDO CURSO/BDFI/practica_docker/env/lib/python3.8/site-packages/airflow/example_dags/example_branch_labels.py for tasks to queue
[2025-01-12 14:07:57,545] {logging_mixin.py:109} INFO - [2025-01-12 14:07:57,545] {dagbag.py:496} INFO - Filling up the DagBag from /home/jorge/Desktop/MÁSTER/SEGUNDO CURSO/BDFI/practica_docker/env/lib/python3.8/site-packages/airflow/example_dags/example_branch_labels.py
[2025-01-12 14:07:57,549] {processor.py:623} INFO - DAG(s) dict_keys(['example_branch_labels']) retrieved from /home/jorge/Desktop/MÁSTER/SEGUNDO CURSO/BDFI/practica_docker/env/lib/python3.8/site-packages/airflow/example_dags/example_branch_labels.py
[2025-01-12 14:07:57,559] {logging_mixin.py:109} INFO - [2025-01-12 14:07:57,559] {dag.py:1834} INFO - Sync 1 DAGs
[2025-01-12 14:07:57,567] {logging_mixin.py:109} INFO - [2025-01-12 14:07:57,567] {dag.py:2287} INFO - Setting next_dagrun for example_branch_labels to 2025-01-10 00:00:00+00:00
[2025-01-12 14:07:57,574] {processor.py:170} INFO - Processing /home/jorge/Desktop/MÁSTER/SEGUNDO CURSO/BDFI/practica_docker/env/lib/python3.8/site-packages/airflow/example_dags/example_branch_labels.py took 0.032 seconds
[2025-01-12 14:08:29,878] {processor.py:162} INFO - Started process (PID=284372) to work on /home/jorge/Desktop/MÁSTER/SEGUNDO CURSO/BDFI/practica_docker/env/lib/python3.8/site-packages/airflow/example_dags/example_branch_labels.py
[2025-01-12 14:08:29,878] {processor.py:613} INFO - Processing file /home/jorge/Desktop/MÁSTER/SEGUNDO CURSO/BDFI/practica_docker/env/lib/python3.8/site-packages/airflow/example_dags/example_branch_labels.py for tasks to queue
[2025-01-12 14:08:29,879] {logging_mixin.py:109} INFO - [2025-01-12 14:08:29,879] {dagbag.py:496} INFO - Filling up the DagBag from /home/jorge/Desktop/MÁSTER/SEGUNDO CURSO/BDFI/practica_docker/env/lib/python3.8/site-packages/airflow/example_dags/example_branch_labels.py
[2025-01-12 14:08:29,886] {processor.py:623} INFO - DAG(s) dict_keys(['example_branch_labels']) retrieved from /home/jorge/Desktop/MÁSTER/SEGUNDO CURSO/BDFI/practica_docker/env/lib/python3.8/site-packages/airflow/example_dags/example_branch_labels.py
[2025-01-12 14:08:29,896] {logging_mixin.py:109} INFO - [2025-01-12 14:08:29,896] {dag.py:1834} INFO - Sync 1 DAGs
[2025-01-12 14:08:29,905] {logging_mixin.py:109} INFO - [2025-01-12 14:08:29,904] {dag.py:2287} INFO - Setting next_dagrun for example_branch_labels to 2025-01-10 00:00:00+00:00
[2025-01-12 14:08:29,912] {processor.py:170} INFO - Processing /home/jorge/Desktop/MÁSTER/SEGUNDO CURSO/BDFI/practica_docker/env/lib/python3.8/site-packages/airflow/example_dags/example_branch_labels.py took 0.037 seconds
[2025-01-12 14:09:02,545] {processor.py:162} INFO - Started process (PID=284526) to work on /home/jorge/Desktop/MÁSTER/SEGUNDO CURSO/BDFI/practica_docker/env/lib/python3.8/site-packages/airflow/example_dags/example_branch_labels.py
[2025-01-12 14:09:02,546] {processor.py:613} INFO - Processing file /home/jorge/Desktop/MÁSTER/SEGUNDO CURSO/BDFI/practica_docker/env/lib/python3.8/site-packages/airflow/example_dags/example_branch_labels.py for tasks to queue
[2025-01-12 14:09:02,547] {logging_mixin.py:109} INFO - [2025-01-12 14:09:02,547] {dagbag.py:496} INFO - Filling up the DagBag from /home/jorge/Desktop/MÁSTER/SEGUNDO CURSO/BDFI/practica_docker/env/lib/python3.8/site-packages/airflow/example_dags/example_branch_labels.py
[2025-01-12 14:09:02,551] {processor.py:623} INFO - DAG(s) dict_keys(['example_branch_labels']) retrieved from /home/jorge/Desktop/MÁSTER/SEGUNDO CURSO/BDFI/practica_docker/env/lib/python3.8/site-packages/airflow/example_dags/example_branch_labels.py
[2025-01-12 14:09:02,563] {logging_mixin.py:109} INFO - [2025-01-12 14:09:02,563] {dag.py:1834} INFO - Sync 1 DAGs
[2025-01-12 14:09:02,574] {logging_mixin.py:109} INFO - [2025-01-12 14:09:02,574] {dag.py:2287} INFO - Setting next_dagrun for example_branch_labels to 2025-01-10 00:00:00+00:00
[2025-01-12 14:09:02,583] {processor.py:170} INFO - Processing /home/jorge/Desktop/MÁSTER/SEGUNDO CURSO/BDFI/practica_docker/env/lib/python3.8/site-packages/airflow/example_dags/example_branch_labels.py took 0.040 seconds
[2025-01-12 14:09:35,868] {processor.py:162} INFO - Started process (PID=284679) to work on /home/jorge/Desktop/MÁSTER/SEGUNDO CURSO/BDFI/practica_docker/env/lib/python3.8/site-packages/airflow/example_dags/example_branch_labels.py
[2025-01-12 14:09:35,869] {processor.py:613} INFO - Processing file /home/jorge/Desktop/MÁSTER/SEGUNDO CURSO/BDFI/practica_docker/env/lib/python3.8/site-packages/airflow/example_dags/example_branch_labels.py for tasks to queue
[2025-01-12 14:09:35,870] {logging_mixin.py:109} INFO - [2025-01-12 14:09:35,870] {dagbag.py:496} INFO - Filling up the DagBag from /home/jorge/Desktop/MÁSTER/SEGUNDO CURSO/BDFI/practica_docker/env/lib/python3.8/site-packages/airflow/example_dags/example_branch_labels.py
[2025-01-12 14:09:35,875] {processor.py:623} INFO - DAG(s) dict_keys(['example_branch_labels']) retrieved from /home/jorge/Desktop/MÁSTER/SEGUNDO CURSO/BDFI/practica_docker/env/lib/python3.8/site-packages/airflow/example_dags/example_branch_labels.py
[2025-01-12 14:09:35,885] {logging_mixin.py:109} INFO - [2025-01-12 14:09:35,884] {dag.py:1834} INFO - Sync 1 DAGs
[2025-01-12 14:09:35,891] {logging_mixin.py:109} INFO - [2025-01-12 14:09:35,891] {dag.py:2287} INFO - Setting next_dagrun for example_branch_labels to 2025-01-10 00:00:00+00:00
[2025-01-12 14:09:35,899] {processor.py:170} INFO - Processing /home/jorge/Desktop/MÁSTER/SEGUNDO CURSO/BDFI/practica_docker/env/lib/python3.8/site-packages/airflow/example_dags/example_branch_labels.py took 0.034 seconds
[2025-01-12 14:10:09,590] {processor.py:162} INFO - Started process (PID=284847) to work on /home/jorge/Desktop/MÁSTER/SEGUNDO CURSO/BDFI/practica_docker/env/lib/python3.8/site-packages/airflow/example_dags/example_branch_labels.py
[2025-01-12 14:10:09,590] {processor.py:613} INFO - Processing file /home/jorge/Desktop/MÁSTER/SEGUNDO CURSO/BDFI/practica_docker/env/lib/python3.8/site-packages/airflow/example_dags/example_branch_labels.py for tasks to queue
[2025-01-12 14:10:09,591] {logging_mixin.py:109} INFO - [2025-01-12 14:10:09,591] {dagbag.py:496} INFO - Filling up the DagBag from /home/jorge/Desktop/MÁSTER/SEGUNDO CURSO/BDFI/practica_docker/env/lib/python3.8/site-packages/airflow/example_dags/example_branch_labels.py
[2025-01-12 14:10:09,598] {processor.py:623} INFO - DAG(s) dict_keys(['example_branch_labels']) retrieved from /home/jorge/Desktop/MÁSTER/SEGUNDO CURSO/BDFI/practica_docker/env/lib/python3.8/site-packages/airflow/example_dags/example_branch_labels.py
[2025-01-12 14:10:09,607] {logging_mixin.py:109} INFO - [2025-01-12 14:10:09,607] {dag.py:1834} INFO - Sync 1 DAGs
[2025-01-12 14:10:09,613] {logging_mixin.py:109} INFO - [2025-01-12 14:10:09,613] {dag.py:2287} INFO - Setting next_dagrun for example_branch_labels to 2025-01-10 00:00:00+00:00
[2025-01-12 14:10:09,620] {processor.py:170} INFO - Processing /home/jorge/Desktop/MÁSTER/SEGUNDO CURSO/BDFI/practica_docker/env/lib/python3.8/site-packages/airflow/example_dags/example_branch_labels.py took 0.032 seconds
[2025-01-12 14:10:42,120] {processor.py:162} INFO - Started process (PID=284991) to work on /home/jorge/Desktop/MÁSTER/SEGUNDO CURSO/BDFI/practica_docker/env/lib/python3.8/site-packages/airflow/example_dags/example_branch_labels.py
[2025-01-12 14:10:42,121] {processor.py:613} INFO - Processing file /home/jorge/Desktop/MÁSTER/SEGUNDO CURSO/BDFI/practica_docker/env/lib/python3.8/site-packages/airflow/example_dags/example_branch_labels.py for tasks to queue
[2025-01-12 14:10:42,122] {logging_mixin.py:109} INFO - [2025-01-12 14:10:42,122] {dagbag.py:496} INFO - Filling up the DagBag from /home/jorge/Desktop/MÁSTER/SEGUNDO CURSO/BDFI/practica_docker/env/lib/python3.8/site-packages/airflow/example_dags/example_branch_labels.py
[2025-01-12 14:10:42,128] {processor.py:623} INFO - DAG(s) dict_keys(['example_branch_labels']) retrieved from /home/jorge/Desktop/MÁSTER/SEGUNDO CURSO/BDFI/practica_docker/env/lib/python3.8/site-packages/airflow/example_dags/example_branch_labels.py
[2025-01-12 14:10:42,137] {logging_mixin.py:109} INFO - [2025-01-12 14:10:42,137] {dag.py:1834} INFO - Sync 1 DAGs
[2025-01-12 14:10:42,144] {logging_mixin.py:109} INFO - [2025-01-12 14:10:42,144] {dag.py:2287} INFO - Setting next_dagrun for example_branch_labels to 2025-01-10 00:00:00+00:00
[2025-01-12 14:10:42,150] {processor.py:170} INFO - Processing /home/jorge/Desktop/MÁSTER/SEGUNDO CURSO/BDFI/practica_docker/env/lib/python3.8/site-packages/airflow/example_dags/example_branch_labels.py took 0.032 seconds
[2025-01-12 14:11:19,896] {processor.py:162} INFO - Started process (PID=285307) to work on /home/jorge/Desktop/MÁSTER/SEGUNDO CURSO/BDFI/practica_docker/env/lib/python3.8/site-packages/airflow/example_dags/example_branch_labels.py
[2025-01-12 14:11:19,898] {processor.py:613} INFO - Processing file /home/jorge/Desktop/MÁSTER/SEGUNDO CURSO/BDFI/practica_docker/env/lib/python3.8/site-packages/airflow/example_dags/example_branch_labels.py for tasks to queue
[2025-01-12 14:11:19,898] {logging_mixin.py:109} INFO - [2025-01-12 14:11:19,898] {dagbag.py:496} INFO - Filling up the DagBag from /home/jorge/Desktop/MÁSTER/SEGUNDO CURSO/BDFI/practica_docker/env/lib/python3.8/site-packages/airflow/example_dags/example_branch_labels.py
[2025-01-12 14:11:19,904] {processor.py:623} INFO - DAG(s) dict_keys(['example_branch_labels']) retrieved from /home/jorge/Desktop/MÁSTER/SEGUNDO CURSO/BDFI/practica_docker/env/lib/python3.8/site-packages/airflow/example_dags/example_branch_labels.py
[2025-01-12 14:11:19,918] {logging_mixin.py:109} INFO - [2025-01-12 14:11:19,918] {dag.py:1834} INFO - Sync 1 DAGs
[2025-01-12 14:11:19,929] {logging_mixin.py:109} INFO - [2025-01-12 14:11:19,928] {dag.py:2287} INFO - Setting next_dagrun for example_branch_labels to 2025-01-10 00:00:00+00:00
[2025-01-12 14:11:19,937] {processor.py:170} INFO - Processing /home/jorge/Desktop/MÁSTER/SEGUNDO CURSO/BDFI/practica_docker/env/lib/python3.8/site-packages/airflow/example_dags/example_branch_labels.py took 0.044 seconds
[2025-01-12 14:11:53,301] {processor.py:162} INFO - Started process (PID=285464) to work on /home/jorge/Desktop/MÁSTER/SEGUNDO CURSO/BDFI/practica_docker/env/lib/python3.8/site-packages/airflow/example_dags/example_branch_labels.py
[2025-01-12 14:11:53,302] {processor.py:613} INFO - Processing file /home/jorge/Desktop/MÁSTER/SEGUNDO CURSO/BDFI/practica_docker/env/lib/python3.8/site-packages/airflow/example_dags/example_branch_labels.py for tasks to queue
[2025-01-12 14:11:53,303] {logging_mixin.py:109} INFO - [2025-01-12 14:11:53,303] {dagbag.py:496} INFO - Filling up the DagBag from /home/jorge/Desktop/MÁSTER/SEGUNDO CURSO/BDFI/practica_docker/env/lib/python3.8/site-packages/airflow/example_dags/example_branch_labels.py
[2025-01-12 14:11:53,308] {processor.py:623} INFO - DAG(s) dict_keys(['example_branch_labels']) retrieved from /home/jorge/Desktop/MÁSTER/SEGUNDO CURSO/BDFI/practica_docker/env/lib/python3.8/site-packages/airflow/example_dags/example_branch_labels.py
[2025-01-12 14:11:53,317] {logging_mixin.py:109} INFO - [2025-01-12 14:11:53,317] {dag.py:1834} INFO - Sync 1 DAGs
[2025-01-12 14:11:53,326] {logging_mixin.py:109} INFO - [2025-01-12 14:11:53,326] {dag.py:2287} INFO - Setting next_dagrun for example_branch_labels to 2025-01-10 00:00:00+00:00
[2025-01-12 14:11:53,334] {processor.py:170} INFO - Processing /home/jorge/Desktop/MÁSTER/SEGUNDO CURSO/BDFI/practica_docker/env/lib/python3.8/site-packages/airflow/example_dags/example_branch_labels.py took 0.034 seconds
[2025-01-12 14:12:27,953] {processor.py:162} INFO - Started process (PID=285617) to work on /home/jorge/Desktop/MÁSTER/SEGUNDO CURSO/BDFI/practica_docker/env/lib/python3.8/site-packages/airflow/example_dags/example_branch_labels.py
[2025-01-12 14:12:27,960] {processor.py:613} INFO - Processing file /home/jorge/Desktop/MÁSTER/SEGUNDO CURSO/BDFI/practica_docker/env/lib/python3.8/site-packages/airflow/example_dags/example_branch_labels.py for tasks to queue
[2025-01-12 14:12:27,960] {logging_mixin.py:109} INFO - [2025-01-12 14:12:27,960] {dagbag.py:496} INFO - Filling up the DagBag from /home/jorge/Desktop/MÁSTER/SEGUNDO CURSO/BDFI/practica_docker/env/lib/python3.8/site-packages/airflow/example_dags/example_branch_labels.py
[2025-01-12 14:12:27,968] {processor.py:623} INFO - DAG(s) dict_keys(['example_branch_labels']) retrieved from /home/jorge/Desktop/MÁSTER/SEGUNDO CURSO/BDFI/practica_docker/env/lib/python3.8/site-packages/airflow/example_dags/example_branch_labels.py
[2025-01-12 14:12:27,978] {logging_mixin.py:109} INFO - [2025-01-12 14:12:27,978] {dag.py:1834} INFO - Sync 1 DAGs
[2025-01-12 14:12:27,983] {logging_mixin.py:109} INFO - [2025-01-12 14:12:27,983] {dag.py:2287} INFO - Setting next_dagrun for example_branch_labels to 2025-01-10 00:00:00+00:00
[2025-01-12 14:12:27,989] {processor.py:170} INFO - Processing /home/jorge/Desktop/MÁSTER/SEGUNDO CURSO/BDFI/practica_docker/env/lib/python3.8/site-packages/airflow/example_dags/example_branch_labels.py took 0.040 seconds
[2025-01-12 14:13:00,818] {processor.py:162} INFO - Started process (PID=285770) to work on /home/jorge/Desktop/MÁSTER/SEGUNDO CURSO/BDFI/practica_docker/env/lib/python3.8/site-packages/airflow/example_dags/example_branch_labels.py
[2025-01-12 14:13:00,823] {processor.py:613} INFO - Processing file /home/jorge/Desktop/MÁSTER/SEGUNDO CURSO/BDFI/practica_docker/env/lib/python3.8/site-packages/airflow/example_dags/example_branch_labels.py for tasks to queue
[2025-01-12 14:13:00,824] {logging_mixin.py:109} INFO - [2025-01-12 14:13:00,824] {dagbag.py:496} INFO - Filling up the DagBag from /home/jorge/Desktop/MÁSTER/SEGUNDO CURSO/BDFI/practica_docker/env/lib/python3.8/site-packages/airflow/example_dags/example_branch_labels.py
[2025-01-12 14:13:00,830] {processor.py:623} INFO - DAG(s) dict_keys(['example_branch_labels']) retrieved from /home/jorge/Desktop/MÁSTER/SEGUNDO CURSO/BDFI/practica_docker/env/lib/python3.8/site-packages/airflow/example_dags/example_branch_labels.py
[2025-01-12 14:13:00,837] {logging_mixin.py:109} INFO - [2025-01-12 14:13:00,837] {dag.py:1834} INFO - Sync 1 DAGs
[2025-01-12 14:13:00,844] {logging_mixin.py:109} INFO - [2025-01-12 14:13:00,844] {dag.py:2287} INFO - Setting next_dagrun for example_branch_labels to 2025-01-10 00:00:00+00:00
[2025-01-12 14:13:00,852] {processor.py:170} INFO - Processing /home/jorge/Desktop/MÁSTER/SEGUNDO CURSO/BDFI/practica_docker/env/lib/python3.8/site-packages/airflow/example_dags/example_branch_labels.py took 0.036 seconds
[2025-01-12 14:13:34,315] {processor.py:162} INFO - Started process (PID=285919) to work on /home/jorge/Desktop/MÁSTER/SEGUNDO CURSO/BDFI/practica_docker/env/lib/python3.8/site-packages/airflow/example_dags/example_branch_labels.py
[2025-01-12 14:13:34,317] {processor.py:613} INFO - Processing file /home/jorge/Desktop/MÁSTER/SEGUNDO CURSO/BDFI/practica_docker/env/lib/python3.8/site-packages/airflow/example_dags/example_branch_labels.py for tasks to queue
[2025-01-12 14:13:34,317] {logging_mixin.py:109} INFO - [2025-01-12 14:13:34,317] {dagbag.py:496} INFO - Filling up the DagBag from /home/jorge/Desktop/MÁSTER/SEGUNDO CURSO/BDFI/practica_docker/env/lib/python3.8/site-packages/airflow/example_dags/example_branch_labels.py
[2025-01-12 14:13:34,324] {processor.py:623} INFO - DAG(s) dict_keys(['example_branch_labels']) retrieved from /home/jorge/Desktop/MÁSTER/SEGUNDO CURSO/BDFI/practica_docker/env/lib/python3.8/site-packages/airflow/example_dags/example_branch_labels.py
[2025-01-12 14:13:34,332] {logging_mixin.py:109} INFO - [2025-01-12 14:13:34,332] {dag.py:1834} INFO - Sync 1 DAGs
[2025-01-12 14:13:34,341] {logging_mixin.py:109} INFO - [2025-01-12 14:13:34,341] {dag.py:2287} INFO - Setting next_dagrun for example_branch_labels to 2025-01-10 00:00:00+00:00
[2025-01-12 14:13:34,348] {processor.py:170} INFO - Processing /home/jorge/Desktop/MÁSTER/SEGUNDO CURSO/BDFI/practica_docker/env/lib/python3.8/site-packages/airflow/example_dags/example_branch_labels.py took 0.036 seconds
[2025-01-12 14:14:06,422] {processor.py:162} INFO - Started process (PID=286080) to work on /home/jorge/Desktop/MÁSTER/SEGUNDO CURSO/BDFI/practica_docker/env/lib/python3.8/site-packages/airflow/example_dags/example_branch_labels.py
[2025-01-12 14:14:06,430] {processor.py:613} INFO - Processing file /home/jorge/Desktop/MÁSTER/SEGUNDO CURSO/BDFI/practica_docker/env/lib/python3.8/site-packages/airflow/example_dags/example_branch_labels.py for tasks to queue
[2025-01-12 14:14:06,431] {logging_mixin.py:109} INFO - [2025-01-12 14:14:06,431] {dagbag.py:496} INFO - Filling up the DagBag from /home/jorge/Desktop/MÁSTER/SEGUNDO CURSO/BDFI/practica_docker/env/lib/python3.8/site-packages/airflow/example_dags/example_branch_labels.py
[2025-01-12 14:14:06,438] {processor.py:623} INFO - DAG(s) dict_keys(['example_branch_labels']) retrieved from /home/jorge/Desktop/MÁSTER/SEGUNDO CURSO/BDFI/practica_docker/env/lib/python3.8/site-packages/airflow/example_dags/example_branch_labels.py
[2025-01-12 14:14:06,451] {logging_mixin.py:109} INFO - [2025-01-12 14:14:06,451] {dag.py:1834} INFO - Sync 1 DAGs
[2025-01-12 14:14:06,462] {logging_mixin.py:109} INFO - [2025-01-12 14:14:06,462] {dag.py:2287} INFO - Setting next_dagrun for example_branch_labels to 2025-01-10 00:00:00+00:00
[2025-01-12 14:14:06,471] {processor.py:170} INFO - Processing /home/jorge/Desktop/MÁSTER/SEGUNDO CURSO/BDFI/practica_docker/env/lib/python3.8/site-packages/airflow/example_dags/example_branch_labels.py took 0.051 seconds
[2025-01-12 14:14:39,104] {processor.py:162} INFO - Started process (PID=286231) to work on /home/jorge/Desktop/MÁSTER/SEGUNDO CURSO/BDFI/practica_docker/env/lib/python3.8/site-packages/airflow/example_dags/example_branch_labels.py
[2025-01-12 14:14:39,105] {processor.py:613} INFO - Processing file /home/jorge/Desktop/MÁSTER/SEGUNDO CURSO/BDFI/practica_docker/env/lib/python3.8/site-packages/airflow/example_dags/example_branch_labels.py for tasks to queue
[2025-01-12 14:14:39,106] {logging_mixin.py:109} INFO - [2025-01-12 14:14:39,105] {dagbag.py:496} INFO - Filling up the DagBag from /home/jorge/Desktop/MÁSTER/SEGUNDO CURSO/BDFI/practica_docker/env/lib/python3.8/site-packages/airflow/example_dags/example_branch_labels.py
[2025-01-12 14:14:39,113] {processor.py:623} INFO - DAG(s) dict_keys(['example_branch_labels']) retrieved from /home/jorge/Desktop/MÁSTER/SEGUNDO CURSO/BDFI/practica_docker/env/lib/python3.8/site-packages/airflow/example_dags/example_branch_labels.py
[2025-01-12 14:14:39,123] {logging_mixin.py:109} INFO - [2025-01-12 14:14:39,122] {dag.py:1834} INFO - Sync 1 DAGs
[2025-01-12 14:14:39,130] {logging_mixin.py:109} INFO - [2025-01-12 14:14:39,130] {dag.py:2287} INFO - Setting next_dagrun for example_branch_labels to 2025-01-10 00:00:00+00:00
[2025-01-12 14:14:39,138] {processor.py:170} INFO - Processing /home/jorge/Desktop/MÁSTER/SEGUNDO CURSO/BDFI/practica_docker/env/lib/python3.8/site-packages/airflow/example_dags/example_branch_labels.py took 0.036 seconds
[2025-01-12 14:15:12,299] {processor.py:162} INFO - Started process (PID=286584) to work on /home/jorge/Desktop/MÁSTER/SEGUNDO CURSO/BDFI/practica_docker/env/lib/python3.8/site-packages/airflow/example_dags/example_branch_labels.py
[2025-01-12 14:15:12,300] {processor.py:613} INFO - Processing file /home/jorge/Desktop/MÁSTER/SEGUNDO CURSO/BDFI/practica_docker/env/lib/python3.8/site-packages/airflow/example_dags/example_branch_labels.py for tasks to queue
[2025-01-12 14:15:12,301] {logging_mixin.py:109} INFO - [2025-01-12 14:15:12,301] {dagbag.py:496} INFO - Filling up the DagBag from /home/jorge/Desktop/MÁSTER/SEGUNDO CURSO/BDFI/practica_docker/env/lib/python3.8/site-packages/airflow/example_dags/example_branch_labels.py
[2025-01-12 14:15:12,305] {processor.py:623} INFO - DAG(s) dict_keys(['example_branch_labels']) retrieved from /home/jorge/Desktop/MÁSTER/SEGUNDO CURSO/BDFI/practica_docker/env/lib/python3.8/site-packages/airflow/example_dags/example_branch_labels.py
[2025-01-12 14:15:12,313] {logging_mixin.py:109} INFO - [2025-01-12 14:15:12,313] {dag.py:1834} INFO - Sync 1 DAGs
[2025-01-12 14:15:12,319] {logging_mixin.py:109} INFO - [2025-01-12 14:15:12,319] {dag.py:2287} INFO - Setting next_dagrun for example_branch_labels to 2025-01-10 00:00:00+00:00
[2025-01-12 14:15:12,325] {processor.py:170} INFO - Processing /home/jorge/Desktop/MÁSTER/SEGUNDO CURSO/BDFI/practica_docker/env/lib/python3.8/site-packages/airflow/example_dags/example_branch_labels.py took 0.027 seconds
[2025-01-12 14:15:44,631] {processor.py:162} INFO - Started process (PID=286997) to work on /home/jorge/Desktop/MÁSTER/SEGUNDO CURSO/BDFI/practica_docker/env/lib/python3.8/site-packages/airflow/example_dags/example_branch_labels.py
[2025-01-12 14:15:44,638] {processor.py:613} INFO - Processing file /home/jorge/Desktop/MÁSTER/SEGUNDO CURSO/BDFI/practica_docker/env/lib/python3.8/site-packages/airflow/example_dags/example_branch_labels.py for tasks to queue
[2025-01-12 14:15:44,639] {logging_mixin.py:109} INFO - [2025-01-12 14:15:44,639] {dagbag.py:496} INFO - Filling up the DagBag from /home/jorge/Desktop/MÁSTER/SEGUNDO CURSO/BDFI/practica_docker/env/lib/python3.8/site-packages/airflow/example_dags/example_branch_labels.py
[2025-01-12 14:15:44,646] {processor.py:623} INFO - DAG(s) dict_keys(['example_branch_labels']) retrieved from /home/jorge/Desktop/MÁSTER/SEGUNDO CURSO/BDFI/practica_docker/env/lib/python3.8/site-packages/airflow/example_dags/example_branch_labels.py
[2025-01-12 14:15:44,659] {logging_mixin.py:109} INFO - [2025-01-12 14:15:44,659] {dag.py:1834} INFO - Sync 1 DAGs
[2025-01-12 14:15:44,670] {logging_mixin.py:109} INFO - [2025-01-12 14:15:44,669] {dag.py:2287} INFO - Setting next_dagrun for example_branch_labels to 2025-01-10 00:00:00+00:00
[2025-01-12 14:15:44,681] {processor.py:170} INFO - Processing /home/jorge/Desktop/MÁSTER/SEGUNDO CURSO/BDFI/practica_docker/env/lib/python3.8/site-packages/airflow/example_dags/example_branch_labels.py took 0.052 seconds
[2025-01-12 14:16:30,864] {processor.py:162} INFO - Started process (PID=290060) to work on /home/jorge/Desktop/MÁSTER/SEGUNDO CURSO/BDFI/practica_docker/env/lib/python3.8/site-packages/airflow/example_dags/example_branch_labels.py
[2025-01-12 14:16:30,865] {processor.py:613} INFO - Processing file /home/jorge/Desktop/MÁSTER/SEGUNDO CURSO/BDFI/practica_docker/env/lib/python3.8/site-packages/airflow/example_dags/example_branch_labels.py for tasks to queue
[2025-01-12 14:16:30,865] {logging_mixin.py:109} INFO - [2025-01-12 14:16:30,865] {dagbag.py:496} INFO - Filling up the DagBag from /home/jorge/Desktop/MÁSTER/SEGUNDO CURSO/BDFI/practica_docker/env/lib/python3.8/site-packages/airflow/example_dags/example_branch_labels.py
[2025-01-12 14:16:30,870] {processor.py:623} INFO - DAG(s) dict_keys(['example_branch_labels']) retrieved from /home/jorge/Desktop/MÁSTER/SEGUNDO CURSO/BDFI/practica_docker/env/lib/python3.8/site-packages/airflow/example_dags/example_branch_labels.py
[2025-01-12 14:16:30,879] {logging_mixin.py:109} INFO - [2025-01-12 14:16:30,879] {dag.py:1834} INFO - Sync 1 DAGs
[2025-01-12 14:16:30,887] {logging_mixin.py:109} INFO - [2025-01-12 14:16:30,887] {dag.py:2287} INFO - Setting next_dagrun for example_branch_labels to 2025-01-10 00:00:00+00:00
[2025-01-12 14:16:30,894] {processor.py:170} INFO - Processing /home/jorge/Desktop/MÁSTER/SEGUNDO CURSO/BDFI/practica_docker/env/lib/python3.8/site-packages/airflow/example_dags/example_branch_labels.py took 0.032 seconds
[2025-01-12 14:17:06,224] {processor.py:162} INFO - Started process (PID=290852) to work on /home/jorge/Desktop/MÁSTER/SEGUNDO CURSO/BDFI/practica_docker/env/lib/python3.8/site-packages/airflow/example_dags/example_branch_labels.py
[2025-01-12 14:17:06,226] {processor.py:613} INFO - Processing file /home/jorge/Desktop/MÁSTER/SEGUNDO CURSO/BDFI/practica_docker/env/lib/python3.8/site-packages/airflow/example_dags/example_branch_labels.py for tasks to queue
[2025-01-12 14:17:06,227] {logging_mixin.py:109} INFO - [2025-01-12 14:17:06,226] {dagbag.py:496} INFO - Filling up the DagBag from /home/jorge/Desktop/MÁSTER/SEGUNDO CURSO/BDFI/practica_docker/env/lib/python3.8/site-packages/airflow/example_dags/example_branch_labels.py
[2025-01-12 14:17:06,232] {processor.py:623} INFO - DAG(s) dict_keys(['example_branch_labels']) retrieved from /home/jorge/Desktop/MÁSTER/SEGUNDO CURSO/BDFI/practica_docker/env/lib/python3.8/site-packages/airflow/example_dags/example_branch_labels.py
[2025-01-12 14:17:06,243] {logging_mixin.py:109} INFO - [2025-01-12 14:17:06,243] {dag.py:1834} INFO - Sync 1 DAGs
[2025-01-12 14:17:06,253] {logging_mixin.py:109} INFO - [2025-01-12 14:17:06,253] {dag.py:2287} INFO - Setting next_dagrun for example_branch_labels to 2025-01-10 00:00:00+00:00
[2025-01-12 14:17:06,261] {processor.py:170} INFO - Processing /home/jorge/Desktop/MÁSTER/SEGUNDO CURSO/BDFI/practica_docker/env/lib/python3.8/site-packages/airflow/example_dags/example_branch_labels.py took 0.040 seconds
[2025-01-12 14:17:40,012] {processor.py:162} INFO - Started process (PID=291027) to work on /home/jorge/Desktop/MÁSTER/SEGUNDO CURSO/BDFI/practica_docker/env/lib/python3.8/site-packages/airflow/example_dags/example_branch_labels.py
[2025-01-12 14:17:40,014] {processor.py:613} INFO - Processing file /home/jorge/Desktop/MÁSTER/SEGUNDO CURSO/BDFI/practica_docker/env/lib/python3.8/site-packages/airflow/example_dags/example_branch_labels.py for tasks to queue
[2025-01-12 14:17:40,015] {logging_mixin.py:109} INFO - [2025-01-12 14:17:40,015] {dagbag.py:496} INFO - Filling up the DagBag from /home/jorge/Desktop/MÁSTER/SEGUNDO CURSO/BDFI/practica_docker/env/lib/python3.8/site-packages/airflow/example_dags/example_branch_labels.py
[2025-01-12 14:17:40,023] {processor.py:623} INFO - DAG(s) dict_keys(['example_branch_labels']) retrieved from /home/jorge/Desktop/MÁSTER/SEGUNDO CURSO/BDFI/practica_docker/env/lib/python3.8/site-packages/airflow/example_dags/example_branch_labels.py
[2025-01-12 14:17:40,033] {logging_mixin.py:109} INFO - [2025-01-12 14:17:40,033] {dag.py:1834} INFO - Sync 1 DAGs
[2025-01-12 14:17:40,041] {logging_mixin.py:109} INFO - [2025-01-12 14:17:40,040] {dag.py:2287} INFO - Setting next_dagrun for example_branch_labels to 2025-01-10 00:00:00+00:00
[2025-01-12 14:17:40,048] {processor.py:170} INFO - Processing /home/jorge/Desktop/MÁSTER/SEGUNDO CURSO/BDFI/practica_docker/env/lib/python3.8/site-packages/airflow/example_dags/example_branch_labels.py took 0.039 seconds
[2025-01-12 14:18:13,572] {processor.py:162} INFO - Started process (PID=291196) to work on /home/jorge/Desktop/MÁSTER/SEGUNDO CURSO/BDFI/practica_docker/env/lib/python3.8/site-packages/airflow/example_dags/example_branch_labels.py
[2025-01-12 14:18:13,573] {processor.py:613} INFO - Processing file /home/jorge/Desktop/MÁSTER/SEGUNDO CURSO/BDFI/practica_docker/env/lib/python3.8/site-packages/airflow/example_dags/example_branch_labels.py for tasks to queue
[2025-01-12 14:18:13,574] {logging_mixin.py:109} INFO - [2025-01-12 14:18:13,574] {dagbag.py:496} INFO - Filling up the DagBag from /home/jorge/Desktop/MÁSTER/SEGUNDO CURSO/BDFI/practica_docker/env/lib/python3.8/site-packages/airflow/example_dags/example_branch_labels.py
[2025-01-12 14:18:13,578] {processor.py:623} INFO - DAG(s) dict_keys(['example_branch_labels']) retrieved from /home/jorge/Desktop/MÁSTER/SEGUNDO CURSO/BDFI/practica_docker/env/lib/python3.8/site-packages/airflow/example_dags/example_branch_labels.py
[2025-01-12 14:18:13,591] {logging_mixin.py:109} INFO - [2025-01-12 14:18:13,591] {dag.py:1834} INFO - Sync 1 DAGs
[2025-01-12 14:18:13,600] {logging_mixin.py:109} INFO - [2025-01-12 14:18:13,600] {dag.py:2287} INFO - Setting next_dagrun for example_branch_labels to 2025-01-10 00:00:00+00:00
[2025-01-12 14:18:13,609] {processor.py:170} INFO - Processing /home/jorge/Desktop/MÁSTER/SEGUNDO CURSO/BDFI/practica_docker/env/lib/python3.8/site-packages/airflow/example_dags/example_branch_labels.py took 0.039 seconds
[2025-01-12 14:18:47,002] {processor.py:162} INFO - Started process (PID=291739) to work on /home/jorge/Desktop/MÁSTER/SEGUNDO CURSO/BDFI/practica_docker/env/lib/python3.8/site-packages/airflow/example_dags/example_branch_labels.py
[2025-01-12 14:18:47,003] {processor.py:613} INFO - Processing file /home/jorge/Desktop/MÁSTER/SEGUNDO CURSO/BDFI/practica_docker/env/lib/python3.8/site-packages/airflow/example_dags/example_branch_labels.py for tasks to queue
[2025-01-12 14:18:47,004] {logging_mixin.py:109} INFO - [2025-01-12 14:18:47,004] {dagbag.py:496} INFO - Filling up the DagBag from /home/jorge/Desktop/MÁSTER/SEGUNDO CURSO/BDFI/practica_docker/env/lib/python3.8/site-packages/airflow/example_dags/example_branch_labels.py
[2025-01-12 14:18:47,008] {processor.py:623} INFO - DAG(s) dict_keys(['example_branch_labels']) retrieved from /home/jorge/Desktop/MÁSTER/SEGUNDO CURSO/BDFI/practica_docker/env/lib/python3.8/site-packages/airflow/example_dags/example_branch_labels.py
[2025-01-12 14:18:47,017] {logging_mixin.py:109} INFO - [2025-01-12 14:18:47,017] {dag.py:1834} INFO - Sync 1 DAGs
[2025-01-12 14:18:47,025] {logging_mixin.py:109} INFO - [2025-01-12 14:18:47,025] {dag.py:2287} INFO - Setting next_dagrun for example_branch_labels to 2025-01-10 00:00:00+00:00
[2025-01-12 14:18:47,032] {processor.py:170} INFO - Processing /home/jorge/Desktop/MÁSTER/SEGUNDO CURSO/BDFI/practica_docker/env/lib/python3.8/site-packages/airflow/example_dags/example_branch_labels.py took 0.031 seconds
[2025-01-12 14:19:20,189] {processor.py:162} INFO - Started process (PID=292277) to work on /home/jorge/Desktop/MÁSTER/SEGUNDO CURSO/BDFI/practica_docker/env/lib/python3.8/site-packages/airflow/example_dags/example_branch_labels.py
[2025-01-12 14:19:20,191] {processor.py:613} INFO - Processing file /home/jorge/Desktop/MÁSTER/SEGUNDO CURSO/BDFI/practica_docker/env/lib/python3.8/site-packages/airflow/example_dags/example_branch_labels.py for tasks to queue
[2025-01-12 14:19:20,191] {logging_mixin.py:109} INFO - [2025-01-12 14:19:20,191] {dagbag.py:496} INFO - Filling up the DagBag from /home/jorge/Desktop/MÁSTER/SEGUNDO CURSO/BDFI/practica_docker/env/lib/python3.8/site-packages/airflow/example_dags/example_branch_labels.py
[2025-01-12 14:19:20,199] {processor.py:623} INFO - DAG(s) dict_keys(['example_branch_labels']) retrieved from /home/jorge/Desktop/MÁSTER/SEGUNDO CURSO/BDFI/practica_docker/env/lib/python3.8/site-packages/airflow/example_dags/example_branch_labels.py
[2025-01-12 14:19:20,212] {logging_mixin.py:109} INFO - [2025-01-12 14:19:20,212] {dag.py:1834} INFO - Sync 1 DAGs
[2025-01-12 14:19:20,223] {logging_mixin.py:109} INFO - [2025-01-12 14:19:20,223] {dag.py:2287} INFO - Setting next_dagrun for example_branch_labels to 2025-01-10 00:00:00+00:00
[2025-01-12 14:19:20,233] {processor.py:170} INFO - Processing /home/jorge/Desktop/MÁSTER/SEGUNDO CURSO/BDFI/practica_docker/env/lib/python3.8/site-packages/airflow/example_dags/example_branch_labels.py took 0.048 seconds
[2025-01-12 14:19:55,745] {processor.py:162} INFO - Started process (PID=293063) to work on /home/jorge/Desktop/MÁSTER/SEGUNDO CURSO/BDFI/practica_docker/env/lib/python3.8/site-packages/airflow/example_dags/example_branch_labels.py
[2025-01-12 14:19:55,751] {processor.py:613} INFO - Processing file /home/jorge/Desktop/MÁSTER/SEGUNDO CURSO/BDFI/practica_docker/env/lib/python3.8/site-packages/airflow/example_dags/example_branch_labels.py for tasks to queue
[2025-01-12 14:19:55,752] {logging_mixin.py:109} INFO - [2025-01-12 14:19:55,752] {dagbag.py:496} INFO - Filling up the DagBag from /home/jorge/Desktop/MÁSTER/SEGUNDO CURSO/BDFI/practica_docker/env/lib/python3.8/site-packages/airflow/example_dags/example_branch_labels.py
[2025-01-12 14:19:55,762] {processor.py:623} INFO - DAG(s) dict_keys(['example_branch_labels']) retrieved from /home/jorge/Desktop/MÁSTER/SEGUNDO CURSO/BDFI/practica_docker/env/lib/python3.8/site-packages/airflow/example_dags/example_branch_labels.py
[2025-01-12 14:19:55,773] {logging_mixin.py:109} INFO - [2025-01-12 14:19:55,773] {dag.py:1834} INFO - Sync 1 DAGs
[2025-01-12 14:19:55,785] {logging_mixin.py:109} INFO - [2025-01-12 14:19:55,785] {dag.py:2287} INFO - Setting next_dagrun for example_branch_labels to 2025-01-10 00:00:00+00:00
[2025-01-12 14:19:55,794] {processor.py:170} INFO - Processing /home/jorge/Desktop/MÁSTER/SEGUNDO CURSO/BDFI/practica_docker/env/lib/python3.8/site-packages/airflow/example_dags/example_branch_labels.py took 0.053 seconds
[2025-01-12 14:20:30,614] {processor.py:162} INFO - Started process (PID=293231) to work on /home/jorge/Desktop/MÁSTER/SEGUNDO CURSO/BDFI/practica_docker/env/lib/python3.8/site-packages/airflow/example_dags/example_branch_labels.py
[2025-01-12 14:20:30,616] {processor.py:613} INFO - Processing file /home/jorge/Desktop/MÁSTER/SEGUNDO CURSO/BDFI/practica_docker/env/lib/python3.8/site-packages/airflow/example_dags/example_branch_labels.py for tasks to queue
[2025-01-12 14:20:30,617] {logging_mixin.py:109} INFO - [2025-01-12 14:20:30,617] {dagbag.py:496} INFO - Filling up the DagBag from /home/jorge/Desktop/MÁSTER/SEGUNDO CURSO/BDFI/practica_docker/env/lib/python3.8/site-packages/airflow/example_dags/example_branch_labels.py
[2025-01-12 14:20:30,624] {processor.py:623} INFO - DAG(s) dict_keys(['example_branch_labels']) retrieved from /home/jorge/Desktop/MÁSTER/SEGUNDO CURSO/BDFI/practica_docker/env/lib/python3.8/site-packages/airflow/example_dags/example_branch_labels.py
[2025-01-12 14:20:30,641] {logging_mixin.py:109} INFO - [2025-01-12 14:20:30,641] {dag.py:1834} INFO - Sync 1 DAGs
[2025-01-12 14:20:30,656] {logging_mixin.py:109} INFO - [2025-01-12 14:20:30,655] {dag.py:2287} INFO - Setting next_dagrun for example_branch_labels to 2025-01-10 00:00:00+00:00
[2025-01-12 14:20:30,667] {processor.py:170} INFO - Processing /home/jorge/Desktop/MÁSTER/SEGUNDO CURSO/BDFI/practica_docker/env/lib/python3.8/site-packages/airflow/example_dags/example_branch_labels.py took 0.056 seconds
