[2025-01-12 13:51:00,984] {processor.py:162} INFO - Started process (PID=281009) to work on /home/jorge/Desktop/MÁSTER/SEGUNDO CURSO/BDFI/practica_docker/env/lib/python3.8/site-packages/airflow/example_dags/example_xcomargs.py
[2025-01-12 13:51:00,985] {processor.py:613} INFO - Processing file /home/jorge/Desktop/MÁSTER/SEGUNDO CURSO/BDFI/practica_docker/env/lib/python3.8/site-packages/airflow/example_dags/example_xcomargs.py for tasks to queue
[2025-01-12 13:51:00,986] {logging_mixin.py:109} INFO - [2025-01-12 13:51:00,986] {dagbag.py:496} INFO - Filling up the DagBag from /home/jorge/Desktop/MÁSTER/SEGUNDO CURSO/BDFI/practica_docker/env/lib/python3.8/site-packages/airflow/example_dags/example_xcomargs.py
[2025-01-12 13:51:01,002] {processor.py:623} INFO - DAG(s) dict_keys(['example_xcom_args', 'example_xcom_args_with_operators']) retrieved from /home/jorge/Desktop/MÁSTER/SEGUNDO CURSO/BDFI/practica_docker/env/lib/python3.8/site-packages/airflow/example_dags/example_xcomargs.py
[2025-01-12 13:51:01,236] {logging_mixin.py:109} INFO - [2025-01-12 13:51:01,236] {dag.py:1834} INFO - Sync 2 DAGs
[2025-01-12 13:51:01,243] {logging_mixin.py:109} INFO - [2025-01-12 13:51:01,242] {dag.py:2287} INFO - Setting next_dagrun for example_xcom_args to None
[2025-01-12 13:51:01,243] {logging_mixin.py:109} INFO - [2025-01-12 13:51:01,243] {dag.py:2287} INFO - Setting next_dagrun for example_xcom_args_with_operators to None
[2025-01-12 13:51:01,253] {processor.py:170} INFO - Processing /home/jorge/Desktop/MÁSTER/SEGUNDO CURSO/BDFI/practica_docker/env/lib/python3.8/site-packages/airflow/example_dags/example_xcomargs.py took 0.271 seconds
[2025-01-12 13:51:34,898] {processor.py:162} INFO - Started process (PID=281167) to work on /home/jorge/Desktop/MÁSTER/SEGUNDO CURSO/BDFI/practica_docker/env/lib/python3.8/site-packages/airflow/example_dags/example_xcomargs.py
[2025-01-12 13:51:34,900] {processor.py:613} INFO - Processing file /home/jorge/Desktop/MÁSTER/SEGUNDO CURSO/BDFI/practica_docker/env/lib/python3.8/site-packages/airflow/example_dags/example_xcomargs.py for tasks to queue
[2025-01-12 13:51:34,901] {logging_mixin.py:109} INFO - [2025-01-12 13:51:34,900] {dagbag.py:496} INFO - Filling up the DagBag from /home/jorge/Desktop/MÁSTER/SEGUNDO CURSO/BDFI/practica_docker/env/lib/python3.8/site-packages/airflow/example_dags/example_xcomargs.py
[2025-01-12 13:51:34,916] {processor.py:623} INFO - DAG(s) dict_keys(['example_xcom_args', 'example_xcom_args_with_operators']) retrieved from /home/jorge/Desktop/MÁSTER/SEGUNDO CURSO/BDFI/practica_docker/env/lib/python3.8/site-packages/airflow/example_dags/example_xcomargs.py
[2025-01-12 13:51:35,301] {logging_mixin.py:109} INFO - [2025-01-12 13:51:35,301] {dag.py:1834} INFO - Sync 2 DAGs
[2025-01-12 13:51:35,310] {logging_mixin.py:109} INFO - [2025-01-12 13:51:35,310] {dag.py:2287} INFO - Setting next_dagrun for example_xcom_args to None
[2025-01-12 13:51:35,311] {logging_mixin.py:109} INFO - [2025-01-12 13:51:35,311] {dag.py:2287} INFO - Setting next_dagrun for example_xcom_args_with_operators to None
[2025-01-12 13:51:35,325] {processor.py:170} INFO - Processing /home/jorge/Desktop/MÁSTER/SEGUNDO CURSO/BDFI/practica_docker/env/lib/python3.8/site-packages/airflow/example_dags/example_xcomargs.py took 0.429 seconds
[2025-01-12 13:52:08,393] {processor.py:162} INFO - Started process (PID=281339) to work on /home/jorge/Desktop/MÁSTER/SEGUNDO CURSO/BDFI/practica_docker/env/lib/python3.8/site-packages/airflow/example_dags/example_xcomargs.py
[2025-01-12 13:52:08,395] {processor.py:613} INFO - Processing file /home/jorge/Desktop/MÁSTER/SEGUNDO CURSO/BDFI/practica_docker/env/lib/python3.8/site-packages/airflow/example_dags/example_xcomargs.py for tasks to queue
[2025-01-12 13:52:08,396] {logging_mixin.py:109} INFO - [2025-01-12 13:52:08,396] {dagbag.py:496} INFO - Filling up the DagBag from /home/jorge/Desktop/MÁSTER/SEGUNDO CURSO/BDFI/practica_docker/env/lib/python3.8/site-packages/airflow/example_dags/example_xcomargs.py
[2025-01-12 13:52:08,416] {processor.py:623} INFO - DAG(s) dict_keys(['example_xcom_args', 'example_xcom_args_with_operators']) retrieved from /home/jorge/Desktop/MÁSTER/SEGUNDO CURSO/BDFI/practica_docker/env/lib/python3.8/site-packages/airflow/example_dags/example_xcomargs.py
[2025-01-12 13:52:08,715] {logging_mixin.py:109} INFO - [2025-01-12 13:52:08,715] {dag.py:1834} INFO - Sync 2 DAGs
[2025-01-12 13:52:08,721] {logging_mixin.py:109} INFO - [2025-01-12 13:52:08,721] {dag.py:2287} INFO - Setting next_dagrun for example_xcom_args to None
[2025-01-12 13:52:08,722] {logging_mixin.py:109} INFO - [2025-01-12 13:52:08,722] {dag.py:2287} INFO - Setting next_dagrun for example_xcom_args_with_operators to None
[2025-01-12 13:52:08,734] {processor.py:170} INFO - Processing /home/jorge/Desktop/MÁSTER/SEGUNDO CURSO/BDFI/practica_docker/env/lib/python3.8/site-packages/airflow/example_dags/example_xcomargs.py took 0.344 seconds
[2025-01-12 13:52:41,936] {processor.py:162} INFO - Started process (PID=281524) to work on /home/jorge/Desktop/MÁSTER/SEGUNDO CURSO/BDFI/practica_docker/env/lib/python3.8/site-packages/airflow/example_dags/example_xcomargs.py
[2025-01-12 13:52:41,937] {processor.py:613} INFO - Processing file /home/jorge/Desktop/MÁSTER/SEGUNDO CURSO/BDFI/practica_docker/env/lib/python3.8/site-packages/airflow/example_dags/example_xcomargs.py for tasks to queue
[2025-01-12 13:52:41,937] {logging_mixin.py:109} INFO - [2025-01-12 13:52:41,937] {dagbag.py:496} INFO - Filling up the DagBag from /home/jorge/Desktop/MÁSTER/SEGUNDO CURSO/BDFI/practica_docker/env/lib/python3.8/site-packages/airflow/example_dags/example_xcomargs.py
[2025-01-12 13:52:41,972] {processor.py:623} INFO - DAG(s) dict_keys(['example_xcom_args', 'example_xcom_args_with_operators']) retrieved from /home/jorge/Desktop/MÁSTER/SEGUNDO CURSO/BDFI/practica_docker/env/lib/python3.8/site-packages/airflow/example_dags/example_xcomargs.py
[2025-01-12 13:52:42,436] {logging_mixin.py:109} INFO - [2025-01-12 13:52:42,434] {dag.py:1834} INFO - Sync 2 DAGs
[2025-01-12 13:52:42,444] {logging_mixin.py:109} INFO - [2025-01-12 13:52:42,444] {dag.py:2287} INFO - Setting next_dagrun for example_xcom_args to None
[2025-01-12 13:52:42,444] {logging_mixin.py:109} INFO - [2025-01-12 13:52:42,444] {dag.py:2287} INFO - Setting next_dagrun for example_xcom_args_with_operators to None
[2025-01-12 13:52:42,481] {processor.py:170} INFO - Processing /home/jorge/Desktop/MÁSTER/SEGUNDO CURSO/BDFI/practica_docker/env/lib/python3.8/site-packages/airflow/example_dags/example_xcomargs.py took 0.548 seconds
[2025-01-12 13:53:24,057] {processor.py:162} INFO - Started process (PID=281778) to work on /home/jorge/Desktop/MÁSTER/SEGUNDO CURSO/BDFI/practica_docker/env/lib/python3.8/site-packages/airflow/example_dags/example_xcomargs.py
[2025-01-12 13:53:24,057] {processor.py:613} INFO - Processing file /home/jorge/Desktop/MÁSTER/SEGUNDO CURSO/BDFI/practica_docker/env/lib/python3.8/site-packages/airflow/example_dags/example_xcomargs.py for tasks to queue
[2025-01-12 13:53:24,058] {logging_mixin.py:109} INFO - [2025-01-12 13:53:24,058] {dagbag.py:496} INFO - Filling up the DagBag from /home/jorge/Desktop/MÁSTER/SEGUNDO CURSO/BDFI/practica_docker/env/lib/python3.8/site-packages/airflow/example_dags/example_xcomargs.py
[2025-01-12 13:53:24,073] {processor.py:623} INFO - DAG(s) dict_keys(['example_xcom_args', 'example_xcom_args_with_operators']) retrieved from /home/jorge/Desktop/MÁSTER/SEGUNDO CURSO/BDFI/practica_docker/env/lib/python3.8/site-packages/airflow/example_dags/example_xcomargs.py
[2025-01-12 13:53:24,310] {logging_mixin.py:109} INFO - [2025-01-12 13:53:24,310] {dag.py:1834} INFO - Sync 2 DAGs
[2025-01-12 13:53:24,316] {logging_mixin.py:109} INFO - [2025-01-12 13:53:24,316] {dag.py:2287} INFO - Setting next_dagrun for example_xcom_args to None
[2025-01-12 13:53:24,317] {logging_mixin.py:109} INFO - [2025-01-12 13:53:24,317] {dag.py:2287} INFO - Setting next_dagrun for example_xcom_args_with_operators to None
[2025-01-12 13:53:24,327] {processor.py:170} INFO - Processing /home/jorge/Desktop/MÁSTER/SEGUNDO CURSO/BDFI/practica_docker/env/lib/python3.8/site-packages/airflow/example_dags/example_xcomargs.py took 0.272 seconds
[2025-01-12 13:53:58,322] {processor.py:162} INFO - Started process (PID=281954) to work on /home/jorge/Desktop/MÁSTER/SEGUNDO CURSO/BDFI/practica_docker/env/lib/python3.8/site-packages/airflow/example_dags/example_xcomargs.py
[2025-01-12 13:53:58,324] {processor.py:613} INFO - Processing file /home/jorge/Desktop/MÁSTER/SEGUNDO CURSO/BDFI/practica_docker/env/lib/python3.8/site-packages/airflow/example_dags/example_xcomargs.py for tasks to queue
[2025-01-12 13:53:58,325] {logging_mixin.py:109} INFO - [2025-01-12 13:53:58,325] {dagbag.py:496} INFO - Filling up the DagBag from /home/jorge/Desktop/MÁSTER/SEGUNDO CURSO/BDFI/practica_docker/env/lib/python3.8/site-packages/airflow/example_dags/example_xcomargs.py
[2025-01-12 13:53:58,356] {processor.py:623} INFO - DAG(s) dict_keys(['example_xcom_args', 'example_xcom_args_with_operators']) retrieved from /home/jorge/Desktop/MÁSTER/SEGUNDO CURSO/BDFI/practica_docker/env/lib/python3.8/site-packages/airflow/example_dags/example_xcomargs.py
[2025-01-12 13:53:58,671] {logging_mixin.py:109} INFO - [2025-01-12 13:53:58,671] {dag.py:1834} INFO - Sync 2 DAGs
[2025-01-12 13:53:58,678] {logging_mixin.py:109} INFO - [2025-01-12 13:53:58,677] {dag.py:2287} INFO - Setting next_dagrun for example_xcom_args to None
[2025-01-12 13:53:58,678] {logging_mixin.py:109} INFO - [2025-01-12 13:53:58,678] {dag.py:2287} INFO - Setting next_dagrun for example_xcom_args_with_operators to None
[2025-01-12 13:53:58,689] {processor.py:170} INFO - Processing /home/jorge/Desktop/MÁSTER/SEGUNDO CURSO/BDFI/practica_docker/env/lib/python3.8/site-packages/airflow/example_dags/example_xcomargs.py took 0.370 seconds
[2025-01-12 13:54:33,169] {processor.py:162} INFO - Started process (PID=282115) to work on /home/jorge/Desktop/MÁSTER/SEGUNDO CURSO/BDFI/practica_docker/env/lib/python3.8/site-packages/airflow/example_dags/example_xcomargs.py
[2025-01-12 13:54:33,170] {processor.py:613} INFO - Processing file /home/jorge/Desktop/MÁSTER/SEGUNDO CURSO/BDFI/practica_docker/env/lib/python3.8/site-packages/airflow/example_dags/example_xcomargs.py for tasks to queue
[2025-01-12 13:54:33,171] {logging_mixin.py:109} INFO - [2025-01-12 13:54:33,171] {dagbag.py:496} INFO - Filling up the DagBag from /home/jorge/Desktop/MÁSTER/SEGUNDO CURSO/BDFI/practica_docker/env/lib/python3.8/site-packages/airflow/example_dags/example_xcomargs.py
[2025-01-12 13:54:33,188] {processor.py:623} INFO - DAG(s) dict_keys(['example_xcom_args', 'example_xcom_args_with_operators']) retrieved from /home/jorge/Desktop/MÁSTER/SEGUNDO CURSO/BDFI/practica_docker/env/lib/python3.8/site-packages/airflow/example_dags/example_xcomargs.py
[2025-01-12 13:54:33,368] {logging_mixin.py:109} INFO - [2025-01-12 13:54:33,368] {dag.py:1834} INFO - Sync 2 DAGs
[2025-01-12 13:54:33,373] {logging_mixin.py:109} INFO - [2025-01-12 13:54:33,373] {dag.py:2287} INFO - Setting next_dagrun for example_xcom_args to None
[2025-01-12 13:54:33,374] {logging_mixin.py:109} INFO - [2025-01-12 13:54:33,374] {dag.py:2287} INFO - Setting next_dagrun for example_xcom_args_with_operators to None
[2025-01-12 13:54:33,383] {processor.py:170} INFO - Processing /home/jorge/Desktop/MÁSTER/SEGUNDO CURSO/BDFI/practica_docker/env/lib/python3.8/site-packages/airflow/example_dags/example_xcomargs.py took 0.218 seconds
[2025-01-12 13:55:05,039] {processor.py:162} INFO - Started process (PID=282270) to work on /home/jorge/Desktop/MÁSTER/SEGUNDO CURSO/BDFI/practica_docker/env/lib/python3.8/site-packages/airflow/example_dags/example_xcomargs.py
[2025-01-12 13:55:05,040] {processor.py:613} INFO - Processing file /home/jorge/Desktop/MÁSTER/SEGUNDO CURSO/BDFI/practica_docker/env/lib/python3.8/site-packages/airflow/example_dags/example_xcomargs.py for tasks to queue
[2025-01-12 13:55:05,041] {logging_mixin.py:109} INFO - [2025-01-12 13:55:05,041] {dagbag.py:496} INFO - Filling up the DagBag from /home/jorge/Desktop/MÁSTER/SEGUNDO CURSO/BDFI/practica_docker/env/lib/python3.8/site-packages/airflow/example_dags/example_xcomargs.py
[2025-01-12 13:55:05,057] {processor.py:623} INFO - DAG(s) dict_keys(['example_xcom_args', 'example_xcom_args_with_operators']) retrieved from /home/jorge/Desktop/MÁSTER/SEGUNDO CURSO/BDFI/practica_docker/env/lib/python3.8/site-packages/airflow/example_dags/example_xcomargs.py
[2025-01-12 13:55:05,265] {logging_mixin.py:109} INFO - [2025-01-12 13:55:05,265] {dag.py:1834} INFO - Sync 2 DAGs
[2025-01-12 13:55:05,270] {logging_mixin.py:109} INFO - [2025-01-12 13:55:05,270] {dag.py:2287} INFO - Setting next_dagrun for example_xcom_args to None
[2025-01-12 13:55:05,271] {logging_mixin.py:109} INFO - [2025-01-12 13:55:05,270] {dag.py:2287} INFO - Setting next_dagrun for example_xcom_args_with_operators to None
[2025-01-12 13:55:05,284] {processor.py:170} INFO - Processing /home/jorge/Desktop/MÁSTER/SEGUNDO CURSO/BDFI/practica_docker/env/lib/python3.8/site-packages/airflow/example_dags/example_xcomargs.py took 0.247 seconds
[2025-01-12 13:55:39,353] {processor.py:162} INFO - Started process (PID=282432) to work on /home/jorge/Desktop/MÁSTER/SEGUNDO CURSO/BDFI/practica_docker/env/lib/python3.8/site-packages/airflow/example_dags/example_xcomargs.py
[2025-01-12 13:55:39,354] {processor.py:613} INFO - Processing file /home/jorge/Desktop/MÁSTER/SEGUNDO CURSO/BDFI/practica_docker/env/lib/python3.8/site-packages/airflow/example_dags/example_xcomargs.py for tasks to queue
[2025-01-12 13:55:39,355] {logging_mixin.py:109} INFO - [2025-01-12 13:55:39,355] {dagbag.py:496} INFO - Filling up the DagBag from /home/jorge/Desktop/MÁSTER/SEGUNDO CURSO/BDFI/practica_docker/env/lib/python3.8/site-packages/airflow/example_dags/example_xcomargs.py
[2025-01-12 13:55:39,374] {processor.py:623} INFO - DAG(s) dict_keys(['example_xcom_args', 'example_xcom_args_with_operators']) retrieved from /home/jorge/Desktop/MÁSTER/SEGUNDO CURSO/BDFI/practica_docker/env/lib/python3.8/site-packages/airflow/example_dags/example_xcomargs.py
[2025-01-12 13:55:39,820] {logging_mixin.py:109} INFO - [2025-01-12 13:55:39,820] {dag.py:1834} INFO - Sync 2 DAGs
[2025-01-12 13:55:39,831] {logging_mixin.py:109} INFO - [2025-01-12 13:55:39,830] {dag.py:2287} INFO - Setting next_dagrun for example_xcom_args to None
[2025-01-12 13:55:39,832] {logging_mixin.py:109} INFO - [2025-01-12 13:55:39,832] {dag.py:2287} INFO - Setting next_dagrun for example_xcom_args_with_operators to None
[2025-01-12 13:55:39,870] {processor.py:170} INFO - Processing /home/jorge/Desktop/MÁSTER/SEGUNDO CURSO/BDFI/practica_docker/env/lib/python3.8/site-packages/airflow/example_dags/example_xcomargs.py took 0.520 seconds
[2025-01-12 13:56:14,674] {processor.py:162} INFO - Started process (PID=282781) to work on /home/jorge/Desktop/MÁSTER/SEGUNDO CURSO/BDFI/practica_docker/env/lib/python3.8/site-packages/airflow/example_dags/example_xcomargs.py
[2025-01-12 13:56:14,675] {processor.py:613} INFO - Processing file /home/jorge/Desktop/MÁSTER/SEGUNDO CURSO/BDFI/practica_docker/env/lib/python3.8/site-packages/airflow/example_dags/example_xcomargs.py for tasks to queue
[2025-01-12 13:56:14,676] {logging_mixin.py:109} INFO - [2025-01-12 13:56:14,676] {dagbag.py:496} INFO - Filling up the DagBag from /home/jorge/Desktop/MÁSTER/SEGUNDO CURSO/BDFI/practica_docker/env/lib/python3.8/site-packages/airflow/example_dags/example_xcomargs.py
[2025-01-12 13:56:14,722] {processor.py:623} INFO - DAG(s) dict_keys(['example_xcom_args', 'example_xcom_args_with_operators']) retrieved from /home/jorge/Desktop/MÁSTER/SEGUNDO CURSO/BDFI/practica_docker/env/lib/python3.8/site-packages/airflow/example_dags/example_xcomargs.py
[2025-01-12 13:56:15,146] {logging_mixin.py:109} INFO - [2025-01-12 13:56:15,146] {dag.py:1834} INFO - Sync 2 DAGs
[2025-01-12 13:56:15,156] {logging_mixin.py:109} INFO - [2025-01-12 13:56:15,156] {dag.py:2287} INFO - Setting next_dagrun for example_xcom_args to None
[2025-01-12 13:56:15,156] {logging_mixin.py:109} INFO - [2025-01-12 13:56:15,156] {dag.py:2287} INFO - Setting next_dagrun for example_xcom_args_with_operators to None
[2025-01-12 13:56:15,175] {processor.py:170} INFO - Processing /home/jorge/Desktop/MÁSTER/SEGUNDO CURSO/BDFI/practica_docker/env/lib/python3.8/site-packages/airflow/example_dags/example_xcomargs.py took 0.503 seconds
[2025-01-12 13:56:51,429] {processor.py:162} INFO - Started process (PID=283047) to work on /home/jorge/Desktop/MÁSTER/SEGUNDO CURSO/BDFI/practica_docker/env/lib/python3.8/site-packages/airflow/example_dags/example_xcomargs.py
[2025-01-12 13:56:51,431] {processor.py:613} INFO - Processing file /home/jorge/Desktop/MÁSTER/SEGUNDO CURSO/BDFI/practica_docker/env/lib/python3.8/site-packages/airflow/example_dags/example_xcomargs.py for tasks to queue
[2025-01-12 13:56:51,432] {logging_mixin.py:109} INFO - [2025-01-12 13:56:51,431] {dagbag.py:496} INFO - Filling up the DagBag from /home/jorge/Desktop/MÁSTER/SEGUNDO CURSO/BDFI/practica_docker/env/lib/python3.8/site-packages/airflow/example_dags/example_xcomargs.py
[2025-01-12 13:56:51,456] {processor.py:623} INFO - DAG(s) dict_keys(['example_xcom_args', 'example_xcom_args_with_operators']) retrieved from /home/jorge/Desktop/MÁSTER/SEGUNDO CURSO/BDFI/practica_docker/env/lib/python3.8/site-packages/airflow/example_dags/example_xcomargs.py
[2025-01-12 13:56:51,920] {logging_mixin.py:109} INFO - [2025-01-12 13:56:51,920] {dag.py:1834} INFO - Sync 2 DAGs
[2025-01-12 13:56:51,933] {logging_mixin.py:109} INFO - [2025-01-12 13:56:51,933] {dag.py:2287} INFO - Setting next_dagrun for example_xcom_args to None
[2025-01-12 13:56:51,934] {logging_mixin.py:109} INFO - [2025-01-12 13:56:51,934] {dag.py:2287} INFO - Setting next_dagrun for example_xcom_args_with_operators to None
[2025-01-12 13:56:51,952] {processor.py:170} INFO - Processing /home/jorge/Desktop/MÁSTER/SEGUNDO CURSO/BDFI/practica_docker/env/lib/python3.8/site-packages/airflow/example_dags/example_xcomargs.py took 0.525 seconds
[2025-01-12 13:57:27,252] {processor.py:162} INFO - Started process (PID=283206) to work on /home/jorge/Desktop/MÁSTER/SEGUNDO CURSO/BDFI/practica_docker/env/lib/python3.8/site-packages/airflow/example_dags/example_xcomargs.py
[2025-01-12 13:57:27,253] {processor.py:613} INFO - Processing file /home/jorge/Desktop/MÁSTER/SEGUNDO CURSO/BDFI/practica_docker/env/lib/python3.8/site-packages/airflow/example_dags/example_xcomargs.py for tasks to queue
[2025-01-12 13:57:27,254] {logging_mixin.py:109} INFO - [2025-01-12 13:57:27,254] {dagbag.py:496} INFO - Filling up the DagBag from /home/jorge/Desktop/MÁSTER/SEGUNDO CURSO/BDFI/practica_docker/env/lib/python3.8/site-packages/airflow/example_dags/example_xcomargs.py
[2025-01-12 13:57:27,284] {processor.py:623} INFO - DAG(s) dict_keys(['example_xcom_args', 'example_xcom_args_with_operators']) retrieved from /home/jorge/Desktop/MÁSTER/SEGUNDO CURSO/BDFI/practica_docker/env/lib/python3.8/site-packages/airflow/example_dags/example_xcomargs.py
[2025-01-12 13:57:27,762] {logging_mixin.py:109} INFO - [2025-01-12 13:57:27,762] {dag.py:1834} INFO - Sync 2 DAGs
[2025-01-12 13:57:27,771] {logging_mixin.py:109} INFO - [2025-01-12 13:57:27,771] {dag.py:2287} INFO - Setting next_dagrun for example_xcom_args to None
[2025-01-12 13:57:27,771] {logging_mixin.py:109} INFO - [2025-01-12 13:57:27,771] {dag.py:2287} INFO - Setting next_dagrun for example_xcom_args_with_operators to None
[2025-01-12 13:57:27,798] {processor.py:170} INFO - Processing /home/jorge/Desktop/MÁSTER/SEGUNDO CURSO/BDFI/practica_docker/env/lib/python3.8/site-packages/airflow/example_dags/example_xcomargs.py took 0.548 seconds
[2025-01-12 13:58:03,833] {processor.py:162} INFO - Started process (PID=283372) to work on /home/jorge/Desktop/MÁSTER/SEGUNDO CURSO/BDFI/practica_docker/env/lib/python3.8/site-packages/airflow/example_dags/example_xcomargs.py
[2025-01-12 13:58:03,834] {processor.py:613} INFO - Processing file /home/jorge/Desktop/MÁSTER/SEGUNDO CURSO/BDFI/practica_docker/env/lib/python3.8/site-packages/airflow/example_dags/example_xcomargs.py for tasks to queue
[2025-01-12 13:58:03,835] {logging_mixin.py:109} INFO - [2025-01-12 13:58:03,835] {dagbag.py:496} INFO - Filling up the DagBag from /home/jorge/Desktop/MÁSTER/SEGUNDO CURSO/BDFI/practica_docker/env/lib/python3.8/site-packages/airflow/example_dags/example_xcomargs.py
[2025-01-12 13:58:03,854] {processor.py:623} INFO - DAG(s) dict_keys(['example_xcom_args', 'example_xcom_args_with_operators']) retrieved from /home/jorge/Desktop/MÁSTER/SEGUNDO CURSO/BDFI/practica_docker/env/lib/python3.8/site-packages/airflow/example_dags/example_xcomargs.py
[2025-01-12 13:58:04,224] {logging_mixin.py:109} INFO - [2025-01-12 13:58:04,223] {dag.py:1834} INFO - Sync 2 DAGs
[2025-01-12 13:58:04,232] {logging_mixin.py:109} INFO - [2025-01-12 13:58:04,232] {dag.py:2287} INFO - Setting next_dagrun for example_xcom_args to None
[2025-01-12 13:58:04,233] {logging_mixin.py:109} INFO - [2025-01-12 13:58:04,233] {dag.py:2287} INFO - Setting next_dagrun for example_xcom_args_with_operators to None
[2025-01-12 13:58:04,250] {processor.py:170} INFO - Processing /home/jorge/Desktop/MÁSTER/SEGUNDO CURSO/BDFI/practica_docker/env/lib/python3.8/site-packages/airflow/example_dags/example_xcomargs.py took 0.421 seconds
[2025-01-12 14:05:51,018] {processor.py:162} INFO - Started process (PID=283650) to work on /home/jorge/Desktop/MÁSTER/SEGUNDO CURSO/BDFI/practica_docker/env/lib/python3.8/site-packages/airflow/example_dags/example_xcomargs.py
[2025-01-12 14:05:51,019] {processor.py:613} INFO - Processing file /home/jorge/Desktop/MÁSTER/SEGUNDO CURSO/BDFI/practica_docker/env/lib/python3.8/site-packages/airflow/example_dags/example_xcomargs.py for tasks to queue
[2025-01-12 14:05:51,019] {logging_mixin.py:109} INFO - [2025-01-12 14:05:51,019] {dagbag.py:496} INFO - Filling up the DagBag from /home/jorge/Desktop/MÁSTER/SEGUNDO CURSO/BDFI/practica_docker/env/lib/python3.8/site-packages/airflow/example_dags/example_xcomargs.py
[2025-01-12 14:05:51,031] {processor.py:623} INFO - DAG(s) dict_keys(['example_xcom_args', 'example_xcom_args_with_operators']) retrieved from /home/jorge/Desktop/MÁSTER/SEGUNDO CURSO/BDFI/practica_docker/env/lib/python3.8/site-packages/airflow/example_dags/example_xcomargs.py
[2025-01-12 14:05:51,246] {logging_mixin.py:109} INFO - [2025-01-12 14:05:51,246] {dag.py:1834} INFO - Sync 2 DAGs
[2025-01-12 14:05:51,252] {logging_mixin.py:109} INFO - [2025-01-12 14:05:51,252] {dag.py:2287} INFO - Setting next_dagrun for example_xcom_args to None
[2025-01-12 14:05:51,252] {logging_mixin.py:109} INFO - [2025-01-12 14:05:51,252] {dag.py:2287} INFO - Setting next_dagrun for example_xcom_args_with_operators to None
[2025-01-12 14:05:51,262] {processor.py:170} INFO - Processing /home/jorge/Desktop/MÁSTER/SEGUNDO CURSO/BDFI/practica_docker/env/lib/python3.8/site-packages/airflow/example_dags/example_xcomargs.py took 0.246 seconds
[2025-01-12 14:06:24,777] {processor.py:162} INFO - Started process (PID=283806) to work on /home/jorge/Desktop/MÁSTER/SEGUNDO CURSO/BDFI/practica_docker/env/lib/python3.8/site-packages/airflow/example_dags/example_xcomargs.py
[2025-01-12 14:06:24,778] {processor.py:613} INFO - Processing file /home/jorge/Desktop/MÁSTER/SEGUNDO CURSO/BDFI/practica_docker/env/lib/python3.8/site-packages/airflow/example_dags/example_xcomargs.py for tasks to queue
[2025-01-12 14:06:24,778] {logging_mixin.py:109} INFO - [2025-01-12 14:06:24,778] {dagbag.py:496} INFO - Filling up the DagBag from /home/jorge/Desktop/MÁSTER/SEGUNDO CURSO/BDFI/practica_docker/env/lib/python3.8/site-packages/airflow/example_dags/example_xcomargs.py
[2025-01-12 14:06:24,789] {processor.py:623} INFO - DAG(s) dict_keys(['example_xcom_args', 'example_xcom_args_with_operators']) retrieved from /home/jorge/Desktop/MÁSTER/SEGUNDO CURSO/BDFI/practica_docker/env/lib/python3.8/site-packages/airflow/example_dags/example_xcomargs.py
[2025-01-12 14:06:24,943] {logging_mixin.py:109} INFO - [2025-01-12 14:06:24,943] {dag.py:1834} INFO - Sync 2 DAGs
[2025-01-12 14:06:24,947] {logging_mixin.py:109} INFO - [2025-01-12 14:06:24,947] {dag.py:2287} INFO - Setting next_dagrun for example_xcom_args to None
[2025-01-12 14:06:24,947] {logging_mixin.py:109} INFO - [2025-01-12 14:06:24,947] {dag.py:2287} INFO - Setting next_dagrun for example_xcom_args_with_operators to None
[2025-01-12 14:06:24,960] {processor.py:170} INFO - Processing /home/jorge/Desktop/MÁSTER/SEGUNDO CURSO/BDFI/practica_docker/env/lib/python3.8/site-packages/airflow/example_dags/example_xcomargs.py took 0.186 seconds
[2025-01-12 14:06:57,999] {processor.py:162} INFO - Started process (PID=283965) to work on /home/jorge/Desktop/MÁSTER/SEGUNDO CURSO/BDFI/practica_docker/env/lib/python3.8/site-packages/airflow/example_dags/example_xcomargs.py
[2025-01-12 14:06:58,000] {processor.py:613} INFO - Processing file /home/jorge/Desktop/MÁSTER/SEGUNDO CURSO/BDFI/practica_docker/env/lib/python3.8/site-packages/airflow/example_dags/example_xcomargs.py for tasks to queue
[2025-01-12 14:06:58,000] {logging_mixin.py:109} INFO - [2025-01-12 14:06:58,000] {dagbag.py:496} INFO - Filling up the DagBag from /home/jorge/Desktop/MÁSTER/SEGUNDO CURSO/BDFI/practica_docker/env/lib/python3.8/site-packages/airflow/example_dags/example_xcomargs.py
[2025-01-12 14:06:58,011] {processor.py:623} INFO - DAG(s) dict_keys(['example_xcom_args', 'example_xcom_args_with_operators']) retrieved from /home/jorge/Desktop/MÁSTER/SEGUNDO CURSO/BDFI/practica_docker/env/lib/python3.8/site-packages/airflow/example_dags/example_xcomargs.py
[2025-01-12 14:06:58,173] {logging_mixin.py:109} INFO - [2025-01-12 14:06:58,173] {dag.py:1834} INFO - Sync 2 DAGs
[2025-01-12 14:06:58,177] {logging_mixin.py:109} INFO - [2025-01-12 14:06:58,177] {dag.py:2287} INFO - Setting next_dagrun for example_xcom_args to None
[2025-01-12 14:06:58,178] {logging_mixin.py:109} INFO - [2025-01-12 14:06:58,178] {dag.py:2287} INFO - Setting next_dagrun for example_xcom_args_with_operators to None
[2025-01-12 14:06:58,186] {processor.py:170} INFO - Processing /home/jorge/Desktop/MÁSTER/SEGUNDO CURSO/BDFI/practica_docker/env/lib/python3.8/site-packages/airflow/example_dags/example_xcomargs.py took 0.189 seconds
[2025-01-12 14:07:30,581] {processor.py:162} INFO - Started process (PID=284103) to work on /home/jorge/Desktop/MÁSTER/SEGUNDO CURSO/BDFI/practica_docker/env/lib/python3.8/site-packages/airflow/example_dags/example_xcomargs.py
[2025-01-12 14:07:30,588] {processor.py:613} INFO - Processing file /home/jorge/Desktop/MÁSTER/SEGUNDO CURSO/BDFI/practica_docker/env/lib/python3.8/site-packages/airflow/example_dags/example_xcomargs.py for tasks to queue
[2025-01-12 14:07:30,589] {logging_mixin.py:109} INFO - [2025-01-12 14:07:30,589] {dagbag.py:496} INFO - Filling up the DagBag from /home/jorge/Desktop/MÁSTER/SEGUNDO CURSO/BDFI/practica_docker/env/lib/python3.8/site-packages/airflow/example_dags/example_xcomargs.py
[2025-01-12 14:07:30,600] {processor.py:623} INFO - DAG(s) dict_keys(['example_xcom_args', 'example_xcom_args_with_operators']) retrieved from /home/jorge/Desktop/MÁSTER/SEGUNDO CURSO/BDFI/practica_docker/env/lib/python3.8/site-packages/airflow/example_dags/example_xcomargs.py
[2025-01-12 14:07:30,757] {logging_mixin.py:109} INFO - [2025-01-12 14:07:30,757] {dag.py:1834} INFO - Sync 2 DAGs
[2025-01-12 14:07:30,761] {logging_mixin.py:109} INFO - [2025-01-12 14:07:30,761] {dag.py:2287} INFO - Setting next_dagrun for example_xcom_args to None
[2025-01-12 14:07:30,761] {logging_mixin.py:109} INFO - [2025-01-12 14:07:30,761] {dag.py:2287} INFO - Setting next_dagrun for example_xcom_args_with_operators to None
[2025-01-12 14:07:30,774] {processor.py:170} INFO - Processing /home/jorge/Desktop/MÁSTER/SEGUNDO CURSO/BDFI/practica_docker/env/lib/python3.8/site-packages/airflow/example_dags/example_xcomargs.py took 0.195 seconds
[2025-01-12 14:08:03,480] {processor.py:162} INFO - Started process (PID=284259) to work on /home/jorge/Desktop/MÁSTER/SEGUNDO CURSO/BDFI/practica_docker/env/lib/python3.8/site-packages/airflow/example_dags/example_xcomargs.py
[2025-01-12 14:08:03,486] {processor.py:613} INFO - Processing file /home/jorge/Desktop/MÁSTER/SEGUNDO CURSO/BDFI/practica_docker/env/lib/python3.8/site-packages/airflow/example_dags/example_xcomargs.py for tasks to queue
[2025-01-12 14:08:03,487] {logging_mixin.py:109} INFO - [2025-01-12 14:08:03,487] {dagbag.py:496} INFO - Filling up the DagBag from /home/jorge/Desktop/MÁSTER/SEGUNDO CURSO/BDFI/practica_docker/env/lib/python3.8/site-packages/airflow/example_dags/example_xcomargs.py
[2025-01-12 14:08:03,501] {processor.py:623} INFO - DAG(s) dict_keys(['example_xcom_args', 'example_xcom_args_with_operators']) retrieved from /home/jorge/Desktop/MÁSTER/SEGUNDO CURSO/BDFI/practica_docker/env/lib/python3.8/site-packages/airflow/example_dags/example_xcomargs.py
[2025-01-12 14:08:03,658] {logging_mixin.py:109} INFO - [2025-01-12 14:08:03,658] {dag.py:1834} INFO - Sync 2 DAGs
[2025-01-12 14:08:03,662] {logging_mixin.py:109} INFO - [2025-01-12 14:08:03,661] {dag.py:2287} INFO - Setting next_dagrun for example_xcom_args to None
[2025-01-12 14:08:03,662] {logging_mixin.py:109} INFO - [2025-01-12 14:08:03,662] {dag.py:2287} INFO - Setting next_dagrun for example_xcom_args_with_operators to None
[2025-01-12 14:08:03,675] {processor.py:170} INFO - Processing /home/jorge/Desktop/MÁSTER/SEGUNDO CURSO/BDFI/practica_docker/env/lib/python3.8/site-packages/airflow/example_dags/example_xcomargs.py took 0.199 seconds
[2025-01-12 14:08:36,259] {processor.py:162} INFO - Started process (PID=284401) to work on /home/jorge/Desktop/MÁSTER/SEGUNDO CURSO/BDFI/practica_docker/env/lib/python3.8/site-packages/airflow/example_dags/example_xcomargs.py
[2025-01-12 14:08:36,261] {processor.py:613} INFO - Processing file /home/jorge/Desktop/MÁSTER/SEGUNDO CURSO/BDFI/practica_docker/env/lib/python3.8/site-packages/airflow/example_dags/example_xcomargs.py for tasks to queue
[2025-01-12 14:08:36,262] {logging_mixin.py:109} INFO - [2025-01-12 14:08:36,261] {dagbag.py:496} INFO - Filling up the DagBag from /home/jorge/Desktop/MÁSTER/SEGUNDO CURSO/BDFI/practica_docker/env/lib/python3.8/site-packages/airflow/example_dags/example_xcomargs.py
[2025-01-12 14:08:36,276] {processor.py:623} INFO - DAG(s) dict_keys(['example_xcom_args', 'example_xcom_args_with_operators']) retrieved from /home/jorge/Desktop/MÁSTER/SEGUNDO CURSO/BDFI/practica_docker/env/lib/python3.8/site-packages/airflow/example_dags/example_xcomargs.py
[2025-01-12 14:08:36,290] {logging_mixin.py:109} INFO - [2025-01-12 14:08:36,290] {dag.py:1834} INFO - Sync 2 DAGs
[2025-01-12 14:08:36,296] {logging_mixin.py:109} INFO - [2025-01-12 14:08:36,296] {dag.py:2287} INFO - Setting next_dagrun for example_xcom_args to None
[2025-01-12 14:08:36,297] {logging_mixin.py:109} INFO - [2025-01-12 14:08:36,297] {dag.py:2287} INFO - Setting next_dagrun for example_xcom_args_with_operators to None
[2025-01-12 14:08:36,303] {processor.py:170} INFO - Processing /home/jorge/Desktop/MÁSTER/SEGUNDO CURSO/BDFI/practica_docker/env/lib/python3.8/site-packages/airflow/example_dags/example_xcomargs.py took 0.048 seconds
[2025-01-12 14:09:08,880] {processor.py:162} INFO - Started process (PID=284555) to work on /home/jorge/Desktop/MÁSTER/SEGUNDO CURSO/BDFI/practica_docker/env/lib/python3.8/site-packages/airflow/example_dags/example_xcomargs.py
[2025-01-12 14:09:08,887] {processor.py:613} INFO - Processing file /home/jorge/Desktop/MÁSTER/SEGUNDO CURSO/BDFI/practica_docker/env/lib/python3.8/site-packages/airflow/example_dags/example_xcomargs.py for tasks to queue
[2025-01-12 14:09:08,888] {logging_mixin.py:109} INFO - [2025-01-12 14:09:08,888] {dagbag.py:496} INFO - Filling up the DagBag from /home/jorge/Desktop/MÁSTER/SEGUNDO CURSO/BDFI/practica_docker/env/lib/python3.8/site-packages/airflow/example_dags/example_xcomargs.py
[2025-01-12 14:09:08,902] {processor.py:623} INFO - DAG(s) dict_keys(['example_xcom_args', 'example_xcom_args_with_operators']) retrieved from /home/jorge/Desktop/MÁSTER/SEGUNDO CURSO/BDFI/practica_docker/env/lib/python3.8/site-packages/airflow/example_dags/example_xcomargs.py
[2025-01-12 14:09:08,913] {logging_mixin.py:109} INFO - [2025-01-12 14:09:08,913] {dag.py:1834} INFO - Sync 2 DAGs
[2025-01-12 14:09:08,918] {logging_mixin.py:109} INFO - [2025-01-12 14:09:08,918] {dag.py:2287} INFO - Setting next_dagrun for example_xcom_args to None
[2025-01-12 14:09:08,918] {logging_mixin.py:109} INFO - [2025-01-12 14:09:08,918] {dag.py:2287} INFO - Setting next_dagrun for example_xcom_args_with_operators to None
[2025-01-12 14:09:08,926] {processor.py:170} INFO - Processing /home/jorge/Desktop/MÁSTER/SEGUNDO CURSO/BDFI/practica_docker/env/lib/python3.8/site-packages/airflow/example_dags/example_xcomargs.py took 0.047 seconds
[2025-01-12 14:09:42,585] {processor.py:162} INFO - Started process (PID=284715) to work on /home/jorge/Desktop/MÁSTER/SEGUNDO CURSO/BDFI/practica_docker/env/lib/python3.8/site-packages/airflow/example_dags/example_xcomargs.py
[2025-01-12 14:09:42,591] {processor.py:613} INFO - Processing file /home/jorge/Desktop/MÁSTER/SEGUNDO CURSO/BDFI/practica_docker/env/lib/python3.8/site-packages/airflow/example_dags/example_xcomargs.py for tasks to queue
[2025-01-12 14:09:42,592] {logging_mixin.py:109} INFO - [2025-01-12 14:09:42,592] {dagbag.py:496} INFO - Filling up the DagBag from /home/jorge/Desktop/MÁSTER/SEGUNDO CURSO/BDFI/practica_docker/env/lib/python3.8/site-packages/airflow/example_dags/example_xcomargs.py
[2025-01-12 14:09:42,606] {processor.py:623} INFO - DAG(s) dict_keys(['example_xcom_args', 'example_xcom_args_with_operators']) retrieved from /home/jorge/Desktop/MÁSTER/SEGUNDO CURSO/BDFI/practica_docker/env/lib/python3.8/site-packages/airflow/example_dags/example_xcomargs.py
[2025-01-12 14:09:42,615] {logging_mixin.py:109} INFO - [2025-01-12 14:09:42,615] {dag.py:1834} INFO - Sync 2 DAGs
[2025-01-12 14:09:42,620] {logging_mixin.py:109} INFO - [2025-01-12 14:09:42,620] {dag.py:2287} INFO - Setting next_dagrun for example_xcom_args to None
[2025-01-12 14:09:42,620] {logging_mixin.py:109} INFO - [2025-01-12 14:09:42,620] {dag.py:2287} INFO - Setting next_dagrun for example_xcom_args_with_operators to None
[2025-01-12 14:09:42,627] {processor.py:170} INFO - Processing /home/jorge/Desktop/MÁSTER/SEGUNDO CURSO/BDFI/practica_docker/env/lib/python3.8/site-packages/airflow/example_dags/example_xcomargs.py took 0.046 seconds
[2025-01-12 14:10:16,113] {processor.py:162} INFO - Started process (PID=284871) to work on /home/jorge/Desktop/MÁSTER/SEGUNDO CURSO/BDFI/practica_docker/env/lib/python3.8/site-packages/airflow/example_dags/example_xcomargs.py
[2025-01-12 14:10:16,121] {processor.py:613} INFO - Processing file /home/jorge/Desktop/MÁSTER/SEGUNDO CURSO/BDFI/practica_docker/env/lib/python3.8/site-packages/airflow/example_dags/example_xcomargs.py for tasks to queue
[2025-01-12 14:10:16,122] {logging_mixin.py:109} INFO - [2025-01-12 14:10:16,122] {dagbag.py:496} INFO - Filling up the DagBag from /home/jorge/Desktop/MÁSTER/SEGUNDO CURSO/BDFI/practica_docker/env/lib/python3.8/site-packages/airflow/example_dags/example_xcomargs.py
[2025-01-12 14:10:16,133] {processor.py:623} INFO - DAG(s) dict_keys(['example_xcom_args', 'example_xcom_args_with_operators']) retrieved from /home/jorge/Desktop/MÁSTER/SEGUNDO CURSO/BDFI/practica_docker/env/lib/python3.8/site-packages/airflow/example_dags/example_xcomargs.py
[2025-01-12 14:10:16,142] {logging_mixin.py:109} INFO - [2025-01-12 14:10:16,142] {dag.py:1834} INFO - Sync 2 DAGs
[2025-01-12 14:10:16,147] {logging_mixin.py:109} INFO - [2025-01-12 14:10:16,147] {dag.py:2287} INFO - Setting next_dagrun for example_xcom_args to None
[2025-01-12 14:10:16,147] {logging_mixin.py:109} INFO - [2025-01-12 14:10:16,147] {dag.py:2287} INFO - Setting next_dagrun for example_xcom_args_with_operators to None
[2025-01-12 14:10:16,157] {processor.py:170} INFO - Processing /home/jorge/Desktop/MÁSTER/SEGUNDO CURSO/BDFI/practica_docker/env/lib/python3.8/site-packages/airflow/example_dags/example_xcomargs.py took 0.047 seconds
[2025-01-12 14:10:52,445] {processor.py:162} INFO - Started process (PID=285087) to work on /home/jorge/Desktop/MÁSTER/SEGUNDO CURSO/BDFI/practica_docker/env/lib/python3.8/site-packages/airflow/example_dags/example_xcomargs.py
[2025-01-12 14:10:52,447] {processor.py:613} INFO - Processing file /home/jorge/Desktop/MÁSTER/SEGUNDO CURSO/BDFI/practica_docker/env/lib/python3.8/site-packages/airflow/example_dags/example_xcomargs.py for tasks to queue
[2025-01-12 14:10:52,448] {logging_mixin.py:109} INFO - [2025-01-12 14:10:52,448] {dagbag.py:496} INFO - Filling up the DagBag from /home/jorge/Desktop/MÁSTER/SEGUNDO CURSO/BDFI/practica_docker/env/lib/python3.8/site-packages/airflow/example_dags/example_xcomargs.py
[2025-01-12 14:10:52,460] {processor.py:623} INFO - DAG(s) dict_keys(['example_xcom_args', 'example_xcom_args_with_operators']) retrieved from /home/jorge/Desktop/MÁSTER/SEGUNDO CURSO/BDFI/practica_docker/env/lib/python3.8/site-packages/airflow/example_dags/example_xcomargs.py
[2025-01-12 14:10:52,702] {logging_mixin.py:109} INFO - [2025-01-12 14:10:52,702] {dag.py:1834} INFO - Sync 2 DAGs
[2025-01-12 14:10:52,707] {logging_mixin.py:109} INFO - [2025-01-12 14:10:52,707] {dag.py:2287} INFO - Setting next_dagrun for example_xcom_args to None
[2025-01-12 14:10:52,708] {logging_mixin.py:109} INFO - [2025-01-12 14:10:52,708] {dag.py:2287} INFO - Setting next_dagrun for example_xcom_args_with_operators to None
[2025-01-12 14:10:52,716] {processor.py:170} INFO - Processing /home/jorge/Desktop/MÁSTER/SEGUNDO CURSO/BDFI/practica_docker/env/lib/python3.8/site-packages/airflow/example_dags/example_xcomargs.py took 0.273 seconds
[2025-01-12 14:11:25,927] {processor.py:162} INFO - Started process (PID=285339) to work on /home/jorge/Desktop/MÁSTER/SEGUNDO CURSO/BDFI/practica_docker/env/lib/python3.8/site-packages/airflow/example_dags/example_xcomargs.py
[2025-01-12 14:11:25,929] {processor.py:613} INFO - Processing file /home/jorge/Desktop/MÁSTER/SEGUNDO CURSO/BDFI/practica_docker/env/lib/python3.8/site-packages/airflow/example_dags/example_xcomargs.py for tasks to queue
[2025-01-12 14:11:25,929] {logging_mixin.py:109} INFO - [2025-01-12 14:11:25,929] {dagbag.py:496} INFO - Filling up the DagBag from /home/jorge/Desktop/MÁSTER/SEGUNDO CURSO/BDFI/practica_docker/env/lib/python3.8/site-packages/airflow/example_dags/example_xcomargs.py
[2025-01-12 14:11:25,946] {processor.py:623} INFO - DAG(s) dict_keys(['example_xcom_args', 'example_xcom_args_with_operators']) retrieved from /home/jorge/Desktop/MÁSTER/SEGUNDO CURSO/BDFI/practica_docker/env/lib/python3.8/site-packages/airflow/example_dags/example_xcomargs.py
[2025-01-12 14:11:26,208] {logging_mixin.py:109} INFO - [2025-01-12 14:11:26,208] {dag.py:1834} INFO - Sync 2 DAGs
[2025-01-12 14:11:26,214] {logging_mixin.py:109} INFO - [2025-01-12 14:11:26,214] {dag.py:2287} INFO - Setting next_dagrun for example_xcom_args to None
[2025-01-12 14:11:26,215] {logging_mixin.py:109} INFO - [2025-01-12 14:11:26,214] {dag.py:2287} INFO - Setting next_dagrun for example_xcom_args_with_operators to None
[2025-01-12 14:11:26,226] {processor.py:170} INFO - Processing /home/jorge/Desktop/MÁSTER/SEGUNDO CURSO/BDFI/practica_docker/env/lib/python3.8/site-packages/airflow/example_dags/example_xcomargs.py took 0.302 seconds
[2025-01-12 14:12:00,016] {processor.py:162} INFO - Started process (PID=285495) to work on /home/jorge/Desktop/MÁSTER/SEGUNDO CURSO/BDFI/practica_docker/env/lib/python3.8/site-packages/airflow/example_dags/example_xcomargs.py
[2025-01-12 14:12:00,017] {processor.py:613} INFO - Processing file /home/jorge/Desktop/MÁSTER/SEGUNDO CURSO/BDFI/practica_docker/env/lib/python3.8/site-packages/airflow/example_dags/example_xcomargs.py for tasks to queue
[2025-01-12 14:12:00,018] {logging_mixin.py:109} INFO - [2025-01-12 14:12:00,018] {dagbag.py:496} INFO - Filling up the DagBag from /home/jorge/Desktop/MÁSTER/SEGUNDO CURSO/BDFI/practica_docker/env/lib/python3.8/site-packages/airflow/example_dags/example_xcomargs.py
[2025-01-12 14:12:00,029] {processor.py:623} INFO - DAG(s) dict_keys(['example_xcom_args', 'example_xcom_args_with_operators']) retrieved from /home/jorge/Desktop/MÁSTER/SEGUNDO CURSO/BDFI/practica_docker/env/lib/python3.8/site-packages/airflow/example_dags/example_xcomargs.py
[2025-01-12 14:12:00,272] {logging_mixin.py:109} INFO - [2025-01-12 14:12:00,272] {dag.py:1834} INFO - Sync 2 DAGs
[2025-01-12 14:12:00,278] {logging_mixin.py:109} INFO - [2025-01-12 14:12:00,278] {dag.py:2287} INFO - Setting next_dagrun for example_xcom_args to None
[2025-01-12 14:12:00,279] {logging_mixin.py:109} INFO - [2025-01-12 14:12:00,279] {dag.py:2287} INFO - Setting next_dagrun for example_xcom_args_with_operators to None
[2025-01-12 14:12:00,289] {processor.py:170} INFO - Processing /home/jorge/Desktop/MÁSTER/SEGUNDO CURSO/BDFI/practica_docker/env/lib/python3.8/site-packages/airflow/example_dags/example_xcomargs.py took 0.275 seconds
[2025-01-12 14:12:33,673] {processor.py:162} INFO - Started process (PID=285639) to work on /home/jorge/Desktop/MÁSTER/SEGUNDO CURSO/BDFI/practica_docker/env/lib/python3.8/site-packages/airflow/example_dags/example_xcomargs.py
[2025-01-12 14:12:33,675] {processor.py:613} INFO - Processing file /home/jorge/Desktop/MÁSTER/SEGUNDO CURSO/BDFI/practica_docker/env/lib/python3.8/site-packages/airflow/example_dags/example_xcomargs.py for tasks to queue
[2025-01-12 14:12:33,676] {logging_mixin.py:109} INFO - [2025-01-12 14:12:33,676] {dagbag.py:496} INFO - Filling up the DagBag from /home/jorge/Desktop/MÁSTER/SEGUNDO CURSO/BDFI/practica_docker/env/lib/python3.8/site-packages/airflow/example_dags/example_xcomargs.py
[2025-01-12 14:12:33,687] {processor.py:623} INFO - DAG(s) dict_keys(['example_xcom_args', 'example_xcom_args_with_operators']) retrieved from /home/jorge/Desktop/MÁSTER/SEGUNDO CURSO/BDFI/practica_docker/env/lib/python3.8/site-packages/airflow/example_dags/example_xcomargs.py
[2025-01-12 14:12:33,870] {logging_mixin.py:109} INFO - [2025-01-12 14:12:33,870] {dag.py:1834} INFO - Sync 2 DAGs
[2025-01-12 14:12:33,874] {logging_mixin.py:109} INFO - [2025-01-12 14:12:33,874] {dag.py:2287} INFO - Setting next_dagrun for example_xcom_args to None
[2025-01-12 14:12:33,875] {logging_mixin.py:109} INFO - [2025-01-12 14:12:33,875] {dag.py:2287} INFO - Setting next_dagrun for example_xcom_args_with_operators to None
[2025-01-12 14:12:33,882] {processor.py:170} INFO - Processing /home/jorge/Desktop/MÁSTER/SEGUNDO CURSO/BDFI/practica_docker/env/lib/python3.8/site-packages/airflow/example_dags/example_xcomargs.py took 0.213 seconds
[2025-01-12 14:13:07,319] {processor.py:162} INFO - Started process (PID=285793) to work on /home/jorge/Desktop/MÁSTER/SEGUNDO CURSO/BDFI/practica_docker/env/lib/python3.8/site-packages/airflow/example_dags/example_xcomargs.py
[2025-01-12 14:13:07,321] {processor.py:613} INFO - Processing file /home/jorge/Desktop/MÁSTER/SEGUNDO CURSO/BDFI/practica_docker/env/lib/python3.8/site-packages/airflow/example_dags/example_xcomargs.py for tasks to queue
[2025-01-12 14:13:07,321] {logging_mixin.py:109} INFO - [2025-01-12 14:13:07,321] {dagbag.py:496} INFO - Filling up the DagBag from /home/jorge/Desktop/MÁSTER/SEGUNDO CURSO/BDFI/practica_docker/env/lib/python3.8/site-packages/airflow/example_dags/example_xcomargs.py
[2025-01-12 14:13:07,332] {processor.py:623} INFO - DAG(s) dict_keys(['example_xcom_args', 'example_xcom_args_with_operators']) retrieved from /home/jorge/Desktop/MÁSTER/SEGUNDO CURSO/BDFI/practica_docker/env/lib/python3.8/site-packages/airflow/example_dags/example_xcomargs.py
[2025-01-12 14:13:07,345] {logging_mixin.py:109} INFO - [2025-01-12 14:13:07,345] {dag.py:1834} INFO - Sync 2 DAGs
[2025-01-12 14:13:07,351] {logging_mixin.py:109} INFO - [2025-01-12 14:13:07,350] {dag.py:2287} INFO - Setting next_dagrun for example_xcom_args to None
[2025-01-12 14:13:07,352] {logging_mixin.py:109} INFO - [2025-01-12 14:13:07,352] {dag.py:2287} INFO - Setting next_dagrun for example_xcom_args_with_operators to None
[2025-01-12 14:13:07,361] {processor.py:170} INFO - Processing /home/jorge/Desktop/MÁSTER/SEGUNDO CURSO/BDFI/practica_docker/env/lib/python3.8/site-packages/airflow/example_dags/example_xcomargs.py took 0.045 seconds
[2025-01-12 14:13:40,328] {processor.py:162} INFO - Started process (PID=285941) to work on /home/jorge/Desktop/MÁSTER/SEGUNDO CURSO/BDFI/practica_docker/env/lib/python3.8/site-packages/airflow/example_dags/example_xcomargs.py
[2025-01-12 14:13:40,329] {processor.py:613} INFO - Processing file /home/jorge/Desktop/MÁSTER/SEGUNDO CURSO/BDFI/practica_docker/env/lib/python3.8/site-packages/airflow/example_dags/example_xcomargs.py for tasks to queue
[2025-01-12 14:13:40,330] {logging_mixin.py:109} INFO - [2025-01-12 14:13:40,330] {dagbag.py:496} INFO - Filling up the DagBag from /home/jorge/Desktop/MÁSTER/SEGUNDO CURSO/BDFI/practica_docker/env/lib/python3.8/site-packages/airflow/example_dags/example_xcomargs.py
[2025-01-12 14:13:40,346] {processor.py:623} INFO - DAG(s) dict_keys(['example_xcom_args', 'example_xcom_args_with_operators']) retrieved from /home/jorge/Desktop/MÁSTER/SEGUNDO CURSO/BDFI/practica_docker/env/lib/python3.8/site-packages/airflow/example_dags/example_xcomargs.py
[2025-01-12 14:13:40,642] {logging_mixin.py:109} INFO - [2025-01-12 14:13:40,642] {dag.py:1834} INFO - Sync 2 DAGs
[2025-01-12 14:13:40,648] {logging_mixin.py:109} INFO - [2025-01-12 14:13:40,648] {dag.py:2287} INFO - Setting next_dagrun for example_xcom_args to None
[2025-01-12 14:13:40,648] {logging_mixin.py:109} INFO - [2025-01-12 14:13:40,648] {dag.py:2287} INFO - Setting next_dagrun for example_xcom_args_with_operators to None
[2025-01-12 14:13:40,663] {processor.py:170} INFO - Processing /home/jorge/Desktop/MÁSTER/SEGUNDO CURSO/BDFI/practica_docker/env/lib/python3.8/site-packages/airflow/example_dags/example_xcomargs.py took 0.338 seconds
[2025-01-12 14:14:12,009] {processor.py:162} INFO - Started process (PID=286104) to work on /home/jorge/Desktop/MÁSTER/SEGUNDO CURSO/BDFI/practica_docker/env/lib/python3.8/site-packages/airflow/example_dags/example_xcomargs.py
[2025-01-12 14:14:12,010] {processor.py:613} INFO - Processing file /home/jorge/Desktop/MÁSTER/SEGUNDO CURSO/BDFI/practica_docker/env/lib/python3.8/site-packages/airflow/example_dags/example_xcomargs.py for tasks to queue
[2025-01-12 14:14:12,011] {logging_mixin.py:109} INFO - [2025-01-12 14:14:12,011] {dagbag.py:496} INFO - Filling up the DagBag from /home/jorge/Desktop/MÁSTER/SEGUNDO CURSO/BDFI/practica_docker/env/lib/python3.8/site-packages/airflow/example_dags/example_xcomargs.py
[2025-01-12 14:14:12,024] {processor.py:623} INFO - DAG(s) dict_keys(['example_xcom_args', 'example_xcom_args_with_operators']) retrieved from /home/jorge/Desktop/MÁSTER/SEGUNDO CURSO/BDFI/practica_docker/env/lib/python3.8/site-packages/airflow/example_dags/example_xcomargs.py
[2025-01-12 14:14:12,040] {logging_mixin.py:109} INFO - [2025-01-12 14:14:12,040] {dag.py:1834} INFO - Sync 2 DAGs
[2025-01-12 14:14:12,053] {logging_mixin.py:109} INFO - [2025-01-12 14:14:12,053] {dag.py:2287} INFO - Setting next_dagrun for example_xcom_args to None
[2025-01-12 14:14:12,055] {logging_mixin.py:109} INFO - [2025-01-12 14:14:12,054] {dag.py:2287} INFO - Setting next_dagrun for example_xcom_args_with_operators to None
[2025-01-12 14:14:12,069] {processor.py:170} INFO - Processing /home/jorge/Desktop/MÁSTER/SEGUNDO CURSO/BDFI/practica_docker/env/lib/python3.8/site-packages/airflow/example_dags/example_xcomargs.py took 0.062 seconds
[2025-01-12 14:14:45,721] {processor.py:162} INFO - Started process (PID=286267) to work on /home/jorge/Desktop/MÁSTER/SEGUNDO CURSO/BDFI/practica_docker/env/lib/python3.8/site-packages/airflow/example_dags/example_xcomargs.py
[2025-01-12 14:14:45,727] {processor.py:613} INFO - Processing file /home/jorge/Desktop/MÁSTER/SEGUNDO CURSO/BDFI/practica_docker/env/lib/python3.8/site-packages/airflow/example_dags/example_xcomargs.py for tasks to queue
[2025-01-12 14:14:45,728] {logging_mixin.py:109} INFO - [2025-01-12 14:14:45,728] {dagbag.py:496} INFO - Filling up the DagBag from /home/jorge/Desktop/MÁSTER/SEGUNDO CURSO/BDFI/practica_docker/env/lib/python3.8/site-packages/airflow/example_dags/example_xcomargs.py
[2025-01-12 14:14:45,741] {processor.py:623} INFO - DAG(s) dict_keys(['example_xcom_args', 'example_xcom_args_with_operators']) retrieved from /home/jorge/Desktop/MÁSTER/SEGUNDO CURSO/BDFI/practica_docker/env/lib/python3.8/site-packages/airflow/example_dags/example_xcomargs.py
[2025-01-12 14:14:45,750] {logging_mixin.py:109} INFO - [2025-01-12 14:14:45,750] {dag.py:1834} INFO - Sync 2 DAGs
[2025-01-12 14:14:45,755] {logging_mixin.py:109} INFO - [2025-01-12 14:14:45,755] {dag.py:2287} INFO - Setting next_dagrun for example_xcom_args to None
[2025-01-12 14:14:45,755] {logging_mixin.py:109} INFO - [2025-01-12 14:14:45,755] {dag.py:2287} INFO - Setting next_dagrun for example_xcom_args_with_operators to None
[2025-01-12 14:14:45,763] {processor.py:170} INFO - Processing /home/jorge/Desktop/MÁSTER/SEGUNDO CURSO/BDFI/practica_docker/env/lib/python3.8/site-packages/airflow/example_dags/example_xcomargs.py took 0.045 seconds
[2025-01-12 14:15:18,897] {processor.py:162} INFO - Started process (PID=286680) to work on /home/jorge/Desktop/MÁSTER/SEGUNDO CURSO/BDFI/practica_docker/env/lib/python3.8/site-packages/airflow/example_dags/example_xcomargs.py
[2025-01-12 14:15:18,904] {processor.py:613} INFO - Processing file /home/jorge/Desktop/MÁSTER/SEGUNDO CURSO/BDFI/practica_docker/env/lib/python3.8/site-packages/airflow/example_dags/example_xcomargs.py for tasks to queue
[2025-01-12 14:15:18,905] {logging_mixin.py:109} INFO - [2025-01-12 14:15:18,905] {dagbag.py:496} INFO - Filling up the DagBag from /home/jorge/Desktop/MÁSTER/SEGUNDO CURSO/BDFI/practica_docker/env/lib/python3.8/site-packages/airflow/example_dags/example_xcomargs.py
[2025-01-12 14:15:18,918] {processor.py:623} INFO - DAG(s) dict_keys(['example_xcom_args', 'example_xcom_args_with_operators']) retrieved from /home/jorge/Desktop/MÁSTER/SEGUNDO CURSO/BDFI/practica_docker/env/lib/python3.8/site-packages/airflow/example_dags/example_xcomargs.py
[2025-01-12 14:15:18,927] {logging_mixin.py:109} INFO - [2025-01-12 14:15:18,927] {dag.py:1834} INFO - Sync 2 DAGs
[2025-01-12 14:15:18,931] {logging_mixin.py:109} INFO - [2025-01-12 14:15:18,931] {dag.py:2287} INFO - Setting next_dagrun for example_xcom_args to None
[2025-01-12 14:15:18,932] {logging_mixin.py:109} INFO - [2025-01-12 14:15:18,932] {dag.py:2287} INFO - Setting next_dagrun for example_xcom_args_with_operators to None
[2025-01-12 14:15:18,939] {processor.py:170} INFO - Processing /home/jorge/Desktop/MÁSTER/SEGUNDO CURSO/BDFI/practica_docker/env/lib/python3.8/site-packages/airflow/example_dags/example_xcomargs.py took 0.045 seconds
[2025-01-12 14:16:01,925] {processor.py:162} INFO - Started process (PID=289779) to work on /home/jorge/Desktop/MÁSTER/SEGUNDO CURSO/BDFI/practica_docker/env/lib/python3.8/site-packages/airflow/example_dags/example_xcomargs.py
[2025-01-12 14:16:01,927] {processor.py:613} INFO - Processing file /home/jorge/Desktop/MÁSTER/SEGUNDO CURSO/BDFI/practica_docker/env/lib/python3.8/site-packages/airflow/example_dags/example_xcomargs.py for tasks to queue
[2025-01-12 14:16:01,927] {logging_mixin.py:109} INFO - [2025-01-12 14:16:01,927] {dagbag.py:496} INFO - Filling up the DagBag from /home/jorge/Desktop/MÁSTER/SEGUNDO CURSO/BDFI/practica_docker/env/lib/python3.8/site-packages/airflow/example_dags/example_xcomargs.py
[2025-01-12 14:16:01,942] {processor.py:623} INFO - DAG(s) dict_keys(['example_xcom_args', 'example_xcom_args_with_operators']) retrieved from /home/jorge/Desktop/MÁSTER/SEGUNDO CURSO/BDFI/practica_docker/env/lib/python3.8/site-packages/airflow/example_dags/example_xcomargs.py
[2025-01-12 14:16:02,339] {logging_mixin.py:109} INFO - [2025-01-12 14:16:02,339] {dag.py:1834} INFO - Sync 2 DAGs
[2025-01-12 14:16:02,348] {logging_mixin.py:109} INFO - [2025-01-12 14:16:02,348] {dag.py:2287} INFO - Setting next_dagrun for example_xcom_args to None
[2025-01-12 14:16:02,349] {logging_mixin.py:109} INFO - [2025-01-12 14:16:02,349] {dag.py:2287} INFO - Setting next_dagrun for example_xcom_args_with_operators to None
[2025-01-12 14:16:02,361] {processor.py:170} INFO - Processing /home/jorge/Desktop/MÁSTER/SEGUNDO CURSO/BDFI/practica_docker/env/lib/python3.8/site-packages/airflow/example_dags/example_xcomargs.py took 0.438 seconds
[2025-01-12 14:16:37,756] {processor.py:162} INFO - Started process (PID=290146) to work on /home/jorge/Desktop/MÁSTER/SEGUNDO CURSO/BDFI/practica_docker/env/lib/python3.8/site-packages/airflow/example_dags/example_xcomargs.py
[2025-01-12 14:16:37,757] {processor.py:613} INFO - Processing file /home/jorge/Desktop/MÁSTER/SEGUNDO CURSO/BDFI/practica_docker/env/lib/python3.8/site-packages/airflow/example_dags/example_xcomargs.py for tasks to queue
[2025-01-12 14:16:37,758] {logging_mixin.py:109} INFO - [2025-01-12 14:16:37,758] {dagbag.py:496} INFO - Filling up the DagBag from /home/jorge/Desktop/MÁSTER/SEGUNDO CURSO/BDFI/practica_docker/env/lib/python3.8/site-packages/airflow/example_dags/example_xcomargs.py
[2025-01-12 14:16:37,770] {processor.py:623} INFO - DAG(s) dict_keys(['example_xcom_args', 'example_xcom_args_with_operators']) retrieved from /home/jorge/Desktop/MÁSTER/SEGUNDO CURSO/BDFI/practica_docker/env/lib/python3.8/site-packages/airflow/example_dags/example_xcomargs.py
[2025-01-12 14:16:38,056] {logging_mixin.py:109} INFO - [2025-01-12 14:16:38,056] {dag.py:1834} INFO - Sync 2 DAGs
[2025-01-12 14:16:38,063] {logging_mixin.py:109} INFO - [2025-01-12 14:16:38,062] {dag.py:2287} INFO - Setting next_dagrun for example_xcom_args to None
[2025-01-12 14:16:38,063] {logging_mixin.py:109} INFO - [2025-01-12 14:16:38,063] {dag.py:2287} INFO - Setting next_dagrun for example_xcom_args_with_operators to None
[2025-01-12 14:16:38,074] {processor.py:170} INFO - Processing /home/jorge/Desktop/MÁSTER/SEGUNDO CURSO/BDFI/practica_docker/env/lib/python3.8/site-packages/airflow/example_dags/example_xcomargs.py took 0.322 seconds
[2025-01-12 14:17:13,006] {processor.py:162} INFO - Started process (PID=290902) to work on /home/jorge/Desktop/MÁSTER/SEGUNDO CURSO/BDFI/practica_docker/env/lib/python3.8/site-packages/airflow/example_dags/example_xcomargs.py
[2025-01-12 14:17:13,007] {processor.py:613} INFO - Processing file /home/jorge/Desktop/MÁSTER/SEGUNDO CURSO/BDFI/practica_docker/env/lib/python3.8/site-packages/airflow/example_dags/example_xcomargs.py for tasks to queue
[2025-01-12 14:17:13,007] {logging_mixin.py:109} INFO - [2025-01-12 14:17:13,007] {dagbag.py:496} INFO - Filling up the DagBag from /home/jorge/Desktop/MÁSTER/SEGUNDO CURSO/BDFI/practica_docker/env/lib/python3.8/site-packages/airflow/example_dags/example_xcomargs.py
[2025-01-12 14:17:13,017] {processor.py:623} INFO - DAG(s) dict_keys(['example_xcom_args', 'example_xcom_args_with_operators']) retrieved from /home/jorge/Desktop/MÁSTER/SEGUNDO CURSO/BDFI/practica_docker/env/lib/python3.8/site-packages/airflow/example_dags/example_xcomargs.py
[2025-01-12 14:17:13,218] {logging_mixin.py:109} INFO - [2025-01-12 14:17:13,218] {dag.py:1834} INFO - Sync 2 DAGs
[2025-01-12 14:17:13,224] {logging_mixin.py:109} INFO - [2025-01-12 14:17:13,224] {dag.py:2287} INFO - Setting next_dagrun for example_xcom_args to None
[2025-01-12 14:17:13,224] {logging_mixin.py:109} INFO - [2025-01-12 14:17:13,224] {dag.py:2287} INFO - Setting next_dagrun for example_xcom_args_with_operators to None
[2025-01-12 14:17:13,233] {processor.py:170} INFO - Processing /home/jorge/Desktop/MÁSTER/SEGUNDO CURSO/BDFI/practica_docker/env/lib/python3.8/site-packages/airflow/example_dags/example_xcomargs.py took 0.229 seconds
[2025-01-12 14:17:46,636] {processor.py:162} INFO - Started process (PID=291068) to work on /home/jorge/Desktop/MÁSTER/SEGUNDO CURSO/BDFI/practica_docker/env/lib/python3.8/site-packages/airflow/example_dags/example_xcomargs.py
[2025-01-12 14:17:46,638] {processor.py:613} INFO - Processing file /home/jorge/Desktop/MÁSTER/SEGUNDO CURSO/BDFI/practica_docker/env/lib/python3.8/site-packages/airflow/example_dags/example_xcomargs.py for tasks to queue
[2025-01-12 14:17:46,639] {logging_mixin.py:109} INFO - [2025-01-12 14:17:46,639] {dagbag.py:496} INFO - Filling up the DagBag from /home/jorge/Desktop/MÁSTER/SEGUNDO CURSO/BDFI/practica_docker/env/lib/python3.8/site-packages/airflow/example_dags/example_xcomargs.py
[2025-01-12 14:17:46,652] {processor.py:623} INFO - DAG(s) dict_keys(['example_xcom_args', 'example_xcom_args_with_operators']) retrieved from /home/jorge/Desktop/MÁSTER/SEGUNDO CURSO/BDFI/practica_docker/env/lib/python3.8/site-packages/airflow/example_dags/example_xcomargs.py
[2025-01-12 14:17:46,864] {logging_mixin.py:109} INFO - [2025-01-12 14:17:46,864] {dag.py:1834} INFO - Sync 2 DAGs
[2025-01-12 14:17:46,868] {logging_mixin.py:109} INFO - [2025-01-12 14:17:46,868] {dag.py:2287} INFO - Setting next_dagrun for example_xcom_args to None
[2025-01-12 14:17:46,868] {logging_mixin.py:109} INFO - [2025-01-12 14:17:46,868] {dag.py:2287} INFO - Setting next_dagrun for example_xcom_args_with_operators to None
[2025-01-12 14:17:46,877] {processor.py:170} INFO - Processing /home/jorge/Desktop/MÁSTER/SEGUNDO CURSO/BDFI/practica_docker/env/lib/python3.8/site-packages/airflow/example_dags/example_xcomargs.py took 0.244 seconds
[2025-01-12 14:18:19,358] {processor.py:162} INFO - Started process (PID=291223) to work on /home/jorge/Desktop/MÁSTER/SEGUNDO CURSO/BDFI/practica_docker/env/lib/python3.8/site-packages/airflow/example_dags/example_xcomargs.py
[2025-01-12 14:18:19,366] {processor.py:613} INFO - Processing file /home/jorge/Desktop/MÁSTER/SEGUNDO CURSO/BDFI/practica_docker/env/lib/python3.8/site-packages/airflow/example_dags/example_xcomargs.py for tasks to queue
[2025-01-12 14:18:19,367] {logging_mixin.py:109} INFO - [2025-01-12 14:18:19,367] {dagbag.py:496} INFO - Filling up the DagBag from /home/jorge/Desktop/MÁSTER/SEGUNDO CURSO/BDFI/practica_docker/env/lib/python3.8/site-packages/airflow/example_dags/example_xcomargs.py
[2025-01-12 14:18:19,382] {processor.py:623} INFO - DAG(s) dict_keys(['example_xcom_args', 'example_xcom_args_with_operators']) retrieved from /home/jorge/Desktop/MÁSTER/SEGUNDO CURSO/BDFI/practica_docker/env/lib/python3.8/site-packages/airflow/example_dags/example_xcomargs.py
[2025-01-12 14:18:19,394] {logging_mixin.py:109} INFO - [2025-01-12 14:18:19,394] {dag.py:1834} INFO - Sync 2 DAGs
[2025-01-12 14:18:19,400] {logging_mixin.py:109} INFO - [2025-01-12 14:18:19,400] {dag.py:2287} INFO - Setting next_dagrun for example_xcom_args to None
[2025-01-12 14:18:19,401] {logging_mixin.py:109} INFO - [2025-01-12 14:18:19,400] {dag.py:2287} INFO - Setting next_dagrun for example_xcom_args_with_operators to None
[2025-01-12 14:18:19,416] {processor.py:170} INFO - Processing /home/jorge/Desktop/MÁSTER/SEGUNDO CURSO/BDFI/practica_docker/env/lib/python3.8/site-packages/airflow/example_dags/example_xcomargs.py took 0.062 seconds
[2025-01-12 14:18:52,745] {processor.py:162} INFO - Started process (PID=291800) to work on /home/jorge/Desktop/MÁSTER/SEGUNDO CURSO/BDFI/practica_docker/env/lib/python3.8/site-packages/airflow/example_dags/example_xcomargs.py
[2025-01-12 14:18:52,746] {processor.py:613} INFO - Processing file /home/jorge/Desktop/MÁSTER/SEGUNDO CURSO/BDFI/practica_docker/env/lib/python3.8/site-packages/airflow/example_dags/example_xcomargs.py for tasks to queue
[2025-01-12 14:18:52,747] {logging_mixin.py:109} INFO - [2025-01-12 14:18:52,747] {dagbag.py:496} INFO - Filling up the DagBag from /home/jorge/Desktop/MÁSTER/SEGUNDO CURSO/BDFI/practica_docker/env/lib/python3.8/site-packages/airflow/example_dags/example_xcomargs.py
[2025-01-12 14:18:52,758] {processor.py:623} INFO - DAG(s) dict_keys(['example_xcom_args', 'example_xcom_args_with_operators']) retrieved from /home/jorge/Desktop/MÁSTER/SEGUNDO CURSO/BDFI/practica_docker/env/lib/python3.8/site-packages/airflow/example_dags/example_xcomargs.py
[2025-01-12 14:18:52,770] {logging_mixin.py:109} INFO - [2025-01-12 14:18:52,770] {dag.py:1834} INFO - Sync 2 DAGs
[2025-01-12 14:18:52,777] {logging_mixin.py:109} INFO - [2025-01-12 14:18:52,776] {dag.py:2287} INFO - Setting next_dagrun for example_xcom_args to None
[2025-01-12 14:18:52,777] {logging_mixin.py:109} INFO - [2025-01-12 14:18:52,777] {dag.py:2287} INFO - Setting next_dagrun for example_xcom_args_with_operators to None
[2025-01-12 14:18:52,786] {processor.py:170} INFO - Processing /home/jorge/Desktop/MÁSTER/SEGUNDO CURSO/BDFI/practica_docker/env/lib/python3.8/site-packages/airflow/example_dags/example_xcomargs.py took 0.045 seconds
[2025-01-12 14:19:27,673] {processor.py:162} INFO - Started process (PID=292497) to work on /home/jorge/Desktop/MÁSTER/SEGUNDO CURSO/BDFI/practica_docker/env/lib/python3.8/site-packages/airflow/example_dags/example_xcomargs.py
[2025-01-12 14:19:27,674] {processor.py:613} INFO - Processing file /home/jorge/Desktop/MÁSTER/SEGUNDO CURSO/BDFI/practica_docker/env/lib/python3.8/site-packages/airflow/example_dags/example_xcomargs.py for tasks to queue
[2025-01-12 14:19:27,675] {logging_mixin.py:109} INFO - [2025-01-12 14:19:27,674] {dagbag.py:496} INFO - Filling up the DagBag from /home/jorge/Desktop/MÁSTER/SEGUNDO CURSO/BDFI/practica_docker/env/lib/python3.8/site-packages/airflow/example_dags/example_xcomargs.py
[2025-01-12 14:19:27,694] {processor.py:623} INFO - DAG(s) dict_keys(['example_xcom_args', 'example_xcom_args_with_operators']) retrieved from /home/jorge/Desktop/MÁSTER/SEGUNDO CURSO/BDFI/practica_docker/env/lib/python3.8/site-packages/airflow/example_dags/example_xcomargs.py
[2025-01-12 14:19:27,714] {logging_mixin.py:109} INFO - [2025-01-12 14:19:27,713] {dag.py:1834} INFO - Sync 2 DAGs
[2025-01-12 14:19:27,725] {logging_mixin.py:109} INFO - [2025-01-12 14:19:27,725] {dag.py:2287} INFO - Setting next_dagrun for example_xcom_args to None
[2025-01-12 14:19:27,726] {logging_mixin.py:109} INFO - [2025-01-12 14:19:27,726] {dag.py:2287} INFO - Setting next_dagrun for example_xcom_args_with_operators to None
[2025-01-12 14:19:27,748] {processor.py:170} INFO - Processing /home/jorge/Desktop/MÁSTER/SEGUNDO CURSO/BDFI/practica_docker/env/lib/python3.8/site-packages/airflow/example_dags/example_xcomargs.py took 0.078 seconds
[2025-01-12 14:20:02,571] {processor.py:162} INFO - Started process (PID=293111) to work on /home/jorge/Desktop/MÁSTER/SEGUNDO CURSO/BDFI/practica_docker/env/lib/python3.8/site-packages/airflow/example_dags/example_xcomargs.py
[2025-01-12 14:20:02,573] {processor.py:613} INFO - Processing file /home/jorge/Desktop/MÁSTER/SEGUNDO CURSO/BDFI/practica_docker/env/lib/python3.8/site-packages/airflow/example_dags/example_xcomargs.py for tasks to queue
[2025-01-12 14:20:02,573] {logging_mixin.py:109} INFO - [2025-01-12 14:20:02,573] {dagbag.py:496} INFO - Filling up the DagBag from /home/jorge/Desktop/MÁSTER/SEGUNDO CURSO/BDFI/practica_docker/env/lib/python3.8/site-packages/airflow/example_dags/example_xcomargs.py
[2025-01-12 14:20:02,586] {processor.py:623} INFO - DAG(s) dict_keys(['example_xcom_args', 'example_xcom_args_with_operators']) retrieved from /home/jorge/Desktop/MÁSTER/SEGUNDO CURSO/BDFI/practica_docker/env/lib/python3.8/site-packages/airflow/example_dags/example_xcomargs.py
[2025-01-12 14:20:02,598] {logging_mixin.py:109} INFO - [2025-01-12 14:20:02,598] {dag.py:1834} INFO - Sync 2 DAGs
[2025-01-12 14:20:02,605] {logging_mixin.py:109} INFO - [2025-01-12 14:20:02,605] {dag.py:2287} INFO - Setting next_dagrun for example_xcom_args to None
[2025-01-12 14:20:02,605] {logging_mixin.py:109} INFO - [2025-01-12 14:20:02,605] {dag.py:2287} INFO - Setting next_dagrun for example_xcom_args_with_operators to None
[2025-01-12 14:20:02,614] {processor.py:170} INFO - Processing /home/jorge/Desktop/MÁSTER/SEGUNDO CURSO/BDFI/practica_docker/env/lib/python3.8/site-packages/airflow/example_dags/example_xcomargs.py took 0.046 seconds
[2025-01-12 14:20:37,504] {processor.py:162} INFO - Started process (PID=293261) to work on /home/jorge/Desktop/MÁSTER/SEGUNDO CURSO/BDFI/practica_docker/env/lib/python3.8/site-packages/airflow/example_dags/example_xcomargs.py
[2025-01-12 14:20:37,506] {processor.py:613} INFO - Processing file /home/jorge/Desktop/MÁSTER/SEGUNDO CURSO/BDFI/practica_docker/env/lib/python3.8/site-packages/airflow/example_dags/example_xcomargs.py for tasks to queue
[2025-01-12 14:20:37,506] {logging_mixin.py:109} INFO - [2025-01-12 14:20:37,506] {dagbag.py:496} INFO - Filling up the DagBag from /home/jorge/Desktop/MÁSTER/SEGUNDO CURSO/BDFI/practica_docker/env/lib/python3.8/site-packages/airflow/example_dags/example_xcomargs.py
[2025-01-12 14:20:37,529] {processor.py:623} INFO - DAG(s) dict_keys(['example_xcom_args', 'example_xcom_args_with_operators']) retrieved from /home/jorge/Desktop/MÁSTER/SEGUNDO CURSO/BDFI/practica_docker/env/lib/python3.8/site-packages/airflow/example_dags/example_xcomargs.py
[2025-01-12 14:20:38,340] {logging_mixin.py:109} INFO - [2025-01-12 14:20:38,328] {dag.py:1834} INFO - Sync 2 DAGs
[2025-01-12 14:20:38,371] {logging_mixin.py:109} INFO - [2025-01-12 14:20:38,371] {dag.py:2287} INFO - Setting next_dagrun for example_xcom_args to None
[2025-01-12 14:20:38,372] {logging_mixin.py:109} INFO - [2025-01-12 14:20:38,372] {dag.py:2287} INFO - Setting next_dagrun for example_xcom_args_with_operators to None
[2025-01-12 14:20:38,884] {processor.py:170} INFO - Processing /home/jorge/Desktop/MÁSTER/SEGUNDO CURSO/BDFI/practica_docker/env/lib/python3.8/site-packages/airflow/example_dags/example_xcomargs.py took 1.372 seconds
