[2025-01-12 13:51:12,499] {processor.py:162} INFO - Started process (PID=281069) to work on /home/jorge/Desktop/MÁSTER/SEGUNDO CURSO/BDFI/practica_docker/env/lib/python3.8/site-packages/airflow/example_dags/example_short_circuit_operator.py
[2025-01-12 13:51:12,501] {processor.py:613} INFO - Processing file /home/jorge/Desktop/MÁSTER/SEGUNDO CURSO/BDFI/practica_docker/env/lib/python3.8/site-packages/airflow/example_dags/example_short_circuit_operator.py for tasks to queue
[2025-01-12 13:51:12,502] {logging_mixin.py:109} INFO - [2025-01-12 13:51:12,502] {dagbag.py:496} INFO - Filling up the DagBag from /home/jorge/Desktop/MÁSTER/SEGUNDO CURSO/BDFI/practica_docker/env/lib/python3.8/site-packages/airflow/example_dags/example_short_circuit_operator.py
[2025-01-12 13:51:12,513] {processor.py:623} INFO - DAG(s) dict_keys(['example_short_circuit_operator']) retrieved from /home/jorge/Desktop/MÁSTER/SEGUNDO CURSO/BDFI/practica_docker/env/lib/python3.8/site-packages/airflow/example_dags/example_short_circuit_operator.py
[2025-01-12 13:51:12,523] {logging_mixin.py:109} INFO - [2025-01-12 13:51:12,522] {dag.py:1834} INFO - Sync 1 DAGs
[2025-01-12 13:51:12,528] {logging_mixin.py:109} INFO - [2025-01-12 13:51:12,528] {dag.py:2287} INFO - Setting next_dagrun for example_short_circuit_operator to 2025-01-10 00:00:00+00:00
[2025-01-12 13:51:12,536] {processor.py:170} INFO - Processing /home/jorge/Desktop/MÁSTER/SEGUNDO CURSO/BDFI/practica_docker/env/lib/python3.8/site-packages/airflow/example_dags/example_short_circuit_operator.py took 0.041 seconds
[2025-01-12 13:51:46,307] {processor.py:162} INFO - Started process (PID=281231) to work on /home/jorge/Desktop/MÁSTER/SEGUNDO CURSO/BDFI/practica_docker/env/lib/python3.8/site-packages/airflow/example_dags/example_short_circuit_operator.py
[2025-01-12 13:51:46,309] {processor.py:613} INFO - Processing file /home/jorge/Desktop/MÁSTER/SEGUNDO CURSO/BDFI/practica_docker/env/lib/python3.8/site-packages/airflow/example_dags/example_short_circuit_operator.py for tasks to queue
[2025-01-12 13:51:46,310] {logging_mixin.py:109} INFO - [2025-01-12 13:51:46,310] {dagbag.py:496} INFO - Filling up the DagBag from /home/jorge/Desktop/MÁSTER/SEGUNDO CURSO/BDFI/practica_docker/env/lib/python3.8/site-packages/airflow/example_dags/example_short_circuit_operator.py
[2025-01-12 13:51:46,321] {processor.py:623} INFO - DAG(s) dict_keys(['example_short_circuit_operator']) retrieved from /home/jorge/Desktop/MÁSTER/SEGUNDO CURSO/BDFI/practica_docker/env/lib/python3.8/site-packages/airflow/example_dags/example_short_circuit_operator.py
[2025-01-12 13:51:46,332] {logging_mixin.py:109} INFO - [2025-01-12 13:51:46,331] {dag.py:1834} INFO - Sync 1 DAGs
[2025-01-12 13:51:46,338] {logging_mixin.py:109} INFO - [2025-01-12 13:51:46,338] {dag.py:2287} INFO - Setting next_dagrun for example_short_circuit_operator to 2025-01-10 00:00:00+00:00
[2025-01-12 13:51:46,346] {processor.py:170} INFO - Processing /home/jorge/Desktop/MÁSTER/SEGUNDO CURSO/BDFI/practica_docker/env/lib/python3.8/site-packages/airflow/example_dags/example_short_circuit_operator.py took 0.042 seconds
[2025-01-12 13:52:19,812] {processor.py:162} INFO - Started process (PID=281409) to work on /home/jorge/Desktop/MÁSTER/SEGUNDO CURSO/BDFI/practica_docker/env/lib/python3.8/site-packages/airflow/example_dags/example_short_circuit_operator.py
[2025-01-12 13:52:19,813] {processor.py:613} INFO - Processing file /home/jorge/Desktop/MÁSTER/SEGUNDO CURSO/BDFI/practica_docker/env/lib/python3.8/site-packages/airflow/example_dags/example_short_circuit_operator.py for tasks to queue
[2025-01-12 13:52:19,814] {logging_mixin.py:109} INFO - [2025-01-12 13:52:19,814] {dagbag.py:496} INFO - Filling up the DagBag from /home/jorge/Desktop/MÁSTER/SEGUNDO CURSO/BDFI/practica_docker/env/lib/python3.8/site-packages/airflow/example_dags/example_short_circuit_operator.py
[2025-01-12 13:52:19,846] {processor.py:623} INFO - DAG(s) dict_keys(['example_short_circuit_operator']) retrieved from /home/jorge/Desktop/MÁSTER/SEGUNDO CURSO/BDFI/practica_docker/env/lib/python3.8/site-packages/airflow/example_dags/example_short_circuit_operator.py
[2025-01-12 13:52:19,867] {logging_mixin.py:109} INFO - [2025-01-12 13:52:19,867] {dag.py:1834} INFO - Sync 1 DAGs
[2025-01-12 13:52:19,877] {logging_mixin.py:109} INFO - [2025-01-12 13:52:19,877] {dag.py:2287} INFO - Setting next_dagrun for example_short_circuit_operator to 2025-01-10 00:00:00+00:00
[2025-01-12 13:52:19,894] {processor.py:170} INFO - Processing /home/jorge/Desktop/MÁSTER/SEGUNDO CURSO/BDFI/practica_docker/env/lib/python3.8/site-packages/airflow/example_dags/example_short_circuit_operator.py took 0.085 seconds
[2025-01-12 13:52:54,427] {processor.py:162} INFO - Started process (PID=281593) to work on /home/jorge/Desktop/MÁSTER/SEGUNDO CURSO/BDFI/practica_docker/env/lib/python3.8/site-packages/airflow/example_dags/example_short_circuit_operator.py
[2025-01-12 13:52:54,430] {processor.py:613} INFO - Processing file /home/jorge/Desktop/MÁSTER/SEGUNDO CURSO/BDFI/practica_docker/env/lib/python3.8/site-packages/airflow/example_dags/example_short_circuit_operator.py for tasks to queue
[2025-01-12 13:52:54,431] {logging_mixin.py:109} INFO - [2025-01-12 13:52:54,431] {dagbag.py:496} INFO - Filling up the DagBag from /home/jorge/Desktop/MÁSTER/SEGUNDO CURSO/BDFI/practica_docker/env/lib/python3.8/site-packages/airflow/example_dags/example_short_circuit_operator.py
[2025-01-12 13:52:54,458] {processor.py:623} INFO - DAG(s) dict_keys(['example_short_circuit_operator']) retrieved from /home/jorge/Desktop/MÁSTER/SEGUNDO CURSO/BDFI/practica_docker/env/lib/python3.8/site-packages/airflow/example_dags/example_short_circuit_operator.py
[2025-01-12 13:52:54,469] {logging_mixin.py:109} INFO - [2025-01-12 13:52:54,469] {dag.py:1834} INFO - Sync 1 DAGs
[2025-01-12 13:52:54,477] {logging_mixin.py:109} INFO - [2025-01-12 13:52:54,477] {dag.py:2287} INFO - Setting next_dagrun for example_short_circuit_operator to 2025-01-10 00:00:00+00:00
[2025-01-12 13:52:54,490] {processor.py:170} INFO - Processing /home/jorge/Desktop/MÁSTER/SEGUNDO CURSO/BDFI/practica_docker/env/lib/python3.8/site-packages/airflow/example_dags/example_short_circuit_operator.py took 0.067 seconds
[2025-01-12 13:53:35,745] {processor.py:162} INFO - Started process (PID=281834) to work on /home/jorge/Desktop/MÁSTER/SEGUNDO CURSO/BDFI/practica_docker/env/lib/python3.8/site-packages/airflow/example_dags/example_short_circuit_operator.py
[2025-01-12 13:53:35,746] {processor.py:613} INFO - Processing file /home/jorge/Desktop/MÁSTER/SEGUNDO CURSO/BDFI/practica_docker/env/lib/python3.8/site-packages/airflow/example_dags/example_short_circuit_operator.py for tasks to queue
[2025-01-12 13:53:35,746] {logging_mixin.py:109} INFO - [2025-01-12 13:53:35,746] {dagbag.py:496} INFO - Filling up the DagBag from /home/jorge/Desktop/MÁSTER/SEGUNDO CURSO/BDFI/practica_docker/env/lib/python3.8/site-packages/airflow/example_dags/example_short_circuit_operator.py
[2025-01-12 13:53:35,759] {processor.py:623} INFO - DAG(s) dict_keys(['example_short_circuit_operator']) retrieved from /home/jorge/Desktop/MÁSTER/SEGUNDO CURSO/BDFI/practica_docker/env/lib/python3.8/site-packages/airflow/example_dags/example_short_circuit_operator.py
[2025-01-12 13:53:35,771] {logging_mixin.py:109} INFO - [2025-01-12 13:53:35,770] {dag.py:1834} INFO - Sync 1 DAGs
[2025-01-12 13:53:35,779] {logging_mixin.py:109} INFO - [2025-01-12 13:53:35,779] {dag.py:2287} INFO - Setting next_dagrun for example_short_circuit_operator to 2025-01-10 00:00:00+00:00
[2025-01-12 13:53:35,790] {processor.py:170} INFO - Processing /home/jorge/Desktop/MÁSTER/SEGUNDO CURSO/BDFI/practica_docker/env/lib/python3.8/site-packages/airflow/example_dags/example_short_circuit_operator.py took 0.048 seconds
[2025-01-12 13:54:10,956] {processor.py:162} INFO - Started process (PID=282012) to work on /home/jorge/Desktop/MÁSTER/SEGUNDO CURSO/BDFI/practica_docker/env/lib/python3.8/site-packages/airflow/example_dags/example_short_circuit_operator.py
[2025-01-12 13:54:10,957] {processor.py:613} INFO - Processing file /home/jorge/Desktop/MÁSTER/SEGUNDO CURSO/BDFI/practica_docker/env/lib/python3.8/site-packages/airflow/example_dags/example_short_circuit_operator.py for tasks to queue
[2025-01-12 13:54:10,957] {logging_mixin.py:109} INFO - [2025-01-12 13:54:10,957] {dagbag.py:496} INFO - Filling up the DagBag from /home/jorge/Desktop/MÁSTER/SEGUNDO CURSO/BDFI/practica_docker/env/lib/python3.8/site-packages/airflow/example_dags/example_short_circuit_operator.py
[2025-01-12 13:54:10,968] {processor.py:623} INFO - DAG(s) dict_keys(['example_short_circuit_operator']) retrieved from /home/jorge/Desktop/MÁSTER/SEGUNDO CURSO/BDFI/practica_docker/env/lib/python3.8/site-packages/airflow/example_dags/example_short_circuit_operator.py
[2025-01-12 13:54:10,979] {logging_mixin.py:109} INFO - [2025-01-12 13:54:10,979] {dag.py:1834} INFO - Sync 1 DAGs
[2025-01-12 13:54:10,988] {logging_mixin.py:109} INFO - [2025-01-12 13:54:10,988] {dag.py:2287} INFO - Setting next_dagrun for example_short_circuit_operator to 2025-01-10 00:00:00+00:00
[2025-01-12 13:54:10,998] {processor.py:170} INFO - Processing /home/jorge/Desktop/MÁSTER/SEGUNDO CURSO/BDFI/practica_docker/env/lib/python3.8/site-packages/airflow/example_dags/example_short_circuit_operator.py took 0.044 seconds
[2025-01-12 13:54:44,529] {processor.py:162} INFO - Started process (PID=282169) to work on /home/jorge/Desktop/MÁSTER/SEGUNDO CURSO/BDFI/practica_docker/env/lib/python3.8/site-packages/airflow/example_dags/example_short_circuit_operator.py
[2025-01-12 13:54:44,530] {processor.py:613} INFO - Processing file /home/jorge/Desktop/MÁSTER/SEGUNDO CURSO/BDFI/practica_docker/env/lib/python3.8/site-packages/airflow/example_dags/example_short_circuit_operator.py for tasks to queue
[2025-01-12 13:54:44,530] {logging_mixin.py:109} INFO - [2025-01-12 13:54:44,530] {dagbag.py:496} INFO - Filling up the DagBag from /home/jorge/Desktop/MÁSTER/SEGUNDO CURSO/BDFI/practica_docker/env/lib/python3.8/site-packages/airflow/example_dags/example_short_circuit_operator.py
[2025-01-12 13:54:44,538] {processor.py:623} INFO - DAG(s) dict_keys(['example_short_circuit_operator']) retrieved from /home/jorge/Desktop/MÁSTER/SEGUNDO CURSO/BDFI/practica_docker/env/lib/python3.8/site-packages/airflow/example_dags/example_short_circuit_operator.py
[2025-01-12 13:54:44,547] {logging_mixin.py:109} INFO - [2025-01-12 13:54:44,547] {dag.py:1834} INFO - Sync 1 DAGs
[2025-01-12 13:54:44,553] {logging_mixin.py:109} INFO - [2025-01-12 13:54:44,553] {dag.py:2287} INFO - Setting next_dagrun for example_short_circuit_operator to 2025-01-10 00:00:00+00:00
[2025-01-12 13:54:44,560] {processor.py:170} INFO - Processing /home/jorge/Desktop/MÁSTER/SEGUNDO CURSO/BDFI/practica_docker/env/lib/python3.8/site-packages/airflow/example_dags/example_short_circuit_operator.py took 0.033 seconds
[2025-01-12 13:55:17,235] {processor.py:162} INFO - Started process (PID=282330) to work on /home/jorge/Desktop/MÁSTER/SEGUNDO CURSO/BDFI/practica_docker/env/lib/python3.8/site-packages/airflow/example_dags/example_short_circuit_operator.py
[2025-01-12 13:55:17,237] {processor.py:613} INFO - Processing file /home/jorge/Desktop/MÁSTER/SEGUNDO CURSO/BDFI/practica_docker/env/lib/python3.8/site-packages/airflow/example_dags/example_short_circuit_operator.py for tasks to queue
[2025-01-12 13:55:17,237] {logging_mixin.py:109} INFO - [2025-01-12 13:55:17,237] {dagbag.py:496} INFO - Filling up the DagBag from /home/jorge/Desktop/MÁSTER/SEGUNDO CURSO/BDFI/practica_docker/env/lib/python3.8/site-packages/airflow/example_dags/example_short_circuit_operator.py
[2025-01-12 13:55:17,249] {processor.py:623} INFO - DAG(s) dict_keys(['example_short_circuit_operator']) retrieved from /home/jorge/Desktop/MÁSTER/SEGUNDO CURSO/BDFI/practica_docker/env/lib/python3.8/site-packages/airflow/example_dags/example_short_circuit_operator.py
[2025-01-12 13:55:17,265] {logging_mixin.py:109} INFO - [2025-01-12 13:55:17,265] {dag.py:1834} INFO - Sync 1 DAGs
[2025-01-12 13:55:17,273] {logging_mixin.py:109} INFO - [2025-01-12 13:55:17,273] {dag.py:2287} INFO - Setting next_dagrun for example_short_circuit_operator to 2025-01-10 00:00:00+00:00
[2025-01-12 13:55:17,283] {processor.py:170} INFO - Processing /home/jorge/Desktop/MÁSTER/SEGUNDO CURSO/BDFI/practica_docker/env/lib/python3.8/site-packages/airflow/example_dags/example_short_circuit_operator.py took 0.050 seconds
[2025-01-12 13:55:51,794] {processor.py:162} INFO - Started process (PID=282621) to work on /home/jorge/Desktop/MÁSTER/SEGUNDO CURSO/BDFI/practica_docker/env/lib/python3.8/site-packages/airflow/example_dags/example_short_circuit_operator.py
[2025-01-12 13:55:51,795] {processor.py:613} INFO - Processing file /home/jorge/Desktop/MÁSTER/SEGUNDO CURSO/BDFI/practica_docker/env/lib/python3.8/site-packages/airflow/example_dags/example_short_circuit_operator.py for tasks to queue
[2025-01-12 13:55:51,796] {logging_mixin.py:109} INFO - [2025-01-12 13:55:51,795] {dagbag.py:496} INFO - Filling up the DagBag from /home/jorge/Desktop/MÁSTER/SEGUNDO CURSO/BDFI/practica_docker/env/lib/python3.8/site-packages/airflow/example_dags/example_short_circuit_operator.py
[2025-01-12 13:55:51,807] {processor.py:623} INFO - DAG(s) dict_keys(['example_short_circuit_operator']) retrieved from /home/jorge/Desktop/MÁSTER/SEGUNDO CURSO/BDFI/practica_docker/env/lib/python3.8/site-packages/airflow/example_dags/example_short_circuit_operator.py
[2025-01-12 13:55:51,819] {logging_mixin.py:109} INFO - [2025-01-12 13:55:51,819] {dag.py:1834} INFO - Sync 1 DAGs
[2025-01-12 13:55:51,828] {logging_mixin.py:109} INFO - [2025-01-12 13:55:51,828] {dag.py:2287} INFO - Setting next_dagrun for example_short_circuit_operator to 2025-01-10 00:00:00+00:00
[2025-01-12 13:55:51,841] {processor.py:170} INFO - Processing /home/jorge/Desktop/MÁSTER/SEGUNDO CURSO/BDFI/practica_docker/env/lib/python3.8/site-packages/airflow/example_dags/example_short_circuit_operator.py took 0.049 seconds
[2025-01-12 13:56:27,719] {processor.py:162} INFO - Started process (PID=282885) to work on /home/jorge/Desktop/MÁSTER/SEGUNDO CURSO/BDFI/practica_docker/env/lib/python3.8/site-packages/airflow/example_dags/example_short_circuit_operator.py
[2025-01-12 13:56:27,720] {processor.py:613} INFO - Processing file /home/jorge/Desktop/MÁSTER/SEGUNDO CURSO/BDFI/practica_docker/env/lib/python3.8/site-packages/airflow/example_dags/example_short_circuit_operator.py for tasks to queue
[2025-01-12 13:56:27,721] {logging_mixin.py:109} INFO - [2025-01-12 13:56:27,721] {dagbag.py:496} INFO - Filling up the DagBag from /home/jorge/Desktop/MÁSTER/SEGUNDO CURSO/BDFI/practica_docker/env/lib/python3.8/site-packages/airflow/example_dags/example_short_circuit_operator.py
[2025-01-12 13:56:27,768] {processor.py:623} INFO - DAG(s) dict_keys(['example_short_circuit_operator']) retrieved from /home/jorge/Desktop/MÁSTER/SEGUNDO CURSO/BDFI/practica_docker/env/lib/python3.8/site-packages/airflow/example_dags/example_short_circuit_operator.py
[2025-01-12 13:56:27,797] {logging_mixin.py:109} INFO - [2025-01-12 13:56:27,797] {dag.py:1834} INFO - Sync 1 DAGs
[2025-01-12 13:56:27,809] {logging_mixin.py:109} INFO - [2025-01-12 13:56:27,809] {dag.py:2287} INFO - Setting next_dagrun for example_short_circuit_operator to 2025-01-10 00:00:00+00:00
[2025-01-12 13:56:27,832] {processor.py:170} INFO - Processing /home/jorge/Desktop/MÁSTER/SEGUNDO CURSO/BDFI/practica_docker/env/lib/python3.8/site-packages/airflow/example_dags/example_short_circuit_operator.py took 0.119 seconds
[2025-01-12 13:57:04,383] {processor.py:162} INFO - Started process (PID=283106) to work on /home/jorge/Desktop/MÁSTER/SEGUNDO CURSO/BDFI/practica_docker/env/lib/python3.8/site-packages/airflow/example_dags/example_short_circuit_operator.py
[2025-01-12 13:57:04,385] {processor.py:613} INFO - Processing file /home/jorge/Desktop/MÁSTER/SEGUNDO CURSO/BDFI/practica_docker/env/lib/python3.8/site-packages/airflow/example_dags/example_short_circuit_operator.py for tasks to queue
[2025-01-12 13:57:04,385] {logging_mixin.py:109} INFO - [2025-01-12 13:57:04,385] {dagbag.py:496} INFO - Filling up the DagBag from /home/jorge/Desktop/MÁSTER/SEGUNDO CURSO/BDFI/practica_docker/env/lib/python3.8/site-packages/airflow/example_dags/example_short_circuit_operator.py
[2025-01-12 13:57:04,411] {processor.py:623} INFO - DAG(s) dict_keys(['example_short_circuit_operator']) retrieved from /home/jorge/Desktop/MÁSTER/SEGUNDO CURSO/BDFI/practica_docker/env/lib/python3.8/site-packages/airflow/example_dags/example_short_circuit_operator.py
[2025-01-12 13:57:04,431] {logging_mixin.py:109} INFO - [2025-01-12 13:57:04,431] {dag.py:1834} INFO - Sync 1 DAGs
[2025-01-12 13:57:04,442] {logging_mixin.py:109} INFO - [2025-01-12 13:57:04,442] {dag.py:2287} INFO - Setting next_dagrun for example_short_circuit_operator to 2025-01-10 00:00:00+00:00
[2025-01-12 13:57:04,460] {processor.py:170} INFO - Processing /home/jorge/Desktop/MÁSTER/SEGUNDO CURSO/BDFI/practica_docker/env/lib/python3.8/site-packages/airflow/example_dags/example_short_circuit_operator.py took 0.082 seconds
[2025-01-12 13:57:39,754] {processor.py:162} INFO - Started process (PID=283265) to work on /home/jorge/Desktop/MÁSTER/SEGUNDO CURSO/BDFI/practica_docker/env/lib/python3.8/site-packages/airflow/example_dags/example_short_circuit_operator.py
[2025-01-12 13:57:39,756] {processor.py:613} INFO - Processing file /home/jorge/Desktop/MÁSTER/SEGUNDO CURSO/BDFI/practica_docker/env/lib/python3.8/site-packages/airflow/example_dags/example_short_circuit_operator.py for tasks to queue
[2025-01-12 13:57:39,756] {logging_mixin.py:109} INFO - [2025-01-12 13:57:39,756] {dagbag.py:496} INFO - Filling up the DagBag from /home/jorge/Desktop/MÁSTER/SEGUNDO CURSO/BDFI/practica_docker/env/lib/python3.8/site-packages/airflow/example_dags/example_short_circuit_operator.py
[2025-01-12 13:57:39,785] {processor.py:623} INFO - DAG(s) dict_keys(['example_short_circuit_operator']) retrieved from /home/jorge/Desktop/MÁSTER/SEGUNDO CURSO/BDFI/practica_docker/env/lib/python3.8/site-packages/airflow/example_dags/example_short_circuit_operator.py
[2025-01-12 13:57:39,798] {logging_mixin.py:109} INFO - [2025-01-12 13:57:39,798] {dag.py:1834} INFO - Sync 1 DAGs
[2025-01-12 13:57:39,808] {logging_mixin.py:109} INFO - [2025-01-12 13:57:39,808] {dag.py:2287} INFO - Setting next_dagrun for example_short_circuit_operator to 2025-01-10 00:00:00+00:00
[2025-01-12 13:57:39,822] {processor.py:170} INFO - Processing /home/jorge/Desktop/MÁSTER/SEGUNDO CURSO/BDFI/practica_docker/env/lib/python3.8/site-packages/airflow/example_dags/example_short_circuit_operator.py took 0.071 seconds
[2025-01-12 14:06:02,693] {processor.py:162} INFO - Started process (PID=283705) to work on /home/jorge/Desktop/MÁSTER/SEGUNDO CURSO/BDFI/practica_docker/env/lib/python3.8/site-packages/airflow/example_dags/example_short_circuit_operator.py
[2025-01-12 14:06:02,695] {processor.py:613} INFO - Processing file /home/jorge/Desktop/MÁSTER/SEGUNDO CURSO/BDFI/practica_docker/env/lib/python3.8/site-packages/airflow/example_dags/example_short_circuit_operator.py for tasks to queue
[2025-01-12 14:06:02,696] {logging_mixin.py:109} INFO - [2025-01-12 14:06:02,696] {dagbag.py:496} INFO - Filling up the DagBag from /home/jorge/Desktop/MÁSTER/SEGUNDO CURSO/BDFI/practica_docker/env/lib/python3.8/site-packages/airflow/example_dags/example_short_circuit_operator.py
[2025-01-12 14:06:02,706] {processor.py:623} INFO - DAG(s) dict_keys(['example_short_circuit_operator']) retrieved from /home/jorge/Desktop/MÁSTER/SEGUNDO CURSO/BDFI/practica_docker/env/lib/python3.8/site-packages/airflow/example_dags/example_short_circuit_operator.py
[2025-01-12 14:06:02,717] {logging_mixin.py:109} INFO - [2025-01-12 14:06:02,717] {dag.py:1834} INFO - Sync 1 DAGs
[2025-01-12 14:06:02,724] {logging_mixin.py:109} INFO - [2025-01-12 14:06:02,724] {dag.py:2287} INFO - Setting next_dagrun for example_short_circuit_operator to 2025-01-10 00:00:00+00:00
[2025-01-12 14:06:02,734] {processor.py:170} INFO - Processing /home/jorge/Desktop/MÁSTER/SEGUNDO CURSO/BDFI/practica_docker/env/lib/python3.8/site-packages/airflow/example_dags/example_short_circuit_operator.py took 0.044 seconds
[2025-01-12 14:06:36,031] {processor.py:162} INFO - Started process (PID=283854) to work on /home/jorge/Desktop/MÁSTER/SEGUNDO CURSO/BDFI/practica_docker/env/lib/python3.8/site-packages/airflow/example_dags/example_short_circuit_operator.py
[2025-01-12 14:06:36,031] {processor.py:613} INFO - Processing file /home/jorge/Desktop/MÁSTER/SEGUNDO CURSO/BDFI/practica_docker/env/lib/python3.8/site-packages/airflow/example_dags/example_short_circuit_operator.py for tasks to queue
[2025-01-12 14:06:36,032] {logging_mixin.py:109} INFO - [2025-01-12 14:06:36,032] {dagbag.py:496} INFO - Filling up the DagBag from /home/jorge/Desktop/MÁSTER/SEGUNDO CURSO/BDFI/practica_docker/env/lib/python3.8/site-packages/airflow/example_dags/example_short_circuit_operator.py
[2025-01-12 14:06:36,039] {processor.py:623} INFO - DAG(s) dict_keys(['example_short_circuit_operator']) retrieved from /home/jorge/Desktop/MÁSTER/SEGUNDO CURSO/BDFI/practica_docker/env/lib/python3.8/site-packages/airflow/example_dags/example_short_circuit_operator.py
[2025-01-12 14:06:36,048] {logging_mixin.py:109} INFO - [2025-01-12 14:06:36,048] {dag.py:1834} INFO - Sync 1 DAGs
[2025-01-12 14:06:36,052] {logging_mixin.py:109} INFO - [2025-01-12 14:06:36,052] {dag.py:2287} INFO - Setting next_dagrun for example_short_circuit_operator to 2025-01-10 00:00:00+00:00
[2025-01-12 14:06:36,059] {processor.py:170} INFO - Processing /home/jorge/Desktop/MÁSTER/SEGUNDO CURSO/BDFI/practica_docker/env/lib/python3.8/site-packages/airflow/example_dags/example_short_circuit_operator.py took 0.030 seconds
[2025-01-12 14:07:08,667] {processor.py:162} INFO - Started process (PID=284012) to work on /home/jorge/Desktop/MÁSTER/SEGUNDO CURSO/BDFI/practica_docker/env/lib/python3.8/site-packages/airflow/example_dags/example_short_circuit_operator.py
[2025-01-12 14:07:08,670] {processor.py:613} INFO - Processing file /home/jorge/Desktop/MÁSTER/SEGUNDO CURSO/BDFI/practica_docker/env/lib/python3.8/site-packages/airflow/example_dags/example_short_circuit_operator.py for tasks to queue
[2025-01-12 14:07:08,671] {logging_mixin.py:109} INFO - [2025-01-12 14:07:08,671] {dagbag.py:496} INFO - Filling up the DagBag from /home/jorge/Desktop/MÁSTER/SEGUNDO CURSO/BDFI/practica_docker/env/lib/python3.8/site-packages/airflow/example_dags/example_short_circuit_operator.py
[2025-01-12 14:07:08,678] {processor.py:623} INFO - DAG(s) dict_keys(['example_short_circuit_operator']) retrieved from /home/jorge/Desktop/MÁSTER/SEGUNDO CURSO/BDFI/practica_docker/env/lib/python3.8/site-packages/airflow/example_dags/example_short_circuit_operator.py
[2025-01-12 14:07:08,686] {logging_mixin.py:109} INFO - [2025-01-12 14:07:08,686] {dag.py:1834} INFO - Sync 1 DAGs
[2025-01-12 14:07:08,690] {logging_mixin.py:109} INFO - [2025-01-12 14:07:08,690] {dag.py:2287} INFO - Setting next_dagrun for example_short_circuit_operator to 2025-01-10 00:00:00+00:00
[2025-01-12 14:07:08,697] {processor.py:170} INFO - Processing /home/jorge/Desktop/MÁSTER/SEGUNDO CURSO/BDFI/practica_docker/env/lib/python3.8/site-packages/airflow/example_dags/example_short_circuit_operator.py took 0.033 seconds
[2025-01-12 14:07:42,051] {processor.py:162} INFO - Started process (PID=284162) to work on /home/jorge/Desktop/MÁSTER/SEGUNDO CURSO/BDFI/practica_docker/env/lib/python3.8/site-packages/airflow/example_dags/example_short_circuit_operator.py
[2025-01-12 14:07:42,053] {processor.py:613} INFO - Processing file /home/jorge/Desktop/MÁSTER/SEGUNDO CURSO/BDFI/practica_docker/env/lib/python3.8/site-packages/airflow/example_dags/example_short_circuit_operator.py for tasks to queue
[2025-01-12 14:07:42,054] {logging_mixin.py:109} INFO - [2025-01-12 14:07:42,054] {dagbag.py:496} INFO - Filling up the DagBag from /home/jorge/Desktop/MÁSTER/SEGUNDO CURSO/BDFI/practica_docker/env/lib/python3.8/site-packages/airflow/example_dags/example_short_circuit_operator.py
[2025-01-12 14:07:42,063] {processor.py:623} INFO - DAG(s) dict_keys(['example_short_circuit_operator']) retrieved from /home/jorge/Desktop/MÁSTER/SEGUNDO CURSO/BDFI/practica_docker/env/lib/python3.8/site-packages/airflow/example_dags/example_short_circuit_operator.py
[2025-01-12 14:07:42,071] {logging_mixin.py:109} INFO - [2025-01-12 14:07:42,071] {dag.py:1834} INFO - Sync 1 DAGs
[2025-01-12 14:07:42,076] {logging_mixin.py:109} INFO - [2025-01-12 14:07:42,076] {dag.py:2287} INFO - Setting next_dagrun for example_short_circuit_operator to 2025-01-10 00:00:00+00:00
[2025-01-12 14:07:42,083] {processor.py:170} INFO - Processing /home/jorge/Desktop/MÁSTER/SEGUNDO CURSO/BDFI/practica_docker/env/lib/python3.8/site-packages/airflow/example_dags/example_short_circuit_operator.py took 0.036 seconds
[2025-01-12 14:08:15,543] {processor.py:162} INFO - Started process (PID=284310) to work on /home/jorge/Desktop/MÁSTER/SEGUNDO CURSO/BDFI/practica_docker/env/lib/python3.8/site-packages/airflow/example_dags/example_short_circuit_operator.py
[2025-01-12 14:08:15,550] {processor.py:613} INFO - Processing file /home/jorge/Desktop/MÁSTER/SEGUNDO CURSO/BDFI/practica_docker/env/lib/python3.8/site-packages/airflow/example_dags/example_short_circuit_operator.py for tasks to queue
[2025-01-12 14:08:15,551] {logging_mixin.py:109} INFO - [2025-01-12 14:08:15,551] {dagbag.py:496} INFO - Filling up the DagBag from /home/jorge/Desktop/MÁSTER/SEGUNDO CURSO/BDFI/practica_docker/env/lib/python3.8/site-packages/airflow/example_dags/example_short_circuit_operator.py
[2025-01-12 14:08:15,560] {processor.py:623} INFO - DAG(s) dict_keys(['example_short_circuit_operator']) retrieved from /home/jorge/Desktop/MÁSTER/SEGUNDO CURSO/BDFI/practica_docker/env/lib/python3.8/site-packages/airflow/example_dags/example_short_circuit_operator.py
[2025-01-12 14:08:15,569] {logging_mixin.py:109} INFO - [2025-01-12 14:08:15,569] {dag.py:1834} INFO - Sync 1 DAGs
[2025-01-12 14:08:15,573] {logging_mixin.py:109} INFO - [2025-01-12 14:08:15,573] {dag.py:2287} INFO - Setting next_dagrun for example_short_circuit_operator to 2025-01-10 00:00:00+00:00
[2025-01-12 14:08:15,580] {processor.py:170} INFO - Processing /home/jorge/Desktop/MÁSTER/SEGUNDO CURSO/BDFI/practica_docker/env/lib/python3.8/site-packages/airflow/example_dags/example_short_circuit_operator.py took 0.041 seconds
[2025-01-12 14:08:47,053] {processor.py:162} INFO - Started process (PID=284460) to work on /home/jorge/Desktop/MÁSTER/SEGUNDO CURSO/BDFI/practica_docker/env/lib/python3.8/site-packages/airflow/example_dags/example_short_circuit_operator.py
[2025-01-12 14:08:47,059] {processor.py:613} INFO - Processing file /home/jorge/Desktop/MÁSTER/SEGUNDO CURSO/BDFI/practica_docker/env/lib/python3.8/site-packages/airflow/example_dags/example_short_circuit_operator.py for tasks to queue
[2025-01-12 14:08:47,060] {logging_mixin.py:109} INFO - [2025-01-12 14:08:47,060] {dagbag.py:496} INFO - Filling up the DagBag from /home/jorge/Desktop/MÁSTER/SEGUNDO CURSO/BDFI/practica_docker/env/lib/python3.8/site-packages/airflow/example_dags/example_short_circuit_operator.py
[2025-01-12 14:08:47,069] {processor.py:623} INFO - DAG(s) dict_keys(['example_short_circuit_operator']) retrieved from /home/jorge/Desktop/MÁSTER/SEGUNDO CURSO/BDFI/practica_docker/env/lib/python3.8/site-packages/airflow/example_dags/example_short_circuit_operator.py
[2025-01-12 14:08:47,078] {logging_mixin.py:109} INFO - [2025-01-12 14:08:47,078] {dag.py:1834} INFO - Sync 1 DAGs
[2025-01-12 14:08:47,082] {logging_mixin.py:109} INFO - [2025-01-12 14:08:47,082] {dag.py:2287} INFO - Setting next_dagrun for example_short_circuit_operator to 2025-01-10 00:00:00+00:00
[2025-01-12 14:08:47,090] {processor.py:170} INFO - Processing /home/jorge/Desktop/MÁSTER/SEGUNDO CURSO/BDFI/practica_docker/env/lib/python3.8/site-packages/airflow/example_dags/example_short_circuit_operator.py took 0.041 seconds
[2025-01-12 14:09:20,365] {processor.py:162} INFO - Started process (PID=284602) to work on /home/jorge/Desktop/MÁSTER/SEGUNDO CURSO/BDFI/practica_docker/env/lib/python3.8/site-packages/airflow/example_dags/example_short_circuit_operator.py
[2025-01-12 14:09:20,372] {processor.py:613} INFO - Processing file /home/jorge/Desktop/MÁSTER/SEGUNDO CURSO/BDFI/practica_docker/env/lib/python3.8/site-packages/airflow/example_dags/example_short_circuit_operator.py for tasks to queue
[2025-01-12 14:09:20,373] {logging_mixin.py:109} INFO - [2025-01-12 14:09:20,373] {dagbag.py:496} INFO - Filling up the DagBag from /home/jorge/Desktop/MÁSTER/SEGUNDO CURSO/BDFI/practica_docker/env/lib/python3.8/site-packages/airflow/example_dags/example_short_circuit_operator.py
[2025-01-12 14:09:20,378] {processor.py:623} INFO - DAG(s) dict_keys(['example_short_circuit_operator']) retrieved from /home/jorge/Desktop/MÁSTER/SEGUNDO CURSO/BDFI/practica_docker/env/lib/python3.8/site-packages/airflow/example_dags/example_short_circuit_operator.py
[2025-01-12 14:09:20,387] {logging_mixin.py:109} INFO - [2025-01-12 14:09:20,387] {dag.py:1834} INFO - Sync 1 DAGs
[2025-01-12 14:09:20,391] {logging_mixin.py:109} INFO - [2025-01-12 14:09:20,391] {dag.py:2287} INFO - Setting next_dagrun for example_short_circuit_operator to 2025-01-10 00:00:00+00:00
[2025-01-12 14:09:20,400] {processor.py:170} INFO - Processing /home/jorge/Desktop/MÁSTER/SEGUNDO CURSO/BDFI/practica_docker/env/lib/python3.8/site-packages/airflow/example_dags/example_short_circuit_operator.py took 0.039 seconds
[2025-01-12 14:09:54,087] {processor.py:162} INFO - Started process (PID=284773) to work on /home/jorge/Desktop/MÁSTER/SEGUNDO CURSO/BDFI/practica_docker/env/lib/python3.8/site-packages/airflow/example_dags/example_short_circuit_operator.py
[2025-01-12 14:09:54,088] {processor.py:613} INFO - Processing file /home/jorge/Desktop/MÁSTER/SEGUNDO CURSO/BDFI/practica_docker/env/lib/python3.8/site-packages/airflow/example_dags/example_short_circuit_operator.py for tasks to queue
[2025-01-12 14:09:54,088] {logging_mixin.py:109} INFO - [2025-01-12 14:09:54,088] {dagbag.py:496} INFO - Filling up the DagBag from /home/jorge/Desktop/MÁSTER/SEGUNDO CURSO/BDFI/practica_docker/env/lib/python3.8/site-packages/airflow/example_dags/example_short_circuit_operator.py
[2025-01-12 14:09:54,093] {processor.py:623} INFO - DAG(s) dict_keys(['example_short_circuit_operator']) retrieved from /home/jorge/Desktop/MÁSTER/SEGUNDO CURSO/BDFI/practica_docker/env/lib/python3.8/site-packages/airflow/example_dags/example_short_circuit_operator.py
[2025-01-12 14:09:54,101] {logging_mixin.py:109} INFO - [2025-01-12 14:09:54,101] {dag.py:1834} INFO - Sync 1 DAGs
[2025-01-12 14:09:54,105] {logging_mixin.py:109} INFO - [2025-01-12 14:09:54,105] {dag.py:2287} INFO - Setting next_dagrun for example_short_circuit_operator to 2025-01-10 00:00:00+00:00
[2025-01-12 14:09:54,113] {processor.py:170} INFO - Processing /home/jorge/Desktop/MÁSTER/SEGUNDO CURSO/BDFI/practica_docker/env/lib/python3.8/site-packages/airflow/example_dags/example_short_circuit_operator.py took 0.028 seconds
[2025-01-12 14:10:26,432] {processor.py:162} INFO - Started process (PID=284915) to work on /home/jorge/Desktop/MÁSTER/SEGUNDO CURSO/BDFI/practica_docker/env/lib/python3.8/site-packages/airflow/example_dags/example_short_circuit_operator.py
[2025-01-12 14:10:26,433] {processor.py:613} INFO - Processing file /home/jorge/Desktop/MÁSTER/SEGUNDO CURSO/BDFI/practica_docker/env/lib/python3.8/site-packages/airflow/example_dags/example_short_circuit_operator.py for tasks to queue
[2025-01-12 14:10:26,434] {logging_mixin.py:109} INFO - [2025-01-12 14:10:26,433] {dagbag.py:496} INFO - Filling up the DagBag from /home/jorge/Desktop/MÁSTER/SEGUNDO CURSO/BDFI/practica_docker/env/lib/python3.8/site-packages/airflow/example_dags/example_short_circuit_operator.py
[2025-01-12 14:10:26,441] {processor.py:623} INFO - DAG(s) dict_keys(['example_short_circuit_operator']) retrieved from /home/jorge/Desktop/MÁSTER/SEGUNDO CURSO/BDFI/practica_docker/env/lib/python3.8/site-packages/airflow/example_dags/example_short_circuit_operator.py
[2025-01-12 14:10:26,449] {logging_mixin.py:109} INFO - [2025-01-12 14:10:26,449] {dag.py:1834} INFO - Sync 1 DAGs
[2025-01-12 14:10:26,454] {logging_mixin.py:109} INFO - [2025-01-12 14:10:26,454] {dag.py:2287} INFO - Setting next_dagrun for example_short_circuit_operator to 2025-01-10 00:00:00+00:00
[2025-01-12 14:10:26,462] {processor.py:170} INFO - Processing /home/jorge/Desktop/MÁSTER/SEGUNDO CURSO/BDFI/practica_docker/env/lib/python3.8/site-packages/airflow/example_dags/example_short_circuit_operator.py took 0.032 seconds
[2025-01-12 14:11:04,729] {processor.py:162} INFO - Started process (PID=285213) to work on /home/jorge/Desktop/MÁSTER/SEGUNDO CURSO/BDFI/practica_docker/env/lib/python3.8/site-packages/airflow/example_dags/example_short_circuit_operator.py
[2025-01-12 14:11:04,731] {processor.py:613} INFO - Processing file /home/jorge/Desktop/MÁSTER/SEGUNDO CURSO/BDFI/practica_docker/env/lib/python3.8/site-packages/airflow/example_dags/example_short_circuit_operator.py for tasks to queue
[2025-01-12 14:11:04,732] {logging_mixin.py:109} INFO - [2025-01-12 14:11:04,732] {dagbag.py:496} INFO - Filling up the DagBag from /home/jorge/Desktop/MÁSTER/SEGUNDO CURSO/BDFI/practica_docker/env/lib/python3.8/site-packages/airflow/example_dags/example_short_circuit_operator.py
[2025-01-12 14:11:04,739] {processor.py:623} INFO - DAG(s) dict_keys(['example_short_circuit_operator']) retrieved from /home/jorge/Desktop/MÁSTER/SEGUNDO CURSO/BDFI/practica_docker/env/lib/python3.8/site-packages/airflow/example_dags/example_short_circuit_operator.py
[2025-01-12 14:11:04,746] {logging_mixin.py:109} INFO - [2025-01-12 14:11:04,746] {dag.py:1834} INFO - Sync 1 DAGs
[2025-01-12 14:11:04,751] {logging_mixin.py:109} INFO - [2025-01-12 14:11:04,751] {dag.py:2287} INFO - Setting next_dagrun for example_short_circuit_operator to 2025-01-10 00:00:00+00:00
[2025-01-12 14:11:04,760] {processor.py:170} INFO - Processing /home/jorge/Desktop/MÁSTER/SEGUNDO CURSO/BDFI/practica_docker/env/lib/python3.8/site-packages/airflow/example_dags/example_short_circuit_operator.py took 0.034 seconds
[2025-01-12 14:11:37,723] {processor.py:162} INFO - Started process (PID=285386) to work on /home/jorge/Desktop/MÁSTER/SEGUNDO CURSO/BDFI/practica_docker/env/lib/python3.8/site-packages/airflow/example_dags/example_short_circuit_operator.py
[2025-01-12 14:11:37,724] {processor.py:613} INFO - Processing file /home/jorge/Desktop/MÁSTER/SEGUNDO CURSO/BDFI/practica_docker/env/lib/python3.8/site-packages/airflow/example_dags/example_short_circuit_operator.py for tasks to queue
[2025-01-12 14:11:37,725] {logging_mixin.py:109} INFO - [2025-01-12 14:11:37,725] {dagbag.py:496} INFO - Filling up the DagBag from /home/jorge/Desktop/MÁSTER/SEGUNDO CURSO/BDFI/practica_docker/env/lib/python3.8/site-packages/airflow/example_dags/example_short_circuit_operator.py
[2025-01-12 14:11:37,732] {processor.py:623} INFO - DAG(s) dict_keys(['example_short_circuit_operator']) retrieved from /home/jorge/Desktop/MÁSTER/SEGUNDO CURSO/BDFI/practica_docker/env/lib/python3.8/site-packages/airflow/example_dags/example_short_circuit_operator.py
[2025-01-12 14:11:37,739] {logging_mixin.py:109} INFO - [2025-01-12 14:11:37,739] {dag.py:1834} INFO - Sync 1 DAGs
[2025-01-12 14:11:37,745] {logging_mixin.py:109} INFO - [2025-01-12 14:11:37,745] {dag.py:2287} INFO - Setting next_dagrun for example_short_circuit_operator to 2025-01-10 00:00:00+00:00
[2025-01-12 14:11:37,756] {processor.py:170} INFO - Processing /home/jorge/Desktop/MÁSTER/SEGUNDO CURSO/BDFI/practica_docker/env/lib/python3.8/site-packages/airflow/example_dags/example_short_circuit_operator.py took 0.035 seconds
[2025-01-12 14:12:12,484] {processor.py:162} INFO - Started process (PID=285548) to work on /home/jorge/Desktop/MÁSTER/SEGUNDO CURSO/BDFI/practica_docker/env/lib/python3.8/site-packages/airflow/example_dags/example_short_circuit_operator.py
[2025-01-12 14:12:12,486] {processor.py:613} INFO - Processing file /home/jorge/Desktop/MÁSTER/SEGUNDO CURSO/BDFI/practica_docker/env/lib/python3.8/site-packages/airflow/example_dags/example_short_circuit_operator.py for tasks to queue
[2025-01-12 14:12:12,487] {logging_mixin.py:109} INFO - [2025-01-12 14:12:12,487] {dagbag.py:496} INFO - Filling up the DagBag from /home/jorge/Desktop/MÁSTER/SEGUNDO CURSO/BDFI/practica_docker/env/lib/python3.8/site-packages/airflow/example_dags/example_short_circuit_operator.py
[2025-01-12 14:12:12,491] {processor.py:623} INFO - DAG(s) dict_keys(['example_short_circuit_operator']) retrieved from /home/jorge/Desktop/MÁSTER/SEGUNDO CURSO/BDFI/practica_docker/env/lib/python3.8/site-packages/airflow/example_dags/example_short_circuit_operator.py
[2025-01-12 14:12:12,500] {logging_mixin.py:109} INFO - [2025-01-12 14:12:12,500] {dag.py:1834} INFO - Sync 1 DAGs
[2025-01-12 14:12:12,504] {logging_mixin.py:109} INFO - [2025-01-12 14:12:12,504] {dag.py:2287} INFO - Setting next_dagrun for example_short_circuit_operator to 2025-01-10 00:00:00+00:00
[2025-01-12 14:12:12,512] {processor.py:170} INFO - Processing /home/jorge/Desktop/MÁSTER/SEGUNDO CURSO/BDFI/practica_docker/env/lib/python3.8/site-packages/airflow/example_dags/example_short_circuit_operator.py took 0.029 seconds
[2025-01-12 14:12:45,343] {processor.py:162} INFO - Started process (PID=285698) to work on /home/jorge/Desktop/MÁSTER/SEGUNDO CURSO/BDFI/practica_docker/env/lib/python3.8/site-packages/airflow/example_dags/example_short_circuit_operator.py
[2025-01-12 14:12:45,349] {processor.py:613} INFO - Processing file /home/jorge/Desktop/MÁSTER/SEGUNDO CURSO/BDFI/practica_docker/env/lib/python3.8/site-packages/airflow/example_dags/example_short_circuit_operator.py for tasks to queue
[2025-01-12 14:12:45,350] {logging_mixin.py:109} INFO - [2025-01-12 14:12:45,350] {dagbag.py:496} INFO - Filling up the DagBag from /home/jorge/Desktop/MÁSTER/SEGUNDO CURSO/BDFI/practica_docker/env/lib/python3.8/site-packages/airflow/example_dags/example_short_circuit_operator.py
[2025-01-12 14:12:45,359] {processor.py:623} INFO - DAG(s) dict_keys(['example_short_circuit_operator']) retrieved from /home/jorge/Desktop/MÁSTER/SEGUNDO CURSO/BDFI/practica_docker/env/lib/python3.8/site-packages/airflow/example_dags/example_short_circuit_operator.py
[2025-01-12 14:12:45,368] {logging_mixin.py:109} INFO - [2025-01-12 14:12:45,368] {dag.py:1834} INFO - Sync 1 DAGs
[2025-01-12 14:12:45,372] {logging_mixin.py:109} INFO - [2025-01-12 14:12:45,372] {dag.py:2287} INFO - Setting next_dagrun for example_short_circuit_operator to 2025-01-10 00:00:00+00:00
[2025-01-12 14:12:45,380] {processor.py:170} INFO - Processing /home/jorge/Desktop/MÁSTER/SEGUNDO CURSO/BDFI/practica_docker/env/lib/python3.8/site-packages/airflow/example_dags/example_short_circuit_operator.py took 0.040 seconds
[2025-01-12 14:13:18,843] {processor.py:162} INFO - Started process (PID=285841) to work on /home/jorge/Desktop/MÁSTER/SEGUNDO CURSO/BDFI/practica_docker/env/lib/python3.8/site-packages/airflow/example_dags/example_short_circuit_operator.py
[2025-01-12 14:13:18,849] {processor.py:613} INFO - Processing file /home/jorge/Desktop/MÁSTER/SEGUNDO CURSO/BDFI/practica_docker/env/lib/python3.8/site-packages/airflow/example_dags/example_short_circuit_operator.py for tasks to queue
[2025-01-12 14:13:18,850] {logging_mixin.py:109} INFO - [2025-01-12 14:13:18,850] {dagbag.py:496} INFO - Filling up the DagBag from /home/jorge/Desktop/MÁSTER/SEGUNDO CURSO/BDFI/practica_docker/env/lib/python3.8/site-packages/airflow/example_dags/example_short_circuit_operator.py
[2025-01-12 14:13:18,858] {processor.py:623} INFO - DAG(s) dict_keys(['example_short_circuit_operator']) retrieved from /home/jorge/Desktop/MÁSTER/SEGUNDO CURSO/BDFI/practica_docker/env/lib/python3.8/site-packages/airflow/example_dags/example_short_circuit_operator.py
[2025-01-12 14:13:18,873] {logging_mixin.py:109} INFO - [2025-01-12 14:13:18,873] {dag.py:1834} INFO - Sync 1 DAGs
[2025-01-12 14:13:18,882] {logging_mixin.py:109} INFO - [2025-01-12 14:13:18,882] {dag.py:2287} INFO - Setting next_dagrun for example_short_circuit_operator to 2025-01-10 00:00:00+00:00
[2025-01-12 14:13:18,896] {processor.py:170} INFO - Processing /home/jorge/Desktop/MÁSTER/SEGUNDO CURSO/BDFI/practica_docker/env/lib/python3.8/site-packages/airflow/example_dags/example_short_circuit_operator.py took 0.056 seconds
[2025-01-12 14:13:51,436] {processor.py:162} INFO - Started process (PID=286009) to work on /home/jorge/Desktop/MÁSTER/SEGUNDO CURSO/BDFI/practica_docker/env/lib/python3.8/site-packages/airflow/example_dags/example_short_circuit_operator.py
[2025-01-12 14:13:51,450] {processor.py:613} INFO - Processing file /home/jorge/Desktop/MÁSTER/SEGUNDO CURSO/BDFI/practica_docker/env/lib/python3.8/site-packages/airflow/example_dags/example_short_circuit_operator.py for tasks to queue
[2025-01-12 14:13:51,451] {logging_mixin.py:109} INFO - [2025-01-12 14:13:51,451] {dagbag.py:496} INFO - Filling up the DagBag from /home/jorge/Desktop/MÁSTER/SEGUNDO CURSO/BDFI/practica_docker/env/lib/python3.8/site-packages/airflow/example_dags/example_short_circuit_operator.py
[2025-01-12 14:13:51,457] {processor.py:623} INFO - DAG(s) dict_keys(['example_short_circuit_operator']) retrieved from /home/jorge/Desktop/MÁSTER/SEGUNDO CURSO/BDFI/practica_docker/env/lib/python3.8/site-packages/airflow/example_dags/example_short_circuit_operator.py
[2025-01-12 14:13:51,467] {logging_mixin.py:109} INFO - [2025-01-12 14:13:51,467] {dag.py:1834} INFO - Sync 1 DAGs
[2025-01-12 14:13:51,473] {logging_mixin.py:109} INFO - [2025-01-12 14:13:51,473] {dag.py:2287} INFO - Setting next_dagrun for example_short_circuit_operator to 2025-01-10 00:00:00+00:00
[2025-01-12 14:13:51,481] {processor.py:170} INFO - Processing /home/jorge/Desktop/MÁSTER/SEGUNDO CURSO/BDFI/practica_docker/env/lib/python3.8/site-packages/airflow/example_dags/example_short_circuit_operator.py took 0.047 seconds
[2025-01-12 14:14:23,508] {processor.py:162} INFO - Started process (PID=286159) to work on /home/jorge/Desktop/MÁSTER/SEGUNDO CURSO/BDFI/practica_docker/env/lib/python3.8/site-packages/airflow/example_dags/example_short_circuit_operator.py
[2025-01-12 14:14:23,509] {processor.py:613} INFO - Processing file /home/jorge/Desktop/MÁSTER/SEGUNDO CURSO/BDFI/practica_docker/env/lib/python3.8/site-packages/airflow/example_dags/example_short_circuit_operator.py for tasks to queue
[2025-01-12 14:14:23,510] {logging_mixin.py:109} INFO - [2025-01-12 14:14:23,509] {dagbag.py:496} INFO - Filling up the DagBag from /home/jorge/Desktop/MÁSTER/SEGUNDO CURSO/BDFI/practica_docker/env/lib/python3.8/site-packages/airflow/example_dags/example_short_circuit_operator.py
[2025-01-12 14:14:23,517] {processor.py:623} INFO - DAG(s) dict_keys(['example_short_circuit_operator']) retrieved from /home/jorge/Desktop/MÁSTER/SEGUNDO CURSO/BDFI/practica_docker/env/lib/python3.8/site-packages/airflow/example_dags/example_short_circuit_operator.py
[2025-01-12 14:14:23,525] {logging_mixin.py:109} INFO - [2025-01-12 14:14:23,525] {dag.py:1834} INFO - Sync 1 DAGs
[2025-01-12 14:14:23,530] {logging_mixin.py:109} INFO - [2025-01-12 14:14:23,530] {dag.py:2287} INFO - Setting next_dagrun for example_short_circuit_operator to 2025-01-10 00:00:00+00:00
[2025-01-12 14:14:23,537] {processor.py:170} INFO - Processing /home/jorge/Desktop/MÁSTER/SEGUNDO CURSO/BDFI/practica_docker/env/lib/python3.8/site-packages/airflow/example_dags/example_short_circuit_operator.py took 0.032 seconds
[2025-01-12 14:14:56,992] {processor.py:162} INFO - Started process (PID=286428) to work on /home/jorge/Desktop/MÁSTER/SEGUNDO CURSO/BDFI/practica_docker/env/lib/python3.8/site-packages/airflow/example_dags/example_short_circuit_operator.py
[2025-01-12 14:14:56,999] {processor.py:613} INFO - Processing file /home/jorge/Desktop/MÁSTER/SEGUNDO CURSO/BDFI/practica_docker/env/lib/python3.8/site-packages/airflow/example_dags/example_short_circuit_operator.py for tasks to queue
[2025-01-12 14:14:57,000] {logging_mixin.py:109} INFO - [2025-01-12 14:14:56,999] {dagbag.py:496} INFO - Filling up the DagBag from /home/jorge/Desktop/MÁSTER/SEGUNDO CURSO/BDFI/practica_docker/env/lib/python3.8/site-packages/airflow/example_dags/example_short_circuit_operator.py
[2025-01-12 14:14:57,009] {processor.py:623} INFO - DAG(s) dict_keys(['example_short_circuit_operator']) retrieved from /home/jorge/Desktop/MÁSTER/SEGUNDO CURSO/BDFI/practica_docker/env/lib/python3.8/site-packages/airflow/example_dags/example_short_circuit_operator.py
[2025-01-12 14:14:57,018] {logging_mixin.py:109} INFO - [2025-01-12 14:14:57,018] {dag.py:1834} INFO - Sync 1 DAGs
[2025-01-12 14:14:57,022] {logging_mixin.py:109} INFO - [2025-01-12 14:14:57,022] {dag.py:2287} INFO - Setting next_dagrun for example_short_circuit_operator to 2025-01-10 00:00:00+00:00
[2025-01-12 14:14:57,030] {processor.py:170} INFO - Processing /home/jorge/Desktop/MÁSTER/SEGUNDO CURSO/BDFI/practica_docker/env/lib/python3.8/site-packages/airflow/example_dags/example_short_circuit_operator.py took 0.041 seconds
[2025-01-12 14:15:29,156] {processor.py:162} INFO - Started process (PID=286836) to work on /home/jorge/Desktop/MÁSTER/SEGUNDO CURSO/BDFI/practica_docker/env/lib/python3.8/site-packages/airflow/example_dags/example_short_circuit_operator.py
[2025-01-12 14:15:29,162] {processor.py:613} INFO - Processing file /home/jorge/Desktop/MÁSTER/SEGUNDO CURSO/BDFI/practica_docker/env/lib/python3.8/site-packages/airflow/example_dags/example_short_circuit_operator.py for tasks to queue
[2025-01-12 14:15:29,163] {logging_mixin.py:109} INFO - [2025-01-12 14:15:29,163] {dagbag.py:496} INFO - Filling up the DagBag from /home/jorge/Desktop/MÁSTER/SEGUNDO CURSO/BDFI/practica_docker/env/lib/python3.8/site-packages/airflow/example_dags/example_short_circuit_operator.py
[2025-01-12 14:15:29,172] {processor.py:623} INFO - DAG(s) dict_keys(['example_short_circuit_operator']) retrieved from /home/jorge/Desktop/MÁSTER/SEGUNDO CURSO/BDFI/practica_docker/env/lib/python3.8/site-packages/airflow/example_dags/example_short_circuit_operator.py
[2025-01-12 14:15:29,182] {logging_mixin.py:109} INFO - [2025-01-12 14:15:29,181] {dag.py:1834} INFO - Sync 1 DAGs
[2025-01-12 14:15:29,186] {logging_mixin.py:109} INFO - [2025-01-12 14:15:29,186] {dag.py:2287} INFO - Setting next_dagrun for example_short_circuit_operator to 2025-01-10 00:00:00+00:00
[2025-01-12 14:15:29,193] {processor.py:170} INFO - Processing /home/jorge/Desktop/MÁSTER/SEGUNDO CURSO/BDFI/practica_docker/env/lib/python3.8/site-packages/airflow/example_dags/example_short_circuit_operator.py took 0.041 seconds
[2025-01-12 14:16:14,359] {processor.py:162} INFO - Started process (PID=289831) to work on /home/jorge/Desktop/MÁSTER/SEGUNDO CURSO/BDFI/practica_docker/env/lib/python3.8/site-packages/airflow/example_dags/example_short_circuit_operator.py
[2025-01-12 14:16:14,367] {processor.py:613} INFO - Processing file /home/jorge/Desktop/MÁSTER/SEGUNDO CURSO/BDFI/practica_docker/env/lib/python3.8/site-packages/airflow/example_dags/example_short_circuit_operator.py for tasks to queue
[2025-01-12 14:16:14,367] {logging_mixin.py:109} INFO - [2025-01-12 14:16:14,367] {dagbag.py:496} INFO - Filling up the DagBag from /home/jorge/Desktop/MÁSTER/SEGUNDO CURSO/BDFI/practica_docker/env/lib/python3.8/site-packages/airflow/example_dags/example_short_circuit_operator.py
[2025-01-12 14:16:14,377] {processor.py:623} INFO - DAG(s) dict_keys(['example_short_circuit_operator']) retrieved from /home/jorge/Desktop/MÁSTER/SEGUNDO CURSO/BDFI/practica_docker/env/lib/python3.8/site-packages/airflow/example_dags/example_short_circuit_operator.py
[2025-01-12 14:16:14,409] {logging_mixin.py:109} INFO - [2025-01-12 14:16:14,408] {dag.py:1834} INFO - Sync 1 DAGs
[2025-01-12 14:16:14,425] {logging_mixin.py:109} INFO - [2025-01-12 14:16:14,425] {dag.py:2287} INFO - Setting next_dagrun for example_short_circuit_operator to 2025-01-10 00:00:00+00:00
[2025-01-12 14:16:14,452] {processor.py:170} INFO - Processing /home/jorge/Desktop/MÁSTER/SEGUNDO CURSO/BDFI/practica_docker/env/lib/python3.8/site-packages/airflow/example_dags/example_short_circuit_operator.py took 0.097 seconds
[2025-01-12 14:16:50,874] {processor.py:162} INFO - Started process (PID=290431) to work on /home/jorge/Desktop/MÁSTER/SEGUNDO CURSO/BDFI/practica_docker/env/lib/python3.8/site-packages/airflow/example_dags/example_short_circuit_operator.py
[2025-01-12 14:16:50,876] {processor.py:613} INFO - Processing file /home/jorge/Desktop/MÁSTER/SEGUNDO CURSO/BDFI/practica_docker/env/lib/python3.8/site-packages/airflow/example_dags/example_short_circuit_operator.py for tasks to queue
[2025-01-12 14:16:50,877] {logging_mixin.py:109} INFO - [2025-01-12 14:16:50,876] {dagbag.py:496} INFO - Filling up the DagBag from /home/jorge/Desktop/MÁSTER/SEGUNDO CURSO/BDFI/practica_docker/env/lib/python3.8/site-packages/airflow/example_dags/example_short_circuit_operator.py
[2025-01-12 14:16:50,889] {processor.py:623} INFO - DAG(s) dict_keys(['example_short_circuit_operator']) retrieved from /home/jorge/Desktop/MÁSTER/SEGUNDO CURSO/BDFI/practica_docker/env/lib/python3.8/site-packages/airflow/example_dags/example_short_circuit_operator.py
[2025-01-12 14:16:50,910] {logging_mixin.py:109} INFO - [2025-01-12 14:16:50,910] {dag.py:1834} INFO - Sync 1 DAGs
[2025-01-12 14:16:50,924] {logging_mixin.py:109} INFO - [2025-01-12 14:16:50,923] {dag.py:2287} INFO - Setting next_dagrun for example_short_circuit_operator to 2025-01-10 00:00:00+00:00
[2025-01-12 14:16:50,941] {processor.py:170} INFO - Processing /home/jorge/Desktop/MÁSTER/SEGUNDO CURSO/BDFI/practica_docker/env/lib/python3.8/site-packages/airflow/example_dags/example_short_circuit_operator.py took 0.071 seconds
[2025-01-12 14:17:24,552] {processor.py:162} INFO - Started process (PID=290961) to work on /home/jorge/Desktop/MÁSTER/SEGUNDO CURSO/BDFI/practica_docker/env/lib/python3.8/site-packages/airflow/example_dags/example_short_circuit_operator.py
[2025-01-12 14:17:24,558] {processor.py:613} INFO - Processing file /home/jorge/Desktop/MÁSTER/SEGUNDO CURSO/BDFI/practica_docker/env/lib/python3.8/site-packages/airflow/example_dags/example_short_circuit_operator.py for tasks to queue
[2025-01-12 14:17:24,559] {logging_mixin.py:109} INFO - [2025-01-12 14:17:24,558] {dagbag.py:496} INFO - Filling up the DagBag from /home/jorge/Desktop/MÁSTER/SEGUNDO CURSO/BDFI/practica_docker/env/lib/python3.8/site-packages/airflow/example_dags/example_short_circuit_operator.py
[2025-01-12 14:17:24,564] {processor.py:623} INFO - DAG(s) dict_keys(['example_short_circuit_operator']) retrieved from /home/jorge/Desktop/MÁSTER/SEGUNDO CURSO/BDFI/practica_docker/env/lib/python3.8/site-packages/airflow/example_dags/example_short_circuit_operator.py
[2025-01-12 14:17:24,573] {logging_mixin.py:109} INFO - [2025-01-12 14:17:24,573] {dag.py:1834} INFO - Sync 1 DAGs
[2025-01-12 14:17:24,579] {logging_mixin.py:109} INFO - [2025-01-12 14:17:24,579] {dag.py:2287} INFO - Setting next_dagrun for example_short_circuit_operator to 2025-01-10 00:00:00+00:00
[2025-01-12 14:17:24,588] {processor.py:170} INFO - Processing /home/jorge/Desktop/MÁSTER/SEGUNDO CURSO/BDFI/practica_docker/env/lib/python3.8/site-packages/airflow/example_dags/example_short_circuit_operator.py took 0.040 seconds
[2025-01-12 14:17:58,085] {processor.py:162} INFO - Started process (PID=291126) to work on /home/jorge/Desktop/MÁSTER/SEGUNDO CURSO/BDFI/practica_docker/env/lib/python3.8/site-packages/airflow/example_dags/example_short_circuit_operator.py
[2025-01-12 14:17:58,095] {processor.py:613} INFO - Processing file /home/jorge/Desktop/MÁSTER/SEGUNDO CURSO/BDFI/practica_docker/env/lib/python3.8/site-packages/airflow/example_dags/example_short_circuit_operator.py for tasks to queue
[2025-01-12 14:17:58,096] {logging_mixin.py:109} INFO - [2025-01-12 14:17:58,096] {dagbag.py:496} INFO - Filling up the DagBag from /home/jorge/Desktop/MÁSTER/SEGUNDO CURSO/BDFI/practica_docker/env/lib/python3.8/site-packages/airflow/example_dags/example_short_circuit_operator.py
[2025-01-12 14:17:58,104] {processor.py:623} INFO - DAG(s) dict_keys(['example_short_circuit_operator']) retrieved from /home/jorge/Desktop/MÁSTER/SEGUNDO CURSO/BDFI/practica_docker/env/lib/python3.8/site-packages/airflow/example_dags/example_short_circuit_operator.py
[2025-01-12 14:17:58,116] {logging_mixin.py:109} INFO - [2025-01-12 14:17:58,116] {dag.py:1834} INFO - Sync 1 DAGs
[2025-01-12 14:17:58,122] {logging_mixin.py:109} INFO - [2025-01-12 14:17:58,122] {dag.py:2287} INFO - Setting next_dagrun for example_short_circuit_operator to 2025-01-10 00:00:00+00:00
[2025-01-12 14:17:58,133] {processor.py:170} INFO - Processing /home/jorge/Desktop/MÁSTER/SEGUNDO CURSO/BDFI/practica_docker/env/lib/python3.8/site-packages/airflow/example_dags/example_short_circuit_operator.py took 0.050 seconds
[2025-01-12 14:18:31,519] {processor.py:162} INFO - Started process (PID=291598) to work on /home/jorge/Desktop/MÁSTER/SEGUNDO CURSO/BDFI/practica_docker/env/lib/python3.8/site-packages/airflow/example_dags/example_short_circuit_operator.py
[2025-01-12 14:18:31,520] {processor.py:613} INFO - Processing file /home/jorge/Desktop/MÁSTER/SEGUNDO CURSO/BDFI/practica_docker/env/lib/python3.8/site-packages/airflow/example_dags/example_short_circuit_operator.py for tasks to queue
[2025-01-12 14:18:31,521] {logging_mixin.py:109} INFO - [2025-01-12 14:18:31,521] {dagbag.py:496} INFO - Filling up the DagBag from /home/jorge/Desktop/MÁSTER/SEGUNDO CURSO/BDFI/practica_docker/env/lib/python3.8/site-packages/airflow/example_dags/example_short_circuit_operator.py
[2025-01-12 14:18:31,526] {processor.py:623} INFO - DAG(s) dict_keys(['example_short_circuit_operator']) retrieved from /home/jorge/Desktop/MÁSTER/SEGUNDO CURSO/BDFI/practica_docker/env/lib/python3.8/site-packages/airflow/example_dags/example_short_circuit_operator.py
[2025-01-12 14:18:31,538] {logging_mixin.py:109} INFO - [2025-01-12 14:18:31,538] {dag.py:1834} INFO - Sync 1 DAGs
[2025-01-12 14:18:31,545] {logging_mixin.py:109} INFO - [2025-01-12 14:18:31,545] {dag.py:2287} INFO - Setting next_dagrun for example_short_circuit_operator to 2025-01-10 00:00:00+00:00
[2025-01-12 14:18:31,556] {processor.py:170} INFO - Processing /home/jorge/Desktop/MÁSTER/SEGUNDO CURSO/BDFI/practica_docker/env/lib/python3.8/site-packages/airflow/example_dags/example_short_circuit_operator.py took 0.039 seconds
[2025-01-12 14:19:03,553] {processor.py:162} INFO - Started process (PID=292007) to work on /home/jorge/Desktop/MÁSTER/SEGUNDO CURSO/BDFI/practica_docker/env/lib/python3.8/site-packages/airflow/example_dags/example_short_circuit_operator.py
[2025-01-12 14:19:03,555] {processor.py:613} INFO - Processing file /home/jorge/Desktop/MÁSTER/SEGUNDO CURSO/BDFI/practica_docker/env/lib/python3.8/site-packages/airflow/example_dags/example_short_circuit_operator.py for tasks to queue
[2025-01-12 14:19:03,556] {logging_mixin.py:109} INFO - [2025-01-12 14:19:03,556] {dagbag.py:496} INFO - Filling up the DagBag from /home/jorge/Desktop/MÁSTER/SEGUNDO CURSO/BDFI/practica_docker/env/lib/python3.8/site-packages/airflow/example_dags/example_short_circuit_operator.py
[2025-01-12 14:19:03,564] {processor.py:623} INFO - DAG(s) dict_keys(['example_short_circuit_operator']) retrieved from /home/jorge/Desktop/MÁSTER/SEGUNDO CURSO/BDFI/practica_docker/env/lib/python3.8/site-packages/airflow/example_dags/example_short_circuit_operator.py
[2025-01-12 14:19:03,574] {logging_mixin.py:109} INFO - [2025-01-12 14:19:03,573] {dag.py:1834} INFO - Sync 1 DAGs
[2025-01-12 14:19:03,579] {logging_mixin.py:109} INFO - [2025-01-12 14:19:03,579] {dag.py:2287} INFO - Setting next_dagrun for example_short_circuit_operator to 2025-01-10 00:00:00+00:00
[2025-01-12 14:19:03,588] {processor.py:170} INFO - Processing /home/jorge/Desktop/MÁSTER/SEGUNDO CURSO/BDFI/practica_docker/env/lib/python3.8/site-packages/airflow/example_dags/example_short_circuit_operator.py took 0.039 seconds
[2025-01-12 14:19:40,308] {processor.py:162} INFO - Started process (PID=292979) to work on /home/jorge/Desktop/MÁSTER/SEGUNDO CURSO/BDFI/practica_docker/env/lib/python3.8/site-packages/airflow/example_dags/example_short_circuit_operator.py
[2025-01-12 14:19:40,310] {processor.py:613} INFO - Processing file /home/jorge/Desktop/MÁSTER/SEGUNDO CURSO/BDFI/practica_docker/env/lib/python3.8/site-packages/airflow/example_dags/example_short_circuit_operator.py for tasks to queue
[2025-01-12 14:19:40,311] {logging_mixin.py:109} INFO - [2025-01-12 14:19:40,311] {dagbag.py:496} INFO - Filling up the DagBag from /home/jorge/Desktop/MÁSTER/SEGUNDO CURSO/BDFI/practica_docker/env/lib/python3.8/site-packages/airflow/example_dags/example_short_circuit_operator.py
[2025-01-12 14:19:40,318] {processor.py:623} INFO - DAG(s) dict_keys(['example_short_circuit_operator']) retrieved from /home/jorge/Desktop/MÁSTER/SEGUNDO CURSO/BDFI/practica_docker/env/lib/python3.8/site-packages/airflow/example_dags/example_short_circuit_operator.py
[2025-01-12 14:19:40,334] {logging_mixin.py:109} INFO - [2025-01-12 14:19:40,334] {dag.py:1834} INFO - Sync 1 DAGs
[2025-01-12 14:19:40,345] {logging_mixin.py:109} INFO - [2025-01-12 14:19:40,345] {dag.py:2287} INFO - Setting next_dagrun for example_short_circuit_operator to 2025-01-10 00:00:00+00:00
[2025-01-12 14:19:40,356] {processor.py:170} INFO - Processing /home/jorge/Desktop/MÁSTER/SEGUNDO CURSO/BDFI/practica_docker/env/lib/python3.8/site-packages/airflow/example_dags/example_short_circuit_operator.py took 0.050 seconds
[2025-01-12 14:20:14,048] {processor.py:162} INFO - Started process (PID=293164) to work on /home/jorge/Desktop/MÁSTER/SEGUNDO CURSO/BDFI/practica_docker/env/lib/python3.8/site-packages/airflow/example_dags/example_short_circuit_operator.py
[2025-01-12 14:20:14,050] {processor.py:613} INFO - Processing file /home/jorge/Desktop/MÁSTER/SEGUNDO CURSO/BDFI/practica_docker/env/lib/python3.8/site-packages/airflow/example_dags/example_short_circuit_operator.py for tasks to queue
[2025-01-12 14:20:14,050] {logging_mixin.py:109} INFO - [2025-01-12 14:20:14,050] {dagbag.py:496} INFO - Filling up the DagBag from /home/jorge/Desktop/MÁSTER/SEGUNDO CURSO/BDFI/practica_docker/env/lib/python3.8/site-packages/airflow/example_dags/example_short_circuit_operator.py
[2025-01-12 14:20:14,067] {processor.py:623} INFO - DAG(s) dict_keys(['example_short_circuit_operator']) retrieved from /home/jorge/Desktop/MÁSTER/SEGUNDO CURSO/BDFI/practica_docker/env/lib/python3.8/site-packages/airflow/example_dags/example_short_circuit_operator.py
[2025-01-12 14:20:14,084] {logging_mixin.py:109} INFO - [2025-01-12 14:20:14,084] {dag.py:1834} INFO - Sync 1 DAGs
[2025-01-12 14:20:14,091] {logging_mixin.py:109} INFO - [2025-01-12 14:20:14,091] {dag.py:2287} INFO - Setting next_dagrun for example_short_circuit_operator to 2025-01-10 00:00:00+00:00
[2025-01-12 14:20:14,104] {processor.py:170} INFO - Processing /home/jorge/Desktop/MÁSTER/SEGUNDO CURSO/BDFI/practica_docker/env/lib/python3.8/site-packages/airflow/example_dags/example_short_circuit_operator.py took 0.057 seconds
