[2025-01-12 13:51:29,186] {processor.py:162} INFO - Started process (PID=281127) to work on /home/jorge/Desktop/MÁSTER/SEGUNDO CURSO/BDFI/practica_docker/env/lib/python3.8/site-packages/airflow/example_dags/example_branch_day_of_week_operator.py
[2025-01-12 13:51:29,188] {processor.py:613} INFO - Processing file /home/jorge/Desktop/MÁSTER/SEGUNDO CURSO/BDFI/practica_docker/env/lib/python3.8/site-packages/airflow/example_dags/example_branch_day_of_week_operator.py for tasks to queue
[2025-01-12 13:51:29,189] {logging_mixin.py:109} INFO - [2025-01-12 13:51:29,188] {dagbag.py:496} INFO - Filling up the DagBag from /home/jorge/Desktop/MÁSTER/SEGUNDO CURSO/BDFI/practica_docker/env/lib/python3.8/site-packages/airflow/example_dags/example_branch_day_of_week_operator.py
[2025-01-12 13:51:29,208] {processor.py:623} INFO - DAG(s) dict_keys(['example_weekday_branch_operator']) retrieved from /home/jorge/Desktop/MÁSTER/SEGUNDO CURSO/BDFI/practica_docker/env/lib/python3.8/site-packages/airflow/example_dags/example_branch_day_of_week_operator.py
[2025-01-12 13:51:29,221] {logging_mixin.py:109} INFO - [2025-01-12 13:51:29,221] {dag.py:1834} INFO - Sync 1 DAGs
[2025-01-12 13:51:29,230] {logging_mixin.py:109} INFO - [2025-01-12 13:51:29,230] {dag.py:2287} INFO - Setting next_dagrun for example_weekday_branch_operator to 2025-01-10 00:00:00+00:00
[2025-01-12 13:51:29,238] {processor.py:170} INFO - Processing /home/jorge/Desktop/MÁSTER/SEGUNDO CURSO/BDFI/practica_docker/env/lib/python3.8/site-packages/airflow/example_dags/example_branch_day_of_week_operator.py took 0.057 seconds
[2025-01-12 13:52:02,924] {processor.py:162} INFO - Started process (PID=281322) to work on /home/jorge/Desktop/MÁSTER/SEGUNDO CURSO/BDFI/practica_docker/env/lib/python3.8/site-packages/airflow/example_dags/example_branch_day_of_week_operator.py
[2025-01-12 13:52:02,926] {processor.py:613} INFO - Processing file /home/jorge/Desktop/MÁSTER/SEGUNDO CURSO/BDFI/practica_docker/env/lib/python3.8/site-packages/airflow/example_dags/example_branch_day_of_week_operator.py for tasks to queue
[2025-01-12 13:52:02,926] {logging_mixin.py:109} INFO - [2025-01-12 13:52:02,926] {dagbag.py:496} INFO - Filling up the DagBag from /home/jorge/Desktop/MÁSTER/SEGUNDO CURSO/BDFI/practica_docker/env/lib/python3.8/site-packages/airflow/example_dags/example_branch_day_of_week_operator.py
[2025-01-12 13:52:02,942] {processor.py:623} INFO - DAG(s) dict_keys(['example_weekday_branch_operator']) retrieved from /home/jorge/Desktop/MÁSTER/SEGUNDO CURSO/BDFI/practica_docker/env/lib/python3.8/site-packages/airflow/example_dags/example_branch_day_of_week_operator.py
[2025-01-12 13:52:02,956] {logging_mixin.py:109} INFO - [2025-01-12 13:52:02,956] {dag.py:1834} INFO - Sync 1 DAGs
[2025-01-12 13:52:02,968] {logging_mixin.py:109} INFO - [2025-01-12 13:52:02,968] {dag.py:2287} INFO - Setting next_dagrun for example_weekday_branch_operator to 2025-01-10 00:00:00+00:00
[2025-01-12 13:52:02,979] {processor.py:170} INFO - Processing /home/jorge/Desktop/MÁSTER/SEGUNDO CURSO/BDFI/practica_docker/env/lib/python3.8/site-packages/airflow/example_dags/example_branch_day_of_week_operator.py took 0.058 seconds
[2025-01-12 13:52:35,890] {processor.py:162} INFO - Started process (PID=281498) to work on /home/jorge/Desktop/MÁSTER/SEGUNDO CURSO/BDFI/practica_docker/env/lib/python3.8/site-packages/airflow/example_dags/example_branch_day_of_week_operator.py
[2025-01-12 13:52:35,892] {processor.py:613} INFO - Processing file /home/jorge/Desktop/MÁSTER/SEGUNDO CURSO/BDFI/practica_docker/env/lib/python3.8/site-packages/airflow/example_dags/example_branch_day_of_week_operator.py for tasks to queue
[2025-01-12 13:52:35,893] {logging_mixin.py:109} INFO - [2025-01-12 13:52:35,893] {dagbag.py:496} INFO - Filling up the DagBag from /home/jorge/Desktop/MÁSTER/SEGUNDO CURSO/BDFI/practica_docker/env/lib/python3.8/site-packages/airflow/example_dags/example_branch_day_of_week_operator.py
[2025-01-12 13:52:35,920] {processor.py:623} INFO - DAG(s) dict_keys(['example_weekday_branch_operator']) retrieved from /home/jorge/Desktop/MÁSTER/SEGUNDO CURSO/BDFI/practica_docker/env/lib/python3.8/site-packages/airflow/example_dags/example_branch_day_of_week_operator.py
[2025-01-12 13:52:35,947] {logging_mixin.py:109} INFO - [2025-01-12 13:52:35,947] {dag.py:1834} INFO - Sync 1 DAGs
[2025-01-12 13:52:35,960] {logging_mixin.py:109} INFO - [2025-01-12 13:52:35,960] {dag.py:2287} INFO - Setting next_dagrun for example_weekday_branch_operator to 2025-01-10 00:00:00+00:00
[2025-01-12 13:52:35,975] {processor.py:170} INFO - Processing /home/jorge/Desktop/MÁSTER/SEGUNDO CURSO/BDFI/practica_docker/env/lib/python3.8/site-packages/airflow/example_dags/example_branch_day_of_week_operator.py took 0.092 seconds
[2025-01-12 13:53:18,706] {processor.py:162} INFO - Started process (PID=281757) to work on /home/jorge/Desktop/MÁSTER/SEGUNDO CURSO/BDFI/practica_docker/env/lib/python3.8/site-packages/airflow/example_dags/example_branch_day_of_week_operator.py
[2025-01-12 13:53:18,708] {processor.py:613} INFO - Processing file /home/jorge/Desktop/MÁSTER/SEGUNDO CURSO/BDFI/practica_docker/env/lib/python3.8/site-packages/airflow/example_dags/example_branch_day_of_week_operator.py for tasks to queue
[2025-01-12 13:53:18,709] {logging_mixin.py:109} INFO - [2025-01-12 13:53:18,709] {dagbag.py:496} INFO - Filling up the DagBag from /home/jorge/Desktop/MÁSTER/SEGUNDO CURSO/BDFI/practica_docker/env/lib/python3.8/site-packages/airflow/example_dags/example_branch_day_of_week_operator.py
[2025-01-12 13:53:18,735] {processor.py:623} INFO - DAG(s) dict_keys(['example_weekday_branch_operator']) retrieved from /home/jorge/Desktop/MÁSTER/SEGUNDO CURSO/BDFI/practica_docker/env/lib/python3.8/site-packages/airflow/example_dags/example_branch_day_of_week_operator.py
[2025-01-12 13:53:18,750] {logging_mixin.py:109} INFO - [2025-01-12 13:53:18,750] {dag.py:1834} INFO - Sync 1 DAGs
[2025-01-12 13:53:18,763] {logging_mixin.py:109} INFO - [2025-01-12 13:53:18,763] {dag.py:2287} INFO - Setting next_dagrun for example_weekday_branch_operator to 2025-01-10 00:00:00+00:00
[2025-01-12 13:53:18,776] {processor.py:170} INFO - Processing /home/jorge/Desktop/MÁSTER/SEGUNDO CURSO/BDFI/practica_docker/env/lib/python3.8/site-packages/airflow/example_dags/example_branch_day_of_week_operator.py took 0.075 seconds
[2025-01-12 13:53:52,539] {processor.py:162} INFO - Started process (PID=281922) to work on /home/jorge/Desktop/MÁSTER/SEGUNDO CURSO/BDFI/practica_docker/env/lib/python3.8/site-packages/airflow/example_dags/example_branch_day_of_week_operator.py
[2025-01-12 13:53:52,540] {processor.py:613} INFO - Processing file /home/jorge/Desktop/MÁSTER/SEGUNDO CURSO/BDFI/practica_docker/env/lib/python3.8/site-packages/airflow/example_dags/example_branch_day_of_week_operator.py for tasks to queue
[2025-01-12 13:53:52,541] {logging_mixin.py:109} INFO - [2025-01-12 13:53:52,541] {dagbag.py:496} INFO - Filling up the DagBag from /home/jorge/Desktop/MÁSTER/SEGUNDO CURSO/BDFI/practica_docker/env/lib/python3.8/site-packages/airflow/example_dags/example_branch_day_of_week_operator.py
[2025-01-12 13:53:52,550] {processor.py:623} INFO - DAG(s) dict_keys(['example_weekday_branch_operator']) retrieved from /home/jorge/Desktop/MÁSTER/SEGUNDO CURSO/BDFI/practica_docker/env/lib/python3.8/site-packages/airflow/example_dags/example_branch_day_of_week_operator.py
[2025-01-12 13:53:52,559] {logging_mixin.py:109} INFO - [2025-01-12 13:53:52,559] {dag.py:1834} INFO - Sync 1 DAGs
[2025-01-12 13:53:52,568] {logging_mixin.py:109} INFO - [2025-01-12 13:53:52,568] {dag.py:2287} INFO - Setting next_dagrun for example_weekday_branch_operator to 2025-01-10 00:00:00+00:00
[2025-01-12 13:53:52,578] {processor.py:170} INFO - Processing /home/jorge/Desktop/MÁSTER/SEGUNDO CURSO/BDFI/practica_docker/env/lib/python3.8/site-packages/airflow/example_dags/example_branch_day_of_week_operator.py took 0.042 seconds
[2025-01-12 13:54:26,990] {processor.py:162} INFO - Started process (PID=282087) to work on /home/jorge/Desktop/MÁSTER/SEGUNDO CURSO/BDFI/practica_docker/env/lib/python3.8/site-packages/airflow/example_dags/example_branch_day_of_week_operator.py
[2025-01-12 13:54:26,992] {processor.py:613} INFO - Processing file /home/jorge/Desktop/MÁSTER/SEGUNDO CURSO/BDFI/practica_docker/env/lib/python3.8/site-packages/airflow/example_dags/example_branch_day_of_week_operator.py for tasks to queue
[2025-01-12 13:54:26,992] {logging_mixin.py:109} INFO - [2025-01-12 13:54:26,992] {dagbag.py:496} INFO - Filling up the DagBag from /home/jorge/Desktop/MÁSTER/SEGUNDO CURSO/BDFI/practica_docker/env/lib/python3.8/site-packages/airflow/example_dags/example_branch_day_of_week_operator.py
[2025-01-12 13:54:27,006] {processor.py:623} INFO - DAG(s) dict_keys(['example_weekday_branch_operator']) retrieved from /home/jorge/Desktop/MÁSTER/SEGUNDO CURSO/BDFI/practica_docker/env/lib/python3.8/site-packages/airflow/example_dags/example_branch_day_of_week_operator.py
[2025-01-12 13:54:27,014] {logging_mixin.py:109} INFO - [2025-01-12 13:54:27,014] {dag.py:1834} INFO - Sync 1 DAGs
[2025-01-12 13:54:27,022] {logging_mixin.py:109} INFO - [2025-01-12 13:54:27,021] {dag.py:2287} INFO - Setting next_dagrun for example_weekday_branch_operator to 2025-01-10 00:00:00+00:00
[2025-01-12 13:54:27,029] {processor.py:170} INFO - Processing /home/jorge/Desktop/MÁSTER/SEGUNDO CURSO/BDFI/practica_docker/env/lib/python3.8/site-packages/airflow/example_dags/example_branch_day_of_week_operator.py took 0.042 seconds
[2025-01-12 13:55:00,333] {processor.py:162} INFO - Started process (PID=282238) to work on /home/jorge/Desktop/MÁSTER/SEGUNDO CURSO/BDFI/practica_docker/env/lib/python3.8/site-packages/airflow/example_dags/example_branch_day_of_week_operator.py
[2025-01-12 13:55:00,335] {processor.py:613} INFO - Processing file /home/jorge/Desktop/MÁSTER/SEGUNDO CURSO/BDFI/practica_docker/env/lib/python3.8/site-packages/airflow/example_dags/example_branch_day_of_week_operator.py for tasks to queue
[2025-01-12 13:55:00,337] {logging_mixin.py:109} INFO - [2025-01-12 13:55:00,337] {dagbag.py:496} INFO - Filling up the DagBag from /home/jorge/Desktop/MÁSTER/SEGUNDO CURSO/BDFI/practica_docker/env/lib/python3.8/site-packages/airflow/example_dags/example_branch_day_of_week_operator.py
[2025-01-12 13:55:00,350] {processor.py:623} INFO - DAG(s) dict_keys(['example_weekday_branch_operator']) retrieved from /home/jorge/Desktop/MÁSTER/SEGUNDO CURSO/BDFI/practica_docker/env/lib/python3.8/site-packages/airflow/example_dags/example_branch_day_of_week_operator.py
[2025-01-12 13:55:00,362] {logging_mixin.py:109} INFO - [2025-01-12 13:55:00,361] {dag.py:1834} INFO - Sync 1 DAGs
[2025-01-12 13:55:00,372] {logging_mixin.py:109} INFO - [2025-01-12 13:55:00,372] {dag.py:2287} INFO - Setting next_dagrun for example_weekday_branch_operator to 2025-01-10 00:00:00+00:00
[2025-01-12 13:55:00,383] {processor.py:170} INFO - Processing /home/jorge/Desktop/MÁSTER/SEGUNDO CURSO/BDFI/practica_docker/env/lib/python3.8/site-packages/airflow/example_dags/example_branch_day_of_week_operator.py took 0.054 seconds
[2025-01-12 13:55:33,765] {processor.py:162} INFO - Started process (PID=282406) to work on /home/jorge/Desktop/MÁSTER/SEGUNDO CURSO/BDFI/practica_docker/env/lib/python3.8/site-packages/airflow/example_dags/example_branch_day_of_week_operator.py
[2025-01-12 13:55:33,767] {processor.py:613} INFO - Processing file /home/jorge/Desktop/MÁSTER/SEGUNDO CURSO/BDFI/practica_docker/env/lib/python3.8/site-packages/airflow/example_dags/example_branch_day_of_week_operator.py for tasks to queue
[2025-01-12 13:55:33,768] {logging_mixin.py:109} INFO - [2025-01-12 13:55:33,767] {dagbag.py:496} INFO - Filling up the DagBag from /home/jorge/Desktop/MÁSTER/SEGUNDO CURSO/BDFI/practica_docker/env/lib/python3.8/site-packages/airflow/example_dags/example_branch_day_of_week_operator.py
[2025-01-12 13:55:33,783] {processor.py:623} INFO - DAG(s) dict_keys(['example_weekday_branch_operator']) retrieved from /home/jorge/Desktop/MÁSTER/SEGUNDO CURSO/BDFI/practica_docker/env/lib/python3.8/site-packages/airflow/example_dags/example_branch_day_of_week_operator.py
[2025-01-12 13:55:33,795] {logging_mixin.py:109} INFO - [2025-01-12 13:55:33,795] {dag.py:1834} INFO - Sync 1 DAGs
[2025-01-12 13:55:33,803] {logging_mixin.py:109} INFO - [2025-01-12 13:55:33,803] {dag.py:2287} INFO - Setting next_dagrun for example_weekday_branch_operator to 2025-01-10 00:00:00+00:00
[2025-01-12 13:55:33,812] {processor.py:170} INFO - Processing /home/jorge/Desktop/MÁSTER/SEGUNDO CURSO/BDFI/practica_docker/env/lib/python3.8/site-packages/airflow/example_dags/example_branch_day_of_week_operator.py took 0.050 seconds
[2025-01-12 13:56:08,644] {processor.py:162} INFO - Started process (PID=282733) to work on /home/jorge/Desktop/MÁSTER/SEGUNDO CURSO/BDFI/practica_docker/env/lib/python3.8/site-packages/airflow/example_dags/example_branch_day_of_week_operator.py
[2025-01-12 13:56:08,646] {processor.py:613} INFO - Processing file /home/jorge/Desktop/MÁSTER/SEGUNDO CURSO/BDFI/practica_docker/env/lib/python3.8/site-packages/airflow/example_dags/example_branch_day_of_week_operator.py for tasks to queue
[2025-01-12 13:56:08,646] {logging_mixin.py:109} INFO - [2025-01-12 13:56:08,646] {dagbag.py:496} INFO - Filling up the DagBag from /home/jorge/Desktop/MÁSTER/SEGUNDO CURSO/BDFI/practica_docker/env/lib/python3.8/site-packages/airflow/example_dags/example_branch_day_of_week_operator.py
[2025-01-12 13:56:08,685] {processor.py:623} INFO - DAG(s) dict_keys(['example_weekday_branch_operator']) retrieved from /home/jorge/Desktop/MÁSTER/SEGUNDO CURSO/BDFI/practica_docker/env/lib/python3.8/site-packages/airflow/example_dags/example_branch_day_of_week_operator.py
[2025-01-12 13:56:08,717] {logging_mixin.py:109} INFO - [2025-01-12 13:56:08,717] {dag.py:1834} INFO - Sync 1 DAGs
[2025-01-12 13:56:08,737] {logging_mixin.py:109} INFO - [2025-01-12 13:56:08,737] {dag.py:2287} INFO - Setting next_dagrun for example_weekday_branch_operator to 2025-01-10 00:00:00+00:00
[2025-01-12 13:56:08,761] {processor.py:170} INFO - Processing /home/jorge/Desktop/MÁSTER/SEGUNDO CURSO/BDFI/practica_docker/env/lib/python3.8/site-packages/airflow/example_dags/example_branch_day_of_week_operator.py took 0.120 seconds
[2025-01-12 13:56:44,543] {processor.py:162} INFO - Started process (PID=282994) to work on /home/jorge/Desktop/MÁSTER/SEGUNDO CURSO/BDFI/practica_docker/env/lib/python3.8/site-packages/airflow/example_dags/example_branch_day_of_week_operator.py
[2025-01-12 13:56:44,544] {processor.py:613} INFO - Processing file /home/jorge/Desktop/MÁSTER/SEGUNDO CURSO/BDFI/practica_docker/env/lib/python3.8/site-packages/airflow/example_dags/example_branch_day_of_week_operator.py for tasks to queue
[2025-01-12 13:56:44,544] {logging_mixin.py:109} INFO - [2025-01-12 13:56:44,544] {dagbag.py:496} INFO - Filling up the DagBag from /home/jorge/Desktop/MÁSTER/SEGUNDO CURSO/BDFI/practica_docker/env/lib/python3.8/site-packages/airflow/example_dags/example_branch_day_of_week_operator.py
[2025-01-12 13:56:44,573] {processor.py:623} INFO - DAG(s) dict_keys(['example_weekday_branch_operator']) retrieved from /home/jorge/Desktop/MÁSTER/SEGUNDO CURSO/BDFI/practica_docker/env/lib/python3.8/site-packages/airflow/example_dags/example_branch_day_of_week_operator.py
[2025-01-12 13:56:44,594] {logging_mixin.py:109} INFO - [2025-01-12 13:56:44,594] {dag.py:1834} INFO - Sync 1 DAGs
[2025-01-12 13:56:44,606] {logging_mixin.py:109} INFO - [2025-01-12 13:56:44,606] {dag.py:2287} INFO - Setting next_dagrun for example_weekday_branch_operator to 2025-01-10 00:00:00+00:00
[2025-01-12 13:56:44,626] {processor.py:170} INFO - Processing /home/jorge/Desktop/MÁSTER/SEGUNDO CURSO/BDFI/practica_docker/env/lib/python3.8/site-packages/airflow/example_dags/example_branch_day_of_week_operator.py took 0.086 seconds
[2025-01-12 13:57:21,659] {processor.py:162} INFO - Started process (PID=283188) to work on /home/jorge/Desktop/MÁSTER/SEGUNDO CURSO/BDFI/practica_docker/env/lib/python3.8/site-packages/airflow/example_dags/example_branch_day_of_week_operator.py
[2025-01-12 13:57:21,660] {processor.py:613} INFO - Processing file /home/jorge/Desktop/MÁSTER/SEGUNDO CURSO/BDFI/practica_docker/env/lib/python3.8/site-packages/airflow/example_dags/example_branch_day_of_week_operator.py for tasks to queue
[2025-01-12 13:57:21,661] {logging_mixin.py:109} INFO - [2025-01-12 13:57:21,661] {dagbag.py:496} INFO - Filling up the DagBag from /home/jorge/Desktop/MÁSTER/SEGUNDO CURSO/BDFI/practica_docker/env/lib/python3.8/site-packages/airflow/example_dags/example_branch_day_of_week_operator.py
[2025-01-12 13:57:21,676] {processor.py:623} INFO - DAG(s) dict_keys(['example_weekday_branch_operator']) retrieved from /home/jorge/Desktop/MÁSTER/SEGUNDO CURSO/BDFI/practica_docker/env/lib/python3.8/site-packages/airflow/example_dags/example_branch_day_of_week_operator.py
[2025-01-12 13:57:21,688] {logging_mixin.py:109} INFO - [2025-01-12 13:57:21,687] {dag.py:1834} INFO - Sync 1 DAGs
[2025-01-12 13:57:21,698] {logging_mixin.py:109} INFO - [2025-01-12 13:57:21,698] {dag.py:2287} INFO - Setting next_dagrun for example_weekday_branch_operator to 2025-01-10 00:00:00+00:00
[2025-01-12 13:57:21,710] {processor.py:170} INFO - Processing /home/jorge/Desktop/MÁSTER/SEGUNDO CURSO/BDFI/practica_docker/env/lib/python3.8/site-packages/airflow/example_dags/example_branch_day_of_week_operator.py took 0.053 seconds
[2025-01-12 13:57:57,100] {processor.py:162} INFO - Started process (PID=283338) to work on /home/jorge/Desktop/MÁSTER/SEGUNDO CURSO/BDFI/practica_docker/env/lib/python3.8/site-packages/airflow/example_dags/example_branch_day_of_week_operator.py
[2025-01-12 13:57:57,102] {processor.py:613} INFO - Processing file /home/jorge/Desktop/MÁSTER/SEGUNDO CURSO/BDFI/practica_docker/env/lib/python3.8/site-packages/airflow/example_dags/example_branch_day_of_week_operator.py for tasks to queue
[2025-01-12 13:57:57,103] {logging_mixin.py:109} INFO - [2025-01-12 13:57:57,102] {dagbag.py:496} INFO - Filling up the DagBag from /home/jorge/Desktop/MÁSTER/SEGUNDO CURSO/BDFI/practica_docker/env/lib/python3.8/site-packages/airflow/example_dags/example_branch_day_of_week_operator.py
[2025-01-12 13:57:57,125] {processor.py:623} INFO - DAG(s) dict_keys(['example_weekday_branch_operator']) retrieved from /home/jorge/Desktop/MÁSTER/SEGUNDO CURSO/BDFI/practica_docker/env/lib/python3.8/site-packages/airflow/example_dags/example_branch_day_of_week_operator.py
[2025-01-12 13:57:57,137] {logging_mixin.py:109} INFO - [2025-01-12 13:57:57,137] {dag.py:1834} INFO - Sync 1 DAGs
[2025-01-12 13:57:57,147] {logging_mixin.py:109} INFO - [2025-01-12 13:57:57,147] {dag.py:2287} INFO - Setting next_dagrun for example_weekday_branch_operator to 2025-01-10 00:00:00+00:00
[2025-01-12 13:57:57,159] {processor.py:170} INFO - Processing /home/jorge/Desktop/MÁSTER/SEGUNDO CURSO/BDFI/practica_docker/env/lib/python3.8/site-packages/airflow/example_dags/example_branch_day_of_week_operator.py took 0.062 seconds
[2025-01-12 14:06:19,420] {processor.py:162} INFO - Started process (PID=283780) to work on /home/jorge/Desktop/MÁSTER/SEGUNDO CURSO/BDFI/practica_docker/env/lib/python3.8/site-packages/airflow/example_dags/example_branch_day_of_week_operator.py
[2025-01-12 14:06:19,421] {processor.py:613} INFO - Processing file /home/jorge/Desktop/MÁSTER/SEGUNDO CURSO/BDFI/practica_docker/env/lib/python3.8/site-packages/airflow/example_dags/example_branch_day_of_week_operator.py for tasks to queue
[2025-01-12 14:06:19,422] {logging_mixin.py:109} INFO - [2025-01-12 14:06:19,422] {dagbag.py:496} INFO - Filling up the DagBag from /home/jorge/Desktop/MÁSTER/SEGUNDO CURSO/BDFI/practica_docker/env/lib/python3.8/site-packages/airflow/example_dags/example_branch_day_of_week_operator.py
[2025-01-12 14:06:19,432] {processor.py:623} INFO - DAG(s) dict_keys(['example_weekday_branch_operator']) retrieved from /home/jorge/Desktop/MÁSTER/SEGUNDO CURSO/BDFI/practica_docker/env/lib/python3.8/site-packages/airflow/example_dags/example_branch_day_of_week_operator.py
[2025-01-12 14:06:19,440] {logging_mixin.py:109} INFO - [2025-01-12 14:06:19,440] {dag.py:1834} INFO - Sync 1 DAGs
[2025-01-12 14:06:19,447] {logging_mixin.py:109} INFO - [2025-01-12 14:06:19,447] {dag.py:2287} INFO - Setting next_dagrun for example_weekday_branch_operator to 2025-01-10 00:00:00+00:00
[2025-01-12 14:06:19,454] {processor.py:170} INFO - Processing /home/jorge/Desktop/MÁSTER/SEGUNDO CURSO/BDFI/practica_docker/env/lib/python3.8/site-packages/airflow/example_dags/example_branch_day_of_week_operator.py took 0.037 seconds
[2025-01-12 14:06:52,646] {processor.py:162} INFO - Started process (PID=283936) to work on /home/jorge/Desktop/MÁSTER/SEGUNDO CURSO/BDFI/practica_docker/env/lib/python3.8/site-packages/airflow/example_dags/example_branch_day_of_week_operator.py
[2025-01-12 14:06:52,647] {processor.py:613} INFO - Processing file /home/jorge/Desktop/MÁSTER/SEGUNDO CURSO/BDFI/practica_docker/env/lib/python3.8/site-packages/airflow/example_dags/example_branch_day_of_week_operator.py for tasks to queue
[2025-01-12 14:06:52,647] {logging_mixin.py:109} INFO - [2025-01-12 14:06:52,647] {dagbag.py:496} INFO - Filling up the DagBag from /home/jorge/Desktop/MÁSTER/SEGUNDO CURSO/BDFI/practica_docker/env/lib/python3.8/site-packages/airflow/example_dags/example_branch_day_of_week_operator.py
[2025-01-12 14:06:52,656] {processor.py:623} INFO - DAG(s) dict_keys(['example_weekday_branch_operator']) retrieved from /home/jorge/Desktop/MÁSTER/SEGUNDO CURSO/BDFI/practica_docker/env/lib/python3.8/site-packages/airflow/example_dags/example_branch_day_of_week_operator.py
[2025-01-12 14:06:52,665] {logging_mixin.py:109} INFO - [2025-01-12 14:06:52,665] {dag.py:1834} INFO - Sync 1 DAGs
[2025-01-12 14:06:52,671] {logging_mixin.py:109} INFO - [2025-01-12 14:06:52,671] {dag.py:2287} INFO - Setting next_dagrun for example_weekday_branch_operator to 2025-01-10 00:00:00+00:00
[2025-01-12 14:06:52,679] {processor.py:170} INFO - Processing /home/jorge/Desktop/MÁSTER/SEGUNDO CURSO/BDFI/practica_docker/env/lib/python3.8/site-packages/airflow/example_dags/example_branch_day_of_week_operator.py took 0.036 seconds
[2025-01-12 14:07:25,320] {processor.py:162} INFO - Started process (PID=284079) to work on /home/jorge/Desktop/MÁSTER/SEGUNDO CURSO/BDFI/practica_docker/env/lib/python3.8/site-packages/airflow/example_dags/example_branch_day_of_week_operator.py
[2025-01-12 14:07:25,321] {processor.py:613} INFO - Processing file /home/jorge/Desktop/MÁSTER/SEGUNDO CURSO/BDFI/practica_docker/env/lib/python3.8/site-packages/airflow/example_dags/example_branch_day_of_week_operator.py for tasks to queue
[2025-01-12 14:07:25,322] {logging_mixin.py:109} INFO - [2025-01-12 14:07:25,322] {dagbag.py:496} INFO - Filling up the DagBag from /home/jorge/Desktop/MÁSTER/SEGUNDO CURSO/BDFI/practica_docker/env/lib/python3.8/site-packages/airflow/example_dags/example_branch_day_of_week_operator.py
[2025-01-12 14:07:25,330] {processor.py:623} INFO - DAG(s) dict_keys(['example_weekday_branch_operator']) retrieved from /home/jorge/Desktop/MÁSTER/SEGUNDO CURSO/BDFI/practica_docker/env/lib/python3.8/site-packages/airflow/example_dags/example_branch_day_of_week_operator.py
[2025-01-12 14:07:25,339] {logging_mixin.py:109} INFO - [2025-01-12 14:07:25,339] {dag.py:1834} INFO - Sync 1 DAGs
[2025-01-12 14:07:25,345] {logging_mixin.py:109} INFO - [2025-01-12 14:07:25,345] {dag.py:2287} INFO - Setting next_dagrun for example_weekday_branch_operator to 2025-01-10 00:00:00+00:00
[2025-01-12 14:07:25,352] {processor.py:170} INFO - Processing /home/jorge/Desktop/MÁSTER/SEGUNDO CURSO/BDFI/practica_docker/env/lib/python3.8/site-packages/airflow/example_dags/example_branch_day_of_week_operator.py took 0.034 seconds
[2025-01-12 14:07:58,700] {processor.py:162} INFO - Started process (PID=284240) to work on /home/jorge/Desktop/MÁSTER/SEGUNDO CURSO/BDFI/practica_docker/env/lib/python3.8/site-packages/airflow/example_dags/example_branch_day_of_week_operator.py
[2025-01-12 14:07:58,706] {processor.py:613} INFO - Processing file /home/jorge/Desktop/MÁSTER/SEGUNDO CURSO/BDFI/practica_docker/env/lib/python3.8/site-packages/airflow/example_dags/example_branch_day_of_week_operator.py for tasks to queue
[2025-01-12 14:07:58,707] {logging_mixin.py:109} INFO - [2025-01-12 14:07:58,707] {dagbag.py:496} INFO - Filling up the DagBag from /home/jorge/Desktop/MÁSTER/SEGUNDO CURSO/BDFI/practica_docker/env/lib/python3.8/site-packages/airflow/example_dags/example_branch_day_of_week_operator.py
[2025-01-12 14:07:58,716] {processor.py:623} INFO - DAG(s) dict_keys(['example_weekday_branch_operator']) retrieved from /home/jorge/Desktop/MÁSTER/SEGUNDO CURSO/BDFI/practica_docker/env/lib/python3.8/site-packages/airflow/example_dags/example_branch_day_of_week_operator.py
[2025-01-12 14:07:58,726] {logging_mixin.py:109} INFO - [2025-01-12 14:07:58,726] {dag.py:1834} INFO - Sync 1 DAGs
[2025-01-12 14:07:58,732] {logging_mixin.py:109} INFO - [2025-01-12 14:07:58,732] {dag.py:2287} INFO - Setting next_dagrun for example_weekday_branch_operator to 2025-01-10 00:00:00+00:00
[2025-01-12 14:07:58,739] {processor.py:170} INFO - Processing /home/jorge/Desktop/MÁSTER/SEGUNDO CURSO/BDFI/practica_docker/env/lib/python3.8/site-packages/airflow/example_dags/example_branch_day_of_week_operator.py took 0.042 seconds
[2025-01-12 14:08:31,044] {processor.py:162} INFO - Started process (PID=284381) to work on /home/jorge/Desktop/MÁSTER/SEGUNDO CURSO/BDFI/practica_docker/env/lib/python3.8/site-packages/airflow/example_dags/example_branch_day_of_week_operator.py
[2025-01-12 14:08:31,045] {processor.py:613} INFO - Processing file /home/jorge/Desktop/MÁSTER/SEGUNDO CURSO/BDFI/practica_docker/env/lib/python3.8/site-packages/airflow/example_dags/example_branch_day_of_week_operator.py for tasks to queue
[2025-01-12 14:08:31,046] {logging_mixin.py:109} INFO - [2025-01-12 14:08:31,046] {dagbag.py:496} INFO - Filling up the DagBag from /home/jorge/Desktop/MÁSTER/SEGUNDO CURSO/BDFI/practica_docker/env/lib/python3.8/site-packages/airflow/example_dags/example_branch_day_of_week_operator.py
[2025-01-12 14:08:31,051] {processor.py:623} INFO - DAG(s) dict_keys(['example_weekday_branch_operator']) retrieved from /home/jorge/Desktop/MÁSTER/SEGUNDO CURSO/BDFI/practica_docker/env/lib/python3.8/site-packages/airflow/example_dags/example_branch_day_of_week_operator.py
[2025-01-12 14:08:31,058] {logging_mixin.py:109} INFO - [2025-01-12 14:08:31,058] {dag.py:1834} INFO - Sync 1 DAGs
[2025-01-12 14:08:31,064] {logging_mixin.py:109} INFO - [2025-01-12 14:08:31,064] {dag.py:2287} INFO - Setting next_dagrun for example_weekday_branch_operator to 2025-01-10 00:00:00+00:00
[2025-01-12 14:08:31,072] {processor.py:170} INFO - Processing /home/jorge/Desktop/MÁSTER/SEGUNDO CURSO/BDFI/practica_docker/env/lib/python3.8/site-packages/airflow/example_dags/example_branch_day_of_week_operator.py took 0.029 seconds
[2025-01-12 14:09:02,938] {processor.py:162} INFO - Started process (PID=284533) to work on /home/jorge/Desktop/MÁSTER/SEGUNDO CURSO/BDFI/practica_docker/env/lib/python3.8/site-packages/airflow/example_dags/example_branch_day_of_week_operator.py
[2025-01-12 14:09:02,944] {processor.py:613} INFO - Processing file /home/jorge/Desktop/MÁSTER/SEGUNDO CURSO/BDFI/practica_docker/env/lib/python3.8/site-packages/airflow/example_dags/example_branch_day_of_week_operator.py for tasks to queue
[2025-01-12 14:09:02,945] {logging_mixin.py:109} INFO - [2025-01-12 14:09:02,945] {dagbag.py:496} INFO - Filling up the DagBag from /home/jorge/Desktop/MÁSTER/SEGUNDO CURSO/BDFI/practica_docker/env/lib/python3.8/site-packages/airflow/example_dags/example_branch_day_of_week_operator.py
[2025-01-12 14:09:02,954] {processor.py:623} INFO - DAG(s) dict_keys(['example_weekday_branch_operator']) retrieved from /home/jorge/Desktop/MÁSTER/SEGUNDO CURSO/BDFI/practica_docker/env/lib/python3.8/site-packages/airflow/example_dags/example_branch_day_of_week_operator.py
[2025-01-12 14:09:02,963] {logging_mixin.py:109} INFO - [2025-01-12 14:09:02,963] {dag.py:1834} INFO - Sync 1 DAGs
[2025-01-12 14:09:02,971] {logging_mixin.py:109} INFO - [2025-01-12 14:09:02,971] {dag.py:2287} INFO - Setting next_dagrun for example_weekday_branch_operator to 2025-01-10 00:00:00+00:00
[2025-01-12 14:09:02,980] {processor.py:170} INFO - Processing /home/jorge/Desktop/MÁSTER/SEGUNDO CURSO/BDFI/practica_docker/env/lib/python3.8/site-packages/airflow/example_dags/example_branch_day_of_week_operator.py took 0.046 seconds
[2025-01-12 14:09:37,047] {processor.py:162} INFO - Started process (PID=284682) to work on /home/jorge/Desktop/MÁSTER/SEGUNDO CURSO/BDFI/practica_docker/env/lib/python3.8/site-packages/airflow/example_dags/example_branch_day_of_week_operator.py
[2025-01-12 14:09:37,053] {processor.py:613} INFO - Processing file /home/jorge/Desktop/MÁSTER/SEGUNDO CURSO/BDFI/practica_docker/env/lib/python3.8/site-packages/airflow/example_dags/example_branch_day_of_week_operator.py for tasks to queue
[2025-01-12 14:09:37,054] {logging_mixin.py:109} INFO - [2025-01-12 14:09:37,054] {dagbag.py:496} INFO - Filling up the DagBag from /home/jorge/Desktop/MÁSTER/SEGUNDO CURSO/BDFI/practica_docker/env/lib/python3.8/site-packages/airflow/example_dags/example_branch_day_of_week_operator.py
[2025-01-12 14:09:37,064] {processor.py:623} INFO - DAG(s) dict_keys(['example_weekday_branch_operator']) retrieved from /home/jorge/Desktop/MÁSTER/SEGUNDO CURSO/BDFI/practica_docker/env/lib/python3.8/site-packages/airflow/example_dags/example_branch_day_of_week_operator.py
[2025-01-12 14:09:37,073] {logging_mixin.py:109} INFO - [2025-01-12 14:09:37,073] {dag.py:1834} INFO - Sync 1 DAGs
[2025-01-12 14:09:37,079] {logging_mixin.py:109} INFO - [2025-01-12 14:09:37,079] {dag.py:2287} INFO - Setting next_dagrun for example_weekday_branch_operator to 2025-01-10 00:00:00+00:00
[2025-01-12 14:09:37,089] {processor.py:170} INFO - Processing /home/jorge/Desktop/MÁSTER/SEGUNDO CURSO/BDFI/practica_docker/env/lib/python3.8/site-packages/airflow/example_dags/example_branch_day_of_week_operator.py took 0.046 seconds
[2025-01-12 14:10:10,745] {processor.py:162} INFO - Started process (PID=284851) to work on /home/jorge/Desktop/MÁSTER/SEGUNDO CURSO/BDFI/practica_docker/env/lib/python3.8/site-packages/airflow/example_dags/example_branch_day_of_week_operator.py
[2025-01-12 14:10:10,751] {processor.py:613} INFO - Processing file /home/jorge/Desktop/MÁSTER/SEGUNDO CURSO/BDFI/practica_docker/env/lib/python3.8/site-packages/airflow/example_dags/example_branch_day_of_week_operator.py for tasks to queue
[2025-01-12 14:10:10,752] {logging_mixin.py:109} INFO - [2025-01-12 14:10:10,752] {dagbag.py:496} INFO - Filling up the DagBag from /home/jorge/Desktop/MÁSTER/SEGUNDO CURSO/BDFI/practica_docker/env/lib/python3.8/site-packages/airflow/example_dags/example_branch_day_of_week_operator.py
[2025-01-12 14:10:10,761] {processor.py:623} INFO - DAG(s) dict_keys(['example_weekday_branch_operator']) retrieved from /home/jorge/Desktop/MÁSTER/SEGUNDO CURSO/BDFI/practica_docker/env/lib/python3.8/site-packages/airflow/example_dags/example_branch_day_of_week_operator.py
[2025-01-12 14:10:10,770] {logging_mixin.py:109} INFO - [2025-01-12 14:10:10,770] {dag.py:1834} INFO - Sync 1 DAGs
[2025-01-12 14:10:10,777] {logging_mixin.py:109} INFO - [2025-01-12 14:10:10,776] {dag.py:2287} INFO - Setting next_dagrun for example_weekday_branch_operator to 2025-01-10 00:00:00+00:00
[2025-01-12 14:10:10,785] {processor.py:170} INFO - Processing /home/jorge/Desktop/MÁSTER/SEGUNDO CURSO/BDFI/practica_docker/env/lib/python3.8/site-packages/airflow/example_dags/example_branch_day_of_week_operator.py took 0.043 seconds
[2025-01-12 14:10:43,281] {processor.py:162} INFO - Started process (PID=284998) to work on /home/jorge/Desktop/MÁSTER/SEGUNDO CURSO/BDFI/practica_docker/env/lib/python3.8/site-packages/airflow/example_dags/example_branch_day_of_week_operator.py
[2025-01-12 14:10:43,283] {processor.py:613} INFO - Processing file /home/jorge/Desktop/MÁSTER/SEGUNDO CURSO/BDFI/practica_docker/env/lib/python3.8/site-packages/airflow/example_dags/example_branch_day_of_week_operator.py for tasks to queue
[2025-01-12 14:10:43,284] {logging_mixin.py:109} INFO - [2025-01-12 14:10:43,284] {dagbag.py:496} INFO - Filling up the DagBag from /home/jorge/Desktop/MÁSTER/SEGUNDO CURSO/BDFI/practica_docker/env/lib/python3.8/site-packages/airflow/example_dags/example_branch_day_of_week_operator.py
[2025-01-12 14:10:43,293] {processor.py:623} INFO - DAG(s) dict_keys(['example_weekday_branch_operator']) retrieved from /home/jorge/Desktop/MÁSTER/SEGUNDO CURSO/BDFI/practica_docker/env/lib/python3.8/site-packages/airflow/example_dags/example_branch_day_of_week_operator.py
[2025-01-12 14:10:43,305] {logging_mixin.py:109} INFO - [2025-01-12 14:10:43,305] {dag.py:1834} INFO - Sync 1 DAGs
[2025-01-12 14:10:43,312] {logging_mixin.py:109} INFO - [2025-01-12 14:10:43,312] {dag.py:2287} INFO - Setting next_dagrun for example_weekday_branch_operator to 2025-01-10 00:00:00+00:00
[2025-01-12 14:10:43,320] {processor.py:170} INFO - Processing /home/jorge/Desktop/MÁSTER/SEGUNDO CURSO/BDFI/practica_docker/env/lib/python3.8/site-packages/airflow/example_dags/example_branch_day_of_week_operator.py took 0.042 seconds
[2025-01-12 14:11:20,762] {processor.py:162} INFO - Started process (PID=285313) to work on /home/jorge/Desktop/MÁSTER/SEGUNDO CURSO/BDFI/practica_docker/env/lib/python3.8/site-packages/airflow/example_dags/example_branch_day_of_week_operator.py
[2025-01-12 14:11:20,763] {processor.py:613} INFO - Processing file /home/jorge/Desktop/MÁSTER/SEGUNDO CURSO/BDFI/practica_docker/env/lib/python3.8/site-packages/airflow/example_dags/example_branch_day_of_week_operator.py for tasks to queue
[2025-01-12 14:11:20,764] {logging_mixin.py:109} INFO - [2025-01-12 14:11:20,764] {dagbag.py:496} INFO - Filling up the DagBag from /home/jorge/Desktop/MÁSTER/SEGUNDO CURSO/BDFI/practica_docker/env/lib/python3.8/site-packages/airflow/example_dags/example_branch_day_of_week_operator.py
[2025-01-12 14:11:20,772] {processor.py:623} INFO - DAG(s) dict_keys(['example_weekday_branch_operator']) retrieved from /home/jorge/Desktop/MÁSTER/SEGUNDO CURSO/BDFI/practica_docker/env/lib/python3.8/site-packages/airflow/example_dags/example_branch_day_of_week_operator.py
[2025-01-12 14:11:20,787] {logging_mixin.py:109} INFO - [2025-01-12 14:11:20,787] {dag.py:1834} INFO - Sync 1 DAGs
[2025-01-12 14:11:20,797] {logging_mixin.py:109} INFO - [2025-01-12 14:11:20,797] {dag.py:2287} INFO - Setting next_dagrun for example_weekday_branch_operator to 2025-01-10 00:00:00+00:00
[2025-01-12 14:11:20,807] {processor.py:170} INFO - Processing /home/jorge/Desktop/MÁSTER/SEGUNDO CURSO/BDFI/practica_docker/env/lib/python3.8/site-packages/airflow/example_dags/example_branch_day_of_week_operator.py took 0.047 seconds
[2025-01-12 14:11:54,458] {processor.py:162} INFO - Started process (PID=285468) to work on /home/jorge/Desktop/MÁSTER/SEGUNDO CURSO/BDFI/practica_docker/env/lib/python3.8/site-packages/airflow/example_dags/example_branch_day_of_week_operator.py
[2025-01-12 14:11:54,459] {processor.py:613} INFO - Processing file /home/jorge/Desktop/MÁSTER/SEGUNDO CURSO/BDFI/practica_docker/env/lib/python3.8/site-packages/airflow/example_dags/example_branch_day_of_week_operator.py for tasks to queue
[2025-01-12 14:11:54,461] {logging_mixin.py:109} INFO - [2025-01-12 14:11:54,460] {dagbag.py:496} INFO - Filling up the DagBag from /home/jorge/Desktop/MÁSTER/SEGUNDO CURSO/BDFI/practica_docker/env/lib/python3.8/site-packages/airflow/example_dags/example_branch_day_of_week_operator.py
[2025-01-12 14:11:54,472] {processor.py:623} INFO - DAG(s) dict_keys(['example_weekday_branch_operator']) retrieved from /home/jorge/Desktop/MÁSTER/SEGUNDO CURSO/BDFI/practica_docker/env/lib/python3.8/site-packages/airflow/example_dags/example_branch_day_of_week_operator.py
[2025-01-12 14:11:54,487] {logging_mixin.py:109} INFO - [2025-01-12 14:11:54,487] {dag.py:1834} INFO - Sync 1 DAGs
[2025-01-12 14:11:54,498] {logging_mixin.py:109} INFO - [2025-01-12 14:11:54,498] {dag.py:2287} INFO - Setting next_dagrun for example_weekday_branch_operator to 2025-01-10 00:00:00+00:00
[2025-01-12 14:11:54,513] {processor.py:170} INFO - Processing /home/jorge/Desktop/MÁSTER/SEGUNDO CURSO/BDFI/practica_docker/env/lib/python3.8/site-packages/airflow/example_dags/example_branch_day_of_week_operator.py took 0.059 seconds
[2025-01-12 14:12:28,512] {processor.py:162} INFO - Started process (PID=285619) to work on /home/jorge/Desktop/MÁSTER/SEGUNDO CURSO/BDFI/practica_docker/env/lib/python3.8/site-packages/airflow/example_dags/example_branch_day_of_week_operator.py
[2025-01-12 14:12:28,513] {processor.py:613} INFO - Processing file /home/jorge/Desktop/MÁSTER/SEGUNDO CURSO/BDFI/practica_docker/env/lib/python3.8/site-packages/airflow/example_dags/example_branch_day_of_week_operator.py for tasks to queue
[2025-01-12 14:12:28,514] {logging_mixin.py:109} INFO - [2025-01-12 14:12:28,514] {dagbag.py:496} INFO - Filling up the DagBag from /home/jorge/Desktop/MÁSTER/SEGUNDO CURSO/BDFI/practica_docker/env/lib/python3.8/site-packages/airflow/example_dags/example_branch_day_of_week_operator.py
[2025-01-12 14:12:28,521] {processor.py:623} INFO - DAG(s) dict_keys(['example_weekday_branch_operator']) retrieved from /home/jorge/Desktop/MÁSTER/SEGUNDO CURSO/BDFI/practica_docker/env/lib/python3.8/site-packages/airflow/example_dags/example_branch_day_of_week_operator.py
[2025-01-12 14:12:28,530] {logging_mixin.py:109} INFO - [2025-01-12 14:12:28,530] {dag.py:1834} INFO - Sync 1 DAGs
[2025-01-12 14:12:28,536] {logging_mixin.py:109} INFO - [2025-01-12 14:12:28,536] {dag.py:2287} INFO - Setting next_dagrun for example_weekday_branch_operator to 2025-01-10 00:00:00+00:00
[2025-01-12 14:12:28,543] {processor.py:170} INFO - Processing /home/jorge/Desktop/MÁSTER/SEGUNDO CURSO/BDFI/practica_docker/env/lib/python3.8/site-packages/airflow/example_dags/example_branch_day_of_week_operator.py took 0.032 seconds
[2025-01-12 14:13:01,987] {processor.py:162} INFO - Started process (PID=285774) to work on /home/jorge/Desktop/MÁSTER/SEGUNDO CURSO/BDFI/practica_docker/env/lib/python3.8/site-packages/airflow/example_dags/example_branch_day_of_week_operator.py
[2025-01-12 14:13:01,994] {processor.py:613} INFO - Processing file /home/jorge/Desktop/MÁSTER/SEGUNDO CURSO/BDFI/practica_docker/env/lib/python3.8/site-packages/airflow/example_dags/example_branch_day_of_week_operator.py for tasks to queue
[2025-01-12 14:13:01,995] {logging_mixin.py:109} INFO - [2025-01-12 14:13:01,994] {dagbag.py:496} INFO - Filling up the DagBag from /home/jorge/Desktop/MÁSTER/SEGUNDO CURSO/BDFI/practica_docker/env/lib/python3.8/site-packages/airflow/example_dags/example_branch_day_of_week_operator.py
[2025-01-12 14:13:02,004] {processor.py:623} INFO - DAG(s) dict_keys(['example_weekday_branch_operator']) retrieved from /home/jorge/Desktop/MÁSTER/SEGUNDO CURSO/BDFI/practica_docker/env/lib/python3.8/site-packages/airflow/example_dags/example_branch_day_of_week_operator.py
[2025-01-12 14:13:02,012] {logging_mixin.py:109} INFO - [2025-01-12 14:13:02,012] {dag.py:1834} INFO - Sync 1 DAGs
[2025-01-12 14:13:02,019] {logging_mixin.py:109} INFO - [2025-01-12 14:13:02,018] {dag.py:2287} INFO - Setting next_dagrun for example_weekday_branch_operator to 2025-01-10 00:00:00+00:00
[2025-01-12 14:13:02,026] {processor.py:170} INFO - Processing /home/jorge/Desktop/MÁSTER/SEGUNDO CURSO/BDFI/practica_docker/env/lib/python3.8/site-packages/airflow/example_dags/example_branch_day_of_week_operator.py took 0.043 seconds
[2025-01-12 14:13:35,465] {processor.py:162} INFO - Started process (PID=285922) to work on /home/jorge/Desktop/MÁSTER/SEGUNDO CURSO/BDFI/practica_docker/env/lib/python3.8/site-packages/airflow/example_dags/example_branch_day_of_week_operator.py
[2025-01-12 14:13:35,473] {processor.py:613} INFO - Processing file /home/jorge/Desktop/MÁSTER/SEGUNDO CURSO/BDFI/practica_docker/env/lib/python3.8/site-packages/airflow/example_dags/example_branch_day_of_week_operator.py for tasks to queue
[2025-01-12 14:13:35,474] {logging_mixin.py:109} INFO - [2025-01-12 14:13:35,474] {dagbag.py:496} INFO - Filling up the DagBag from /home/jorge/Desktop/MÁSTER/SEGUNDO CURSO/BDFI/practica_docker/env/lib/python3.8/site-packages/airflow/example_dags/example_branch_day_of_week_operator.py
[2025-01-12 14:13:35,484] {processor.py:623} INFO - DAG(s) dict_keys(['example_weekday_branch_operator']) retrieved from /home/jorge/Desktop/MÁSTER/SEGUNDO CURSO/BDFI/practica_docker/env/lib/python3.8/site-packages/airflow/example_dags/example_branch_day_of_week_operator.py
[2025-01-12 14:13:35,493] {logging_mixin.py:109} INFO - [2025-01-12 14:13:35,493] {dag.py:1834} INFO - Sync 1 DAGs
[2025-01-12 14:13:35,499] {logging_mixin.py:109} INFO - [2025-01-12 14:13:35,499] {dag.py:2287} INFO - Setting next_dagrun for example_weekday_branch_operator to 2025-01-10 00:00:00+00:00
[2025-01-12 14:13:35,508] {processor.py:170} INFO - Processing /home/jorge/Desktop/MÁSTER/SEGUNDO CURSO/BDFI/practica_docker/env/lib/python3.8/site-packages/airflow/example_dags/example_branch_day_of_week_operator.py took 0.045 seconds
[2025-01-12 14:14:06,772] {processor.py:162} INFO - Started process (PID=286082) to work on /home/jorge/Desktop/MÁSTER/SEGUNDO CURSO/BDFI/practica_docker/env/lib/python3.8/site-packages/airflow/example_dags/example_branch_day_of_week_operator.py
[2025-01-12 14:14:06,773] {processor.py:613} INFO - Processing file /home/jorge/Desktop/MÁSTER/SEGUNDO CURSO/BDFI/practica_docker/env/lib/python3.8/site-packages/airflow/example_dags/example_branch_day_of_week_operator.py for tasks to queue
[2025-01-12 14:14:06,774] {logging_mixin.py:109} INFO - [2025-01-12 14:14:06,774] {dagbag.py:496} INFO - Filling up the DagBag from /home/jorge/Desktop/MÁSTER/SEGUNDO CURSO/BDFI/practica_docker/env/lib/python3.8/site-packages/airflow/example_dags/example_branch_day_of_week_operator.py
[2025-01-12 14:14:06,781] {processor.py:623} INFO - DAG(s) dict_keys(['example_weekday_branch_operator']) retrieved from /home/jorge/Desktop/MÁSTER/SEGUNDO CURSO/BDFI/practica_docker/env/lib/python3.8/site-packages/airflow/example_dags/example_branch_day_of_week_operator.py
[2025-01-12 14:14:06,792] {logging_mixin.py:109} INFO - [2025-01-12 14:14:06,792] {dag.py:1834} INFO - Sync 1 DAGs
[2025-01-12 14:14:06,802] {logging_mixin.py:109} INFO - [2025-01-12 14:14:06,802] {dag.py:2287} INFO - Setting next_dagrun for example_weekday_branch_operator to 2025-01-10 00:00:00+00:00
[2025-01-12 14:14:06,811] {processor.py:170} INFO - Processing /home/jorge/Desktop/MÁSTER/SEGUNDO CURSO/BDFI/practica_docker/env/lib/python3.8/site-packages/airflow/example_dags/example_branch_day_of_week_operator.py took 0.041 seconds
[2025-01-12 14:14:40,253] {processor.py:162} INFO - Started process (PID=286235) to work on /home/jorge/Desktop/MÁSTER/SEGUNDO CURSO/BDFI/practica_docker/env/lib/python3.8/site-packages/airflow/example_dags/example_branch_day_of_week_operator.py
[2025-01-12 14:14:40,255] {processor.py:613} INFO - Processing file /home/jorge/Desktop/MÁSTER/SEGUNDO CURSO/BDFI/practica_docker/env/lib/python3.8/site-packages/airflow/example_dags/example_branch_day_of_week_operator.py for tasks to queue
[2025-01-12 14:14:40,256] {logging_mixin.py:109} INFO - [2025-01-12 14:14:40,256] {dagbag.py:496} INFO - Filling up the DagBag from /home/jorge/Desktop/MÁSTER/SEGUNDO CURSO/BDFI/practica_docker/env/lib/python3.8/site-packages/airflow/example_dags/example_branch_day_of_week_operator.py
[2025-01-12 14:14:40,265] {processor.py:623} INFO - DAG(s) dict_keys(['example_weekday_branch_operator']) retrieved from /home/jorge/Desktop/MÁSTER/SEGUNDO CURSO/BDFI/practica_docker/env/lib/python3.8/site-packages/airflow/example_dags/example_branch_day_of_week_operator.py
[2025-01-12 14:14:40,279] {logging_mixin.py:109} INFO - [2025-01-12 14:14:40,279] {dag.py:1834} INFO - Sync 1 DAGs
[2025-01-12 14:14:40,290] {logging_mixin.py:109} INFO - [2025-01-12 14:14:40,290] {dag.py:2287} INFO - Setting next_dagrun for example_weekday_branch_operator to 2025-01-10 00:00:00+00:00
[2025-01-12 14:14:40,298] {processor.py:170} INFO - Processing /home/jorge/Desktop/MÁSTER/SEGUNDO CURSO/BDFI/practica_docker/env/lib/python3.8/site-packages/airflow/example_dags/example_branch_day_of_week_operator.py took 0.049 seconds
[2025-01-12 14:15:13,452] {processor.py:162} INFO - Started process (PID=286589) to work on /home/jorge/Desktop/MÁSTER/SEGUNDO CURSO/BDFI/practica_docker/env/lib/python3.8/site-packages/airflow/example_dags/example_branch_day_of_week_operator.py
[2025-01-12 14:15:13,453] {processor.py:613} INFO - Processing file /home/jorge/Desktop/MÁSTER/SEGUNDO CURSO/BDFI/practica_docker/env/lib/python3.8/site-packages/airflow/example_dags/example_branch_day_of_week_operator.py for tasks to queue
[2025-01-12 14:15:13,453] {logging_mixin.py:109} INFO - [2025-01-12 14:15:13,453] {dagbag.py:496} INFO - Filling up the DagBag from /home/jorge/Desktop/MÁSTER/SEGUNDO CURSO/BDFI/practica_docker/env/lib/python3.8/site-packages/airflow/example_dags/example_branch_day_of_week_operator.py
[2025-01-12 14:15:13,459] {processor.py:623} INFO - DAG(s) dict_keys(['example_weekday_branch_operator']) retrieved from /home/jorge/Desktop/MÁSTER/SEGUNDO CURSO/BDFI/practica_docker/env/lib/python3.8/site-packages/airflow/example_dags/example_branch_day_of_week_operator.py
[2025-01-12 14:15:13,469] {logging_mixin.py:109} INFO - [2025-01-12 14:15:13,469] {dag.py:1834} INFO - Sync 1 DAGs
[2025-01-12 14:15:13,477] {logging_mixin.py:109} INFO - [2025-01-12 14:15:13,477] {dag.py:2287} INFO - Setting next_dagrun for example_weekday_branch_operator to 2025-01-10 00:00:00+00:00
[2025-01-12 14:15:13,486] {processor.py:170} INFO - Processing /home/jorge/Desktop/MÁSTER/SEGUNDO CURSO/BDFI/practica_docker/env/lib/python3.8/site-packages/airflow/example_dags/example_branch_day_of_week_operator.py took 0.036 seconds
[2025-01-12 14:15:45,166] {processor.py:162} INFO - Started process (PID=287002) to work on /home/jorge/Desktop/MÁSTER/SEGUNDO CURSO/BDFI/practica_docker/env/lib/python3.8/site-packages/airflow/example_dags/example_branch_day_of_week_operator.py
[2025-01-12 14:15:45,167] {processor.py:613} INFO - Processing file /home/jorge/Desktop/MÁSTER/SEGUNDO CURSO/BDFI/practica_docker/env/lib/python3.8/site-packages/airflow/example_dags/example_branch_day_of_week_operator.py for tasks to queue
[2025-01-12 14:15:45,167] {logging_mixin.py:109} INFO - [2025-01-12 14:15:45,167] {dagbag.py:496} INFO - Filling up the DagBag from /home/jorge/Desktop/MÁSTER/SEGUNDO CURSO/BDFI/practica_docker/env/lib/python3.8/site-packages/airflow/example_dags/example_branch_day_of_week_operator.py
[2025-01-12 14:15:45,172] {processor.py:623} INFO - DAG(s) dict_keys(['example_weekday_branch_operator']) retrieved from /home/jorge/Desktop/MÁSTER/SEGUNDO CURSO/BDFI/practica_docker/env/lib/python3.8/site-packages/airflow/example_dags/example_branch_day_of_week_operator.py
[2025-01-12 14:15:45,182] {logging_mixin.py:109} INFO - [2025-01-12 14:15:45,182] {dag.py:1834} INFO - Sync 1 DAGs
[2025-01-12 14:15:45,192] {logging_mixin.py:109} INFO - [2025-01-12 14:15:45,192] {dag.py:2287} INFO - Setting next_dagrun for example_weekday_branch_operator to 2025-01-10 00:00:00+00:00
[2025-01-12 14:15:45,207] {processor.py:170} INFO - Processing /home/jorge/Desktop/MÁSTER/SEGUNDO CURSO/BDFI/practica_docker/env/lib/python3.8/site-packages/airflow/example_dags/example_branch_day_of_week_operator.py took 0.043 seconds
[2025-01-12 14:16:31,926] {processor.py:162} INFO - Started process (PID=290065) to work on /home/jorge/Desktop/MÁSTER/SEGUNDO CURSO/BDFI/practica_docker/env/lib/python3.8/site-packages/airflow/example_dags/example_branch_day_of_week_operator.py
[2025-01-12 14:16:31,928] {processor.py:613} INFO - Processing file /home/jorge/Desktop/MÁSTER/SEGUNDO CURSO/BDFI/practica_docker/env/lib/python3.8/site-packages/airflow/example_dags/example_branch_day_of_week_operator.py for tasks to queue
[2025-01-12 14:16:31,929] {logging_mixin.py:109} INFO - [2025-01-12 14:16:31,928] {dagbag.py:496} INFO - Filling up the DagBag from /home/jorge/Desktop/MÁSTER/SEGUNDO CURSO/BDFI/practica_docker/env/lib/python3.8/site-packages/airflow/example_dags/example_branch_day_of_week_operator.py
[2025-01-12 14:16:31,940] {processor.py:623} INFO - DAG(s) dict_keys(['example_weekday_branch_operator']) retrieved from /home/jorge/Desktop/MÁSTER/SEGUNDO CURSO/BDFI/practica_docker/env/lib/python3.8/site-packages/airflow/example_dags/example_branch_day_of_week_operator.py
[2025-01-12 14:16:31,953] {logging_mixin.py:109} INFO - [2025-01-12 14:16:31,953] {dag.py:1834} INFO - Sync 1 DAGs
[2025-01-12 14:16:31,967] {logging_mixin.py:109} INFO - [2025-01-12 14:16:31,966] {dag.py:2287} INFO - Setting next_dagrun for example_weekday_branch_operator to 2025-01-10 00:00:00+00:00
[2025-01-12 14:16:31,978] {processor.py:170} INFO - Processing /home/jorge/Desktop/MÁSTER/SEGUNDO CURSO/BDFI/practica_docker/env/lib/python3.8/site-packages/airflow/example_dags/example_branch_day_of_week_operator.py took 0.054 seconds
[2025-01-12 14:17:07,369] {processor.py:162} INFO - Started process (PID=290856) to work on /home/jorge/Desktop/MÁSTER/SEGUNDO CURSO/BDFI/practica_docker/env/lib/python3.8/site-packages/airflow/example_dags/example_branch_day_of_week_operator.py
[2025-01-12 14:17:07,370] {processor.py:613} INFO - Processing file /home/jorge/Desktop/MÁSTER/SEGUNDO CURSO/BDFI/practica_docker/env/lib/python3.8/site-packages/airflow/example_dags/example_branch_day_of_week_operator.py for tasks to queue
[2025-01-12 14:17:07,371] {logging_mixin.py:109} INFO - [2025-01-12 14:17:07,371] {dagbag.py:496} INFO - Filling up the DagBag from /home/jorge/Desktop/MÁSTER/SEGUNDO CURSO/BDFI/practica_docker/env/lib/python3.8/site-packages/airflow/example_dags/example_branch_day_of_week_operator.py
[2025-01-12 14:17:07,379] {processor.py:623} INFO - DAG(s) dict_keys(['example_weekday_branch_operator']) retrieved from /home/jorge/Desktop/MÁSTER/SEGUNDO CURSO/BDFI/practica_docker/env/lib/python3.8/site-packages/airflow/example_dags/example_branch_day_of_week_operator.py
[2025-01-12 14:17:07,388] {logging_mixin.py:109} INFO - [2025-01-12 14:17:07,388] {dag.py:1834} INFO - Sync 1 DAGs
[2025-01-12 14:17:07,397] {logging_mixin.py:109} INFO - [2025-01-12 14:17:07,397] {dag.py:2287} INFO - Setting next_dagrun for example_weekday_branch_operator to 2025-01-10 00:00:00+00:00
[2025-01-12 14:17:07,406] {processor.py:170} INFO - Processing /home/jorge/Desktop/MÁSTER/SEGUNDO CURSO/BDFI/practica_docker/env/lib/python3.8/site-packages/airflow/example_dags/example_branch_day_of_week_operator.py took 0.039 seconds
[2025-01-12 14:17:41,166] {processor.py:162} INFO - Started process (PID=291031) to work on /home/jorge/Desktop/MÁSTER/SEGUNDO CURSO/BDFI/practica_docker/env/lib/python3.8/site-packages/airflow/example_dags/example_branch_day_of_week_operator.py
[2025-01-12 14:17:41,167] {processor.py:613} INFO - Processing file /home/jorge/Desktop/MÁSTER/SEGUNDO CURSO/BDFI/practica_docker/env/lib/python3.8/site-packages/airflow/example_dags/example_branch_day_of_week_operator.py for tasks to queue
[2025-01-12 14:17:41,168] {logging_mixin.py:109} INFO - [2025-01-12 14:17:41,168] {dagbag.py:496} INFO - Filling up the DagBag from /home/jorge/Desktop/MÁSTER/SEGUNDO CURSO/BDFI/practica_docker/env/lib/python3.8/site-packages/airflow/example_dags/example_branch_day_of_week_operator.py
[2025-01-12 14:17:41,174] {processor.py:623} INFO - DAG(s) dict_keys(['example_weekday_branch_operator']) retrieved from /home/jorge/Desktop/MÁSTER/SEGUNDO CURSO/BDFI/practica_docker/env/lib/python3.8/site-packages/airflow/example_dags/example_branch_day_of_week_operator.py
[2025-01-12 14:17:41,187] {logging_mixin.py:109} INFO - [2025-01-12 14:17:41,187] {dag.py:1834} INFO - Sync 1 DAGs
[2025-01-12 14:17:41,195] {logging_mixin.py:109} INFO - [2025-01-12 14:17:41,195] {dag.py:2287} INFO - Setting next_dagrun for example_weekday_branch_operator to 2025-01-10 00:00:00+00:00
[2025-01-12 14:17:41,208] {processor.py:170} INFO - Processing /home/jorge/Desktop/MÁSTER/SEGUNDO CURSO/BDFI/practica_docker/env/lib/python3.8/site-packages/airflow/example_dags/example_branch_day_of_week_operator.py took 0.044 seconds
[2025-01-12 14:18:14,719] {processor.py:162} INFO - Started process (PID=291200) to work on /home/jorge/Desktop/MÁSTER/SEGUNDO CURSO/BDFI/practica_docker/env/lib/python3.8/site-packages/airflow/example_dags/example_branch_day_of_week_operator.py
[2025-01-12 14:18:14,720] {processor.py:613} INFO - Processing file /home/jorge/Desktop/MÁSTER/SEGUNDO CURSO/BDFI/practica_docker/env/lib/python3.8/site-packages/airflow/example_dags/example_branch_day_of_week_operator.py for tasks to queue
[2025-01-12 14:18:14,721] {logging_mixin.py:109} INFO - [2025-01-12 14:18:14,721] {dagbag.py:496} INFO - Filling up the DagBag from /home/jorge/Desktop/MÁSTER/SEGUNDO CURSO/BDFI/practica_docker/env/lib/python3.8/site-packages/airflow/example_dags/example_branch_day_of_week_operator.py
[2025-01-12 14:18:14,727] {processor.py:623} INFO - DAG(s) dict_keys(['example_weekday_branch_operator']) retrieved from /home/jorge/Desktop/MÁSTER/SEGUNDO CURSO/BDFI/practica_docker/env/lib/python3.8/site-packages/airflow/example_dags/example_branch_day_of_week_operator.py
[2025-01-12 14:18:14,738] {logging_mixin.py:109} INFO - [2025-01-12 14:18:14,738] {dag.py:1834} INFO - Sync 1 DAGs
[2025-01-12 14:18:14,747] {logging_mixin.py:109} INFO - [2025-01-12 14:18:14,747] {dag.py:2287} INFO - Setting next_dagrun for example_weekday_branch_operator to 2025-01-10 00:00:00+00:00
[2025-01-12 14:18:14,757] {processor.py:170} INFO - Processing /home/jorge/Desktop/MÁSTER/SEGUNDO CURSO/BDFI/practica_docker/env/lib/python3.8/site-packages/airflow/example_dags/example_branch_day_of_week_operator.py took 0.041 seconds
[2025-01-12 14:18:47,562] {processor.py:162} INFO - Started process (PID=291746) to work on /home/jorge/Desktop/MÁSTER/SEGUNDO CURSO/BDFI/practica_docker/env/lib/python3.8/site-packages/airflow/example_dags/example_branch_day_of_week_operator.py
[2025-01-12 14:18:47,563] {processor.py:613} INFO - Processing file /home/jorge/Desktop/MÁSTER/SEGUNDO CURSO/BDFI/practica_docker/env/lib/python3.8/site-packages/airflow/example_dags/example_branch_day_of_week_operator.py for tasks to queue
[2025-01-12 14:18:47,564] {logging_mixin.py:109} INFO - [2025-01-12 14:18:47,564] {dagbag.py:496} INFO - Filling up the DagBag from /home/jorge/Desktop/MÁSTER/SEGUNDO CURSO/BDFI/practica_docker/env/lib/python3.8/site-packages/airflow/example_dags/example_branch_day_of_week_operator.py
[2025-01-12 14:18:47,572] {processor.py:623} INFO - DAG(s) dict_keys(['example_weekday_branch_operator']) retrieved from /home/jorge/Desktop/MÁSTER/SEGUNDO CURSO/BDFI/practica_docker/env/lib/python3.8/site-packages/airflow/example_dags/example_branch_day_of_week_operator.py
[2025-01-12 14:18:47,583] {logging_mixin.py:109} INFO - [2025-01-12 14:18:47,583] {dag.py:1834} INFO - Sync 1 DAGs
[2025-01-12 14:18:47,600] {logging_mixin.py:109} INFO - [2025-01-12 14:18:47,600] {dag.py:2287} INFO - Setting next_dagrun for example_weekday_branch_operator to 2025-01-10 00:00:00+00:00
[2025-01-12 14:18:47,613] {processor.py:170} INFO - Processing /home/jorge/Desktop/MÁSTER/SEGUNDO CURSO/BDFI/practica_docker/env/lib/python3.8/site-packages/airflow/example_dags/example_branch_day_of_week_operator.py took 0.053 seconds
[2025-01-12 14:19:21,345] {processor.py:162} INFO - Started process (PID=292289) to work on /home/jorge/Desktop/MÁSTER/SEGUNDO CURSO/BDFI/practica_docker/env/lib/python3.8/site-packages/airflow/example_dags/example_branch_day_of_week_operator.py
[2025-01-12 14:19:21,347] {processor.py:613} INFO - Processing file /home/jorge/Desktop/MÁSTER/SEGUNDO CURSO/BDFI/practica_docker/env/lib/python3.8/site-packages/airflow/example_dags/example_branch_day_of_week_operator.py for tasks to queue
[2025-01-12 14:19:21,349] {logging_mixin.py:109} INFO - [2025-01-12 14:19:21,349] {dagbag.py:496} INFO - Filling up the DagBag from /home/jorge/Desktop/MÁSTER/SEGUNDO CURSO/BDFI/practica_docker/env/lib/python3.8/site-packages/airflow/example_dags/example_branch_day_of_week_operator.py
[2025-01-12 14:19:21,366] {processor.py:623} INFO - DAG(s) dict_keys(['example_weekday_branch_operator']) retrieved from /home/jorge/Desktop/MÁSTER/SEGUNDO CURSO/BDFI/practica_docker/env/lib/python3.8/site-packages/airflow/example_dags/example_branch_day_of_week_operator.py
[2025-01-12 14:19:21,387] {logging_mixin.py:109} INFO - [2025-01-12 14:19:21,387] {dag.py:1834} INFO - Sync 1 DAGs
[2025-01-12 14:19:21,403] {logging_mixin.py:109} INFO - [2025-01-12 14:19:21,402] {dag.py:2287} INFO - Setting next_dagrun for example_weekday_branch_operator to 2025-01-10 00:00:00+00:00
[2025-01-12 14:19:21,420] {processor.py:170} INFO - Processing /home/jorge/Desktop/MÁSTER/SEGUNDO CURSO/BDFI/practica_docker/env/lib/python3.8/site-packages/airflow/example_dags/example_branch_day_of_week_operator.py took 0.081 seconds
[2025-01-12 14:19:56,320] {processor.py:162} INFO - Started process (PID=293066) to work on /home/jorge/Desktop/MÁSTER/SEGUNDO CURSO/BDFI/practica_docker/env/lib/python3.8/site-packages/airflow/example_dags/example_branch_day_of_week_operator.py
[2025-01-12 14:19:56,322] {processor.py:613} INFO - Processing file /home/jorge/Desktop/MÁSTER/SEGUNDO CURSO/BDFI/practica_docker/env/lib/python3.8/site-packages/airflow/example_dags/example_branch_day_of_week_operator.py for tasks to queue
[2025-01-12 14:19:56,322] {logging_mixin.py:109} INFO - [2025-01-12 14:19:56,322] {dagbag.py:496} INFO - Filling up the DagBag from /home/jorge/Desktop/MÁSTER/SEGUNDO CURSO/BDFI/practica_docker/env/lib/python3.8/site-packages/airflow/example_dags/example_branch_day_of_week_operator.py
[2025-01-12 14:19:56,329] {processor.py:623} INFO - DAG(s) dict_keys(['example_weekday_branch_operator']) retrieved from /home/jorge/Desktop/MÁSTER/SEGUNDO CURSO/BDFI/practica_docker/env/lib/python3.8/site-packages/airflow/example_dags/example_branch_day_of_week_operator.py
[2025-01-12 14:19:56,340] {logging_mixin.py:109} INFO - [2025-01-12 14:19:56,340] {dag.py:1834} INFO - Sync 1 DAGs
[2025-01-12 14:19:56,348] {logging_mixin.py:109} INFO - [2025-01-12 14:19:56,348] {dag.py:2287} INFO - Setting next_dagrun for example_weekday_branch_operator to 2025-01-10 00:00:00+00:00
[2025-01-12 14:19:56,358] {processor.py:170} INFO - Processing /home/jorge/Desktop/MÁSTER/SEGUNDO CURSO/BDFI/practica_docker/env/lib/python3.8/site-packages/airflow/example_dags/example_branch_day_of_week_operator.py took 0.040 seconds
[2025-01-12 14:20:31,753] {processor.py:162} INFO - Started process (PID=293240) to work on /home/jorge/Desktop/MÁSTER/SEGUNDO CURSO/BDFI/practica_docker/env/lib/python3.8/site-packages/airflow/example_dags/example_branch_day_of_week_operator.py
[2025-01-12 14:20:31,755] {processor.py:613} INFO - Processing file /home/jorge/Desktop/MÁSTER/SEGUNDO CURSO/BDFI/practica_docker/env/lib/python3.8/site-packages/airflow/example_dags/example_branch_day_of_week_operator.py for tasks to queue
[2025-01-12 14:20:31,756] {logging_mixin.py:109} INFO - [2025-01-12 14:20:31,756] {dagbag.py:496} INFO - Filling up the DagBag from /home/jorge/Desktop/MÁSTER/SEGUNDO CURSO/BDFI/practica_docker/env/lib/python3.8/site-packages/airflow/example_dags/example_branch_day_of_week_operator.py
[2025-01-12 14:20:31,762] {processor.py:623} INFO - DAG(s) dict_keys(['example_weekday_branch_operator']) retrieved from /home/jorge/Desktop/MÁSTER/SEGUNDO CURSO/BDFI/practica_docker/env/lib/python3.8/site-packages/airflow/example_dags/example_branch_day_of_week_operator.py
[2025-01-12 14:20:31,775] {logging_mixin.py:109} INFO - [2025-01-12 14:20:31,775] {dag.py:1834} INFO - Sync 1 DAGs
[2025-01-12 14:20:31,784] {logging_mixin.py:109} INFO - [2025-01-12 14:20:31,784] {dag.py:2287} INFO - Setting next_dagrun for example_weekday_branch_operator to 2025-01-10 00:00:00+00:00
[2025-01-12 14:20:31,800] {processor.py:170} INFO - Processing /home/jorge/Desktop/MÁSTER/SEGUNDO CURSO/BDFI/practica_docker/env/lib/python3.8/site-packages/airflow/example_dags/example_branch_day_of_week_operator.py took 0.048 seconds
