[2025-01-12 13:51:15,372] {processor.py:162} INFO - Started process (PID=281081) to work on /home/jorge/Desktop/MÁSTER/SEGUNDO CURSO/BDFI/practica_docker/env/lib/python3.8/site-packages/airflow/example_dags/example_latest_only_with_trigger.py
[2025-01-12 13:51:15,373] {processor.py:613} INFO - Processing file /home/jorge/Desktop/MÁSTER/SEGUNDO CURSO/BDFI/practica_docker/env/lib/python3.8/site-packages/airflow/example_dags/example_latest_only_with_trigger.py for tasks to queue
[2025-01-12 13:51:15,374] {logging_mixin.py:109} INFO - [2025-01-12 13:51:15,374] {dagbag.py:496} INFO - Filling up the DagBag from /home/jorge/Desktop/MÁSTER/SEGUNDO CURSO/BDFI/practica_docker/env/lib/python3.8/site-packages/airflow/example_dags/example_latest_only_with_trigger.py
[2025-01-12 13:51:15,385] {processor.py:623} INFO - DAG(s) dict_keys(['latest_only_with_trigger']) retrieved from /home/jorge/Desktop/MÁSTER/SEGUNDO CURSO/BDFI/practica_docker/env/lib/python3.8/site-packages/airflow/example_dags/example_latest_only_with_trigger.py
[2025-01-12 13:51:15,396] {logging_mixin.py:109} INFO - [2025-01-12 13:51:15,396] {dag.py:1834} INFO - Sync 1 DAGs
[2025-01-12 13:51:15,404] {logging_mixin.py:109} INFO - [2025-01-12 13:51:15,404] {dag.py:2287} INFO - Setting next_dagrun for latest_only_with_trigger to 2025-01-10 00:00:00+00:00
[2025-01-12 13:51:15,413] {processor.py:170} INFO - Processing /home/jorge/Desktop/MÁSTER/SEGUNDO CURSO/BDFI/practica_docker/env/lib/python3.8/site-packages/airflow/example_dags/example_latest_only_with_trigger.py took 0.045 seconds
[2025-01-12 13:51:49,789] {processor.py:162} INFO - Started process (PID=281242) to work on /home/jorge/Desktop/MÁSTER/SEGUNDO CURSO/BDFI/practica_docker/env/lib/python3.8/site-packages/airflow/example_dags/example_latest_only_with_trigger.py
[2025-01-12 13:51:49,789] {processor.py:613} INFO - Processing file /home/jorge/Desktop/MÁSTER/SEGUNDO CURSO/BDFI/practica_docker/env/lib/python3.8/site-packages/airflow/example_dags/example_latest_only_with_trigger.py for tasks to queue
[2025-01-12 13:51:49,790] {logging_mixin.py:109} INFO - [2025-01-12 13:51:49,790] {dagbag.py:496} INFO - Filling up the DagBag from /home/jorge/Desktop/MÁSTER/SEGUNDO CURSO/BDFI/practica_docker/env/lib/python3.8/site-packages/airflow/example_dags/example_latest_only_with_trigger.py
[2025-01-12 13:51:49,798] {processor.py:623} INFO - DAG(s) dict_keys(['latest_only_with_trigger']) retrieved from /home/jorge/Desktop/MÁSTER/SEGUNDO CURSO/BDFI/practica_docker/env/lib/python3.8/site-packages/airflow/example_dags/example_latest_only_with_trigger.py
[2025-01-12 13:51:49,808] {logging_mixin.py:109} INFO - [2025-01-12 13:51:49,808] {dag.py:1834} INFO - Sync 1 DAGs
[2025-01-12 13:51:49,815] {logging_mixin.py:109} INFO - [2025-01-12 13:51:49,815] {dag.py:2287} INFO - Setting next_dagrun for latest_only_with_trigger to 2025-01-10 00:00:00+00:00
[2025-01-12 13:51:49,824] {processor.py:170} INFO - Processing /home/jorge/Desktop/MÁSTER/SEGUNDO CURSO/BDFI/practica_docker/env/lib/python3.8/site-packages/airflow/example_dags/example_latest_only_with_trigger.py took 0.037 seconds
[2025-01-12 13:52:22,662] {processor.py:162} INFO - Started process (PID=281419) to work on /home/jorge/Desktop/MÁSTER/SEGUNDO CURSO/BDFI/practica_docker/env/lib/python3.8/site-packages/airflow/example_dags/example_latest_only_with_trigger.py
[2025-01-12 13:52:22,663] {processor.py:613} INFO - Processing file /home/jorge/Desktop/MÁSTER/SEGUNDO CURSO/BDFI/practica_docker/env/lib/python3.8/site-packages/airflow/example_dags/example_latest_only_with_trigger.py for tasks to queue
[2025-01-12 13:52:22,664] {logging_mixin.py:109} INFO - [2025-01-12 13:52:22,664] {dagbag.py:496} INFO - Filling up the DagBag from /home/jorge/Desktop/MÁSTER/SEGUNDO CURSO/BDFI/practica_docker/env/lib/python3.8/site-packages/airflow/example_dags/example_latest_only_with_trigger.py
[2025-01-12 13:52:22,673] {processor.py:623} INFO - DAG(s) dict_keys(['latest_only_with_trigger']) retrieved from /home/jorge/Desktop/MÁSTER/SEGUNDO CURSO/BDFI/practica_docker/env/lib/python3.8/site-packages/airflow/example_dags/example_latest_only_with_trigger.py
[2025-01-12 13:52:22,688] {logging_mixin.py:109} INFO - [2025-01-12 13:52:22,688] {dag.py:1834} INFO - Sync 1 DAGs
[2025-01-12 13:52:22,698] {logging_mixin.py:109} INFO - [2025-01-12 13:52:22,698] {dag.py:2287} INFO - Setting next_dagrun for latest_only_with_trigger to 2025-01-10 00:00:00+00:00
[2025-01-12 13:52:22,711] {processor.py:170} INFO - Processing /home/jorge/Desktop/MÁSTER/SEGUNDO CURSO/BDFI/practica_docker/env/lib/python3.8/site-packages/airflow/example_dags/example_latest_only_with_trigger.py took 0.050 seconds
[2025-01-12 13:53:04,984] {processor.py:162} INFO - Started process (PID=281686) to work on /home/jorge/Desktop/MÁSTER/SEGUNDO CURSO/BDFI/practica_docker/env/lib/python3.8/site-packages/airflow/example_dags/example_latest_only_with_trigger.py
[2025-01-12 13:53:04,985] {processor.py:613} INFO - Processing file /home/jorge/Desktop/MÁSTER/SEGUNDO CURSO/BDFI/practica_docker/env/lib/python3.8/site-packages/airflow/example_dags/example_latest_only_with_trigger.py for tasks to queue
[2025-01-12 13:53:04,986] {logging_mixin.py:109} INFO - [2025-01-12 13:53:04,986] {dagbag.py:496} INFO - Filling up the DagBag from /home/jorge/Desktop/MÁSTER/SEGUNDO CURSO/BDFI/practica_docker/env/lib/python3.8/site-packages/airflow/example_dags/example_latest_only_with_trigger.py
[2025-01-12 13:53:05,000] {processor.py:623} INFO - DAG(s) dict_keys(['latest_only_with_trigger']) retrieved from /home/jorge/Desktop/MÁSTER/SEGUNDO CURSO/BDFI/practica_docker/env/lib/python3.8/site-packages/airflow/example_dags/example_latest_only_with_trigger.py
[2025-01-12 13:53:05,015] {logging_mixin.py:109} INFO - [2025-01-12 13:53:05,015] {dag.py:1834} INFO - Sync 1 DAGs
[2025-01-12 13:53:05,023] {logging_mixin.py:109} INFO - [2025-01-12 13:53:05,023] {dag.py:2287} INFO - Setting next_dagrun for latest_only_with_trigger to 2025-01-10 00:00:00+00:00
[2025-01-12 13:53:05,035] {processor.py:170} INFO - Processing /home/jorge/Desktop/MÁSTER/SEGUNDO CURSO/BDFI/practica_docker/env/lib/python3.8/site-packages/airflow/example_dags/example_latest_only_with_trigger.py took 0.054 seconds
[2025-01-12 13:53:39,206] {processor.py:162} INFO - Started process (PID=281849) to work on /home/jorge/Desktop/MÁSTER/SEGUNDO CURSO/BDFI/practica_docker/env/lib/python3.8/site-packages/airflow/example_dags/example_latest_only_with_trigger.py
[2025-01-12 13:53:39,209] {processor.py:613} INFO - Processing file /home/jorge/Desktop/MÁSTER/SEGUNDO CURSO/BDFI/practica_docker/env/lib/python3.8/site-packages/airflow/example_dags/example_latest_only_with_trigger.py for tasks to queue
[2025-01-12 13:53:39,209] {logging_mixin.py:109} INFO - [2025-01-12 13:53:39,209] {dagbag.py:496} INFO - Filling up the DagBag from /home/jorge/Desktop/MÁSTER/SEGUNDO CURSO/BDFI/practica_docker/env/lib/python3.8/site-packages/airflow/example_dags/example_latest_only_with_trigger.py
[2025-01-12 13:53:39,218] {processor.py:623} INFO - DAG(s) dict_keys(['latest_only_with_trigger']) retrieved from /home/jorge/Desktop/MÁSTER/SEGUNDO CURSO/BDFI/practica_docker/env/lib/python3.8/site-packages/airflow/example_dags/example_latest_only_with_trigger.py
[2025-01-12 13:53:39,230] {logging_mixin.py:109} INFO - [2025-01-12 13:53:39,230] {dag.py:1834} INFO - Sync 1 DAGs
[2025-01-12 13:53:39,239] {logging_mixin.py:109} INFO - [2025-01-12 13:53:39,239] {dag.py:2287} INFO - Setting next_dagrun for latest_only_with_trigger to 2025-01-10 00:00:00+00:00
[2025-01-12 13:53:39,255] {processor.py:170} INFO - Processing /home/jorge/Desktop/MÁSTER/SEGUNDO CURSO/BDFI/practica_docker/env/lib/python3.8/site-packages/airflow/example_dags/example_latest_only_with_trigger.py took 0.053 seconds
[2025-01-12 13:54:13,806] {processor.py:162} INFO - Started process (PID=282024) to work on /home/jorge/Desktop/MÁSTER/SEGUNDO CURSO/BDFI/practica_docker/env/lib/python3.8/site-packages/airflow/example_dags/example_latest_only_with_trigger.py
[2025-01-12 13:54:13,813] {processor.py:613} INFO - Processing file /home/jorge/Desktop/MÁSTER/SEGUNDO CURSO/BDFI/practica_docker/env/lib/python3.8/site-packages/airflow/example_dags/example_latest_only_with_trigger.py for tasks to queue
[2025-01-12 13:54:13,814] {logging_mixin.py:109} INFO - [2025-01-12 13:54:13,813] {dagbag.py:496} INFO - Filling up the DagBag from /home/jorge/Desktop/MÁSTER/SEGUNDO CURSO/BDFI/practica_docker/env/lib/python3.8/site-packages/airflow/example_dags/example_latest_only_with_trigger.py
[2025-01-12 13:54:13,826] {processor.py:623} INFO - DAG(s) dict_keys(['latest_only_with_trigger']) retrieved from /home/jorge/Desktop/MÁSTER/SEGUNDO CURSO/BDFI/practica_docker/env/lib/python3.8/site-packages/airflow/example_dags/example_latest_only_with_trigger.py
[2025-01-12 13:54:13,836] {logging_mixin.py:109} INFO - [2025-01-12 13:54:13,836] {dag.py:1834} INFO - Sync 1 DAGs
[2025-01-12 13:54:13,842] {logging_mixin.py:109} INFO - [2025-01-12 13:54:13,842] {dag.py:2287} INFO - Setting next_dagrun for latest_only_with_trigger to 2025-01-10 00:00:00+00:00
[2025-01-12 13:54:13,850] {processor.py:170} INFO - Processing /home/jorge/Desktop/MÁSTER/SEGUNDO CURSO/BDFI/practica_docker/env/lib/python3.8/site-packages/airflow/example_dags/example_latest_only_with_trigger.py took 0.047 seconds
[2025-01-12 13:54:47,382] {processor.py:162} INFO - Started process (PID=282180) to work on /home/jorge/Desktop/MÁSTER/SEGUNDO CURSO/BDFI/practica_docker/env/lib/python3.8/site-packages/airflow/example_dags/example_latest_only_with_trigger.py
[2025-01-12 13:54:47,383] {processor.py:613} INFO - Processing file /home/jorge/Desktop/MÁSTER/SEGUNDO CURSO/BDFI/practica_docker/env/lib/python3.8/site-packages/airflow/example_dags/example_latest_only_with_trigger.py for tasks to queue
[2025-01-12 13:54:47,384] {logging_mixin.py:109} INFO - [2025-01-12 13:54:47,384] {dagbag.py:496} INFO - Filling up the DagBag from /home/jorge/Desktop/MÁSTER/SEGUNDO CURSO/BDFI/practica_docker/env/lib/python3.8/site-packages/airflow/example_dags/example_latest_only_with_trigger.py
[2025-01-12 13:54:47,394] {processor.py:623} INFO - DAG(s) dict_keys(['latest_only_with_trigger']) retrieved from /home/jorge/Desktop/MÁSTER/SEGUNDO CURSO/BDFI/practica_docker/env/lib/python3.8/site-packages/airflow/example_dags/example_latest_only_with_trigger.py
[2025-01-12 13:54:47,403] {logging_mixin.py:109} INFO - [2025-01-12 13:54:47,403] {dag.py:1834} INFO - Sync 1 DAGs
[2025-01-12 13:54:47,410] {logging_mixin.py:109} INFO - [2025-01-12 13:54:47,410] {dag.py:2287} INFO - Setting next_dagrun for latest_only_with_trigger to 2025-01-10 00:00:00+00:00
[2025-01-12 13:54:47,418] {processor.py:170} INFO - Processing /home/jorge/Desktop/MÁSTER/SEGUNDO CURSO/BDFI/practica_docker/env/lib/python3.8/site-packages/airflow/example_dags/example_latest_only_with_trigger.py took 0.039 seconds
[2025-01-12 13:55:20,060] {processor.py:162} INFO - Started process (PID=282345) to work on /home/jorge/Desktop/MÁSTER/SEGUNDO CURSO/BDFI/practica_docker/env/lib/python3.8/site-packages/airflow/example_dags/example_latest_only_with_trigger.py
[2025-01-12 13:55:20,062] {processor.py:613} INFO - Processing file /home/jorge/Desktop/MÁSTER/SEGUNDO CURSO/BDFI/practica_docker/env/lib/python3.8/site-packages/airflow/example_dags/example_latest_only_with_trigger.py for tasks to queue
[2025-01-12 13:55:20,062] {logging_mixin.py:109} INFO - [2025-01-12 13:55:20,062] {dagbag.py:496} INFO - Filling up the DagBag from /home/jorge/Desktop/MÁSTER/SEGUNDO CURSO/BDFI/practica_docker/env/lib/python3.8/site-packages/airflow/example_dags/example_latest_only_with_trigger.py
[2025-01-12 13:55:20,073] {processor.py:623} INFO - DAG(s) dict_keys(['latest_only_with_trigger']) retrieved from /home/jorge/Desktop/MÁSTER/SEGUNDO CURSO/BDFI/practica_docker/env/lib/python3.8/site-packages/airflow/example_dags/example_latest_only_with_trigger.py
[2025-01-12 13:55:20,085] {logging_mixin.py:109} INFO - [2025-01-12 13:55:20,085] {dag.py:1834} INFO - Sync 1 DAGs
[2025-01-12 13:55:20,095] {logging_mixin.py:109} INFO - [2025-01-12 13:55:20,095] {dag.py:2287} INFO - Setting next_dagrun for latest_only_with_trigger to 2025-01-10 00:00:00+00:00
[2025-01-12 13:55:20,106] {processor.py:170} INFO - Processing /home/jorge/Desktop/MÁSTER/SEGUNDO CURSO/BDFI/practica_docker/env/lib/python3.8/site-packages/airflow/example_dags/example_latest_only_with_trigger.py took 0.050 seconds
[2025-01-12 13:55:54,565] {processor.py:162} INFO - Started process (PID=282633) to work on /home/jorge/Desktop/MÁSTER/SEGUNDO CURSO/BDFI/practica_docker/env/lib/python3.8/site-packages/airflow/example_dags/example_latest_only_with_trigger.py
[2025-01-12 13:55:54,566] {processor.py:613} INFO - Processing file /home/jorge/Desktop/MÁSTER/SEGUNDO CURSO/BDFI/practica_docker/env/lib/python3.8/site-packages/airflow/example_dags/example_latest_only_with_trigger.py for tasks to queue
[2025-01-12 13:55:54,567] {logging_mixin.py:109} INFO - [2025-01-12 13:55:54,567] {dagbag.py:496} INFO - Filling up the DagBag from /home/jorge/Desktop/MÁSTER/SEGUNDO CURSO/BDFI/practica_docker/env/lib/python3.8/site-packages/airflow/example_dags/example_latest_only_with_trigger.py
[2025-01-12 13:55:54,592] {processor.py:623} INFO - DAG(s) dict_keys(['latest_only_with_trigger']) retrieved from /home/jorge/Desktop/MÁSTER/SEGUNDO CURSO/BDFI/practica_docker/env/lib/python3.8/site-packages/airflow/example_dags/example_latest_only_with_trigger.py
[2025-01-12 13:55:54,610] {logging_mixin.py:109} INFO - [2025-01-12 13:55:54,610] {dag.py:1834} INFO - Sync 1 DAGs
[2025-01-12 13:55:54,620] {logging_mixin.py:109} INFO - [2025-01-12 13:55:54,620] {dag.py:2287} INFO - Setting next_dagrun for latest_only_with_trigger to 2025-01-10 00:00:00+00:00
[2025-01-12 13:55:54,637] {processor.py:170} INFO - Processing /home/jorge/Desktop/MÁSTER/SEGUNDO CURSO/BDFI/practica_docker/env/lib/python3.8/site-packages/airflow/example_dags/example_latest_only_with_trigger.py took 0.075 seconds
[2025-01-12 13:56:31,517] {processor.py:162} INFO - Started process (PID=282915) to work on /home/jorge/Desktop/MÁSTER/SEGUNDO CURSO/BDFI/practica_docker/env/lib/python3.8/site-packages/airflow/example_dags/example_latest_only_with_trigger.py
[2025-01-12 13:56:31,518] {processor.py:613} INFO - Processing file /home/jorge/Desktop/MÁSTER/SEGUNDO CURSO/BDFI/practica_docker/env/lib/python3.8/site-packages/airflow/example_dags/example_latest_only_with_trigger.py for tasks to queue
[2025-01-12 13:56:31,519] {logging_mixin.py:109} INFO - [2025-01-12 13:56:31,519] {dagbag.py:496} INFO - Filling up the DagBag from /home/jorge/Desktop/MÁSTER/SEGUNDO CURSO/BDFI/practica_docker/env/lib/python3.8/site-packages/airflow/example_dags/example_latest_only_with_trigger.py
[2025-01-12 13:56:31,538] {processor.py:623} INFO - DAG(s) dict_keys(['latest_only_with_trigger']) retrieved from /home/jorge/Desktop/MÁSTER/SEGUNDO CURSO/BDFI/practica_docker/env/lib/python3.8/site-packages/airflow/example_dags/example_latest_only_with_trigger.py
[2025-01-12 13:56:31,561] {logging_mixin.py:109} INFO - [2025-01-12 13:56:31,561] {dag.py:1834} INFO - Sync 1 DAGs
[2025-01-12 13:56:31,574] {logging_mixin.py:109} INFO - [2025-01-12 13:56:31,574] {dag.py:2287} INFO - Setting next_dagrun for latest_only_with_trigger to 2025-01-10 00:00:00+00:00
[2025-01-12 13:56:31,590] {processor.py:170} INFO - Processing /home/jorge/Desktop/MÁSTER/SEGUNDO CURSO/BDFI/practica_docker/env/lib/python3.8/site-packages/airflow/example_dags/example_latest_only_with_trigger.py took 0.076 seconds
[2025-01-12 13:57:07,103] {processor.py:162} INFO - Started process (PID=283124) to work on /home/jorge/Desktop/MÁSTER/SEGUNDO CURSO/BDFI/practica_docker/env/lib/python3.8/site-packages/airflow/example_dags/example_latest_only_with_trigger.py
[2025-01-12 13:57:07,104] {processor.py:613} INFO - Processing file /home/jorge/Desktop/MÁSTER/SEGUNDO CURSO/BDFI/practica_docker/env/lib/python3.8/site-packages/airflow/example_dags/example_latest_only_with_trigger.py for tasks to queue
[2025-01-12 13:57:07,104] {logging_mixin.py:109} INFO - [2025-01-12 13:57:07,104] {dagbag.py:496} INFO - Filling up the DagBag from /home/jorge/Desktop/MÁSTER/SEGUNDO CURSO/BDFI/practica_docker/env/lib/python3.8/site-packages/airflow/example_dags/example_latest_only_with_trigger.py
[2025-01-12 13:57:07,128] {processor.py:623} INFO - DAG(s) dict_keys(['latest_only_with_trigger']) retrieved from /home/jorge/Desktop/MÁSTER/SEGUNDO CURSO/BDFI/practica_docker/env/lib/python3.8/site-packages/airflow/example_dags/example_latest_only_with_trigger.py
[2025-01-12 13:57:07,144] {logging_mixin.py:109} INFO - [2025-01-12 13:57:07,143] {dag.py:1834} INFO - Sync 1 DAGs
[2025-01-12 13:57:07,158] {logging_mixin.py:109} INFO - [2025-01-12 13:57:07,158] {dag.py:2287} INFO - Setting next_dagrun for latest_only_with_trigger to 2025-01-10 00:00:00+00:00
[2025-01-12 13:57:07,174] {processor.py:170} INFO - Processing /home/jorge/Desktop/MÁSTER/SEGUNDO CURSO/BDFI/practica_docker/env/lib/python3.8/site-packages/airflow/example_dags/example_latest_only_with_trigger.py took 0.074 seconds
[2025-01-12 13:57:42,868] {processor.py:162} INFO - Started process (PID=283277) to work on /home/jorge/Desktop/MÁSTER/SEGUNDO CURSO/BDFI/practica_docker/env/lib/python3.8/site-packages/airflow/example_dags/example_latest_only_with_trigger.py
[2025-01-12 13:57:42,870] {processor.py:613} INFO - Processing file /home/jorge/Desktop/MÁSTER/SEGUNDO CURSO/BDFI/practica_docker/env/lib/python3.8/site-packages/airflow/example_dags/example_latest_only_with_trigger.py for tasks to queue
[2025-01-12 13:57:42,871] {logging_mixin.py:109} INFO - [2025-01-12 13:57:42,871] {dagbag.py:496} INFO - Filling up the DagBag from /home/jorge/Desktop/MÁSTER/SEGUNDO CURSO/BDFI/practica_docker/env/lib/python3.8/site-packages/airflow/example_dags/example_latest_only_with_trigger.py
[2025-01-12 13:57:42,887] {processor.py:623} INFO - DAG(s) dict_keys(['latest_only_with_trigger']) retrieved from /home/jorge/Desktop/MÁSTER/SEGUNDO CURSO/BDFI/practica_docker/env/lib/python3.8/site-packages/airflow/example_dags/example_latest_only_with_trigger.py
[2025-01-12 13:57:42,902] {logging_mixin.py:109} INFO - [2025-01-12 13:57:42,902] {dag.py:1834} INFO - Sync 1 DAGs
[2025-01-12 13:57:42,912] {logging_mixin.py:109} INFO - [2025-01-12 13:57:42,912] {dag.py:2287} INFO - Setting next_dagrun for latest_only_with_trigger to 2025-01-10 00:00:00+00:00
[2025-01-12 13:57:42,925] {processor.py:170} INFO - Processing /home/jorge/Desktop/MÁSTER/SEGUNDO CURSO/BDFI/practica_docker/env/lib/python3.8/site-packages/airflow/example_dags/example_latest_only_with_trigger.py took 0.060 seconds
[2025-01-12 14:06:06,153] {processor.py:162} INFO - Started process (PID=283717) to work on /home/jorge/Desktop/MÁSTER/SEGUNDO CURSO/BDFI/practica_docker/env/lib/python3.8/site-packages/airflow/example_dags/example_latest_only_with_trigger.py
[2025-01-12 14:06:06,154] {processor.py:613} INFO - Processing file /home/jorge/Desktop/MÁSTER/SEGUNDO CURSO/BDFI/practica_docker/env/lib/python3.8/site-packages/airflow/example_dags/example_latest_only_with_trigger.py for tasks to queue
[2025-01-12 14:06:06,155] {logging_mixin.py:109} INFO - [2025-01-12 14:06:06,155] {dagbag.py:496} INFO - Filling up the DagBag from /home/jorge/Desktop/MÁSTER/SEGUNDO CURSO/BDFI/practica_docker/env/lib/python3.8/site-packages/airflow/example_dags/example_latest_only_with_trigger.py
[2025-01-12 14:06:06,164] {processor.py:623} INFO - DAG(s) dict_keys(['latest_only_with_trigger']) retrieved from /home/jorge/Desktop/MÁSTER/SEGUNDO CURSO/BDFI/practica_docker/env/lib/python3.8/site-packages/airflow/example_dags/example_latest_only_with_trigger.py
[2025-01-12 14:06:06,172] {logging_mixin.py:109} INFO - [2025-01-12 14:06:06,172] {dag.py:1834} INFO - Sync 1 DAGs
[2025-01-12 14:06:06,176] {logging_mixin.py:109} INFO - [2025-01-12 14:06:06,176] {dag.py:2287} INFO - Setting next_dagrun for latest_only_with_trigger to 2025-01-10 00:00:00+00:00
[2025-01-12 14:06:06,184] {processor.py:170} INFO - Processing /home/jorge/Desktop/MÁSTER/SEGUNDO CURSO/BDFI/practica_docker/env/lib/python3.8/site-packages/airflow/example_dags/example_latest_only_with_trigger.py took 0.035 seconds
[2025-01-12 14:06:38,889] {processor.py:162} INFO - Started process (PID=283865) to work on /home/jorge/Desktop/MÁSTER/SEGUNDO CURSO/BDFI/practica_docker/env/lib/python3.8/site-packages/airflow/example_dags/example_latest_only_with_trigger.py
[2025-01-12 14:06:38,891] {processor.py:613} INFO - Processing file /home/jorge/Desktop/MÁSTER/SEGUNDO CURSO/BDFI/practica_docker/env/lib/python3.8/site-packages/airflow/example_dags/example_latest_only_with_trigger.py for tasks to queue
[2025-01-12 14:06:38,892] {logging_mixin.py:109} INFO - [2025-01-12 14:06:38,891] {dagbag.py:496} INFO - Filling up the DagBag from /home/jorge/Desktop/MÁSTER/SEGUNDO CURSO/BDFI/practica_docker/env/lib/python3.8/site-packages/airflow/example_dags/example_latest_only_with_trigger.py
[2025-01-12 14:06:38,901] {processor.py:623} INFO - DAG(s) dict_keys(['latest_only_with_trigger']) retrieved from /home/jorge/Desktop/MÁSTER/SEGUNDO CURSO/BDFI/practica_docker/env/lib/python3.8/site-packages/airflow/example_dags/example_latest_only_with_trigger.py
[2025-01-12 14:06:38,908] {logging_mixin.py:109} INFO - [2025-01-12 14:06:38,908] {dag.py:1834} INFO - Sync 1 DAGs
[2025-01-12 14:06:38,913] {logging_mixin.py:109} INFO - [2025-01-12 14:06:38,913] {dag.py:2287} INFO - Setting next_dagrun for latest_only_with_trigger to 2025-01-10 00:00:00+00:00
[2025-01-12 14:06:38,920] {processor.py:170} INFO - Processing /home/jorge/Desktop/MÁSTER/SEGUNDO CURSO/BDFI/practica_docker/env/lib/python3.8/site-packages/airflow/example_dags/example_latest_only_with_trigger.py took 0.034 seconds
[2025-01-12 14:07:12,131] {processor.py:162} INFO - Started process (PID=284024) to work on /home/jorge/Desktop/MÁSTER/SEGUNDO CURSO/BDFI/practica_docker/env/lib/python3.8/site-packages/airflow/example_dags/example_latest_only_with_trigger.py
[2025-01-12 14:07:12,141] {processor.py:613} INFO - Processing file /home/jorge/Desktop/MÁSTER/SEGUNDO CURSO/BDFI/practica_docker/env/lib/python3.8/site-packages/airflow/example_dags/example_latest_only_with_trigger.py for tasks to queue
[2025-01-12 14:07:12,142] {logging_mixin.py:109} INFO - [2025-01-12 14:07:12,142] {dagbag.py:496} INFO - Filling up the DagBag from /home/jorge/Desktop/MÁSTER/SEGUNDO CURSO/BDFI/practica_docker/env/lib/python3.8/site-packages/airflow/example_dags/example_latest_only_with_trigger.py
[2025-01-12 14:07:12,149] {processor.py:623} INFO - DAG(s) dict_keys(['latest_only_with_trigger']) retrieved from /home/jorge/Desktop/MÁSTER/SEGUNDO CURSO/BDFI/practica_docker/env/lib/python3.8/site-packages/airflow/example_dags/example_latest_only_with_trigger.py
[2025-01-12 14:07:12,157] {logging_mixin.py:109} INFO - [2025-01-12 14:07:12,157] {dag.py:1834} INFO - Sync 1 DAGs
[2025-01-12 14:07:12,162] {logging_mixin.py:109} INFO - [2025-01-12 14:07:12,162] {dag.py:2287} INFO - Setting next_dagrun for latest_only_with_trigger to 2025-01-10 00:00:00+00:00
[2025-01-12 14:07:12,169] {processor.py:170} INFO - Processing /home/jorge/Desktop/MÁSTER/SEGUNDO CURSO/BDFI/practica_docker/env/lib/python3.8/site-packages/airflow/example_dags/example_latest_only_with_trigger.py took 0.040 seconds
[2025-01-12 14:07:44,910] {processor.py:162} INFO - Started process (PID=284175) to work on /home/jorge/Desktop/MÁSTER/SEGUNDO CURSO/BDFI/practica_docker/env/lib/python3.8/site-packages/airflow/example_dags/example_latest_only_with_trigger.py
[2025-01-12 14:07:44,916] {processor.py:613} INFO - Processing file /home/jorge/Desktop/MÁSTER/SEGUNDO CURSO/BDFI/practica_docker/env/lib/python3.8/site-packages/airflow/example_dags/example_latest_only_with_trigger.py for tasks to queue
[2025-01-12 14:07:44,917] {logging_mixin.py:109} INFO - [2025-01-12 14:07:44,917] {dagbag.py:496} INFO - Filling up the DagBag from /home/jorge/Desktop/MÁSTER/SEGUNDO CURSO/BDFI/practica_docker/env/lib/python3.8/site-packages/airflow/example_dags/example_latest_only_with_trigger.py
[2025-01-12 14:07:44,925] {processor.py:623} INFO - DAG(s) dict_keys(['latest_only_with_trigger']) retrieved from /home/jorge/Desktop/MÁSTER/SEGUNDO CURSO/BDFI/practica_docker/env/lib/python3.8/site-packages/airflow/example_dags/example_latest_only_with_trigger.py
[2025-01-12 14:07:44,934] {logging_mixin.py:109} INFO - [2025-01-12 14:07:44,934] {dag.py:1834} INFO - Sync 1 DAGs
[2025-01-12 14:07:44,939] {logging_mixin.py:109} INFO - [2025-01-12 14:07:44,939] {dag.py:2287} INFO - Setting next_dagrun for latest_only_with_trigger to 2025-01-10 00:00:00+00:00
[2025-01-12 14:07:44,948] {processor.py:170} INFO - Processing /home/jorge/Desktop/MÁSTER/SEGUNDO CURSO/BDFI/practica_docker/env/lib/python3.8/site-packages/airflow/example_dags/example_latest_only_with_trigger.py took 0.041 seconds
[2025-01-12 14:08:17,478] {processor.py:162} INFO - Started process (PID=284318) to work on /home/jorge/Desktop/MÁSTER/SEGUNDO CURSO/BDFI/practica_docker/env/lib/python3.8/site-packages/airflow/example_dags/example_latest_only_with_trigger.py
[2025-01-12 14:08:17,493] {processor.py:613} INFO - Processing file /home/jorge/Desktop/MÁSTER/SEGUNDO CURSO/BDFI/practica_docker/env/lib/python3.8/site-packages/airflow/example_dags/example_latest_only_with_trigger.py for tasks to queue
[2025-01-12 14:08:17,494] {logging_mixin.py:109} INFO - [2025-01-12 14:08:17,494] {dagbag.py:496} INFO - Filling up the DagBag from /home/jorge/Desktop/MÁSTER/SEGUNDO CURSO/BDFI/practica_docker/env/lib/python3.8/site-packages/airflow/example_dags/example_latest_only_with_trigger.py
[2025-01-12 14:08:17,504] {processor.py:623} INFO - DAG(s) dict_keys(['latest_only_with_trigger']) retrieved from /home/jorge/Desktop/MÁSTER/SEGUNDO CURSO/BDFI/practica_docker/env/lib/python3.8/site-packages/airflow/example_dags/example_latest_only_with_trigger.py
[2025-01-12 14:08:17,516] {logging_mixin.py:109} INFO - [2025-01-12 14:08:17,516] {dag.py:1834} INFO - Sync 1 DAGs
[2025-01-12 14:08:17,522] {logging_mixin.py:109} INFO - [2025-01-12 14:08:17,522] {dag.py:2287} INFO - Setting next_dagrun for latest_only_with_trigger to 2025-01-10 00:00:00+00:00
[2025-01-12 14:08:17,532] {processor.py:170} INFO - Processing /home/jorge/Desktop/MÁSTER/SEGUNDO CURSO/BDFI/practica_docker/env/lib/python3.8/site-packages/airflow/example_dags/example_latest_only_with_trigger.py took 0.057 seconds
[2025-01-12 14:08:50,091] {processor.py:162} INFO - Started process (PID=284472) to work on /home/jorge/Desktop/MÁSTER/SEGUNDO CURSO/BDFI/practica_docker/env/lib/python3.8/site-packages/airflow/example_dags/example_latest_only_with_trigger.py
[2025-01-12 14:08:50,095] {processor.py:613} INFO - Processing file /home/jorge/Desktop/MÁSTER/SEGUNDO CURSO/BDFI/practica_docker/env/lib/python3.8/site-packages/airflow/example_dags/example_latest_only_with_trigger.py for tasks to queue
[2025-01-12 14:08:50,096] {logging_mixin.py:109} INFO - [2025-01-12 14:08:50,096] {dagbag.py:496} INFO - Filling up the DagBag from /home/jorge/Desktop/MÁSTER/SEGUNDO CURSO/BDFI/practica_docker/env/lib/python3.8/site-packages/airflow/example_dags/example_latest_only_with_trigger.py
[2025-01-12 14:08:50,104] {processor.py:623} INFO - DAG(s) dict_keys(['latest_only_with_trigger']) retrieved from /home/jorge/Desktop/MÁSTER/SEGUNDO CURSO/BDFI/practica_docker/env/lib/python3.8/site-packages/airflow/example_dags/example_latest_only_with_trigger.py
[2025-01-12 14:08:50,114] {logging_mixin.py:109} INFO - [2025-01-12 14:08:50,114] {dag.py:1834} INFO - Sync 1 DAGs
[2025-01-12 14:08:50,120] {logging_mixin.py:109} INFO - [2025-01-12 14:08:50,120] {dag.py:2287} INFO - Setting next_dagrun for latest_only_with_trigger to 2025-01-10 00:00:00+00:00
[2025-01-12 14:08:50,129] {processor.py:170} INFO - Processing /home/jorge/Desktop/MÁSTER/SEGUNDO CURSO/BDFI/practica_docker/env/lib/python3.8/site-packages/airflow/example_dags/example_latest_only_with_trigger.py took 0.041 seconds
[2025-01-12 14:09:23,213] {processor.py:162} INFO - Started process (PID=284617) to work on /home/jorge/Desktop/MÁSTER/SEGUNDO CURSO/BDFI/practica_docker/env/lib/python3.8/site-packages/airflow/example_dags/example_latest_only_with_trigger.py
[2025-01-12 14:09:23,219] {processor.py:613} INFO - Processing file /home/jorge/Desktop/MÁSTER/SEGUNDO CURSO/BDFI/practica_docker/env/lib/python3.8/site-packages/airflow/example_dags/example_latest_only_with_trigger.py for tasks to queue
[2025-01-12 14:09:23,220] {logging_mixin.py:109} INFO - [2025-01-12 14:09:23,220] {dagbag.py:496} INFO - Filling up the DagBag from /home/jorge/Desktop/MÁSTER/SEGUNDO CURSO/BDFI/practica_docker/env/lib/python3.8/site-packages/airflow/example_dags/example_latest_only_with_trigger.py
[2025-01-12 14:09:23,228] {processor.py:623} INFO - DAG(s) dict_keys(['latest_only_with_trigger']) retrieved from /home/jorge/Desktop/MÁSTER/SEGUNDO CURSO/BDFI/practica_docker/env/lib/python3.8/site-packages/airflow/example_dags/example_latest_only_with_trigger.py
[2025-01-12 14:09:23,237] {logging_mixin.py:109} INFO - [2025-01-12 14:09:23,237] {dag.py:1834} INFO - Sync 1 DAGs
[2025-01-12 14:09:23,241] {logging_mixin.py:109} INFO - [2025-01-12 14:09:23,241] {dag.py:2287} INFO - Setting next_dagrun for latest_only_with_trigger to 2025-01-10 00:00:00+00:00
[2025-01-12 14:09:23,250] {processor.py:170} INFO - Processing /home/jorge/Desktop/MÁSTER/SEGUNDO CURSO/BDFI/practica_docker/env/lib/python3.8/site-packages/airflow/example_dags/example_latest_only_with_trigger.py took 0.039 seconds
[2025-01-12 14:09:57,571] {processor.py:162} INFO - Started process (PID=284792) to work on /home/jorge/Desktop/MÁSTER/SEGUNDO CURSO/BDFI/practica_docker/env/lib/python3.8/site-packages/airflow/example_dags/example_latest_only_with_trigger.py
[2025-01-12 14:09:57,579] {processor.py:613} INFO - Processing file /home/jorge/Desktop/MÁSTER/SEGUNDO CURSO/BDFI/practica_docker/env/lib/python3.8/site-packages/airflow/example_dags/example_latest_only_with_trigger.py for tasks to queue
[2025-01-12 14:09:57,580] {logging_mixin.py:109} INFO - [2025-01-12 14:09:57,580] {dagbag.py:496} INFO - Filling up the DagBag from /home/jorge/Desktop/MÁSTER/SEGUNDO CURSO/BDFI/practica_docker/env/lib/python3.8/site-packages/airflow/example_dags/example_latest_only_with_trigger.py
[2025-01-12 14:09:57,588] {processor.py:623} INFO - DAG(s) dict_keys(['latest_only_with_trigger']) retrieved from /home/jorge/Desktop/MÁSTER/SEGUNDO CURSO/BDFI/practica_docker/env/lib/python3.8/site-packages/airflow/example_dags/example_latest_only_with_trigger.py
[2025-01-12 14:09:57,600] {logging_mixin.py:109} INFO - [2025-01-12 14:09:57,600] {dag.py:1834} INFO - Sync 1 DAGs
[2025-01-12 14:09:57,606] {logging_mixin.py:109} INFO - [2025-01-12 14:09:57,606] {dag.py:2287} INFO - Setting next_dagrun for latest_only_with_trigger to 2025-01-10 00:00:00+00:00
[2025-01-12 14:09:57,616] {processor.py:170} INFO - Processing /home/jorge/Desktop/MÁSTER/SEGUNDO CURSO/BDFI/practica_docker/env/lib/python3.8/site-packages/airflow/example_dags/example_latest_only_with_trigger.py took 0.048 seconds
[2025-01-12 14:10:29,886] {processor.py:162} INFO - Started process (PID=284932) to work on /home/jorge/Desktop/MÁSTER/SEGUNDO CURSO/BDFI/practica_docker/env/lib/python3.8/site-packages/airflow/example_dags/example_latest_only_with_trigger.py
[2025-01-12 14:10:29,893] {processor.py:613} INFO - Processing file /home/jorge/Desktop/MÁSTER/SEGUNDO CURSO/BDFI/practica_docker/env/lib/python3.8/site-packages/airflow/example_dags/example_latest_only_with_trigger.py for tasks to queue
[2025-01-12 14:10:29,894] {logging_mixin.py:109} INFO - [2025-01-12 14:10:29,893] {dagbag.py:496} INFO - Filling up the DagBag from /home/jorge/Desktop/MÁSTER/SEGUNDO CURSO/BDFI/practica_docker/env/lib/python3.8/site-packages/airflow/example_dags/example_latest_only_with_trigger.py
[2025-01-12 14:10:29,899] {processor.py:623} INFO - DAG(s) dict_keys(['latest_only_with_trigger']) retrieved from /home/jorge/Desktop/MÁSTER/SEGUNDO CURSO/BDFI/practica_docker/env/lib/python3.8/site-packages/airflow/example_dags/example_latest_only_with_trigger.py
[2025-01-12 14:10:29,911] {logging_mixin.py:109} INFO - [2025-01-12 14:10:29,911] {dag.py:1834} INFO - Sync 1 DAGs
[2025-01-12 14:10:29,916] {logging_mixin.py:109} INFO - [2025-01-12 14:10:29,916] {dag.py:2287} INFO - Setting next_dagrun for latest_only_with_trigger to 2025-01-10 00:00:00+00:00
[2025-01-12 14:10:29,927] {processor.py:170} INFO - Processing /home/jorge/Desktop/MÁSTER/SEGUNDO CURSO/BDFI/practica_docker/env/lib/python3.8/site-packages/airflow/example_dags/example_latest_only_with_trigger.py took 0.044 seconds
[2025-01-12 14:11:07,592] {processor.py:162} INFO - Started process (PID=285223) to work on /home/jorge/Desktop/MÁSTER/SEGUNDO CURSO/BDFI/practica_docker/env/lib/python3.8/site-packages/airflow/example_dags/example_latest_only_with_trigger.py
[2025-01-12 14:11:07,599] {processor.py:613} INFO - Processing file /home/jorge/Desktop/MÁSTER/SEGUNDO CURSO/BDFI/practica_docker/env/lib/python3.8/site-packages/airflow/example_dags/example_latest_only_with_trigger.py for tasks to queue
[2025-01-12 14:11:07,600] {logging_mixin.py:109} INFO - [2025-01-12 14:11:07,599] {dagbag.py:496} INFO - Filling up the DagBag from /home/jorge/Desktop/MÁSTER/SEGUNDO CURSO/BDFI/practica_docker/env/lib/python3.8/site-packages/airflow/example_dags/example_latest_only_with_trigger.py
[2025-01-12 14:11:07,605] {processor.py:623} INFO - DAG(s) dict_keys(['latest_only_with_trigger']) retrieved from /home/jorge/Desktop/MÁSTER/SEGUNDO CURSO/BDFI/practica_docker/env/lib/python3.8/site-packages/airflow/example_dags/example_latest_only_with_trigger.py
[2025-01-12 14:11:07,617] {logging_mixin.py:109} INFO - [2025-01-12 14:11:07,617] {dag.py:1834} INFO - Sync 1 DAGs
[2025-01-12 14:11:07,622] {logging_mixin.py:109} INFO - [2025-01-12 14:11:07,622] {dag.py:2287} INFO - Setting next_dagrun for latest_only_with_trigger to 2025-01-10 00:00:00+00:00
[2025-01-12 14:11:07,631] {processor.py:170} INFO - Processing /home/jorge/Desktop/MÁSTER/SEGUNDO CURSO/BDFI/practica_docker/env/lib/python3.8/site-packages/airflow/example_dags/example_latest_only_with_trigger.py took 0.043 seconds
[2025-01-12 14:11:41,177] {processor.py:162} INFO - Started process (PID=285400) to work on /home/jorge/Desktop/MÁSTER/SEGUNDO CURSO/BDFI/practica_docker/env/lib/python3.8/site-packages/airflow/example_dags/example_latest_only_with_trigger.py
[2025-01-12 14:11:41,178] {processor.py:613} INFO - Processing file /home/jorge/Desktop/MÁSTER/SEGUNDO CURSO/BDFI/practica_docker/env/lib/python3.8/site-packages/airflow/example_dags/example_latest_only_with_trigger.py for tasks to queue
[2025-01-12 14:11:41,179] {logging_mixin.py:109} INFO - [2025-01-12 14:11:41,179] {dagbag.py:496} INFO - Filling up the DagBag from /home/jorge/Desktop/MÁSTER/SEGUNDO CURSO/BDFI/practica_docker/env/lib/python3.8/site-packages/airflow/example_dags/example_latest_only_with_trigger.py
[2025-01-12 14:11:41,185] {processor.py:623} INFO - DAG(s) dict_keys(['latest_only_with_trigger']) retrieved from /home/jorge/Desktop/MÁSTER/SEGUNDO CURSO/BDFI/practica_docker/env/lib/python3.8/site-packages/airflow/example_dags/example_latest_only_with_trigger.py
[2025-01-12 14:11:41,194] {logging_mixin.py:109} INFO - [2025-01-12 14:11:41,194] {dag.py:1834} INFO - Sync 1 DAGs
[2025-01-12 14:11:41,200] {logging_mixin.py:109} INFO - [2025-01-12 14:11:41,200] {dag.py:2287} INFO - Setting next_dagrun for latest_only_with_trigger to 2025-01-10 00:00:00+00:00
[2025-01-12 14:11:41,207] {processor.py:170} INFO - Processing /home/jorge/Desktop/MÁSTER/SEGUNDO CURSO/BDFI/practica_docker/env/lib/python3.8/site-packages/airflow/example_dags/example_latest_only_with_trigger.py took 0.034 seconds
[2025-01-12 14:12:15,349] {processor.py:162} INFO - Started process (PID=285560) to work on /home/jorge/Desktop/MÁSTER/SEGUNDO CURSO/BDFI/practica_docker/env/lib/python3.8/site-packages/airflow/example_dags/example_latest_only_with_trigger.py
[2025-01-12 14:12:15,357] {processor.py:613} INFO - Processing file /home/jorge/Desktop/MÁSTER/SEGUNDO CURSO/BDFI/practica_docker/env/lib/python3.8/site-packages/airflow/example_dags/example_latest_only_with_trigger.py for tasks to queue
[2025-01-12 14:12:15,358] {logging_mixin.py:109} INFO - [2025-01-12 14:12:15,358] {dagbag.py:496} INFO - Filling up the DagBag from /home/jorge/Desktop/MÁSTER/SEGUNDO CURSO/BDFI/practica_docker/env/lib/python3.8/site-packages/airflow/example_dags/example_latest_only_with_trigger.py
[2025-01-12 14:12:15,365] {processor.py:623} INFO - DAG(s) dict_keys(['latest_only_with_trigger']) retrieved from /home/jorge/Desktop/MÁSTER/SEGUNDO CURSO/BDFI/practica_docker/env/lib/python3.8/site-packages/airflow/example_dags/example_latest_only_with_trigger.py
[2025-01-12 14:12:15,374] {logging_mixin.py:109} INFO - [2025-01-12 14:12:15,374] {dag.py:1834} INFO - Sync 1 DAGs
[2025-01-12 14:12:15,378] {logging_mixin.py:109} INFO - [2025-01-12 14:12:15,378] {dag.py:2287} INFO - Setting next_dagrun for latest_only_with_trigger to 2025-01-10 00:00:00+00:00
[2025-01-12 14:12:15,385] {processor.py:170} INFO - Processing /home/jorge/Desktop/MÁSTER/SEGUNDO CURSO/BDFI/practica_docker/env/lib/python3.8/site-packages/airflow/example_dags/example_latest_only_with_trigger.py took 0.040 seconds
[2025-01-12 14:12:48,805] {processor.py:162} INFO - Started process (PID=285717) to work on /home/jorge/Desktop/MÁSTER/SEGUNDO CURSO/BDFI/practica_docker/env/lib/python3.8/site-packages/airflow/example_dags/example_latest_only_with_trigger.py
[2025-01-12 14:12:48,812] {processor.py:613} INFO - Processing file /home/jorge/Desktop/MÁSTER/SEGUNDO CURSO/BDFI/practica_docker/env/lib/python3.8/site-packages/airflow/example_dags/example_latest_only_with_trigger.py for tasks to queue
[2025-01-12 14:12:48,813] {logging_mixin.py:109} INFO - [2025-01-12 14:12:48,812] {dagbag.py:496} INFO - Filling up the DagBag from /home/jorge/Desktop/MÁSTER/SEGUNDO CURSO/BDFI/practica_docker/env/lib/python3.8/site-packages/airflow/example_dags/example_latest_only_with_trigger.py
[2025-01-12 14:12:48,820] {processor.py:623} INFO - DAG(s) dict_keys(['latest_only_with_trigger']) retrieved from /home/jorge/Desktop/MÁSTER/SEGUNDO CURSO/BDFI/practica_docker/env/lib/python3.8/site-packages/airflow/example_dags/example_latest_only_with_trigger.py
[2025-01-12 14:12:48,830] {logging_mixin.py:109} INFO - [2025-01-12 14:12:48,830] {dag.py:1834} INFO - Sync 1 DAGs
[2025-01-12 14:12:48,834] {logging_mixin.py:109} INFO - [2025-01-12 14:12:48,834] {dag.py:2287} INFO - Setting next_dagrun for latest_only_with_trigger to 2025-01-10 00:00:00+00:00
[2025-01-12 14:12:48,841] {processor.py:170} INFO - Processing /home/jorge/Desktop/MÁSTER/SEGUNDO CURSO/BDFI/practica_docker/env/lib/python3.8/site-packages/airflow/example_dags/example_latest_only_with_trigger.py took 0.040 seconds
[2025-01-12 14:13:21,324] {processor.py:162} INFO - Started process (PID=285861) to work on /home/jorge/Desktop/MÁSTER/SEGUNDO CURSO/BDFI/practica_docker/env/lib/python3.8/site-packages/airflow/example_dags/example_latest_only_with_trigger.py
[2025-01-12 14:13:21,326] {processor.py:613} INFO - Processing file /home/jorge/Desktop/MÁSTER/SEGUNDO CURSO/BDFI/practica_docker/env/lib/python3.8/site-packages/airflow/example_dags/example_latest_only_with_trigger.py for tasks to queue
[2025-01-12 14:13:21,326] {logging_mixin.py:109} INFO - [2025-01-12 14:13:21,326] {dagbag.py:496} INFO - Filling up the DagBag from /home/jorge/Desktop/MÁSTER/SEGUNDO CURSO/BDFI/practica_docker/env/lib/python3.8/site-packages/airflow/example_dags/example_latest_only_with_trigger.py
[2025-01-12 14:13:21,334] {processor.py:623} INFO - DAG(s) dict_keys(['latest_only_with_trigger']) retrieved from /home/jorge/Desktop/MÁSTER/SEGUNDO CURSO/BDFI/practica_docker/env/lib/python3.8/site-packages/airflow/example_dags/example_latest_only_with_trigger.py
[2025-01-12 14:13:21,342] {logging_mixin.py:109} INFO - [2025-01-12 14:13:21,342] {dag.py:1834} INFO - Sync 1 DAGs
[2025-01-12 14:13:21,346] {logging_mixin.py:109} INFO - [2025-01-12 14:13:21,346] {dag.py:2287} INFO - Setting next_dagrun for latest_only_with_trigger to 2025-01-10 00:00:00+00:00
[2025-01-12 14:13:21,354] {processor.py:170} INFO - Processing /home/jorge/Desktop/MÁSTER/SEGUNDO CURSO/BDFI/practica_docker/env/lib/python3.8/site-packages/airflow/example_dags/example_latest_only_with_trigger.py took 0.033 seconds
[2025-01-12 14:13:53,940] {processor.py:162} INFO - Started process (PID=286023) to work on /home/jorge/Desktop/MÁSTER/SEGUNDO CURSO/BDFI/practica_docker/env/lib/python3.8/site-packages/airflow/example_dags/example_latest_only_with_trigger.py
[2025-01-12 14:13:53,947] {processor.py:613} INFO - Processing file /home/jorge/Desktop/MÁSTER/SEGUNDO CURSO/BDFI/practica_docker/env/lib/python3.8/site-packages/airflow/example_dags/example_latest_only_with_trigger.py for tasks to queue
[2025-01-12 14:13:53,947] {logging_mixin.py:109} INFO - [2025-01-12 14:13:53,947] {dagbag.py:496} INFO - Filling up the DagBag from /home/jorge/Desktop/MÁSTER/SEGUNDO CURSO/BDFI/practica_docker/env/lib/python3.8/site-packages/airflow/example_dags/example_latest_only_with_trigger.py
[2025-01-12 14:13:53,955] {processor.py:623} INFO - DAG(s) dict_keys(['latest_only_with_trigger']) retrieved from /home/jorge/Desktop/MÁSTER/SEGUNDO CURSO/BDFI/practica_docker/env/lib/python3.8/site-packages/airflow/example_dags/example_latest_only_with_trigger.py
[2025-01-12 14:13:53,963] {logging_mixin.py:109} INFO - [2025-01-12 14:13:53,963] {dag.py:1834} INFO - Sync 1 DAGs
[2025-01-12 14:13:53,969] {logging_mixin.py:109} INFO - [2025-01-12 14:13:53,968] {dag.py:2287} INFO - Setting next_dagrun for latest_only_with_trigger to 2025-01-10 00:00:00+00:00
[2025-01-12 14:13:53,976] {processor.py:170} INFO - Processing /home/jorge/Desktop/MÁSTER/SEGUNDO CURSO/BDFI/practica_docker/env/lib/python3.8/site-packages/airflow/example_dags/example_latest_only_with_trigger.py took 0.038 seconds
[2025-01-12 14:14:26,978] {processor.py:162} INFO - Started process (PID=286176) to work on /home/jorge/Desktop/MÁSTER/SEGUNDO CURSO/BDFI/practica_docker/env/lib/python3.8/site-packages/airflow/example_dags/example_latest_only_with_trigger.py
[2025-01-12 14:14:26,985] {processor.py:613} INFO - Processing file /home/jorge/Desktop/MÁSTER/SEGUNDO CURSO/BDFI/practica_docker/env/lib/python3.8/site-packages/airflow/example_dags/example_latest_only_with_trigger.py for tasks to queue
[2025-01-12 14:14:26,985] {logging_mixin.py:109} INFO - [2025-01-12 14:14:26,985] {dagbag.py:496} INFO - Filling up the DagBag from /home/jorge/Desktop/MÁSTER/SEGUNDO CURSO/BDFI/practica_docker/env/lib/python3.8/site-packages/airflow/example_dags/example_latest_only_with_trigger.py
[2025-01-12 14:14:26,994] {processor.py:623} INFO - DAG(s) dict_keys(['latest_only_with_trigger']) retrieved from /home/jorge/Desktop/MÁSTER/SEGUNDO CURSO/BDFI/practica_docker/env/lib/python3.8/site-packages/airflow/example_dags/example_latest_only_with_trigger.py
[2025-01-12 14:14:27,004] {logging_mixin.py:109} INFO - [2025-01-12 14:14:27,004] {dag.py:1834} INFO - Sync 1 DAGs
[2025-01-12 14:14:27,009] {logging_mixin.py:109} INFO - [2025-01-12 14:14:27,009] {dag.py:2287} INFO - Setting next_dagrun for latest_only_with_trigger to 2025-01-10 00:00:00+00:00
[2025-01-12 14:14:27,017] {processor.py:170} INFO - Processing /home/jorge/Desktop/MÁSTER/SEGUNDO CURSO/BDFI/practica_docker/env/lib/python3.8/site-packages/airflow/example_dags/example_latest_only_with_trigger.py took 0.043 seconds
[2025-01-12 14:14:59,847] {processor.py:162} INFO - Started process (PID=286444) to work on /home/jorge/Desktop/MÁSTER/SEGUNDO CURSO/BDFI/practica_docker/env/lib/python3.8/site-packages/airflow/example_dags/example_latest_only_with_trigger.py
[2025-01-12 14:14:59,849] {processor.py:613} INFO - Processing file /home/jorge/Desktop/MÁSTER/SEGUNDO CURSO/BDFI/practica_docker/env/lib/python3.8/site-packages/airflow/example_dags/example_latest_only_with_trigger.py for tasks to queue
[2025-01-12 14:14:59,850] {logging_mixin.py:109} INFO - [2025-01-12 14:14:59,849] {dagbag.py:496} INFO - Filling up the DagBag from /home/jorge/Desktop/MÁSTER/SEGUNDO CURSO/BDFI/practica_docker/env/lib/python3.8/site-packages/airflow/example_dags/example_latest_only_with_trigger.py
[2025-01-12 14:14:59,857] {processor.py:623} INFO - DAG(s) dict_keys(['latest_only_with_trigger']) retrieved from /home/jorge/Desktop/MÁSTER/SEGUNDO CURSO/BDFI/practica_docker/env/lib/python3.8/site-packages/airflow/example_dags/example_latest_only_with_trigger.py
[2025-01-12 14:14:59,866] {logging_mixin.py:109} INFO - [2025-01-12 14:14:59,866] {dag.py:1834} INFO - Sync 1 DAGs
[2025-01-12 14:14:59,870] {logging_mixin.py:109} INFO - [2025-01-12 14:14:59,870] {dag.py:2287} INFO - Setting next_dagrun for latest_only_with_trigger to 2025-01-10 00:00:00+00:00
[2025-01-12 14:14:59,878] {processor.py:170} INFO - Processing /home/jorge/Desktop/MÁSTER/SEGUNDO CURSO/BDFI/practica_docker/env/lib/python3.8/site-packages/airflow/example_dags/example_latest_only_with_trigger.py took 0.033 seconds
[2025-01-12 14:15:32,003] {processor.py:162} INFO - Started process (PID=286897) to work on /home/jorge/Desktop/MÁSTER/SEGUNDO CURSO/BDFI/practica_docker/env/lib/python3.8/site-packages/airflow/example_dags/example_latest_only_with_trigger.py
[2025-01-12 14:15:32,004] {processor.py:613} INFO - Processing file /home/jorge/Desktop/MÁSTER/SEGUNDO CURSO/BDFI/practica_docker/env/lib/python3.8/site-packages/airflow/example_dags/example_latest_only_with_trigger.py for tasks to queue
[2025-01-12 14:15:32,005] {logging_mixin.py:109} INFO - [2025-01-12 14:15:32,005] {dagbag.py:496} INFO - Filling up the DagBag from /home/jorge/Desktop/MÁSTER/SEGUNDO CURSO/BDFI/practica_docker/env/lib/python3.8/site-packages/airflow/example_dags/example_latest_only_with_trigger.py
[2025-01-12 14:15:32,008] {processor.py:623} INFO - DAG(s) dict_keys(['latest_only_with_trigger']) retrieved from /home/jorge/Desktop/MÁSTER/SEGUNDO CURSO/BDFI/practica_docker/env/lib/python3.8/site-packages/airflow/example_dags/example_latest_only_with_trigger.py
[2025-01-12 14:15:32,017] {logging_mixin.py:109} INFO - [2025-01-12 14:15:32,017] {dag.py:1834} INFO - Sync 1 DAGs
[2025-01-12 14:15:32,022] {logging_mixin.py:109} INFO - [2025-01-12 14:15:32,022] {dag.py:2287} INFO - Setting next_dagrun for latest_only_with_trigger to 2025-01-10 00:00:00+00:00
[2025-01-12 14:15:32,030] {processor.py:170} INFO - Processing /home/jorge/Desktop/MÁSTER/SEGUNDO CURSO/BDFI/practica_docker/env/lib/python3.8/site-packages/airflow/example_dags/example_latest_only_with_trigger.py took 0.029 seconds
[2025-01-12 14:16:17,209] {processor.py:162} INFO - Started process (PID=289855) to work on /home/jorge/Desktop/MÁSTER/SEGUNDO CURSO/BDFI/practica_docker/env/lib/python3.8/site-packages/airflow/example_dags/example_latest_only_with_trigger.py
[2025-01-12 14:16:17,210] {processor.py:613} INFO - Processing file /home/jorge/Desktop/MÁSTER/SEGUNDO CURSO/BDFI/practica_docker/env/lib/python3.8/site-packages/airflow/example_dags/example_latest_only_with_trigger.py for tasks to queue
[2025-01-12 14:16:17,211] {logging_mixin.py:109} INFO - [2025-01-12 14:16:17,211] {dagbag.py:496} INFO - Filling up the DagBag from /home/jorge/Desktop/MÁSTER/SEGUNDO CURSO/BDFI/practica_docker/env/lib/python3.8/site-packages/airflow/example_dags/example_latest_only_with_trigger.py
[2025-01-12 14:16:17,216] {processor.py:623} INFO - DAG(s) dict_keys(['latest_only_with_trigger']) retrieved from /home/jorge/Desktop/MÁSTER/SEGUNDO CURSO/BDFI/practica_docker/env/lib/python3.8/site-packages/airflow/example_dags/example_latest_only_with_trigger.py
[2025-01-12 14:16:17,230] {logging_mixin.py:109} INFO - [2025-01-12 14:16:17,230] {dag.py:1834} INFO - Sync 1 DAGs
[2025-01-12 14:16:17,238] {logging_mixin.py:109} INFO - [2025-01-12 14:16:17,238] {dag.py:2287} INFO - Setting next_dagrun for latest_only_with_trigger to 2025-01-10 00:00:00+00:00
[2025-01-12 14:16:17,247] {processor.py:170} INFO - Processing /home/jorge/Desktop/MÁSTER/SEGUNDO CURSO/BDFI/practica_docker/env/lib/python3.8/site-packages/airflow/example_dags/example_latest_only_with_trigger.py took 0.040 seconds
[2025-01-12 14:16:53,572] {processor.py:162} INFO - Started process (PID=290590) to work on /home/jorge/Desktop/MÁSTER/SEGUNDO CURSO/BDFI/practica_docker/env/lib/python3.8/site-packages/airflow/example_dags/example_latest_only_with_trigger.py
[2025-01-12 14:16:53,573] {processor.py:613} INFO - Processing file /home/jorge/Desktop/MÁSTER/SEGUNDO CURSO/BDFI/practica_docker/env/lib/python3.8/site-packages/airflow/example_dags/example_latest_only_with_trigger.py for tasks to queue
[2025-01-12 14:16:53,574] {logging_mixin.py:109} INFO - [2025-01-12 14:16:53,574] {dagbag.py:496} INFO - Filling up the DagBag from /home/jorge/Desktop/MÁSTER/SEGUNDO CURSO/BDFI/practica_docker/env/lib/python3.8/site-packages/airflow/example_dags/example_latest_only_with_trigger.py
[2025-01-12 14:16:53,585] {processor.py:623} INFO - DAG(s) dict_keys(['latest_only_with_trigger']) retrieved from /home/jorge/Desktop/MÁSTER/SEGUNDO CURSO/BDFI/practica_docker/env/lib/python3.8/site-packages/airflow/example_dags/example_latest_only_with_trigger.py
[2025-01-12 14:16:53,606] {logging_mixin.py:109} INFO - [2025-01-12 14:16:53,606] {dag.py:1834} INFO - Sync 1 DAGs
[2025-01-12 14:16:53,620] {logging_mixin.py:109} INFO - [2025-01-12 14:16:53,620] {dag.py:2287} INFO - Setting next_dagrun for latest_only_with_trigger to 2025-01-10 00:00:00+00:00
[2025-01-12 14:16:53,643] {processor.py:170} INFO - Processing /home/jorge/Desktop/MÁSTER/SEGUNDO CURSO/BDFI/practica_docker/env/lib/python3.8/site-packages/airflow/example_dags/example_latest_only_with_trigger.py took 0.076 seconds
[2025-01-12 14:17:27,991] {processor.py:162} INFO - Started process (PID=290974) to work on /home/jorge/Desktop/MÁSTER/SEGUNDO CURSO/BDFI/practica_docker/env/lib/python3.8/site-packages/airflow/example_dags/example_latest_only_with_trigger.py
[2025-01-12 14:17:27,997] {processor.py:613} INFO - Processing file /home/jorge/Desktop/MÁSTER/SEGUNDO CURSO/BDFI/practica_docker/env/lib/python3.8/site-packages/airflow/example_dags/example_latest_only_with_trigger.py for tasks to queue
[2025-01-12 14:17:27,998] {logging_mixin.py:109} INFO - [2025-01-12 14:17:27,998] {dagbag.py:496} INFO - Filling up the DagBag from /home/jorge/Desktop/MÁSTER/SEGUNDO CURSO/BDFI/practica_docker/env/lib/python3.8/site-packages/airflow/example_dags/example_latest_only_with_trigger.py
[2025-01-12 14:17:28,004] {processor.py:623} INFO - DAG(s) dict_keys(['latest_only_with_trigger']) retrieved from /home/jorge/Desktop/MÁSTER/SEGUNDO CURSO/BDFI/practica_docker/env/lib/python3.8/site-packages/airflow/example_dags/example_latest_only_with_trigger.py
[2025-01-12 14:17:28,016] {logging_mixin.py:109} INFO - [2025-01-12 14:17:28,016] {dag.py:1834} INFO - Sync 1 DAGs
[2025-01-12 14:17:28,022] {logging_mixin.py:109} INFO - [2025-01-12 14:17:28,022] {dag.py:2287} INFO - Setting next_dagrun for latest_only_with_trigger to 2025-01-10 00:00:00+00:00
[2025-01-12 14:17:28,033] {processor.py:170} INFO - Processing /home/jorge/Desktop/MÁSTER/SEGUNDO CURSO/BDFI/practica_docker/env/lib/python3.8/site-packages/airflow/example_dags/example_latest_only_with_trigger.py took 0.045 seconds
[2025-01-12 14:18:00,939] {processor.py:162} INFO - Started process (PID=291137) to work on /home/jorge/Desktop/MÁSTER/SEGUNDO CURSO/BDFI/practica_docker/env/lib/python3.8/site-packages/airflow/example_dags/example_latest_only_with_trigger.py
[2025-01-12 14:18:00,941] {processor.py:613} INFO - Processing file /home/jorge/Desktop/MÁSTER/SEGUNDO CURSO/BDFI/practica_docker/env/lib/python3.8/site-packages/airflow/example_dags/example_latest_only_with_trigger.py for tasks to queue
[2025-01-12 14:18:00,941] {logging_mixin.py:109} INFO - [2025-01-12 14:18:00,941] {dagbag.py:496} INFO - Filling up the DagBag from /home/jorge/Desktop/MÁSTER/SEGUNDO CURSO/BDFI/practica_docker/env/lib/python3.8/site-packages/airflow/example_dags/example_latest_only_with_trigger.py
[2025-01-12 14:18:00,946] {processor.py:623} INFO - DAG(s) dict_keys(['latest_only_with_trigger']) retrieved from /home/jorge/Desktop/MÁSTER/SEGUNDO CURSO/BDFI/practica_docker/env/lib/python3.8/site-packages/airflow/example_dags/example_latest_only_with_trigger.py
[2025-01-12 14:18:00,956] {logging_mixin.py:109} INFO - [2025-01-12 14:18:00,956] {dag.py:1834} INFO - Sync 1 DAGs
[2025-01-12 14:18:00,962] {logging_mixin.py:109} INFO - [2025-01-12 14:18:00,961] {dag.py:2287} INFO - Setting next_dagrun for latest_only_with_trigger to 2025-01-10 00:00:00+00:00
[2025-01-12 14:18:00,971] {processor.py:170} INFO - Processing /home/jorge/Desktop/MÁSTER/SEGUNDO CURSO/BDFI/practica_docker/env/lib/python3.8/site-packages/airflow/example_dags/example_latest_only_with_trigger.py took 0.035 seconds
[2025-01-12 14:18:34,397] {processor.py:162} INFO - Started process (PID=291621) to work on /home/jorge/Desktop/MÁSTER/SEGUNDO CURSO/BDFI/practica_docker/env/lib/python3.8/site-packages/airflow/example_dags/example_latest_only_with_trigger.py
[2025-01-12 14:18:34,399] {processor.py:613} INFO - Processing file /home/jorge/Desktop/MÁSTER/SEGUNDO CURSO/BDFI/practica_docker/env/lib/python3.8/site-packages/airflow/example_dags/example_latest_only_with_trigger.py for tasks to queue
[2025-01-12 14:18:34,400] {logging_mixin.py:109} INFO - [2025-01-12 14:18:34,400] {dagbag.py:496} INFO - Filling up the DagBag from /home/jorge/Desktop/MÁSTER/SEGUNDO CURSO/BDFI/practica_docker/env/lib/python3.8/site-packages/airflow/example_dags/example_latest_only_with_trigger.py
[2025-01-12 14:18:34,406] {processor.py:623} INFO - DAG(s) dict_keys(['latest_only_with_trigger']) retrieved from /home/jorge/Desktop/MÁSTER/SEGUNDO CURSO/BDFI/practica_docker/env/lib/python3.8/site-packages/airflow/example_dags/example_latest_only_with_trigger.py
[2025-01-12 14:18:34,417] {logging_mixin.py:109} INFO - [2025-01-12 14:18:34,417] {dag.py:1834} INFO - Sync 1 DAGs
[2025-01-12 14:18:34,424] {logging_mixin.py:109} INFO - [2025-01-12 14:18:34,424] {dag.py:2287} INFO - Setting next_dagrun for latest_only_with_trigger to 2025-01-10 00:00:00+00:00
[2025-01-12 14:18:34,437] {processor.py:170} INFO - Processing /home/jorge/Desktop/MÁSTER/SEGUNDO CURSO/BDFI/practica_docker/env/lib/python3.8/site-packages/airflow/example_dags/example_latest_only_with_trigger.py took 0.043 seconds
[2025-01-12 14:19:07,000] {processor.py:162} INFO - Started process (PID=292097) to work on /home/jorge/Desktop/MÁSTER/SEGUNDO CURSO/BDFI/practica_docker/env/lib/python3.8/site-packages/airflow/example_dags/example_latest_only_with_trigger.py
[2025-01-12 14:19:07,001] {processor.py:613} INFO - Processing file /home/jorge/Desktop/MÁSTER/SEGUNDO CURSO/BDFI/practica_docker/env/lib/python3.8/site-packages/airflow/example_dags/example_latest_only_with_trigger.py for tasks to queue
[2025-01-12 14:19:07,002] {logging_mixin.py:109} INFO - [2025-01-12 14:19:07,002] {dagbag.py:496} INFO - Filling up the DagBag from /home/jorge/Desktop/MÁSTER/SEGUNDO CURSO/BDFI/practica_docker/env/lib/python3.8/site-packages/airflow/example_dags/example_latest_only_with_trigger.py
[2025-01-12 14:19:07,007] {processor.py:623} INFO - DAG(s) dict_keys(['latest_only_with_trigger']) retrieved from /home/jorge/Desktop/MÁSTER/SEGUNDO CURSO/BDFI/practica_docker/env/lib/python3.8/site-packages/airflow/example_dags/example_latest_only_with_trigger.py
[2025-01-12 14:19:07,019] {logging_mixin.py:109} INFO - [2025-01-12 14:19:07,019] {dag.py:1834} INFO - Sync 1 DAGs
[2025-01-12 14:19:07,026] {logging_mixin.py:109} INFO - [2025-01-12 14:19:07,026] {dag.py:2287} INFO - Setting next_dagrun for latest_only_with_trigger to 2025-01-10 00:00:00+00:00
[2025-01-12 14:19:07,035] {processor.py:170} INFO - Processing /home/jorge/Desktop/MÁSTER/SEGUNDO CURSO/BDFI/practica_docker/env/lib/python3.8/site-packages/airflow/example_dags/example_latest_only_with_trigger.py took 0.037 seconds
[2025-01-12 14:19:43,152] {processor.py:162} INFO - Started process (PID=293002) to work on /home/jorge/Desktop/MÁSTER/SEGUNDO CURSO/BDFI/practica_docker/env/lib/python3.8/site-packages/airflow/example_dags/example_latest_only_with_trigger.py
[2025-01-12 14:19:43,154] {processor.py:613} INFO - Processing file /home/jorge/Desktop/MÁSTER/SEGUNDO CURSO/BDFI/practica_docker/env/lib/python3.8/site-packages/airflow/example_dags/example_latest_only_with_trigger.py for tasks to queue
[2025-01-12 14:19:43,155] {logging_mixin.py:109} INFO - [2025-01-12 14:19:43,155] {dagbag.py:496} INFO - Filling up the DagBag from /home/jorge/Desktop/MÁSTER/SEGUNDO CURSO/BDFI/practica_docker/env/lib/python3.8/site-packages/airflow/example_dags/example_latest_only_with_trigger.py
[2025-01-12 14:19:43,164] {processor.py:623} INFO - DAG(s) dict_keys(['latest_only_with_trigger']) retrieved from /home/jorge/Desktop/MÁSTER/SEGUNDO CURSO/BDFI/practica_docker/env/lib/python3.8/site-packages/airflow/example_dags/example_latest_only_with_trigger.py
[2025-01-12 14:19:43,177] {logging_mixin.py:109} INFO - [2025-01-12 14:19:43,177] {dag.py:1834} INFO - Sync 1 DAGs
[2025-01-12 14:19:43,184] {logging_mixin.py:109} INFO - [2025-01-12 14:19:43,184] {dag.py:2287} INFO - Setting next_dagrun for latest_only_with_trigger to 2025-01-10 00:00:00+00:00
[2025-01-12 14:19:43,196] {processor.py:170} INFO - Processing /home/jorge/Desktop/MÁSTER/SEGUNDO CURSO/BDFI/practica_docker/env/lib/python3.8/site-packages/airflow/example_dags/example_latest_only_with_trigger.py took 0.047 seconds
[2025-01-12 14:20:16,902] {processor.py:162} INFO - Started process (PID=293174) to work on /home/jorge/Desktop/MÁSTER/SEGUNDO CURSO/BDFI/practica_docker/env/lib/python3.8/site-packages/airflow/example_dags/example_latest_only_with_trigger.py
[2025-01-12 14:20:16,904] {processor.py:613} INFO - Processing file /home/jorge/Desktop/MÁSTER/SEGUNDO CURSO/BDFI/practica_docker/env/lib/python3.8/site-packages/airflow/example_dags/example_latest_only_with_trigger.py for tasks to queue
[2025-01-12 14:20:16,904] {logging_mixin.py:109} INFO - [2025-01-12 14:20:16,904] {dagbag.py:496} INFO - Filling up the DagBag from /home/jorge/Desktop/MÁSTER/SEGUNDO CURSO/BDFI/practica_docker/env/lib/python3.8/site-packages/airflow/example_dags/example_latest_only_with_trigger.py
[2025-01-12 14:20:16,927] {processor.py:623} INFO - DAG(s) dict_keys(['latest_only_with_trigger']) retrieved from /home/jorge/Desktop/MÁSTER/SEGUNDO CURSO/BDFI/practica_docker/env/lib/python3.8/site-packages/airflow/example_dags/example_latest_only_with_trigger.py
[2025-01-12 14:20:16,944] {logging_mixin.py:109} INFO - [2025-01-12 14:20:16,944] {dag.py:1834} INFO - Sync 1 DAGs
[2025-01-12 14:20:16,951] {logging_mixin.py:109} INFO - [2025-01-12 14:20:16,951] {dag.py:2287} INFO - Setting next_dagrun for latest_only_with_trigger to 2025-01-10 00:00:00+00:00
[2025-01-12 14:20:16,969] {processor.py:170} INFO - Processing /home/jorge/Desktop/MÁSTER/SEGUNDO CURSO/BDFI/practica_docker/env/lib/python3.8/site-packages/airflow/example_dags/example_latest_only_with_trigger.py took 0.073 seconds
