[2025-01-12 13:50:56,771] {processor.py:162} INFO - Started process (PID=280979) to work on /home/jorge/Desktop/MÁSTER/SEGUNDO CURSO/BDFI/practica_docker/env/lib/python3.8/site-packages/airflow/example_dags/subdags/subdag.py
[2025-01-12 13:50:56,773] {processor.py:613} INFO - Processing file /home/jorge/Desktop/MÁSTER/SEGUNDO CURSO/BDFI/practica_docker/env/lib/python3.8/site-packages/airflow/example_dags/subdags/subdag.py for tasks to queue
[2025-01-12 13:50:56,773] {logging_mixin.py:109} INFO - [2025-01-12 13:50:56,773] {dagbag.py:496} INFO - Filling up the DagBag from /home/jorge/Desktop/MÁSTER/SEGUNDO CURSO/BDFI/practica_docker/env/lib/python3.8/site-packages/airflow/example_dags/subdags/subdag.py
[2025-01-12 13:50:56,777] {processor.py:625} WARNING - No viable dags retrieved from /home/jorge/Desktop/MÁSTER/SEGUNDO CURSO/BDFI/practica_docker/env/lib/python3.8/site-packages/airflow/example_dags/subdags/subdag.py
[2025-01-12 13:50:56,784] {processor.py:170} INFO - Processing /home/jorge/Desktop/MÁSTER/SEGUNDO CURSO/BDFI/practica_docker/env/lib/python3.8/site-packages/airflow/example_dags/subdags/subdag.py took 0.017 seconds
[2025-01-12 13:51:30,849] {processor.py:162} INFO - Started process (PID=281158) to work on /home/jorge/Desktop/MÁSTER/SEGUNDO CURSO/BDFI/practica_docker/env/lib/python3.8/site-packages/airflow/example_dags/subdags/subdag.py
[2025-01-12 13:51:30,850] {processor.py:613} INFO - Processing file /home/jorge/Desktop/MÁSTER/SEGUNDO CURSO/BDFI/practica_docker/env/lib/python3.8/site-packages/airflow/example_dags/subdags/subdag.py for tasks to queue
[2025-01-12 13:51:30,851] {logging_mixin.py:109} INFO - [2025-01-12 13:51:30,851] {dagbag.py:496} INFO - Filling up the DagBag from /home/jorge/Desktop/MÁSTER/SEGUNDO CURSO/BDFI/practica_docker/env/lib/python3.8/site-packages/airflow/example_dags/subdags/subdag.py
[2025-01-12 13:51:30,855] {processor.py:625} WARNING - No viable dags retrieved from /home/jorge/Desktop/MÁSTER/SEGUNDO CURSO/BDFI/practica_docker/env/lib/python3.8/site-packages/airflow/example_dags/subdags/subdag.py
[2025-01-12 13:51:30,864] {processor.py:170} INFO - Processing /home/jorge/Desktop/MÁSTER/SEGUNDO CURSO/BDFI/practica_docker/env/lib/python3.8/site-packages/airflow/example_dags/subdags/subdag.py took 0.018 seconds
[2025-01-12 13:52:05,217] {processor.py:162} INFO - Started process (PID=281329) to work on /home/jorge/Desktop/MÁSTER/SEGUNDO CURSO/BDFI/practica_docker/env/lib/python3.8/site-packages/airflow/example_dags/subdags/subdag.py
[2025-01-12 13:52:05,218] {processor.py:613} INFO - Processing file /home/jorge/Desktop/MÁSTER/SEGUNDO CURSO/BDFI/practica_docker/env/lib/python3.8/site-packages/airflow/example_dags/subdags/subdag.py for tasks to queue
[2025-01-12 13:52:05,219] {logging_mixin.py:109} INFO - [2025-01-12 13:52:05,219] {dagbag.py:496} INFO - Filling up the DagBag from /home/jorge/Desktop/MÁSTER/SEGUNDO CURSO/BDFI/practica_docker/env/lib/python3.8/site-packages/airflow/example_dags/subdags/subdag.py
[2025-01-12 13:52:05,222] {processor.py:625} WARNING - No viable dags retrieved from /home/jorge/Desktop/MÁSTER/SEGUNDO CURSO/BDFI/practica_docker/env/lib/python3.8/site-packages/airflow/example_dags/subdags/subdag.py
[2025-01-12 13:52:05,228] {processor.py:170} INFO - Processing /home/jorge/Desktop/MÁSTER/SEGUNDO CURSO/BDFI/practica_docker/env/lib/python3.8/site-packages/airflow/example_dags/subdags/subdag.py took 0.012 seconds
[2025-01-12 13:52:38,282] {processor.py:162} INFO - Started process (PID=281510) to work on /home/jorge/Desktop/MÁSTER/SEGUNDO CURSO/BDFI/practica_docker/env/lib/python3.8/site-packages/airflow/example_dags/subdags/subdag.py
[2025-01-12 13:52:38,284] {processor.py:613} INFO - Processing file /home/jorge/Desktop/MÁSTER/SEGUNDO CURSO/BDFI/practica_docker/env/lib/python3.8/site-packages/airflow/example_dags/subdags/subdag.py for tasks to queue
[2025-01-12 13:52:38,285] {logging_mixin.py:109} INFO - [2025-01-12 13:52:38,285] {dagbag.py:496} INFO - Filling up the DagBag from /home/jorge/Desktop/MÁSTER/SEGUNDO CURSO/BDFI/practica_docker/env/lib/python3.8/site-packages/airflow/example_dags/subdags/subdag.py
[2025-01-12 13:52:38,291] {processor.py:625} WARNING - No viable dags retrieved from /home/jorge/Desktop/MÁSTER/SEGUNDO CURSO/BDFI/practica_docker/env/lib/python3.8/site-packages/airflow/example_dags/subdags/subdag.py
[2025-01-12 13:52:38,298] {processor.py:170} INFO - Processing /home/jorge/Desktop/MÁSTER/SEGUNDO CURSO/BDFI/practica_docker/env/lib/python3.8/site-packages/airflow/example_dags/subdags/subdag.py took 0.019 seconds
[2025-01-12 13:53:20,104] {processor.py:162} INFO - Started process (PID=281764) to work on /home/jorge/Desktop/MÁSTER/SEGUNDO CURSO/BDFI/practica_docker/env/lib/python3.8/site-packages/airflow/example_dags/subdags/subdag.py
[2025-01-12 13:53:20,105] {processor.py:613} INFO - Processing file /home/jorge/Desktop/MÁSTER/SEGUNDO CURSO/BDFI/practica_docker/env/lib/python3.8/site-packages/airflow/example_dags/subdags/subdag.py for tasks to queue
[2025-01-12 13:53:20,105] {logging_mixin.py:109} INFO - [2025-01-12 13:53:20,105] {dagbag.py:496} INFO - Filling up the DagBag from /home/jorge/Desktop/MÁSTER/SEGUNDO CURSO/BDFI/practica_docker/env/lib/python3.8/site-packages/airflow/example_dags/subdags/subdag.py
[2025-01-12 13:53:20,108] {processor.py:625} WARNING - No viable dags retrieved from /home/jorge/Desktop/MÁSTER/SEGUNDO CURSO/BDFI/practica_docker/env/lib/python3.8/site-packages/airflow/example_dags/subdags/subdag.py
[2025-01-12 13:53:20,112] {processor.py:170} INFO - Processing /home/jorge/Desktop/MÁSTER/SEGUNDO CURSO/BDFI/practica_docker/env/lib/python3.8/site-packages/airflow/example_dags/subdags/subdag.py took 0.010 seconds
[2025-01-12 13:53:54,848] {processor.py:162} INFO - Started process (PID=281931) to work on /home/jorge/Desktop/MÁSTER/SEGUNDO CURSO/BDFI/practica_docker/env/lib/python3.8/site-packages/airflow/example_dags/subdags/subdag.py
[2025-01-12 13:53:54,849] {processor.py:613} INFO - Processing file /home/jorge/Desktop/MÁSTER/SEGUNDO CURSO/BDFI/practica_docker/env/lib/python3.8/site-packages/airflow/example_dags/subdags/subdag.py for tasks to queue
[2025-01-12 13:53:54,850] {logging_mixin.py:109} INFO - [2025-01-12 13:53:54,850] {dagbag.py:496} INFO - Filling up the DagBag from /home/jorge/Desktop/MÁSTER/SEGUNDO CURSO/BDFI/practica_docker/env/lib/python3.8/site-packages/airflow/example_dags/subdags/subdag.py
[2025-01-12 13:53:54,853] {processor.py:625} WARNING - No viable dags retrieved from /home/jorge/Desktop/MÁSTER/SEGUNDO CURSO/BDFI/practica_docker/env/lib/python3.8/site-packages/airflow/example_dags/subdags/subdag.py
[2025-01-12 13:53:54,860] {processor.py:170} INFO - Processing /home/jorge/Desktop/MÁSTER/SEGUNDO CURSO/BDFI/practica_docker/env/lib/python3.8/site-packages/airflow/example_dags/subdags/subdag.py took 0.015 seconds
[2025-01-12 13:54:29,302] {processor.py:162} INFO - Started process (PID=282101) to work on /home/jorge/Desktop/MÁSTER/SEGUNDO CURSO/BDFI/practica_docker/env/lib/python3.8/site-packages/airflow/example_dags/subdags/subdag.py
[2025-01-12 13:54:29,303] {processor.py:613} INFO - Processing file /home/jorge/Desktop/MÁSTER/SEGUNDO CURSO/BDFI/practica_docker/env/lib/python3.8/site-packages/airflow/example_dags/subdags/subdag.py for tasks to queue
[2025-01-12 13:54:29,304] {logging_mixin.py:109} INFO - [2025-01-12 13:54:29,304] {dagbag.py:496} INFO - Filling up the DagBag from /home/jorge/Desktop/MÁSTER/SEGUNDO CURSO/BDFI/practica_docker/env/lib/python3.8/site-packages/airflow/example_dags/subdags/subdag.py
[2025-01-12 13:54:29,308] {processor.py:625} WARNING - No viable dags retrieved from /home/jorge/Desktop/MÁSTER/SEGUNDO CURSO/BDFI/practica_docker/env/lib/python3.8/site-packages/airflow/example_dags/subdags/subdag.py
[2025-01-12 13:54:29,313] {processor.py:170} INFO - Processing /home/jorge/Desktop/MÁSTER/SEGUNDO CURSO/BDFI/practica_docker/env/lib/python3.8/site-packages/airflow/example_dags/subdags/subdag.py took 0.013 seconds
[2025-01-12 13:55:02,645] {processor.py:162} INFO - Started process (PID=282258) to work on /home/jorge/Desktop/MÁSTER/SEGUNDO CURSO/BDFI/practica_docker/env/lib/python3.8/site-packages/airflow/example_dags/subdags/subdag.py
[2025-01-12 13:55:02,646] {processor.py:613} INFO - Processing file /home/jorge/Desktop/MÁSTER/SEGUNDO CURSO/BDFI/practica_docker/env/lib/python3.8/site-packages/airflow/example_dags/subdags/subdag.py for tasks to queue
[2025-01-12 13:55:02,646] {logging_mixin.py:109} INFO - [2025-01-12 13:55:02,646] {dagbag.py:496} INFO - Filling up the DagBag from /home/jorge/Desktop/MÁSTER/SEGUNDO CURSO/BDFI/practica_docker/env/lib/python3.8/site-packages/airflow/example_dags/subdags/subdag.py
[2025-01-12 13:55:02,648] {processor.py:625} WARNING - No viable dags retrieved from /home/jorge/Desktop/MÁSTER/SEGUNDO CURSO/BDFI/practica_docker/env/lib/python3.8/site-packages/airflow/example_dags/subdags/subdag.py
[2025-01-12 13:55:02,652] {processor.py:170} INFO - Processing /home/jorge/Desktop/MÁSTER/SEGUNDO CURSO/BDFI/practica_docker/env/lib/python3.8/site-packages/airflow/example_dags/subdags/subdag.py took 0.009 seconds
[2025-01-12 13:55:35,446] {processor.py:162} INFO - Started process (PID=282413) to work on /home/jorge/Desktop/MÁSTER/SEGUNDO CURSO/BDFI/practica_docker/env/lib/python3.8/site-packages/airflow/example_dags/subdags/subdag.py
[2025-01-12 13:55:35,447] {processor.py:613} INFO - Processing file /home/jorge/Desktop/MÁSTER/SEGUNDO CURSO/BDFI/practica_docker/env/lib/python3.8/site-packages/airflow/example_dags/subdags/subdag.py for tasks to queue
[2025-01-12 13:55:35,448] {logging_mixin.py:109} INFO - [2025-01-12 13:55:35,448] {dagbag.py:496} INFO - Filling up the DagBag from /home/jorge/Desktop/MÁSTER/SEGUNDO CURSO/BDFI/practica_docker/env/lib/python3.8/site-packages/airflow/example_dags/subdags/subdag.py
[2025-01-12 13:55:35,450] {processor.py:625} WARNING - No viable dags retrieved from /home/jorge/Desktop/MÁSTER/SEGUNDO CURSO/BDFI/practica_docker/env/lib/python3.8/site-packages/airflow/example_dags/subdags/subdag.py
[2025-01-12 13:55:35,456] {processor.py:170} INFO - Processing /home/jorge/Desktop/MÁSTER/SEGUNDO CURSO/BDFI/practica_docker/env/lib/python3.8/site-packages/airflow/example_dags/subdags/subdag.py took 0.012 seconds
[2025-01-12 13:56:11,124] {processor.py:162} INFO - Started process (PID=282746) to work on /home/jorge/Desktop/MÁSTER/SEGUNDO CURSO/BDFI/practica_docker/env/lib/python3.8/site-packages/airflow/example_dags/subdags/subdag.py
[2025-01-12 13:56:11,125] {processor.py:613} INFO - Processing file /home/jorge/Desktop/MÁSTER/SEGUNDO CURSO/BDFI/practica_docker/env/lib/python3.8/site-packages/airflow/example_dags/subdags/subdag.py for tasks to queue
[2025-01-12 13:56:11,126] {logging_mixin.py:109} INFO - [2025-01-12 13:56:11,126] {dagbag.py:496} INFO - Filling up the DagBag from /home/jorge/Desktop/MÁSTER/SEGUNDO CURSO/BDFI/practica_docker/env/lib/python3.8/site-packages/airflow/example_dags/subdags/subdag.py
[2025-01-12 13:56:11,137] {processor.py:625} WARNING - No viable dags retrieved from /home/jorge/Desktop/MÁSTER/SEGUNDO CURSO/BDFI/practica_docker/env/lib/python3.8/site-packages/airflow/example_dags/subdags/subdag.py
[2025-01-12 13:56:11,181] {processor.py:170} INFO - Processing /home/jorge/Desktop/MÁSTER/SEGUNDO CURSO/BDFI/practica_docker/env/lib/python3.8/site-packages/airflow/example_dags/subdags/subdag.py took 0.061 seconds
[2025-01-12 13:56:46,991] {processor.py:162} INFO - Started process (PID=283010) to work on /home/jorge/Desktop/MÁSTER/SEGUNDO CURSO/BDFI/practica_docker/env/lib/python3.8/site-packages/airflow/example_dags/subdags/subdag.py
[2025-01-12 13:56:46,992] {processor.py:613} INFO - Processing file /home/jorge/Desktop/MÁSTER/SEGUNDO CURSO/BDFI/practica_docker/env/lib/python3.8/site-packages/airflow/example_dags/subdags/subdag.py for tasks to queue
[2025-01-12 13:56:46,992] {logging_mixin.py:109} INFO - [2025-01-12 13:56:46,992] {dagbag.py:496} INFO - Filling up the DagBag from /home/jorge/Desktop/MÁSTER/SEGUNDO CURSO/BDFI/practica_docker/env/lib/python3.8/site-packages/airflow/example_dags/subdags/subdag.py
[2025-01-12 13:56:47,008] {processor.py:625} WARNING - No viable dags retrieved from /home/jorge/Desktop/MÁSTER/SEGUNDO CURSO/BDFI/practica_docker/env/lib/python3.8/site-packages/airflow/example_dags/subdags/subdag.py
[2025-01-12 13:56:47,017] {processor.py:170} INFO - Processing /home/jorge/Desktop/MÁSTER/SEGUNDO CURSO/BDFI/practica_docker/env/lib/python3.8/site-packages/airflow/example_dags/subdags/subdag.py took 0.029 seconds
[2025-01-12 13:57:23,434] {processor.py:162} INFO - Started process (PID=283194) to work on /home/jorge/Desktop/MÁSTER/SEGUNDO CURSO/BDFI/practica_docker/env/lib/python3.8/site-packages/airflow/example_dags/subdags/subdag.py
[2025-01-12 13:57:23,436] {processor.py:613} INFO - Processing file /home/jorge/Desktop/MÁSTER/SEGUNDO CURSO/BDFI/practica_docker/env/lib/python3.8/site-packages/airflow/example_dags/subdags/subdag.py for tasks to queue
[2025-01-12 13:57:23,437] {logging_mixin.py:109} INFO - [2025-01-12 13:57:23,436] {dagbag.py:496} INFO - Filling up the DagBag from /home/jorge/Desktop/MÁSTER/SEGUNDO CURSO/BDFI/practica_docker/env/lib/python3.8/site-packages/airflow/example_dags/subdags/subdag.py
[2025-01-12 13:57:23,443] {processor.py:625} WARNING - No viable dags retrieved from /home/jorge/Desktop/MÁSTER/SEGUNDO CURSO/BDFI/practica_docker/env/lib/python3.8/site-packages/airflow/example_dags/subdags/subdag.py
[2025-01-12 13:57:23,452] {processor.py:170} INFO - Processing /home/jorge/Desktop/MÁSTER/SEGUNDO CURSO/BDFI/practica_docker/env/lib/python3.8/site-packages/airflow/example_dags/subdags/subdag.py took 0.021 seconds
[2025-01-12 13:57:59,521] {processor.py:162} INFO - Started process (PID=283349) to work on /home/jorge/Desktop/MÁSTER/SEGUNDO CURSO/BDFI/practica_docker/env/lib/python3.8/site-packages/airflow/example_dags/subdags/subdag.py
[2025-01-12 13:57:59,522] {processor.py:613} INFO - Processing file /home/jorge/Desktop/MÁSTER/SEGUNDO CURSO/BDFI/practica_docker/env/lib/python3.8/site-packages/airflow/example_dags/subdags/subdag.py for tasks to queue
[2025-01-12 13:57:59,523] {logging_mixin.py:109} INFO - [2025-01-12 13:57:59,523] {dagbag.py:496} INFO - Filling up the DagBag from /home/jorge/Desktop/MÁSTER/SEGUNDO CURSO/BDFI/practica_docker/env/lib/python3.8/site-packages/airflow/example_dags/subdags/subdag.py
[2025-01-12 13:57:59,542] {processor.py:625} WARNING - No viable dags retrieved from /home/jorge/Desktop/MÁSTER/SEGUNDO CURSO/BDFI/practica_docker/env/lib/python3.8/site-packages/airflow/example_dags/subdags/subdag.py
[2025-01-12 13:57:59,553] {processor.py:170} INFO - Processing /home/jorge/Desktop/MÁSTER/SEGUNDO CURSO/BDFI/practica_docker/env/lib/python3.8/site-packages/airflow/example_dags/subdags/subdag.py took 0.035 seconds
[2025-01-12 14:05:47,205] {processor.py:162} INFO - Started process (PID=283635) to work on /home/jorge/Desktop/MÁSTER/SEGUNDO CURSO/BDFI/practica_docker/env/lib/python3.8/site-packages/airflow/example_dags/subdags/subdag.py
[2025-01-12 14:05:47,207] {processor.py:613} INFO - Processing file /home/jorge/Desktop/MÁSTER/SEGUNDO CURSO/BDFI/practica_docker/env/lib/python3.8/site-packages/airflow/example_dags/subdags/subdag.py for tasks to queue
[2025-01-12 14:05:47,207] {logging_mixin.py:109} INFO - [2025-01-12 14:05:47,207] {dagbag.py:496} INFO - Filling up the DagBag from /home/jorge/Desktop/MÁSTER/SEGUNDO CURSO/BDFI/practica_docker/env/lib/python3.8/site-packages/airflow/example_dags/subdags/subdag.py
[2025-01-12 14:05:47,210] {processor.py:625} WARNING - No viable dags retrieved from /home/jorge/Desktop/MÁSTER/SEGUNDO CURSO/BDFI/practica_docker/env/lib/python3.8/site-packages/airflow/example_dags/subdags/subdag.py
[2025-01-12 14:05:47,215] {processor.py:170} INFO - Processing /home/jorge/Desktop/MÁSTER/SEGUNDO CURSO/BDFI/practica_docker/env/lib/python3.8/site-packages/airflow/example_dags/subdags/subdag.py took 0.012 seconds
[2025-01-12 14:06:21,712] {processor.py:162} INFO - Started process (PID=283792) to work on /home/jorge/Desktop/MÁSTER/SEGUNDO CURSO/BDFI/practica_docker/env/lib/python3.8/site-packages/airflow/example_dags/subdags/subdag.py
[2025-01-12 14:06:21,712] {processor.py:613} INFO - Processing file /home/jorge/Desktop/MÁSTER/SEGUNDO CURSO/BDFI/practica_docker/env/lib/python3.8/site-packages/airflow/example_dags/subdags/subdag.py for tasks to queue
[2025-01-12 14:06:21,713] {logging_mixin.py:109} INFO - [2025-01-12 14:06:21,713] {dagbag.py:496} INFO - Filling up the DagBag from /home/jorge/Desktop/MÁSTER/SEGUNDO CURSO/BDFI/practica_docker/env/lib/python3.8/site-packages/airflow/example_dags/subdags/subdag.py
[2025-01-12 14:06:21,715] {processor.py:625} WARNING - No viable dags retrieved from /home/jorge/Desktop/MÁSTER/SEGUNDO CURSO/BDFI/practica_docker/env/lib/python3.8/site-packages/airflow/example_dags/subdags/subdag.py
[2025-01-12 14:06:21,720] {processor.py:170} INFO - Processing /home/jorge/Desktop/MÁSTER/SEGUNDO CURSO/BDFI/practica_docker/env/lib/python3.8/site-packages/airflow/example_dags/subdags/subdag.py took 0.010 seconds
[2025-01-12 14:06:54,358] {processor.py:162} INFO - Started process (PID=283948) to work on /home/jorge/Desktop/MÁSTER/SEGUNDO CURSO/BDFI/practica_docker/env/lib/python3.8/site-packages/airflow/example_dags/subdags/subdag.py
[2025-01-12 14:06:54,360] {processor.py:613} INFO - Processing file /home/jorge/Desktop/MÁSTER/SEGUNDO CURSO/BDFI/practica_docker/env/lib/python3.8/site-packages/airflow/example_dags/subdags/subdag.py for tasks to queue
[2025-01-12 14:06:54,361] {logging_mixin.py:109} INFO - [2025-01-12 14:06:54,360] {dagbag.py:496} INFO - Filling up the DagBag from /home/jorge/Desktop/MÁSTER/SEGUNDO CURSO/BDFI/practica_docker/env/lib/python3.8/site-packages/airflow/example_dags/subdags/subdag.py
[2025-01-12 14:06:54,367] {processor.py:625} WARNING - No viable dags retrieved from /home/jorge/Desktop/MÁSTER/SEGUNDO CURSO/BDFI/practica_docker/env/lib/python3.8/site-packages/airflow/example_dags/subdags/subdag.py
[2025-01-12 14:06:54,373] {processor.py:170} INFO - Processing /home/jorge/Desktop/MÁSTER/SEGUNDO CURSO/BDFI/practica_docker/env/lib/python3.8/site-packages/airflow/example_dags/subdags/subdag.py took 0.017 seconds
[2025-01-12 14:07:27,625] {processor.py:162} INFO - Started process (PID=284092) to work on /home/jorge/Desktop/MÁSTER/SEGUNDO CURSO/BDFI/practica_docker/env/lib/python3.8/site-packages/airflow/example_dags/subdags/subdag.py
[2025-01-12 14:07:27,632] {processor.py:613} INFO - Processing file /home/jorge/Desktop/MÁSTER/SEGUNDO CURSO/BDFI/practica_docker/env/lib/python3.8/site-packages/airflow/example_dags/subdags/subdag.py for tasks to queue
[2025-01-12 14:07:27,633] {logging_mixin.py:109} INFO - [2025-01-12 14:07:27,632] {dagbag.py:496} INFO - Filling up the DagBag from /home/jorge/Desktop/MÁSTER/SEGUNDO CURSO/BDFI/practica_docker/env/lib/python3.8/site-packages/airflow/example_dags/subdags/subdag.py
[2025-01-12 14:07:27,636] {processor.py:625} WARNING - No viable dags retrieved from /home/jorge/Desktop/MÁSTER/SEGUNDO CURSO/BDFI/practica_docker/env/lib/python3.8/site-packages/airflow/example_dags/subdags/subdag.py
[2025-01-12 14:07:27,643] {processor.py:170} INFO - Processing /home/jorge/Desktop/MÁSTER/SEGUNDO CURSO/BDFI/practica_docker/env/lib/python3.8/site-packages/airflow/example_dags/subdags/subdag.py took 0.020 seconds
[2025-01-12 14:08:00,397] {processor.py:162} INFO - Started process (PID=284248) to work on /home/jorge/Desktop/MÁSTER/SEGUNDO CURSO/BDFI/practica_docker/env/lib/python3.8/site-packages/airflow/example_dags/subdags/subdag.py
[2025-01-12 14:08:00,399] {processor.py:613} INFO - Processing file /home/jorge/Desktop/MÁSTER/SEGUNDO CURSO/BDFI/practica_docker/env/lib/python3.8/site-packages/airflow/example_dags/subdags/subdag.py for tasks to queue
[2025-01-12 14:08:00,400] {logging_mixin.py:109} INFO - [2025-01-12 14:08:00,399] {dagbag.py:496} INFO - Filling up the DagBag from /home/jorge/Desktop/MÁSTER/SEGUNDO CURSO/BDFI/practica_docker/env/lib/python3.8/site-packages/airflow/example_dags/subdags/subdag.py
[2025-01-12 14:08:00,403] {processor.py:625} WARNING - No viable dags retrieved from /home/jorge/Desktop/MÁSTER/SEGUNDO CURSO/BDFI/practica_docker/env/lib/python3.8/site-packages/airflow/example_dags/subdags/subdag.py
[2025-01-12 14:08:00,407] {processor.py:170} INFO - Processing /home/jorge/Desktop/MÁSTER/SEGUNDO CURSO/BDFI/practica_docker/env/lib/python3.8/site-packages/airflow/example_dags/subdags/subdag.py took 0.015 seconds
[2025-01-12 14:08:32,618] {processor.py:162} INFO - Started process (PID=284388) to work on /home/jorge/Desktop/MÁSTER/SEGUNDO CURSO/BDFI/practica_docker/env/lib/python3.8/site-packages/airflow/example_dags/subdags/subdag.py
[2025-01-12 14:08:32,625] {processor.py:613} INFO - Processing file /home/jorge/Desktop/MÁSTER/SEGUNDO CURSO/BDFI/practica_docker/env/lib/python3.8/site-packages/airflow/example_dags/subdags/subdag.py for tasks to queue
[2025-01-12 14:08:32,626] {logging_mixin.py:109} INFO - [2025-01-12 14:08:32,626] {dagbag.py:496} INFO - Filling up the DagBag from /home/jorge/Desktop/MÁSTER/SEGUNDO CURSO/BDFI/practica_docker/env/lib/python3.8/site-packages/airflow/example_dags/subdags/subdag.py
[2025-01-12 14:08:32,630] {processor.py:625} WARNING - No viable dags retrieved from /home/jorge/Desktop/MÁSTER/SEGUNDO CURSO/BDFI/practica_docker/env/lib/python3.8/site-packages/airflow/example_dags/subdags/subdag.py
[2025-01-12 14:08:32,637] {processor.py:170} INFO - Processing /home/jorge/Desktop/MÁSTER/SEGUNDO CURSO/BDFI/practica_docker/env/lib/python3.8/site-packages/airflow/example_dags/subdags/subdag.py took 0.020 seconds
[2025-01-12 14:09:05,243] {processor.py:162} INFO - Started process (PID=284541) to work on /home/jorge/Desktop/MÁSTER/SEGUNDO CURSO/BDFI/practica_docker/env/lib/python3.8/site-packages/airflow/example_dags/subdags/subdag.py
[2025-01-12 14:09:05,244] {processor.py:613} INFO - Processing file /home/jorge/Desktop/MÁSTER/SEGUNDO CURSO/BDFI/practica_docker/env/lib/python3.8/site-packages/airflow/example_dags/subdags/subdag.py for tasks to queue
[2025-01-12 14:09:05,244] {logging_mixin.py:109} INFO - [2025-01-12 14:09:05,244] {dagbag.py:496} INFO - Filling up the DagBag from /home/jorge/Desktop/MÁSTER/SEGUNDO CURSO/BDFI/practica_docker/env/lib/python3.8/site-packages/airflow/example_dags/subdags/subdag.py
[2025-01-12 14:09:05,247] {processor.py:625} WARNING - No viable dags retrieved from /home/jorge/Desktop/MÁSTER/SEGUNDO CURSO/BDFI/practica_docker/env/lib/python3.8/site-packages/airflow/example_dags/subdags/subdag.py
[2025-01-12 14:09:05,253] {processor.py:170} INFO - Processing /home/jorge/Desktop/MÁSTER/SEGUNDO CURSO/BDFI/practica_docker/env/lib/python3.8/site-packages/airflow/example_dags/subdags/subdag.py took 0.012 seconds
[2025-01-12 14:09:38,711] {processor.py:162} INFO - Started process (PID=284689) to work on /home/jorge/Desktop/MÁSTER/SEGUNDO CURSO/BDFI/practica_docker/env/lib/python3.8/site-packages/airflow/example_dags/subdags/subdag.py
[2025-01-12 14:09:38,718] {processor.py:613} INFO - Processing file /home/jorge/Desktop/MÁSTER/SEGUNDO CURSO/BDFI/practica_docker/env/lib/python3.8/site-packages/airflow/example_dags/subdags/subdag.py for tasks to queue
[2025-01-12 14:09:38,719] {logging_mixin.py:109} INFO - [2025-01-12 14:09:38,718] {dagbag.py:496} INFO - Filling up the DagBag from /home/jorge/Desktop/MÁSTER/SEGUNDO CURSO/BDFI/practica_docker/env/lib/python3.8/site-packages/airflow/example_dags/subdags/subdag.py
[2025-01-12 14:09:38,722] {processor.py:625} WARNING - No viable dags retrieved from /home/jorge/Desktop/MÁSTER/SEGUNDO CURSO/BDFI/practica_docker/env/lib/python3.8/site-packages/airflow/example_dags/subdags/subdag.py
[2025-01-12 14:09:38,731] {processor.py:170} INFO - Processing /home/jorge/Desktop/MÁSTER/SEGUNDO CURSO/BDFI/practica_docker/env/lib/python3.8/site-packages/airflow/example_dags/subdags/subdag.py took 0.023 seconds
[2025-01-12 14:10:13,050] {processor.py:162} INFO - Started process (PID=284859) to work on /home/jorge/Desktop/MÁSTER/SEGUNDO CURSO/BDFI/practica_docker/env/lib/python3.8/site-packages/airflow/example_dags/subdags/subdag.py
[2025-01-12 14:10:13,051] {processor.py:613} INFO - Processing file /home/jorge/Desktop/MÁSTER/SEGUNDO CURSO/BDFI/practica_docker/env/lib/python3.8/site-packages/airflow/example_dags/subdags/subdag.py for tasks to queue
[2025-01-12 14:10:13,052] {logging_mixin.py:109} INFO - [2025-01-12 14:10:13,052] {dagbag.py:496} INFO - Filling up the DagBag from /home/jorge/Desktop/MÁSTER/SEGUNDO CURSO/BDFI/practica_docker/env/lib/python3.8/site-packages/airflow/example_dags/subdags/subdag.py
[2025-01-12 14:10:13,055] {processor.py:625} WARNING - No viable dags retrieved from /home/jorge/Desktop/MÁSTER/SEGUNDO CURSO/BDFI/practica_docker/env/lib/python3.8/site-packages/airflow/example_dags/subdags/subdag.py
[2025-01-12 14:10:13,061] {processor.py:170} INFO - Processing /home/jorge/Desktop/MÁSTER/SEGUNDO CURSO/BDFI/practica_docker/env/lib/python3.8/site-packages/airflow/example_dags/subdags/subdag.py took 0.013 seconds
[2025-01-12 14:10:45,587] {processor.py:162} INFO - Started process (PID=285012) to work on /home/jorge/Desktop/MÁSTER/SEGUNDO CURSO/BDFI/practica_docker/env/lib/python3.8/site-packages/airflow/example_dags/subdags/subdag.py
[2025-01-12 14:10:45,593] {processor.py:613} INFO - Processing file /home/jorge/Desktop/MÁSTER/SEGUNDO CURSO/BDFI/practica_docker/env/lib/python3.8/site-packages/airflow/example_dags/subdags/subdag.py for tasks to queue
[2025-01-12 14:10:45,594] {logging_mixin.py:109} INFO - [2025-01-12 14:10:45,594] {dagbag.py:496} INFO - Filling up the DagBag from /home/jorge/Desktop/MÁSTER/SEGUNDO CURSO/BDFI/practica_docker/env/lib/python3.8/site-packages/airflow/example_dags/subdags/subdag.py
[2025-01-12 14:10:45,598] {processor.py:625} WARNING - No viable dags retrieved from /home/jorge/Desktop/MÁSTER/SEGUNDO CURSO/BDFI/practica_docker/env/lib/python3.8/site-packages/airflow/example_dags/subdags/subdag.py
[2025-01-12 14:10:45,604] {processor.py:170} INFO - Processing /home/jorge/Desktop/MÁSTER/SEGUNDO CURSO/BDFI/practica_docker/env/lib/python3.8/site-packages/airflow/example_dags/subdags/subdag.py took 0.020 seconds
[2025-01-12 14:11:23,073] {processor.py:162} INFO - Started process (PID=285327) to work on /home/jorge/Desktop/MÁSTER/SEGUNDO CURSO/BDFI/practica_docker/env/lib/python3.8/site-packages/airflow/example_dags/subdags/subdag.py
[2025-01-12 14:11:23,074] {processor.py:613} INFO - Processing file /home/jorge/Desktop/MÁSTER/SEGUNDO CURSO/BDFI/practica_docker/env/lib/python3.8/site-packages/airflow/example_dags/subdags/subdag.py for tasks to queue
[2025-01-12 14:11:23,074] {logging_mixin.py:109} INFO - [2025-01-12 14:11:23,074] {dagbag.py:496} INFO - Filling up the DagBag from /home/jorge/Desktop/MÁSTER/SEGUNDO CURSO/BDFI/practica_docker/env/lib/python3.8/site-packages/airflow/example_dags/subdags/subdag.py
[2025-01-12 14:11:23,076] {processor.py:625} WARNING - No viable dags retrieved from /home/jorge/Desktop/MÁSTER/SEGUNDO CURSO/BDFI/practica_docker/env/lib/python3.8/site-packages/airflow/example_dags/subdags/subdag.py
[2025-01-12 14:11:23,083] {processor.py:170} INFO - Processing /home/jorge/Desktop/MÁSTER/SEGUNDO CURSO/BDFI/practica_docker/env/lib/python3.8/site-packages/airflow/example_dags/subdags/subdag.py took 0.012 seconds
[2025-01-12 14:11:56,775] {processor.py:162} INFO - Started process (PID=285482) to work on /home/jorge/Desktop/MÁSTER/SEGUNDO CURSO/BDFI/practica_docker/env/lib/python3.8/site-packages/airflow/example_dags/subdags/subdag.py
[2025-01-12 14:11:56,776] {processor.py:613} INFO - Processing file /home/jorge/Desktop/MÁSTER/SEGUNDO CURSO/BDFI/practica_docker/env/lib/python3.8/site-packages/airflow/example_dags/subdags/subdag.py for tasks to queue
[2025-01-12 14:11:56,776] {logging_mixin.py:109} INFO - [2025-01-12 14:11:56,776] {dagbag.py:496} INFO - Filling up the DagBag from /home/jorge/Desktop/MÁSTER/SEGUNDO CURSO/BDFI/practica_docker/env/lib/python3.8/site-packages/airflow/example_dags/subdags/subdag.py
[2025-01-12 14:11:56,779] {processor.py:625} WARNING - No viable dags retrieved from /home/jorge/Desktop/MÁSTER/SEGUNDO CURSO/BDFI/practica_docker/env/lib/python3.8/site-packages/airflow/example_dags/subdags/subdag.py
[2025-01-12 14:11:56,785] {processor.py:170} INFO - Processing /home/jorge/Desktop/MÁSTER/SEGUNDO CURSO/BDFI/practica_docker/env/lib/python3.8/site-packages/airflow/example_dags/subdags/subdag.py took 0.012 seconds
[2025-01-12 14:12:30,827] {processor.py:162} INFO - Started process (PID=285627) to work on /home/jorge/Desktop/MÁSTER/SEGUNDO CURSO/BDFI/practica_docker/env/lib/python3.8/site-packages/airflow/example_dags/subdags/subdag.py
[2025-01-12 14:12:30,829] {processor.py:613} INFO - Processing file /home/jorge/Desktop/MÁSTER/SEGUNDO CURSO/BDFI/practica_docker/env/lib/python3.8/site-packages/airflow/example_dags/subdags/subdag.py for tasks to queue
[2025-01-12 14:12:30,830] {logging_mixin.py:109} INFO - [2025-01-12 14:12:30,830] {dagbag.py:496} INFO - Filling up the DagBag from /home/jorge/Desktop/MÁSTER/SEGUNDO CURSO/BDFI/practica_docker/env/lib/python3.8/site-packages/airflow/example_dags/subdags/subdag.py
[2025-01-12 14:12:30,832] {processor.py:625} WARNING - No viable dags retrieved from /home/jorge/Desktop/MÁSTER/SEGUNDO CURSO/BDFI/practica_docker/env/lib/python3.8/site-packages/airflow/example_dags/subdags/subdag.py
[2025-01-12 14:12:30,837] {processor.py:170} INFO - Processing /home/jorge/Desktop/MÁSTER/SEGUNDO CURSO/BDFI/practica_docker/env/lib/python3.8/site-packages/airflow/example_dags/subdags/subdag.py took 0.014 seconds
[2025-01-12 14:13:04,293] {processor.py:162} INFO - Started process (PID=285782) to work on /home/jorge/Desktop/MÁSTER/SEGUNDO CURSO/BDFI/practica_docker/env/lib/python3.8/site-packages/airflow/example_dags/subdags/subdag.py
[2025-01-12 14:13:04,300] {processor.py:613} INFO - Processing file /home/jorge/Desktop/MÁSTER/SEGUNDO CURSO/BDFI/practica_docker/env/lib/python3.8/site-packages/airflow/example_dags/subdags/subdag.py for tasks to queue
[2025-01-12 14:13:04,301] {logging_mixin.py:109} INFO - [2025-01-12 14:13:04,301] {dagbag.py:496} INFO - Filling up the DagBag from /home/jorge/Desktop/MÁSTER/SEGUNDO CURSO/BDFI/practica_docker/env/lib/python3.8/site-packages/airflow/example_dags/subdags/subdag.py
[2025-01-12 14:13:04,303] {processor.py:625} WARNING - No viable dags retrieved from /home/jorge/Desktop/MÁSTER/SEGUNDO CURSO/BDFI/practica_docker/env/lib/python3.8/site-packages/airflow/example_dags/subdags/subdag.py
[2025-01-12 14:13:04,308] {processor.py:170} INFO - Processing /home/jorge/Desktop/MÁSTER/SEGUNDO CURSO/BDFI/practica_docker/env/lib/python3.8/site-packages/airflow/example_dags/subdags/subdag.py took 0.018 seconds
[2025-01-12 14:13:36,474] {processor.py:162} INFO - Started process (PID=285927) to work on /home/jorge/Desktop/MÁSTER/SEGUNDO CURSO/BDFI/practica_docker/env/lib/python3.8/site-packages/airflow/example_dags/subdags/subdag.py
[2025-01-12 14:13:36,475] {processor.py:613} INFO - Processing file /home/jorge/Desktop/MÁSTER/SEGUNDO CURSO/BDFI/practica_docker/env/lib/python3.8/site-packages/airflow/example_dags/subdags/subdag.py for tasks to queue
[2025-01-12 14:13:36,475] {logging_mixin.py:109} INFO - [2025-01-12 14:13:36,475] {dagbag.py:496} INFO - Filling up the DagBag from /home/jorge/Desktop/MÁSTER/SEGUNDO CURSO/BDFI/practica_docker/env/lib/python3.8/site-packages/airflow/example_dags/subdags/subdag.py
[2025-01-12 14:13:36,477] {processor.py:625} WARNING - No viable dags retrieved from /home/jorge/Desktop/MÁSTER/SEGUNDO CURSO/BDFI/practica_docker/env/lib/python3.8/site-packages/airflow/example_dags/subdags/subdag.py
[2025-01-12 14:13:36,481] {processor.py:170} INFO - Processing /home/jorge/Desktop/MÁSTER/SEGUNDO CURSO/BDFI/practica_docker/env/lib/python3.8/site-packages/airflow/example_dags/subdags/subdag.py took 0.008 seconds
[2025-01-12 14:14:08,166] {processor.py:162} INFO - Started process (PID=286089) to work on /home/jorge/Desktop/MÁSTER/SEGUNDO CURSO/BDFI/practica_docker/env/lib/python3.8/site-packages/airflow/example_dags/subdags/subdag.py
[2025-01-12 14:14:08,167] {processor.py:613} INFO - Processing file /home/jorge/Desktop/MÁSTER/SEGUNDO CURSO/BDFI/practica_docker/env/lib/python3.8/site-packages/airflow/example_dags/subdags/subdag.py for tasks to queue
[2025-01-12 14:14:08,167] {logging_mixin.py:109} INFO - [2025-01-12 14:14:08,167] {dagbag.py:496} INFO - Filling up the DagBag from /home/jorge/Desktop/MÁSTER/SEGUNDO CURSO/BDFI/practica_docker/env/lib/python3.8/site-packages/airflow/example_dags/subdags/subdag.py
[2025-01-12 14:14:08,169] {processor.py:625} WARNING - No viable dags retrieved from /home/jorge/Desktop/MÁSTER/SEGUNDO CURSO/BDFI/practica_docker/env/lib/python3.8/site-packages/airflow/example_dags/subdags/subdag.py
[2025-01-12 14:14:08,175] {processor.py:170} INFO - Processing /home/jorge/Desktop/MÁSTER/SEGUNDO CURSO/BDFI/practica_docker/env/lib/python3.8/site-packages/airflow/example_dags/subdags/subdag.py took 0.012 seconds
[2025-01-12 14:14:42,549] {processor.py:162} INFO - Started process (PID=286252) to work on /home/jorge/Desktop/MÁSTER/SEGUNDO CURSO/BDFI/practica_docker/env/lib/python3.8/site-packages/airflow/example_dags/subdags/subdag.py
[2025-01-12 14:14:42,550] {processor.py:613} INFO - Processing file /home/jorge/Desktop/MÁSTER/SEGUNDO CURSO/BDFI/practica_docker/env/lib/python3.8/site-packages/airflow/example_dags/subdags/subdag.py for tasks to queue
[2025-01-12 14:14:42,551] {logging_mixin.py:109} INFO - [2025-01-12 14:14:42,550] {dagbag.py:496} INFO - Filling up the DagBag from /home/jorge/Desktop/MÁSTER/SEGUNDO CURSO/BDFI/practica_docker/env/lib/python3.8/site-packages/airflow/example_dags/subdags/subdag.py
[2025-01-12 14:14:42,553] {processor.py:625} WARNING - No viable dags retrieved from /home/jorge/Desktop/MÁSTER/SEGUNDO CURSO/BDFI/practica_docker/env/lib/python3.8/site-packages/airflow/example_dags/subdags/subdag.py
[2025-01-12 14:14:42,561] {processor.py:170} INFO - Processing /home/jorge/Desktop/MÁSTER/SEGUNDO CURSO/BDFI/practica_docker/env/lib/python3.8/site-packages/airflow/example_dags/subdags/subdag.py took 0.014 seconds
[2025-01-12 14:15:15,167] {processor.py:162} INFO - Started process (PID=286660) to work on /home/jorge/Desktop/MÁSTER/SEGUNDO CURSO/BDFI/practica_docker/env/lib/python3.8/site-packages/airflow/example_dags/subdags/subdag.py
[2025-01-12 14:15:15,168] {processor.py:613} INFO - Processing file /home/jorge/Desktop/MÁSTER/SEGUNDO CURSO/BDFI/practica_docker/env/lib/python3.8/site-packages/airflow/example_dags/subdags/subdag.py for tasks to queue
[2025-01-12 14:15:15,168] {logging_mixin.py:109} INFO - [2025-01-12 14:15:15,168] {dagbag.py:496} INFO - Filling up the DagBag from /home/jorge/Desktop/MÁSTER/SEGUNDO CURSO/BDFI/practica_docker/env/lib/python3.8/site-packages/airflow/example_dags/subdags/subdag.py
[2025-01-12 14:15:15,171] {processor.py:625} WARNING - No viable dags retrieved from /home/jorge/Desktop/MÁSTER/SEGUNDO CURSO/BDFI/practica_docker/env/lib/python3.8/site-packages/airflow/example_dags/subdags/subdag.py
[2025-01-12 14:15:15,177] {processor.py:170} INFO - Processing /home/jorge/Desktop/MÁSTER/SEGUNDO CURSO/BDFI/practica_docker/env/lib/python3.8/site-packages/airflow/example_dags/subdags/subdag.py took 0.012 seconds
[2025-01-12 14:15:47,521] {processor.py:162} INFO - Started process (PID=288358) to work on /home/jorge/Desktop/MÁSTER/SEGUNDO CURSO/BDFI/practica_docker/env/lib/python3.8/site-packages/airflow/example_dags/subdags/subdag.py
[2025-01-12 14:15:47,522] {processor.py:613} INFO - Processing file /home/jorge/Desktop/MÁSTER/SEGUNDO CURSO/BDFI/practica_docker/env/lib/python3.8/site-packages/airflow/example_dags/subdags/subdag.py for tasks to queue
[2025-01-12 14:15:47,524] {logging_mixin.py:109} INFO - [2025-01-12 14:15:47,523] {dagbag.py:496} INFO - Filling up the DagBag from /home/jorge/Desktop/MÁSTER/SEGUNDO CURSO/BDFI/practica_docker/env/lib/python3.8/site-packages/airflow/example_dags/subdags/subdag.py
[2025-01-12 14:15:47,527] {processor.py:625} WARNING - No viable dags retrieved from /home/jorge/Desktop/MÁSTER/SEGUNDO CURSO/BDFI/practica_docker/env/lib/python3.8/site-packages/airflow/example_dags/subdags/subdag.py
[2025-01-12 14:15:47,536] {processor.py:170} INFO - Processing /home/jorge/Desktop/MÁSTER/SEGUNDO CURSO/BDFI/practica_docker/env/lib/python3.8/site-packages/airflow/example_dags/subdags/subdag.py took 0.019 seconds
[2025-01-12 14:16:33,753] {processor.py:162} INFO - Started process (PID=290074) to work on /home/jorge/Desktop/MÁSTER/SEGUNDO CURSO/BDFI/practica_docker/env/lib/python3.8/site-packages/airflow/example_dags/subdags/subdag.py
[2025-01-12 14:16:33,754] {processor.py:613} INFO - Processing file /home/jorge/Desktop/MÁSTER/SEGUNDO CURSO/BDFI/practica_docker/env/lib/python3.8/site-packages/airflow/example_dags/subdags/subdag.py for tasks to queue
[2025-01-12 14:16:33,755] {logging_mixin.py:109} INFO - [2025-01-12 14:16:33,754] {dagbag.py:496} INFO - Filling up the DagBag from /home/jorge/Desktop/MÁSTER/SEGUNDO CURSO/BDFI/practica_docker/env/lib/python3.8/site-packages/airflow/example_dags/subdags/subdag.py
[2025-01-12 14:16:33,756] {processor.py:625} WARNING - No viable dags retrieved from /home/jorge/Desktop/MÁSTER/SEGUNDO CURSO/BDFI/practica_docker/env/lib/python3.8/site-packages/airflow/example_dags/subdags/subdag.py
[2025-01-12 14:16:33,761] {processor.py:170} INFO - Processing /home/jorge/Desktop/MÁSTER/SEGUNDO CURSO/BDFI/practica_docker/env/lib/python3.8/site-packages/airflow/example_dags/subdags/subdag.py took 0.010 seconds
[2025-01-12 14:17:09,081] {processor.py:162} INFO - Started process (PID=290866) to work on /home/jorge/Desktop/MÁSTER/SEGUNDO CURSO/BDFI/practica_docker/env/lib/python3.8/site-packages/airflow/example_dags/subdags/subdag.py
[2025-01-12 14:17:09,083] {processor.py:613} INFO - Processing file /home/jorge/Desktop/MÁSTER/SEGUNDO CURSO/BDFI/practica_docker/env/lib/python3.8/site-packages/airflow/example_dags/subdags/subdag.py for tasks to queue
[2025-01-12 14:17:09,084] {logging_mixin.py:109} INFO - [2025-01-12 14:17:09,084] {dagbag.py:496} INFO - Filling up the DagBag from /home/jorge/Desktop/MÁSTER/SEGUNDO CURSO/BDFI/practica_docker/env/lib/python3.8/site-packages/airflow/example_dags/subdags/subdag.py
[2025-01-12 14:17:09,090] {processor.py:625} WARNING - No viable dags retrieved from /home/jorge/Desktop/MÁSTER/SEGUNDO CURSO/BDFI/practica_docker/env/lib/python3.8/site-packages/airflow/example_dags/subdags/subdag.py
[2025-01-12 14:17:09,096] {processor.py:170} INFO - Processing /home/jorge/Desktop/MÁSTER/SEGUNDO CURSO/BDFI/practica_docker/env/lib/python3.8/site-packages/airflow/example_dags/subdags/subdag.py took 0.018 seconds
[2025-01-12 14:17:43,481] {processor.py:162} INFO - Started process (PID=291045) to work on /home/jorge/Desktop/MÁSTER/SEGUNDO CURSO/BDFI/practica_docker/env/lib/python3.8/site-packages/airflow/example_dags/subdags/subdag.py
[2025-01-12 14:17:43,483] {processor.py:613} INFO - Processing file /home/jorge/Desktop/MÁSTER/SEGUNDO CURSO/BDFI/practica_docker/env/lib/python3.8/site-packages/airflow/example_dags/subdags/subdag.py for tasks to queue
[2025-01-12 14:17:43,484] {logging_mixin.py:109} INFO - [2025-01-12 14:17:43,484] {dagbag.py:496} INFO - Filling up the DagBag from /home/jorge/Desktop/MÁSTER/SEGUNDO CURSO/BDFI/practica_docker/env/lib/python3.8/site-packages/airflow/example_dags/subdags/subdag.py
[2025-01-12 14:17:43,488] {processor.py:625} WARNING - No viable dags retrieved from /home/jorge/Desktop/MÁSTER/SEGUNDO CURSO/BDFI/practica_docker/env/lib/python3.8/site-packages/airflow/example_dags/subdags/subdag.py
[2025-01-12 14:17:43,494] {processor.py:170} INFO - Processing /home/jorge/Desktop/MÁSTER/SEGUNDO CURSO/BDFI/practica_docker/env/lib/python3.8/site-packages/airflow/example_dags/subdags/subdag.py took 0.017 seconds
[2025-01-12 14:18:16,433] {processor.py:162} INFO - Started process (PID=291207) to work on /home/jorge/Desktop/MÁSTER/SEGUNDO CURSO/BDFI/practica_docker/env/lib/python3.8/site-packages/airflow/example_dags/subdags/subdag.py
[2025-01-12 14:18:16,435] {processor.py:613} INFO - Processing file /home/jorge/Desktop/MÁSTER/SEGUNDO CURSO/BDFI/practica_docker/env/lib/python3.8/site-packages/airflow/example_dags/subdags/subdag.py for tasks to queue
[2025-01-12 14:18:16,436] {logging_mixin.py:109} INFO - [2025-01-12 14:18:16,435] {dagbag.py:496} INFO - Filling up the DagBag from /home/jorge/Desktop/MÁSTER/SEGUNDO CURSO/BDFI/practica_docker/env/lib/python3.8/site-packages/airflow/example_dags/subdags/subdag.py
[2025-01-12 14:18:16,439] {processor.py:625} WARNING - No viable dags retrieved from /home/jorge/Desktop/MÁSTER/SEGUNDO CURSO/BDFI/practica_docker/env/lib/python3.8/site-packages/airflow/example_dags/subdags/subdag.py
[2025-01-12 14:18:16,445] {processor.py:170} INFO - Processing /home/jorge/Desktop/MÁSTER/SEGUNDO CURSO/BDFI/practica_docker/env/lib/python3.8/site-packages/airflow/example_dags/subdags/subdag.py took 0.015 seconds
[2025-01-12 14:18:49,554] {processor.py:162} INFO - Started process (PID=291760) to work on /home/jorge/Desktop/MÁSTER/SEGUNDO CURSO/BDFI/practica_docker/env/lib/python3.8/site-packages/airflow/example_dags/subdags/subdag.py
[2025-01-12 14:18:49,555] {processor.py:613} INFO - Processing file /home/jorge/Desktop/MÁSTER/SEGUNDO CURSO/BDFI/practica_docker/env/lib/python3.8/site-packages/airflow/example_dags/subdags/subdag.py for tasks to queue
[2025-01-12 14:18:49,556] {logging_mixin.py:109} INFO - [2025-01-12 14:18:49,556] {dagbag.py:496} INFO - Filling up the DagBag from /home/jorge/Desktop/MÁSTER/SEGUNDO CURSO/BDFI/practica_docker/env/lib/python3.8/site-packages/airflow/example_dags/subdags/subdag.py
[2025-01-12 14:18:49,558] {processor.py:625} WARNING - No viable dags retrieved from /home/jorge/Desktop/MÁSTER/SEGUNDO CURSO/BDFI/practica_docker/env/lib/python3.8/site-packages/airflow/example_dags/subdags/subdag.py
[2025-01-12 14:18:49,563] {processor.py:170} INFO - Processing /home/jorge/Desktop/MÁSTER/SEGUNDO CURSO/BDFI/practica_docker/env/lib/python3.8/site-packages/airflow/example_dags/subdags/subdag.py took 0.011 seconds
[2025-01-12 14:19:23,654] {processor.py:162} INFO - Started process (PID=292323) to work on /home/jorge/Desktop/MÁSTER/SEGUNDO CURSO/BDFI/practica_docker/env/lib/python3.8/site-packages/airflow/example_dags/subdags/subdag.py
[2025-01-12 14:19:23,655] {processor.py:613} INFO - Processing file /home/jorge/Desktop/MÁSTER/SEGUNDO CURSO/BDFI/practica_docker/env/lib/python3.8/site-packages/airflow/example_dags/subdags/subdag.py for tasks to queue
[2025-01-12 14:19:23,656] {logging_mixin.py:109} INFO - [2025-01-12 14:19:23,656] {dagbag.py:496} INFO - Filling up the DagBag from /home/jorge/Desktop/MÁSTER/SEGUNDO CURSO/BDFI/practica_docker/env/lib/python3.8/site-packages/airflow/example_dags/subdags/subdag.py
[2025-01-12 14:19:23,659] {processor.py:625} WARNING - No viable dags retrieved from /home/jorge/Desktop/MÁSTER/SEGUNDO CURSO/BDFI/practica_docker/env/lib/python3.8/site-packages/airflow/example_dags/subdags/subdag.py
[2025-01-12 14:19:23,668] {processor.py:170} INFO - Processing /home/jorge/Desktop/MÁSTER/SEGUNDO CURSO/BDFI/practica_docker/env/lib/python3.8/site-packages/airflow/example_dags/subdags/subdag.py took 0.018 seconds
[2025-01-12 14:19:58,613] {processor.py:162} INFO - Started process (PID=293088) to work on /home/jorge/Desktop/MÁSTER/SEGUNDO CURSO/BDFI/practica_docker/env/lib/python3.8/site-packages/airflow/example_dags/subdags/subdag.py
[2025-01-12 14:19:58,614] {processor.py:613} INFO - Processing file /home/jorge/Desktop/MÁSTER/SEGUNDO CURSO/BDFI/practica_docker/env/lib/python3.8/site-packages/airflow/example_dags/subdags/subdag.py for tasks to queue
[2025-01-12 14:19:58,615] {logging_mixin.py:109} INFO - [2025-01-12 14:19:58,615] {dagbag.py:496} INFO - Filling up the DagBag from /home/jorge/Desktop/MÁSTER/SEGUNDO CURSO/BDFI/practica_docker/env/lib/python3.8/site-packages/airflow/example_dags/subdags/subdag.py
[2025-01-12 14:19:58,617] {processor.py:625} WARNING - No viable dags retrieved from /home/jorge/Desktop/MÁSTER/SEGUNDO CURSO/BDFI/practica_docker/env/lib/python3.8/site-packages/airflow/example_dags/subdags/subdag.py
[2025-01-12 14:19:58,624] {processor.py:170} INFO - Processing /home/jorge/Desktop/MÁSTER/SEGUNDO CURSO/BDFI/practica_docker/env/lib/python3.8/site-packages/airflow/example_dags/subdags/subdag.py took 0.014 seconds
[2025-01-12 14:20:33,505] {processor.py:162} INFO - Started process (PID=293248) to work on /home/jorge/Desktop/MÁSTER/SEGUNDO CURSO/BDFI/practica_docker/env/lib/python3.8/site-packages/airflow/example_dags/subdags/subdag.py
[2025-01-12 14:20:33,506] {processor.py:613} INFO - Processing file /home/jorge/Desktop/MÁSTER/SEGUNDO CURSO/BDFI/practica_docker/env/lib/python3.8/site-packages/airflow/example_dags/subdags/subdag.py for tasks to queue
[2025-01-12 14:20:33,507] {logging_mixin.py:109} INFO - [2025-01-12 14:20:33,507] {dagbag.py:496} INFO - Filling up the DagBag from /home/jorge/Desktop/MÁSTER/SEGUNDO CURSO/BDFI/practica_docker/env/lib/python3.8/site-packages/airflow/example_dags/subdags/subdag.py
[2025-01-12 14:20:33,509] {processor.py:625} WARNING - No viable dags retrieved from /home/jorge/Desktop/MÁSTER/SEGUNDO CURSO/BDFI/practica_docker/env/lib/python3.8/site-packages/airflow/example_dags/subdags/subdag.py
[2025-01-12 14:20:33,516] {processor.py:170} INFO - Processing /home/jorge/Desktop/MÁSTER/SEGUNDO CURSO/BDFI/practica_docker/env/lib/python3.8/site-packages/airflow/example_dags/subdags/subdag.py took 0.014 seconds
