[2025-01-12 13:51:07,333] {processor.py:162} INFO - Started process (PID=281050) to work on /home/jorge/Desktop/MÁSTER/SEGUNDO CURSO/BDFI/practica_docker/env/lib/python3.8/site-packages/airflow/example_dags/example_subdag_operator.py
[2025-01-12 13:51:07,335] {processor.py:613} INFO - Processing file /home/jorge/Desktop/MÁSTER/SEGUNDO CURSO/BDFI/practica_docker/env/lib/python3.8/site-packages/airflow/example_dags/example_subdag_operator.py for tasks to queue
[2025-01-12 13:51:07,336] {logging_mixin.py:109} INFO - [2025-01-12 13:51:07,336] {dagbag.py:496} INFO - Filling up the DagBag from /home/jorge/Desktop/MÁSTER/SEGUNDO CURSO/BDFI/practica_docker/env/lib/python3.8/site-packages/airflow/example_dags/example_subdag_operator.py
[2025-01-12 13:51:07,357] {processor.py:623} INFO - DAG(s) dict_keys(['example_subdag_operator.section-1', 'example_subdag_operator.section-2', 'example_subdag_operator']) retrieved from /home/jorge/Desktop/MÁSTER/SEGUNDO CURSO/BDFI/practica_docker/env/lib/python3.8/site-packages/airflow/example_dags/example_subdag_operator.py
[2025-01-12 13:51:07,365] {logging_mixin.py:109} INFO - [2025-01-12 13:51:07,365] {dag.py:1834} INFO - Sync 3 DAGs
[2025-01-12 13:51:07,372] {logging_mixin.py:109} INFO - [2025-01-12 13:51:07,372] {dag.py:2287} INFO - Setting next_dagrun for example_subdag_operator to 2025-01-10 00:00:00+00:00
[2025-01-12 13:51:07,373] {logging_mixin.py:109} INFO - [2025-01-12 13:51:07,373] {dag.py:2287} INFO - Setting next_dagrun for example_subdag_operator.section-1 to None
[2025-01-12 13:51:07,373] {logging_mixin.py:109} INFO - [2025-01-12 13:51:07,373] {dag.py:2287} INFO - Setting next_dagrun for example_subdag_operator.section-2 to None
[2025-01-12 13:51:07,380] {logging_mixin.py:109} INFO - [2025-01-12 13:51:07,380] {dag.py:1834} INFO - Sync 2 DAGs
[2025-01-12 13:51:07,384] {logging_mixin.py:109} INFO - [2025-01-12 13:51:07,384] {dag.py:2287} INFO - Setting next_dagrun for example_subdag_operator.section-1 to None
[2025-01-12 13:51:07,384] {logging_mixin.py:109} INFO - [2025-01-12 13:51:07,384] {dag.py:2287} INFO - Setting next_dagrun for example_subdag_operator.section-2 to None
[2025-01-12 13:51:07,401] {processor.py:170} INFO - Processing /home/jorge/Desktop/MÁSTER/SEGUNDO CURSO/BDFI/practica_docker/env/lib/python3.8/site-packages/airflow/example_dags/example_subdag_operator.py took 0.072 seconds
[2025-01-12 13:51:41,030] {processor.py:162} INFO - Started process (PID=281211) to work on /home/jorge/Desktop/MÁSTER/SEGUNDO CURSO/BDFI/practica_docker/env/lib/python3.8/site-packages/airflow/example_dags/example_subdag_operator.py
[2025-01-12 13:51:41,032] {processor.py:613} INFO - Processing file /home/jorge/Desktop/MÁSTER/SEGUNDO CURSO/BDFI/practica_docker/env/lib/python3.8/site-packages/airflow/example_dags/example_subdag_operator.py for tasks to queue
[2025-01-12 13:51:41,032] {logging_mixin.py:109} INFO - [2025-01-12 13:51:41,032] {dagbag.py:496} INFO - Filling up the DagBag from /home/jorge/Desktop/MÁSTER/SEGUNDO CURSO/BDFI/practica_docker/env/lib/python3.8/site-packages/airflow/example_dags/example_subdag_operator.py
[2025-01-12 13:51:41,070] {processor.py:623} INFO - DAG(s) dict_keys(['example_subdag_operator.section-1', 'example_subdag_operator.section-2', 'example_subdag_operator']) retrieved from /home/jorge/Desktop/MÁSTER/SEGUNDO CURSO/BDFI/practica_docker/env/lib/python3.8/site-packages/airflow/example_dags/example_subdag_operator.py
[2025-01-12 13:51:41,089] {logging_mixin.py:109} INFO - [2025-01-12 13:51:41,088] {dag.py:1834} INFO - Sync 3 DAGs
[2025-01-12 13:51:41,102] {logging_mixin.py:109} INFO - [2025-01-12 13:51:41,102] {dag.py:2287} INFO - Setting next_dagrun for example_subdag_operator to 2025-01-10 00:00:00+00:00
[2025-01-12 13:51:41,104] {logging_mixin.py:109} INFO - [2025-01-12 13:51:41,104] {dag.py:2287} INFO - Setting next_dagrun for example_subdag_operator.section-1 to None
[2025-01-12 13:51:41,105] {logging_mixin.py:109} INFO - [2025-01-12 13:51:41,105] {dag.py:2287} INFO - Setting next_dagrun for example_subdag_operator.section-2 to None
[2025-01-12 13:51:41,117] {logging_mixin.py:109} INFO - [2025-01-12 13:51:41,117] {dag.py:1834} INFO - Sync 2 DAGs
[2025-01-12 13:51:41,126] {logging_mixin.py:109} INFO - [2025-01-12 13:51:41,126] {dag.py:2287} INFO - Setting next_dagrun for example_subdag_operator.section-1 to None
[2025-01-12 13:51:41,126] {logging_mixin.py:109} INFO - [2025-01-12 13:51:41,126] {dag.py:2287} INFO - Setting next_dagrun for example_subdag_operator.section-2 to None
[2025-01-12 13:51:41,136] {processor.py:170} INFO - Processing /home/jorge/Desktop/MÁSTER/SEGUNDO CURSO/BDFI/practica_docker/env/lib/python3.8/site-packages/airflow/example_dags/example_subdag_operator.py took 0.111 seconds
[2025-01-12 13:52:14,650] {processor.py:162} INFO - Started process (PID=281363) to work on /home/jorge/Desktop/MÁSTER/SEGUNDO CURSO/BDFI/practica_docker/env/lib/python3.8/site-packages/airflow/example_dags/example_subdag_operator.py
[2025-01-12 13:52:14,652] {processor.py:613} INFO - Processing file /home/jorge/Desktop/MÁSTER/SEGUNDO CURSO/BDFI/practica_docker/env/lib/python3.8/site-packages/airflow/example_dags/example_subdag_operator.py for tasks to queue
[2025-01-12 13:52:14,652] {logging_mixin.py:109} INFO - [2025-01-12 13:52:14,652] {dagbag.py:496} INFO - Filling up the DagBag from /home/jorge/Desktop/MÁSTER/SEGUNDO CURSO/BDFI/practica_docker/env/lib/python3.8/site-packages/airflow/example_dags/example_subdag_operator.py
[2025-01-12 13:52:14,690] {processor.py:623} INFO - DAG(s) dict_keys(['example_subdag_operator.section-1', 'example_subdag_operator.section-2', 'example_subdag_operator']) retrieved from /home/jorge/Desktop/MÁSTER/SEGUNDO CURSO/BDFI/practica_docker/env/lib/python3.8/site-packages/airflow/example_dags/example_subdag_operator.py
[2025-01-12 13:52:14,702] {logging_mixin.py:109} INFO - [2025-01-12 13:52:14,702] {dag.py:1834} INFO - Sync 3 DAGs
[2025-01-12 13:52:14,713] {logging_mixin.py:109} INFO - [2025-01-12 13:52:14,713] {dag.py:2287} INFO - Setting next_dagrun for example_subdag_operator to 2025-01-10 00:00:00+00:00
[2025-01-12 13:52:14,714] {logging_mixin.py:109} INFO - [2025-01-12 13:52:14,714] {dag.py:2287} INFO - Setting next_dagrun for example_subdag_operator.section-1 to None
[2025-01-12 13:52:14,714] {logging_mixin.py:109} INFO - [2025-01-12 13:52:14,714] {dag.py:2287} INFO - Setting next_dagrun for example_subdag_operator.section-2 to None
[2025-01-12 13:52:14,723] {logging_mixin.py:109} INFO - [2025-01-12 13:52:14,723] {dag.py:1834} INFO - Sync 2 DAGs
[2025-01-12 13:52:14,729] {logging_mixin.py:109} INFO - [2025-01-12 13:52:14,729] {dag.py:2287} INFO - Setting next_dagrun for example_subdag_operator.section-1 to None
[2025-01-12 13:52:14,729] {logging_mixin.py:109} INFO - [2025-01-12 13:52:14,729] {dag.py:2287} INFO - Setting next_dagrun for example_subdag_operator.section-2 to None
[2025-01-12 13:52:14,736] {processor.py:170} INFO - Processing /home/jorge/Desktop/MÁSTER/SEGUNDO CURSO/BDFI/practica_docker/env/lib/python3.8/site-packages/airflow/example_dags/example_subdag_operator.py took 0.089 seconds
[2025-01-12 13:52:48,917] {processor.py:162} INFO - Started process (PID=281569) to work on /home/jorge/Desktop/MÁSTER/SEGUNDO CURSO/BDFI/practica_docker/env/lib/python3.8/site-packages/airflow/example_dags/example_subdag_operator.py
[2025-01-12 13:52:48,918] {processor.py:613} INFO - Processing file /home/jorge/Desktop/MÁSTER/SEGUNDO CURSO/BDFI/practica_docker/env/lib/python3.8/site-packages/airflow/example_dags/example_subdag_operator.py for tasks to queue
[2025-01-12 13:52:48,919] {logging_mixin.py:109} INFO - [2025-01-12 13:52:48,919] {dagbag.py:496} INFO - Filling up the DagBag from /home/jorge/Desktop/MÁSTER/SEGUNDO CURSO/BDFI/practica_docker/env/lib/python3.8/site-packages/airflow/example_dags/example_subdag_operator.py
[2025-01-12 13:52:48,951] {processor.py:623} INFO - DAG(s) dict_keys(['example_subdag_operator.section-1', 'example_subdag_operator.section-2', 'example_subdag_operator']) retrieved from /home/jorge/Desktop/MÁSTER/SEGUNDO CURSO/BDFI/practica_docker/env/lib/python3.8/site-packages/airflow/example_dags/example_subdag_operator.py
[2025-01-12 13:52:48,966] {logging_mixin.py:109} INFO - [2025-01-12 13:52:48,966] {dag.py:1834} INFO - Sync 3 DAGs
[2025-01-12 13:52:48,979] {logging_mixin.py:109} INFO - [2025-01-12 13:52:48,979] {dag.py:2287} INFO - Setting next_dagrun for example_subdag_operator to 2025-01-10 00:00:00+00:00
[2025-01-12 13:52:48,981] {logging_mixin.py:109} INFO - [2025-01-12 13:52:48,980] {dag.py:2287} INFO - Setting next_dagrun for example_subdag_operator.section-1 to None
[2025-01-12 13:52:48,981] {logging_mixin.py:109} INFO - [2025-01-12 13:52:48,981] {dag.py:2287} INFO - Setting next_dagrun for example_subdag_operator.section-2 to None
[2025-01-12 13:52:48,991] {logging_mixin.py:109} INFO - [2025-01-12 13:52:48,991] {dag.py:1834} INFO - Sync 2 DAGs
[2025-01-12 13:52:48,997] {logging_mixin.py:109} INFO - [2025-01-12 13:52:48,997] {dag.py:2287} INFO - Setting next_dagrun for example_subdag_operator.section-1 to None
[2025-01-12 13:52:48,997] {logging_mixin.py:109} INFO - [2025-01-12 13:52:48,997] {dag.py:2287} INFO - Setting next_dagrun for example_subdag_operator.section-2 to None
[2025-01-12 13:52:49,004] {processor.py:170} INFO - Processing /home/jorge/Desktop/MÁSTER/SEGUNDO CURSO/BDFI/practica_docker/env/lib/python3.8/site-packages/airflow/example_dags/example_subdag_operator.py took 0.091 seconds
[2025-01-12 13:53:30,574] {processor.py:162} INFO - Started process (PID=281808) to work on /home/jorge/Desktop/MÁSTER/SEGUNDO CURSO/BDFI/practica_docker/env/lib/python3.8/site-packages/airflow/example_dags/example_subdag_operator.py
[2025-01-12 13:53:30,575] {processor.py:613} INFO - Processing file /home/jorge/Desktop/MÁSTER/SEGUNDO CURSO/BDFI/practica_docker/env/lib/python3.8/site-packages/airflow/example_dags/example_subdag_operator.py for tasks to queue
[2025-01-12 13:53:30,576] {logging_mixin.py:109} INFO - [2025-01-12 13:53:30,576] {dagbag.py:496} INFO - Filling up the DagBag from /home/jorge/Desktop/MÁSTER/SEGUNDO CURSO/BDFI/practica_docker/env/lib/python3.8/site-packages/airflow/example_dags/example_subdag_operator.py
[2025-01-12 13:53:30,592] {processor.py:623} INFO - DAG(s) dict_keys(['example_subdag_operator.section-1', 'example_subdag_operator.section-2', 'example_subdag_operator']) retrieved from /home/jorge/Desktop/MÁSTER/SEGUNDO CURSO/BDFI/practica_docker/env/lib/python3.8/site-packages/airflow/example_dags/example_subdag_operator.py
[2025-01-12 13:53:30,600] {logging_mixin.py:109} INFO - [2025-01-12 13:53:30,600] {dag.py:1834} INFO - Sync 3 DAGs
[2025-01-12 13:53:30,606] {logging_mixin.py:109} INFO - [2025-01-12 13:53:30,606] {dag.py:2287} INFO - Setting next_dagrun for example_subdag_operator to 2025-01-10 00:00:00+00:00
[2025-01-12 13:53:30,607] {logging_mixin.py:109} INFO - [2025-01-12 13:53:30,607] {dag.py:2287} INFO - Setting next_dagrun for example_subdag_operator.section-1 to None
[2025-01-12 13:53:30,607] {logging_mixin.py:109} INFO - [2025-01-12 13:53:30,607] {dag.py:2287} INFO - Setting next_dagrun for example_subdag_operator.section-2 to None
[2025-01-12 13:53:30,613] {logging_mixin.py:109} INFO - [2025-01-12 13:53:30,613] {dag.py:1834} INFO - Sync 2 DAGs
[2025-01-12 13:53:30,617] {logging_mixin.py:109} INFO - [2025-01-12 13:53:30,617] {dag.py:2287} INFO - Setting next_dagrun for example_subdag_operator.section-1 to None
[2025-01-12 13:53:30,617] {logging_mixin.py:109} INFO - [2025-01-12 13:53:30,617] {dag.py:2287} INFO - Setting next_dagrun for example_subdag_operator.section-2 to None
[2025-01-12 13:53:30,622] {processor.py:170} INFO - Processing /home/jorge/Desktop/MÁSTER/SEGUNDO CURSO/BDFI/practica_docker/env/lib/python3.8/site-packages/airflow/example_dags/example_subdag_operator.py took 0.051 seconds
[2025-01-12 13:54:05,397] {processor.py:162} INFO - Started process (PID=281984) to work on /home/jorge/Desktop/MÁSTER/SEGUNDO CURSO/BDFI/practica_docker/env/lib/python3.8/site-packages/airflow/example_dags/example_subdag_operator.py
[2025-01-12 13:54:05,398] {processor.py:613} INFO - Processing file /home/jorge/Desktop/MÁSTER/SEGUNDO CURSO/BDFI/practica_docker/env/lib/python3.8/site-packages/airflow/example_dags/example_subdag_operator.py for tasks to queue
[2025-01-12 13:54:05,399] {logging_mixin.py:109} INFO - [2025-01-12 13:54:05,399] {dagbag.py:496} INFO - Filling up the DagBag from /home/jorge/Desktop/MÁSTER/SEGUNDO CURSO/BDFI/practica_docker/env/lib/python3.8/site-packages/airflow/example_dags/example_subdag_operator.py
[2025-01-12 13:54:05,427] {processor.py:623} INFO - DAG(s) dict_keys(['example_subdag_operator.section-1', 'example_subdag_operator.section-2', 'example_subdag_operator']) retrieved from /home/jorge/Desktop/MÁSTER/SEGUNDO CURSO/BDFI/practica_docker/env/lib/python3.8/site-packages/airflow/example_dags/example_subdag_operator.py
[2025-01-12 13:54:05,439] {logging_mixin.py:109} INFO - [2025-01-12 13:54:05,439] {dag.py:1834} INFO - Sync 3 DAGs
[2025-01-12 13:54:05,448] {logging_mixin.py:109} INFO - [2025-01-12 13:54:05,447] {dag.py:2287} INFO - Setting next_dagrun for example_subdag_operator to 2025-01-10 00:00:00+00:00
[2025-01-12 13:54:05,448] {logging_mixin.py:109} INFO - [2025-01-12 13:54:05,448] {dag.py:2287} INFO - Setting next_dagrun for example_subdag_operator.section-1 to None
[2025-01-12 13:54:05,449] {logging_mixin.py:109} INFO - [2025-01-12 13:54:05,448] {dag.py:2287} INFO - Setting next_dagrun for example_subdag_operator.section-2 to None
[2025-01-12 13:54:05,457] {logging_mixin.py:109} INFO - [2025-01-12 13:54:05,457] {dag.py:1834} INFO - Sync 2 DAGs
[2025-01-12 13:54:05,463] {logging_mixin.py:109} INFO - [2025-01-12 13:54:05,463] {dag.py:2287} INFO - Setting next_dagrun for example_subdag_operator.section-1 to None
[2025-01-12 13:54:05,463] {logging_mixin.py:109} INFO - [2025-01-12 13:54:05,463] {dag.py:2287} INFO - Setting next_dagrun for example_subdag_operator.section-2 to None
[2025-01-12 13:54:05,475] {processor.py:170} INFO - Processing /home/jorge/Desktop/MÁSTER/SEGUNDO CURSO/BDFI/practica_docker/env/lib/python3.8/site-packages/airflow/example_dags/example_subdag_operator.py took 0.081 seconds
[2025-01-12 13:54:39,369] {processor.py:162} INFO - Started process (PID=282141) to work on /home/jorge/Desktop/MÁSTER/SEGUNDO CURSO/BDFI/practica_docker/env/lib/python3.8/site-packages/airflow/example_dags/example_subdag_operator.py
[2025-01-12 13:54:39,370] {processor.py:613} INFO - Processing file /home/jorge/Desktop/MÁSTER/SEGUNDO CURSO/BDFI/practica_docker/env/lib/python3.8/site-packages/airflow/example_dags/example_subdag_operator.py for tasks to queue
[2025-01-12 13:54:39,371] {logging_mixin.py:109} INFO - [2025-01-12 13:54:39,371] {dagbag.py:496} INFO - Filling up the DagBag from /home/jorge/Desktop/MÁSTER/SEGUNDO CURSO/BDFI/practica_docker/env/lib/python3.8/site-packages/airflow/example_dags/example_subdag_operator.py
[2025-01-12 13:54:39,388] {processor.py:623} INFO - DAG(s) dict_keys(['example_subdag_operator.section-1', 'example_subdag_operator.section-2', 'example_subdag_operator']) retrieved from /home/jorge/Desktop/MÁSTER/SEGUNDO CURSO/BDFI/practica_docker/env/lib/python3.8/site-packages/airflow/example_dags/example_subdag_operator.py
[2025-01-12 13:54:39,395] {logging_mixin.py:109} INFO - [2025-01-12 13:54:39,395] {dag.py:1834} INFO - Sync 3 DAGs
[2025-01-12 13:54:39,401] {logging_mixin.py:109} INFO - [2025-01-12 13:54:39,401] {dag.py:2287} INFO - Setting next_dagrun for example_subdag_operator to 2025-01-10 00:00:00+00:00
[2025-01-12 13:54:39,401] {logging_mixin.py:109} INFO - [2025-01-12 13:54:39,401] {dag.py:2287} INFO - Setting next_dagrun for example_subdag_operator.section-1 to None
[2025-01-12 13:54:39,401] {logging_mixin.py:109} INFO - [2025-01-12 13:54:39,401] {dag.py:2287} INFO - Setting next_dagrun for example_subdag_operator.section-2 to None
[2025-01-12 13:54:39,408] {logging_mixin.py:109} INFO - [2025-01-12 13:54:39,408] {dag.py:1834} INFO - Sync 2 DAGs
[2025-01-12 13:54:39,411] {logging_mixin.py:109} INFO - [2025-01-12 13:54:39,411] {dag.py:2287} INFO - Setting next_dagrun for example_subdag_operator.section-1 to None
[2025-01-12 13:54:39,412] {logging_mixin.py:109} INFO - [2025-01-12 13:54:39,412] {dag.py:2287} INFO - Setting next_dagrun for example_subdag_operator.section-2 to None
[2025-01-12 13:54:39,418] {processor.py:170} INFO - Processing /home/jorge/Desktop/MÁSTER/SEGUNDO CURSO/BDFI/practica_docker/env/lib/python3.8/site-packages/airflow/example_dags/example_subdag_operator.py took 0.051 seconds
[2025-01-12 13:55:11,997] {processor.py:162} INFO - Started process (PID=282296) to work on /home/jorge/Desktop/MÁSTER/SEGUNDO CURSO/BDFI/practica_docker/env/lib/python3.8/site-packages/airflow/example_dags/example_subdag_operator.py
[2025-01-12 13:55:11,998] {processor.py:613} INFO - Processing file /home/jorge/Desktop/MÁSTER/SEGUNDO CURSO/BDFI/practica_docker/env/lib/python3.8/site-packages/airflow/example_dags/example_subdag_operator.py for tasks to queue
[2025-01-12 13:55:11,999] {logging_mixin.py:109} INFO - [2025-01-12 13:55:11,998] {dagbag.py:496} INFO - Filling up the DagBag from /home/jorge/Desktop/MÁSTER/SEGUNDO CURSO/BDFI/practica_docker/env/lib/python3.8/site-packages/airflow/example_dags/example_subdag_operator.py
[2025-01-12 13:55:12,017] {processor.py:623} INFO - DAG(s) dict_keys(['example_subdag_operator.section-1', 'example_subdag_operator.section-2', 'example_subdag_operator']) retrieved from /home/jorge/Desktop/MÁSTER/SEGUNDO CURSO/BDFI/practica_docker/env/lib/python3.8/site-packages/airflow/example_dags/example_subdag_operator.py
[2025-01-12 13:55:12,027] {logging_mixin.py:109} INFO - [2025-01-12 13:55:12,027] {dag.py:1834} INFO - Sync 3 DAGs
[2025-01-12 13:55:12,037] {logging_mixin.py:109} INFO - [2025-01-12 13:55:12,037] {dag.py:2287} INFO - Setting next_dagrun for example_subdag_operator to 2025-01-10 00:00:00+00:00
[2025-01-12 13:55:12,038] {logging_mixin.py:109} INFO - [2025-01-12 13:55:12,038] {dag.py:2287} INFO - Setting next_dagrun for example_subdag_operator.section-1 to None
[2025-01-12 13:55:12,038] {logging_mixin.py:109} INFO - [2025-01-12 13:55:12,038] {dag.py:2287} INFO - Setting next_dagrun for example_subdag_operator.section-2 to None
[2025-01-12 13:55:12,045] {logging_mixin.py:109} INFO - [2025-01-12 13:55:12,045] {dag.py:1834} INFO - Sync 2 DAGs
[2025-01-12 13:55:12,050] {logging_mixin.py:109} INFO - [2025-01-12 13:55:12,050] {dag.py:2287} INFO - Setting next_dagrun for example_subdag_operator.section-1 to None
[2025-01-12 13:55:12,050] {logging_mixin.py:109} INFO - [2025-01-12 13:55:12,050] {dag.py:2287} INFO - Setting next_dagrun for example_subdag_operator.section-2 to None
[2025-01-12 13:55:12,056] {processor.py:170} INFO - Processing /home/jorge/Desktop/MÁSTER/SEGUNDO CURSO/BDFI/practica_docker/env/lib/python3.8/site-packages/airflow/example_dags/example_subdag_operator.py took 0.063 seconds
[2025-01-12 13:55:46,203] {processor.py:162} INFO - Started process (PID=282528) to work on /home/jorge/Desktop/MÁSTER/SEGUNDO CURSO/BDFI/practica_docker/env/lib/python3.8/site-packages/airflow/example_dags/example_subdag_operator.py
[2025-01-12 13:55:46,204] {processor.py:613} INFO - Processing file /home/jorge/Desktop/MÁSTER/SEGUNDO CURSO/BDFI/practica_docker/env/lib/python3.8/site-packages/airflow/example_dags/example_subdag_operator.py for tasks to queue
[2025-01-12 13:55:46,205] {logging_mixin.py:109} INFO - [2025-01-12 13:55:46,205] {dagbag.py:496} INFO - Filling up the DagBag from /home/jorge/Desktop/MÁSTER/SEGUNDO CURSO/BDFI/practica_docker/env/lib/python3.8/site-packages/airflow/example_dags/example_subdag_operator.py
[2025-01-12 13:55:46,230] {processor.py:623} INFO - DAG(s) dict_keys(['example_subdag_operator.section-1', 'example_subdag_operator.section-2', 'example_subdag_operator']) retrieved from /home/jorge/Desktop/MÁSTER/SEGUNDO CURSO/BDFI/practica_docker/env/lib/python3.8/site-packages/airflow/example_dags/example_subdag_operator.py
[2025-01-12 13:55:46,246] {logging_mixin.py:109} INFO - [2025-01-12 13:55:46,246] {dag.py:1834} INFO - Sync 3 DAGs
[2025-01-12 13:55:46,258] {logging_mixin.py:109} INFO - [2025-01-12 13:55:46,258] {dag.py:2287} INFO - Setting next_dagrun for example_subdag_operator to 2025-01-10 00:00:00+00:00
[2025-01-12 13:55:46,259] {logging_mixin.py:109} INFO - [2025-01-12 13:55:46,259] {dag.py:2287} INFO - Setting next_dagrun for example_subdag_operator.section-1 to None
[2025-01-12 13:55:46,259] {logging_mixin.py:109} INFO - [2025-01-12 13:55:46,259] {dag.py:2287} INFO - Setting next_dagrun for example_subdag_operator.section-2 to None
[2025-01-12 13:55:46,270] {logging_mixin.py:109} INFO - [2025-01-12 13:55:46,270] {dag.py:1834} INFO - Sync 2 DAGs
[2025-01-12 13:55:46,275] {logging_mixin.py:109} INFO - [2025-01-12 13:55:46,275] {dag.py:2287} INFO - Setting next_dagrun for example_subdag_operator.section-1 to None
[2025-01-12 13:55:46,276] {logging_mixin.py:109} INFO - [2025-01-12 13:55:46,276] {dag.py:2287} INFO - Setting next_dagrun for example_subdag_operator.section-2 to None
[2025-01-12 13:55:46,287] {processor.py:170} INFO - Processing /home/jorge/Desktop/MÁSTER/SEGUNDO CURSO/BDFI/practica_docker/env/lib/python3.8/site-packages/airflow/example_dags/example_subdag_operator.py took 0.085 seconds
[2025-01-12 13:56:20,981] {processor.py:162} INFO - Started process (PID=282842) to work on /home/jorge/Desktop/MÁSTER/SEGUNDO CURSO/BDFI/practica_docker/env/lib/python3.8/site-packages/airflow/example_dags/example_subdag_operator.py
[2025-01-12 13:56:20,984] {processor.py:613} INFO - Processing file /home/jorge/Desktop/MÁSTER/SEGUNDO CURSO/BDFI/practica_docker/env/lib/python3.8/site-packages/airflow/example_dags/example_subdag_operator.py for tasks to queue
[2025-01-12 13:56:20,985] {logging_mixin.py:109} INFO - [2025-01-12 13:56:20,985] {dagbag.py:496} INFO - Filling up the DagBag from /home/jorge/Desktop/MÁSTER/SEGUNDO CURSO/BDFI/practica_docker/env/lib/python3.8/site-packages/airflow/example_dags/example_subdag_operator.py
[2025-01-12 13:56:21,016] {processor.py:623} INFO - DAG(s) dict_keys(['example_subdag_operator.section-1', 'example_subdag_operator.section-2', 'example_subdag_operator']) retrieved from /home/jorge/Desktop/MÁSTER/SEGUNDO CURSO/BDFI/practica_docker/env/lib/python3.8/site-packages/airflow/example_dags/example_subdag_operator.py
[2025-01-12 13:56:21,030] {logging_mixin.py:109} INFO - [2025-01-12 13:56:21,030] {dag.py:1834} INFO - Sync 3 DAGs
[2025-01-12 13:56:21,043] {logging_mixin.py:109} INFO - [2025-01-12 13:56:21,042] {dag.py:2287} INFO - Setting next_dagrun for example_subdag_operator to 2025-01-10 00:00:00+00:00
[2025-01-12 13:56:21,043] {logging_mixin.py:109} INFO - [2025-01-12 13:56:21,043] {dag.py:2287} INFO - Setting next_dagrun for example_subdag_operator.section-1 to None
[2025-01-12 13:56:21,044] {logging_mixin.py:109} INFO - [2025-01-12 13:56:21,043] {dag.py:2287} INFO - Setting next_dagrun for example_subdag_operator.section-2 to None
[2025-01-12 13:56:21,057] {logging_mixin.py:109} INFO - [2025-01-12 13:56:21,057] {dag.py:1834} INFO - Sync 2 DAGs
[2025-01-12 13:56:21,064] {logging_mixin.py:109} INFO - [2025-01-12 13:56:21,064] {dag.py:2287} INFO - Setting next_dagrun for example_subdag_operator.section-1 to None
[2025-01-12 13:56:21,065] {logging_mixin.py:109} INFO - [2025-01-12 13:56:21,065] {dag.py:2287} INFO - Setting next_dagrun for example_subdag_operator.section-2 to None
[2025-01-12 13:56:21,076] {processor.py:170} INFO - Processing /home/jorge/Desktop/MÁSTER/SEGUNDO CURSO/BDFI/practica_docker/env/lib/python3.8/site-packages/airflow/example_dags/example_subdag_operator.py took 0.097 seconds
[2025-01-12 13:56:58,704] {processor.py:162} INFO - Started process (PID=283077) to work on /home/jorge/Desktop/MÁSTER/SEGUNDO CURSO/BDFI/practica_docker/env/lib/python3.8/site-packages/airflow/example_dags/example_subdag_operator.py
[2025-01-12 13:56:58,705] {processor.py:613} INFO - Processing file /home/jorge/Desktop/MÁSTER/SEGUNDO CURSO/BDFI/practica_docker/env/lib/python3.8/site-packages/airflow/example_dags/example_subdag_operator.py for tasks to queue
[2025-01-12 13:56:58,706] {logging_mixin.py:109} INFO - [2025-01-12 13:56:58,706] {dagbag.py:496} INFO - Filling up the DagBag from /home/jorge/Desktop/MÁSTER/SEGUNDO CURSO/BDFI/practica_docker/env/lib/python3.8/site-packages/airflow/example_dags/example_subdag_operator.py
[2025-01-12 13:56:58,747] {processor.py:623} INFO - DAG(s) dict_keys(['example_subdag_operator.section-1', 'example_subdag_operator.section-2', 'example_subdag_operator']) retrieved from /home/jorge/Desktop/MÁSTER/SEGUNDO CURSO/BDFI/practica_docker/env/lib/python3.8/site-packages/airflow/example_dags/example_subdag_operator.py
[2025-01-12 13:56:58,758] {logging_mixin.py:109} INFO - [2025-01-12 13:56:58,758] {dag.py:1834} INFO - Sync 3 DAGs
[2025-01-12 13:56:58,768] {logging_mixin.py:109} INFO - [2025-01-12 13:56:58,768] {dag.py:2287} INFO - Setting next_dagrun for example_subdag_operator to 2025-01-10 00:00:00+00:00
[2025-01-12 13:56:58,769] {logging_mixin.py:109} INFO - [2025-01-12 13:56:58,768] {dag.py:2287} INFO - Setting next_dagrun for example_subdag_operator.section-1 to None
[2025-01-12 13:56:58,769] {logging_mixin.py:109} INFO - [2025-01-12 13:56:58,769] {dag.py:2287} INFO - Setting next_dagrun for example_subdag_operator.section-2 to None
[2025-01-12 13:56:58,779] {logging_mixin.py:109} INFO - [2025-01-12 13:56:58,779] {dag.py:1834} INFO - Sync 2 DAGs
[2025-01-12 13:56:58,783] {logging_mixin.py:109} INFO - [2025-01-12 13:56:58,783] {dag.py:2287} INFO - Setting next_dagrun for example_subdag_operator.section-1 to None
[2025-01-12 13:56:58,784] {logging_mixin.py:109} INFO - [2025-01-12 13:56:58,784] {dag.py:2287} INFO - Setting next_dagrun for example_subdag_operator.section-2 to None
[2025-01-12 13:56:58,793] {processor.py:170} INFO - Processing /home/jorge/Desktop/MÁSTER/SEGUNDO CURSO/BDFI/practica_docker/env/lib/python3.8/site-packages/airflow/example_dags/example_subdag_operator.py took 0.092 seconds
[2025-01-12 13:57:34,734] {processor.py:162} INFO - Started process (PID=283239) to work on /home/jorge/Desktop/MÁSTER/SEGUNDO CURSO/BDFI/practica_docker/env/lib/python3.8/site-packages/airflow/example_dags/example_subdag_operator.py
[2025-01-12 13:57:34,735] {processor.py:613} INFO - Processing file /home/jorge/Desktop/MÁSTER/SEGUNDO CURSO/BDFI/practica_docker/env/lib/python3.8/site-packages/airflow/example_dags/example_subdag_operator.py for tasks to queue
[2025-01-12 13:57:34,735] {logging_mixin.py:109} INFO - [2025-01-12 13:57:34,735] {dagbag.py:496} INFO - Filling up the DagBag from /home/jorge/Desktop/MÁSTER/SEGUNDO CURSO/BDFI/practica_docker/env/lib/python3.8/site-packages/airflow/example_dags/example_subdag_operator.py
[2025-01-12 13:57:34,761] {processor.py:623} INFO - DAG(s) dict_keys(['example_subdag_operator.section-1', 'example_subdag_operator.section-2', 'example_subdag_operator']) retrieved from /home/jorge/Desktop/MÁSTER/SEGUNDO CURSO/BDFI/practica_docker/env/lib/python3.8/site-packages/airflow/example_dags/example_subdag_operator.py
[2025-01-12 13:57:34,771] {logging_mixin.py:109} INFO - [2025-01-12 13:57:34,771] {dag.py:1834} INFO - Sync 3 DAGs
[2025-01-12 13:57:34,781] {logging_mixin.py:109} INFO - [2025-01-12 13:57:34,781] {dag.py:2287} INFO - Setting next_dagrun for example_subdag_operator to 2025-01-10 00:00:00+00:00
[2025-01-12 13:57:34,782] {logging_mixin.py:109} INFO - [2025-01-12 13:57:34,782] {dag.py:2287} INFO - Setting next_dagrun for example_subdag_operator.section-1 to None
[2025-01-12 13:57:34,782] {logging_mixin.py:109} INFO - [2025-01-12 13:57:34,782] {dag.py:2287} INFO - Setting next_dagrun for example_subdag_operator.section-2 to None
[2025-01-12 13:57:34,794] {logging_mixin.py:109} INFO - [2025-01-12 13:57:34,794] {dag.py:1834} INFO - Sync 2 DAGs
[2025-01-12 13:57:34,799] {logging_mixin.py:109} INFO - [2025-01-12 13:57:34,799] {dag.py:2287} INFO - Setting next_dagrun for example_subdag_operator.section-1 to None
[2025-01-12 13:57:34,799] {logging_mixin.py:109} INFO - [2025-01-12 13:57:34,799] {dag.py:2287} INFO - Setting next_dagrun for example_subdag_operator.section-2 to None
[2025-01-12 13:57:34,808] {processor.py:170} INFO - Processing /home/jorge/Desktop/MÁSTER/SEGUNDO CURSO/BDFI/practica_docker/env/lib/python3.8/site-packages/airflow/example_dags/example_subdag_operator.py took 0.076 seconds
[2025-01-12 14:05:57,526] {processor.py:162} INFO - Started process (PID=283680) to work on /home/jorge/Desktop/MÁSTER/SEGUNDO CURSO/BDFI/practica_docker/env/lib/python3.8/site-packages/airflow/example_dags/example_subdag_operator.py
[2025-01-12 14:05:57,527] {processor.py:613} INFO - Processing file /home/jorge/Desktop/MÁSTER/SEGUNDO CURSO/BDFI/practica_docker/env/lib/python3.8/site-packages/airflow/example_dags/example_subdag_operator.py for tasks to queue
[2025-01-12 14:05:57,527] {logging_mixin.py:109} INFO - [2025-01-12 14:05:57,527] {dagbag.py:496} INFO - Filling up the DagBag from /home/jorge/Desktop/MÁSTER/SEGUNDO CURSO/BDFI/practica_docker/env/lib/python3.8/site-packages/airflow/example_dags/example_subdag_operator.py
[2025-01-12 14:05:57,540] {processor.py:623} INFO - DAG(s) dict_keys(['example_subdag_operator.section-1', 'example_subdag_operator.section-2', 'example_subdag_operator']) retrieved from /home/jorge/Desktop/MÁSTER/SEGUNDO CURSO/BDFI/practica_docker/env/lib/python3.8/site-packages/airflow/example_dags/example_subdag_operator.py
[2025-01-12 14:05:57,548] {logging_mixin.py:109} INFO - [2025-01-12 14:05:57,548] {dag.py:1834} INFO - Sync 3 DAGs
[2025-01-12 14:05:57,553] {logging_mixin.py:109} INFO - [2025-01-12 14:05:57,553] {dag.py:2287} INFO - Setting next_dagrun for example_subdag_operator to 2025-01-10 00:00:00+00:00
[2025-01-12 14:05:57,554] {logging_mixin.py:109} INFO - [2025-01-12 14:05:57,554] {dag.py:2287} INFO - Setting next_dagrun for example_subdag_operator.section-1 to None
[2025-01-12 14:05:57,554] {logging_mixin.py:109} INFO - [2025-01-12 14:05:57,554] {dag.py:2287} INFO - Setting next_dagrun for example_subdag_operator.section-2 to None
[2025-01-12 14:05:57,560] {logging_mixin.py:109} INFO - [2025-01-12 14:05:57,560] {dag.py:1834} INFO - Sync 2 DAGs
[2025-01-12 14:05:57,564] {logging_mixin.py:109} INFO - [2025-01-12 14:05:57,564] {dag.py:2287} INFO - Setting next_dagrun for example_subdag_operator.section-1 to None
[2025-01-12 14:05:57,564] {logging_mixin.py:109} INFO - [2025-01-12 14:05:57,564] {dag.py:2287} INFO - Setting next_dagrun for example_subdag_operator.section-2 to None
[2025-01-12 14:05:57,570] {processor.py:170} INFO - Processing /home/jorge/Desktop/MÁSTER/SEGUNDO CURSO/BDFI/practica_docker/env/lib/python3.8/site-packages/airflow/example_dags/example_subdag_operator.py took 0.046 seconds
[2025-01-12 14:06:30,995] {processor.py:162} INFO - Started process (PID=283830) to work on /home/jorge/Desktop/MÁSTER/SEGUNDO CURSO/BDFI/practica_docker/env/lib/python3.8/site-packages/airflow/example_dags/example_subdag_operator.py
[2025-01-12 14:06:30,996] {processor.py:613} INFO - Processing file /home/jorge/Desktop/MÁSTER/SEGUNDO CURSO/BDFI/practica_docker/env/lib/python3.8/site-packages/airflow/example_dags/example_subdag_operator.py for tasks to queue
[2025-01-12 14:06:30,997] {logging_mixin.py:109} INFO - [2025-01-12 14:06:30,997] {dagbag.py:496} INFO - Filling up the DagBag from /home/jorge/Desktop/MÁSTER/SEGUNDO CURSO/BDFI/practica_docker/env/lib/python3.8/site-packages/airflow/example_dags/example_subdag_operator.py
[2025-01-12 14:06:31,013] {processor.py:623} INFO - DAG(s) dict_keys(['example_subdag_operator.section-1', 'example_subdag_operator.section-2', 'example_subdag_operator']) retrieved from /home/jorge/Desktop/MÁSTER/SEGUNDO CURSO/BDFI/practica_docker/env/lib/python3.8/site-packages/airflow/example_dags/example_subdag_operator.py
[2025-01-12 14:06:31,018] {logging_mixin.py:109} INFO - [2025-01-12 14:06:31,018] {dag.py:1834} INFO - Sync 3 DAGs
[2025-01-12 14:06:31,023] {logging_mixin.py:109} INFO - [2025-01-12 14:06:31,023] {dag.py:2287} INFO - Setting next_dagrun for example_subdag_operator to 2025-01-10 00:00:00+00:00
[2025-01-12 14:06:31,023] {logging_mixin.py:109} INFO - [2025-01-12 14:06:31,023] {dag.py:2287} INFO - Setting next_dagrun for example_subdag_operator.section-1 to None
[2025-01-12 14:06:31,023] {logging_mixin.py:109} INFO - [2025-01-12 14:06:31,023] {dag.py:2287} INFO - Setting next_dagrun for example_subdag_operator.section-2 to None
[2025-01-12 14:06:31,030] {logging_mixin.py:109} INFO - [2025-01-12 14:06:31,030] {dag.py:1834} INFO - Sync 2 DAGs
[2025-01-12 14:06:31,033] {logging_mixin.py:109} INFO - [2025-01-12 14:06:31,033] {dag.py:2287} INFO - Setting next_dagrun for example_subdag_operator.section-1 to None
[2025-01-12 14:06:31,034] {logging_mixin.py:109} INFO - [2025-01-12 14:06:31,034] {dag.py:2287} INFO - Setting next_dagrun for example_subdag_operator.section-2 to None
[2025-01-12 14:06:31,040] {processor.py:170} INFO - Processing /home/jorge/Desktop/MÁSTER/SEGUNDO CURSO/BDFI/practica_docker/env/lib/python3.8/site-packages/airflow/example_dags/example_subdag_operator.py took 0.047 seconds
[2025-01-12 14:07:03,510] {processor.py:162} INFO - Started process (PID=283987) to work on /home/jorge/Desktop/MÁSTER/SEGUNDO CURSO/BDFI/practica_docker/env/lib/python3.8/site-packages/airflow/example_dags/example_subdag_operator.py
[2025-01-12 14:07:03,516] {processor.py:613} INFO - Processing file /home/jorge/Desktop/MÁSTER/SEGUNDO CURSO/BDFI/practica_docker/env/lib/python3.8/site-packages/airflow/example_dags/example_subdag_operator.py for tasks to queue
[2025-01-12 14:07:03,517] {logging_mixin.py:109} INFO - [2025-01-12 14:07:03,517] {dagbag.py:496} INFO - Filling up the DagBag from /home/jorge/Desktop/MÁSTER/SEGUNDO CURSO/BDFI/practica_docker/env/lib/python3.8/site-packages/airflow/example_dags/example_subdag_operator.py
[2025-01-12 14:07:03,537] {processor.py:623} INFO - DAG(s) dict_keys(['example_subdag_operator.section-1', 'example_subdag_operator.section-2', 'example_subdag_operator']) retrieved from /home/jorge/Desktop/MÁSTER/SEGUNDO CURSO/BDFI/practica_docker/env/lib/python3.8/site-packages/airflow/example_dags/example_subdag_operator.py
[2025-01-12 14:07:03,548] {logging_mixin.py:109} INFO - [2025-01-12 14:07:03,548] {dag.py:1834} INFO - Sync 3 DAGs
[2025-01-12 14:07:03,555] {logging_mixin.py:109} INFO - [2025-01-12 14:07:03,555] {dag.py:2287} INFO - Setting next_dagrun for example_subdag_operator to 2025-01-10 00:00:00+00:00
[2025-01-12 14:07:03,555] {logging_mixin.py:109} INFO - [2025-01-12 14:07:03,555] {dag.py:2287} INFO - Setting next_dagrun for example_subdag_operator.section-1 to None
[2025-01-12 14:07:03,555] {logging_mixin.py:109} INFO - [2025-01-12 14:07:03,555] {dag.py:2287} INFO - Setting next_dagrun for example_subdag_operator.section-2 to None
[2025-01-12 14:07:03,562] {logging_mixin.py:109} INFO - [2025-01-12 14:07:03,561] {dag.py:1834} INFO - Sync 2 DAGs
[2025-01-12 14:07:03,565] {logging_mixin.py:109} INFO - [2025-01-12 14:07:03,565] {dag.py:2287} INFO - Setting next_dagrun for example_subdag_operator.section-1 to None
[2025-01-12 14:07:03,565] {logging_mixin.py:109} INFO - [2025-01-12 14:07:03,565] {dag.py:2287} INFO - Setting next_dagrun for example_subdag_operator.section-2 to None
[2025-01-12 14:07:03,571] {processor.py:170} INFO - Processing /home/jorge/Desktop/MÁSTER/SEGUNDO CURSO/BDFI/practica_docker/env/lib/python3.8/site-packages/airflow/example_dags/example_subdag_operator.py took 0.063 seconds
[2025-01-12 14:07:36,897] {processor.py:162} INFO - Started process (PID=284131) to work on /home/jorge/Desktop/MÁSTER/SEGUNDO CURSO/BDFI/practica_docker/env/lib/python3.8/site-packages/airflow/example_dags/example_subdag_operator.py
[2025-01-12 14:07:36,904] {processor.py:613} INFO - Processing file /home/jorge/Desktop/MÁSTER/SEGUNDO CURSO/BDFI/practica_docker/env/lib/python3.8/site-packages/airflow/example_dags/example_subdag_operator.py for tasks to queue
[2025-01-12 14:07:36,905] {logging_mixin.py:109} INFO - [2025-01-12 14:07:36,904] {dagbag.py:496} INFO - Filling up the DagBag from /home/jorge/Desktop/MÁSTER/SEGUNDO CURSO/BDFI/practica_docker/env/lib/python3.8/site-packages/airflow/example_dags/example_subdag_operator.py
[2025-01-12 14:07:36,921] {processor.py:623} INFO - DAG(s) dict_keys(['example_subdag_operator.section-1', 'example_subdag_operator.section-2', 'example_subdag_operator']) retrieved from /home/jorge/Desktop/MÁSTER/SEGUNDO CURSO/BDFI/practica_docker/env/lib/python3.8/site-packages/airflow/example_dags/example_subdag_operator.py
[2025-01-12 14:07:36,927] {logging_mixin.py:109} INFO - [2025-01-12 14:07:36,927] {dag.py:1834} INFO - Sync 3 DAGs
[2025-01-12 14:07:36,931] {logging_mixin.py:109} INFO - [2025-01-12 14:07:36,931] {dag.py:2287} INFO - Setting next_dagrun for example_subdag_operator to 2025-01-10 00:00:00+00:00
[2025-01-12 14:07:36,931] {logging_mixin.py:109} INFO - [2025-01-12 14:07:36,931] {dag.py:2287} INFO - Setting next_dagrun for example_subdag_operator.section-1 to None
[2025-01-12 14:07:36,932] {logging_mixin.py:109} INFO - [2025-01-12 14:07:36,932] {dag.py:2287} INFO - Setting next_dagrun for example_subdag_operator.section-2 to None
[2025-01-12 14:07:36,937] {logging_mixin.py:109} INFO - [2025-01-12 14:07:36,937] {dag.py:1834} INFO - Sync 2 DAGs
[2025-01-12 14:07:36,941] {logging_mixin.py:109} INFO - [2025-01-12 14:07:36,941] {dag.py:2287} INFO - Setting next_dagrun for example_subdag_operator.section-1 to None
[2025-01-12 14:07:36,942] {logging_mixin.py:109} INFO - [2025-01-12 14:07:36,941] {dag.py:2287} INFO - Setting next_dagrun for example_subdag_operator.section-2 to None
[2025-01-12 14:07:36,947] {processor.py:170} INFO - Processing /home/jorge/Desktop/MÁSTER/SEGUNDO CURSO/BDFI/practica_docker/env/lib/python3.8/site-packages/airflow/example_dags/example_subdag_operator.py took 0.053 seconds
[2025-01-12 14:08:10,157] {processor.py:162} INFO - Started process (PID=284288) to work on /home/jorge/Desktop/MÁSTER/SEGUNDO CURSO/BDFI/practica_docker/env/lib/python3.8/site-packages/airflow/example_dags/example_subdag_operator.py
[2025-01-12 14:08:10,158] {processor.py:613} INFO - Processing file /home/jorge/Desktop/MÁSTER/SEGUNDO CURSO/BDFI/practica_docker/env/lib/python3.8/site-packages/airflow/example_dags/example_subdag_operator.py for tasks to queue
[2025-01-12 14:08:10,159] {logging_mixin.py:109} INFO - [2025-01-12 14:08:10,159] {dagbag.py:496} INFO - Filling up the DagBag from /home/jorge/Desktop/MÁSTER/SEGUNDO CURSO/BDFI/practica_docker/env/lib/python3.8/site-packages/airflow/example_dags/example_subdag_operator.py
[2025-01-12 14:08:10,171] {processor.py:623} INFO - DAG(s) dict_keys(['example_subdag_operator.section-1', 'example_subdag_operator.section-2', 'example_subdag_operator']) retrieved from /home/jorge/Desktop/MÁSTER/SEGUNDO CURSO/BDFI/practica_docker/env/lib/python3.8/site-packages/airflow/example_dags/example_subdag_operator.py
[2025-01-12 14:08:10,183] {logging_mixin.py:109} INFO - [2025-01-12 14:08:10,183] {dag.py:1834} INFO - Sync 3 DAGs
[2025-01-12 14:08:10,192] {logging_mixin.py:109} INFO - [2025-01-12 14:08:10,192] {dag.py:2287} INFO - Setting next_dagrun for example_subdag_operator to 2025-01-10 00:00:00+00:00
[2025-01-12 14:08:10,193] {logging_mixin.py:109} INFO - [2025-01-12 14:08:10,193] {dag.py:2287} INFO - Setting next_dagrun for example_subdag_operator.section-1 to None
[2025-01-12 14:08:10,193] {logging_mixin.py:109} INFO - [2025-01-12 14:08:10,193] {dag.py:2287} INFO - Setting next_dagrun for example_subdag_operator.section-2 to None
[2025-01-12 14:08:10,201] {logging_mixin.py:109} INFO - [2025-01-12 14:08:10,201] {dag.py:1834} INFO - Sync 2 DAGs
[2025-01-12 14:08:10,205] {logging_mixin.py:109} INFO - [2025-01-12 14:08:10,205] {dag.py:2287} INFO - Setting next_dagrun for example_subdag_operator.section-1 to None
[2025-01-12 14:08:10,205] {logging_mixin.py:109} INFO - [2025-01-12 14:08:10,205] {dag.py:2287} INFO - Setting next_dagrun for example_subdag_operator.section-2 to None
[2025-01-12 14:08:10,212] {processor.py:170} INFO - Processing /home/jorge/Desktop/MÁSTER/SEGUNDO CURSO/BDFI/practica_docker/env/lib/python3.8/site-packages/airflow/example_dags/example_subdag_operator.py took 0.056 seconds
[2025-01-12 14:08:41,893] {processor.py:162} INFO - Started process (PID=284434) to work on /home/jorge/Desktop/MÁSTER/SEGUNDO CURSO/BDFI/practica_docker/env/lib/python3.8/site-packages/airflow/example_dags/example_subdag_operator.py
[2025-01-12 14:08:41,899] {processor.py:613} INFO - Processing file /home/jorge/Desktop/MÁSTER/SEGUNDO CURSO/BDFI/practica_docker/env/lib/python3.8/site-packages/airflow/example_dags/example_subdag_operator.py for tasks to queue
[2025-01-12 14:08:41,900] {logging_mixin.py:109} INFO - [2025-01-12 14:08:41,900] {dagbag.py:496} INFO - Filling up the DagBag from /home/jorge/Desktop/MÁSTER/SEGUNDO CURSO/BDFI/practica_docker/env/lib/python3.8/site-packages/airflow/example_dags/example_subdag_operator.py
[2025-01-12 14:08:41,916] {processor.py:623} INFO - DAG(s) dict_keys(['example_subdag_operator.section-1', 'example_subdag_operator.section-2', 'example_subdag_operator']) retrieved from /home/jorge/Desktop/MÁSTER/SEGUNDO CURSO/BDFI/practica_docker/env/lib/python3.8/site-packages/airflow/example_dags/example_subdag_operator.py
[2025-01-12 14:08:41,922] {logging_mixin.py:109} INFO - [2025-01-12 14:08:41,922] {dag.py:1834} INFO - Sync 3 DAGs
[2025-01-12 14:08:41,926] {logging_mixin.py:109} INFO - [2025-01-12 14:08:41,926] {dag.py:2287} INFO - Setting next_dagrun for example_subdag_operator to 2025-01-10 00:00:00+00:00
[2025-01-12 14:08:41,927] {logging_mixin.py:109} INFO - [2025-01-12 14:08:41,927] {dag.py:2287} INFO - Setting next_dagrun for example_subdag_operator.section-1 to None
[2025-01-12 14:08:41,927] {logging_mixin.py:109} INFO - [2025-01-12 14:08:41,927] {dag.py:2287} INFO - Setting next_dagrun for example_subdag_operator.section-2 to None
[2025-01-12 14:08:41,933] {logging_mixin.py:109} INFO - [2025-01-12 14:08:41,932] {dag.py:1834} INFO - Sync 2 DAGs
[2025-01-12 14:08:41,936] {logging_mixin.py:109} INFO - [2025-01-12 14:08:41,936] {dag.py:2287} INFO - Setting next_dagrun for example_subdag_operator.section-1 to None
[2025-01-12 14:08:41,936] {logging_mixin.py:109} INFO - [2025-01-12 14:08:41,936] {dag.py:2287} INFO - Setting next_dagrun for example_subdag_operator.section-2 to None
[2025-01-12 14:08:41,942] {processor.py:170} INFO - Processing /home/jorge/Desktop/MÁSTER/SEGUNDO CURSO/BDFI/practica_docker/env/lib/python3.8/site-packages/airflow/example_dags/example_subdag_operator.py took 0.051 seconds
[2025-01-12 14:09:15,206] {processor.py:162} INFO - Started process (PID=284582) to work on /home/jorge/Desktop/MÁSTER/SEGUNDO CURSO/BDFI/practica_docker/env/lib/python3.8/site-packages/airflow/example_dags/example_subdag_operator.py
[2025-01-12 14:09:15,213] {processor.py:613} INFO - Processing file /home/jorge/Desktop/MÁSTER/SEGUNDO CURSO/BDFI/practica_docker/env/lib/python3.8/site-packages/airflow/example_dags/example_subdag_operator.py for tasks to queue
[2025-01-12 14:09:15,213] {logging_mixin.py:109} INFO - [2025-01-12 14:09:15,213] {dagbag.py:496} INFO - Filling up the DagBag from /home/jorge/Desktop/MÁSTER/SEGUNDO CURSO/BDFI/practica_docker/env/lib/python3.8/site-packages/airflow/example_dags/example_subdag_operator.py
[2025-01-12 14:09:15,233] {processor.py:623} INFO - DAG(s) dict_keys(['example_subdag_operator.section-1', 'example_subdag_operator.section-2', 'example_subdag_operator']) retrieved from /home/jorge/Desktop/MÁSTER/SEGUNDO CURSO/BDFI/practica_docker/env/lib/python3.8/site-packages/airflow/example_dags/example_subdag_operator.py
[2025-01-12 14:09:15,245] {logging_mixin.py:109} INFO - [2025-01-12 14:09:15,245] {dag.py:1834} INFO - Sync 3 DAGs
[2025-01-12 14:09:15,253] {logging_mixin.py:109} INFO - [2025-01-12 14:09:15,253] {dag.py:2287} INFO - Setting next_dagrun for example_subdag_operator to 2025-01-10 00:00:00+00:00
[2025-01-12 14:09:15,254] {logging_mixin.py:109} INFO - [2025-01-12 14:09:15,254] {dag.py:2287} INFO - Setting next_dagrun for example_subdag_operator.section-1 to None
[2025-01-12 14:09:15,255] {logging_mixin.py:109} INFO - [2025-01-12 14:09:15,254] {dag.py:2287} INFO - Setting next_dagrun for example_subdag_operator.section-2 to None
[2025-01-12 14:09:15,264] {logging_mixin.py:109} INFO - [2025-01-12 14:09:15,264] {dag.py:1834} INFO - Sync 2 DAGs
[2025-01-12 14:09:15,269] {logging_mixin.py:109} INFO - [2025-01-12 14:09:15,269] {dag.py:2287} INFO - Setting next_dagrun for example_subdag_operator.section-1 to None
[2025-01-12 14:09:15,269] {logging_mixin.py:109} INFO - [2025-01-12 14:09:15,269] {dag.py:2287} INFO - Setting next_dagrun for example_subdag_operator.section-2 to None
[2025-01-12 14:09:15,276] {processor.py:170} INFO - Processing /home/jorge/Desktop/MÁSTER/SEGUNDO CURSO/BDFI/practica_docker/env/lib/python3.8/site-packages/airflow/example_dags/example_subdag_operator.py took 0.073 seconds
[2025-01-12 14:09:48,915] {processor.py:162} INFO - Started process (PID=284747) to work on /home/jorge/Desktop/MÁSTER/SEGUNDO CURSO/BDFI/practica_docker/env/lib/python3.8/site-packages/airflow/example_dags/example_subdag_operator.py
[2025-01-12 14:09:48,922] {processor.py:613} INFO - Processing file /home/jorge/Desktop/MÁSTER/SEGUNDO CURSO/BDFI/practica_docker/env/lib/python3.8/site-packages/airflow/example_dags/example_subdag_operator.py for tasks to queue
[2025-01-12 14:09:48,923] {logging_mixin.py:109} INFO - [2025-01-12 14:09:48,923] {dagbag.py:496} INFO - Filling up the DagBag from /home/jorge/Desktop/MÁSTER/SEGUNDO CURSO/BDFI/practica_docker/env/lib/python3.8/site-packages/airflow/example_dags/example_subdag_operator.py
[2025-01-12 14:09:48,939] {processor.py:623} INFO - DAG(s) dict_keys(['example_subdag_operator.section-1', 'example_subdag_operator.section-2', 'example_subdag_operator']) retrieved from /home/jorge/Desktop/MÁSTER/SEGUNDO CURSO/BDFI/practica_docker/env/lib/python3.8/site-packages/airflow/example_dags/example_subdag_operator.py
[2025-01-12 14:09:48,945] {logging_mixin.py:109} INFO - [2025-01-12 14:09:48,945] {dag.py:1834} INFO - Sync 3 DAGs
[2025-01-12 14:09:48,951] {logging_mixin.py:109} INFO - [2025-01-12 14:09:48,951] {dag.py:2287} INFO - Setting next_dagrun for example_subdag_operator to 2025-01-10 00:00:00+00:00
[2025-01-12 14:09:48,952] {logging_mixin.py:109} INFO - [2025-01-12 14:09:48,952] {dag.py:2287} INFO - Setting next_dagrun for example_subdag_operator.section-1 to None
[2025-01-12 14:09:48,952] {logging_mixin.py:109} INFO - [2025-01-12 14:09:48,952] {dag.py:2287} INFO - Setting next_dagrun for example_subdag_operator.section-2 to None
[2025-01-12 14:09:48,958] {logging_mixin.py:109} INFO - [2025-01-12 14:09:48,958] {dag.py:1834} INFO - Sync 2 DAGs
[2025-01-12 14:09:48,962] {logging_mixin.py:109} INFO - [2025-01-12 14:09:48,962] {dag.py:2287} INFO - Setting next_dagrun for example_subdag_operator.section-1 to None
[2025-01-12 14:09:48,962] {logging_mixin.py:109} INFO - [2025-01-12 14:09:48,962] {dag.py:2287} INFO - Setting next_dagrun for example_subdag_operator.section-2 to None
[2025-01-12 14:09:48,968] {processor.py:170} INFO - Processing /home/jorge/Desktop/MÁSTER/SEGUNDO CURSO/BDFI/practica_docker/env/lib/python3.8/site-packages/airflow/example_dags/example_subdag_operator.py took 0.057 seconds
[2025-01-12 14:10:21,272] {processor.py:162} INFO - Started process (PID=284897) to work on /home/jorge/Desktop/MÁSTER/SEGUNDO CURSO/BDFI/practica_docker/env/lib/python3.8/site-packages/airflow/example_dags/example_subdag_operator.py
[2025-01-12 14:10:21,279] {processor.py:613} INFO - Processing file /home/jorge/Desktop/MÁSTER/SEGUNDO CURSO/BDFI/practica_docker/env/lib/python3.8/site-packages/airflow/example_dags/example_subdag_operator.py for tasks to queue
[2025-01-12 14:10:21,280] {logging_mixin.py:109} INFO - [2025-01-12 14:10:21,280] {dagbag.py:496} INFO - Filling up the DagBag from /home/jorge/Desktop/MÁSTER/SEGUNDO CURSO/BDFI/practica_docker/env/lib/python3.8/site-packages/airflow/example_dags/example_subdag_operator.py
[2025-01-12 14:10:21,295] {processor.py:623} INFO - DAG(s) dict_keys(['example_subdag_operator.section-1', 'example_subdag_operator.section-2', 'example_subdag_operator']) retrieved from /home/jorge/Desktop/MÁSTER/SEGUNDO CURSO/BDFI/practica_docker/env/lib/python3.8/site-packages/airflow/example_dags/example_subdag_operator.py
[2025-01-12 14:10:21,303] {logging_mixin.py:109} INFO - [2025-01-12 14:10:21,303] {dag.py:1834} INFO - Sync 3 DAGs
[2025-01-12 14:10:21,311] {logging_mixin.py:109} INFO - [2025-01-12 14:10:21,311] {dag.py:2287} INFO - Setting next_dagrun for example_subdag_operator to 2025-01-10 00:00:00+00:00
[2025-01-12 14:10:21,312] {logging_mixin.py:109} INFO - [2025-01-12 14:10:21,312] {dag.py:2287} INFO - Setting next_dagrun for example_subdag_operator.section-1 to None
[2025-01-12 14:10:21,312] {logging_mixin.py:109} INFO - [2025-01-12 14:10:21,312] {dag.py:2287} INFO - Setting next_dagrun for example_subdag_operator.section-2 to None
[2025-01-12 14:10:21,319] {logging_mixin.py:109} INFO - [2025-01-12 14:10:21,319] {dag.py:1834} INFO - Sync 2 DAGs
[2025-01-12 14:10:21,322] {logging_mixin.py:109} INFO - [2025-01-12 14:10:21,322] {dag.py:2287} INFO - Setting next_dagrun for example_subdag_operator.section-1 to None
[2025-01-12 14:10:21,322] {logging_mixin.py:109} INFO - [2025-01-12 14:10:21,322] {dag.py:2287} INFO - Setting next_dagrun for example_subdag_operator.section-2 to None
[2025-01-12 14:10:21,328] {processor.py:170} INFO - Processing /home/jorge/Desktop/MÁSTER/SEGUNDO CURSO/BDFI/practica_docker/env/lib/python3.8/site-packages/airflow/example_dags/example_subdag_operator.py took 0.060 seconds
[2025-01-12 14:10:59,346] {processor.py:162} INFO - Started process (PID=285183) to work on /home/jorge/Desktop/MÁSTER/SEGUNDO CURSO/BDFI/practica_docker/env/lib/python3.8/site-packages/airflow/example_dags/example_subdag_operator.py
[2025-01-12 14:10:59,348] {processor.py:613} INFO - Processing file /home/jorge/Desktop/MÁSTER/SEGUNDO CURSO/BDFI/practica_docker/env/lib/python3.8/site-packages/airflow/example_dags/example_subdag_operator.py for tasks to queue
[2025-01-12 14:10:59,349] {logging_mixin.py:109} INFO - [2025-01-12 14:10:59,349] {dagbag.py:496} INFO - Filling up the DagBag from /home/jorge/Desktop/MÁSTER/SEGUNDO CURSO/BDFI/practica_docker/env/lib/python3.8/site-packages/airflow/example_dags/example_subdag_operator.py
[2025-01-12 14:10:59,366] {processor.py:623} INFO - DAG(s) dict_keys(['example_subdag_operator.section-1', 'example_subdag_operator.section-2', 'example_subdag_operator']) retrieved from /home/jorge/Desktop/MÁSTER/SEGUNDO CURSO/BDFI/practica_docker/env/lib/python3.8/site-packages/airflow/example_dags/example_subdag_operator.py
[2025-01-12 14:10:59,373] {logging_mixin.py:109} INFO - [2025-01-12 14:10:59,373] {dag.py:1834} INFO - Sync 3 DAGs
[2025-01-12 14:10:59,382] {logging_mixin.py:109} INFO - [2025-01-12 14:10:59,382] {dag.py:2287} INFO - Setting next_dagrun for example_subdag_operator to 2025-01-10 00:00:00+00:00
[2025-01-12 14:10:59,382] {logging_mixin.py:109} INFO - [2025-01-12 14:10:59,382] {dag.py:2287} INFO - Setting next_dagrun for example_subdag_operator.section-1 to None
[2025-01-12 14:10:59,383] {logging_mixin.py:109} INFO - [2025-01-12 14:10:59,383] {dag.py:2287} INFO - Setting next_dagrun for example_subdag_operator.section-2 to None
[2025-01-12 14:10:59,389] {logging_mixin.py:109} INFO - [2025-01-12 14:10:59,389] {dag.py:1834} INFO - Sync 2 DAGs
[2025-01-12 14:10:59,395] {logging_mixin.py:109} INFO - [2025-01-12 14:10:59,395] {dag.py:2287} INFO - Setting next_dagrun for example_subdag_operator.section-1 to None
[2025-01-12 14:10:59,395] {logging_mixin.py:109} INFO - [2025-01-12 14:10:59,395] {dag.py:2287} INFO - Setting next_dagrun for example_subdag_operator.section-2 to None
[2025-01-12 14:10:59,402] {processor.py:170} INFO - Processing /home/jorge/Desktop/MÁSTER/SEGUNDO CURSO/BDFI/practica_docker/env/lib/python3.8/site-packages/airflow/example_dags/example_subdag_operator.py took 0.061 seconds
[2025-01-12 14:11:32,556] {processor.py:162} INFO - Started process (PID=285362) to work on /home/jorge/Desktop/MÁSTER/SEGUNDO CURSO/BDFI/practica_docker/env/lib/python3.8/site-packages/airflow/example_dags/example_subdag_operator.py
[2025-01-12 14:11:32,557] {processor.py:613} INFO - Processing file /home/jorge/Desktop/MÁSTER/SEGUNDO CURSO/BDFI/practica_docker/env/lib/python3.8/site-packages/airflow/example_dags/example_subdag_operator.py for tasks to queue
[2025-01-12 14:11:32,557] {logging_mixin.py:109} INFO - [2025-01-12 14:11:32,557] {dagbag.py:496} INFO - Filling up the DagBag from /home/jorge/Desktop/MÁSTER/SEGUNDO CURSO/BDFI/practica_docker/env/lib/python3.8/site-packages/airflow/example_dags/example_subdag_operator.py
[2025-01-12 14:11:32,570] {processor.py:623} INFO - DAG(s) dict_keys(['example_subdag_operator.section-1', 'example_subdag_operator.section-2', 'example_subdag_operator']) retrieved from /home/jorge/Desktop/MÁSTER/SEGUNDO CURSO/BDFI/practica_docker/env/lib/python3.8/site-packages/airflow/example_dags/example_subdag_operator.py
[2025-01-12 14:11:32,575] {logging_mixin.py:109} INFO - [2025-01-12 14:11:32,575] {dag.py:1834} INFO - Sync 3 DAGs
[2025-01-12 14:11:32,580] {logging_mixin.py:109} INFO - [2025-01-12 14:11:32,579] {dag.py:2287} INFO - Setting next_dagrun for example_subdag_operator to 2025-01-10 00:00:00+00:00
[2025-01-12 14:11:32,580] {logging_mixin.py:109} INFO - [2025-01-12 14:11:32,580] {dag.py:2287} INFO - Setting next_dagrun for example_subdag_operator.section-1 to None
[2025-01-12 14:11:32,580] {logging_mixin.py:109} INFO - [2025-01-12 14:11:32,580] {dag.py:2287} INFO - Setting next_dagrun for example_subdag_operator.section-2 to None
[2025-01-12 14:11:32,586] {logging_mixin.py:109} INFO - [2025-01-12 14:11:32,585] {dag.py:1834} INFO - Sync 2 DAGs
[2025-01-12 14:11:32,589] {logging_mixin.py:109} INFO - [2025-01-12 14:11:32,589] {dag.py:2287} INFO - Setting next_dagrun for example_subdag_operator.section-1 to None
[2025-01-12 14:11:32,589] {logging_mixin.py:109} INFO - [2025-01-12 14:11:32,589] {dag.py:2287} INFO - Setting next_dagrun for example_subdag_operator.section-2 to None
[2025-01-12 14:11:32,594] {processor.py:170} INFO - Processing /home/jorge/Desktop/MÁSTER/SEGUNDO CURSO/BDFI/practica_docker/env/lib/python3.8/site-packages/airflow/example_dags/example_subdag_operator.py took 0.040 seconds
[2025-01-12 14:12:06,518] {processor.py:162} INFO - Started process (PID=285526) to work on /home/jorge/Desktop/MÁSTER/SEGUNDO CURSO/BDFI/practica_docker/env/lib/python3.8/site-packages/airflow/example_dags/example_subdag_operator.py
[2025-01-12 14:12:06,524] {processor.py:613} INFO - Processing file /home/jorge/Desktop/MÁSTER/SEGUNDO CURSO/BDFI/practica_docker/env/lib/python3.8/site-packages/airflow/example_dags/example_subdag_operator.py for tasks to queue
[2025-01-12 14:12:06,525] {logging_mixin.py:109} INFO - [2025-01-12 14:12:06,525] {dagbag.py:496} INFO - Filling up the DagBag from /home/jorge/Desktop/MÁSTER/SEGUNDO CURSO/BDFI/practica_docker/env/lib/python3.8/site-packages/airflow/example_dags/example_subdag_operator.py
[2025-01-12 14:12:06,540] {processor.py:623} INFO - DAG(s) dict_keys(['example_subdag_operator.section-1', 'example_subdag_operator.section-2', 'example_subdag_operator']) retrieved from /home/jorge/Desktop/MÁSTER/SEGUNDO CURSO/BDFI/practica_docker/env/lib/python3.8/site-packages/airflow/example_dags/example_subdag_operator.py
[2025-01-12 14:12:06,549] {logging_mixin.py:109} INFO - [2025-01-12 14:12:06,549] {dag.py:1834} INFO - Sync 3 DAGs
[2025-01-12 14:12:06,556] {logging_mixin.py:109} INFO - [2025-01-12 14:12:06,556] {dag.py:2287} INFO - Setting next_dagrun for example_subdag_operator to 2025-01-10 00:00:00+00:00
[2025-01-12 14:12:06,557] {logging_mixin.py:109} INFO - [2025-01-12 14:12:06,557] {dag.py:2287} INFO - Setting next_dagrun for example_subdag_operator.section-1 to None
[2025-01-12 14:12:06,557] {logging_mixin.py:109} INFO - [2025-01-12 14:12:06,557] {dag.py:2287} INFO - Setting next_dagrun for example_subdag_operator.section-2 to None
[2025-01-12 14:12:06,564] {logging_mixin.py:109} INFO - [2025-01-12 14:12:06,564] {dag.py:1834} INFO - Sync 2 DAGs
[2025-01-12 14:12:06,569] {logging_mixin.py:109} INFO - [2025-01-12 14:12:06,569] {dag.py:2287} INFO - Setting next_dagrun for example_subdag_operator.section-1 to None
[2025-01-12 14:12:06,569] {logging_mixin.py:109} INFO - [2025-01-12 14:12:06,569] {dag.py:2287} INFO - Setting next_dagrun for example_subdag_operator.section-2 to None
[2025-01-12 14:12:06,575] {processor.py:170} INFO - Processing /home/jorge/Desktop/MÁSTER/SEGUNDO CURSO/BDFI/practica_docker/env/lib/python3.8/site-packages/airflow/example_dags/example_subdag_operator.py took 0.059 seconds
[2025-01-12 14:12:40,193] {processor.py:162} INFO - Started process (PID=285670) to work on /home/jorge/Desktop/MÁSTER/SEGUNDO CURSO/BDFI/practica_docker/env/lib/python3.8/site-packages/airflow/example_dags/example_subdag_operator.py
[2025-01-12 14:12:40,199] {processor.py:613} INFO - Processing file /home/jorge/Desktop/MÁSTER/SEGUNDO CURSO/BDFI/practica_docker/env/lib/python3.8/site-packages/airflow/example_dags/example_subdag_operator.py for tasks to queue
[2025-01-12 14:12:40,199] {logging_mixin.py:109} INFO - [2025-01-12 14:12:40,199] {dagbag.py:496} INFO - Filling up the DagBag from /home/jorge/Desktop/MÁSTER/SEGUNDO CURSO/BDFI/practica_docker/env/lib/python3.8/site-packages/airflow/example_dags/example_subdag_operator.py
[2025-01-12 14:12:40,216] {processor.py:623} INFO - DAG(s) dict_keys(['example_subdag_operator.section-1', 'example_subdag_operator.section-2', 'example_subdag_operator']) retrieved from /home/jorge/Desktop/MÁSTER/SEGUNDO CURSO/BDFI/practica_docker/env/lib/python3.8/site-packages/airflow/example_dags/example_subdag_operator.py
[2025-01-12 14:12:40,223] {logging_mixin.py:109} INFO - [2025-01-12 14:12:40,222] {dag.py:1834} INFO - Sync 3 DAGs
[2025-01-12 14:12:40,228] {logging_mixin.py:109} INFO - [2025-01-12 14:12:40,228] {dag.py:2287} INFO - Setting next_dagrun for example_subdag_operator to 2025-01-10 00:00:00+00:00
[2025-01-12 14:12:40,228] {logging_mixin.py:109} INFO - [2025-01-12 14:12:40,228] {dag.py:2287} INFO - Setting next_dagrun for example_subdag_operator.section-1 to None
[2025-01-12 14:12:40,229] {logging_mixin.py:109} INFO - [2025-01-12 14:12:40,229] {dag.py:2287} INFO - Setting next_dagrun for example_subdag_operator.section-2 to None
[2025-01-12 14:12:40,234] {logging_mixin.py:109} INFO - [2025-01-12 14:12:40,234] {dag.py:1834} INFO - Sync 2 DAGs
[2025-01-12 14:12:40,238] {logging_mixin.py:109} INFO - [2025-01-12 14:12:40,238] {dag.py:2287} INFO - Setting next_dagrun for example_subdag_operator.section-1 to None
[2025-01-12 14:12:40,238] {logging_mixin.py:109} INFO - [2025-01-12 14:12:40,238] {dag.py:2287} INFO - Setting next_dagrun for example_subdag_operator.section-2 to None
[2025-01-12 14:12:40,243] {processor.py:170} INFO - Processing /home/jorge/Desktop/MÁSTER/SEGUNDO CURSO/BDFI/practica_docker/env/lib/python3.8/site-packages/airflow/example_dags/example_subdag_operator.py took 0.052 seconds
[2025-01-12 14:13:13,637] {processor.py:162} INFO - Started process (PID=285822) to work on /home/jorge/Desktop/MÁSTER/SEGUNDO CURSO/BDFI/practica_docker/env/lib/python3.8/site-packages/airflow/example_dags/example_subdag_operator.py
[2025-01-12 14:13:13,643] {processor.py:613} INFO - Processing file /home/jorge/Desktop/MÁSTER/SEGUNDO CURSO/BDFI/practica_docker/env/lib/python3.8/site-packages/airflow/example_dags/example_subdag_operator.py for tasks to queue
[2025-01-12 14:13:13,644] {logging_mixin.py:109} INFO - [2025-01-12 14:13:13,644] {dagbag.py:496} INFO - Filling up the DagBag from /home/jorge/Desktop/MÁSTER/SEGUNDO CURSO/BDFI/practica_docker/env/lib/python3.8/site-packages/airflow/example_dags/example_subdag_operator.py
[2025-01-12 14:13:13,662] {processor.py:623} INFO - DAG(s) dict_keys(['example_subdag_operator.section-1', 'example_subdag_operator.section-2', 'example_subdag_operator']) retrieved from /home/jorge/Desktop/MÁSTER/SEGUNDO CURSO/BDFI/practica_docker/env/lib/python3.8/site-packages/airflow/example_dags/example_subdag_operator.py
[2025-01-12 14:13:13,672] {logging_mixin.py:109} INFO - [2025-01-12 14:13:13,671] {dag.py:1834} INFO - Sync 3 DAGs
[2025-01-12 14:13:13,680] {logging_mixin.py:109} INFO - [2025-01-12 14:13:13,680] {dag.py:2287} INFO - Setting next_dagrun for example_subdag_operator to 2025-01-10 00:00:00+00:00
[2025-01-12 14:13:13,681] {logging_mixin.py:109} INFO - [2025-01-12 14:13:13,681] {dag.py:2287} INFO - Setting next_dagrun for example_subdag_operator.section-1 to None
[2025-01-12 14:13:13,681] {logging_mixin.py:109} INFO - [2025-01-12 14:13:13,681] {dag.py:2287} INFO - Setting next_dagrun for example_subdag_operator.section-2 to None
[2025-01-12 14:13:13,689] {logging_mixin.py:109} INFO - [2025-01-12 14:13:13,689] {dag.py:1834} INFO - Sync 2 DAGs
[2025-01-12 14:13:13,695] {logging_mixin.py:109} INFO - [2025-01-12 14:13:13,695] {dag.py:2287} INFO - Setting next_dagrun for example_subdag_operator.section-1 to None
[2025-01-12 14:13:13,695] {logging_mixin.py:109} INFO - [2025-01-12 14:13:13,695] {dag.py:2287} INFO - Setting next_dagrun for example_subdag_operator.section-2 to None
[2025-01-12 14:13:13,705] {processor.py:170} INFO - Processing /home/jorge/Desktop/MÁSTER/SEGUNDO CURSO/BDFI/practica_docker/env/lib/python3.8/site-packages/airflow/example_dags/example_subdag_operator.py took 0.072 seconds
[2025-01-12 14:13:46,276] {processor.py:162} INFO - Started process (PID=285990) to work on /home/jorge/Desktop/MÁSTER/SEGUNDO CURSO/BDFI/practica_docker/env/lib/python3.8/site-packages/airflow/example_dags/example_subdag_operator.py
[2025-01-12 14:13:46,277] {processor.py:613} INFO - Processing file /home/jorge/Desktop/MÁSTER/SEGUNDO CURSO/BDFI/practica_docker/env/lib/python3.8/site-packages/airflow/example_dags/example_subdag_operator.py for tasks to queue
[2025-01-12 14:13:46,277] {logging_mixin.py:109} INFO - [2025-01-12 14:13:46,277] {dagbag.py:496} INFO - Filling up the DagBag from /home/jorge/Desktop/MÁSTER/SEGUNDO CURSO/BDFI/practica_docker/env/lib/python3.8/site-packages/airflow/example_dags/example_subdag_operator.py
[2025-01-12 14:13:46,292] {processor.py:623} INFO - DAG(s) dict_keys(['example_subdag_operator.section-1', 'example_subdag_operator.section-2', 'example_subdag_operator']) retrieved from /home/jorge/Desktop/MÁSTER/SEGUNDO CURSO/BDFI/practica_docker/env/lib/python3.8/site-packages/airflow/example_dags/example_subdag_operator.py
[2025-01-12 14:13:46,301] {logging_mixin.py:109} INFO - [2025-01-12 14:13:46,300] {dag.py:1834} INFO - Sync 3 DAGs
[2025-01-12 14:13:46,306] {logging_mixin.py:109} INFO - [2025-01-12 14:13:46,306] {dag.py:2287} INFO - Setting next_dagrun for example_subdag_operator to 2025-01-10 00:00:00+00:00
[2025-01-12 14:13:46,307] {logging_mixin.py:109} INFO - [2025-01-12 14:13:46,307] {dag.py:2287} INFO - Setting next_dagrun for example_subdag_operator.section-1 to None
[2025-01-12 14:13:46,307] {logging_mixin.py:109} INFO - [2025-01-12 14:13:46,307] {dag.py:2287} INFO - Setting next_dagrun for example_subdag_operator.section-2 to None
[2025-01-12 14:13:46,313] {logging_mixin.py:109} INFO - [2025-01-12 14:13:46,313] {dag.py:1834} INFO - Sync 2 DAGs
[2025-01-12 14:13:46,319] {logging_mixin.py:109} INFO - [2025-01-12 14:13:46,319] {dag.py:2287} INFO - Setting next_dagrun for example_subdag_operator.section-1 to None
[2025-01-12 14:13:46,319] {logging_mixin.py:109} INFO - [2025-01-12 14:13:46,319] {dag.py:2287} INFO - Setting next_dagrun for example_subdag_operator.section-2 to None
[2025-01-12 14:13:46,326] {processor.py:170} INFO - Processing /home/jorge/Desktop/MÁSTER/SEGUNDO CURSO/BDFI/practica_docker/env/lib/python3.8/site-packages/airflow/example_dags/example_subdag_operator.py took 0.052 seconds
[2025-01-12 14:14:18,361] {processor.py:162} INFO - Started process (PID=286133) to work on /home/jorge/Desktop/MÁSTER/SEGUNDO CURSO/BDFI/practica_docker/env/lib/python3.8/site-packages/airflow/example_dags/example_subdag_operator.py
[2025-01-12 14:14:18,363] {processor.py:613} INFO - Processing file /home/jorge/Desktop/MÁSTER/SEGUNDO CURSO/BDFI/practica_docker/env/lib/python3.8/site-packages/airflow/example_dags/example_subdag_operator.py for tasks to queue
[2025-01-12 14:14:18,365] {logging_mixin.py:109} INFO - [2025-01-12 14:14:18,364] {dagbag.py:496} INFO - Filling up the DagBag from /home/jorge/Desktop/MÁSTER/SEGUNDO CURSO/BDFI/practica_docker/env/lib/python3.8/site-packages/airflow/example_dags/example_subdag_operator.py
[2025-01-12 14:14:18,412] {processor.py:623} INFO - DAG(s) dict_keys(['example_subdag_operator.section-1', 'example_subdag_operator.section-2', 'example_subdag_operator']) retrieved from /home/jorge/Desktop/MÁSTER/SEGUNDO CURSO/BDFI/practica_docker/env/lib/python3.8/site-packages/airflow/example_dags/example_subdag_operator.py
[2025-01-12 14:14:18,443] {logging_mixin.py:109} INFO - [2025-01-12 14:14:18,442] {dag.py:1834} INFO - Sync 3 DAGs
[2025-01-12 14:14:18,465] {logging_mixin.py:109} INFO - [2025-01-12 14:14:18,465] {dag.py:2287} INFO - Setting next_dagrun for example_subdag_operator to 2025-01-10 00:00:00+00:00
[2025-01-12 14:14:18,468] {logging_mixin.py:109} INFO - [2025-01-12 14:14:18,467] {dag.py:2287} INFO - Setting next_dagrun for example_subdag_operator.section-1 to None
[2025-01-12 14:14:18,469] {logging_mixin.py:109} INFO - [2025-01-12 14:14:18,469] {dag.py:2287} INFO - Setting next_dagrun for example_subdag_operator.section-2 to None
[2025-01-12 14:14:18,493] {logging_mixin.py:109} INFO - [2025-01-12 14:14:18,492] {dag.py:1834} INFO - Sync 2 DAGs
[2025-01-12 14:14:18,499] {logging_mixin.py:109} INFO - [2025-01-12 14:14:18,499] {dag.py:2287} INFO - Setting next_dagrun for example_subdag_operator.section-1 to None
[2025-01-12 14:14:18,500] {logging_mixin.py:109} INFO - [2025-01-12 14:14:18,499] {dag.py:2287} INFO - Setting next_dagrun for example_subdag_operator.section-2 to None
[2025-01-12 14:14:18,520] {processor.py:170} INFO - Processing /home/jorge/Desktop/MÁSTER/SEGUNDO CURSO/BDFI/practica_docker/env/lib/python3.8/site-packages/airflow/example_dags/example_subdag_operator.py took 0.166 seconds
[2025-01-12 14:14:51,815] {processor.py:162} INFO - Started process (PID=286301) to work on /home/jorge/Desktop/MÁSTER/SEGUNDO CURSO/BDFI/practica_docker/env/lib/python3.8/site-packages/airflow/example_dags/example_subdag_operator.py
[2025-01-12 14:14:51,821] {processor.py:613} INFO - Processing file /home/jorge/Desktop/MÁSTER/SEGUNDO CURSO/BDFI/practica_docker/env/lib/python3.8/site-packages/airflow/example_dags/example_subdag_operator.py for tasks to queue
[2025-01-12 14:14:51,822] {logging_mixin.py:109} INFO - [2025-01-12 14:14:51,822] {dagbag.py:496} INFO - Filling up the DagBag from /home/jorge/Desktop/MÁSTER/SEGUNDO CURSO/BDFI/practica_docker/env/lib/python3.8/site-packages/airflow/example_dags/example_subdag_operator.py
[2025-01-12 14:14:51,838] {processor.py:623} INFO - DAG(s) dict_keys(['example_subdag_operator.section-1', 'example_subdag_operator.section-2', 'example_subdag_operator']) retrieved from /home/jorge/Desktop/MÁSTER/SEGUNDO CURSO/BDFI/practica_docker/env/lib/python3.8/site-packages/airflow/example_dags/example_subdag_operator.py
[2025-01-12 14:14:51,844] {logging_mixin.py:109} INFO - [2025-01-12 14:14:51,844] {dag.py:1834} INFO - Sync 3 DAGs
[2025-01-12 14:14:51,849] {logging_mixin.py:109} INFO - [2025-01-12 14:14:51,849] {dag.py:2287} INFO - Setting next_dagrun for example_subdag_operator to 2025-01-10 00:00:00+00:00
[2025-01-12 14:14:51,849] {logging_mixin.py:109} INFO - [2025-01-12 14:14:51,849] {dag.py:2287} INFO - Setting next_dagrun for example_subdag_operator.section-1 to None
[2025-01-12 14:14:51,849] {logging_mixin.py:109} INFO - [2025-01-12 14:14:51,849] {dag.py:2287} INFO - Setting next_dagrun for example_subdag_operator.section-2 to None
[2025-01-12 14:14:51,856] {logging_mixin.py:109} INFO - [2025-01-12 14:14:51,855] {dag.py:1834} INFO - Sync 2 DAGs
[2025-01-12 14:14:51,858] {logging_mixin.py:109} INFO - [2025-01-12 14:14:51,858] {dag.py:2287} INFO - Setting next_dagrun for example_subdag_operator.section-1 to None
[2025-01-12 14:14:51,859] {logging_mixin.py:109} INFO - [2025-01-12 14:14:51,859] {dag.py:2287} INFO - Setting next_dagrun for example_subdag_operator.section-2 to None
[2025-01-12 14:14:51,865] {processor.py:170} INFO - Processing /home/jorge/Desktop/MÁSTER/SEGUNDO CURSO/BDFI/practica_docker/env/lib/python3.8/site-packages/airflow/example_dags/example_subdag_operator.py took 0.054 seconds
[2025-01-12 14:15:24,011] {processor.py:162} INFO - Started process (PID=286701) to work on /home/jorge/Desktop/MÁSTER/SEGUNDO CURSO/BDFI/practica_docker/env/lib/python3.8/site-packages/airflow/example_dags/example_subdag_operator.py
[2025-01-12 14:15:24,019] {processor.py:613} INFO - Processing file /home/jorge/Desktop/MÁSTER/SEGUNDO CURSO/BDFI/practica_docker/env/lib/python3.8/site-packages/airflow/example_dags/example_subdag_operator.py for tasks to queue
[2025-01-12 14:15:24,020] {logging_mixin.py:109} INFO - [2025-01-12 14:15:24,020] {dagbag.py:496} INFO - Filling up the DagBag from /home/jorge/Desktop/MÁSTER/SEGUNDO CURSO/BDFI/practica_docker/env/lib/python3.8/site-packages/airflow/example_dags/example_subdag_operator.py
[2025-01-12 14:15:24,035] {processor.py:623} INFO - DAG(s) dict_keys(['example_subdag_operator.section-1', 'example_subdag_operator.section-2', 'example_subdag_operator']) retrieved from /home/jorge/Desktop/MÁSTER/SEGUNDO CURSO/BDFI/practica_docker/env/lib/python3.8/site-packages/airflow/example_dags/example_subdag_operator.py
[2025-01-12 14:15:24,040] {logging_mixin.py:109} INFO - [2025-01-12 14:15:24,040] {dag.py:1834} INFO - Sync 3 DAGs
[2025-01-12 14:15:24,045] {logging_mixin.py:109} INFO - [2025-01-12 14:15:24,045] {dag.py:2287} INFO - Setting next_dagrun for example_subdag_operator to 2025-01-10 00:00:00+00:00
[2025-01-12 14:15:24,045] {logging_mixin.py:109} INFO - [2025-01-12 14:15:24,045] {dag.py:2287} INFO - Setting next_dagrun for example_subdag_operator.section-1 to None
[2025-01-12 14:15:24,045] {logging_mixin.py:109} INFO - [2025-01-12 14:15:24,045] {dag.py:2287} INFO - Setting next_dagrun for example_subdag_operator.section-2 to None
[2025-01-12 14:15:24,051] {logging_mixin.py:109} INFO - [2025-01-12 14:15:24,051] {dag.py:1834} INFO - Sync 2 DAGs
[2025-01-12 14:15:24,054] {logging_mixin.py:109} INFO - [2025-01-12 14:15:24,054] {dag.py:2287} INFO - Setting next_dagrun for example_subdag_operator.section-1 to None
[2025-01-12 14:15:24,054] {logging_mixin.py:109} INFO - [2025-01-12 14:15:24,054] {dag.py:2287} INFO - Setting next_dagrun for example_subdag_operator.section-2 to None
[2025-01-12 14:15:24,060] {processor.py:170} INFO - Processing /home/jorge/Desktop/MÁSTER/SEGUNDO CURSO/BDFI/practica_docker/env/lib/python3.8/site-packages/airflow/example_dags/example_subdag_operator.py took 0.052 seconds
[2025-01-12 14:16:09,183] {processor.py:162} INFO - Started process (PID=289811) to work on /home/jorge/Desktop/MÁSTER/SEGUNDO CURSO/BDFI/practica_docker/env/lib/python3.8/site-packages/airflow/example_dags/example_subdag_operator.py
[2025-01-12 14:16:09,190] {processor.py:613} INFO - Processing file /home/jorge/Desktop/MÁSTER/SEGUNDO CURSO/BDFI/practica_docker/env/lib/python3.8/site-packages/airflow/example_dags/example_subdag_operator.py for tasks to queue
[2025-01-12 14:16:09,191] {logging_mixin.py:109} INFO - [2025-01-12 14:16:09,191] {dagbag.py:496} INFO - Filling up the DagBag from /home/jorge/Desktop/MÁSTER/SEGUNDO CURSO/BDFI/practica_docker/env/lib/python3.8/site-packages/airflow/example_dags/example_subdag_operator.py
[2025-01-12 14:16:09,207] {processor.py:623} INFO - DAG(s) dict_keys(['example_subdag_operator.section-1', 'example_subdag_operator.section-2', 'example_subdag_operator']) retrieved from /home/jorge/Desktop/MÁSTER/SEGUNDO CURSO/BDFI/practica_docker/env/lib/python3.8/site-packages/airflow/example_dags/example_subdag_operator.py
[2025-01-12 14:16:09,217] {logging_mixin.py:109} INFO - [2025-01-12 14:16:09,217] {dag.py:1834} INFO - Sync 3 DAGs
[2025-01-12 14:16:09,224] {logging_mixin.py:109} INFO - [2025-01-12 14:16:09,224] {dag.py:2287} INFO - Setting next_dagrun for example_subdag_operator to 2025-01-10 00:00:00+00:00
[2025-01-12 14:16:09,225] {logging_mixin.py:109} INFO - [2025-01-12 14:16:09,225] {dag.py:2287} INFO - Setting next_dagrun for example_subdag_operator.section-1 to None
[2025-01-12 14:16:09,225] {logging_mixin.py:109} INFO - [2025-01-12 14:16:09,225] {dag.py:2287} INFO - Setting next_dagrun for example_subdag_operator.section-2 to None
[2025-01-12 14:16:09,233] {logging_mixin.py:109} INFO - [2025-01-12 14:16:09,232] {dag.py:1834} INFO - Sync 2 DAGs
[2025-01-12 14:16:09,238] {logging_mixin.py:109} INFO - [2025-01-12 14:16:09,238] {dag.py:2287} INFO - Setting next_dagrun for example_subdag_operator.section-1 to None
[2025-01-12 14:16:09,239] {logging_mixin.py:109} INFO - [2025-01-12 14:16:09,239] {dag.py:2287} INFO - Setting next_dagrun for example_subdag_operator.section-2 to None
[2025-01-12 14:16:09,247] {processor.py:170} INFO - Processing /home/jorge/Desktop/MÁSTER/SEGUNDO CURSO/BDFI/practica_docker/env/lib/python3.8/site-packages/airflow/example_dags/example_subdag_operator.py took 0.066 seconds
[2025-01-12 14:16:44,437] {processor.py:162} INFO - Started process (PID=290262) to work on /home/jorge/Desktop/MÁSTER/SEGUNDO CURSO/BDFI/practica_docker/env/lib/python3.8/site-packages/airflow/example_dags/example_subdag_operator.py
[2025-01-12 14:16:44,439] {processor.py:613} INFO - Processing file /home/jorge/Desktop/MÁSTER/SEGUNDO CURSO/BDFI/practica_docker/env/lib/python3.8/site-packages/airflow/example_dags/example_subdag_operator.py for tasks to queue
[2025-01-12 14:16:44,440] {logging_mixin.py:109} INFO - [2025-01-12 14:16:44,440] {dagbag.py:496} INFO - Filling up the DagBag from /home/jorge/Desktop/MÁSTER/SEGUNDO CURSO/BDFI/practica_docker/env/lib/python3.8/site-packages/airflow/example_dags/example_subdag_operator.py
[2025-01-12 14:16:44,502] {processor.py:623} INFO - DAG(s) dict_keys(['example_subdag_operator.section-1', 'example_subdag_operator.section-2', 'example_subdag_operator']) retrieved from /home/jorge/Desktop/MÁSTER/SEGUNDO CURSO/BDFI/practica_docker/env/lib/python3.8/site-packages/airflow/example_dags/example_subdag_operator.py
[2025-01-12 14:16:44,535] {logging_mixin.py:109} INFO - [2025-01-12 14:16:44,535] {dag.py:1834} INFO - Sync 3 DAGs
[2025-01-12 14:16:44,553] {logging_mixin.py:109} INFO - [2025-01-12 14:16:44,553] {dag.py:2287} INFO - Setting next_dagrun for example_subdag_operator to 2025-01-10 00:00:00+00:00
[2025-01-12 14:16:44,555] {logging_mixin.py:109} INFO - [2025-01-12 14:16:44,554] {dag.py:2287} INFO - Setting next_dagrun for example_subdag_operator.section-1 to None
[2025-01-12 14:16:44,555] {logging_mixin.py:109} INFO - [2025-01-12 14:16:44,555] {dag.py:2287} INFO - Setting next_dagrun for example_subdag_operator.section-2 to None
[2025-01-12 14:16:44,579] {logging_mixin.py:109} INFO - [2025-01-12 14:16:44,579] {dag.py:1834} INFO - Sync 2 DAGs
[2025-01-12 14:16:44,593] {logging_mixin.py:109} INFO - [2025-01-12 14:16:44,593] {dag.py:2287} INFO - Setting next_dagrun for example_subdag_operator.section-1 to None
[2025-01-12 14:16:44,594] {logging_mixin.py:109} INFO - [2025-01-12 14:16:44,594] {dag.py:2287} INFO - Setting next_dagrun for example_subdag_operator.section-2 to None
[2025-01-12 14:16:44,608] {processor.py:170} INFO - Processing /home/jorge/Desktop/MÁSTER/SEGUNDO CURSO/BDFI/practica_docker/env/lib/python3.8/site-packages/airflow/example_dags/example_subdag_operator.py took 0.175 seconds
[2025-01-12 14:17:19,391] {processor.py:162} INFO - Started process (PID=290934) to work on /home/jorge/Desktop/MÁSTER/SEGUNDO CURSO/BDFI/practica_docker/env/lib/python3.8/site-packages/airflow/example_dags/example_subdag_operator.py
[2025-01-12 14:17:19,393] {processor.py:613} INFO - Processing file /home/jorge/Desktop/MÁSTER/SEGUNDO CURSO/BDFI/practica_docker/env/lib/python3.8/site-packages/airflow/example_dags/example_subdag_operator.py for tasks to queue
[2025-01-12 14:17:19,394] {logging_mixin.py:109} INFO - [2025-01-12 14:17:19,394] {dagbag.py:496} INFO - Filling up the DagBag from /home/jorge/Desktop/MÁSTER/SEGUNDO CURSO/BDFI/practica_docker/env/lib/python3.8/site-packages/airflow/example_dags/example_subdag_operator.py
[2025-01-12 14:17:19,411] {processor.py:623} INFO - DAG(s) dict_keys(['example_subdag_operator.section-1', 'example_subdag_operator.section-2', 'example_subdag_operator']) retrieved from /home/jorge/Desktop/MÁSTER/SEGUNDO CURSO/BDFI/practica_docker/env/lib/python3.8/site-packages/airflow/example_dags/example_subdag_operator.py
[2025-01-12 14:17:19,421] {logging_mixin.py:109} INFO - [2025-01-12 14:17:19,421] {dag.py:1834} INFO - Sync 3 DAGs
[2025-01-12 14:17:19,427] {logging_mixin.py:109} INFO - [2025-01-12 14:17:19,427] {dag.py:2287} INFO - Setting next_dagrun for example_subdag_operator to 2025-01-10 00:00:00+00:00
[2025-01-12 14:17:19,428] {logging_mixin.py:109} INFO - [2025-01-12 14:17:19,428] {dag.py:2287} INFO - Setting next_dagrun for example_subdag_operator.section-1 to None
[2025-01-12 14:17:19,428] {logging_mixin.py:109} INFO - [2025-01-12 14:17:19,428] {dag.py:2287} INFO - Setting next_dagrun for example_subdag_operator.section-2 to None
[2025-01-12 14:17:19,438] {logging_mixin.py:109} INFO - [2025-01-12 14:17:19,438] {dag.py:1834} INFO - Sync 2 DAGs
[2025-01-12 14:17:19,443] {logging_mixin.py:109} INFO - [2025-01-12 14:17:19,443] {dag.py:2287} INFO - Setting next_dagrun for example_subdag_operator.section-1 to None
[2025-01-12 14:17:19,444] {logging_mixin.py:109} INFO - [2025-01-12 14:17:19,444] {dag.py:2287} INFO - Setting next_dagrun for example_subdag_operator.section-2 to None
[2025-01-12 14:17:19,450] {processor.py:170} INFO - Processing /home/jorge/Desktop/MÁSTER/SEGUNDO CURSO/BDFI/practica_docker/env/lib/python3.8/site-packages/airflow/example_dags/example_subdag_operator.py took 0.062 seconds
[2025-01-12 14:17:52,943] {processor.py:162} INFO - Started process (PID=291099) to work on /home/jorge/Desktop/MÁSTER/SEGUNDO CURSO/BDFI/practica_docker/env/lib/python3.8/site-packages/airflow/example_dags/example_subdag_operator.py
[2025-01-12 14:17:52,944] {processor.py:613} INFO - Processing file /home/jorge/Desktop/MÁSTER/SEGUNDO CURSO/BDFI/practica_docker/env/lib/python3.8/site-packages/airflow/example_dags/example_subdag_operator.py for tasks to queue
[2025-01-12 14:17:52,945] {logging_mixin.py:109} INFO - [2025-01-12 14:17:52,945] {dagbag.py:496} INFO - Filling up the DagBag from /home/jorge/Desktop/MÁSTER/SEGUNDO CURSO/BDFI/practica_docker/env/lib/python3.8/site-packages/airflow/example_dags/example_subdag_operator.py
[2025-01-12 14:17:52,962] {processor.py:623} INFO - DAG(s) dict_keys(['example_subdag_operator.section-1', 'example_subdag_operator.section-2', 'example_subdag_operator']) retrieved from /home/jorge/Desktop/MÁSTER/SEGUNDO CURSO/BDFI/practica_docker/env/lib/python3.8/site-packages/airflow/example_dags/example_subdag_operator.py
[2025-01-12 14:17:52,974] {logging_mixin.py:109} INFO - [2025-01-12 14:17:52,973] {dag.py:1834} INFO - Sync 3 DAGs
[2025-01-12 14:17:52,983] {logging_mixin.py:109} INFO - [2025-01-12 14:17:52,983] {dag.py:2287} INFO - Setting next_dagrun for example_subdag_operator to 2025-01-10 00:00:00+00:00
[2025-01-12 14:17:52,984] {logging_mixin.py:109} INFO - [2025-01-12 14:17:52,984] {dag.py:2287} INFO - Setting next_dagrun for example_subdag_operator.section-1 to None
[2025-01-12 14:17:52,984] {logging_mixin.py:109} INFO - [2025-01-12 14:17:52,984] {dag.py:2287} INFO - Setting next_dagrun for example_subdag_operator.section-2 to None
[2025-01-12 14:17:52,993] {logging_mixin.py:109} INFO - [2025-01-12 14:17:52,993] {dag.py:1834} INFO - Sync 2 DAGs
[2025-01-12 14:17:52,998] {logging_mixin.py:109} INFO - [2025-01-12 14:17:52,998] {dag.py:2287} INFO - Setting next_dagrun for example_subdag_operator.section-1 to None
[2025-01-12 14:17:52,998] {logging_mixin.py:109} INFO - [2025-01-12 14:17:52,998] {dag.py:2287} INFO - Setting next_dagrun for example_subdag_operator.section-2 to None
[2025-01-12 14:17:53,006] {processor.py:170} INFO - Processing /home/jorge/Desktop/MÁSTER/SEGUNDO CURSO/BDFI/practica_docker/env/lib/python3.8/site-packages/airflow/example_dags/example_subdag_operator.py took 0.065 seconds
[2025-01-12 14:18:26,175] {processor.py:162} INFO - Started process (PID=291543) to work on /home/jorge/Desktop/MÁSTER/SEGUNDO CURSO/BDFI/practica_docker/env/lib/python3.8/site-packages/airflow/example_dags/example_subdag_operator.py
[2025-01-12 14:18:26,176] {processor.py:613} INFO - Processing file /home/jorge/Desktop/MÁSTER/SEGUNDO CURSO/BDFI/practica_docker/env/lib/python3.8/site-packages/airflow/example_dags/example_subdag_operator.py for tasks to queue
[2025-01-12 14:18:26,177] {logging_mixin.py:109} INFO - [2025-01-12 14:18:26,177] {dagbag.py:496} INFO - Filling up the DagBag from /home/jorge/Desktop/MÁSTER/SEGUNDO CURSO/BDFI/practica_docker/env/lib/python3.8/site-packages/airflow/example_dags/example_subdag_operator.py
[2025-01-12 14:18:26,200] {processor.py:623} INFO - DAG(s) dict_keys(['example_subdag_operator.section-1', 'example_subdag_operator.section-2', 'example_subdag_operator']) retrieved from /home/jorge/Desktop/MÁSTER/SEGUNDO CURSO/BDFI/practica_docker/env/lib/python3.8/site-packages/airflow/example_dags/example_subdag_operator.py
[2025-01-12 14:18:26,214] {logging_mixin.py:109} INFO - [2025-01-12 14:18:26,214] {dag.py:1834} INFO - Sync 3 DAGs
[2025-01-12 14:18:26,225] {logging_mixin.py:109} INFO - [2025-01-12 14:18:26,225] {dag.py:2287} INFO - Setting next_dagrun for example_subdag_operator to 2025-01-10 00:00:00+00:00
[2025-01-12 14:18:26,226] {logging_mixin.py:109} INFO - [2025-01-12 14:18:26,226] {dag.py:2287} INFO - Setting next_dagrun for example_subdag_operator.section-1 to None
[2025-01-12 14:18:26,226] {logging_mixin.py:109} INFO - [2025-01-12 14:18:26,226] {dag.py:2287} INFO - Setting next_dagrun for example_subdag_operator.section-2 to None
[2025-01-12 14:18:26,238] {logging_mixin.py:109} INFO - [2025-01-12 14:18:26,238] {dag.py:1834} INFO - Sync 2 DAGs
[2025-01-12 14:18:26,243] {logging_mixin.py:109} INFO - [2025-01-12 14:18:26,242] {dag.py:2287} INFO - Setting next_dagrun for example_subdag_operator.section-1 to None
[2025-01-12 14:18:26,243] {logging_mixin.py:109} INFO - [2025-01-12 14:18:26,243] {dag.py:2287} INFO - Setting next_dagrun for example_subdag_operator.section-2 to None
[2025-01-12 14:18:26,250] {processor.py:170} INFO - Processing /home/jorge/Desktop/MÁSTER/SEGUNDO CURSO/BDFI/practica_docker/env/lib/python3.8/site-packages/airflow/example_dags/example_subdag_operator.py took 0.076 seconds
[2025-01-12 14:18:59,058] {processor.py:162} INFO - Started process (PID=291912) to work on /home/jorge/Desktop/MÁSTER/SEGUNDO CURSO/BDFI/practica_docker/env/lib/python3.8/site-packages/airflow/example_dags/example_subdag_operator.py
[2025-01-12 14:18:59,060] {processor.py:613} INFO - Processing file /home/jorge/Desktop/MÁSTER/SEGUNDO CURSO/BDFI/practica_docker/env/lib/python3.8/site-packages/airflow/example_dags/example_subdag_operator.py for tasks to queue
[2025-01-12 14:18:59,061] {logging_mixin.py:109} INFO - [2025-01-12 14:18:59,061] {dagbag.py:496} INFO - Filling up the DagBag from /home/jorge/Desktop/MÁSTER/SEGUNDO CURSO/BDFI/practica_docker/env/lib/python3.8/site-packages/airflow/example_dags/example_subdag_operator.py
[2025-01-12 14:18:59,088] {processor.py:623} INFO - DAG(s) dict_keys(['example_subdag_operator.section-1', 'example_subdag_operator.section-2', 'example_subdag_operator']) retrieved from /home/jorge/Desktop/MÁSTER/SEGUNDO CURSO/BDFI/practica_docker/env/lib/python3.8/site-packages/airflow/example_dags/example_subdag_operator.py
[2025-01-12 14:18:59,103] {logging_mixin.py:109} INFO - [2025-01-12 14:18:59,103] {dag.py:1834} INFO - Sync 3 DAGs
[2025-01-12 14:18:59,114] {logging_mixin.py:109} INFO - [2025-01-12 14:18:59,114] {dag.py:2287} INFO - Setting next_dagrun for example_subdag_operator to 2025-01-10 00:00:00+00:00
[2025-01-12 14:18:59,115] {logging_mixin.py:109} INFO - [2025-01-12 14:18:59,115] {dag.py:2287} INFO - Setting next_dagrun for example_subdag_operator.section-1 to None
[2025-01-12 14:18:59,115] {logging_mixin.py:109} INFO - [2025-01-12 14:18:59,115] {dag.py:2287} INFO - Setting next_dagrun for example_subdag_operator.section-2 to None
[2025-01-12 14:18:59,128] {logging_mixin.py:109} INFO - [2025-01-12 14:18:59,128] {dag.py:1834} INFO - Sync 2 DAGs
[2025-01-12 14:18:59,137] {logging_mixin.py:109} INFO - [2025-01-12 14:18:59,137] {dag.py:2287} INFO - Setting next_dagrun for example_subdag_operator.section-1 to None
[2025-01-12 14:18:59,138] {logging_mixin.py:109} INFO - [2025-01-12 14:18:59,138] {dag.py:2287} INFO - Setting next_dagrun for example_subdag_operator.section-2 to None
[2025-01-12 14:18:59,147] {processor.py:170} INFO - Processing /home/jorge/Desktop/MÁSTER/SEGUNDO CURSO/BDFI/practica_docker/env/lib/python3.8/site-packages/airflow/example_dags/example_subdag_operator.py took 0.092 seconds
[2025-01-12 14:19:34,913] {processor.py:162} INFO - Started process (PID=292880) to work on /home/jorge/Desktop/MÁSTER/SEGUNDO CURSO/BDFI/practica_docker/env/lib/python3.8/site-packages/airflow/example_dags/example_subdag_operator.py
[2025-01-12 14:19:34,919] {processor.py:613} INFO - Processing file /home/jorge/Desktop/MÁSTER/SEGUNDO CURSO/BDFI/practica_docker/env/lib/python3.8/site-packages/airflow/example_dags/example_subdag_operator.py for tasks to queue
[2025-01-12 14:19:34,920] {logging_mixin.py:109} INFO - [2025-01-12 14:19:34,920] {dagbag.py:496} INFO - Filling up the DagBag from /home/jorge/Desktop/MÁSTER/SEGUNDO CURSO/BDFI/practica_docker/env/lib/python3.8/site-packages/airflow/example_dags/example_subdag_operator.py
[2025-01-12 14:19:34,944] {processor.py:623} INFO - DAG(s) dict_keys(['example_subdag_operator.section-1', 'example_subdag_operator.section-2', 'example_subdag_operator']) retrieved from /home/jorge/Desktop/MÁSTER/SEGUNDO CURSO/BDFI/practica_docker/env/lib/python3.8/site-packages/airflow/example_dags/example_subdag_operator.py
[2025-01-12 14:19:34,959] {logging_mixin.py:109} INFO - [2025-01-12 14:19:34,958] {dag.py:1834} INFO - Sync 3 DAGs
[2025-01-12 14:19:34,969] {logging_mixin.py:109} INFO - [2025-01-12 14:19:34,969] {dag.py:2287} INFO - Setting next_dagrun for example_subdag_operator to 2025-01-10 00:00:00+00:00
[2025-01-12 14:19:34,970] {logging_mixin.py:109} INFO - [2025-01-12 14:19:34,970] {dag.py:2287} INFO - Setting next_dagrun for example_subdag_operator.section-1 to None
[2025-01-12 14:19:34,971] {logging_mixin.py:109} INFO - [2025-01-12 14:19:34,971] {dag.py:2287} INFO - Setting next_dagrun for example_subdag_operator.section-2 to None
[2025-01-12 14:19:34,981] {logging_mixin.py:109} INFO - [2025-01-12 14:19:34,981] {dag.py:1834} INFO - Sync 2 DAGs
[2025-01-12 14:19:34,990] {logging_mixin.py:109} INFO - [2025-01-12 14:19:34,989] {dag.py:2287} INFO - Setting next_dagrun for example_subdag_operator.section-1 to None
[2025-01-12 14:19:34,990] {logging_mixin.py:109} INFO - [2025-01-12 14:19:34,990] {dag.py:2287} INFO - Setting next_dagrun for example_subdag_operator.section-2 to None
[2025-01-12 14:19:35,001] {processor.py:170} INFO - Processing /home/jorge/Desktop/MÁSTER/SEGUNDO CURSO/BDFI/practica_docker/env/lib/python3.8/site-packages/airflow/example_dags/example_subdag_operator.py took 0.091 seconds
[2025-01-12 14:20:08,868] {processor.py:162} INFO - Started process (PID=293138) to work on /home/jorge/Desktop/MÁSTER/SEGUNDO CURSO/BDFI/practica_docker/env/lib/python3.8/site-packages/airflow/example_dags/example_subdag_operator.py
[2025-01-12 14:20:08,870] {processor.py:613} INFO - Processing file /home/jorge/Desktop/MÁSTER/SEGUNDO CURSO/BDFI/practica_docker/env/lib/python3.8/site-packages/airflow/example_dags/example_subdag_operator.py for tasks to queue
[2025-01-12 14:20:08,870] {logging_mixin.py:109} INFO - [2025-01-12 14:20:08,870] {dagbag.py:496} INFO - Filling up the DagBag from /home/jorge/Desktop/MÁSTER/SEGUNDO CURSO/BDFI/practica_docker/env/lib/python3.8/site-packages/airflow/example_dags/example_subdag_operator.py
[2025-01-12 14:20:08,885] {processor.py:623} INFO - DAG(s) dict_keys(['example_subdag_operator.section-1', 'example_subdag_operator.section-2', 'example_subdag_operator']) retrieved from /home/jorge/Desktop/MÁSTER/SEGUNDO CURSO/BDFI/practica_docker/env/lib/python3.8/site-packages/airflow/example_dags/example_subdag_operator.py
[2025-01-12 14:20:08,893] {logging_mixin.py:109} INFO - [2025-01-12 14:20:08,893] {dag.py:1834} INFO - Sync 3 DAGs
[2025-01-12 14:20:08,899] {logging_mixin.py:109} INFO - [2025-01-12 14:20:08,899] {dag.py:2287} INFO - Setting next_dagrun for example_subdag_operator to 2025-01-10 00:00:00+00:00
[2025-01-12 14:20:08,900] {logging_mixin.py:109} INFO - [2025-01-12 14:20:08,900] {dag.py:2287} INFO - Setting next_dagrun for example_subdag_operator.section-1 to None
[2025-01-12 14:20:08,900] {logging_mixin.py:109} INFO - [2025-01-12 14:20:08,900] {dag.py:2287} INFO - Setting next_dagrun for example_subdag_operator.section-2 to None
[2025-01-12 14:20:08,907] {logging_mixin.py:109} INFO - [2025-01-12 14:20:08,907] {dag.py:1834} INFO - Sync 2 DAGs
[2025-01-12 14:20:08,910] {logging_mixin.py:109} INFO - [2025-01-12 14:20:08,910] {dag.py:2287} INFO - Setting next_dagrun for example_subdag_operator.section-1 to None
[2025-01-12 14:20:08,911] {logging_mixin.py:109} INFO - [2025-01-12 14:20:08,911] {dag.py:2287} INFO - Setting next_dagrun for example_subdag_operator.section-2 to None
[2025-01-12 14:20:08,916] {processor.py:170} INFO - Processing /home/jorge/Desktop/MÁSTER/SEGUNDO CURSO/BDFI/practica_docker/env/lib/python3.8/site-packages/airflow/example_dags/example_subdag_operator.py took 0.052 seconds
[2025-01-12 14:20:47,249] {processor.py:162} INFO - Started process (PID=293300) to work on /home/jorge/Desktop/MÁSTER/SEGUNDO CURSO/BDFI/practica_docker/env/lib/python3.8/site-packages/airflow/example_dags/example_subdag_operator.py
[2025-01-12 14:20:47,253] {processor.py:613} INFO - Processing file /home/jorge/Desktop/MÁSTER/SEGUNDO CURSO/BDFI/practica_docker/env/lib/python3.8/site-packages/airflow/example_dags/example_subdag_operator.py for tasks to queue
[2025-01-12 14:20:47,255] {logging_mixin.py:109} INFO - [2025-01-12 14:20:47,255] {dagbag.py:496} INFO - Filling up the DagBag from /home/jorge/Desktop/MÁSTER/SEGUNDO CURSO/BDFI/practica_docker/env/lib/python3.8/site-packages/airflow/example_dags/example_subdag_operator.py
[2025-01-12 14:20:47,394] {processor.py:623} INFO - DAG(s) dict_keys(['example_subdag_operator.section-1', 'example_subdag_operator.section-2', 'example_subdag_operator']) retrieved from /home/jorge/Desktop/MÁSTER/SEGUNDO CURSO/BDFI/practica_docker/env/lib/python3.8/site-packages/airflow/example_dags/example_subdag_operator.py
[2025-01-12 14:20:47,604] {logging_mixin.py:109} INFO - [2025-01-12 14:20:47,571] {dag.py:1834} INFO - Sync 3 DAGs
[2025-01-12 14:20:47,997] {logging_mixin.py:109} INFO - [2025-01-12 14:20:47,958] {dag.py:2287} INFO - Setting next_dagrun for example_subdag_operator to 2025-01-10 00:00:00+00:00
[2025-01-12 14:20:48,083] {logging_mixin.py:109} INFO - [2025-01-12 14:20:48,050] {dag.py:2287} INFO - Setting next_dagrun for example_subdag_operator.section-1 to None
[2025-01-12 14:20:48,215] {logging_mixin.py:109} INFO - [2025-01-12 14:20:48,136] {dag.py:2287} INFO - Setting next_dagrun for example_subdag_operator.section-2 to None
[2025-01-12 14:20:49,870] {logging_mixin.py:109} INFO - [2025-01-12 14:20:49,710] {dag.py:1834} INFO - Sync 2 DAGs
[2025-01-12 14:21:26,741] {logging_mixin.py:109} INFO - [2025-01-12 14:21:23,436] {dag.py:2287} INFO - Setting next_dagrun for example_subdag_operator.section-1 to None
[2025-01-12 14:23:24,325] {logging_mixin.py:109} INFO - [2025-01-12 14:22:34,542] {dag.py:2287} INFO - Setting next_dagrun for example_subdag_operator.section-2 to None
