[2025-01-12 13:51:23,130] {processor.py:162} INFO - Started process (PID=281107) to work on /home/jorge/Desktop/MÁSTER/SEGUNDO CURSO/BDFI/practica_docker/env/lib/python3.8/site-packages/airflow/example_dags/example_branch_python_dop_operator_3.py
[2025-01-12 13:51:23,131] {processor.py:613} INFO - Processing file /home/jorge/Desktop/MÁSTER/SEGUNDO CURSO/BDFI/practica_docker/env/lib/python3.8/site-packages/airflow/example_dags/example_branch_python_dop_operator_3.py for tasks to queue
[2025-01-12 13:51:23,132] {logging_mixin.py:109} INFO - [2025-01-12 13:51:23,132] {dagbag.py:496} INFO - Filling up the DagBag from /home/jorge/Desktop/MÁSTER/SEGUNDO CURSO/BDFI/practica_docker/env/lib/python3.8/site-packages/airflow/example_dags/example_branch_python_dop_operator_3.py
[2025-01-12 13:51:23,146] {processor.py:623} INFO - DAG(s) dict_keys(['example_branch_dop_operator_v3']) retrieved from /home/jorge/Desktop/MÁSTER/SEGUNDO CURSO/BDFI/practica_docker/env/lib/python3.8/site-packages/airflow/example_dags/example_branch_python_dop_operator_3.py
[2025-01-12 13:51:23,155] {logging_mixin.py:109} INFO - [2025-01-12 13:51:23,155] {dag.py:1834} INFO - Sync 1 DAGs
[2025-01-12 13:51:23,169] {logging_mixin.py:109} INFO - [2025-01-12 13:51:23,169] {dag.py:2287} INFO - Setting next_dagrun for example_branch_dop_operator_v3 to 2025-01-10 00:00:00+00:00
[2025-01-12 13:51:23,178] {processor.py:170} INFO - Processing /home/jorge/Desktop/MÁSTER/SEGUNDO CURSO/BDFI/practica_docker/env/lib/python3.8/site-packages/airflow/example_dags/example_branch_python_dop_operator_3.py took 0.053 seconds
[2025-01-12 13:51:56,620] {processor.py:162} INFO - Started process (PID=281295) to work on /home/jorge/Desktop/MÁSTER/SEGUNDO CURSO/BDFI/practica_docker/env/lib/python3.8/site-packages/airflow/example_dags/example_branch_python_dop_operator_3.py
[2025-01-12 13:51:56,626] {processor.py:613} INFO - Processing file /home/jorge/Desktop/MÁSTER/SEGUNDO CURSO/BDFI/practica_docker/env/lib/python3.8/site-packages/airflow/example_dags/example_branch_python_dop_operator_3.py for tasks to queue
[2025-01-12 13:51:56,627] {logging_mixin.py:109} INFO - [2025-01-12 13:51:56,627] {dagbag.py:496} INFO - Filling up the DagBag from /home/jorge/Desktop/MÁSTER/SEGUNDO CURSO/BDFI/practica_docker/env/lib/python3.8/site-packages/airflow/example_dags/example_branch_python_dop_operator_3.py
[2025-01-12 13:51:56,640] {processor.py:623} INFO - DAG(s) dict_keys(['example_branch_dop_operator_v3']) retrieved from /home/jorge/Desktop/MÁSTER/SEGUNDO CURSO/BDFI/practica_docker/env/lib/python3.8/site-packages/airflow/example_dags/example_branch_python_dop_operator_3.py
[2025-01-12 13:51:56,649] {logging_mixin.py:109} INFO - [2025-01-12 13:51:56,649] {dag.py:1834} INFO - Sync 1 DAGs
[2025-01-12 13:51:56,663] {logging_mixin.py:109} INFO - [2025-01-12 13:51:56,663] {dag.py:2287} INFO - Setting next_dagrun for example_branch_dop_operator_v3 to 2025-01-10 00:00:00+00:00
[2025-01-12 13:51:56,672] {processor.py:170} INFO - Processing /home/jorge/Desktop/MÁSTER/SEGUNDO CURSO/BDFI/practica_docker/env/lib/python3.8/site-packages/airflow/example_dags/example_branch_python_dop_operator_3.py took 0.056 seconds
[2025-01-12 13:52:29,478] {processor.py:162} INFO - Started process (PID=281451) to work on /home/jorge/Desktop/MÁSTER/SEGUNDO CURSO/BDFI/practica_docker/env/lib/python3.8/site-packages/airflow/example_dags/example_branch_python_dop_operator_3.py
[2025-01-12 13:52:29,478] {processor.py:613} INFO - Processing file /home/jorge/Desktop/MÁSTER/SEGUNDO CURSO/BDFI/practica_docker/env/lib/python3.8/site-packages/airflow/example_dags/example_branch_python_dop_operator_3.py for tasks to queue
[2025-01-12 13:52:29,479] {logging_mixin.py:109} INFO - [2025-01-12 13:52:29,479] {dagbag.py:496} INFO - Filling up the DagBag from /home/jorge/Desktop/MÁSTER/SEGUNDO CURSO/BDFI/practica_docker/env/lib/python3.8/site-packages/airflow/example_dags/example_branch_python_dop_operator_3.py
[2025-01-12 13:52:29,509] {processor.py:623} INFO - DAG(s) dict_keys(['example_branch_dop_operator_v3']) retrieved from /home/jorge/Desktop/MÁSTER/SEGUNDO CURSO/BDFI/practica_docker/env/lib/python3.8/site-packages/airflow/example_dags/example_branch_python_dop_operator_3.py
[2025-01-12 13:52:29,531] {logging_mixin.py:109} INFO - [2025-01-12 13:52:29,530] {dag.py:1834} INFO - Sync 1 DAGs
[2025-01-12 13:52:29,556] {logging_mixin.py:109} INFO - [2025-01-12 13:52:29,556] {dag.py:2287} INFO - Setting next_dagrun for example_branch_dop_operator_v3 to 2025-01-10 00:00:00+00:00
[2025-01-12 13:52:29,573] {processor.py:170} INFO - Processing /home/jorge/Desktop/MÁSTER/SEGUNDO CURSO/BDFI/practica_docker/env/lib/python3.8/site-packages/airflow/example_dags/example_branch_python_dop_operator_3.py took 0.099 seconds
[2025-01-12 13:53:12,477] {processor.py:162} INFO - Started process (PID=281723) to work on /home/jorge/Desktop/MÁSTER/SEGUNDO CURSO/BDFI/practica_docker/env/lib/python3.8/site-packages/airflow/example_dags/example_branch_python_dop_operator_3.py
[2025-01-12 13:53:12,479] {processor.py:613} INFO - Processing file /home/jorge/Desktop/MÁSTER/SEGUNDO CURSO/BDFI/practica_docker/env/lib/python3.8/site-packages/airflow/example_dags/example_branch_python_dop_operator_3.py for tasks to queue
[2025-01-12 13:53:12,481] {logging_mixin.py:109} INFO - [2025-01-12 13:53:12,480] {dagbag.py:496} INFO - Filling up the DagBag from /home/jorge/Desktop/MÁSTER/SEGUNDO CURSO/BDFI/practica_docker/env/lib/python3.8/site-packages/airflow/example_dags/example_branch_python_dop_operator_3.py
[2025-01-12 13:53:12,503] {processor.py:623} INFO - DAG(s) dict_keys(['example_branch_dop_operator_v3']) retrieved from /home/jorge/Desktop/MÁSTER/SEGUNDO CURSO/BDFI/practica_docker/env/lib/python3.8/site-packages/airflow/example_dags/example_branch_python_dop_operator_3.py
[2025-01-12 13:53:12,527] {logging_mixin.py:109} INFO - [2025-01-12 13:53:12,527] {dag.py:1834} INFO - Sync 1 DAGs
[2025-01-12 13:53:12,555] {logging_mixin.py:109} INFO - [2025-01-12 13:53:12,555] {dag.py:2287} INFO - Setting next_dagrun for example_branch_dop_operator_v3 to 2025-01-10 00:00:00+00:00
[2025-01-12 13:53:12,571] {processor.py:170} INFO - Processing /home/jorge/Desktop/MÁSTER/SEGUNDO CURSO/BDFI/practica_docker/env/lib/python3.8/site-packages/airflow/example_dags/example_branch_python_dop_operator_3.py took 0.099 seconds
[2025-01-12 13:53:46,292] {processor.py:162} INFO - Started process (PID=281891) to work on /home/jorge/Desktop/MÁSTER/SEGUNDO CURSO/BDFI/practica_docker/env/lib/python3.8/site-packages/airflow/example_dags/example_branch_python_dop_operator_3.py
[2025-01-12 13:53:46,293] {processor.py:613} INFO - Processing file /home/jorge/Desktop/MÁSTER/SEGUNDO CURSO/BDFI/practica_docker/env/lib/python3.8/site-packages/airflow/example_dags/example_branch_python_dop_operator_3.py for tasks to queue
[2025-01-12 13:53:46,294] {logging_mixin.py:109} INFO - [2025-01-12 13:53:46,294] {dagbag.py:496} INFO - Filling up the DagBag from /home/jorge/Desktop/MÁSTER/SEGUNDO CURSO/BDFI/practica_docker/env/lib/python3.8/site-packages/airflow/example_dags/example_branch_python_dop_operator_3.py
[2025-01-12 13:53:46,306] {processor.py:623} INFO - DAG(s) dict_keys(['example_branch_dop_operator_v3']) retrieved from /home/jorge/Desktop/MÁSTER/SEGUNDO CURSO/BDFI/practica_docker/env/lib/python3.8/site-packages/airflow/example_dags/example_branch_python_dop_operator_3.py
[2025-01-12 13:53:46,318] {logging_mixin.py:109} INFO - [2025-01-12 13:53:46,318] {dag.py:1834} INFO - Sync 1 DAGs
[2025-01-12 13:53:46,332] {logging_mixin.py:109} INFO - [2025-01-12 13:53:46,332] {dag.py:2287} INFO - Setting next_dagrun for example_branch_dop_operator_v3 to 2025-01-10 00:00:00+00:00
[2025-01-12 13:53:46,342] {processor.py:170} INFO - Processing /home/jorge/Desktop/MÁSTER/SEGUNDO CURSO/BDFI/practica_docker/env/lib/python3.8/site-packages/airflow/example_dags/example_branch_python_dop_operator_3.py took 0.051 seconds
[2025-01-12 13:54:20,749] {processor.py:162} INFO - Started process (PID=282061) to work on /home/jorge/Desktop/MÁSTER/SEGUNDO CURSO/BDFI/practica_docker/env/lib/python3.8/site-packages/airflow/example_dags/example_branch_python_dop_operator_3.py
[2025-01-12 13:54:20,750] {processor.py:613} INFO - Processing file /home/jorge/Desktop/MÁSTER/SEGUNDO CURSO/BDFI/practica_docker/env/lib/python3.8/site-packages/airflow/example_dags/example_branch_python_dop_operator_3.py for tasks to queue
[2025-01-12 13:54:20,750] {logging_mixin.py:109} INFO - [2025-01-12 13:54:20,750] {dagbag.py:496} INFO - Filling up the DagBag from /home/jorge/Desktop/MÁSTER/SEGUNDO CURSO/BDFI/practica_docker/env/lib/python3.8/site-packages/airflow/example_dags/example_branch_python_dop_operator_3.py
[2025-01-12 13:54:20,776] {processor.py:623} INFO - DAG(s) dict_keys(['example_branch_dop_operator_v3']) retrieved from /home/jorge/Desktop/MÁSTER/SEGUNDO CURSO/BDFI/practica_docker/env/lib/python3.8/site-packages/airflow/example_dags/example_branch_python_dop_operator_3.py
[2025-01-12 13:54:20,793] {logging_mixin.py:109} INFO - [2025-01-12 13:54:20,793] {dag.py:1834} INFO - Sync 1 DAGs
[2025-01-12 13:54:20,808] {logging_mixin.py:109} INFO - [2025-01-12 13:54:20,808] {dag.py:2287} INFO - Setting next_dagrun for example_branch_dop_operator_v3 to 2025-01-10 00:00:00+00:00
[2025-01-12 13:54:20,820] {processor.py:170} INFO - Processing /home/jorge/Desktop/MÁSTER/SEGUNDO CURSO/BDFI/practica_docker/env/lib/python3.8/site-packages/airflow/example_dags/example_branch_python_dop_operator_3.py took 0.074 seconds
[2025-01-12 13:54:54,030] {processor.py:162} INFO - Started process (PID=282209) to work on /home/jorge/Desktop/MÁSTER/SEGUNDO CURSO/BDFI/practica_docker/env/lib/python3.8/site-packages/airflow/example_dags/example_branch_python_dop_operator_3.py
[2025-01-12 13:54:54,032] {processor.py:613} INFO - Processing file /home/jorge/Desktop/MÁSTER/SEGUNDO CURSO/BDFI/practica_docker/env/lib/python3.8/site-packages/airflow/example_dags/example_branch_python_dop_operator_3.py for tasks to queue
[2025-01-12 13:54:54,032] {logging_mixin.py:109} INFO - [2025-01-12 13:54:54,032] {dagbag.py:496} INFO - Filling up the DagBag from /home/jorge/Desktop/MÁSTER/SEGUNDO CURSO/BDFI/practica_docker/env/lib/python3.8/site-packages/airflow/example_dags/example_branch_python_dop_operator_3.py
[2025-01-12 13:54:54,066] {processor.py:623} INFO - DAG(s) dict_keys(['example_branch_dop_operator_v3']) retrieved from /home/jorge/Desktop/MÁSTER/SEGUNDO CURSO/BDFI/practica_docker/env/lib/python3.8/site-packages/airflow/example_dags/example_branch_python_dop_operator_3.py
[2025-01-12 13:54:54,088] {logging_mixin.py:109} INFO - [2025-01-12 13:54:54,087] {dag.py:1834} INFO - Sync 1 DAGs
[2025-01-12 13:54:54,107] {logging_mixin.py:109} INFO - [2025-01-12 13:54:54,106] {dag.py:2287} INFO - Setting next_dagrun for example_branch_dop_operator_v3 to 2025-01-10 00:00:00+00:00
[2025-01-12 13:54:54,119] {processor.py:170} INFO - Processing /home/jorge/Desktop/MÁSTER/SEGUNDO CURSO/BDFI/practica_docker/env/lib/python3.8/site-packages/airflow/example_dags/example_branch_python_dop_operator_3.py took 0.092 seconds
[2025-01-12 13:55:26,709] {processor.py:162} INFO - Started process (PID=282380) to work on /home/jorge/Desktop/MÁSTER/SEGUNDO CURSO/BDFI/practica_docker/env/lib/python3.8/site-packages/airflow/example_dags/example_branch_python_dop_operator_3.py
[2025-01-12 13:55:26,712] {processor.py:613} INFO - Processing file /home/jorge/Desktop/MÁSTER/SEGUNDO CURSO/BDFI/practica_docker/env/lib/python3.8/site-packages/airflow/example_dags/example_branch_python_dop_operator_3.py for tasks to queue
[2025-01-12 13:55:26,713] {logging_mixin.py:109} INFO - [2025-01-12 13:55:26,713] {dagbag.py:496} INFO - Filling up the DagBag from /home/jorge/Desktop/MÁSTER/SEGUNDO CURSO/BDFI/practica_docker/env/lib/python3.8/site-packages/airflow/example_dags/example_branch_python_dop_operator_3.py
[2025-01-12 13:55:26,734] {processor.py:623} INFO - DAG(s) dict_keys(['example_branch_dop_operator_v3']) retrieved from /home/jorge/Desktop/MÁSTER/SEGUNDO CURSO/BDFI/practica_docker/env/lib/python3.8/site-packages/airflow/example_dags/example_branch_python_dop_operator_3.py
[2025-01-12 13:55:26,757] {logging_mixin.py:109} INFO - [2025-01-12 13:55:26,757] {dag.py:1834} INFO - Sync 1 DAGs
[2025-01-12 13:55:26,789] {logging_mixin.py:109} INFO - [2025-01-12 13:55:26,789] {dag.py:2287} INFO - Setting next_dagrun for example_branch_dop_operator_v3 to 2025-01-10 00:00:00+00:00
[2025-01-12 13:55:26,810] {processor.py:170} INFO - Processing /home/jorge/Desktop/MÁSTER/SEGUNDO CURSO/BDFI/practica_docker/env/lib/python3.8/site-packages/airflow/example_dags/example_branch_python_dop_operator_3.py took 0.106 seconds
[2025-01-12 13:56:02,131] {processor.py:162} INFO - Started process (PID=282688) to work on /home/jorge/Desktop/MÁSTER/SEGUNDO CURSO/BDFI/practica_docker/env/lib/python3.8/site-packages/airflow/example_dags/example_branch_python_dop_operator_3.py
[2025-01-12 13:56:02,132] {processor.py:613} INFO - Processing file /home/jorge/Desktop/MÁSTER/SEGUNDO CURSO/BDFI/practica_docker/env/lib/python3.8/site-packages/airflow/example_dags/example_branch_python_dop_operator_3.py for tasks to queue
[2025-01-12 13:56:02,132] {logging_mixin.py:109} INFO - [2025-01-12 13:56:02,132] {dagbag.py:496} INFO - Filling up the DagBag from /home/jorge/Desktop/MÁSTER/SEGUNDO CURSO/BDFI/practica_docker/env/lib/python3.8/site-packages/airflow/example_dags/example_branch_python_dop_operator_3.py
[2025-01-12 13:56:02,163] {processor.py:623} INFO - DAG(s) dict_keys(['example_branch_dop_operator_v3']) retrieved from /home/jorge/Desktop/MÁSTER/SEGUNDO CURSO/BDFI/practica_docker/env/lib/python3.8/site-packages/airflow/example_dags/example_branch_python_dop_operator_3.py
[2025-01-12 13:56:02,185] {logging_mixin.py:109} INFO - [2025-01-12 13:56:02,185] {dag.py:1834} INFO - Sync 1 DAGs
[2025-01-12 13:56:02,204] {logging_mixin.py:109} INFO - [2025-01-12 13:56:02,204] {dag.py:2287} INFO - Setting next_dagrun for example_branch_dop_operator_v3 to 2025-01-10 00:00:00+00:00
[2025-01-12 13:56:02,218] {processor.py:170} INFO - Processing /home/jorge/Desktop/MÁSTER/SEGUNDO CURSO/BDFI/practica_docker/env/lib/python3.8/site-packages/airflow/example_dags/example_branch_python_dop_operator_3.py took 0.093 seconds
[2025-01-12 13:56:38,151] {processor.py:162} INFO - Started process (PID=282966) to work on /home/jorge/Desktop/MÁSTER/SEGUNDO CURSO/BDFI/practica_docker/env/lib/python3.8/site-packages/airflow/example_dags/example_branch_python_dop_operator_3.py
[2025-01-12 13:56:38,153] {processor.py:613} INFO - Processing file /home/jorge/Desktop/MÁSTER/SEGUNDO CURSO/BDFI/practica_docker/env/lib/python3.8/site-packages/airflow/example_dags/example_branch_python_dop_operator_3.py for tasks to queue
[2025-01-12 13:56:38,154] {logging_mixin.py:109} INFO - [2025-01-12 13:56:38,153] {dagbag.py:496} INFO - Filling up the DagBag from /home/jorge/Desktop/MÁSTER/SEGUNDO CURSO/BDFI/practica_docker/env/lib/python3.8/site-packages/airflow/example_dags/example_branch_python_dop_operator_3.py
[2025-01-12 13:56:38,180] {processor.py:623} INFO - DAG(s) dict_keys(['example_branch_dop_operator_v3']) retrieved from /home/jorge/Desktop/MÁSTER/SEGUNDO CURSO/BDFI/practica_docker/env/lib/python3.8/site-packages/airflow/example_dags/example_branch_python_dop_operator_3.py
[2025-01-12 13:56:38,198] {logging_mixin.py:109} INFO - [2025-01-12 13:56:38,197] {dag.py:1834} INFO - Sync 1 DAGs
[2025-01-12 13:56:38,224] {logging_mixin.py:109} INFO - [2025-01-12 13:56:38,223] {dag.py:2287} INFO - Setting next_dagrun for example_branch_dop_operator_v3 to 2025-01-10 00:00:00+00:00
[2025-01-12 13:56:38,241] {processor.py:170} INFO - Processing /home/jorge/Desktop/MÁSTER/SEGUNDO CURSO/BDFI/practica_docker/env/lib/python3.8/site-packages/airflow/example_dags/example_branch_python_dop_operator_3.py took 0.093 seconds
[2025-01-12 13:57:15,219] {processor.py:162} INFO - Started process (PID=283156) to work on /home/jorge/Desktop/MÁSTER/SEGUNDO CURSO/BDFI/practica_docker/env/lib/python3.8/site-packages/airflow/example_dags/example_branch_python_dop_operator_3.py
[2025-01-12 13:57:15,221] {processor.py:613} INFO - Processing file /home/jorge/Desktop/MÁSTER/SEGUNDO CURSO/BDFI/practica_docker/env/lib/python3.8/site-packages/airflow/example_dags/example_branch_python_dop_operator_3.py for tasks to queue
[2025-01-12 13:57:15,222] {logging_mixin.py:109} INFO - [2025-01-12 13:57:15,222] {dagbag.py:496} INFO - Filling up the DagBag from /home/jorge/Desktop/MÁSTER/SEGUNDO CURSO/BDFI/practica_docker/env/lib/python3.8/site-packages/airflow/example_dags/example_branch_python_dop_operator_3.py
[2025-01-12 13:57:15,260] {processor.py:623} INFO - DAG(s) dict_keys(['example_branch_dop_operator_v3']) retrieved from /home/jorge/Desktop/MÁSTER/SEGUNDO CURSO/BDFI/practica_docker/env/lib/python3.8/site-packages/airflow/example_dags/example_branch_python_dop_operator_3.py
[2025-01-12 13:57:15,278] {logging_mixin.py:109} INFO - [2025-01-12 13:57:15,278] {dag.py:1834} INFO - Sync 1 DAGs
[2025-01-12 13:57:15,304] {logging_mixin.py:109} INFO - [2025-01-12 13:57:15,303] {dag.py:2287} INFO - Setting next_dagrun for example_branch_dop_operator_v3 to 2025-01-10 00:00:00+00:00
[2025-01-12 13:57:15,322] {processor.py:170} INFO - Processing /home/jorge/Desktop/MÁSTER/SEGUNDO CURSO/BDFI/practica_docker/env/lib/python3.8/site-packages/airflow/example_dags/example_branch_python_dop_operator_3.py took 0.107 seconds
[2025-01-12 13:57:50,771] {processor.py:162} INFO - Started process (PID=283312) to work on /home/jorge/Desktop/MÁSTER/SEGUNDO CURSO/BDFI/practica_docker/env/lib/python3.8/site-packages/airflow/example_dags/example_branch_python_dop_operator_3.py
[2025-01-12 13:57:50,772] {processor.py:613} INFO - Processing file /home/jorge/Desktop/MÁSTER/SEGUNDO CURSO/BDFI/practica_docker/env/lib/python3.8/site-packages/airflow/example_dags/example_branch_python_dop_operator_3.py for tasks to queue
[2025-01-12 13:57:50,772] {logging_mixin.py:109} INFO - [2025-01-12 13:57:50,772] {dagbag.py:496} INFO - Filling up the DagBag from /home/jorge/Desktop/MÁSTER/SEGUNDO CURSO/BDFI/practica_docker/env/lib/python3.8/site-packages/airflow/example_dags/example_branch_python_dop_operator_3.py
[2025-01-12 13:57:50,785] {processor.py:623} INFO - DAG(s) dict_keys(['example_branch_dop_operator_v3']) retrieved from /home/jorge/Desktop/MÁSTER/SEGUNDO CURSO/BDFI/practica_docker/env/lib/python3.8/site-packages/airflow/example_dags/example_branch_python_dop_operator_3.py
[2025-01-12 13:57:50,796] {logging_mixin.py:109} INFO - [2025-01-12 13:57:50,796] {dag.py:1834} INFO - Sync 1 DAGs
[2025-01-12 13:57:50,811] {logging_mixin.py:109} INFO - [2025-01-12 13:57:50,811] {dag.py:2287} INFO - Setting next_dagrun for example_branch_dop_operator_v3 to 2025-01-10 00:00:00+00:00
[2025-01-12 13:57:50,825] {processor.py:170} INFO - Processing /home/jorge/Desktop/MÁSTER/SEGUNDO CURSO/BDFI/practica_docker/env/lib/python3.8/site-packages/airflow/example_dags/example_branch_python_dop_operator_3.py took 0.056 seconds
[2025-01-12 14:06:13,117] {processor.py:162} INFO - Started process (PID=283752) to work on /home/jorge/Desktop/MÁSTER/SEGUNDO CURSO/BDFI/practica_docker/env/lib/python3.8/site-packages/airflow/example_dags/example_branch_python_dop_operator_3.py
[2025-01-12 14:06:13,118] {processor.py:613} INFO - Processing file /home/jorge/Desktop/MÁSTER/SEGUNDO CURSO/BDFI/practica_docker/env/lib/python3.8/site-packages/airflow/example_dags/example_branch_python_dop_operator_3.py for tasks to queue
[2025-01-12 14:06:13,119] {logging_mixin.py:109} INFO - [2025-01-12 14:06:13,119] {dagbag.py:496} INFO - Filling up the DagBag from /home/jorge/Desktop/MÁSTER/SEGUNDO CURSO/BDFI/practica_docker/env/lib/python3.8/site-packages/airflow/example_dags/example_branch_python_dop_operator_3.py
[2025-01-12 14:06:13,130] {processor.py:623} INFO - DAG(s) dict_keys(['example_branch_dop_operator_v3']) retrieved from /home/jorge/Desktop/MÁSTER/SEGUNDO CURSO/BDFI/practica_docker/env/lib/python3.8/site-packages/airflow/example_dags/example_branch_python_dop_operator_3.py
[2025-01-12 14:06:13,138] {logging_mixin.py:109} INFO - [2025-01-12 14:06:13,138] {dag.py:1834} INFO - Sync 1 DAGs
[2025-01-12 14:06:13,147] {logging_mixin.py:109} INFO - [2025-01-12 14:06:13,147] {dag.py:2287} INFO - Setting next_dagrun for example_branch_dop_operator_v3 to 2025-01-10 00:00:00+00:00
[2025-01-12 14:06:13,156] {processor.py:170} INFO - Processing /home/jorge/Desktop/MÁSTER/SEGUNDO CURSO/BDFI/practica_docker/env/lib/python3.8/site-packages/airflow/example_dags/example_branch_python_dop_operator_3.py took 0.043 seconds
[2025-01-12 14:06:46,437] {processor.py:162} INFO - Started process (PID=283913) to work on /home/jorge/Desktop/MÁSTER/SEGUNDO CURSO/BDFI/practica_docker/env/lib/python3.8/site-packages/airflow/example_dags/example_branch_python_dop_operator_3.py
[2025-01-12 14:06:46,444] {processor.py:613} INFO - Processing file /home/jorge/Desktop/MÁSTER/SEGUNDO CURSO/BDFI/practica_docker/env/lib/python3.8/site-packages/airflow/example_dags/example_branch_python_dop_operator_3.py for tasks to queue
[2025-01-12 14:06:46,445] {logging_mixin.py:109} INFO - [2025-01-12 14:06:46,444] {dagbag.py:496} INFO - Filling up the DagBag from /home/jorge/Desktop/MÁSTER/SEGUNDO CURSO/BDFI/practica_docker/env/lib/python3.8/site-packages/airflow/example_dags/example_branch_python_dop_operator_3.py
[2025-01-12 14:06:46,457] {processor.py:623} INFO - DAG(s) dict_keys(['example_branch_dop_operator_v3']) retrieved from /home/jorge/Desktop/MÁSTER/SEGUNDO CURSO/BDFI/practica_docker/env/lib/python3.8/site-packages/airflow/example_dags/example_branch_python_dop_operator_3.py
[2025-01-12 14:06:46,464] {logging_mixin.py:109} INFO - [2025-01-12 14:06:46,464] {dag.py:1834} INFO - Sync 1 DAGs
[2025-01-12 14:06:46,474] {logging_mixin.py:109} INFO - [2025-01-12 14:06:46,474] {dag.py:2287} INFO - Setting next_dagrun for example_branch_dop_operator_v3 to 2025-01-10 00:00:00+00:00
[2025-01-12 14:06:46,481] {processor.py:170} INFO - Processing /home/jorge/Desktop/MÁSTER/SEGUNDO CURSO/BDFI/practica_docker/env/lib/python3.8/site-packages/airflow/example_dags/example_branch_python_dop_operator_3.py took 0.046 seconds
[2025-01-12 14:07:18,998] {processor.py:162} INFO - Started process (PID=284056) to work on /home/jorge/Desktop/MÁSTER/SEGUNDO CURSO/BDFI/practica_docker/env/lib/python3.8/site-packages/airflow/example_dags/example_branch_python_dop_operator_3.py
[2025-01-12 14:07:18,999] {processor.py:613} INFO - Processing file /home/jorge/Desktop/MÁSTER/SEGUNDO CURSO/BDFI/practica_docker/env/lib/python3.8/site-packages/airflow/example_dags/example_branch_python_dop_operator_3.py for tasks to queue
[2025-01-12 14:07:19,000] {logging_mixin.py:109} INFO - [2025-01-12 14:07:19,000] {dagbag.py:496} INFO - Filling up the DagBag from /home/jorge/Desktop/MÁSTER/SEGUNDO CURSO/BDFI/practica_docker/env/lib/python3.8/site-packages/airflow/example_dags/example_branch_python_dop_operator_3.py
[2025-01-12 14:07:19,008] {processor.py:623} INFO - DAG(s) dict_keys(['example_branch_dop_operator_v3']) retrieved from /home/jorge/Desktop/MÁSTER/SEGUNDO CURSO/BDFI/practica_docker/env/lib/python3.8/site-packages/airflow/example_dags/example_branch_python_dop_operator_3.py
[2025-01-12 14:07:19,016] {logging_mixin.py:109} INFO - [2025-01-12 14:07:19,016] {dag.py:1834} INFO - Sync 1 DAGs
[2025-01-12 14:07:19,026] {logging_mixin.py:109} INFO - [2025-01-12 14:07:19,026] {dag.py:2287} INFO - Setting next_dagrun for example_branch_dop_operator_v3 to 2025-01-10 00:00:00+00:00
[2025-01-12 14:07:19,034] {processor.py:170} INFO - Processing /home/jorge/Desktop/MÁSTER/SEGUNDO CURSO/BDFI/practica_docker/env/lib/python3.8/site-packages/airflow/example_dags/example_branch_python_dop_operator_3.py took 0.037 seconds
[2025-01-12 14:07:52,596] {processor.py:162} INFO - Started process (PID=284210) to work on /home/jorge/Desktop/MÁSTER/SEGUNDO CURSO/BDFI/practica_docker/env/lib/python3.8/site-packages/airflow/example_dags/example_branch_python_dop_operator_3.py
[2025-01-12 14:07:52,603] {processor.py:613} INFO - Processing file /home/jorge/Desktop/MÁSTER/SEGUNDO CURSO/BDFI/practica_docker/env/lib/python3.8/site-packages/airflow/example_dags/example_branch_python_dop_operator_3.py for tasks to queue
[2025-01-12 14:07:52,604] {logging_mixin.py:109} INFO - [2025-01-12 14:07:52,604] {dagbag.py:496} INFO - Filling up the DagBag from /home/jorge/Desktop/MÁSTER/SEGUNDO CURSO/BDFI/practica_docker/env/lib/python3.8/site-packages/airflow/example_dags/example_branch_python_dop_operator_3.py
[2025-01-12 14:07:52,615] {processor.py:623} INFO - DAG(s) dict_keys(['example_branch_dop_operator_v3']) retrieved from /home/jorge/Desktop/MÁSTER/SEGUNDO CURSO/BDFI/practica_docker/env/lib/python3.8/site-packages/airflow/example_dags/example_branch_python_dop_operator_3.py
[2025-01-12 14:07:52,623] {logging_mixin.py:109} INFO - [2025-01-12 14:07:52,623] {dag.py:1834} INFO - Sync 1 DAGs
[2025-01-12 14:07:52,633] {logging_mixin.py:109} INFO - [2025-01-12 14:07:52,633] {dag.py:2287} INFO - Setting next_dagrun for example_branch_dop_operator_v3 to 2025-01-10 00:00:00+00:00
[2025-01-12 14:07:52,641] {processor.py:170} INFO - Processing /home/jorge/Desktop/MÁSTER/SEGUNDO CURSO/BDFI/practica_docker/env/lib/python3.8/site-packages/airflow/example_dags/example_branch_python_dop_operator_3.py took 0.047 seconds
[2025-01-12 14:08:24,811] {processor.py:162} INFO - Started process (PID=284351) to work on /home/jorge/Desktop/MÁSTER/SEGUNDO CURSO/BDFI/practica_docker/env/lib/python3.8/site-packages/airflow/example_dags/example_branch_python_dop_operator_3.py
[2025-01-12 14:08:24,817] {processor.py:613} INFO - Processing file /home/jorge/Desktop/MÁSTER/SEGUNDO CURSO/BDFI/practica_docker/env/lib/python3.8/site-packages/airflow/example_dags/example_branch_python_dop_operator_3.py for tasks to queue
[2025-01-12 14:08:24,818] {logging_mixin.py:109} INFO - [2025-01-12 14:08:24,818] {dagbag.py:496} INFO - Filling up the DagBag from /home/jorge/Desktop/MÁSTER/SEGUNDO CURSO/BDFI/practica_docker/env/lib/python3.8/site-packages/airflow/example_dags/example_branch_python_dop_operator_3.py
[2025-01-12 14:08:24,829] {processor.py:623} INFO - DAG(s) dict_keys(['example_branch_dop_operator_v3']) retrieved from /home/jorge/Desktop/MÁSTER/SEGUNDO CURSO/BDFI/practica_docker/env/lib/python3.8/site-packages/airflow/example_dags/example_branch_python_dop_operator_3.py
[2025-01-12 14:08:24,837] {logging_mixin.py:109} INFO - [2025-01-12 14:08:24,837] {dag.py:1834} INFO - Sync 1 DAGs
[2025-01-12 14:08:24,847] {logging_mixin.py:109} INFO - [2025-01-12 14:08:24,847] {dag.py:2287} INFO - Setting next_dagrun for example_branch_dop_operator_v3 to 2025-01-10 00:00:00+00:00
[2025-01-12 14:08:24,855] {processor.py:170} INFO - Processing /home/jorge/Desktop/MÁSTER/SEGUNDO CURSO/BDFI/practica_docker/env/lib/python3.8/site-packages/airflow/example_dags/example_branch_python_dop_operator_3.py took 0.046 seconds
[2025-01-12 14:08:57,380] {processor.py:162} INFO - Started process (PID=284506) to work on /home/jorge/Desktop/MÁSTER/SEGUNDO CURSO/BDFI/practica_docker/env/lib/python3.8/site-packages/airflow/example_dags/example_branch_python_dop_operator_3.py
[2025-01-12 14:08:57,382] {processor.py:613} INFO - Processing file /home/jorge/Desktop/MÁSTER/SEGUNDO CURSO/BDFI/practica_docker/env/lib/python3.8/site-packages/airflow/example_dags/example_branch_python_dop_operator_3.py for tasks to queue
[2025-01-12 14:08:57,382] {logging_mixin.py:109} INFO - [2025-01-12 14:08:57,382] {dagbag.py:496} INFO - Filling up the DagBag from /home/jorge/Desktop/MÁSTER/SEGUNDO CURSO/BDFI/practica_docker/env/lib/python3.8/site-packages/airflow/example_dags/example_branch_python_dop_operator_3.py
[2025-01-12 14:08:57,392] {processor.py:623} INFO - DAG(s) dict_keys(['example_branch_dop_operator_v3']) retrieved from /home/jorge/Desktop/MÁSTER/SEGUNDO CURSO/BDFI/practica_docker/env/lib/python3.8/site-packages/airflow/example_dags/example_branch_python_dop_operator_3.py
[2025-01-12 14:08:57,400] {logging_mixin.py:109} INFO - [2025-01-12 14:08:57,400] {dag.py:1834} INFO - Sync 1 DAGs
[2025-01-12 14:08:57,410] {logging_mixin.py:109} INFO - [2025-01-12 14:08:57,410] {dag.py:2287} INFO - Setting next_dagrun for example_branch_dop_operator_v3 to 2025-01-10 00:00:00+00:00
[2025-01-12 14:08:57,417] {processor.py:170} INFO - Processing /home/jorge/Desktop/MÁSTER/SEGUNDO CURSO/BDFI/practica_docker/env/lib/python3.8/site-packages/airflow/example_dags/example_branch_python_dop_operator_3.py took 0.040 seconds
[2025-01-12 14:09:30,799] {processor.py:162} INFO - Started process (PID=284656) to work on /home/jorge/Desktop/MÁSTER/SEGUNDO CURSO/BDFI/practica_docker/env/lib/python3.8/site-packages/airflow/example_dags/example_branch_python_dop_operator_3.py
[2025-01-12 14:09:30,800] {processor.py:613} INFO - Processing file /home/jorge/Desktop/MÁSTER/SEGUNDO CURSO/BDFI/practica_docker/env/lib/python3.8/site-packages/airflow/example_dags/example_branch_python_dop_operator_3.py for tasks to queue
[2025-01-12 14:09:30,801] {logging_mixin.py:109} INFO - [2025-01-12 14:09:30,801] {dagbag.py:496} INFO - Filling up the DagBag from /home/jorge/Desktop/MÁSTER/SEGUNDO CURSO/BDFI/practica_docker/env/lib/python3.8/site-packages/airflow/example_dags/example_branch_python_dop_operator_3.py
[2025-01-12 14:09:30,814] {processor.py:623} INFO - DAG(s) dict_keys(['example_branch_dop_operator_v3']) retrieved from /home/jorge/Desktop/MÁSTER/SEGUNDO CURSO/BDFI/practica_docker/env/lib/python3.8/site-packages/airflow/example_dags/example_branch_python_dop_operator_3.py
[2025-01-12 14:09:30,830] {logging_mixin.py:109} INFO - [2025-01-12 14:09:30,830] {dag.py:1834} INFO - Sync 1 DAGs
[2025-01-12 14:09:30,858] {logging_mixin.py:109} INFO - [2025-01-12 14:09:30,857] {dag.py:2287} INFO - Setting next_dagrun for example_branch_dop_operator_v3 to 2025-01-10 00:00:00+00:00
[2025-01-12 14:09:30,871] {processor.py:170} INFO - Processing /home/jorge/Desktop/MÁSTER/SEGUNDO CURSO/BDFI/practica_docker/env/lib/python3.8/site-packages/airflow/example_dags/example_branch_python_dop_operator_3.py took 0.076 seconds
[2025-01-12 14:10:04,432] {processor.py:162} INFO - Started process (PID=284818) to work on /home/jorge/Desktop/MÁSTER/SEGUNDO CURSO/BDFI/practica_docker/env/lib/python3.8/site-packages/airflow/example_dags/example_branch_python_dop_operator_3.py
[2025-01-12 14:10:04,433] {processor.py:613} INFO - Processing file /home/jorge/Desktop/MÁSTER/SEGUNDO CURSO/BDFI/practica_docker/env/lib/python3.8/site-packages/airflow/example_dags/example_branch_python_dop_operator_3.py for tasks to queue
[2025-01-12 14:10:04,433] {logging_mixin.py:109} INFO - [2025-01-12 14:10:04,433] {dagbag.py:496} INFO - Filling up the DagBag from /home/jorge/Desktop/MÁSTER/SEGUNDO CURSO/BDFI/practica_docker/env/lib/python3.8/site-packages/airflow/example_dags/example_branch_python_dop_operator_3.py
[2025-01-12 14:10:04,440] {processor.py:623} INFO - DAG(s) dict_keys(['example_branch_dop_operator_v3']) retrieved from /home/jorge/Desktop/MÁSTER/SEGUNDO CURSO/BDFI/practica_docker/env/lib/python3.8/site-packages/airflow/example_dags/example_branch_python_dop_operator_3.py
[2025-01-12 14:10:04,452] {logging_mixin.py:109} INFO - [2025-01-12 14:10:04,451] {dag.py:1834} INFO - Sync 1 DAGs
[2025-01-12 14:10:04,472] {logging_mixin.py:109} INFO - [2025-01-12 14:10:04,472] {dag.py:2287} INFO - Setting next_dagrun for example_branch_dop_operator_v3 to 2025-01-10 00:00:00+00:00
[2025-01-12 14:10:04,485] {processor.py:170} INFO - Processing /home/jorge/Desktop/MÁSTER/SEGUNDO CURSO/BDFI/practica_docker/env/lib/python3.8/site-packages/airflow/example_dags/example_branch_python_dop_operator_3.py took 0.054 seconds
[2025-01-12 14:10:36,954] {processor.py:162} INFO - Started process (PID=284958) to work on /home/jorge/Desktop/MÁSTER/SEGUNDO CURSO/BDFI/practica_docker/env/lib/python3.8/site-packages/airflow/example_dags/example_branch_python_dop_operator_3.py
[2025-01-12 14:10:36,955] {processor.py:613} INFO - Processing file /home/jorge/Desktop/MÁSTER/SEGUNDO CURSO/BDFI/practica_docker/env/lib/python3.8/site-packages/airflow/example_dags/example_branch_python_dop_operator_3.py for tasks to queue
[2025-01-12 14:10:36,955] {logging_mixin.py:109} INFO - [2025-01-12 14:10:36,955] {dagbag.py:496} INFO - Filling up the DagBag from /home/jorge/Desktop/MÁSTER/SEGUNDO CURSO/BDFI/practica_docker/env/lib/python3.8/site-packages/airflow/example_dags/example_branch_python_dop_operator_3.py
[2025-01-12 14:10:36,964] {processor.py:623} INFO - DAG(s) dict_keys(['example_branch_dop_operator_v3']) retrieved from /home/jorge/Desktop/MÁSTER/SEGUNDO CURSO/BDFI/practica_docker/env/lib/python3.8/site-packages/airflow/example_dags/example_branch_python_dop_operator_3.py
[2025-01-12 14:10:36,973] {logging_mixin.py:109} INFO - [2025-01-12 14:10:36,973] {dag.py:1834} INFO - Sync 1 DAGs
[2025-01-12 14:10:36,986] {logging_mixin.py:109} INFO - [2025-01-12 14:10:36,986] {dag.py:2287} INFO - Setting next_dagrun for example_branch_dop_operator_v3 to 2025-01-10 00:00:00+00:00
[2025-01-12 14:10:36,994] {processor.py:170} INFO - Processing /home/jorge/Desktop/MÁSTER/SEGUNDO CURSO/BDFI/practica_docker/env/lib/python3.8/site-packages/airflow/example_dags/example_branch_python_dop_operator_3.py took 0.042 seconds
[2025-01-12 14:11:15,283] {processor.py:162} INFO - Started process (PID=285286) to work on /home/jorge/Desktop/MÁSTER/SEGUNDO CURSO/BDFI/practica_docker/env/lib/python3.8/site-packages/airflow/example_dags/example_branch_python_dop_operator_3.py
[2025-01-12 14:11:15,284] {processor.py:613} INFO - Processing file /home/jorge/Desktop/MÁSTER/SEGUNDO CURSO/BDFI/practica_docker/env/lib/python3.8/site-packages/airflow/example_dags/example_branch_python_dop_operator_3.py for tasks to queue
[2025-01-12 14:11:15,285] {logging_mixin.py:109} INFO - [2025-01-12 14:11:15,285] {dagbag.py:496} INFO - Filling up the DagBag from /home/jorge/Desktop/MÁSTER/SEGUNDO CURSO/BDFI/practica_docker/env/lib/python3.8/site-packages/airflow/example_dags/example_branch_python_dop_operator_3.py
[2025-01-12 14:11:15,292] {processor.py:623} INFO - DAG(s) dict_keys(['example_branch_dop_operator_v3']) retrieved from /home/jorge/Desktop/MÁSTER/SEGUNDO CURSO/BDFI/practica_docker/env/lib/python3.8/site-packages/airflow/example_dags/example_branch_python_dop_operator_3.py
[2025-01-12 14:11:15,303] {logging_mixin.py:109} INFO - [2025-01-12 14:11:15,303] {dag.py:1834} INFO - Sync 1 DAGs
[2025-01-12 14:11:15,317] {logging_mixin.py:109} INFO - [2025-01-12 14:11:15,317] {dag.py:2287} INFO - Setting next_dagrun for example_branch_dop_operator_v3 to 2025-01-10 00:00:00+00:00
[2025-01-12 14:11:15,330] {processor.py:170} INFO - Processing /home/jorge/Desktop/MÁSTER/SEGUNDO CURSO/BDFI/practica_docker/env/lib/python3.8/site-packages/airflow/example_dags/example_branch_python_dop_operator_3.py took 0.049 seconds
[2025-01-12 14:11:48,144] {processor.py:162} INFO - Started process (PID=285444) to work on /home/jorge/Desktop/MÁSTER/SEGUNDO CURSO/BDFI/practica_docker/env/lib/python3.8/site-packages/airflow/example_dags/example_branch_python_dop_operator_3.py
[2025-01-12 14:11:48,146] {processor.py:613} INFO - Processing file /home/jorge/Desktop/MÁSTER/SEGUNDO CURSO/BDFI/practica_docker/env/lib/python3.8/site-packages/airflow/example_dags/example_branch_python_dop_operator_3.py for tasks to queue
[2025-01-12 14:11:48,147] {logging_mixin.py:109} INFO - [2025-01-12 14:11:48,147] {dagbag.py:496} INFO - Filling up the DagBag from /home/jorge/Desktop/MÁSTER/SEGUNDO CURSO/BDFI/practica_docker/env/lib/python3.8/site-packages/airflow/example_dags/example_branch_python_dop_operator_3.py
[2025-01-12 14:11:48,155] {processor.py:623} INFO - DAG(s) dict_keys(['example_branch_dop_operator_v3']) retrieved from /home/jorge/Desktop/MÁSTER/SEGUNDO CURSO/BDFI/practica_docker/env/lib/python3.8/site-packages/airflow/example_dags/example_branch_python_dop_operator_3.py
[2025-01-12 14:11:48,162] {logging_mixin.py:109} INFO - [2025-01-12 14:11:48,162] {dag.py:1834} INFO - Sync 1 DAGs
[2025-01-12 14:11:48,173] {logging_mixin.py:109} INFO - [2025-01-12 14:11:48,173] {dag.py:2287} INFO - Setting next_dagrun for example_branch_dop_operator_v3 to 2025-01-10 00:00:00+00:00
[2025-01-12 14:11:48,181] {processor.py:170} INFO - Processing /home/jorge/Desktop/MÁSTER/SEGUNDO CURSO/BDFI/practica_docker/env/lib/python3.8/site-packages/airflow/example_dags/example_branch_python_dop_operator_3.py took 0.040 seconds
[2025-01-12 14:12:22,907] {processor.py:162} INFO - Started process (PID=285593) to work on /home/jorge/Desktop/MÁSTER/SEGUNDO CURSO/BDFI/practica_docker/env/lib/python3.8/site-packages/airflow/example_dags/example_branch_python_dop_operator_3.py
[2025-01-12 14:12:22,911] {processor.py:613} INFO - Processing file /home/jorge/Desktop/MÁSTER/SEGUNDO CURSO/BDFI/practica_docker/env/lib/python3.8/site-packages/airflow/example_dags/example_branch_python_dop_operator_3.py for tasks to queue
[2025-01-12 14:12:22,912] {logging_mixin.py:109} INFO - [2025-01-12 14:12:22,912] {dagbag.py:496} INFO - Filling up the DagBag from /home/jorge/Desktop/MÁSTER/SEGUNDO CURSO/BDFI/practica_docker/env/lib/python3.8/site-packages/airflow/example_dags/example_branch_python_dop_operator_3.py
[2025-01-12 14:12:22,922] {processor.py:623} INFO - DAG(s) dict_keys(['example_branch_dop_operator_v3']) retrieved from /home/jorge/Desktop/MÁSTER/SEGUNDO CURSO/BDFI/practica_docker/env/lib/python3.8/site-packages/airflow/example_dags/example_branch_python_dop_operator_3.py
[2025-01-12 14:12:22,932] {logging_mixin.py:109} INFO - [2025-01-12 14:12:22,932] {dag.py:1834} INFO - Sync 1 DAGs
[2025-01-12 14:12:22,944] {logging_mixin.py:109} INFO - [2025-01-12 14:12:22,944] {dag.py:2287} INFO - Setting next_dagrun for example_branch_dop_operator_v3 to 2025-01-10 00:00:00+00:00
[2025-01-12 14:12:22,952] {processor.py:170} INFO - Processing /home/jorge/Desktop/MÁSTER/SEGUNDO CURSO/BDFI/practica_docker/env/lib/python3.8/site-packages/airflow/example_dags/example_branch_python_dop_operator_3.py took 0.047 seconds
[2025-01-12 14:12:55,651] {processor.py:162} INFO - Started process (PID=285744) to work on /home/jorge/Desktop/MÁSTER/SEGUNDO CURSO/BDFI/practica_docker/env/lib/python3.8/site-packages/airflow/example_dags/example_branch_python_dop_operator_3.py
[2025-01-12 14:12:55,657] {processor.py:613} INFO - Processing file /home/jorge/Desktop/MÁSTER/SEGUNDO CURSO/BDFI/practica_docker/env/lib/python3.8/site-packages/airflow/example_dags/example_branch_python_dop_operator_3.py for tasks to queue
[2025-01-12 14:12:55,657] {logging_mixin.py:109} INFO - [2025-01-12 14:12:55,657] {dagbag.py:496} INFO - Filling up the DagBag from /home/jorge/Desktop/MÁSTER/SEGUNDO CURSO/BDFI/practica_docker/env/lib/python3.8/site-packages/airflow/example_dags/example_branch_python_dop_operator_3.py
[2025-01-12 14:12:55,665] {processor.py:623} INFO - DAG(s) dict_keys(['example_branch_dop_operator_v3']) retrieved from /home/jorge/Desktop/MÁSTER/SEGUNDO CURSO/BDFI/practica_docker/env/lib/python3.8/site-packages/airflow/example_dags/example_branch_python_dop_operator_3.py
[2025-01-12 14:12:55,676] {logging_mixin.py:109} INFO - [2025-01-12 14:12:55,676] {dag.py:1834} INFO - Sync 1 DAGs
[2025-01-12 14:12:55,688] {logging_mixin.py:109} INFO - [2025-01-12 14:12:55,688] {dag.py:2287} INFO - Setting next_dagrun for example_branch_dop_operator_v3 to 2025-01-10 00:00:00+00:00
[2025-01-12 14:12:55,695] {processor.py:170} INFO - Processing /home/jorge/Desktop/MÁSTER/SEGUNDO CURSO/BDFI/practica_docker/env/lib/python3.8/site-packages/airflow/example_dags/example_branch_python_dop_operator_3.py took 0.046 seconds
[2025-01-12 14:13:29,451] {processor.py:162} INFO - Started process (PID=285892) to work on /home/jorge/Desktop/MÁSTER/SEGUNDO CURSO/BDFI/practica_docker/env/lib/python3.8/site-packages/airflow/example_dags/example_branch_python_dop_operator_3.py
[2025-01-12 14:13:29,458] {processor.py:613} INFO - Processing file /home/jorge/Desktop/MÁSTER/SEGUNDO CURSO/BDFI/practica_docker/env/lib/python3.8/site-packages/airflow/example_dags/example_branch_python_dop_operator_3.py for tasks to queue
[2025-01-12 14:13:29,459] {logging_mixin.py:109} INFO - [2025-01-12 14:13:29,459] {dagbag.py:496} INFO - Filling up the DagBag from /home/jorge/Desktop/MÁSTER/SEGUNDO CURSO/BDFI/practica_docker/env/lib/python3.8/site-packages/airflow/example_dags/example_branch_python_dop_operator_3.py
[2025-01-12 14:13:29,469] {processor.py:623} INFO - DAG(s) dict_keys(['example_branch_dop_operator_v3']) retrieved from /home/jorge/Desktop/MÁSTER/SEGUNDO CURSO/BDFI/practica_docker/env/lib/python3.8/site-packages/airflow/example_dags/example_branch_python_dop_operator_3.py
[2025-01-12 14:13:29,481] {logging_mixin.py:109} INFO - [2025-01-12 14:13:29,481] {dag.py:1834} INFO - Sync 1 DAGs
[2025-01-12 14:13:29,498] {logging_mixin.py:109} INFO - [2025-01-12 14:13:29,497] {dag.py:2287} INFO - Setting next_dagrun for example_branch_dop_operator_v3 to 2025-01-10 00:00:00+00:00
[2025-01-12 14:13:29,507] {processor.py:170} INFO - Processing /home/jorge/Desktop/MÁSTER/SEGUNDO CURSO/BDFI/practica_docker/env/lib/python3.8/site-packages/airflow/example_dags/example_branch_python_dop_operator_3.py took 0.061 seconds
[2025-01-12 14:14:01,428] {processor.py:162} INFO - Started process (PID=286055) to work on /home/jorge/Desktop/MÁSTER/SEGUNDO CURSO/BDFI/practica_docker/env/lib/python3.8/site-packages/airflow/example_dags/example_branch_python_dop_operator_3.py
[2025-01-12 14:14:01,429] {processor.py:613} INFO - Processing file /home/jorge/Desktop/MÁSTER/SEGUNDO CURSO/BDFI/practica_docker/env/lib/python3.8/site-packages/airflow/example_dags/example_branch_python_dop_operator_3.py for tasks to queue
[2025-01-12 14:14:01,429] {logging_mixin.py:109} INFO - [2025-01-12 14:14:01,429] {dagbag.py:496} INFO - Filling up the DagBag from /home/jorge/Desktop/MÁSTER/SEGUNDO CURSO/BDFI/practica_docker/env/lib/python3.8/site-packages/airflow/example_dags/example_branch_python_dop_operator_3.py
[2025-01-12 14:14:01,436] {processor.py:623} INFO - DAG(s) dict_keys(['example_branch_dop_operator_v3']) retrieved from /home/jorge/Desktop/MÁSTER/SEGUNDO CURSO/BDFI/practica_docker/env/lib/python3.8/site-packages/airflow/example_dags/example_branch_python_dop_operator_3.py
[2025-01-12 14:14:01,446] {logging_mixin.py:109} INFO - [2025-01-12 14:14:01,446] {dag.py:1834} INFO - Sync 1 DAGs
[2025-01-12 14:14:01,460] {logging_mixin.py:109} INFO - [2025-01-12 14:14:01,460] {dag.py:2287} INFO - Setting next_dagrun for example_branch_dop_operator_v3 to 2025-01-10 00:00:00+00:00
[2025-01-12 14:14:01,470] {processor.py:170} INFO - Processing /home/jorge/Desktop/MÁSTER/SEGUNDO CURSO/BDFI/practica_docker/env/lib/python3.8/site-packages/airflow/example_dags/example_branch_python_dop_operator_3.py took 0.045 seconds
[2025-01-12 14:14:33,937] {processor.py:162} INFO - Started process (PID=286202) to work on /home/jorge/Desktop/MÁSTER/SEGUNDO CURSO/BDFI/practica_docker/env/lib/python3.8/site-packages/airflow/example_dags/example_branch_python_dop_operator_3.py
[2025-01-12 14:14:33,943] {processor.py:613} INFO - Processing file /home/jorge/Desktop/MÁSTER/SEGUNDO CURSO/BDFI/practica_docker/env/lib/python3.8/site-packages/airflow/example_dags/example_branch_python_dop_operator_3.py for tasks to queue
[2025-01-12 14:14:33,944] {logging_mixin.py:109} INFO - [2025-01-12 14:14:33,944] {dagbag.py:496} INFO - Filling up the DagBag from /home/jorge/Desktop/MÁSTER/SEGUNDO CURSO/BDFI/practica_docker/env/lib/python3.8/site-packages/airflow/example_dags/example_branch_python_dop_operator_3.py
[2025-01-12 14:14:33,955] {processor.py:623} INFO - DAG(s) dict_keys(['example_branch_dop_operator_v3']) retrieved from /home/jorge/Desktop/MÁSTER/SEGUNDO CURSO/BDFI/practica_docker/env/lib/python3.8/site-packages/airflow/example_dags/example_branch_python_dop_operator_3.py
[2025-01-12 14:14:33,964] {logging_mixin.py:109} INFO - [2025-01-12 14:14:33,964] {dag.py:1834} INFO - Sync 1 DAGs
[2025-01-12 14:14:33,974] {logging_mixin.py:109} INFO - [2025-01-12 14:14:33,974] {dag.py:2287} INFO - Setting next_dagrun for example_branch_dop_operator_v3 to 2025-01-10 00:00:00+00:00
[2025-01-12 14:14:33,982] {processor.py:170} INFO - Processing /home/jorge/Desktop/MÁSTER/SEGUNDO CURSO/BDFI/practica_docker/env/lib/python3.8/site-packages/airflow/example_dags/example_branch_python_dop_operator_3.py took 0.047 seconds
[2025-01-12 14:15:07,416] {processor.py:162} INFO - Started process (PID=286559) to work on /home/jorge/Desktop/MÁSTER/SEGUNDO CURSO/BDFI/practica_docker/env/lib/python3.8/site-packages/airflow/example_dags/example_branch_python_dop_operator_3.py
[2025-01-12 14:15:07,423] {processor.py:613} INFO - Processing file /home/jorge/Desktop/MÁSTER/SEGUNDO CURSO/BDFI/practica_docker/env/lib/python3.8/site-packages/airflow/example_dags/example_branch_python_dop_operator_3.py for tasks to queue
[2025-01-12 14:15:07,424] {logging_mixin.py:109} INFO - [2025-01-12 14:15:07,424] {dagbag.py:496} INFO - Filling up the DagBag from /home/jorge/Desktop/MÁSTER/SEGUNDO CURSO/BDFI/practica_docker/env/lib/python3.8/site-packages/airflow/example_dags/example_branch_python_dop_operator_3.py
[2025-01-12 14:15:07,433] {processor.py:623} INFO - DAG(s) dict_keys(['example_branch_dop_operator_v3']) retrieved from /home/jorge/Desktop/MÁSTER/SEGUNDO CURSO/BDFI/practica_docker/env/lib/python3.8/site-packages/airflow/example_dags/example_branch_python_dop_operator_3.py
[2025-01-12 14:15:07,441] {logging_mixin.py:109} INFO - [2025-01-12 14:15:07,441] {dag.py:1834} INFO - Sync 1 DAGs
[2025-01-12 14:15:07,452] {logging_mixin.py:109} INFO - [2025-01-12 14:15:07,452] {dag.py:2287} INFO - Setting next_dagrun for example_branch_dop_operator_v3 to 2025-01-10 00:00:00+00:00
[2025-01-12 14:15:07,460] {processor.py:170} INFO - Processing /home/jorge/Desktop/MÁSTER/SEGUNDO CURSO/BDFI/practica_docker/env/lib/python3.8/site-packages/airflow/example_dags/example_branch_python_dop_operator_3.py took 0.046 seconds
[2025-01-12 14:15:39,466] {processor.py:162} INFO - Started process (PID=286959) to work on /home/jorge/Desktop/MÁSTER/SEGUNDO CURSO/BDFI/practica_docker/env/lib/python3.8/site-packages/airflow/example_dags/example_branch_python_dop_operator_3.py
[2025-01-12 14:15:39,471] {processor.py:613} INFO - Processing file /home/jorge/Desktop/MÁSTER/SEGUNDO CURSO/BDFI/practica_docker/env/lib/python3.8/site-packages/airflow/example_dags/example_branch_python_dop_operator_3.py for tasks to queue
[2025-01-12 14:15:39,472] {logging_mixin.py:109} INFO - [2025-01-12 14:15:39,472] {dagbag.py:496} INFO - Filling up the DagBag from /home/jorge/Desktop/MÁSTER/SEGUNDO CURSO/BDFI/practica_docker/env/lib/python3.8/site-packages/airflow/example_dags/example_branch_python_dop_operator_3.py
[2025-01-12 14:15:39,479] {processor.py:623} INFO - DAG(s) dict_keys(['example_branch_dop_operator_v3']) retrieved from /home/jorge/Desktop/MÁSTER/SEGUNDO CURSO/BDFI/practica_docker/env/lib/python3.8/site-packages/airflow/example_dags/example_branch_python_dop_operator_3.py
[2025-01-12 14:15:39,493] {logging_mixin.py:109} INFO - [2025-01-12 14:15:39,493] {dag.py:1834} INFO - Sync 1 DAGs
[2025-01-12 14:15:39,506] {logging_mixin.py:109} INFO - [2025-01-12 14:15:39,506] {dag.py:2287} INFO - Setting next_dagrun for example_branch_dop_operator_v3 to 2025-01-10 00:00:00+00:00
[2025-01-12 14:15:39,515] {processor.py:170} INFO - Processing /home/jorge/Desktop/MÁSTER/SEGUNDO CURSO/BDFI/practica_docker/env/lib/python3.8/site-packages/airflow/example_dags/example_branch_python_dop_operator_3.py took 0.051 seconds
[2025-01-12 14:16:25,145] {processor.py:162} INFO - Started process (PID=289993) to work on /home/jorge/Desktop/MÁSTER/SEGUNDO CURSO/BDFI/practica_docker/env/lib/python3.8/site-packages/airflow/example_dags/example_branch_python_dop_operator_3.py
[2025-01-12 14:16:25,146] {processor.py:613} INFO - Processing file /home/jorge/Desktop/MÁSTER/SEGUNDO CURSO/BDFI/practica_docker/env/lib/python3.8/site-packages/airflow/example_dags/example_branch_python_dop_operator_3.py for tasks to queue
[2025-01-12 14:16:25,147] {logging_mixin.py:109} INFO - [2025-01-12 14:16:25,147] {dagbag.py:496} INFO - Filling up the DagBag from /home/jorge/Desktop/MÁSTER/SEGUNDO CURSO/BDFI/practica_docker/env/lib/python3.8/site-packages/airflow/example_dags/example_branch_python_dop_operator_3.py
[2025-01-12 14:16:25,158] {processor.py:623} INFO - DAG(s) dict_keys(['example_branch_dop_operator_v3']) retrieved from /home/jorge/Desktop/MÁSTER/SEGUNDO CURSO/BDFI/practica_docker/env/lib/python3.8/site-packages/airflow/example_dags/example_branch_python_dop_operator_3.py
[2025-01-12 14:16:25,171] {logging_mixin.py:109} INFO - [2025-01-12 14:16:25,171] {dag.py:1834} INFO - Sync 1 DAGs
[2025-01-12 14:16:25,190] {logging_mixin.py:109} INFO - [2025-01-12 14:16:25,190] {dag.py:2287} INFO - Setting next_dagrun for example_branch_dop_operator_v3 to 2025-01-10 00:00:00+00:00
[2025-01-12 14:16:25,207] {processor.py:170} INFO - Processing /home/jorge/Desktop/MÁSTER/SEGUNDO CURSO/BDFI/practica_docker/env/lib/python3.8/site-packages/airflow/example_dags/example_branch_python_dop_operator_3.py took 0.064 seconds
[2025-01-12 14:17:01,363] {processor.py:162} INFO - Started process (PID=290821) to work on /home/jorge/Desktop/MÁSTER/SEGUNDO CURSO/BDFI/practica_docker/env/lib/python3.8/site-packages/airflow/example_dags/example_branch_python_dop_operator_3.py
[2025-01-12 14:17:01,365] {processor.py:613} INFO - Processing file /home/jorge/Desktop/MÁSTER/SEGUNDO CURSO/BDFI/practica_docker/env/lib/python3.8/site-packages/airflow/example_dags/example_branch_python_dop_operator_3.py for tasks to queue
[2025-01-12 14:17:01,366] {logging_mixin.py:109} INFO - [2025-01-12 14:17:01,366] {dagbag.py:496} INFO - Filling up the DagBag from /home/jorge/Desktop/MÁSTER/SEGUNDO CURSO/BDFI/practica_docker/env/lib/python3.8/site-packages/airflow/example_dags/example_branch_python_dop_operator_3.py
[2025-01-12 14:17:01,376] {processor.py:623} INFO - DAG(s) dict_keys(['example_branch_dop_operator_v3']) retrieved from /home/jorge/Desktop/MÁSTER/SEGUNDO CURSO/BDFI/practica_docker/env/lib/python3.8/site-packages/airflow/example_dags/example_branch_python_dop_operator_3.py
[2025-01-12 14:17:01,390] {logging_mixin.py:109} INFO - [2025-01-12 14:17:01,390] {dag.py:1834} INFO - Sync 1 DAGs
[2025-01-12 14:17:01,405] {logging_mixin.py:109} INFO - [2025-01-12 14:17:01,405] {dag.py:2287} INFO - Setting next_dagrun for example_branch_dop_operator_v3 to 2025-01-10 00:00:00+00:00
[2025-01-12 14:17:01,415] {processor.py:170} INFO - Processing /home/jorge/Desktop/MÁSTER/SEGUNDO CURSO/BDFI/practica_docker/env/lib/python3.8/site-packages/airflow/example_dags/example_branch_python_dop_operator_3.py took 0.055 seconds
[2025-01-12 14:17:34,851] {processor.py:162} INFO - Started process (PID=291003) to work on /home/jorge/Desktop/MÁSTER/SEGUNDO CURSO/BDFI/practica_docker/env/lib/python3.8/site-packages/airflow/example_dags/example_branch_python_dop_operator_3.py
[2025-01-12 14:17:34,852] {processor.py:613} INFO - Processing file /home/jorge/Desktop/MÁSTER/SEGUNDO CURSO/BDFI/practica_docker/env/lib/python3.8/site-packages/airflow/example_dags/example_branch_python_dop_operator_3.py for tasks to queue
[2025-01-12 14:17:34,853] {logging_mixin.py:109} INFO - [2025-01-12 14:17:34,853] {dagbag.py:496} INFO - Filling up the DagBag from /home/jorge/Desktop/MÁSTER/SEGUNDO CURSO/BDFI/practica_docker/env/lib/python3.8/site-packages/airflow/example_dags/example_branch_python_dop_operator_3.py
[2025-01-12 14:17:34,861] {processor.py:623} INFO - DAG(s) dict_keys(['example_branch_dop_operator_v3']) retrieved from /home/jorge/Desktop/MÁSTER/SEGUNDO CURSO/BDFI/practica_docker/env/lib/python3.8/site-packages/airflow/example_dags/example_branch_python_dop_operator_3.py
[2025-01-12 14:17:34,875] {logging_mixin.py:109} INFO - [2025-01-12 14:17:34,875] {dag.py:1834} INFO - Sync 1 DAGs
[2025-01-12 14:17:34,901] {logging_mixin.py:109} INFO - [2025-01-12 14:17:34,901] {dag.py:2287} INFO - Setting next_dagrun for example_branch_dop_operator_v3 to 2025-01-10 00:00:00+00:00
[2025-01-12 14:17:34,914] {processor.py:170} INFO - Processing /home/jorge/Desktop/MÁSTER/SEGUNDO CURSO/BDFI/practica_docker/env/lib/python3.8/site-packages/airflow/example_dags/example_branch_python_dop_operator_3.py took 0.065 seconds
[2025-01-12 14:18:08,592] {processor.py:162} INFO - Started process (PID=291172) to work on /home/jorge/Desktop/MÁSTER/SEGUNDO CURSO/BDFI/practica_docker/env/lib/python3.8/site-packages/airflow/example_dags/example_branch_python_dop_operator_3.py
[2025-01-12 14:18:08,594] {processor.py:613} INFO - Processing file /home/jorge/Desktop/MÁSTER/SEGUNDO CURSO/BDFI/practica_docker/env/lib/python3.8/site-packages/airflow/example_dags/example_branch_python_dop_operator_3.py for tasks to queue
[2025-01-12 14:18:08,595] {logging_mixin.py:109} INFO - [2025-01-12 14:18:08,594] {dagbag.py:496} INFO - Filling up the DagBag from /home/jorge/Desktop/MÁSTER/SEGUNDO CURSO/BDFI/practica_docker/env/lib/python3.8/site-packages/airflow/example_dags/example_branch_python_dop_operator_3.py
[2025-01-12 14:18:08,604] {processor.py:623} INFO - DAG(s) dict_keys(['example_branch_dop_operator_v3']) retrieved from /home/jorge/Desktop/MÁSTER/SEGUNDO CURSO/BDFI/practica_docker/env/lib/python3.8/site-packages/airflow/example_dags/example_branch_python_dop_operator_3.py
[2025-01-12 14:18:08,617] {logging_mixin.py:109} INFO - [2025-01-12 14:18:08,617] {dag.py:1834} INFO - Sync 1 DAGs
[2025-01-12 14:18:08,638] {logging_mixin.py:109} INFO - [2025-01-12 14:18:08,638] {dag.py:2287} INFO - Setting next_dagrun for example_branch_dop_operator_v3 to 2025-01-10 00:00:00+00:00
[2025-01-12 14:18:08,650] {processor.py:170} INFO - Processing /home/jorge/Desktop/MÁSTER/SEGUNDO CURSO/BDFI/practica_docker/env/lib/python3.8/site-packages/airflow/example_dags/example_branch_python_dop_operator_3.py took 0.060 seconds
[2025-01-12 14:18:42,048] {processor.py:162} INFO - Started process (PID=291694) to work on /home/jorge/Desktop/MÁSTER/SEGUNDO CURSO/BDFI/practica_docker/env/lib/python3.8/site-packages/airflow/example_dags/example_branch_python_dop_operator_3.py
[2025-01-12 14:18:42,049] {processor.py:613} INFO - Processing file /home/jorge/Desktop/MÁSTER/SEGUNDO CURSO/BDFI/practica_docker/env/lib/python3.8/site-packages/airflow/example_dags/example_branch_python_dop_operator_3.py for tasks to queue
[2025-01-12 14:18:42,050] {logging_mixin.py:109} INFO - [2025-01-12 14:18:42,050] {dagbag.py:496} INFO - Filling up the DagBag from /home/jorge/Desktop/MÁSTER/SEGUNDO CURSO/BDFI/practica_docker/env/lib/python3.8/site-packages/airflow/example_dags/example_branch_python_dop_operator_3.py
[2025-01-12 14:18:42,058] {processor.py:623} INFO - DAG(s) dict_keys(['example_branch_dop_operator_v3']) retrieved from /home/jorge/Desktop/MÁSTER/SEGUNDO CURSO/BDFI/practica_docker/env/lib/python3.8/site-packages/airflow/example_dags/example_branch_python_dop_operator_3.py
[2025-01-12 14:18:42,066] {logging_mixin.py:109} INFO - [2025-01-12 14:18:42,066] {dag.py:1834} INFO - Sync 1 DAGs
[2025-01-12 14:18:42,079] {logging_mixin.py:109} INFO - [2025-01-12 14:18:42,079] {dag.py:2287} INFO - Setting next_dagrun for example_branch_dop_operator_v3 to 2025-01-10 00:00:00+00:00
[2025-01-12 14:18:42,089] {processor.py:170} INFO - Processing /home/jorge/Desktop/MÁSTER/SEGUNDO CURSO/BDFI/practica_docker/env/lib/python3.8/site-packages/airflow/example_dags/example_branch_python_dop_operator_3.py took 0.045 seconds
[2025-01-12 14:19:15,039] {processor.py:162} INFO - Started process (PID=292207) to work on /home/jorge/Desktop/MÁSTER/SEGUNDO CURSO/BDFI/practica_docker/env/lib/python3.8/site-packages/airflow/example_dags/example_branch_python_dop_operator_3.py
[2025-01-12 14:19:15,064] {processor.py:613} INFO - Processing file /home/jorge/Desktop/MÁSTER/SEGUNDO CURSO/BDFI/practica_docker/env/lib/python3.8/site-packages/airflow/example_dags/example_branch_python_dop_operator_3.py for tasks to queue
[2025-01-12 14:19:15,065] {logging_mixin.py:109} INFO - [2025-01-12 14:19:15,065] {dagbag.py:496} INFO - Filling up the DagBag from /home/jorge/Desktop/MÁSTER/SEGUNDO CURSO/BDFI/practica_docker/env/lib/python3.8/site-packages/airflow/example_dags/example_branch_python_dop_operator_3.py
[2025-01-12 14:19:15,109] {processor.py:623} INFO - DAG(s) dict_keys(['example_branch_dop_operator_v3']) retrieved from /home/jorge/Desktop/MÁSTER/SEGUNDO CURSO/BDFI/practica_docker/env/lib/python3.8/site-packages/airflow/example_dags/example_branch_python_dop_operator_3.py
[2025-01-12 14:19:15,150] {logging_mixin.py:109} INFO - [2025-01-12 14:19:15,149] {dag.py:1834} INFO - Sync 1 DAGs
[2025-01-12 14:19:15,226] {logging_mixin.py:109} INFO - [2025-01-12 14:19:15,222] {dag.py:2287} INFO - Setting next_dagrun for example_branch_dop_operator_v3 to 2025-01-10 00:00:00+00:00
[2025-01-12 14:19:15,268] {processor.py:170} INFO - Processing /home/jorge/Desktop/MÁSTER/SEGUNDO CURSO/BDFI/practica_docker/env/lib/python3.8/site-packages/airflow/example_dags/example_branch_python_dop_operator_3.py took 0.246 seconds
[2025-01-12 14:19:50,586] {processor.py:162} INFO - Started process (PID=293043) to work on /home/jorge/Desktop/MÁSTER/SEGUNDO CURSO/BDFI/practica_docker/env/lib/python3.8/site-packages/airflow/example_dags/example_branch_python_dop_operator_3.py
[2025-01-12 14:19:50,588] {processor.py:613} INFO - Processing file /home/jorge/Desktop/MÁSTER/SEGUNDO CURSO/BDFI/practica_docker/env/lib/python3.8/site-packages/airflow/example_dags/example_branch_python_dop_operator_3.py for tasks to queue
[2025-01-12 14:19:50,589] {logging_mixin.py:109} INFO - [2025-01-12 14:19:50,589] {dagbag.py:496} INFO - Filling up the DagBag from /home/jorge/Desktop/MÁSTER/SEGUNDO CURSO/BDFI/practica_docker/env/lib/python3.8/site-packages/airflow/example_dags/example_branch_python_dop_operator_3.py
[2025-01-12 14:19:50,597] {processor.py:623} INFO - DAG(s) dict_keys(['example_branch_dop_operator_v3']) retrieved from /home/jorge/Desktop/MÁSTER/SEGUNDO CURSO/BDFI/practica_docker/env/lib/python3.8/site-packages/airflow/example_dags/example_branch_python_dop_operator_3.py
[2025-01-12 14:19:50,607] {logging_mixin.py:109} INFO - [2025-01-12 14:19:50,607] {dag.py:1834} INFO - Sync 1 DAGs
[2025-01-12 14:19:50,626] {logging_mixin.py:109} INFO - [2025-01-12 14:19:50,626] {dag.py:2287} INFO - Setting next_dagrun for example_branch_dop_operator_v3 to 2025-01-10 00:00:00+00:00
[2025-01-12 14:19:50,641] {processor.py:170} INFO - Processing /home/jorge/Desktop/MÁSTER/SEGUNDO CURSO/BDFI/practica_docker/env/lib/python3.8/site-packages/airflow/example_dags/example_branch_python_dop_operator_3.py took 0.057 seconds
[2025-01-12 14:20:24,882] {processor.py:162} INFO - Started process (PID=293206) to work on /home/jorge/Desktop/MÁSTER/SEGUNDO CURSO/BDFI/practica_docker/env/lib/python3.8/site-packages/airflow/example_dags/example_branch_python_dop_operator_3.py
[2025-01-12 14:20:24,884] {processor.py:613} INFO - Processing file /home/jorge/Desktop/MÁSTER/SEGUNDO CURSO/BDFI/practica_docker/env/lib/python3.8/site-packages/airflow/example_dags/example_branch_python_dop_operator_3.py for tasks to queue
[2025-01-12 14:20:24,884] {logging_mixin.py:109} INFO - [2025-01-12 14:20:24,884] {dagbag.py:496} INFO - Filling up the DagBag from /home/jorge/Desktop/MÁSTER/SEGUNDO CURSO/BDFI/practica_docker/env/lib/python3.8/site-packages/airflow/example_dags/example_branch_python_dop_operator_3.py
[2025-01-12 14:20:24,892] {processor.py:623} INFO - DAG(s) dict_keys(['example_branch_dop_operator_v3']) retrieved from /home/jorge/Desktop/MÁSTER/SEGUNDO CURSO/BDFI/practica_docker/env/lib/python3.8/site-packages/airflow/example_dags/example_branch_python_dop_operator_3.py
[2025-01-12 14:20:24,903] {logging_mixin.py:109} INFO - [2025-01-12 14:20:24,903] {dag.py:1834} INFO - Sync 1 DAGs
[2025-01-12 14:20:24,917] {logging_mixin.py:109} INFO - [2025-01-12 14:20:24,917] {dag.py:2287} INFO - Setting next_dagrun for example_branch_dop_operator_v3 to 2025-01-10 00:00:00+00:00
[2025-01-12 14:20:24,926] {processor.py:170} INFO - Processing /home/jorge/Desktop/MÁSTER/SEGUNDO CURSO/BDFI/practica_docker/env/lib/python3.8/site-packages/airflow/example_dags/example_branch_python_dop_operator_3.py took 0.046 seconds
