[2025-01-12 13:50:57,905] {processor.py:162} INFO - Started process (PID=280986) to work on /home/jorge/Desktop/MÁSTER/SEGUNDO CURSO/BDFI/practica_docker/env/lib/python3.8/site-packages/airflow/example_dags/tutorial_taskflow_api_etl.py
[2025-01-12 13:50:57,907] {processor.py:613} INFO - Processing file /home/jorge/Desktop/MÁSTER/SEGUNDO CURSO/BDFI/practica_docker/env/lib/python3.8/site-packages/airflow/example_dags/tutorial_taskflow_api_etl.py for tasks to queue
[2025-01-12 13:50:57,907] {logging_mixin.py:109} INFO - [2025-01-12 13:50:57,907] {dagbag.py:496} INFO - Filling up the DagBag from /home/jorge/Desktop/MÁSTER/SEGUNDO CURSO/BDFI/practica_docker/env/lib/python3.8/site-packages/airflow/example_dags/tutorial_taskflow_api_etl.py
[2025-01-12 13:50:57,925] {processor.py:623} INFO - DAG(s) dict_keys(['tutorial_taskflow_api_etl']) retrieved from /home/jorge/Desktop/MÁSTER/SEGUNDO CURSO/BDFI/practica_docker/env/lib/python3.8/site-packages/airflow/example_dags/tutorial_taskflow_api_etl.py
[2025-01-12 13:50:58,383] {logging_mixin.py:109} INFO - [2025-01-12 13:50:58,383] {dag.py:1834} INFO - Sync 1 DAGs
[2025-01-12 13:50:58,394] {logging_mixin.py:109} INFO - [2025-01-12 13:50:58,394] {dag.py:2287} INFO - Setting next_dagrun for tutorial_taskflow_api_etl to None
[2025-01-12 13:50:58,414] {processor.py:170} INFO - Processing /home/jorge/Desktop/MÁSTER/SEGUNDO CURSO/BDFI/practica_docker/env/lib/python3.8/site-packages/airflow/example_dags/tutorial_taskflow_api_etl.py took 0.513 seconds
[2025-01-12 13:51:32,016] {processor.py:162} INFO - Started process (PID=281159) to work on /home/jorge/Desktop/MÁSTER/SEGUNDO CURSO/BDFI/practica_docker/env/lib/python3.8/site-packages/airflow/example_dags/tutorial_taskflow_api_etl.py
[2025-01-12 13:51:32,017] {processor.py:613} INFO - Processing file /home/jorge/Desktop/MÁSTER/SEGUNDO CURSO/BDFI/practica_docker/env/lib/python3.8/site-packages/airflow/example_dags/tutorial_taskflow_api_etl.py for tasks to queue
[2025-01-12 13:51:32,017] {logging_mixin.py:109} INFO - [2025-01-12 13:51:32,017] {dagbag.py:496} INFO - Filling up the DagBag from /home/jorge/Desktop/MÁSTER/SEGUNDO CURSO/BDFI/practica_docker/env/lib/python3.8/site-packages/airflow/example_dags/tutorial_taskflow_api_etl.py
[2025-01-12 13:51:32,039] {processor.py:623} INFO - DAG(s) dict_keys(['tutorial_taskflow_api_etl']) retrieved from /home/jorge/Desktop/MÁSTER/SEGUNDO CURSO/BDFI/practica_docker/env/lib/python3.8/site-packages/airflow/example_dags/tutorial_taskflow_api_etl.py
[2025-01-12 13:51:32,352] {logging_mixin.py:109} INFO - [2025-01-12 13:51:32,352] {dag.py:1834} INFO - Sync 1 DAGs
[2025-01-12 13:51:32,361] {logging_mixin.py:109} INFO - [2025-01-12 13:51:32,361] {dag.py:2287} INFO - Setting next_dagrun for tutorial_taskflow_api_etl to None
[2025-01-12 13:51:32,372] {processor.py:170} INFO - Processing /home/jorge/Desktop/MÁSTER/SEGUNDO CURSO/BDFI/practica_docker/env/lib/python3.8/site-packages/airflow/example_dags/tutorial_taskflow_api_etl.py took 0.358 seconds
[2025-01-12 13:52:06,344] {processor.py:162} INFO - Started process (PID=281333) to work on /home/jorge/Desktop/MÁSTER/SEGUNDO CURSO/BDFI/practica_docker/env/lib/python3.8/site-packages/airflow/example_dags/tutorial_taskflow_api_etl.py
[2025-01-12 13:52:06,345] {processor.py:613} INFO - Processing file /home/jorge/Desktop/MÁSTER/SEGUNDO CURSO/BDFI/practica_docker/env/lib/python3.8/site-packages/airflow/example_dags/tutorial_taskflow_api_etl.py for tasks to queue
[2025-01-12 13:52:06,346] {logging_mixin.py:109} INFO - [2025-01-12 13:52:06,346] {dagbag.py:496} INFO - Filling up the DagBag from /home/jorge/Desktop/MÁSTER/SEGUNDO CURSO/BDFI/practica_docker/env/lib/python3.8/site-packages/airflow/example_dags/tutorial_taskflow_api_etl.py
[2025-01-12 13:52:06,358] {processor.py:623} INFO - DAG(s) dict_keys(['tutorial_taskflow_api_etl']) retrieved from /home/jorge/Desktop/MÁSTER/SEGUNDO CURSO/BDFI/practica_docker/env/lib/python3.8/site-packages/airflow/example_dags/tutorial_taskflow_api_etl.py
[2025-01-12 13:52:06,618] {logging_mixin.py:109} INFO - [2025-01-12 13:52:06,618] {dag.py:1834} INFO - Sync 1 DAGs
[2025-01-12 13:52:06,625] {logging_mixin.py:109} INFO - [2025-01-12 13:52:06,625] {dag.py:2287} INFO - Setting next_dagrun for tutorial_taskflow_api_etl to None
[2025-01-12 13:52:06,637] {processor.py:170} INFO - Processing /home/jorge/Desktop/MÁSTER/SEGUNDO CURSO/BDFI/practica_docker/env/lib/python3.8/site-packages/airflow/example_dags/tutorial_taskflow_api_etl.py took 0.295 seconds
[2025-01-12 13:52:38,627] {processor.py:162} INFO - Started process (PID=281512) to work on /home/jorge/Desktop/MÁSTER/SEGUNDO CURSO/BDFI/practica_docker/env/lib/python3.8/site-packages/airflow/example_dags/tutorial_taskflow_api_etl.py
[2025-01-12 13:52:38,629] {processor.py:613} INFO - Processing file /home/jorge/Desktop/MÁSTER/SEGUNDO CURSO/BDFI/practica_docker/env/lib/python3.8/site-packages/airflow/example_dags/tutorial_taskflow_api_etl.py for tasks to queue
[2025-01-12 13:52:38,630] {logging_mixin.py:109} INFO - [2025-01-12 13:52:38,630] {dagbag.py:496} INFO - Filling up the DagBag from /home/jorge/Desktop/MÁSTER/SEGUNDO CURSO/BDFI/practica_docker/env/lib/python3.8/site-packages/airflow/example_dags/tutorial_taskflow_api_etl.py
[2025-01-12 13:52:38,669] {processor.py:623} INFO - DAG(s) dict_keys(['tutorial_taskflow_api_etl']) retrieved from /home/jorge/Desktop/MÁSTER/SEGUNDO CURSO/BDFI/practica_docker/env/lib/python3.8/site-packages/airflow/example_dags/tutorial_taskflow_api_etl.py
[2025-01-12 13:52:39,117] {logging_mixin.py:109} INFO - [2025-01-12 13:52:39,116] {dag.py:1834} INFO - Sync 1 DAGs
[2025-01-12 13:52:39,129] {logging_mixin.py:109} INFO - [2025-01-12 13:52:39,129] {dag.py:2287} INFO - Setting next_dagrun for tutorial_taskflow_api_etl to None
[2025-01-12 13:52:39,168] {processor.py:170} INFO - Processing /home/jorge/Desktop/MÁSTER/SEGUNDO CURSO/BDFI/practica_docker/env/lib/python3.8/site-packages/airflow/example_dags/tutorial_taskflow_api_etl.py took 0.545 seconds
[2025-01-12 13:53:21,252] {processor.py:162} INFO - Started process (PID=281768) to work on /home/jorge/Desktop/MÁSTER/SEGUNDO CURSO/BDFI/practica_docker/env/lib/python3.8/site-packages/airflow/example_dags/tutorial_taskflow_api_etl.py
[2025-01-12 13:53:21,253] {processor.py:613} INFO - Processing file /home/jorge/Desktop/MÁSTER/SEGUNDO CURSO/BDFI/practica_docker/env/lib/python3.8/site-packages/airflow/example_dags/tutorial_taskflow_api_etl.py for tasks to queue
[2025-01-12 13:53:21,254] {logging_mixin.py:109} INFO - [2025-01-12 13:53:21,254] {dagbag.py:496} INFO - Filling up the DagBag from /home/jorge/Desktop/MÁSTER/SEGUNDO CURSO/BDFI/practica_docker/env/lib/python3.8/site-packages/airflow/example_dags/tutorial_taskflow_api_etl.py
[2025-01-12 13:53:21,267] {processor.py:623} INFO - DAG(s) dict_keys(['tutorial_taskflow_api_etl']) retrieved from /home/jorge/Desktop/MÁSTER/SEGUNDO CURSO/BDFI/practica_docker/env/lib/python3.8/site-packages/airflow/example_dags/tutorial_taskflow_api_etl.py
[2025-01-12 13:53:21,525] {logging_mixin.py:109} INFO - [2025-01-12 13:53:21,525] {dag.py:1834} INFO - Sync 1 DAGs
[2025-01-12 13:53:21,530] {logging_mixin.py:109} INFO - [2025-01-12 13:53:21,530] {dag.py:2287} INFO - Setting next_dagrun for tutorial_taskflow_api_etl to None
[2025-01-12 13:53:21,539] {processor.py:170} INFO - Processing /home/jorge/Desktop/MÁSTER/SEGUNDO CURSO/BDFI/practica_docker/env/lib/python3.8/site-packages/airflow/example_dags/tutorial_taskflow_api_etl.py took 0.289 seconds
[2025-01-12 13:53:55,384] {processor.py:162} INFO - Started process (PID=281940) to work on /home/jorge/Desktop/MÁSTER/SEGUNDO CURSO/BDFI/practica_docker/env/lib/python3.8/site-packages/airflow/example_dags/tutorial_taskflow_api_etl.py
[2025-01-12 13:53:55,385] {processor.py:613} INFO - Processing file /home/jorge/Desktop/MÁSTER/SEGUNDO CURSO/BDFI/practica_docker/env/lib/python3.8/site-packages/airflow/example_dags/tutorial_taskflow_api_etl.py for tasks to queue
[2025-01-12 13:53:55,386] {logging_mixin.py:109} INFO - [2025-01-12 13:53:55,385] {dagbag.py:496} INFO - Filling up the DagBag from /home/jorge/Desktop/MÁSTER/SEGUNDO CURSO/BDFI/practica_docker/env/lib/python3.8/site-packages/airflow/example_dags/tutorial_taskflow_api_etl.py
[2025-01-12 13:53:55,399] {processor.py:623} INFO - DAG(s) dict_keys(['tutorial_taskflow_api_etl']) retrieved from /home/jorge/Desktop/MÁSTER/SEGUNDO CURSO/BDFI/practica_docker/env/lib/python3.8/site-packages/airflow/example_dags/tutorial_taskflow_api_etl.py
[2025-01-12 13:53:55,667] {logging_mixin.py:109} INFO - [2025-01-12 13:53:55,667] {dag.py:1834} INFO - Sync 1 DAGs
[2025-01-12 13:53:55,674] {logging_mixin.py:109} INFO - [2025-01-12 13:53:55,674] {dag.py:2287} INFO - Setting next_dagrun for tutorial_taskflow_api_etl to None
[2025-01-12 13:53:55,686] {processor.py:170} INFO - Processing /home/jorge/Desktop/MÁSTER/SEGUNDO CURSO/BDFI/practica_docker/env/lib/python3.8/site-packages/airflow/example_dags/tutorial_taskflow_api_etl.py took 0.304 seconds
[2025-01-12 13:54:30,461] {processor.py:162} INFO - Started process (PID=282106) to work on /home/jorge/Desktop/MÁSTER/SEGUNDO CURSO/BDFI/practica_docker/env/lib/python3.8/site-packages/airflow/example_dags/tutorial_taskflow_api_etl.py
[2025-01-12 13:54:30,463] {processor.py:613} INFO - Processing file /home/jorge/Desktop/MÁSTER/SEGUNDO CURSO/BDFI/practica_docker/env/lib/python3.8/site-packages/airflow/example_dags/tutorial_taskflow_api_etl.py for tasks to queue
[2025-01-12 13:54:30,464] {logging_mixin.py:109} INFO - [2025-01-12 13:54:30,463] {dagbag.py:496} INFO - Filling up the DagBag from /home/jorge/Desktop/MÁSTER/SEGUNDO CURSO/BDFI/practica_docker/env/lib/python3.8/site-packages/airflow/example_dags/tutorial_taskflow_api_etl.py
[2025-01-12 13:54:30,478] {processor.py:623} INFO - DAG(s) dict_keys(['tutorial_taskflow_api_etl']) retrieved from /home/jorge/Desktop/MÁSTER/SEGUNDO CURSO/BDFI/practica_docker/env/lib/python3.8/site-packages/airflow/example_dags/tutorial_taskflow_api_etl.py
[2025-01-12 13:54:30,710] {logging_mixin.py:109} INFO - [2025-01-12 13:54:30,710] {dag.py:1834} INFO - Sync 1 DAGs
[2025-01-12 13:54:30,715] {logging_mixin.py:109} INFO - [2025-01-12 13:54:30,715] {dag.py:2287} INFO - Setting next_dagrun for tutorial_taskflow_api_etl to None
[2025-01-12 13:54:30,725] {processor.py:170} INFO - Processing /home/jorge/Desktop/MÁSTER/SEGUNDO CURSO/BDFI/practica_docker/env/lib/python3.8/site-packages/airflow/example_dags/tutorial_taskflow_api_etl.py took 0.267 seconds
[2025-01-12 13:55:03,178] {processor.py:162} INFO - Started process (PID=282260) to work on /home/jorge/Desktop/MÁSTER/SEGUNDO CURSO/BDFI/practica_docker/env/lib/python3.8/site-packages/airflow/example_dags/tutorial_taskflow_api_etl.py
[2025-01-12 13:55:03,180] {processor.py:613} INFO - Processing file /home/jorge/Desktop/MÁSTER/SEGUNDO CURSO/BDFI/practica_docker/env/lib/python3.8/site-packages/airflow/example_dags/tutorial_taskflow_api_etl.py for tasks to queue
[2025-01-12 13:55:03,181] {logging_mixin.py:109} INFO - [2025-01-12 13:55:03,181] {dagbag.py:496} INFO - Filling up the DagBag from /home/jorge/Desktop/MÁSTER/SEGUNDO CURSO/BDFI/practica_docker/env/lib/python3.8/site-packages/airflow/example_dags/tutorial_taskflow_api_etl.py
[2025-01-12 13:55:03,195] {processor.py:623} INFO - DAG(s) dict_keys(['tutorial_taskflow_api_etl']) retrieved from /home/jorge/Desktop/MÁSTER/SEGUNDO CURSO/BDFI/practica_docker/env/lib/python3.8/site-packages/airflow/example_dags/tutorial_taskflow_api_etl.py
[2025-01-12 13:55:03,435] {logging_mixin.py:109} INFO - [2025-01-12 13:55:03,435] {dag.py:1834} INFO - Sync 1 DAGs
[2025-01-12 13:55:03,441] {logging_mixin.py:109} INFO - [2025-01-12 13:55:03,441] {dag.py:2287} INFO - Setting next_dagrun for tutorial_taskflow_api_etl to None
[2025-01-12 13:55:03,450] {processor.py:170} INFO - Processing /home/jorge/Desktop/MÁSTER/SEGUNDO CURSO/BDFI/practica_docker/env/lib/python3.8/site-packages/airflow/example_dags/tutorial_taskflow_api_etl.py took 0.275 seconds
[2025-01-12 13:55:36,636] {processor.py:162} INFO - Started process (PID=282424) to work on /home/jorge/Desktop/MÁSTER/SEGUNDO CURSO/BDFI/practica_docker/env/lib/python3.8/site-packages/airflow/example_dags/tutorial_taskflow_api_etl.py
[2025-01-12 13:55:36,637] {processor.py:613} INFO - Processing file /home/jorge/Desktop/MÁSTER/SEGUNDO CURSO/BDFI/practica_docker/env/lib/python3.8/site-packages/airflow/example_dags/tutorial_taskflow_api_etl.py for tasks to queue
[2025-01-12 13:55:36,637] {logging_mixin.py:109} INFO - [2025-01-12 13:55:36,637] {dagbag.py:496} INFO - Filling up the DagBag from /home/jorge/Desktop/MÁSTER/SEGUNDO CURSO/BDFI/practica_docker/env/lib/python3.8/site-packages/airflow/example_dags/tutorial_taskflow_api_etl.py
[2025-01-12 13:55:36,650] {processor.py:623} INFO - DAG(s) dict_keys(['tutorial_taskflow_api_etl']) retrieved from /home/jorge/Desktop/MÁSTER/SEGUNDO CURSO/BDFI/practica_docker/env/lib/python3.8/site-packages/airflow/example_dags/tutorial_taskflow_api_etl.py
[2025-01-12 13:55:36,889] {logging_mixin.py:109} INFO - [2025-01-12 13:55:36,889] {dag.py:1834} INFO - Sync 1 DAGs
[2025-01-12 13:55:36,894] {logging_mixin.py:109} INFO - [2025-01-12 13:55:36,894] {dag.py:2287} INFO - Setting next_dagrun for tutorial_taskflow_api_etl to None
[2025-01-12 13:55:36,905] {processor.py:170} INFO - Processing /home/jorge/Desktop/MÁSTER/SEGUNDO CURSO/BDFI/practica_docker/env/lib/python3.8/site-packages/airflow/example_dags/tutorial_taskflow_api_etl.py took 0.272 seconds
[2025-01-12 13:56:11,454] {processor.py:162} INFO - Started process (PID=282748) to work on /home/jorge/Desktop/MÁSTER/SEGUNDO CURSO/BDFI/practica_docker/env/lib/python3.8/site-packages/airflow/example_dags/tutorial_taskflow_api_etl.py
[2025-01-12 13:56:11,456] {processor.py:613} INFO - Processing file /home/jorge/Desktop/MÁSTER/SEGUNDO CURSO/BDFI/practica_docker/env/lib/python3.8/site-packages/airflow/example_dags/tutorial_taskflow_api_etl.py for tasks to queue
[2025-01-12 13:56:11,457] {logging_mixin.py:109} INFO - [2025-01-12 13:56:11,456] {dagbag.py:496} INFO - Filling up the DagBag from /home/jorge/Desktop/MÁSTER/SEGUNDO CURSO/BDFI/practica_docker/env/lib/python3.8/site-packages/airflow/example_dags/tutorial_taskflow_api_etl.py
[2025-01-12 13:56:11,496] {processor.py:623} INFO - DAG(s) dict_keys(['tutorial_taskflow_api_etl']) retrieved from /home/jorge/Desktop/MÁSTER/SEGUNDO CURSO/BDFI/practica_docker/env/lib/python3.8/site-packages/airflow/example_dags/tutorial_taskflow_api_etl.py
[2025-01-12 13:56:12,025] {logging_mixin.py:109} INFO - [2025-01-12 13:56:12,023] {dag.py:1834} INFO - Sync 1 DAGs
[2025-01-12 13:56:12,038] {logging_mixin.py:109} INFO - [2025-01-12 13:56:12,038] {dag.py:2287} INFO - Setting next_dagrun for tutorial_taskflow_api_etl to None
[2025-01-12 13:56:12,067] {processor.py:170} INFO - Processing /home/jorge/Desktop/MÁSTER/SEGUNDO CURSO/BDFI/practica_docker/env/lib/python3.8/site-packages/airflow/example_dags/tutorial_taskflow_api_etl.py took 0.616 seconds
[2025-01-12 13:56:48,193] {processor.py:162} INFO - Started process (PID=283014) to work on /home/jorge/Desktop/MÁSTER/SEGUNDO CURSO/BDFI/practica_docker/env/lib/python3.8/site-packages/airflow/example_dags/tutorial_taskflow_api_etl.py
[2025-01-12 13:56:48,194] {processor.py:613} INFO - Processing file /home/jorge/Desktop/MÁSTER/SEGUNDO CURSO/BDFI/practica_docker/env/lib/python3.8/site-packages/airflow/example_dags/tutorial_taskflow_api_etl.py for tasks to queue
[2025-01-12 13:56:48,194] {logging_mixin.py:109} INFO - [2025-01-12 13:56:48,194] {dagbag.py:496} INFO - Filling up the DagBag from /home/jorge/Desktop/MÁSTER/SEGUNDO CURSO/BDFI/practica_docker/env/lib/python3.8/site-packages/airflow/example_dags/tutorial_taskflow_api_etl.py
[2025-01-12 13:56:48,224] {processor.py:623} INFO - DAG(s) dict_keys(['tutorial_taskflow_api_etl']) retrieved from /home/jorge/Desktop/MÁSTER/SEGUNDO CURSO/BDFI/practica_docker/env/lib/python3.8/site-packages/airflow/example_dags/tutorial_taskflow_api_etl.py
[2025-01-12 13:56:48,698] {logging_mixin.py:109} INFO - [2025-01-12 13:56:48,698] {dag.py:1834} INFO - Sync 1 DAGs
[2025-01-12 13:56:48,709] {logging_mixin.py:109} INFO - [2025-01-12 13:56:48,709] {dag.py:2287} INFO - Setting next_dagrun for tutorial_taskflow_api_etl to None
[2025-01-12 13:56:48,736] {processor.py:170} INFO - Processing /home/jorge/Desktop/MÁSTER/SEGUNDO CURSO/BDFI/practica_docker/env/lib/python3.8/site-packages/airflow/example_dags/tutorial_taskflow_api_etl.py took 0.546 seconds
[2025-01-12 13:57:24,604] {processor.py:162} INFO - Started process (PID=283198) to work on /home/jorge/Desktop/MÁSTER/SEGUNDO CURSO/BDFI/practica_docker/env/lib/python3.8/site-packages/airflow/example_dags/tutorial_taskflow_api_etl.py
[2025-01-12 13:57:24,606] {processor.py:613} INFO - Processing file /home/jorge/Desktop/MÁSTER/SEGUNDO CURSO/BDFI/practica_docker/env/lib/python3.8/site-packages/airflow/example_dags/tutorial_taskflow_api_etl.py for tasks to queue
[2025-01-12 13:57:24,607] {logging_mixin.py:109} INFO - [2025-01-12 13:57:24,607] {dagbag.py:496} INFO - Filling up the DagBag from /home/jorge/Desktop/MÁSTER/SEGUNDO CURSO/BDFI/practica_docker/env/lib/python3.8/site-packages/airflow/example_dags/tutorial_taskflow_api_etl.py
[2025-01-12 13:57:24,647] {processor.py:623} INFO - DAG(s) dict_keys(['tutorial_taskflow_api_etl']) retrieved from /home/jorge/Desktop/MÁSTER/SEGUNDO CURSO/BDFI/practica_docker/env/lib/python3.8/site-packages/airflow/example_dags/tutorial_taskflow_api_etl.py
[2025-01-12 13:57:25,033] {logging_mixin.py:109} INFO - [2025-01-12 13:57:25,029] {dag.py:1834} INFO - Sync 1 DAGs
[2025-01-12 13:57:25,049] {logging_mixin.py:109} INFO - [2025-01-12 13:57:25,049] {dag.py:2287} INFO - Setting next_dagrun for tutorial_taskflow_api_etl to None
[2025-01-12 13:57:25,077] {processor.py:170} INFO - Processing /home/jorge/Desktop/MÁSTER/SEGUNDO CURSO/BDFI/practica_docker/env/lib/python3.8/site-packages/airflow/example_dags/tutorial_taskflow_api_etl.py took 0.475 seconds
[2025-01-12 13:58:00,691] {processor.py:162} INFO - Started process (PID=283356) to work on /home/jorge/Desktop/MÁSTER/SEGUNDO CURSO/BDFI/practica_docker/env/lib/python3.8/site-packages/airflow/example_dags/tutorial_taskflow_api_etl.py
[2025-01-12 13:58:00,692] {processor.py:613} INFO - Processing file /home/jorge/Desktop/MÁSTER/SEGUNDO CURSO/BDFI/practica_docker/env/lib/python3.8/site-packages/airflow/example_dags/tutorial_taskflow_api_etl.py for tasks to queue
[2025-01-12 13:58:00,693] {logging_mixin.py:109} INFO - [2025-01-12 13:58:00,693] {dagbag.py:496} INFO - Filling up the DagBag from /home/jorge/Desktop/MÁSTER/SEGUNDO CURSO/BDFI/practica_docker/env/lib/python3.8/site-packages/airflow/example_dags/tutorial_taskflow_api_etl.py
[2025-01-12 13:58:00,715] {processor.py:623} INFO - DAG(s) dict_keys(['tutorial_taskflow_api_etl']) retrieved from /home/jorge/Desktop/MÁSTER/SEGUNDO CURSO/BDFI/practica_docker/env/lib/python3.8/site-packages/airflow/example_dags/tutorial_taskflow_api_etl.py
[2025-01-12 13:58:01,057] {logging_mixin.py:109} INFO - [2025-01-12 13:58:01,057] {dag.py:1834} INFO - Sync 1 DAGs
[2025-01-12 13:58:01,066] {logging_mixin.py:109} INFO - [2025-01-12 13:58:01,066] {dag.py:2287} INFO - Setting next_dagrun for tutorial_taskflow_api_etl to None
[2025-01-12 13:58:01,086] {processor.py:170} INFO - Processing /home/jorge/Desktop/MÁSTER/SEGUNDO CURSO/BDFI/practica_docker/env/lib/python3.8/site-packages/airflow/example_dags/tutorial_taskflow_api_etl.py took 0.398 seconds
[2025-01-12 14:05:48,350] {processor.py:162} INFO - Started process (PID=283639) to work on /home/jorge/Desktop/MÁSTER/SEGUNDO CURSO/BDFI/practica_docker/env/lib/python3.8/site-packages/airflow/example_dags/tutorial_taskflow_api_etl.py
[2025-01-12 14:05:48,351] {processor.py:613} INFO - Processing file /home/jorge/Desktop/MÁSTER/SEGUNDO CURSO/BDFI/practica_docker/env/lib/python3.8/site-packages/airflow/example_dags/tutorial_taskflow_api_etl.py for tasks to queue
[2025-01-12 14:05:48,351] {logging_mixin.py:109} INFO - [2025-01-12 14:05:48,351] {dagbag.py:496} INFO - Filling up the DagBag from /home/jorge/Desktop/MÁSTER/SEGUNDO CURSO/BDFI/practica_docker/env/lib/python3.8/site-packages/airflow/example_dags/tutorial_taskflow_api_etl.py
[2025-01-12 14:05:48,361] {processor.py:623} INFO - DAG(s) dict_keys(['tutorial_taskflow_api_etl']) retrieved from /home/jorge/Desktop/MÁSTER/SEGUNDO CURSO/BDFI/practica_docker/env/lib/python3.8/site-packages/airflow/example_dags/tutorial_taskflow_api_etl.py
[2025-01-12 14:05:48,562] {logging_mixin.py:109} INFO - [2025-01-12 14:05:48,562] {dag.py:1834} INFO - Sync 1 DAGs
[2025-01-12 14:05:48,567] {logging_mixin.py:109} INFO - [2025-01-12 14:05:48,567] {dag.py:2287} INFO - Setting next_dagrun for tutorial_taskflow_api_etl to None
[2025-01-12 14:05:48,589] {processor.py:170} INFO - Processing /home/jorge/Desktop/MÁSTER/SEGUNDO CURSO/BDFI/practica_docker/env/lib/python3.8/site-packages/airflow/example_dags/tutorial_taskflow_api_etl.py took 0.242 seconds
[2025-01-12 14:06:22,277] {processor.py:162} INFO - Started process (PID=283795) to work on /home/jorge/Desktop/MÁSTER/SEGUNDO CURSO/BDFI/practica_docker/env/lib/python3.8/site-packages/airflow/example_dags/tutorial_taskflow_api_etl.py
[2025-01-12 14:06:22,278] {processor.py:613} INFO - Processing file /home/jorge/Desktop/MÁSTER/SEGUNDO CURSO/BDFI/practica_docker/env/lib/python3.8/site-packages/airflow/example_dags/tutorial_taskflow_api_etl.py for tasks to queue
[2025-01-12 14:06:22,278] {logging_mixin.py:109} INFO - [2025-01-12 14:06:22,278] {dagbag.py:496} INFO - Filling up the DagBag from /home/jorge/Desktop/MÁSTER/SEGUNDO CURSO/BDFI/practica_docker/env/lib/python3.8/site-packages/airflow/example_dags/tutorial_taskflow_api_etl.py
[2025-01-12 14:06:22,289] {processor.py:623} INFO - DAG(s) dict_keys(['tutorial_taskflow_api_etl']) retrieved from /home/jorge/Desktop/MÁSTER/SEGUNDO CURSO/BDFI/practica_docker/env/lib/python3.8/site-packages/airflow/example_dags/tutorial_taskflow_api_etl.py
[2025-01-12 14:06:22,445] {logging_mixin.py:109} INFO - [2025-01-12 14:06:22,445] {dag.py:1834} INFO - Sync 1 DAGs
[2025-01-12 14:06:22,448] {logging_mixin.py:109} INFO - [2025-01-12 14:06:22,448] {dag.py:2287} INFO - Setting next_dagrun for tutorial_taskflow_api_etl to None
[2025-01-12 14:06:22,462] {processor.py:170} INFO - Processing /home/jorge/Desktop/MÁSTER/SEGUNDO CURSO/BDFI/practica_docker/env/lib/python3.8/site-packages/airflow/example_dags/tutorial_taskflow_api_etl.py took 0.187 seconds
[2025-01-12 14:06:55,513] {processor.py:162} INFO - Started process (PID=283952) to work on /home/jorge/Desktop/MÁSTER/SEGUNDO CURSO/BDFI/practica_docker/env/lib/python3.8/site-packages/airflow/example_dags/tutorial_taskflow_api_etl.py
[2025-01-12 14:06:55,519] {processor.py:613} INFO - Processing file /home/jorge/Desktop/MÁSTER/SEGUNDO CURSO/BDFI/practica_docker/env/lib/python3.8/site-packages/airflow/example_dags/tutorial_taskflow_api_etl.py for tasks to queue
[2025-01-12 14:06:55,520] {logging_mixin.py:109} INFO - [2025-01-12 14:06:55,520] {dagbag.py:496} INFO - Filling up the DagBag from /home/jorge/Desktop/MÁSTER/SEGUNDO CURSO/BDFI/practica_docker/env/lib/python3.8/site-packages/airflow/example_dags/tutorial_taskflow_api_etl.py
[2025-01-12 14:06:55,533] {processor.py:623} INFO - DAG(s) dict_keys(['tutorial_taskflow_api_etl']) retrieved from /home/jorge/Desktop/MÁSTER/SEGUNDO CURSO/BDFI/practica_docker/env/lib/python3.8/site-packages/airflow/example_dags/tutorial_taskflow_api_etl.py
[2025-01-12 14:06:55,687] {logging_mixin.py:109} INFO - [2025-01-12 14:06:55,687] {dag.py:1834} INFO - Sync 1 DAGs
[2025-01-12 14:06:55,691] {logging_mixin.py:109} INFO - [2025-01-12 14:06:55,691] {dag.py:2287} INFO - Setting next_dagrun for tutorial_taskflow_api_etl to None
[2025-01-12 14:06:55,704] {processor.py:170} INFO - Processing /home/jorge/Desktop/MÁSTER/SEGUNDO CURSO/BDFI/practica_docker/env/lib/python3.8/site-packages/airflow/example_dags/tutorial_taskflow_api_etl.py took 0.194 seconds
[2025-01-12 14:07:28,772] {processor.py:162} INFO - Started process (PID=284096) to work on /home/jorge/Desktop/MÁSTER/SEGUNDO CURSO/BDFI/practica_docker/env/lib/python3.8/site-packages/airflow/example_dags/tutorial_taskflow_api_etl.py
[2025-01-12 14:07:28,779] {processor.py:613} INFO - Processing file /home/jorge/Desktop/MÁSTER/SEGUNDO CURSO/BDFI/practica_docker/env/lib/python3.8/site-packages/airflow/example_dags/tutorial_taskflow_api_etl.py for tasks to queue
[2025-01-12 14:07:28,780] {logging_mixin.py:109} INFO - [2025-01-12 14:07:28,780] {dagbag.py:496} INFO - Filling up the DagBag from /home/jorge/Desktop/MÁSTER/SEGUNDO CURSO/BDFI/practica_docker/env/lib/python3.8/site-packages/airflow/example_dags/tutorial_taskflow_api_etl.py
[2025-01-12 14:07:28,791] {processor.py:623} INFO - DAG(s) dict_keys(['tutorial_taskflow_api_etl']) retrieved from /home/jorge/Desktop/MÁSTER/SEGUNDO CURSO/BDFI/practica_docker/env/lib/python3.8/site-packages/airflow/example_dags/tutorial_taskflow_api_etl.py
[2025-01-12 14:07:28,993] {logging_mixin.py:109} INFO - [2025-01-12 14:07:28,993] {dag.py:1834} INFO - Sync 1 DAGs
[2025-01-12 14:07:28,996] {logging_mixin.py:109} INFO - [2025-01-12 14:07:28,996] {dag.py:2287} INFO - Setting next_dagrun for tutorial_taskflow_api_etl to None
[2025-01-12 14:07:29,004] {processor.py:170} INFO - Processing /home/jorge/Desktop/MÁSTER/SEGUNDO CURSO/BDFI/practica_docker/env/lib/python3.8/site-packages/airflow/example_dags/tutorial_taskflow_api_etl.py took 0.235 seconds
[2025-01-12 14:08:01,550] {processor.py:162} INFO - Started process (PID=284252) to work on /home/jorge/Desktop/MÁSTER/SEGUNDO CURSO/BDFI/practica_docker/env/lib/python3.8/site-packages/airflow/example_dags/tutorial_taskflow_api_etl.py
[2025-01-12 14:08:01,551] {processor.py:613} INFO - Processing file /home/jorge/Desktop/MÁSTER/SEGUNDO CURSO/BDFI/practica_docker/env/lib/python3.8/site-packages/airflow/example_dags/tutorial_taskflow_api_etl.py for tasks to queue
[2025-01-12 14:08:01,551] {logging_mixin.py:109} INFO - [2025-01-12 14:08:01,551] {dagbag.py:496} INFO - Filling up the DagBag from /home/jorge/Desktop/MÁSTER/SEGUNDO CURSO/BDFI/practica_docker/env/lib/python3.8/site-packages/airflow/example_dags/tutorial_taskflow_api_etl.py
[2025-01-12 14:08:01,559] {processor.py:623} INFO - DAG(s) dict_keys(['tutorial_taskflow_api_etl']) retrieved from /home/jorge/Desktop/MÁSTER/SEGUNDO CURSO/BDFI/practica_docker/env/lib/python3.8/site-packages/airflow/example_dags/tutorial_taskflow_api_etl.py
[2025-01-12 14:08:01,720] {logging_mixin.py:109} INFO - [2025-01-12 14:08:01,720] {dag.py:1834} INFO - Sync 1 DAGs
[2025-01-12 14:08:01,724] {logging_mixin.py:109} INFO - [2025-01-12 14:08:01,724] {dag.py:2287} INFO - Setting next_dagrun for tutorial_taskflow_api_etl to None
[2025-01-12 14:08:01,737] {processor.py:170} INFO - Processing /home/jorge/Desktop/MÁSTER/SEGUNDO CURSO/BDFI/practica_docker/env/lib/python3.8/site-packages/airflow/example_dags/tutorial_taskflow_api_etl.py took 0.189 seconds
[2025-01-12 14:08:33,774] {processor.py:162} INFO - Started process (PID=284391) to work on /home/jorge/Desktop/MÁSTER/SEGUNDO CURSO/BDFI/practica_docker/env/lib/python3.8/site-packages/airflow/example_dags/tutorial_taskflow_api_etl.py
[2025-01-12 14:08:33,780] {processor.py:613} INFO - Processing file /home/jorge/Desktop/MÁSTER/SEGUNDO CURSO/BDFI/practica_docker/env/lib/python3.8/site-packages/airflow/example_dags/tutorial_taskflow_api_etl.py for tasks to queue
[2025-01-12 14:08:33,781] {logging_mixin.py:109} INFO - [2025-01-12 14:08:33,781] {dagbag.py:496} INFO - Filling up the DagBag from /home/jorge/Desktop/MÁSTER/SEGUNDO CURSO/BDFI/practica_docker/env/lib/python3.8/site-packages/airflow/example_dags/tutorial_taskflow_api_etl.py
[2025-01-12 14:08:33,789] {processor.py:623} INFO - DAG(s) dict_keys(['tutorial_taskflow_api_etl']) retrieved from /home/jorge/Desktop/MÁSTER/SEGUNDO CURSO/BDFI/practica_docker/env/lib/python3.8/site-packages/airflow/example_dags/tutorial_taskflow_api_etl.py
[2025-01-12 14:08:33,950] {logging_mixin.py:109} INFO - [2025-01-12 14:08:33,950] {dag.py:1834} INFO - Sync 1 DAGs
[2025-01-12 14:08:33,953] {logging_mixin.py:109} INFO - [2025-01-12 14:08:33,953] {dag.py:2287} INFO - Setting next_dagrun for tutorial_taskflow_api_etl to None
[2025-01-12 14:08:33,966] {processor.py:170} INFO - Processing /home/jorge/Desktop/MÁSTER/SEGUNDO CURSO/BDFI/practica_docker/env/lib/python3.8/site-packages/airflow/example_dags/tutorial_taskflow_api_etl.py took 0.195 seconds
[2025-01-12 14:09:06,389] {processor.py:162} INFO - Started process (PID=284545) to work on /home/jorge/Desktop/MÁSTER/SEGUNDO CURSO/BDFI/practica_docker/env/lib/python3.8/site-packages/airflow/example_dags/tutorial_taskflow_api_etl.py
[2025-01-12 14:09:06,390] {processor.py:613} INFO - Processing file /home/jorge/Desktop/MÁSTER/SEGUNDO CURSO/BDFI/practica_docker/env/lib/python3.8/site-packages/airflow/example_dags/tutorial_taskflow_api_etl.py for tasks to queue
[2025-01-12 14:09:06,391] {logging_mixin.py:109} INFO - [2025-01-12 14:09:06,391] {dagbag.py:496} INFO - Filling up the DagBag from /home/jorge/Desktop/MÁSTER/SEGUNDO CURSO/BDFI/practica_docker/env/lib/python3.8/site-packages/airflow/example_dags/tutorial_taskflow_api_etl.py
[2025-01-12 14:09:06,398] {processor.py:623} INFO - DAG(s) dict_keys(['tutorial_taskflow_api_etl']) retrieved from /home/jorge/Desktop/MÁSTER/SEGUNDO CURSO/BDFI/practica_docker/env/lib/python3.8/site-packages/airflow/example_dags/tutorial_taskflow_api_etl.py
[2025-01-12 14:09:06,560] {logging_mixin.py:109} INFO - [2025-01-12 14:09:06,560] {dag.py:1834} INFO - Sync 1 DAGs
[2025-01-12 14:09:06,564] {logging_mixin.py:109} INFO - [2025-01-12 14:09:06,564] {dag.py:2287} INFO - Setting next_dagrun for tutorial_taskflow_api_etl to None
[2025-01-12 14:09:06,573] {processor.py:170} INFO - Processing /home/jorge/Desktop/MÁSTER/SEGUNDO CURSO/BDFI/practica_docker/env/lib/python3.8/site-packages/airflow/example_dags/tutorial_taskflow_api_etl.py took 0.185 seconds
[2025-01-12 14:09:39,874] {processor.py:162} INFO - Started process (PID=284695) to work on /home/jorge/Desktop/MÁSTER/SEGUNDO CURSO/BDFI/practica_docker/env/lib/python3.8/site-packages/airflow/example_dags/tutorial_taskflow_api_etl.py
[2025-01-12 14:09:39,880] {processor.py:613} INFO - Processing file /home/jorge/Desktop/MÁSTER/SEGUNDO CURSO/BDFI/practica_docker/env/lib/python3.8/site-packages/airflow/example_dags/tutorial_taskflow_api_etl.py for tasks to queue
[2025-01-12 14:09:39,881] {logging_mixin.py:109} INFO - [2025-01-12 14:09:39,881] {dagbag.py:496} INFO - Filling up the DagBag from /home/jorge/Desktop/MÁSTER/SEGUNDO CURSO/BDFI/practica_docker/env/lib/python3.8/site-packages/airflow/example_dags/tutorial_taskflow_api_etl.py
[2025-01-12 14:09:39,894] {processor.py:623} INFO - DAG(s) dict_keys(['tutorial_taskflow_api_etl']) retrieved from /home/jorge/Desktop/MÁSTER/SEGUNDO CURSO/BDFI/practica_docker/env/lib/python3.8/site-packages/airflow/example_dags/tutorial_taskflow_api_etl.py
[2025-01-12 14:09:40,053] {logging_mixin.py:109} INFO - [2025-01-12 14:09:40,053] {dag.py:1834} INFO - Sync 1 DAGs
[2025-01-12 14:09:40,057] {logging_mixin.py:109} INFO - [2025-01-12 14:09:40,057] {dag.py:2287} INFO - Setting next_dagrun for tutorial_taskflow_api_etl to None
[2025-01-12 14:09:40,070] {processor.py:170} INFO - Processing /home/jorge/Desktop/MÁSTER/SEGUNDO CURSO/BDFI/practica_docker/env/lib/python3.8/site-packages/airflow/example_dags/tutorial_taskflow_api_etl.py took 0.199 seconds
[2025-01-12 14:10:14,197] {processor.py:162} INFO - Started process (PID=284865) to work on /home/jorge/Desktop/MÁSTER/SEGUNDO CURSO/BDFI/practica_docker/env/lib/python3.8/site-packages/airflow/example_dags/tutorial_taskflow_api_etl.py
[2025-01-12 14:10:14,198] {processor.py:613} INFO - Processing file /home/jorge/Desktop/MÁSTER/SEGUNDO CURSO/BDFI/practica_docker/env/lib/python3.8/site-packages/airflow/example_dags/tutorial_taskflow_api_etl.py for tasks to queue
[2025-01-12 14:10:14,198] {logging_mixin.py:109} INFO - [2025-01-12 14:10:14,198] {dagbag.py:496} INFO - Filling up the DagBag from /home/jorge/Desktop/MÁSTER/SEGUNDO CURSO/BDFI/practica_docker/env/lib/python3.8/site-packages/airflow/example_dags/tutorial_taskflow_api_etl.py
[2025-01-12 14:10:14,208] {processor.py:623} INFO - DAG(s) dict_keys(['tutorial_taskflow_api_etl']) retrieved from /home/jorge/Desktop/MÁSTER/SEGUNDO CURSO/BDFI/practica_docker/env/lib/python3.8/site-packages/airflow/example_dags/tutorial_taskflow_api_etl.py
[2025-01-12 14:10:14,380] {logging_mixin.py:109} INFO - [2025-01-12 14:10:14,380] {dag.py:1834} INFO - Sync 1 DAGs
[2025-01-12 14:10:14,385] {logging_mixin.py:109} INFO - [2025-01-12 14:10:14,385] {dag.py:2287} INFO - Setting next_dagrun for tutorial_taskflow_api_etl to None
[2025-01-12 14:10:14,398] {processor.py:170} INFO - Processing /home/jorge/Desktop/MÁSTER/SEGUNDO CURSO/BDFI/practica_docker/env/lib/python3.8/site-packages/airflow/example_dags/tutorial_taskflow_api_etl.py took 0.204 seconds
[2025-01-12 14:10:49,747] {processor.py:162} INFO - Started process (PID=285079) to work on /home/jorge/Desktop/MÁSTER/SEGUNDO CURSO/BDFI/practica_docker/env/lib/python3.8/site-packages/airflow/example_dags/tutorial_taskflow_api_etl.py
[2025-01-12 14:10:49,748] {processor.py:613} INFO - Processing file /home/jorge/Desktop/MÁSTER/SEGUNDO CURSO/BDFI/practica_docker/env/lib/python3.8/site-packages/airflow/example_dags/tutorial_taskflow_api_etl.py for tasks to queue
[2025-01-12 14:10:49,748] {logging_mixin.py:109} INFO - [2025-01-12 14:10:49,748] {dagbag.py:496} INFO - Filling up the DagBag from /home/jorge/Desktop/MÁSTER/SEGUNDO CURSO/BDFI/practica_docker/env/lib/python3.8/site-packages/airflow/example_dags/tutorial_taskflow_api_etl.py
[2025-01-12 14:10:49,756] {processor.py:623} INFO - DAG(s) dict_keys(['tutorial_taskflow_api_etl']) retrieved from /home/jorge/Desktop/MÁSTER/SEGUNDO CURSO/BDFI/practica_docker/env/lib/python3.8/site-packages/airflow/example_dags/tutorial_taskflow_api_etl.py
[2025-01-12 14:10:49,993] {logging_mixin.py:109} INFO - [2025-01-12 14:10:49,993] {dag.py:1834} INFO - Sync 1 DAGs
[2025-01-12 14:10:49,997] {logging_mixin.py:109} INFO - [2025-01-12 14:10:49,997] {dag.py:2287} INFO - Setting next_dagrun for tutorial_taskflow_api_etl to None
[2025-01-12 14:10:50,006] {processor.py:170} INFO - Processing /home/jorge/Desktop/MÁSTER/SEGUNDO CURSO/BDFI/practica_docker/env/lib/python3.8/site-packages/airflow/example_dags/tutorial_taskflow_api_etl.py took 0.261 seconds
[2025-01-12 14:11:24,219] {processor.py:162} INFO - Started process (PID=285331) to work on /home/jorge/Desktop/MÁSTER/SEGUNDO CURSO/BDFI/practica_docker/env/lib/python3.8/site-packages/airflow/example_dags/tutorial_taskflow_api_etl.py
[2025-01-12 14:11:24,220] {processor.py:613} INFO - Processing file /home/jorge/Desktop/MÁSTER/SEGUNDO CURSO/BDFI/practica_docker/env/lib/python3.8/site-packages/airflow/example_dags/tutorial_taskflow_api_etl.py for tasks to queue
[2025-01-12 14:11:24,221] {logging_mixin.py:109} INFO - [2025-01-12 14:11:24,221] {dagbag.py:496} INFO - Filling up the DagBag from /home/jorge/Desktop/MÁSTER/SEGUNDO CURSO/BDFI/practica_docker/env/lib/python3.8/site-packages/airflow/example_dags/tutorial_taskflow_api_etl.py
[2025-01-12 14:11:24,232] {processor.py:623} INFO - DAG(s) dict_keys(['tutorial_taskflow_api_etl']) retrieved from /home/jorge/Desktop/MÁSTER/SEGUNDO CURSO/BDFI/practica_docker/env/lib/python3.8/site-packages/airflow/example_dags/tutorial_taskflow_api_etl.py
[2025-01-12 14:11:24,460] {logging_mixin.py:109} INFO - [2025-01-12 14:11:24,460] {dag.py:1834} INFO - Sync 1 DAGs
[2025-01-12 14:11:24,466] {logging_mixin.py:109} INFO - [2025-01-12 14:11:24,466] {dag.py:2287} INFO - Setting next_dagrun for tutorial_taskflow_api_etl to None
[2025-01-12 14:11:24,479] {processor.py:170} INFO - Processing /home/jorge/Desktop/MÁSTER/SEGUNDO CURSO/BDFI/practica_docker/env/lib/python3.8/site-packages/airflow/example_dags/tutorial_taskflow_api_etl.py took 0.262 seconds
[2025-01-12 14:11:57,300] {processor.py:162} INFO - Started process (PID=285485) to work on /home/jorge/Desktop/MÁSTER/SEGUNDO CURSO/BDFI/practica_docker/env/lib/python3.8/site-packages/airflow/example_dags/tutorial_taskflow_api_etl.py
[2025-01-12 14:11:57,301] {processor.py:613} INFO - Processing file /home/jorge/Desktop/MÁSTER/SEGUNDO CURSO/BDFI/practica_docker/env/lib/python3.8/site-packages/airflow/example_dags/tutorial_taskflow_api_etl.py for tasks to queue
[2025-01-12 14:11:57,302] {logging_mixin.py:109} INFO - [2025-01-12 14:11:57,302] {dagbag.py:496} INFO - Filling up the DagBag from /home/jorge/Desktop/MÁSTER/SEGUNDO CURSO/BDFI/practica_docker/env/lib/python3.8/site-packages/airflow/example_dags/tutorial_taskflow_api_etl.py
[2025-01-12 14:11:57,317] {processor.py:623} INFO - DAG(s) dict_keys(['tutorial_taskflow_api_etl']) retrieved from /home/jorge/Desktop/MÁSTER/SEGUNDO CURSO/BDFI/practica_docker/env/lib/python3.8/site-packages/airflow/example_dags/tutorial_taskflow_api_etl.py
[2025-01-12 14:11:57,543] {logging_mixin.py:109} INFO - [2025-01-12 14:11:57,543] {dag.py:1834} INFO - Sync 1 DAGs
[2025-01-12 14:11:57,548] {logging_mixin.py:109} INFO - [2025-01-12 14:11:57,548] {dag.py:2287} INFO - Setting next_dagrun for tutorial_taskflow_api_etl to None
[2025-01-12 14:11:57,571] {processor.py:170} INFO - Processing /home/jorge/Desktop/MÁSTER/SEGUNDO CURSO/BDFI/practica_docker/env/lib/python3.8/site-packages/airflow/example_dags/tutorial_taskflow_api_etl.py took 0.272 seconds
[2025-01-12 14:12:31,977] {processor.py:162} INFO - Started process (PID=285631) to work on /home/jorge/Desktop/MÁSTER/SEGUNDO CURSO/BDFI/practica_docker/env/lib/python3.8/site-packages/airflow/example_dags/tutorial_taskflow_api_etl.py
[2025-01-12 14:12:31,984] {processor.py:613} INFO - Processing file /home/jorge/Desktop/MÁSTER/SEGUNDO CURSO/BDFI/practica_docker/env/lib/python3.8/site-packages/airflow/example_dags/tutorial_taskflow_api_etl.py for tasks to queue
[2025-01-12 14:12:31,985] {logging_mixin.py:109} INFO - [2025-01-12 14:12:31,985] {dagbag.py:496} INFO - Filling up the DagBag from /home/jorge/Desktop/MÁSTER/SEGUNDO CURSO/BDFI/practica_docker/env/lib/python3.8/site-packages/airflow/example_dags/tutorial_taskflow_api_etl.py
[2025-01-12 14:12:31,992] {processor.py:623} INFO - DAG(s) dict_keys(['tutorial_taskflow_api_etl']) retrieved from /home/jorge/Desktop/MÁSTER/SEGUNDO CURSO/BDFI/practica_docker/env/lib/python3.8/site-packages/airflow/example_dags/tutorial_taskflow_api_etl.py
[2025-01-12 14:12:32,149] {logging_mixin.py:109} INFO - [2025-01-12 14:12:32,149] {dag.py:1834} INFO - Sync 1 DAGs
[2025-01-12 14:12:32,153] {logging_mixin.py:109} INFO - [2025-01-12 14:12:32,153] {dag.py:2287} INFO - Setting next_dagrun for tutorial_taskflow_api_etl to None
[2025-01-12 14:12:32,167] {processor.py:170} INFO - Processing /home/jorge/Desktop/MÁSTER/SEGUNDO CURSO/BDFI/practica_docker/env/lib/python3.8/site-packages/airflow/example_dags/tutorial_taskflow_api_etl.py took 0.193 seconds
[2025-01-12 14:13:04,806] {processor.py:162} INFO - Started process (PID=285783) to work on /home/jorge/Desktop/MÁSTER/SEGUNDO CURSO/BDFI/practica_docker/env/lib/python3.8/site-packages/airflow/example_dags/tutorial_taskflow_api_etl.py
[2025-01-12 14:13:04,808] {processor.py:613} INFO - Processing file /home/jorge/Desktop/MÁSTER/SEGUNDO CURSO/BDFI/practica_docker/env/lib/python3.8/site-packages/airflow/example_dags/tutorial_taskflow_api_etl.py for tasks to queue
[2025-01-12 14:13:04,808] {logging_mixin.py:109} INFO - [2025-01-12 14:13:04,808] {dagbag.py:496} INFO - Filling up the DagBag from /home/jorge/Desktop/MÁSTER/SEGUNDO CURSO/BDFI/practica_docker/env/lib/python3.8/site-packages/airflow/example_dags/tutorial_taskflow_api_etl.py
[2025-01-12 14:13:04,820] {processor.py:623} INFO - DAG(s) dict_keys(['tutorial_taskflow_api_etl']) retrieved from /home/jorge/Desktop/MÁSTER/SEGUNDO CURSO/BDFI/practica_docker/env/lib/python3.8/site-packages/airflow/example_dags/tutorial_taskflow_api_etl.py
[2025-01-12 14:13:04,997] {logging_mixin.py:109} INFO - [2025-01-12 14:13:04,997] {dag.py:1834} INFO - Sync 1 DAGs
[2025-01-12 14:13:05,002] {logging_mixin.py:109} INFO - [2025-01-12 14:13:05,002] {dag.py:2287} INFO - Setting next_dagrun for tutorial_taskflow_api_etl to None
[2025-01-12 14:13:05,011] {processor.py:170} INFO - Processing /home/jorge/Desktop/MÁSTER/SEGUNDO CURSO/BDFI/practica_docker/env/lib/python3.8/site-packages/airflow/example_dags/tutorial_taskflow_api_etl.py took 0.207 seconds
[2025-01-12 14:13:37,634] {processor.py:162} INFO - Started process (PID=285930) to work on /home/jorge/Desktop/MÁSTER/SEGUNDO CURSO/BDFI/practica_docker/env/lib/python3.8/site-packages/airflow/example_dags/tutorial_taskflow_api_etl.py
[2025-01-12 14:13:37,640] {processor.py:613} INFO - Processing file /home/jorge/Desktop/MÁSTER/SEGUNDO CURSO/BDFI/practica_docker/env/lib/python3.8/site-packages/airflow/example_dags/tutorial_taskflow_api_etl.py for tasks to queue
[2025-01-12 14:13:37,641] {logging_mixin.py:109} INFO - [2025-01-12 14:13:37,641] {dagbag.py:496} INFO - Filling up the DagBag from /home/jorge/Desktop/MÁSTER/SEGUNDO CURSO/BDFI/practica_docker/env/lib/python3.8/site-packages/airflow/example_dags/tutorial_taskflow_api_etl.py
[2025-01-12 14:13:37,653] {processor.py:623} INFO - DAG(s) dict_keys(['tutorial_taskflow_api_etl']) retrieved from /home/jorge/Desktop/MÁSTER/SEGUNDO CURSO/BDFI/practica_docker/env/lib/python3.8/site-packages/airflow/example_dags/tutorial_taskflow_api_etl.py
[2025-01-12 14:13:37,820] {logging_mixin.py:109} INFO - [2025-01-12 14:13:37,820] {dag.py:1834} INFO - Sync 1 DAGs
[2025-01-12 14:13:37,823] {logging_mixin.py:109} INFO - [2025-01-12 14:13:37,823] {dag.py:2287} INFO - Setting next_dagrun for tutorial_taskflow_api_etl to None
[2025-01-12 14:13:37,831] {processor.py:170} INFO - Processing /home/jorge/Desktop/MÁSTER/SEGUNDO CURSO/BDFI/practica_docker/env/lib/python3.8/site-packages/airflow/example_dags/tutorial_taskflow_api_etl.py took 0.201 seconds
[2025-01-12 14:14:09,307] {processor.py:162} INFO - Started process (PID=286093) to work on /home/jorge/Desktop/MÁSTER/SEGUNDO CURSO/BDFI/practica_docker/env/lib/python3.8/site-packages/airflow/example_dags/tutorial_taskflow_api_etl.py
[2025-01-12 14:14:09,307] {processor.py:613} INFO - Processing file /home/jorge/Desktop/MÁSTER/SEGUNDO CURSO/BDFI/practica_docker/env/lib/python3.8/site-packages/airflow/example_dags/tutorial_taskflow_api_etl.py for tasks to queue
[2025-01-12 14:14:09,308] {logging_mixin.py:109} INFO - [2025-01-12 14:14:09,308] {dagbag.py:496} INFO - Filling up the DagBag from /home/jorge/Desktop/MÁSTER/SEGUNDO CURSO/BDFI/practica_docker/env/lib/python3.8/site-packages/airflow/example_dags/tutorial_taskflow_api_etl.py
[2025-01-12 14:14:09,321] {processor.py:623} INFO - DAG(s) dict_keys(['tutorial_taskflow_api_etl']) retrieved from /home/jorge/Desktop/MÁSTER/SEGUNDO CURSO/BDFI/practica_docker/env/lib/python3.8/site-packages/airflow/example_dags/tutorial_taskflow_api_etl.py
[2025-01-12 14:14:09,556] {logging_mixin.py:109} INFO - [2025-01-12 14:14:09,556] {dag.py:1834} INFO - Sync 1 DAGs
[2025-01-12 14:14:09,560] {logging_mixin.py:109} INFO - [2025-01-12 14:14:09,560] {dag.py:2287} INFO - Setting next_dagrun for tutorial_taskflow_api_etl to None
[2025-01-12 14:14:09,568] {processor.py:170} INFO - Processing /home/jorge/Desktop/MÁSTER/SEGUNDO CURSO/BDFI/practica_docker/env/lib/python3.8/site-packages/airflow/example_dags/tutorial_taskflow_api_etl.py took 0.264 seconds
[2025-01-12 14:14:43,104] {processor.py:162} INFO - Started process (PID=286255) to work on /home/jorge/Desktop/MÁSTER/SEGUNDO CURSO/BDFI/practica_docker/env/lib/python3.8/site-packages/airflow/example_dags/tutorial_taskflow_api_etl.py
[2025-01-12 14:14:43,111] {processor.py:613} INFO - Processing file /home/jorge/Desktop/MÁSTER/SEGUNDO CURSO/BDFI/practica_docker/env/lib/python3.8/site-packages/airflow/example_dags/tutorial_taskflow_api_etl.py for tasks to queue
[2025-01-12 14:14:43,112] {logging_mixin.py:109} INFO - [2025-01-12 14:14:43,112] {dagbag.py:496} INFO - Filling up the DagBag from /home/jorge/Desktop/MÁSTER/SEGUNDO CURSO/BDFI/practica_docker/env/lib/python3.8/site-packages/airflow/example_dags/tutorial_taskflow_api_etl.py
[2025-01-12 14:14:43,122] {processor.py:623} INFO - DAG(s) dict_keys(['tutorial_taskflow_api_etl']) retrieved from /home/jorge/Desktop/MÁSTER/SEGUNDO CURSO/BDFI/practica_docker/env/lib/python3.8/site-packages/airflow/example_dags/tutorial_taskflow_api_etl.py
[2025-01-12 14:14:43,283] {logging_mixin.py:109} INFO - [2025-01-12 14:14:43,282] {dag.py:1834} INFO - Sync 1 DAGs
[2025-01-12 14:14:43,286] {logging_mixin.py:109} INFO - [2025-01-12 14:14:43,286] {dag.py:2287} INFO - Setting next_dagrun for tutorial_taskflow_api_etl to None
[2025-01-12 14:14:43,294] {processor.py:170} INFO - Processing /home/jorge/Desktop/MÁSTER/SEGUNDO CURSO/BDFI/practica_docker/env/lib/python3.8/site-packages/airflow/example_dags/tutorial_taskflow_api_etl.py took 0.192 seconds
[2025-01-12 14:15:16,313] {processor.py:162} INFO - Started process (PID=286664) to work on /home/jorge/Desktop/MÁSTER/SEGUNDO CURSO/BDFI/practica_docker/env/lib/python3.8/site-packages/airflow/example_dags/tutorial_taskflow_api_etl.py
[2025-01-12 14:15:16,314] {processor.py:613} INFO - Processing file /home/jorge/Desktop/MÁSTER/SEGUNDO CURSO/BDFI/practica_docker/env/lib/python3.8/site-packages/airflow/example_dags/tutorial_taskflow_api_etl.py for tasks to queue
[2025-01-12 14:15:16,315] {logging_mixin.py:109} INFO - [2025-01-12 14:15:16,315] {dagbag.py:496} INFO - Filling up the DagBag from /home/jorge/Desktop/MÁSTER/SEGUNDO CURSO/BDFI/practica_docker/env/lib/python3.8/site-packages/airflow/example_dags/tutorial_taskflow_api_etl.py
[2025-01-12 14:15:16,322] {processor.py:623} INFO - DAG(s) dict_keys(['tutorial_taskflow_api_etl']) retrieved from /home/jorge/Desktop/MÁSTER/SEGUNDO CURSO/BDFI/practica_docker/env/lib/python3.8/site-packages/airflow/example_dags/tutorial_taskflow_api_etl.py
[2025-01-12 14:15:16,499] {logging_mixin.py:109} INFO - [2025-01-12 14:15:16,499] {dag.py:1834} INFO - Sync 1 DAGs
[2025-01-12 14:15:16,502] {logging_mixin.py:109} INFO - [2025-01-12 14:15:16,502] {dag.py:2287} INFO - Setting next_dagrun for tutorial_taskflow_api_etl to None
[2025-01-12 14:15:16,515] {processor.py:170} INFO - Processing /home/jorge/Desktop/MÁSTER/SEGUNDO CURSO/BDFI/practica_docker/env/lib/python3.8/site-packages/airflow/example_dags/tutorial_taskflow_api_etl.py took 0.205 seconds
[2025-01-12 14:15:48,724] {processor.py:162} INFO - Started process (PID=288756) to work on /home/jorge/Desktop/MÁSTER/SEGUNDO CURSO/BDFI/practica_docker/env/lib/python3.8/site-packages/airflow/example_dags/tutorial_taskflow_api_etl.py
[2025-01-12 14:15:48,729] {processor.py:613} INFO - Processing file /home/jorge/Desktop/MÁSTER/SEGUNDO CURSO/BDFI/practica_docker/env/lib/python3.8/site-packages/airflow/example_dags/tutorial_taskflow_api_etl.py for tasks to queue
[2025-01-12 14:15:48,731] {logging_mixin.py:109} INFO - [2025-01-12 14:15:48,731] {dagbag.py:496} INFO - Filling up the DagBag from /home/jorge/Desktop/MÁSTER/SEGUNDO CURSO/BDFI/practica_docker/env/lib/python3.8/site-packages/airflow/example_dags/tutorial_taskflow_api_etl.py
[2025-01-12 14:15:48,757] {processor.py:623} INFO - DAG(s) dict_keys(['tutorial_taskflow_api_etl']) retrieved from /home/jorge/Desktop/MÁSTER/SEGUNDO CURSO/BDFI/practica_docker/env/lib/python3.8/site-packages/airflow/example_dags/tutorial_taskflow_api_etl.py
[2025-01-12 14:15:49,274] {logging_mixin.py:109} INFO - [2025-01-12 14:15:49,274] {dag.py:1834} INFO - Sync 1 DAGs
[2025-01-12 14:15:49,288] {logging_mixin.py:109} INFO - [2025-01-12 14:15:49,288] {dag.py:2287} INFO - Setting next_dagrun for tutorial_taskflow_api_etl to None
[2025-01-12 14:15:49,311] {processor.py:170} INFO - Processing /home/jorge/Desktop/MÁSTER/SEGUNDO CURSO/BDFI/practica_docker/env/lib/python3.8/site-packages/airflow/example_dags/tutorial_taskflow_api_etl.py took 0.592 seconds
[2025-01-12 14:16:34,902] {processor.py:162} INFO - Started process (PID=290097) to work on /home/jorge/Desktop/MÁSTER/SEGUNDO CURSO/BDFI/practica_docker/env/lib/python3.8/site-packages/airflow/example_dags/tutorial_taskflow_api_etl.py
[2025-01-12 14:16:34,903] {processor.py:613} INFO - Processing file /home/jorge/Desktop/MÁSTER/SEGUNDO CURSO/BDFI/practica_docker/env/lib/python3.8/site-packages/airflow/example_dags/tutorial_taskflow_api_etl.py for tasks to queue
[2025-01-12 14:16:34,904] {logging_mixin.py:109} INFO - [2025-01-12 14:16:34,904] {dagbag.py:496} INFO - Filling up the DagBag from /home/jorge/Desktop/MÁSTER/SEGUNDO CURSO/BDFI/practica_docker/env/lib/python3.8/site-packages/airflow/example_dags/tutorial_taskflow_api_etl.py
[2025-01-12 14:16:34,914] {processor.py:623} INFO - DAG(s) dict_keys(['tutorial_taskflow_api_etl']) retrieved from /home/jorge/Desktop/MÁSTER/SEGUNDO CURSO/BDFI/practica_docker/env/lib/python3.8/site-packages/airflow/example_dags/tutorial_taskflow_api_etl.py
[2025-01-12 14:16:35,290] {logging_mixin.py:109} INFO - [2025-01-12 14:16:35,290] {dag.py:1834} INFO - Sync 1 DAGs
[2025-01-12 14:16:35,298] {logging_mixin.py:109} INFO - [2025-01-12 14:16:35,298] {dag.py:2287} INFO - Setting next_dagrun for tutorial_taskflow_api_etl to None
[2025-01-12 14:16:35,309] {processor.py:170} INFO - Processing /home/jorge/Desktop/MÁSTER/SEGUNDO CURSO/BDFI/practica_docker/env/lib/python3.8/site-packages/airflow/example_dags/tutorial_taskflow_api_etl.py took 0.409 seconds
[2025-01-12 14:17:10,225] {processor.py:162} INFO - Started process (PID=290872) to work on /home/jorge/Desktop/MÁSTER/SEGUNDO CURSO/BDFI/practica_docker/env/lib/python3.8/site-packages/airflow/example_dags/tutorial_taskflow_api_etl.py
[2025-01-12 14:17:10,231] {processor.py:613} INFO - Processing file /home/jorge/Desktop/MÁSTER/SEGUNDO CURSO/BDFI/practica_docker/env/lib/python3.8/site-packages/airflow/example_dags/tutorial_taskflow_api_etl.py for tasks to queue
[2025-01-12 14:17:10,232] {logging_mixin.py:109} INFO - [2025-01-12 14:17:10,232] {dagbag.py:496} INFO - Filling up the DagBag from /home/jorge/Desktop/MÁSTER/SEGUNDO CURSO/BDFI/practica_docker/env/lib/python3.8/site-packages/airflow/example_dags/tutorial_taskflow_api_etl.py
[2025-01-12 14:17:10,242] {processor.py:623} INFO - DAG(s) dict_keys(['tutorial_taskflow_api_etl']) retrieved from /home/jorge/Desktop/MÁSTER/SEGUNDO CURSO/BDFI/practica_docker/env/lib/python3.8/site-packages/airflow/example_dags/tutorial_taskflow_api_etl.py
[2025-01-12 14:17:10,532] {logging_mixin.py:109} INFO - [2025-01-12 14:17:10,531] {dag.py:1834} INFO - Sync 1 DAGs
[2025-01-12 14:17:10,537] {logging_mixin.py:109} INFO - [2025-01-12 14:17:10,537] {dag.py:2287} INFO - Setting next_dagrun for tutorial_taskflow_api_etl to None
[2025-01-12 14:17:10,547] {processor.py:170} INFO - Processing /home/jorge/Desktop/MÁSTER/SEGUNDO CURSO/BDFI/practica_docker/env/lib/python3.8/site-packages/airflow/example_dags/tutorial_taskflow_api_etl.py took 0.325 seconds
[2025-01-12 14:17:44,618] {processor.py:162} INFO - Started process (PID=291052) to work on /home/jorge/Desktop/MÁSTER/SEGUNDO CURSO/BDFI/practica_docker/env/lib/python3.8/site-packages/airflow/example_dags/tutorial_taskflow_api_etl.py
[2025-01-12 14:17:44,619] {processor.py:613} INFO - Processing file /home/jorge/Desktop/MÁSTER/SEGUNDO CURSO/BDFI/practica_docker/env/lib/python3.8/site-packages/airflow/example_dags/tutorial_taskflow_api_etl.py for tasks to queue
[2025-01-12 14:17:44,620] {logging_mixin.py:109} INFO - [2025-01-12 14:17:44,620] {dagbag.py:496} INFO - Filling up the DagBag from /home/jorge/Desktop/MÁSTER/SEGUNDO CURSO/BDFI/practica_docker/env/lib/python3.8/site-packages/airflow/example_dags/tutorial_taskflow_api_etl.py
[2025-01-12 14:17:44,629] {processor.py:623} INFO - DAG(s) dict_keys(['tutorial_taskflow_api_etl']) retrieved from /home/jorge/Desktop/MÁSTER/SEGUNDO CURSO/BDFI/practica_docker/env/lib/python3.8/site-packages/airflow/example_dags/tutorial_taskflow_api_etl.py
[2025-01-12 14:17:44,860] {logging_mixin.py:109} INFO - [2025-01-12 14:17:44,860] {dag.py:1834} INFO - Sync 1 DAGs
[2025-01-12 14:17:44,865] {logging_mixin.py:109} INFO - [2025-01-12 14:17:44,864] {dag.py:2287} INFO - Setting next_dagrun for tutorial_taskflow_api_etl to None
[2025-01-12 14:17:44,874] {processor.py:170} INFO - Processing /home/jorge/Desktop/MÁSTER/SEGUNDO CURSO/BDFI/practica_docker/env/lib/python3.8/site-packages/airflow/example_dags/tutorial_taskflow_api_etl.py took 0.260 seconds
[2025-01-12 14:18:17,579] {processor.py:162} INFO - Started process (PID=291212) to work on /home/jorge/Desktop/MÁSTER/SEGUNDO CURSO/BDFI/practica_docker/env/lib/python3.8/site-packages/airflow/example_dags/tutorial_taskflow_api_etl.py
[2025-01-12 14:18:17,581] {processor.py:613} INFO - Processing file /home/jorge/Desktop/MÁSTER/SEGUNDO CURSO/BDFI/practica_docker/env/lib/python3.8/site-packages/airflow/example_dags/tutorial_taskflow_api_etl.py for tasks to queue
[2025-01-12 14:18:17,581] {logging_mixin.py:109} INFO - [2025-01-12 14:18:17,581] {dagbag.py:496} INFO - Filling up the DagBag from /home/jorge/Desktop/MÁSTER/SEGUNDO CURSO/BDFI/practica_docker/env/lib/python3.8/site-packages/airflow/example_dags/tutorial_taskflow_api_etl.py
[2025-01-12 14:18:17,598] {processor.py:623} INFO - DAG(s) dict_keys(['tutorial_taskflow_api_etl']) retrieved from /home/jorge/Desktop/MÁSTER/SEGUNDO CURSO/BDFI/practica_docker/env/lib/python3.8/site-packages/airflow/example_dags/tutorial_taskflow_api_etl.py
[2025-01-12 14:18:17,806] {logging_mixin.py:109} INFO - [2025-01-12 14:18:17,805] {dag.py:1834} INFO - Sync 1 DAGs
[2025-01-12 14:18:17,810] {logging_mixin.py:109} INFO - [2025-01-12 14:18:17,810] {dag.py:2287} INFO - Setting next_dagrun for tutorial_taskflow_api_etl to None
[2025-01-12 14:18:17,820] {processor.py:170} INFO - Processing /home/jorge/Desktop/MÁSTER/SEGUNDO CURSO/BDFI/practica_docker/env/lib/python3.8/site-packages/airflow/example_dags/tutorial_taskflow_api_etl.py took 0.244 seconds
[2025-01-12 14:18:50,694] {processor.py:162} INFO - Started process (PID=291770) to work on /home/jorge/Desktop/MÁSTER/SEGUNDO CURSO/BDFI/practica_docker/env/lib/python3.8/site-packages/airflow/example_dags/tutorial_taskflow_api_etl.py
[2025-01-12 14:18:50,694] {processor.py:613} INFO - Processing file /home/jorge/Desktop/MÁSTER/SEGUNDO CURSO/BDFI/practica_docker/env/lib/python3.8/site-packages/airflow/example_dags/tutorial_taskflow_api_etl.py for tasks to queue
[2025-01-12 14:18:50,695] {logging_mixin.py:109} INFO - [2025-01-12 14:18:50,695] {dagbag.py:496} INFO - Filling up the DagBag from /home/jorge/Desktop/MÁSTER/SEGUNDO CURSO/BDFI/practica_docker/env/lib/python3.8/site-packages/airflow/example_dags/tutorial_taskflow_api_etl.py
[2025-01-12 14:18:50,703] {processor.py:623} INFO - DAG(s) dict_keys(['tutorial_taskflow_api_etl']) retrieved from /home/jorge/Desktop/MÁSTER/SEGUNDO CURSO/BDFI/practica_docker/env/lib/python3.8/site-packages/airflow/example_dags/tutorial_taskflow_api_etl.py
[2025-01-12 14:18:50,898] {logging_mixin.py:109} INFO - [2025-01-12 14:18:50,898] {dag.py:1834} INFO - Sync 1 DAGs
[2025-01-12 14:18:50,903] {logging_mixin.py:109} INFO - [2025-01-12 14:18:50,903] {dag.py:2287} INFO - Setting next_dagrun for tutorial_taskflow_api_etl to None
[2025-01-12 14:18:50,911] {processor.py:170} INFO - Processing /home/jorge/Desktop/MÁSTER/SEGUNDO CURSO/BDFI/practica_docker/env/lib/python3.8/site-packages/airflow/example_dags/tutorial_taskflow_api_etl.py took 0.220 seconds
[2025-01-12 14:19:24,186] {processor.py:162} INFO - Started process (PID=292390) to work on /home/jorge/Desktop/MÁSTER/SEGUNDO CURSO/BDFI/practica_docker/env/lib/python3.8/site-packages/airflow/example_dags/tutorial_taskflow_api_etl.py
[2025-01-12 14:19:24,188] {processor.py:613} INFO - Processing file /home/jorge/Desktop/MÁSTER/SEGUNDO CURSO/BDFI/practica_docker/env/lib/python3.8/site-packages/airflow/example_dags/tutorial_taskflow_api_etl.py for tasks to queue
[2025-01-12 14:19:24,189] {logging_mixin.py:109} INFO - [2025-01-12 14:19:24,188] {dagbag.py:496} INFO - Filling up the DagBag from /home/jorge/Desktop/MÁSTER/SEGUNDO CURSO/BDFI/practica_docker/env/lib/python3.8/site-packages/airflow/example_dags/tutorial_taskflow_api_etl.py
[2025-01-12 14:19:24,202] {processor.py:623} INFO - DAG(s) dict_keys(['tutorial_taskflow_api_etl']) retrieved from /home/jorge/Desktop/MÁSTER/SEGUNDO CURSO/BDFI/practica_docker/env/lib/python3.8/site-packages/airflow/example_dags/tutorial_taskflow_api_etl.py
[2025-01-12 14:19:24,775] {logging_mixin.py:109} INFO - [2025-01-12 14:19:24,774] {dag.py:1834} INFO - Sync 1 DAGs
[2025-01-12 14:19:24,793] {logging_mixin.py:109} INFO - [2025-01-12 14:19:24,793] {dag.py:2287} INFO - Setting next_dagrun for tutorial_taskflow_api_etl to None
[2025-01-12 14:19:24,822] {processor.py:170} INFO - Processing /home/jorge/Desktop/MÁSTER/SEGUNDO CURSO/BDFI/practica_docker/env/lib/python3.8/site-packages/airflow/example_dags/tutorial_taskflow_api_etl.py took 0.639 seconds
[2025-01-12 14:19:59,757] {processor.py:162} INFO - Started process (PID=293092) to work on /home/jorge/Desktop/MÁSTER/SEGUNDO CURSO/BDFI/practica_docker/env/lib/python3.8/site-packages/airflow/example_dags/tutorial_taskflow_api_etl.py
[2025-01-12 14:19:59,763] {processor.py:613} INFO - Processing file /home/jorge/Desktop/MÁSTER/SEGUNDO CURSO/BDFI/practica_docker/env/lib/python3.8/site-packages/airflow/example_dags/tutorial_taskflow_api_etl.py for tasks to queue
[2025-01-12 14:19:59,764] {logging_mixin.py:109} INFO - [2025-01-12 14:19:59,764] {dagbag.py:496} INFO - Filling up the DagBag from /home/jorge/Desktop/MÁSTER/SEGUNDO CURSO/BDFI/practica_docker/env/lib/python3.8/site-packages/airflow/example_dags/tutorial_taskflow_api_etl.py
[2025-01-12 14:19:59,772] {processor.py:623} INFO - DAG(s) dict_keys(['tutorial_taskflow_api_etl']) retrieved from /home/jorge/Desktop/MÁSTER/SEGUNDO CURSO/BDFI/practica_docker/env/lib/python3.8/site-packages/airflow/example_dags/tutorial_taskflow_api_etl.py
[2025-01-12 14:19:59,975] {logging_mixin.py:109} INFO - [2025-01-12 14:19:59,975] {dag.py:1834} INFO - Sync 1 DAGs
[2025-01-12 14:19:59,982] {logging_mixin.py:109} INFO - [2025-01-12 14:19:59,981] {dag.py:2287} INFO - Setting next_dagrun for tutorial_taskflow_api_etl to None
[2025-01-12 14:19:59,995] {processor.py:170} INFO - Processing /home/jorge/Desktop/MÁSTER/SEGUNDO CURSO/BDFI/practica_docker/env/lib/python3.8/site-packages/airflow/example_dags/tutorial_taskflow_api_etl.py took 0.241 seconds
[2025-01-12 14:20:34,652] {processor.py:162} INFO - Started process (PID=293252) to work on /home/jorge/Desktop/MÁSTER/SEGUNDO CURSO/BDFI/practica_docker/env/lib/python3.8/site-packages/airflow/example_dags/tutorial_taskflow_api_etl.py
[2025-01-12 14:20:34,653] {processor.py:613} INFO - Processing file /home/jorge/Desktop/MÁSTER/SEGUNDO CURSO/BDFI/practica_docker/env/lib/python3.8/site-packages/airflow/example_dags/tutorial_taskflow_api_etl.py for tasks to queue
[2025-01-12 14:20:34,654] {logging_mixin.py:109} INFO - [2025-01-12 14:20:34,654] {dagbag.py:496} INFO - Filling up the DagBag from /home/jorge/Desktop/MÁSTER/SEGUNDO CURSO/BDFI/practica_docker/env/lib/python3.8/site-packages/airflow/example_dags/tutorial_taskflow_api_etl.py
[2025-01-12 14:20:34,667] {processor.py:623} INFO - DAG(s) dict_keys(['tutorial_taskflow_api_etl']) retrieved from /home/jorge/Desktop/MÁSTER/SEGUNDO CURSO/BDFI/practica_docker/env/lib/python3.8/site-packages/airflow/example_dags/tutorial_taskflow_api_etl.py
[2025-01-12 14:20:35,059] {logging_mixin.py:109} INFO - [2025-01-12 14:20:35,057] {dag.py:1834} INFO - Sync 1 DAGs
[2025-01-12 14:20:35,069] {logging_mixin.py:109} INFO - [2025-01-12 14:20:35,069] {dag.py:2287} INFO - Setting next_dagrun for tutorial_taskflow_api_etl to None
[2025-01-12 14:20:35,091] {processor.py:170} INFO - Processing /home/jorge/Desktop/MÁSTER/SEGUNDO CURSO/BDFI/practica_docker/env/lib/python3.8/site-packages/airflow/example_dags/tutorial_taskflow_api_etl.py took 0.442 seconds
