[2025-01-12 13:51:03,469] {processor.py:162} INFO - Started process (PID=281037) to work on /home/jorge/Desktop/MÁSTER/SEGUNDO CURSO/BDFI/practica_docker/env/lib/python3.8/site-packages/airflow/example_dags/tutorial.py
[2025-01-12 13:51:03,470] {processor.py:613} INFO - Processing file /home/jorge/Desktop/MÁSTER/SEGUNDO CURSO/BDFI/practica_docker/env/lib/python3.8/site-packages/airflow/example_dags/tutorial.py for tasks to queue
[2025-01-12 13:51:03,471] {logging_mixin.py:109} INFO - [2025-01-12 13:51:03,471] {dagbag.py:496} INFO - Filling up the DagBag from /home/jorge/Desktop/MÁSTER/SEGUNDO CURSO/BDFI/practica_docker/env/lib/python3.8/site-packages/airflow/example_dags/tutorial.py
[2025-01-12 13:51:03,483] {processor.py:623} INFO - DAG(s) dict_keys(['tutorial']) retrieved from /home/jorge/Desktop/MÁSTER/SEGUNDO CURSO/BDFI/practica_docker/env/lib/python3.8/site-packages/airflow/example_dags/tutorial.py
[2025-01-12 13:51:03,493] {logging_mixin.py:109} INFO - [2025-01-12 13:51:03,493] {dag.py:1834} INFO - Sync 1 DAGs
[2025-01-12 13:51:03,499] {logging_mixin.py:109} INFO - [2025-01-12 13:51:03,499] {dag.py:2287} INFO - Setting next_dagrun for tutorial to 2025-01-10 00:00:00+00:00
[2025-01-12 13:51:03,507] {processor.py:170} INFO - Processing /home/jorge/Desktop/MÁSTER/SEGUNDO CURSO/BDFI/practica_docker/env/lib/python3.8/site-packages/airflow/example_dags/tutorial.py took 0.042 seconds
[2025-01-12 13:51:37,200] {processor.py:162} INFO - Started process (PID=281198) to work on /home/jorge/Desktop/MÁSTER/SEGUNDO CURSO/BDFI/practica_docker/env/lib/python3.8/site-packages/airflow/example_dags/tutorial.py
[2025-01-12 13:51:37,202] {processor.py:613} INFO - Processing file /home/jorge/Desktop/MÁSTER/SEGUNDO CURSO/BDFI/practica_docker/env/lib/python3.8/site-packages/airflow/example_dags/tutorial.py for tasks to queue
[2025-01-12 13:51:37,202] {logging_mixin.py:109} INFO - [2025-01-12 13:51:37,202] {dagbag.py:496} INFO - Filling up the DagBag from /home/jorge/Desktop/MÁSTER/SEGUNDO CURSO/BDFI/practica_docker/env/lib/python3.8/site-packages/airflow/example_dags/tutorial.py
[2025-01-12 13:51:37,214] {processor.py:623} INFO - DAG(s) dict_keys(['tutorial']) retrieved from /home/jorge/Desktop/MÁSTER/SEGUNDO CURSO/BDFI/practica_docker/env/lib/python3.8/site-packages/airflow/example_dags/tutorial.py
[2025-01-12 13:51:37,224] {logging_mixin.py:109} INFO - [2025-01-12 13:51:37,224] {dag.py:1834} INFO - Sync 1 DAGs
[2025-01-12 13:51:37,230] {logging_mixin.py:109} INFO - [2025-01-12 13:51:37,230] {dag.py:2287} INFO - Setting next_dagrun for tutorial to 2025-01-10 00:00:00+00:00
[2025-01-12 13:51:37,239] {processor.py:170} INFO - Processing /home/jorge/Desktop/MÁSTER/SEGUNDO CURSO/BDFI/practica_docker/env/lib/python3.8/site-packages/airflow/example_dags/tutorial.py took 0.042 seconds
[2025-01-12 13:52:10,048] {processor.py:162} INFO - Started process (PID=281344) to work on /home/jorge/Desktop/MÁSTER/SEGUNDO CURSO/BDFI/practica_docker/env/lib/python3.8/site-packages/airflow/example_dags/tutorial.py
[2025-01-12 13:52:10,049] {processor.py:613} INFO - Processing file /home/jorge/Desktop/MÁSTER/SEGUNDO CURSO/BDFI/practica_docker/env/lib/python3.8/site-packages/airflow/example_dags/tutorial.py for tasks to queue
[2025-01-12 13:52:10,050] {logging_mixin.py:109} INFO - [2025-01-12 13:52:10,050] {dagbag.py:496} INFO - Filling up the DagBag from /home/jorge/Desktop/MÁSTER/SEGUNDO CURSO/BDFI/practica_docker/env/lib/python3.8/site-packages/airflow/example_dags/tutorial.py
[2025-01-12 13:52:10,081] {processor.py:623} INFO - DAG(s) dict_keys(['tutorial']) retrieved from /home/jorge/Desktop/MÁSTER/SEGUNDO CURSO/BDFI/practica_docker/env/lib/python3.8/site-packages/airflow/example_dags/tutorial.py
[2025-01-12 13:52:10,102] {logging_mixin.py:109} INFO - [2025-01-12 13:52:10,101] {dag.py:1834} INFO - Sync 1 DAGs
[2025-01-12 13:52:10,113] {logging_mixin.py:109} INFO - [2025-01-12 13:52:10,113] {dag.py:2287} INFO - Setting next_dagrun for tutorial to 2025-01-10 00:00:00+00:00
[2025-01-12 13:52:10,129] {processor.py:170} INFO - Processing /home/jorge/Desktop/MÁSTER/SEGUNDO CURSO/BDFI/practica_docker/env/lib/python3.8/site-packages/airflow/example_dags/tutorial.py took 0.084 seconds
[2025-01-12 13:52:44,285] {processor.py:162} INFO - Started process (PID=281536) to work on /home/jorge/Desktop/MÁSTER/SEGUNDO CURSO/BDFI/practica_docker/env/lib/python3.8/site-packages/airflow/example_dags/tutorial.py
[2025-01-12 13:52:44,286] {processor.py:613} INFO - Processing file /home/jorge/Desktop/MÁSTER/SEGUNDO CURSO/BDFI/practica_docker/env/lib/python3.8/site-packages/airflow/example_dags/tutorial.py for tasks to queue
[2025-01-12 13:52:44,287] {logging_mixin.py:109} INFO - [2025-01-12 13:52:44,287] {dagbag.py:496} INFO - Filling up the DagBag from /home/jorge/Desktop/MÁSTER/SEGUNDO CURSO/BDFI/practica_docker/env/lib/python3.8/site-packages/airflow/example_dags/tutorial.py
[2025-01-12 13:52:44,312] {processor.py:623} INFO - DAG(s) dict_keys(['tutorial']) retrieved from /home/jorge/Desktop/MÁSTER/SEGUNDO CURSO/BDFI/practica_docker/env/lib/python3.8/site-packages/airflow/example_dags/tutorial.py
[2025-01-12 13:52:44,325] {logging_mixin.py:109} INFO - [2025-01-12 13:52:44,325] {dag.py:1834} INFO - Sync 1 DAGs
[2025-01-12 13:52:44,334] {logging_mixin.py:109} INFO - [2025-01-12 13:52:44,334] {dag.py:2287} INFO - Setting next_dagrun for tutorial to 2025-01-10 00:00:00+00:00
[2025-01-12 13:52:44,348] {processor.py:170} INFO - Processing /home/jorge/Desktop/MÁSTER/SEGUNDO CURSO/BDFI/practica_docker/env/lib/python3.8/site-packages/airflow/example_dags/tutorial.py took 0.065 seconds
[2025-01-12 13:53:26,560] {processor.py:162} INFO - Started process (PID=281787) to work on /home/jorge/Desktop/MÁSTER/SEGUNDO CURSO/BDFI/practica_docker/env/lib/python3.8/site-packages/airflow/example_dags/tutorial.py
[2025-01-12 13:53:26,561] {processor.py:613} INFO - Processing file /home/jorge/Desktop/MÁSTER/SEGUNDO CURSO/BDFI/practica_docker/env/lib/python3.8/site-packages/airflow/example_dags/tutorial.py for tasks to queue
[2025-01-12 13:53:26,561] {logging_mixin.py:109} INFO - [2025-01-12 13:53:26,561] {dagbag.py:496} INFO - Filling up the DagBag from /home/jorge/Desktop/MÁSTER/SEGUNDO CURSO/BDFI/practica_docker/env/lib/python3.8/site-packages/airflow/example_dags/tutorial.py
[2025-01-12 13:53:26,570] {processor.py:623} INFO - DAG(s) dict_keys(['tutorial']) retrieved from /home/jorge/Desktop/MÁSTER/SEGUNDO CURSO/BDFI/practica_docker/env/lib/python3.8/site-packages/airflow/example_dags/tutorial.py
[2025-01-12 13:53:26,583] {logging_mixin.py:109} INFO - [2025-01-12 13:53:26,583] {dag.py:1834} INFO - Sync 1 DAGs
[2025-01-12 13:53:26,590] {logging_mixin.py:109} INFO - [2025-01-12 13:53:26,590] {dag.py:2287} INFO - Setting next_dagrun for tutorial to 2025-01-10 00:00:00+00:00
[2025-01-12 13:53:26,599] {processor.py:170} INFO - Processing /home/jorge/Desktop/MÁSTER/SEGUNDO CURSO/BDFI/practica_docker/env/lib/python3.8/site-packages/airflow/example_dags/tutorial.py took 0.042 seconds
[2025-01-12 13:54:00,860] {processor.py:162} INFO - Started process (PID=281965) to work on /home/jorge/Desktop/MÁSTER/SEGUNDO CURSO/BDFI/practica_docker/env/lib/python3.8/site-packages/airflow/example_dags/tutorial.py
[2025-01-12 13:54:00,861] {processor.py:613} INFO - Processing file /home/jorge/Desktop/MÁSTER/SEGUNDO CURSO/BDFI/practica_docker/env/lib/python3.8/site-packages/airflow/example_dags/tutorial.py for tasks to queue
[2025-01-12 13:54:00,862] {logging_mixin.py:109} INFO - [2025-01-12 13:54:00,862] {dagbag.py:496} INFO - Filling up the DagBag from /home/jorge/Desktop/MÁSTER/SEGUNDO CURSO/BDFI/practica_docker/env/lib/python3.8/site-packages/airflow/example_dags/tutorial.py
[2025-01-12 13:54:00,875] {processor.py:623} INFO - DAG(s) dict_keys(['tutorial']) retrieved from /home/jorge/Desktop/MÁSTER/SEGUNDO CURSO/BDFI/practica_docker/env/lib/python3.8/site-packages/airflow/example_dags/tutorial.py
[2025-01-12 13:54:00,884] {logging_mixin.py:109} INFO - [2025-01-12 13:54:00,884] {dag.py:1834} INFO - Sync 1 DAGs
[2025-01-12 13:54:00,890] {logging_mixin.py:109} INFO - [2025-01-12 13:54:00,890] {dag.py:2287} INFO - Setting next_dagrun for tutorial to 2025-01-10 00:00:00+00:00
[2025-01-12 13:54:00,898] {processor.py:170} INFO - Processing /home/jorge/Desktop/MÁSTER/SEGUNDO CURSO/BDFI/practica_docker/env/lib/python3.8/site-packages/airflow/example_dags/tutorial.py took 0.041 seconds
[2025-01-12 13:54:34,743] {processor.py:162} INFO - Started process (PID=282122) to work on /home/jorge/Desktop/MÁSTER/SEGUNDO CURSO/BDFI/practica_docker/env/lib/python3.8/site-packages/airflow/example_dags/tutorial.py
[2025-01-12 13:54:34,745] {processor.py:613} INFO - Processing file /home/jorge/Desktop/MÁSTER/SEGUNDO CURSO/BDFI/practica_docker/env/lib/python3.8/site-packages/airflow/example_dags/tutorial.py for tasks to queue
[2025-01-12 13:54:34,746] {logging_mixin.py:109} INFO - [2025-01-12 13:54:34,746] {dagbag.py:496} INFO - Filling up the DagBag from /home/jorge/Desktop/MÁSTER/SEGUNDO CURSO/BDFI/practica_docker/env/lib/python3.8/site-packages/airflow/example_dags/tutorial.py
[2025-01-12 13:54:34,758] {processor.py:623} INFO - DAG(s) dict_keys(['tutorial']) retrieved from /home/jorge/Desktop/MÁSTER/SEGUNDO CURSO/BDFI/practica_docker/env/lib/python3.8/site-packages/airflow/example_dags/tutorial.py
[2025-01-12 13:54:34,768] {logging_mixin.py:109} INFO - [2025-01-12 13:54:34,768] {dag.py:1834} INFO - Sync 1 DAGs
[2025-01-12 13:54:34,774] {logging_mixin.py:109} INFO - [2025-01-12 13:54:34,773] {dag.py:2287} INFO - Setting next_dagrun for tutorial to 2025-01-10 00:00:00+00:00
[2025-01-12 13:54:34,782] {processor.py:170} INFO - Processing /home/jorge/Desktop/MÁSTER/SEGUNDO CURSO/BDFI/practica_docker/env/lib/python3.8/site-packages/airflow/example_dags/tutorial.py took 0.042 seconds
[2025-01-12 13:55:07,547] {processor.py:162} INFO - Started process (PID=282280) to work on /home/jorge/Desktop/MÁSTER/SEGUNDO CURSO/BDFI/practica_docker/env/lib/python3.8/site-packages/airflow/example_dags/tutorial.py
[2025-01-12 13:55:07,548] {processor.py:613} INFO - Processing file /home/jorge/Desktop/MÁSTER/SEGUNDO CURSO/BDFI/practica_docker/env/lib/python3.8/site-packages/airflow/example_dags/tutorial.py for tasks to queue
[2025-01-12 13:55:07,549] {logging_mixin.py:109} INFO - [2025-01-12 13:55:07,548] {dagbag.py:496} INFO - Filling up the DagBag from /home/jorge/Desktop/MÁSTER/SEGUNDO CURSO/BDFI/practica_docker/env/lib/python3.8/site-packages/airflow/example_dags/tutorial.py
[2025-01-12 13:55:07,558] {processor.py:623} INFO - DAG(s) dict_keys(['tutorial']) retrieved from /home/jorge/Desktop/MÁSTER/SEGUNDO CURSO/BDFI/practica_docker/env/lib/python3.8/site-packages/airflow/example_dags/tutorial.py
[2025-01-12 13:55:07,572] {logging_mixin.py:109} INFO - [2025-01-12 13:55:07,572] {dag.py:1834} INFO - Sync 1 DAGs
[2025-01-12 13:55:07,584] {logging_mixin.py:109} INFO - [2025-01-12 13:55:07,584] {dag.py:2287} INFO - Setting next_dagrun for tutorial to 2025-01-10 00:00:00+00:00
[2025-01-12 13:55:07,597] {processor.py:170} INFO - Processing /home/jorge/Desktop/MÁSTER/SEGUNDO CURSO/BDFI/practica_docker/env/lib/python3.8/site-packages/airflow/example_dags/tutorial.py took 0.053 seconds
[2025-01-12 13:55:42,196] {processor.py:162} INFO - Started process (PID=282444) to work on /home/jorge/Desktop/MÁSTER/SEGUNDO CURSO/BDFI/practica_docker/env/lib/python3.8/site-packages/airflow/example_dags/tutorial.py
[2025-01-12 13:55:42,198] {processor.py:613} INFO - Processing file /home/jorge/Desktop/MÁSTER/SEGUNDO CURSO/BDFI/practica_docker/env/lib/python3.8/site-packages/airflow/example_dags/tutorial.py for tasks to queue
[2025-01-12 13:55:42,199] {logging_mixin.py:109} INFO - [2025-01-12 13:55:42,199] {dagbag.py:496} INFO - Filling up the DagBag from /home/jorge/Desktop/MÁSTER/SEGUNDO CURSO/BDFI/practica_docker/env/lib/python3.8/site-packages/airflow/example_dags/tutorial.py
[2025-01-12 13:55:42,208] {processor.py:623} INFO - DAG(s) dict_keys(['tutorial']) retrieved from /home/jorge/Desktop/MÁSTER/SEGUNDO CURSO/BDFI/practica_docker/env/lib/python3.8/site-packages/airflow/example_dags/tutorial.py
[2025-01-12 13:55:42,217] {logging_mixin.py:109} INFO - [2025-01-12 13:55:42,217] {dag.py:1834} INFO - Sync 1 DAGs
[2025-01-12 13:55:42,223] {logging_mixin.py:109} INFO - [2025-01-12 13:55:42,223] {dag.py:2287} INFO - Setting next_dagrun for tutorial to 2025-01-10 00:00:00+00:00
[2025-01-12 13:55:42,232] {processor.py:170} INFO - Processing /home/jorge/Desktop/MÁSTER/SEGUNDO CURSO/BDFI/practica_docker/env/lib/python3.8/site-packages/airflow/example_dags/tutorial.py took 0.039 seconds
[2025-01-12 13:56:17,224] {processor.py:162} INFO - Started process (PID=282809) to work on /home/jorge/Desktop/MÁSTER/SEGUNDO CURSO/BDFI/practica_docker/env/lib/python3.8/site-packages/airflow/example_dags/tutorial.py
[2025-01-12 13:56:17,226] {processor.py:613} INFO - Processing file /home/jorge/Desktop/MÁSTER/SEGUNDO CURSO/BDFI/practica_docker/env/lib/python3.8/site-packages/airflow/example_dags/tutorial.py for tasks to queue
[2025-01-12 13:56:17,227] {logging_mixin.py:109} INFO - [2025-01-12 13:56:17,226] {dagbag.py:496} INFO - Filling up the DagBag from /home/jorge/Desktop/MÁSTER/SEGUNDO CURSO/BDFI/practica_docker/env/lib/python3.8/site-packages/airflow/example_dags/tutorial.py
[2025-01-12 13:56:17,245] {processor.py:623} INFO - DAG(s) dict_keys(['tutorial']) retrieved from /home/jorge/Desktop/MÁSTER/SEGUNDO CURSO/BDFI/practica_docker/env/lib/python3.8/site-packages/airflow/example_dags/tutorial.py
[2025-01-12 13:56:17,264] {logging_mixin.py:109} INFO - [2025-01-12 13:56:17,264] {dag.py:1834} INFO - Sync 1 DAGs
[2025-01-12 13:56:17,278] {logging_mixin.py:109} INFO - [2025-01-12 13:56:17,278] {dag.py:2287} INFO - Setting next_dagrun for tutorial to 2025-01-10 00:00:00+00:00
[2025-01-12 13:56:17,295] {processor.py:170} INFO - Processing /home/jorge/Desktop/MÁSTER/SEGUNDO CURSO/BDFI/practica_docker/env/lib/python3.8/site-packages/airflow/example_dags/tutorial.py took 0.074 seconds
[2025-01-12 13:56:53,898] {processor.py:162} INFO - Started process (PID=283055) to work on /home/jorge/Desktop/MÁSTER/SEGUNDO CURSO/BDFI/practica_docker/env/lib/python3.8/site-packages/airflow/example_dags/tutorial.py
[2025-01-12 13:56:53,900] {processor.py:613} INFO - Processing file /home/jorge/Desktop/MÁSTER/SEGUNDO CURSO/BDFI/practica_docker/env/lib/python3.8/site-packages/airflow/example_dags/tutorial.py for tasks to queue
[2025-01-12 13:56:53,900] {logging_mixin.py:109} INFO - [2025-01-12 13:56:53,900] {dagbag.py:496} INFO - Filling up the DagBag from /home/jorge/Desktop/MÁSTER/SEGUNDO CURSO/BDFI/practica_docker/env/lib/python3.8/site-packages/airflow/example_dags/tutorial.py
[2025-01-12 13:56:53,927] {processor.py:623} INFO - DAG(s) dict_keys(['tutorial']) retrieved from /home/jorge/Desktop/MÁSTER/SEGUNDO CURSO/BDFI/practica_docker/env/lib/python3.8/site-packages/airflow/example_dags/tutorial.py
[2025-01-12 13:56:53,943] {logging_mixin.py:109} INFO - [2025-01-12 13:56:53,943] {dag.py:1834} INFO - Sync 1 DAGs
[2025-01-12 13:56:53,952] {logging_mixin.py:109} INFO - [2025-01-12 13:56:53,952] {dag.py:2287} INFO - Setting next_dagrun for tutorial to 2025-01-10 00:00:00+00:00
[2025-01-12 13:56:53,968] {processor.py:170} INFO - Processing /home/jorge/Desktop/MÁSTER/SEGUNDO CURSO/BDFI/practica_docker/env/lib/python3.8/site-packages/airflow/example_dags/tutorial.py took 0.073 seconds
[2025-01-12 13:57:30,061] {processor.py:162} INFO - Started process (PID=283221) to work on /home/jorge/Desktop/MÁSTER/SEGUNDO CURSO/BDFI/practica_docker/env/lib/python3.8/site-packages/airflow/example_dags/tutorial.py
[2025-01-12 13:57:30,062] {processor.py:613} INFO - Processing file /home/jorge/Desktop/MÁSTER/SEGUNDO CURSO/BDFI/practica_docker/env/lib/python3.8/site-packages/airflow/example_dags/tutorial.py for tasks to queue
[2025-01-12 13:57:30,063] {logging_mixin.py:109} INFO - [2025-01-12 13:57:30,062] {dagbag.py:496} INFO - Filling up the DagBag from /home/jorge/Desktop/MÁSTER/SEGUNDO CURSO/BDFI/practica_docker/env/lib/python3.8/site-packages/airflow/example_dags/tutorial.py
[2025-01-12 13:57:30,071] {processor.py:623} INFO - DAG(s) dict_keys(['tutorial']) retrieved from /home/jorge/Desktop/MÁSTER/SEGUNDO CURSO/BDFI/practica_docker/env/lib/python3.8/site-packages/airflow/example_dags/tutorial.py
[2025-01-12 13:57:30,080] {logging_mixin.py:109} INFO - [2025-01-12 13:57:30,080] {dag.py:1834} INFO - Sync 1 DAGs
[2025-01-12 13:57:30,086] {logging_mixin.py:109} INFO - [2025-01-12 13:57:30,086] {dag.py:2287} INFO - Setting next_dagrun for tutorial to 2025-01-10 00:00:00+00:00
[2025-01-12 13:57:30,098] {processor.py:170} INFO - Processing /home/jorge/Desktop/MÁSTER/SEGUNDO CURSO/BDFI/practica_docker/env/lib/python3.8/site-packages/airflow/example_dags/tutorial.py took 0.040 seconds
[2025-01-12 14:05:53,510] {processor.py:162} INFO - Started process (PID=283661) to work on /home/jorge/Desktop/MÁSTER/SEGUNDO CURSO/BDFI/practica_docker/env/lib/python3.8/site-packages/airflow/example_dags/tutorial.py
[2025-01-12 14:05:53,511] {processor.py:613} INFO - Processing file /home/jorge/Desktop/MÁSTER/SEGUNDO CURSO/BDFI/practica_docker/env/lib/python3.8/site-packages/airflow/example_dags/tutorial.py for tasks to queue
[2025-01-12 14:05:53,511] {logging_mixin.py:109} INFO - [2025-01-12 14:05:53,511] {dagbag.py:496} INFO - Filling up the DagBag from /home/jorge/Desktop/MÁSTER/SEGUNDO CURSO/BDFI/practica_docker/env/lib/python3.8/site-packages/airflow/example_dags/tutorial.py
[2025-01-12 14:05:53,517] {processor.py:623} INFO - DAG(s) dict_keys(['tutorial']) retrieved from /home/jorge/Desktop/MÁSTER/SEGUNDO CURSO/BDFI/practica_docker/env/lib/python3.8/site-packages/airflow/example_dags/tutorial.py
[2025-01-12 14:05:53,524] {logging_mixin.py:109} INFO - [2025-01-12 14:05:53,524] {dag.py:1834} INFO - Sync 1 DAGs
[2025-01-12 14:05:53,529] {logging_mixin.py:109} INFO - [2025-01-12 14:05:53,529] {dag.py:2287} INFO - Setting next_dagrun for tutorial to 2025-01-10 00:00:00+00:00
[2025-01-12 14:05:53,537] {processor.py:170} INFO - Processing /home/jorge/Desktop/MÁSTER/SEGUNDO CURSO/BDFI/practica_docker/env/lib/python3.8/site-packages/airflow/example_dags/tutorial.py took 0.028 seconds
[2025-01-12 14:06:27,177] {processor.py:162} INFO - Started process (PID=283816) to work on /home/jorge/Desktop/MÁSTER/SEGUNDO CURSO/BDFI/practica_docker/env/lib/python3.8/site-packages/airflow/example_dags/tutorial.py
[2025-01-12 14:06:27,178] {processor.py:613} INFO - Processing file /home/jorge/Desktop/MÁSTER/SEGUNDO CURSO/BDFI/practica_docker/env/lib/python3.8/site-packages/airflow/example_dags/tutorial.py for tasks to queue
[2025-01-12 14:06:27,178] {logging_mixin.py:109} INFO - [2025-01-12 14:06:27,178] {dagbag.py:496} INFO - Filling up the DagBag from /home/jorge/Desktop/MÁSTER/SEGUNDO CURSO/BDFI/practica_docker/env/lib/python3.8/site-packages/airflow/example_dags/tutorial.py
[2025-01-12 14:06:27,186] {processor.py:623} INFO - DAG(s) dict_keys(['tutorial']) retrieved from /home/jorge/Desktop/MÁSTER/SEGUNDO CURSO/BDFI/practica_docker/env/lib/python3.8/site-packages/airflow/example_dags/tutorial.py
[2025-01-12 14:06:27,194] {logging_mixin.py:109} INFO - [2025-01-12 14:06:27,194] {dag.py:1834} INFO - Sync 1 DAGs
[2025-01-12 14:06:27,200] {logging_mixin.py:109} INFO - [2025-01-12 14:06:27,200] {dag.py:2287} INFO - Setting next_dagrun for tutorial to 2025-01-10 00:00:00+00:00
[2025-01-12 14:06:27,208] {processor.py:170} INFO - Processing /home/jorge/Desktop/MÁSTER/SEGUNDO CURSO/BDFI/practica_docker/env/lib/python3.8/site-packages/airflow/example_dags/tutorial.py took 0.033 seconds
[2025-01-12 14:06:59,510] {processor.py:162} INFO - Started process (PID=283972) to work on /home/jorge/Desktop/MÁSTER/SEGUNDO CURSO/BDFI/practica_docker/env/lib/python3.8/site-packages/airflow/example_dags/tutorial.py
[2025-01-12 14:06:59,511] {processor.py:613} INFO - Processing file /home/jorge/Desktop/MÁSTER/SEGUNDO CURSO/BDFI/practica_docker/env/lib/python3.8/site-packages/airflow/example_dags/tutorial.py for tasks to queue
[2025-01-12 14:06:59,512] {logging_mixin.py:109} INFO - [2025-01-12 14:06:59,512] {dagbag.py:496} INFO - Filling up the DagBag from /home/jorge/Desktop/MÁSTER/SEGUNDO CURSO/BDFI/practica_docker/env/lib/python3.8/site-packages/airflow/example_dags/tutorial.py
[2025-01-12 14:06:59,521] {processor.py:623} INFO - DAG(s) dict_keys(['tutorial']) retrieved from /home/jorge/Desktop/MÁSTER/SEGUNDO CURSO/BDFI/practica_docker/env/lib/python3.8/site-packages/airflow/example_dags/tutorial.py
[2025-01-12 14:06:59,529] {logging_mixin.py:109} INFO - [2025-01-12 14:06:59,528] {dag.py:1834} INFO - Sync 1 DAGs
[2025-01-12 14:06:59,533] {logging_mixin.py:109} INFO - [2025-01-12 14:06:59,533] {dag.py:2287} INFO - Setting next_dagrun for tutorial to 2025-01-10 00:00:00+00:00
[2025-01-12 14:06:59,540] {processor.py:170} INFO - Processing /home/jorge/Desktop/MÁSTER/SEGUNDO CURSO/BDFI/practica_docker/env/lib/python3.8/site-packages/airflow/example_dags/tutorial.py took 0.032 seconds
[2025-01-12 14:07:32,976] {processor.py:162} INFO - Started process (PID=284111) to work on /home/jorge/Desktop/MÁSTER/SEGUNDO CURSO/BDFI/practica_docker/env/lib/python3.8/site-packages/airflow/example_dags/tutorial.py
[2025-01-12 14:07:32,986] {processor.py:613} INFO - Processing file /home/jorge/Desktop/MÁSTER/SEGUNDO CURSO/BDFI/practica_docker/env/lib/python3.8/site-packages/airflow/example_dags/tutorial.py for tasks to queue
[2025-01-12 14:07:32,987] {logging_mixin.py:109} INFO - [2025-01-12 14:07:32,987] {dagbag.py:496} INFO - Filling up the DagBag from /home/jorge/Desktop/MÁSTER/SEGUNDO CURSO/BDFI/practica_docker/env/lib/python3.8/site-packages/airflow/example_dags/tutorial.py
[2025-01-12 14:07:32,996] {processor.py:623} INFO - DAG(s) dict_keys(['tutorial']) retrieved from /home/jorge/Desktop/MÁSTER/SEGUNDO CURSO/BDFI/practica_docker/env/lib/python3.8/site-packages/airflow/example_dags/tutorial.py
[2025-01-12 14:07:33,006] {logging_mixin.py:109} INFO - [2025-01-12 14:07:33,006] {dag.py:1834} INFO - Sync 1 DAGs
[2025-01-12 14:07:33,011] {logging_mixin.py:109} INFO - [2025-01-12 14:07:33,011] {dag.py:2287} INFO - Setting next_dagrun for tutorial to 2025-01-10 00:00:00+00:00
[2025-01-12 14:07:33,018] {processor.py:170} INFO - Processing /home/jorge/Desktop/MÁSTER/SEGUNDO CURSO/BDFI/practica_docker/env/lib/python3.8/site-packages/airflow/example_dags/tutorial.py took 0.044 seconds
[2025-01-12 14:08:05,551] {processor.py:162} INFO - Started process (PID=284266) to work on /home/jorge/Desktop/MÁSTER/SEGUNDO CURSO/BDFI/practica_docker/env/lib/python3.8/site-packages/airflow/example_dags/tutorial.py
[2025-01-12 14:08:05,558] {processor.py:613} INFO - Processing file /home/jorge/Desktop/MÁSTER/SEGUNDO CURSO/BDFI/practica_docker/env/lib/python3.8/site-packages/airflow/example_dags/tutorial.py for tasks to queue
[2025-01-12 14:08:05,559] {logging_mixin.py:109} INFO - [2025-01-12 14:08:05,559] {dagbag.py:496} INFO - Filling up the DagBag from /home/jorge/Desktop/MÁSTER/SEGUNDO CURSO/BDFI/practica_docker/env/lib/python3.8/site-packages/airflow/example_dags/tutorial.py
[2025-01-12 14:08:05,568] {processor.py:623} INFO - DAG(s) dict_keys(['tutorial']) retrieved from /home/jorge/Desktop/MÁSTER/SEGUNDO CURSO/BDFI/practica_docker/env/lib/python3.8/site-packages/airflow/example_dags/tutorial.py
[2025-01-12 14:08:05,577] {logging_mixin.py:109} INFO - [2025-01-12 14:08:05,577] {dag.py:1834} INFO - Sync 1 DAGs
[2025-01-12 14:08:05,581] {logging_mixin.py:109} INFO - [2025-01-12 14:08:05,581] {dag.py:2287} INFO - Setting next_dagrun for tutorial to 2025-01-10 00:00:00+00:00
[2025-01-12 14:08:05,589] {processor.py:170} INFO - Processing /home/jorge/Desktop/MÁSTER/SEGUNDO CURSO/BDFI/practica_docker/env/lib/python3.8/site-packages/airflow/example_dags/tutorial.py took 0.039 seconds
[2025-01-12 14:08:37,893] {processor.py:162} INFO - Started process (PID=284407) to work on /home/jorge/Desktop/MÁSTER/SEGUNDO CURSO/BDFI/practica_docker/env/lib/python3.8/site-packages/airflow/example_dags/tutorial.py
[2025-01-12 14:08:37,900] {processor.py:613} INFO - Processing file /home/jorge/Desktop/MÁSTER/SEGUNDO CURSO/BDFI/practica_docker/env/lib/python3.8/site-packages/airflow/example_dags/tutorial.py for tasks to queue
[2025-01-12 14:08:37,900] {logging_mixin.py:109} INFO - [2025-01-12 14:08:37,900] {dagbag.py:496} INFO - Filling up the DagBag from /home/jorge/Desktop/MÁSTER/SEGUNDO CURSO/BDFI/practica_docker/env/lib/python3.8/site-packages/airflow/example_dags/tutorial.py
[2025-01-12 14:08:37,910] {processor.py:623} INFO - DAG(s) dict_keys(['tutorial']) retrieved from /home/jorge/Desktop/MÁSTER/SEGUNDO CURSO/BDFI/practica_docker/env/lib/python3.8/site-packages/airflow/example_dags/tutorial.py
[2025-01-12 14:08:37,919] {logging_mixin.py:109} INFO - [2025-01-12 14:08:37,918] {dag.py:1834} INFO - Sync 1 DAGs
[2025-01-12 14:08:37,923] {logging_mixin.py:109} INFO - [2025-01-12 14:08:37,923] {dag.py:2287} INFO - Setting next_dagrun for tutorial to 2025-01-10 00:00:00+00:00
[2025-01-12 14:08:37,931] {processor.py:170} INFO - Processing /home/jorge/Desktop/MÁSTER/SEGUNDO CURSO/BDFI/practica_docker/env/lib/python3.8/site-packages/airflow/example_dags/tutorial.py took 0.039 seconds
[2025-01-12 14:09:11,184] {processor.py:162} INFO - Started process (PID=284562) to work on /home/jorge/Desktop/MÁSTER/SEGUNDO CURSO/BDFI/practica_docker/env/lib/python3.8/site-packages/airflow/example_dags/tutorial.py
[2025-01-12 14:09:11,190] {processor.py:613} INFO - Processing file /home/jorge/Desktop/MÁSTER/SEGUNDO CURSO/BDFI/practica_docker/env/lib/python3.8/site-packages/airflow/example_dags/tutorial.py for tasks to queue
[2025-01-12 14:09:11,191] {logging_mixin.py:109} INFO - [2025-01-12 14:09:11,191] {dagbag.py:496} INFO - Filling up the DagBag from /home/jorge/Desktop/MÁSTER/SEGUNDO CURSO/BDFI/practica_docker/env/lib/python3.8/site-packages/airflow/example_dags/tutorial.py
[2025-01-12 14:09:11,197] {processor.py:623} INFO - DAG(s) dict_keys(['tutorial']) retrieved from /home/jorge/Desktop/MÁSTER/SEGUNDO CURSO/BDFI/practica_docker/env/lib/python3.8/site-packages/airflow/example_dags/tutorial.py
[2025-01-12 14:09:11,204] {logging_mixin.py:109} INFO - [2025-01-12 14:09:11,204] {dag.py:1834} INFO - Sync 1 DAGs
[2025-01-12 14:09:11,208] {logging_mixin.py:109} INFO - [2025-01-12 14:09:11,208] {dag.py:2287} INFO - Setting next_dagrun for tutorial to 2025-01-10 00:00:00+00:00
[2025-01-12 14:09:11,216] {processor.py:170} INFO - Processing /home/jorge/Desktop/MÁSTER/SEGUNDO CURSO/BDFI/practica_docker/env/lib/python3.8/site-packages/airflow/example_dags/tutorial.py took 0.034 seconds
[2025-01-12 14:09:44,915] {processor.py:162} INFO - Started process (PID=284732) to work on /home/jorge/Desktop/MÁSTER/SEGUNDO CURSO/BDFI/practica_docker/env/lib/python3.8/site-packages/airflow/example_dags/tutorial.py
[2025-01-12 14:09:44,917] {processor.py:613} INFO - Processing file /home/jorge/Desktop/MÁSTER/SEGUNDO CURSO/BDFI/practica_docker/env/lib/python3.8/site-packages/airflow/example_dags/tutorial.py for tasks to queue
[2025-01-12 14:09:44,918] {logging_mixin.py:109} INFO - [2025-01-12 14:09:44,918] {dagbag.py:496} INFO - Filling up the DagBag from /home/jorge/Desktop/MÁSTER/SEGUNDO CURSO/BDFI/practica_docker/env/lib/python3.8/site-packages/airflow/example_dags/tutorial.py
[2025-01-12 14:09:44,926] {processor.py:623} INFO - DAG(s) dict_keys(['tutorial']) retrieved from /home/jorge/Desktop/MÁSTER/SEGUNDO CURSO/BDFI/practica_docker/env/lib/python3.8/site-packages/airflow/example_dags/tutorial.py
[2025-01-12 14:09:44,934] {logging_mixin.py:109} INFO - [2025-01-12 14:09:44,934] {dag.py:1834} INFO - Sync 1 DAGs
[2025-01-12 14:09:44,939] {logging_mixin.py:109} INFO - [2025-01-12 14:09:44,939] {dag.py:2287} INFO - Setting next_dagrun for tutorial to 2025-01-10 00:00:00+00:00
[2025-01-12 14:09:44,947] {processor.py:170} INFO - Processing /home/jorge/Desktop/MÁSTER/SEGUNDO CURSO/BDFI/practica_docker/env/lib/python3.8/site-packages/airflow/example_dags/tutorial.py took 0.035 seconds
[2025-01-12 14:10:18,426] {processor.py:162} INFO - Started process (PID=284885) to work on /home/jorge/Desktop/MÁSTER/SEGUNDO CURSO/BDFI/practica_docker/env/lib/python3.8/site-packages/airflow/example_dags/tutorial.py
[2025-01-12 14:10:18,434] {processor.py:613} INFO - Processing file /home/jorge/Desktop/MÁSTER/SEGUNDO CURSO/BDFI/practica_docker/env/lib/python3.8/site-packages/airflow/example_dags/tutorial.py for tasks to queue
[2025-01-12 14:10:18,435] {logging_mixin.py:109} INFO - [2025-01-12 14:10:18,435] {dagbag.py:496} INFO - Filling up the DagBag from /home/jorge/Desktop/MÁSTER/SEGUNDO CURSO/BDFI/practica_docker/env/lib/python3.8/site-packages/airflow/example_dags/tutorial.py
[2025-01-12 14:10:18,443] {processor.py:623} INFO - DAG(s) dict_keys(['tutorial']) retrieved from /home/jorge/Desktop/MÁSTER/SEGUNDO CURSO/BDFI/practica_docker/env/lib/python3.8/site-packages/airflow/example_dags/tutorial.py
[2025-01-12 14:10:18,452] {logging_mixin.py:109} INFO - [2025-01-12 14:10:18,452] {dag.py:1834} INFO - Sync 1 DAGs
[2025-01-12 14:10:18,456] {logging_mixin.py:109} INFO - [2025-01-12 14:10:18,456] {dag.py:2287} INFO - Setting next_dagrun for tutorial to 2025-01-10 00:00:00+00:00
[2025-01-12 14:10:18,464] {processor.py:170} INFO - Processing /home/jorge/Desktop/MÁSTER/SEGUNDO CURSO/BDFI/practica_docker/env/lib/python3.8/site-packages/airflow/example_dags/tutorial.py took 0.041 seconds
[2025-01-12 14:10:54,721] {processor.py:162} INFO - Started process (PID=285097) to work on /home/jorge/Desktop/MÁSTER/SEGUNDO CURSO/BDFI/practica_docker/env/lib/python3.8/site-packages/airflow/example_dags/tutorial.py
[2025-01-12 14:10:54,723] {processor.py:613} INFO - Processing file /home/jorge/Desktop/MÁSTER/SEGUNDO CURSO/BDFI/practica_docker/env/lib/python3.8/site-packages/airflow/example_dags/tutorial.py for tasks to queue
[2025-01-12 14:10:54,723] {logging_mixin.py:109} INFO - [2025-01-12 14:10:54,723] {dagbag.py:496} INFO - Filling up the DagBag from /home/jorge/Desktop/MÁSTER/SEGUNDO CURSO/BDFI/practica_docker/env/lib/python3.8/site-packages/airflow/example_dags/tutorial.py
[2025-01-12 14:10:54,730] {processor.py:623} INFO - DAG(s) dict_keys(['tutorial']) retrieved from /home/jorge/Desktop/MÁSTER/SEGUNDO CURSO/BDFI/practica_docker/env/lib/python3.8/site-packages/airflow/example_dags/tutorial.py
[2025-01-12 14:10:54,740] {logging_mixin.py:109} INFO - [2025-01-12 14:10:54,740] {dag.py:1834} INFO - Sync 1 DAGs
[2025-01-12 14:10:54,746] {logging_mixin.py:109} INFO - [2025-01-12 14:10:54,746] {dag.py:2287} INFO - Setting next_dagrun for tutorial to 2025-01-10 00:00:00+00:00
[2025-01-12 14:10:54,755] {processor.py:170} INFO - Processing /home/jorge/Desktop/MÁSTER/SEGUNDO CURSO/BDFI/practica_docker/env/lib/python3.8/site-packages/airflow/example_dags/tutorial.py took 0.035 seconds
[2025-01-12 14:11:28,555] {processor.py:162} INFO - Started process (PID=285347) to work on /home/jorge/Desktop/MÁSTER/SEGUNDO CURSO/BDFI/practica_docker/env/lib/python3.8/site-packages/airflow/example_dags/tutorial.py
[2025-01-12 14:11:28,556] {processor.py:613} INFO - Processing file /home/jorge/Desktop/MÁSTER/SEGUNDO CURSO/BDFI/practica_docker/env/lib/python3.8/site-packages/airflow/example_dags/tutorial.py for tasks to queue
[2025-01-12 14:11:28,557] {logging_mixin.py:109} INFO - [2025-01-12 14:11:28,557] {dagbag.py:496} INFO - Filling up the DagBag from /home/jorge/Desktop/MÁSTER/SEGUNDO CURSO/BDFI/practica_docker/env/lib/python3.8/site-packages/airflow/example_dags/tutorial.py
[2025-01-12 14:11:28,562] {processor.py:623} INFO - DAG(s) dict_keys(['tutorial']) retrieved from /home/jorge/Desktop/MÁSTER/SEGUNDO CURSO/BDFI/practica_docker/env/lib/python3.8/site-packages/airflow/example_dags/tutorial.py
[2025-01-12 14:11:28,572] {logging_mixin.py:109} INFO - [2025-01-12 14:11:28,572] {dag.py:1834} INFO - Sync 1 DAGs
[2025-01-12 14:11:28,578] {logging_mixin.py:109} INFO - [2025-01-12 14:11:28,578] {dag.py:2287} INFO - Setting next_dagrun for tutorial to 2025-01-10 00:00:00+00:00
[2025-01-12 14:11:28,587] {processor.py:170} INFO - Processing /home/jorge/Desktop/MÁSTER/SEGUNDO CURSO/BDFI/practica_docker/env/lib/python3.8/site-packages/airflow/example_dags/tutorial.py took 0.033 seconds
[2025-01-12 14:12:02,506] {processor.py:162} INFO - Started process (PID=285505) to work on /home/jorge/Desktop/MÁSTER/SEGUNDO CURSO/BDFI/practica_docker/env/lib/python3.8/site-packages/airflow/example_dags/tutorial.py
[2025-01-12 14:12:02,512] {processor.py:613} INFO - Processing file /home/jorge/Desktop/MÁSTER/SEGUNDO CURSO/BDFI/practica_docker/env/lib/python3.8/site-packages/airflow/example_dags/tutorial.py for tasks to queue
[2025-01-12 14:12:02,513] {logging_mixin.py:109} INFO - [2025-01-12 14:12:02,513] {dagbag.py:496} INFO - Filling up the DagBag from /home/jorge/Desktop/MÁSTER/SEGUNDO CURSO/BDFI/practica_docker/env/lib/python3.8/site-packages/airflow/example_dags/tutorial.py
[2025-01-12 14:12:02,519] {processor.py:623} INFO - DAG(s) dict_keys(['tutorial']) retrieved from /home/jorge/Desktop/MÁSTER/SEGUNDO CURSO/BDFI/practica_docker/env/lib/python3.8/site-packages/airflow/example_dags/tutorial.py
[2025-01-12 14:12:02,529] {logging_mixin.py:109} INFO - [2025-01-12 14:12:02,529] {dag.py:1834} INFO - Sync 1 DAGs
[2025-01-12 14:12:02,535] {logging_mixin.py:109} INFO - [2025-01-12 14:12:02,534] {dag.py:2287} INFO - Setting next_dagrun for tutorial to 2025-01-10 00:00:00+00:00
[2025-01-12 14:12:02,547] {processor.py:170} INFO - Processing /home/jorge/Desktop/MÁSTER/SEGUNDO CURSO/BDFI/practica_docker/env/lib/python3.8/site-packages/airflow/example_dags/tutorial.py took 0.043 seconds
[2025-01-12 14:12:35,668] {processor.py:162} INFO - Started process (PID=285646) to work on /home/jorge/Desktop/MÁSTER/SEGUNDO CURSO/BDFI/practica_docker/env/lib/python3.8/site-packages/airflow/example_dags/tutorial.py
[2025-01-12 14:12:35,675] {processor.py:613} INFO - Processing file /home/jorge/Desktop/MÁSTER/SEGUNDO CURSO/BDFI/practica_docker/env/lib/python3.8/site-packages/airflow/example_dags/tutorial.py for tasks to queue
[2025-01-12 14:12:35,676] {logging_mixin.py:109} INFO - [2025-01-12 14:12:35,676] {dagbag.py:496} INFO - Filling up the DagBag from /home/jorge/Desktop/MÁSTER/SEGUNDO CURSO/BDFI/practica_docker/env/lib/python3.8/site-packages/airflow/example_dags/tutorial.py
[2025-01-12 14:12:35,684] {processor.py:623} INFO - DAG(s) dict_keys(['tutorial']) retrieved from /home/jorge/Desktop/MÁSTER/SEGUNDO CURSO/BDFI/practica_docker/env/lib/python3.8/site-packages/airflow/example_dags/tutorial.py
[2025-01-12 14:12:35,693] {logging_mixin.py:109} INFO - [2025-01-12 14:12:35,693] {dag.py:1834} INFO - Sync 1 DAGs
[2025-01-12 14:12:35,697] {logging_mixin.py:109} INFO - [2025-01-12 14:12:35,697] {dag.py:2287} INFO - Setting next_dagrun for tutorial to 2025-01-10 00:00:00+00:00
[2025-01-12 14:12:35,705] {processor.py:170} INFO - Processing /home/jorge/Desktop/MÁSTER/SEGUNDO CURSO/BDFI/practica_docker/env/lib/python3.8/site-packages/airflow/example_dags/tutorial.py took 0.041 seconds
[2025-01-12 14:13:09,628] {processor.py:162} INFO - Started process (PID=285800) to work on /home/jorge/Desktop/MÁSTER/SEGUNDO CURSO/BDFI/practica_docker/env/lib/python3.8/site-packages/airflow/example_dags/tutorial.py
[2025-01-12 14:13:09,630] {processor.py:613} INFO - Processing file /home/jorge/Desktop/MÁSTER/SEGUNDO CURSO/BDFI/practica_docker/env/lib/python3.8/site-packages/airflow/example_dags/tutorial.py for tasks to queue
[2025-01-12 14:13:09,631] {logging_mixin.py:109} INFO - [2025-01-12 14:13:09,631] {dagbag.py:496} INFO - Filling up the DagBag from /home/jorge/Desktop/MÁSTER/SEGUNDO CURSO/BDFI/practica_docker/env/lib/python3.8/site-packages/airflow/example_dags/tutorial.py
[2025-01-12 14:13:09,640] {processor.py:623} INFO - DAG(s) dict_keys(['tutorial']) retrieved from /home/jorge/Desktop/MÁSTER/SEGUNDO CURSO/BDFI/practica_docker/env/lib/python3.8/site-packages/airflow/example_dags/tutorial.py
[2025-01-12 14:13:09,650] {logging_mixin.py:109} INFO - [2025-01-12 14:13:09,650] {dag.py:1834} INFO - Sync 1 DAGs
[2025-01-12 14:13:09,658] {logging_mixin.py:109} INFO - [2025-01-12 14:13:09,657] {dag.py:2287} INFO - Setting next_dagrun for tutorial to 2025-01-10 00:00:00+00:00
[2025-01-12 14:13:09,667] {processor.py:170} INFO - Processing /home/jorge/Desktop/MÁSTER/SEGUNDO CURSO/BDFI/practica_docker/env/lib/python3.8/site-packages/airflow/example_dags/tutorial.py took 0.042 seconds
[2025-01-12 14:13:42,277] {processor.py:162} INFO - Started process (PID=285965) to work on /home/jorge/Desktop/MÁSTER/SEGUNDO CURSO/BDFI/practica_docker/env/lib/python3.8/site-packages/airflow/example_dags/tutorial.py
[2025-01-12 14:13:42,278] {processor.py:613} INFO - Processing file /home/jorge/Desktop/MÁSTER/SEGUNDO CURSO/BDFI/practica_docker/env/lib/python3.8/site-packages/airflow/example_dags/tutorial.py for tasks to queue
[2025-01-12 14:13:42,279] {logging_mixin.py:109} INFO - [2025-01-12 14:13:42,279] {dagbag.py:496} INFO - Filling up the DagBag from /home/jorge/Desktop/MÁSTER/SEGUNDO CURSO/BDFI/practica_docker/env/lib/python3.8/site-packages/airflow/example_dags/tutorial.py
[2025-01-12 14:13:42,286] {processor.py:623} INFO - DAG(s) dict_keys(['tutorial']) retrieved from /home/jorge/Desktop/MÁSTER/SEGUNDO CURSO/BDFI/practica_docker/env/lib/python3.8/site-packages/airflow/example_dags/tutorial.py
[2025-01-12 14:13:42,297] {logging_mixin.py:109} INFO - [2025-01-12 14:13:42,297] {dag.py:1834} INFO - Sync 1 DAGs
[2025-01-12 14:13:42,303] {logging_mixin.py:109} INFO - [2025-01-12 14:13:42,303] {dag.py:2287} INFO - Setting next_dagrun for tutorial to 2025-01-10 00:00:00+00:00
[2025-01-12 14:13:42,312] {processor.py:170} INFO - Processing /home/jorge/Desktop/MÁSTER/SEGUNDO CURSO/BDFI/practica_docker/env/lib/python3.8/site-packages/airflow/example_dags/tutorial.py took 0.037 seconds
[2025-01-12 14:14:14,350] {processor.py:162} INFO - Started process (PID=286113) to work on /home/jorge/Desktop/MÁSTER/SEGUNDO CURSO/BDFI/practica_docker/env/lib/python3.8/site-packages/airflow/example_dags/tutorial.py
[2025-01-12 14:14:14,351] {processor.py:613} INFO - Processing file /home/jorge/Desktop/MÁSTER/SEGUNDO CURSO/BDFI/practica_docker/env/lib/python3.8/site-packages/airflow/example_dags/tutorial.py for tasks to queue
[2025-01-12 14:14:14,352] {logging_mixin.py:109} INFO - [2025-01-12 14:14:14,351] {dagbag.py:496} INFO - Filling up the DagBag from /home/jorge/Desktop/MÁSTER/SEGUNDO CURSO/BDFI/practica_docker/env/lib/python3.8/site-packages/airflow/example_dags/tutorial.py
[2025-01-12 14:14:14,360] {processor.py:623} INFO - DAG(s) dict_keys(['tutorial']) retrieved from /home/jorge/Desktop/MÁSTER/SEGUNDO CURSO/BDFI/practica_docker/env/lib/python3.8/site-packages/airflow/example_dags/tutorial.py
[2025-01-12 14:14:14,371] {logging_mixin.py:109} INFO - [2025-01-12 14:14:14,371] {dag.py:1834} INFO - Sync 1 DAGs
[2025-01-12 14:14:14,377] {logging_mixin.py:109} INFO - [2025-01-12 14:14:14,377] {dag.py:2287} INFO - Setting next_dagrun for tutorial to 2025-01-10 00:00:00+00:00
[2025-01-12 14:14:14,386] {processor.py:170} INFO - Processing /home/jorge/Desktop/MÁSTER/SEGUNDO CURSO/BDFI/practica_docker/env/lib/python3.8/site-packages/airflow/example_dags/tutorial.py took 0.038 seconds
[2025-01-12 14:14:48,029] {processor.py:162} INFO - Started process (PID=286284) to work on /home/jorge/Desktop/MÁSTER/SEGUNDO CURSO/BDFI/practica_docker/env/lib/python3.8/site-packages/airflow/example_dags/tutorial.py
[2025-01-12 14:14:48,031] {processor.py:613} INFO - Processing file /home/jorge/Desktop/MÁSTER/SEGUNDO CURSO/BDFI/practica_docker/env/lib/python3.8/site-packages/airflow/example_dags/tutorial.py for tasks to queue
[2025-01-12 14:14:48,032] {logging_mixin.py:109} INFO - [2025-01-12 14:14:48,031] {dagbag.py:496} INFO - Filling up the DagBag from /home/jorge/Desktop/MÁSTER/SEGUNDO CURSO/BDFI/practica_docker/env/lib/python3.8/site-packages/airflow/example_dags/tutorial.py
[2025-01-12 14:14:48,040] {processor.py:623} INFO - DAG(s) dict_keys(['tutorial']) retrieved from /home/jorge/Desktop/MÁSTER/SEGUNDO CURSO/BDFI/practica_docker/env/lib/python3.8/site-packages/airflow/example_dags/tutorial.py
[2025-01-12 14:14:48,050] {logging_mixin.py:109} INFO - [2025-01-12 14:14:48,050] {dag.py:1834} INFO - Sync 1 DAGs
[2025-01-12 14:14:48,055] {logging_mixin.py:109} INFO - [2025-01-12 14:14:48,055] {dag.py:2287} INFO - Setting next_dagrun for tutorial to 2025-01-10 00:00:00+00:00
[2025-01-12 14:14:48,063] {processor.py:170} INFO - Processing /home/jorge/Desktop/MÁSTER/SEGUNDO CURSO/BDFI/practica_docker/env/lib/python3.8/site-packages/airflow/example_dags/tutorial.py took 0.038 seconds
[2025-01-12 14:15:20,325] {processor.py:162} INFO - Started process (PID=286686) to work on /home/jorge/Desktop/MÁSTER/SEGUNDO CURSO/BDFI/practica_docker/env/lib/python3.8/site-packages/airflow/example_dags/tutorial.py
[2025-01-12 14:15:20,327] {processor.py:613} INFO - Processing file /home/jorge/Desktop/MÁSTER/SEGUNDO CURSO/BDFI/practica_docker/env/lib/python3.8/site-packages/airflow/example_dags/tutorial.py for tasks to queue
[2025-01-12 14:15:20,327] {logging_mixin.py:109} INFO - [2025-01-12 14:15:20,327] {dagbag.py:496} INFO - Filling up the DagBag from /home/jorge/Desktop/MÁSTER/SEGUNDO CURSO/BDFI/practica_docker/env/lib/python3.8/site-packages/airflow/example_dags/tutorial.py
[2025-01-12 14:15:20,331] {processor.py:623} INFO - DAG(s) dict_keys(['tutorial']) retrieved from /home/jorge/Desktop/MÁSTER/SEGUNDO CURSO/BDFI/practica_docker/env/lib/python3.8/site-packages/airflow/example_dags/tutorial.py
[2025-01-12 14:15:20,340] {logging_mixin.py:109} INFO - [2025-01-12 14:15:20,340] {dag.py:1834} INFO - Sync 1 DAGs
[2025-01-12 14:15:20,345] {logging_mixin.py:109} INFO - [2025-01-12 14:15:20,345] {dag.py:2287} INFO - Setting next_dagrun for tutorial to 2025-01-10 00:00:00+00:00
[2025-01-12 14:15:20,353] {processor.py:170} INFO - Processing /home/jorge/Desktop/MÁSTER/SEGUNDO CURSO/BDFI/practica_docker/env/lib/python3.8/site-packages/airflow/example_dags/tutorial.py took 0.029 seconds
[2025-01-12 14:16:04,637] {processor.py:162} INFO - Started process (PID=289796) to work on /home/jorge/Desktop/MÁSTER/SEGUNDO CURSO/BDFI/practica_docker/env/lib/python3.8/site-packages/airflow/example_dags/tutorial.py
[2025-01-12 14:16:04,638] {processor.py:613} INFO - Processing file /home/jorge/Desktop/MÁSTER/SEGUNDO CURSO/BDFI/practica_docker/env/lib/python3.8/site-packages/airflow/example_dags/tutorial.py for tasks to queue
[2025-01-12 14:16:04,639] {logging_mixin.py:109} INFO - [2025-01-12 14:16:04,639] {dagbag.py:496} INFO - Filling up the DagBag from /home/jorge/Desktop/MÁSTER/SEGUNDO CURSO/BDFI/practica_docker/env/lib/python3.8/site-packages/airflow/example_dags/tutorial.py
[2025-01-12 14:16:04,645] {processor.py:623} INFO - DAG(s) dict_keys(['tutorial']) retrieved from /home/jorge/Desktop/MÁSTER/SEGUNDO CURSO/BDFI/practica_docker/env/lib/python3.8/site-packages/airflow/example_dags/tutorial.py
[2025-01-12 14:16:04,656] {logging_mixin.py:109} INFO - [2025-01-12 14:16:04,656] {dag.py:1834} INFO - Sync 1 DAGs
[2025-01-12 14:16:04,664] {logging_mixin.py:109} INFO - [2025-01-12 14:16:04,664] {dag.py:2287} INFO - Setting next_dagrun for tutorial to 2025-01-10 00:00:00+00:00
[2025-01-12 14:16:04,676] {processor.py:170} INFO - Processing /home/jorge/Desktop/MÁSTER/SEGUNDO CURSO/BDFI/practica_docker/env/lib/python3.8/site-packages/airflow/example_dags/tutorial.py took 0.042 seconds
[2025-01-12 14:16:40,341] {processor.py:162} INFO - Started process (PID=290190) to work on /home/jorge/Desktop/MÁSTER/SEGUNDO CURSO/BDFI/practica_docker/env/lib/python3.8/site-packages/airflow/example_dags/tutorial.py
[2025-01-12 14:16:40,342] {processor.py:613} INFO - Processing file /home/jorge/Desktop/MÁSTER/SEGUNDO CURSO/BDFI/practica_docker/env/lib/python3.8/site-packages/airflow/example_dags/tutorial.py for tasks to queue
[2025-01-12 14:16:40,343] {logging_mixin.py:109} INFO - [2025-01-12 14:16:40,343] {dagbag.py:496} INFO - Filling up the DagBag from /home/jorge/Desktop/MÁSTER/SEGUNDO CURSO/BDFI/practica_docker/env/lib/python3.8/site-packages/airflow/example_dags/tutorial.py
[2025-01-12 14:16:40,348] {processor.py:623} INFO - DAG(s) dict_keys(['tutorial']) retrieved from /home/jorge/Desktop/MÁSTER/SEGUNDO CURSO/BDFI/practica_docker/env/lib/python3.8/site-packages/airflow/example_dags/tutorial.py
[2025-01-12 14:16:40,357] {logging_mixin.py:109} INFO - [2025-01-12 14:16:40,357] {dag.py:1834} INFO - Sync 1 DAGs
[2025-01-12 14:16:40,362] {logging_mixin.py:109} INFO - [2025-01-12 14:16:40,362] {dag.py:2287} INFO - Setting next_dagrun for tutorial to 2025-01-10 00:00:00+00:00
[2025-01-12 14:16:40,371] {processor.py:170} INFO - Processing /home/jorge/Desktop/MÁSTER/SEGUNDO CURSO/BDFI/practica_docker/env/lib/python3.8/site-packages/airflow/example_dags/tutorial.py took 0.031 seconds
[2025-01-12 14:17:15,397] {processor.py:162} INFO - Started process (PID=290917) to work on /home/jorge/Desktop/MÁSTER/SEGUNDO CURSO/BDFI/practica_docker/env/lib/python3.8/site-packages/airflow/example_dags/tutorial.py
[2025-01-12 14:17:15,399] {processor.py:613} INFO - Processing file /home/jorge/Desktop/MÁSTER/SEGUNDO CURSO/BDFI/practica_docker/env/lib/python3.8/site-packages/airflow/example_dags/tutorial.py for tasks to queue
[2025-01-12 14:17:15,400] {logging_mixin.py:109} INFO - [2025-01-12 14:17:15,400] {dagbag.py:496} INFO - Filling up the DagBag from /home/jorge/Desktop/MÁSTER/SEGUNDO CURSO/BDFI/practica_docker/env/lib/python3.8/site-packages/airflow/example_dags/tutorial.py
[2025-01-12 14:17:15,405] {processor.py:623} INFO - DAG(s) dict_keys(['tutorial']) retrieved from /home/jorge/Desktop/MÁSTER/SEGUNDO CURSO/BDFI/practica_docker/env/lib/python3.8/site-packages/airflow/example_dags/tutorial.py
[2025-01-12 14:17:15,415] {logging_mixin.py:109} INFO - [2025-01-12 14:17:15,415] {dag.py:1834} INFO - Sync 1 DAGs
[2025-01-12 14:17:15,420] {logging_mixin.py:109} INFO - [2025-01-12 14:17:15,420] {dag.py:2287} INFO - Setting next_dagrun for tutorial to 2025-01-10 00:00:00+00:00
[2025-01-12 14:17:15,428] {processor.py:170} INFO - Processing /home/jorge/Desktop/MÁSTER/SEGUNDO CURSO/BDFI/practica_docker/env/lib/python3.8/site-packages/airflow/example_dags/tutorial.py took 0.035 seconds
[2025-01-12 14:17:48,853] {processor.py:162} INFO - Started process (PID=291082) to work on /home/jorge/Desktop/MÁSTER/SEGUNDO CURSO/BDFI/practica_docker/env/lib/python3.8/site-packages/airflow/example_dags/tutorial.py
[2025-01-12 14:17:48,854] {processor.py:613} INFO - Processing file /home/jorge/Desktop/MÁSTER/SEGUNDO CURSO/BDFI/practica_docker/env/lib/python3.8/site-packages/airflow/example_dags/tutorial.py for tasks to queue
[2025-01-12 14:17:48,855] {logging_mixin.py:109} INFO - [2025-01-12 14:17:48,855] {dagbag.py:496} INFO - Filling up the DagBag from /home/jorge/Desktop/MÁSTER/SEGUNDO CURSO/BDFI/practica_docker/env/lib/python3.8/site-packages/airflow/example_dags/tutorial.py
[2025-01-12 14:17:48,862] {processor.py:623} INFO - DAG(s) dict_keys(['tutorial']) retrieved from /home/jorge/Desktop/MÁSTER/SEGUNDO CURSO/BDFI/practica_docker/env/lib/python3.8/site-packages/airflow/example_dags/tutorial.py
[2025-01-12 14:17:48,873] {logging_mixin.py:109} INFO - [2025-01-12 14:17:48,873] {dag.py:1834} INFO - Sync 1 DAGs
[2025-01-12 14:17:48,881] {logging_mixin.py:109} INFO - [2025-01-12 14:17:48,881] {dag.py:2287} INFO - Setting next_dagrun for tutorial to 2025-01-10 00:00:00+00:00
[2025-01-12 14:17:48,891] {processor.py:170} INFO - Processing /home/jorge/Desktop/MÁSTER/SEGUNDO CURSO/BDFI/practica_docker/env/lib/python3.8/site-packages/airflow/example_dags/tutorial.py took 0.041 seconds
[2025-01-12 14:18:21,579] {processor.py:162} INFO - Started process (PID=291232) to work on /home/jorge/Desktop/MÁSTER/SEGUNDO CURSO/BDFI/practica_docker/env/lib/python3.8/site-packages/airflow/example_dags/tutorial.py
[2025-01-12 14:18:21,581] {processor.py:613} INFO - Processing file /home/jorge/Desktop/MÁSTER/SEGUNDO CURSO/BDFI/practica_docker/env/lib/python3.8/site-packages/airflow/example_dags/tutorial.py for tasks to queue
[2025-01-12 14:18:21,582] {logging_mixin.py:109} INFO - [2025-01-12 14:18:21,581] {dagbag.py:496} INFO - Filling up the DagBag from /home/jorge/Desktop/MÁSTER/SEGUNDO CURSO/BDFI/practica_docker/env/lib/python3.8/site-packages/airflow/example_dags/tutorial.py
[2025-01-12 14:18:21,589] {processor.py:623} INFO - DAG(s) dict_keys(['tutorial']) retrieved from /home/jorge/Desktop/MÁSTER/SEGUNDO CURSO/BDFI/practica_docker/env/lib/python3.8/site-packages/airflow/example_dags/tutorial.py
[2025-01-12 14:18:21,599] {logging_mixin.py:109} INFO - [2025-01-12 14:18:21,599] {dag.py:1834} INFO - Sync 1 DAGs
[2025-01-12 14:18:21,604] {logging_mixin.py:109} INFO - [2025-01-12 14:18:21,604] {dag.py:2287} INFO - Setting next_dagrun for tutorial to 2025-01-10 00:00:00+00:00
[2025-01-12 14:18:21,616] {processor.py:170} INFO - Processing /home/jorge/Desktop/MÁSTER/SEGUNDO CURSO/BDFI/practica_docker/env/lib/python3.8/site-packages/airflow/example_dags/tutorial.py took 0.040 seconds
[2025-01-12 14:18:55,040] {processor.py:162} INFO - Started process (PID=291817) to work on /home/jorge/Desktop/MÁSTER/SEGUNDO CURSO/BDFI/practica_docker/env/lib/python3.8/site-packages/airflow/example_dags/tutorial.py
[2025-01-12 14:18:55,041] {processor.py:613} INFO - Processing file /home/jorge/Desktop/MÁSTER/SEGUNDO CURSO/BDFI/practica_docker/env/lib/python3.8/site-packages/airflow/example_dags/tutorial.py for tasks to queue
[2025-01-12 14:18:55,042] {logging_mixin.py:109} INFO - [2025-01-12 14:18:55,041] {dagbag.py:496} INFO - Filling up the DagBag from /home/jorge/Desktop/MÁSTER/SEGUNDO CURSO/BDFI/practica_docker/env/lib/python3.8/site-packages/airflow/example_dags/tutorial.py
[2025-01-12 14:18:55,048] {processor.py:623} INFO - DAG(s) dict_keys(['tutorial']) retrieved from /home/jorge/Desktop/MÁSTER/SEGUNDO CURSO/BDFI/practica_docker/env/lib/python3.8/site-packages/airflow/example_dags/tutorial.py
[2025-01-12 14:18:55,058] {logging_mixin.py:109} INFO - [2025-01-12 14:18:55,058] {dag.py:1834} INFO - Sync 1 DAGs
[2025-01-12 14:18:55,064] {logging_mixin.py:109} INFO - [2025-01-12 14:18:55,064] {dag.py:2287} INFO - Setting next_dagrun for tutorial to 2025-01-10 00:00:00+00:00
[2025-01-12 14:18:55,073] {processor.py:170} INFO - Processing /home/jorge/Desktop/MÁSTER/SEGUNDO CURSO/BDFI/practica_docker/env/lib/python3.8/site-packages/airflow/example_dags/tutorial.py took 0.036 seconds
[2025-01-12 14:19:29,996] {processor.py:162} INFO - Started process (PID=292552) to work on /home/jorge/Desktop/MÁSTER/SEGUNDO CURSO/BDFI/practica_docker/env/lib/python3.8/site-packages/airflow/example_dags/tutorial.py
[2025-01-12 14:19:29,998] {processor.py:613} INFO - Processing file /home/jorge/Desktop/MÁSTER/SEGUNDO CURSO/BDFI/practica_docker/env/lib/python3.8/site-packages/airflow/example_dags/tutorial.py for tasks to queue
[2025-01-12 14:19:29,999] {logging_mixin.py:109} INFO - [2025-01-12 14:19:29,999] {dagbag.py:496} INFO - Filling up the DagBag from /home/jorge/Desktop/MÁSTER/SEGUNDO CURSO/BDFI/practica_docker/env/lib/python3.8/site-packages/airflow/example_dags/tutorial.py
[2025-01-12 14:19:30,013] {processor.py:623} INFO - DAG(s) dict_keys(['tutorial']) retrieved from /home/jorge/Desktop/MÁSTER/SEGUNDO CURSO/BDFI/practica_docker/env/lib/python3.8/site-packages/airflow/example_dags/tutorial.py
[2025-01-12 14:19:30,043] {logging_mixin.py:109} INFO - [2025-01-12 14:19:30,043] {dag.py:1834} INFO - Sync 1 DAGs
[2025-01-12 14:19:30,066] {logging_mixin.py:109} INFO - [2025-01-12 14:19:30,065] {dag.py:2287} INFO - Setting next_dagrun for tutorial to 2025-01-10 00:00:00+00:00
[2025-01-12 14:19:30,094] {processor.py:170} INFO - Processing /home/jorge/Desktop/MÁSTER/SEGUNDO CURSO/BDFI/practica_docker/env/lib/python3.8/site-packages/airflow/example_dags/tutorial.py took 0.102 seconds
[2025-01-12 14:20:04,579] {processor.py:162} INFO - Started process (PID=293121) to work on /home/jorge/Desktop/MÁSTER/SEGUNDO CURSO/BDFI/practica_docker/env/lib/python3.8/site-packages/airflow/example_dags/tutorial.py
[2025-01-12 14:20:04,580] {processor.py:613} INFO - Processing file /home/jorge/Desktop/MÁSTER/SEGUNDO CURSO/BDFI/practica_docker/env/lib/python3.8/site-packages/airflow/example_dags/tutorial.py for tasks to queue
[2025-01-12 14:20:04,581] {logging_mixin.py:109} INFO - [2025-01-12 14:20:04,581] {dagbag.py:496} INFO - Filling up the DagBag from /home/jorge/Desktop/MÁSTER/SEGUNDO CURSO/BDFI/practica_docker/env/lib/python3.8/site-packages/airflow/example_dags/tutorial.py
[2025-01-12 14:20:04,587] {processor.py:623} INFO - DAG(s) dict_keys(['tutorial']) retrieved from /home/jorge/Desktop/MÁSTER/SEGUNDO CURSO/BDFI/practica_docker/env/lib/python3.8/site-packages/airflow/example_dags/tutorial.py
[2025-01-12 14:20:04,597] {logging_mixin.py:109} INFO - [2025-01-12 14:20:04,597] {dag.py:1834} INFO - Sync 1 DAGs
[2025-01-12 14:20:04,603] {logging_mixin.py:109} INFO - [2025-01-12 14:20:04,603] {dag.py:2287} INFO - Setting next_dagrun for tutorial to 2025-01-10 00:00:00+00:00
[2025-01-12 14:20:04,611] {processor.py:170} INFO - Processing /home/jorge/Desktop/MÁSTER/SEGUNDO CURSO/BDFI/practica_docker/env/lib/python3.8/site-packages/airflow/example_dags/tutorial.py took 0.035 seconds
[2025-01-12 14:20:41,615] {processor.py:162} INFO - Started process (PID=293271) to work on /home/jorge/Desktop/MÁSTER/SEGUNDO CURSO/BDFI/practica_docker/env/lib/python3.8/site-packages/airflow/example_dags/tutorial.py
[2025-01-12 14:20:41,619] {processor.py:613} INFO - Processing file /home/jorge/Desktop/MÁSTER/SEGUNDO CURSO/BDFI/practica_docker/env/lib/python3.8/site-packages/airflow/example_dags/tutorial.py for tasks to queue
[2025-01-12 14:20:41,620] {logging_mixin.py:109} INFO - [2025-01-12 14:20:41,620] {dagbag.py:496} INFO - Filling up the DagBag from /home/jorge/Desktop/MÁSTER/SEGUNDO CURSO/BDFI/practica_docker/env/lib/python3.8/site-packages/airflow/example_dags/tutorial.py
[2025-01-12 14:20:41,650] {processor.py:623} INFO - DAG(s) dict_keys(['tutorial']) retrieved from /home/jorge/Desktop/MÁSTER/SEGUNDO CURSO/BDFI/practica_docker/env/lib/python3.8/site-packages/airflow/example_dags/tutorial.py
[2025-01-12 14:20:41,689] {logging_mixin.py:109} INFO - [2025-01-12 14:20:41,689] {dag.py:1834} INFO - Sync 1 DAGs
[2025-01-12 14:20:41,715] {logging_mixin.py:109} INFO - [2025-01-12 14:20:41,715] {dag.py:2287} INFO - Setting next_dagrun for tutorial to 2025-01-10 00:00:00+00:00
[2025-01-12 14:20:41,752] {processor.py:170} INFO - Processing /home/jorge/Desktop/MÁSTER/SEGUNDO CURSO/BDFI/practica_docker/env/lib/python3.8/site-packages/airflow/example_dags/tutorial.py took 0.141 seconds
